
======================================================================
ARM Graviton Re-run: High-CV Configs (CV > 20%)
======================================================================
Configs       : ['c7g_large_serial_h264', 'c7g_large_horizontal_vp9', 'm7g_large_horizontal_vp9', 'm7g_large_horizontal_h264']
Total runs    : 120 (30 serial + 90 horizontal)
Total launches: ~930 instances
Peak vCPUs    : ~120 (limit: 380)
Horiz concurr.: 1 runs/config
Log dir       : /home/breno/doutorado/ec2sweetspot_noms2/artifacts2/phase3_scaling/arm_rerun_highcv_logs
======================================================================


[22:29:27.385] >>> Starting config: c7g_large_serial_h264 (30 runs)

[22:29:27.385] >>> Starting config: c7g_large_horizontal_vp9 (30 runs)

[22:29:27.386] >>> Starting config: m7g_large_horizontal_vp9 (30 runs)

[22:29:27.386] >>> Starting config: m7g_large_horizontal_h264 (30 runs)
  [c7g_large_serial_h264] Running 4 (skipping 26 existing)
  [m7g_large_horizontal_h264] Running 2 (skipping 28 existing)
  [m7g_large_horizontal_vp9] Running 2 (skipping 28 existing)
[22:29:27.423] [m7g.large-Horiz-libvpx-vp9-R01] === Horizontal m7g.large libvpx-vp9 Run 1 ===
[22:29:27.422] [m7g.large-Horiz-libx264-R01] === Horizontal m7g.large libx264 Run 1 ===
  [c7g_large_horizontal_vp9] Running 3 (skipping 27 existing)
[22:29:27.423] [m7g.large-Horiz-libvpx-vp9-R01] Parts dir: /home/breno/doutorado/ec2sweetspot_noms2/artifacts2/phase3_scaling/video_parts_m7g_large_libvpx-vp9
[22:29:27.454] [c7g.large-Horiz-libvpx-vp9-R01] === Horizontal c7g.large libvpx-vp9 Run 1 ===
[22:29:27.444] [m7g.large-Horiz-libx264-R01] Parts dir: /home/breno/doutorado/ec2sweetspot_noms2/artifacts2/phase3_scaling/video_parts_m7g_large_libx264
[22:29:27.454] [c7g.large-Horiz-libvpx-vp9-R01] Parts dir: /home/breno/doutorado/ec2sweetspot_noms2/artifacts2/phase3_scaling/video_parts_c7g_large_libvpx-vp9
[22:29:29.352] [c7g.large-Serial-R27] === Serial c7g.large libx264 Run 27 ===
[22:29:29.825] [c7g.large-Serial-R06] === Serial c7g.large libx264 Run 6 ===
[22:29:29.797] [c7g.large-Serial-R29] === Serial c7g.large libx264 Run 29 ===
[22:29:29.893] [c7g.large-Serial-R13] === Serial c7g.large libx264 Run 13 ===
[22:29:31.433] [R01-P06] Instance i-02ca1e814921deda6 launched, waiting...
[22:29:31.445] [R01-P05] Instance i-0019bbf36f5ad153f launched, waiting...
[22:29:31.448] [c7g.large-Serial-R27] Instance i-082ec506bc25919f0 launched, waiting...
[22:29:31.472] [R01-P05] Instance i-00439bbd683f54abf launched, waiting...
[22:29:31.474] [R01-P04] Instance i-0ebf23d8b97a671c8 launched, waiting...
[22:29:31.477] [R01-P01] Instance i-095e36ad27dbfacdb launched, waiting...
[22:29:31.493] [R01-P02] Instance i-0e8ea05becab0b050 launched, waiting...
[22:29:31.521] [R01-P08] Instance i-08bc5a4b715392ff2 launched, waiting...
[22:29:31.569] [R01-P00] Instance i-0f864a3fdfb0de293 launched, waiting...
[22:29:31.568] [R01-P03] Instance i-06659d64fcbf02295 launched, waiting...
[22:29:31.585] [R01-P09] Instance i-03d263d592e169fc3 launched, waiting...
[22:29:31.587] [R01-P00] Instance i-0e6bc7f7123821e80 launched, waiting...
[22:29:31.588] [R01-P02] Instance i-0d33d2ecb2a15b419 launched, waiting...
[22:29:31.595] [R01-P08] Instance i-0f2ef0c7c0dbf2abf launched, waiting...
[22:29:31.605] [R01-P01] Instance i-0e19cce2fea654ee9 launched, waiting...
[22:29:31.637] [R01-P05] Instance i-06e10455870d7c175 launched, waiting...
[22:29:31.639] [R01-P00] Instance i-0674617e21cf9df22 launched, waiting...
[22:29:31.772] [R01-P07] Instance i-08cfe4bb53451e624 launched, waiting...
[22:29:31.846] [R01-P01] Instance i-0dfe6a71cf23f4e26 launched, waiting...
[22:29:31.848] [R01-P04] Instance i-023ab43572f7bd049 launched, waiting...
[22:29:31.851] [R01-P07] Instance i-06c9ac3ef25ae0e15 launched, waiting...
[22:29:31.915] [c7g.large-Serial-R13] Instance i-011367e4dbc7ef3ed launched, waiting...
[22:29:31.983] [R01-P06] Instance i-0fb048aeef45ad50a launched, waiting...
[22:29:32.068] [R01-P03] Instance i-0d1e76a17b9989209 launched, waiting...
[22:29:32.059] [R01-P09] Instance i-0ec4dbc412c0227de launched, waiting...
[22:29:32.061] [R01-P09] Instance i-01b0b3b43df073959 launched, waiting...
[22:29:34.570] [c7g.large-Serial-R06] Instance i-064a8e37a3a75940c launched, waiting...
[22:29:34.572] [R01-P03] Instance i-0db5d5bb4fa738336 launched, waiting...
[22:29:34.713] [R01-P07] Instance i-053adcb519677bb57 launched, waiting...
[22:29:34.715] [R01-P08] Instance i-08a76ed482056095e launched, waiting...
[22:29:35.836] [R01-P06] Instance i-0a0555e683b267539 launched, waiting...
[22:29:36.947] [R01-P02] Instance i-044e711a1fa29a508 launched, waiting...
[22:29:37.626] [R01-P04] Instance i-03612e166626e98ae launched, waiting...
[22:29:47.932] [R01-P08] Instance ready. IP: 18.205.236.243
[22:29:47.935] [R01-P04] Instance ready. IP: 54.234.43.59
[22:29:47.938] [R01-P05] Instance ready. IP: 3.82.54.252
[22:29:47.942] [R01-P06] Instance ready. IP: 100.53.187.140
[22:29:47.949] [c7g.large-Serial-R27] Instance ready. IP: 98.80.124.251
[22:29:47.950] [R01-P02] Instance ready. IP: 54.92.165.204
[22:29:48.166] [R01-P09] Instance ready. IP: 18.208.193.230
[22:29:48.167] [R01-P01] Instance ready. IP: 34.207.219.94
[22:29:48.168] [R01-P03] Instance ready. IP: 54.152.127.113
[22:29:48.183] [R01-P00] Instance ready. IP: 54.242.217.179
[22:29:48.185] [R01-P01] Instance ready. IP: 34.207.114.88
[22:29:48.262] [R01-P05] Instance ready. IP: 3.90.113.92
[22:29:48.284] [R01-P02] Instance ready. IP: 54.159.27.48
[22:29:48.284] [R01-P00] Instance ready. IP: 54.91.76.108
[22:29:48.285] [R01-P08] Instance ready. IP: 184.72.182.245
[22:29:48.343] [c7g.large-Serial-R13] Instance ready. IP: 13.217.45.132
[22:29:48.342] [R01-P07] Instance ready. IP: 34.228.216.207
[22:29:48.340] [R01-P07] Instance ready. IP: 52.201.231.126
[22:29:48.343] [R01-P01] Instance ready. IP: 54.198.24.182
[22:29:48.368] [R01-P00] Instance ready. IP: 18.212.244.102
[22:29:48.367] [R01-P04] Instance ready. IP: 54.167.20.1
[22:29:48.422] [R01-P06] Instance ready. IP: 54.204.83.154
[22:29:48.424] [R01-P09] Instance ready. IP: 100.27.230.69
[22:29:48.426] [R01-P09] Instance ready. IP: 34.238.165.222
[22:29:50.466] [R01-P05] Instance ready. IP: 107.22.156.97
[22:29:51.070] [R01-P03] Instance ready. IP: 54.87.214.93
[22:29:51.073] [R01-P07] Instance ready. IP: 98.93.244.218
[22:29:51.072] [c7g.large-Serial-R06] Instance ready. IP: 3.91.245.250
[22:29:51.162] [R01-P08] Instance ready. IP: 34.224.168.79
[22:29:53.284] [R01-P02] Instance ready. IP: 54.242.182.62
[22:29:53.287] [R01-P06] Instance ready. IP: 54.147.17.213
[22:29:53.786] [R01-P04] Instance ready. IP: 100.54.221.3
[22:29:54.816] [c7g.large-Serial-R29] Instance i-0982b59f4accf218b launched, waiting...
[22:29:56.018] [R01-P03] Instance ready. IP: 54.163.11.240
[22:30:10.851] [c7g.large-Serial-R29] Instance ready. IP: 3.90.152.220
[22:30:14.066] [R01-P02] SSH connected.
[22:30:14.001] [R01-P04] SSH connected.
[22:30:14.166] [c7g.large-Serial-R27] SSH connected.
[22:30:14.167] [R01-P08] SSH connected.
[22:30:14.271] [R01-P05] SSH connected.
[22:30:14.389] [R01-P09] SSH connected.
[22:30:14.310] [R01-P06] SSH connected.
[22:30:14.391] [R01-P03] SSH connected.
[22:30:14.392] [R01-P01] SSH connected.
[22:30:14.393] [R01-P00] SSH connected.
[22:30:14.472] [R01-P08] SSH connected.
[22:30:14.480] [R01-P01] SSH connected.
[22:30:14.497] [R01-P02] SSH connected.
[22:30:14.506] [R01-P05] SSH connected.
[22:30:14.513] [R01-P01] SSH connected.
[22:30:14.562] [R01-P00] SSH connected.
[22:30:14.566] [R01-P06] SSH connected.
[22:30:14.619] [R01-P07] SSH connected.
[22:30:14.625] [R01-P09] SSH connected.
[22:30:14.626] [R01-P04] SSH connected.
[22:30:14.638] [R01-P00] SSH connected.
[22:30:14.677] [R01-P09] SSH connected.
[22:30:14.682] [R01-P07] SSH connected.
[22:30:14.721] [c7g.large-Serial-R13] SSH connected.
[22:30:15.101] [R01-P02] Waiting for SFTP slot...
[22:30:15.102] [R01-P02] Uploading segment...
[22:30:15.157] [c7g.large-Serial-R27] Architecture: aarch64
[22:30:15.273] [R01-P05] Waiting for SFTP slot...
[22:30:15.273] [R01-P05] Uploading segment...
[22:30:15.310] [R01-P04] Waiting for SFTP slot...
[22:30:15.310] [R01-P04] Uploading segment...
[22:30:15.355] [R01-P08] Waiting for SFTP slot...
[22:30:15.355] [R01-P08] Uploading segment...
[22:30:15.399] [R01-P03] Waiting for SFTP slot...
[22:30:15.399] [R01-P03] Uploading segment...
[22:30:15.444] [R01-P06] Waiting for SFTP slot...
[22:30:15.445] [R01-P06] Uploading segment...
[22:30:15.465] [R01-P00] Waiting for SFTP slot...
[22:30:15.465] [R01-P00] Uploading segment...
[22:30:15.522] [R01-P01] Waiting for SFTP slot...
[22:30:15.522] [R01-P01] Uploading segment...
[22:30:15.634] [R01-P08] Waiting for SFTP slot...
[22:30:15.634] [R01-P08] Uploading segment...
[22:30:15.650] [R01-P09] Waiting for SFTP slot...
[22:30:15.650] [R01-P09] Uploading segment...
[22:30:15.695] [R01-P01] Waiting for SFTP slot...
[22:30:15.710] [R01-P05] Waiting for SFTP slot...
[22:30:15.732] [R01-P02] Waiting for SFTP slot...
[22:30:15.742] [c7g.large-Serial-R27] Waiting for SFTP slot...
[22:30:15.775] [R01-P00] Waiting for SFTP slot...
[22:30:15.787] [R01-P06] Waiting for SFTP slot...
[22:30:15.820] [R01-P07] Waiting for SFTP slot...
[22:30:15.896] [R01-P00] Waiting for SFTP slot...
[22:30:15.900] [R01-P01] Waiting for SFTP slot...
[22:30:15.954] [R01-P04] Waiting for SFTP slot...
[22:30:15.996] [R01-P09] Waiting for SFTP slot...
[22:30:16.067] [R01-P07] Waiting for SFTP slot...
[22:30:16.127] [c7g.large-Serial-R13] Architecture: aarch64
[22:30:16.667] [R01-P09] Waiting for SFTP slot...
[22:30:16.668] [R01-P05] SSH connected.
[22:30:16.950] [c7g.large-Serial-R13] Waiting for SFTP slot...
[22:30:17.508] [R01-P07] SSH connected.
[22:30:17.570] [c7g.large-Serial-R06] SSH connected.
[22:30:17.654] [R01-P08] SSH connected.
[22:30:17.657] [R01-P02] Running compression...
[22:30:17.658] [R01-P01] Uploading segment...
[22:30:17.746] [R01-P03] SSH connected.
[22:30:18.152] [R01-P05] Waiting for SFTP slot...
[22:30:18.395] [R01-P04] Running compression...
[22:30:18.396] [R01-P05] Uploading segment...
[22:30:18.581] [R01-P05] Running compression...
[22:30:18.582] [R01-P02] Uploading segment...
[22:30:18.755] [R01-P08] Waiting for SFTP slot...
[22:30:18.857] [c7g.large-Serial-R06] Architecture: aarch64
[22:30:18.913] [R01-P07] Waiting for SFTP slot...
[22:30:19.185] [R01-P03] Waiting for SFTP slot...
[22:30:19.637] [R01-P02] SSH connected.
[22:30:19.748] [R01-P06] SSH connected.
[22:30:19.750] [c7g.large-Serial-R06] Waiting for SFTP slot...
[22:30:19.945] [c7g.large-Serial-R27] Uploading 10-min video...
[22:30:19.944] [R01-P08] Running compression...
[22:30:20.282] [R01-P04] SSH connected.
[22:30:20.826] [R01-P00] Uploading segment...
[22:30:20.826] [R01-P01] Running compression...
[22:30:20.828] [R01-P02] Waiting for SFTP slot...
[22:30:20.888] [R01-P03] Running compression...
[22:30:20.888] [R01-P06] Uploading segment...
[22:30:20.923] [R01-P00] Running compression...
[22:30:20.923] [R01-P07] Uploading segment...
[22:30:21.038] [R01-P06] Waiting for SFTP slot...
[22:30:21.056] [R01-P00] Uploading segment...
[22:30:21.056] [R01-P06] Running compression...
[22:30:21.219] [R01-P09] Running compression...
[22:30:21.219] [R01-P01] Uploading segment...
[22:30:21.393] [R01-P04] Waiting for SFTP slot...
[22:30:21.726] [R01-P08] Running compression...
[22:30:21.726] [R01-P04] Uploading segment...
[22:30:21.969] [R01-P03] SSH connected.
[22:30:22.139] [R01-P01] Running compression...
[22:30:22.139] [R01-P09] Uploading segment...
[22:30:23.196] [R01-P07] Uploading segment...
[22:30:23.196] [R01-P00] Running compression...
[22:30:23.288] [R01-P03] Waiting for SFTP slot...
[22:30:23.985] [R01-P06] Running compression...
[22:30:23.986] [R01-P09] Uploading segment...
[22:30:25.047] [R01-P07] Running compression...
[22:30:25.047] [c7g.large-Serial-R13] Uploading 10-min video...
[22:30:25.474] [R01-P00] Running compression...
[22:30:25.474] [R01-P05] Uploading segment...
[22:30:25.480] [R01-P04] Done! (56.1s)
[22:30:25.671] [R01-P08] Uploading segment...
[22:30:25.671] [R01-P02] Running compression...
[22:30:26.018] [R01-P04] Instance terminated.
[22:30:26.297] [R01-P08] Done! (57.0s)
[22:30:26.424] [R01-P05] Running compression...
[22:30:26.424] [R01-P07] Uploading segment...
[22:30:26.537] [R01-P03] Uploading segment...
[22:30:26.537] [R01-P01] Running compression...
[22:30:26.888] [R01-P08] Instance terminated.
[22:30:28.311] [R01-P07] Running compression...
[22:30:28.312] [c7g.large-Serial-R06] Uploading 10-min video...
[22:30:28.662] [R01-P08] Running compression...
[22:30:28.662] [R01-P02] Uploading segment...
[22:30:28.999] [R01-P09] Done! (59.6s)
[22:30:29.075] [R01-P04] Running compression...
[22:30:29.075] [R01-P06] Uploading segment...
[22:30:29.583] [R01-P09] Instance terminated.
[22:30:29.984] [R01-P00] Done! (60.7s)
[22:30:30.291] [R01-P05] Running compression...
[22:30:30.292] [R01-P04] Uploading segment...
[22:30:30.656] [R01-P00] Instance terminated.
[22:30:30.764] [R01-P09] Running compression...
[22:30:30.764] [R01-P03] Uploading segment...
[22:30:31.833] [R01-P09] Running compression...
[22:30:32.798] [R01-P01] Done! (63.2s)
[22:30:33.499] [R01-P01] Instance terminated.
[22:30:33.641] [R01-P05] Done! (64.4s)
[22:30:33.726] [R01-P02] Done! (64.5s)
[22:30:33.898] [R01-P07] Running compression...
[22:30:34.286] [R01-P05] Instance terminated.
[22:30:34.376] [R01-P02] Instance terminated.
[22:30:36.464] [R01-P03] Running compression...
[22:30:37.700] [R01-P02] Running compression...
[22:30:38.188] [c7g.large-Serial-R29] SSH connected.
[22:30:38.598] [R01-P06] Running compression...
[22:30:39.427] [c7g.large-Serial-R29] Architecture: aarch64
[22:30:40.584] [c7g.large-Serial-R29] Waiting for SFTP slot...
[22:30:40.584] [R01-P04] Running compression...
[22:30:40.586] [c7g.large-Serial-R29] Uploading 10-min video...
[22:30:40.830] [R01-P03] Running compression...
[22:30:41.443] [R01-P07] Done! (71.6s)
[22:30:42.074] [R01-P07] Instance terminated.
[22:30:43.064] [c7g.large-Serial-R27] Upload complete.
[22:30:43.066] [c7g.large-Serial-R27] SETUP TIME: 73.71s
[22:30:43.067] [c7g.large-Serial-R27] Running: ffmpeg -i /home/ubuntu/input.mp4 -c:v libx264 -preset slow -b:v 2M -threads 5 -max_muxing_queue_size 1024 -y /home/ubuntu/output.mp4
[22:30:46.308] [c7g.large-Serial-R13] Upload complete.
[22:30:46.308] [c7g.large-Serial-R13] SETUP TIME: 76.42s
[22:30:46.308] [c7g.large-Serial-R13] Running: ffmpeg -i /home/ubuntu/input.mp4 -c:v libx264 -preset slow -b:v 2M -threads 5 -max_muxing_queue_size 1024 -y /home/ubuntu/output.mp4
[22:30:46.583] [c7g.large-Serial-R06] Upload complete.
[22:30:46.585] [c7g.large-Serial-R06] SETUP TIME: 76.75s
[22:30:46.585] [c7g.large-Serial-R06] Running: ffmpeg -i /home/ubuntu/input.mp4 -c:v libx264 -preset slow -b:v 2M -threads 5 -max_muxing_queue_size 1024 -y /home/ubuntu/output.mp4
[22:30:47.274] [R01-P06] Done! (77.4s)
[22:30:47.920] [R01-P06] Instance terminated.
[22:30:48.795] [R01-P05] Done! (79.5s)
[22:30:48.856] [R01-P03] Done! (78.9s)
[22:30:48.882] [R01-P01] Done! (79.1s)
[22:30:49.355] [R01-P05] Instance terminated.
[22:30:49.426] [R01-P03] Instance terminated.
[22:30:49.428] [m7g.large-Horiz-libx264-R01] ============================================================
[22:30:49.428] [m7g.large-Horiz-libx264-R01] RESULTS — 10x m7g.large Horizontal libx264
[22:30:49.428] [m7g.large-Horiz-libx264-R01]   Total Time:    81.97s (1.37 min)
[22:30:49.429] [m7g.large-Horiz-libx264-R01] ============================================================
  [m7g_large_horizontal_h264] run 01 done: 82.0s
[22:30:49.429] [m7g.large-Horiz-libx264-R02] === Horizontal m7g.large libx264 Run 2 ===
[22:30:49.429] [m7g.large-Horiz-libx264-R02] Parts dir: /home/breno/doutorado/ec2sweetspot_noms2/artifacts2/phase3_scaling/video_parts_m7g_large_libx264
[22:30:49.760] [R01-P01] Instance terminated.
[22:30:49.779] [R01-P01] Done! (80.4s)
[22:30:50.407] [R01-P01] Instance terminated.
[22:30:51.476] [R02-P01] Instance i-002e378fb354a145d launched, waiting...
[22:30:51.541] [R02-P03] Instance i-02b402c0cdccb4d60 launched, waiting...
[22:30:51.552] [R02-P02] Instance i-0f4c028b870041686 launched, waiting...
[22:30:51.646] [R02-P07] Instance i-0828c9350907eda8f launched, waiting...
[22:30:51.665] [R02-P05] Instance i-05a1c3bd489eb548d launched, waiting...
[22:30:51.669] [R02-P00] Instance i-0fc3c11adee0b064d launched, waiting...
[22:30:51.672] [R02-P08] Instance i-0add6baf3fcd4e338 launched, waiting...
[22:30:51.675] [R02-P06] Instance i-05dc49211b361d84f launched, waiting...
[22:30:51.707] [R02-P09] Instance i-02fa0fad8cca5dbf4 launched, waiting...
[22:30:51.742] [R02-P04] Instance i-096102ce5d4b0d7af launched, waiting...
[22:30:52.440] [R01-P02] Done! (83.1s)
[22:30:52.999] [R01-P02] Instance terminated.
[22:30:56.718] [R01-P03] Done! (87.4s)
[22:30:57.033] [R01-P08] Done! (87.8s)
[22:30:57.053] [R01-P00] Done! (87.7s)
[22:30:57.153] [R01-P06] Done! (87.9s)
[22:30:57.276] [c7g.large-Serial-R29] Upload complete.
[22:30:57.276] [c7g.large-Serial-R29] SETUP TIME: 87.44s
[22:30:57.276] [c7g.large-Serial-R29] Running: ffmpeg -i /home/ubuntu/input.mp4 -c:v libx264 -preset slow -b:v 2M -threads 5 -max_muxing_queue_size 1024 -y /home/ubuntu/output.mp4
[22:30:57.765] [R01-P03] Instance terminated.
[22:30:58.045] [R01-P00] Instance terminated.
[22:30:58.098] [R01-P08] Instance terminated.
[22:30:58.157] [R01-P06] Instance terminated.
[22:31:00.734] [R01-P06] Done! (90.8s)
[22:31:01.387] [R01-P00] Done! (92.0s)
[22:31:01.846] [R01-P06] Instance terminated.
[22:31:02.098] [R01-P09] Done! (92.2s)
[22:31:02.239] [R01-P05] Done! (93.0s)
[22:31:02.256] [R01-P09] Done! (92.4s)
[22:31:02.482] [R01-P00] Instance terminated.
[22:31:02.611] [R01-P08] Done! (92.7s)
[22:31:02.983] [R01-P07] Done! (93.2s)
[22:31:03.107] [R01-P09] Instance terminated.
[22:31:03.272] [R01-P05] Instance terminated.
[22:31:03.294] [R01-P09] Instance terminated.
[22:31:03.671] [R01-P08] Instance terminated.
[22:31:04.059] [R01-P07] Instance terminated.
[22:31:05.440] [R01-P04] Done! (95.6s)
[22:31:06.497] [R01-P04] Instance terminated.
[22:31:06.842] [R01-P07] Done! (97.0s)
[22:31:07.401] [R02-P02] Instance ready. IP: 34.235.165.109
[22:31:07.456] [R02-P06] Instance ready. IP: 3.89.245.35
[22:31:07.458] [R02-P01] Instance ready. IP: 52.23.230.41
[22:31:07.462] [R02-P07] Instance ready. IP: 3.80.42.194
[22:31:07.477] [R02-P03] Instance ready. IP: 54.242.35.106
[22:31:07.490] [R02-P00] Instance ready. IP: 174.129.103.196
[22:31:07.494] [R02-P08] Instance ready. IP: 98.94.65.231
[22:31:07.522] [R02-P09] Instance ready. IP: 3.81.228.112
[22:31:07.550] [R02-P04] Instance ready. IP: 54.90.192.240
[22:31:07.882] [R01-P07] Instance terminated.
[22:31:07.885] [c7g.large-Horiz-libvpx-vp9-R01] ============================================================
[22:31:07.885] [c7g.large-Horiz-libvpx-vp9-R01] RESULTS — 10x c7g.large Horizontal libvpx-vp9
[22:31:07.885] [c7g.large-Horiz-libvpx-vp9-R01]   Total Time:    100.43s (1.67 min)
[22:31:07.885] [c7g.large-Horiz-libvpx-vp9-R01] ============================================================
  [c7g_large_horizontal_vp9] run 01 done: 100.4s
[22:31:07.885] [c7g.large-Horiz-libvpx-vp9-R02] === Horizontal c7g.large libvpx-vp9 Run 2 ===
[22:31:07.885] [c7g.large-Horiz-libvpx-vp9-R02] Parts dir: /home/breno/doutorado/ec2sweetspot_noms2/artifacts2/phase3_scaling/video_parts_c7g_large_libvpx-vp9
[22:31:08.168] [R02-P05] Instance ready. IP: 3.94.115.134
[22:31:09.803] [R02-P02] Instance i-023e75821b4aa4398 launched, waiting...
[22:31:09.806] [R02-P06] Instance i-06f88d52876e5f6e9 launched, waiting...
[22:31:09.827] [R02-P01] Instance i-0d95078d9ef8ad241 launched, waiting...
[22:31:09.833] [R02-P00] Instance i-0679bb9eb6ff13507 launched, waiting...
[22:31:09.843] [R02-P04] Instance i-053b655468450d669 launched, waiting...
[22:31:09.879] [R02-P09] Instance i-0535e99c282d335e1 launched, waiting...
[22:31:09.882] [R02-P05] Instance i-0e4456929a0a1ab59 launched, waiting...
[22:31:09.905] [R02-P08] Instance i-0316479275c9ef9a5 launched, waiting...
[22:31:09.917] [R02-P07] Instance i-0c2cad43bdd52a7fe launched, waiting...
[22:31:10.024] [R02-P03] Instance i-05461fead3f81f7f4 launched, waiting...
[22:31:12.824] [R01-P02] Done! (103.0s)
[22:31:13.871] [R01-P02] Instance terminated.
[22:31:14.815] [R01-P03] Done! (105.0s)
[22:31:15.154] [R01-P04] Done! (105.4s)
[22:31:15.912] [R01-P03] Instance terminated.
[22:31:16.192] [R01-P04] Instance terminated.
[22:31:16.195] [m7g.large-Horiz-libvpx-vp9-R01] ============================================================
[22:31:16.196] [m7g.large-Horiz-libvpx-vp9-R01] RESULTS — 10x m7g.large Horizontal libvpx-vp9
[22:31:16.196] [m7g.large-Horiz-libvpx-vp9-R01]   Total Time:    108.74s (1.81 min)
[22:31:16.196] [m7g.large-Horiz-libvpx-vp9-R01] ============================================================
  [m7g_large_horizontal_vp9] run 01 done: 108.7s
[22:31:16.196] [m7g.large-Horiz-libvpx-vp9-R02] === Horizontal m7g.large libvpx-vp9 Run 2 ===
[22:31:16.196] [m7g.large-Horiz-libvpx-vp9-R02] Parts dir: /home/breno/doutorado/ec2sweetspot_noms2/artifacts2/phase3_scaling/video_parts_m7g_large_libvpx-vp9
[22:31:18.088] [R02-P07] Instance i-075c13548c78e967e launched, waiting...
[22:31:18.120] [R02-P04] Instance i-08a22cf830cc2efd1 launched, waiting...
[22:31:18.147] [R02-P03] Instance i-0693a55cec07bbe3a launched, waiting...
[22:31:18.158] [R02-P06] Instance i-09ac8b626261014d9 launched, waiting...
[22:31:18.162] [R02-P01] Instance i-0b36e744f99398edc launched, waiting...
[22:31:18.175] [R02-P08] Instance i-0de5b93af3f922e4a launched, waiting...
[22:31:18.181] [R02-P05] Instance i-0efc3824b1c9267a8 launched, waiting...
[22:31:18.199] [R02-P02] Instance i-0e70ae33a1fb99285 launched, waiting...
[22:31:18.218] [R02-P00] Instance i-0c7b2cec5f0f2bb74 launched, waiting...
[22:31:18.229] [R02-P09] Instance i-0ad8bb9d4aef74f5a launched, waiting...
[22:31:25.573] [R02-P01] Instance ready. IP: 52.90.102.119
[22:31:25.593] [R02-P02] Instance ready. IP: 18.234.94.51
[22:31:25.596] [R02-P00] Instance ready. IP: 54.210.77.155
[22:31:25.598] [R02-P06] Instance ready. IP: 13.217.90.170
[22:31:25.625] [R02-P05] Instance ready. IP: 98.81.125.23
[22:31:25.644] [R02-P07] Instance ready. IP: 32.192.205.225
[22:31:25.658] [R02-P08] Instance ready. IP: 98.91.202.38
[22:31:25.682] [R02-P09] Instance ready. IP: 13.216.246.155
[22:31:25.762] [R02-P03] Instance ready. IP: 13.217.114.120
[22:31:26.088] [R02-P04] Instance ready. IP: 3.81.186.115
[22:31:33.515] [R02-P02] SSH connected.
[22:31:33.562] [R02-P00] SSH connected.
[22:31:33.562] [R02-P03] SSH connected.
[22:31:33.565] [R02-P01] SSH connected.
[22:31:33.579] [R02-P06] SSH connected.
[22:31:33.601] [R02-P07] SSH connected.
[22:31:33.670] [R02-P09] SSH connected.
[22:31:33.688] [R02-P08] SSH connected.
[22:31:33.703] [R02-P04] SSH connected.
[22:31:33.861] [R02-P07] Instance ready. IP: 3.84.114.22
[22:31:33.862] [R02-P04] Instance ready. IP: 3.80.119.20
[22:31:33.922] [R02-P01] Instance ready. IP: 52.54.124.12
[22:31:33.925] [R02-P06] Instance ready. IP: 54.162.200.35
[22:31:33.938] [R02-P05] Instance ready. IP: 54.227.184.199
[22:31:33.947] [R02-P02] Instance ready. IP: 52.207.66.25
[22:31:33.948] [R02-P08] Instance ready. IP: 3.85.51.24
[22:31:33.973] [R02-P00] Instance ready. IP: 54.205.73.51
[22:31:33.997] [R02-P09] Instance ready. IP: 3.88.41.234
[22:31:34.121] [R02-P03] Instance ready. IP: 18.234.66.227
[22:31:34.326] [R02-P05] SSH connected.
[22:31:34.661] [R02-P03] Waiting for SFTP slot...
[22:31:34.661] [R02-P03] Uploading segment...
[22:31:34.753] [R02-P01] Waiting for SFTP slot...
[22:31:34.753] [R02-P01] Uploading segment...
[22:31:34.819] [R02-P02] Waiting for SFTP slot...
[22:31:34.819] [R02-P02] Uploading segment...
[22:31:34.859] [R02-P00] Waiting for SFTP slot...
[22:31:34.859] [R02-P00] Uploading segment...
[22:31:34.886] [R02-P04] Waiting for SFTP slot...
[22:31:34.886] [R02-P04] Uploading segment...
[22:31:34.886] [R02-P06] Waiting for SFTP slot...
[22:31:34.887] [R02-P06] Uploading segment...
[22:31:34.894] [R02-P09] Waiting for SFTP slot...
[22:31:34.894] [R02-P09] Uploading segment...
[22:31:34.904] [R02-P07] Waiting for SFTP slot...
[22:31:34.904] [R02-P07] Uploading segment...
[22:31:34.913] [R02-P08] Waiting for SFTP slot...
[22:31:34.913] [R02-P08] Uploading segment...
[22:31:35.539] [R02-P05] Waiting for SFTP slot...
[22:31:35.539] [R02-P05] Uploading segment...
[22:31:38.065] [R02-P03] Running compression...
[22:31:38.373] [R02-P01] Running compression...
[22:31:38.378] [R02-P00] Running compression...
[22:31:38.443] [R02-P02] Running compression...
[22:31:39.491] [R02-P04] Running compression...
[22:31:39.741] [R02-P06] Running compression...
[22:31:40.188] [c7g.large-Serial-R27] ENCODING TIME: 57.12s
[22:31:40.188] [c7g.large-Serial-R27] ============================================================
[22:31:40.189] [c7g.large-Serial-R27] RESULTS — c7g.large Serial libx264
[22:31:40.189] [c7g.large-Serial-R27]   Total Time:    130.83s (2.18 min)
[22:31:40.189] [c7g.large-Serial-R27]   Setup Time:    73.71s (1.23 min)
[22:31:40.189] [c7g.large-Serial-R27]   Encoding Time: 57.12s (0.95 min)
[22:31:40.189] [c7g.large-Serial-R27]   Setup %:       56.3%
[22:31:40.189] [c7g.large-Serial-R27] ============================================================
[22:31:40.228] [R02-P09] Running compression...
[22:31:40.291] [R02-P08] Running compression...
[22:31:40.344] [R02-P07] Running compression...
[22:31:41.295] [c7g.large-Serial-R27] Instance terminated.
[22:31:42.753] [R02-P05] Running compression...
[22:31:44.563] [R02-P01] Done! (55.1s)
[22:31:45.112] [R02-P01] Instance terminated.
[22:31:45.182] [c7g.large-Serial-R06] ENCODING TIME: 58.60s
[22:31:45.182] [c7g.large-Serial-R06] ============================================================
[22:31:45.182] [c7g.large-Serial-R06] RESULTS — c7g.large Serial libx264
[22:31:45.182] [c7g.large-Serial-R06]   Total Time:    135.35s (2.26 min)
[22:31:45.182] [c7g.large-Serial-R06]   Setup Time:    76.75s (1.28 min)
[22:31:45.182] [c7g.large-Serial-R06]   Encoding Time: 58.60s (0.98 min)
[22:31:45.182] [c7g.large-Serial-R06]   Setup %:       56.7%
[22:31:45.182] [c7g.large-Serial-R06] ============================================================
[22:31:45.533] [R02-P02] Done! (56.1s)
[22:31:45.987] [R02-P03] Done! (56.5s)
[22:31:46.063] [R02-P02] Instance terminated.
[22:31:46.181] [R02-P00] Done! (56.7s)
[22:31:46.235] [c7g.large-Serial-R06] Instance terminated.
  [c7g_large_serial_h264] run 06 done: 135.3s
[22:31:46.419] [R02-P09] Done! (56.6s)
[22:31:46.541] [R02-P03] Instance terminated.
[22:31:46.705] [c7g.large-Serial-R13] ENCODING TIME: 60.40s
[22:31:46.706] [c7g.large-Serial-R13] ============================================================
[22:31:46.706] [c7g.large-Serial-R13] RESULTS — c7g.large Serial libx264
[22:31:46.706] [c7g.large-Serial-R13]   Total Time:    136.81s (2.28 min)
[22:31:46.706] [c7g.large-Serial-R13]   Setup Time:    76.42s (1.27 min)
[22:31:46.706] [c7g.large-Serial-R13]   Encoding Time: 60.40s (1.01 min)
[22:31:46.706] [c7g.large-Serial-R13]   Setup %:       55.9%
[22:31:46.706] [c7g.large-Serial-R13] ============================================================
[22:31:46.708] [R02-P00] Instance terminated.
[22:31:47.005] [R02-P09] Instance terminated.
[22:31:47.210] [R02-P04] Done! (57.7s)
[22:31:47.704] [R02-P08] Done! (57.9s)
[22:31:47.711] [c7g.large-Serial-R13] Instance terminated.
  [c7g_large_serial_h264] run 13 done: 136.8s
  [c7g_large_serial_h264] run 27 done: 130.8s
[22:31:47.780] [R02-P04] Instance terminated.
[22:31:48.264] [R02-P08] Instance terminated.
[22:31:48.355] [R02-P06] Done! (58.9s)
[22:31:48.764] [R02-P07] Done! (59.0s)
[22:31:48.877] [R02-P06] Instance terminated.
[22:31:49.338] [R02-P07] Instance terminated.
[22:31:49.670] [R02-P05] Done! (60.2s)
[22:31:50.240] [R02-P05] Instance terminated.
[22:31:50.244] [m7g.large-Horiz-libx264-R02] ============================================================
[22:31:50.244] [m7g.large-Horiz-libx264-R02] RESULTS — 10x m7g.large Horizontal libx264
[22:31:50.244] [m7g.large-Horiz-libx264-R02]   Total Time:    60.81s (1.01 min)
[22:31:50.244] [m7g.large-Horiz-libx264-R02] ============================================================
  [m7g_large_horizontal_h264] run 02 done: 60.8s
  [m7g_large_horizontal_h264] Completed 2/2 (failed: 0)
[22:31:51.635] [R02-P01] SSH connected.
[22:31:51.687] [R02-P06] SSH connected.
[22:31:51.751] [R02-P00] SSH connected.
[22:31:51.754] [R02-P07] SSH connected.
[22:31:51.789] [R02-P05] SSH connected.
[22:31:51.836] [R02-P08] SSH connected.
[22:31:51.861] [R02-P09] SSH connected.
[22:31:51.919] [R02-P03] SSH connected.
[22:31:52.157] [R02-P02] SSH connected.
[22:31:52.205] [R02-P04] SSH connected.
[22:31:52.843] [R02-P01] Waiting for SFTP slot...
[22:31:52.843] [R02-P01] Uploading segment...
[22:31:52.855] [R02-P06] Waiting for SFTP slot...
[22:31:52.855] [R02-P06] Uploading segment...
[22:31:52.933] [R02-P07] Waiting for SFTP slot...
[22:31:52.934] [R02-P07] Uploading segment...
[22:31:53.000] [R02-P00] Waiting for SFTP slot...
[22:31:53.000] [R02-P00] Uploading segment...
[22:31:53.027] [R02-P08] Waiting for SFTP slot...
[22:31:53.027] [R02-P08] Uploading segment...
[22:31:53.050] [R02-P03] Waiting for SFTP slot...
[22:31:53.051] [R02-P03] Uploading segment...
[22:31:53.137] [R02-P05] Waiting for SFTP slot...
[22:31:53.137] [R02-P05] Uploading segment...
[22:31:53.350] [R02-P09] Waiting for SFTP slot...
[22:31:53.350] [R02-P09] Uploading segment...
[22:31:53.570] [R02-P04] Waiting for SFTP slot...
[22:31:53.571] [R02-P04] Uploading segment...
[22:31:53.930] [R02-P02] Waiting for SFTP slot...
[22:31:53.931] [R02-P02] Uploading segment...
[22:31:56.446] [R02-P01] Running compression...
[22:31:56.684] [R02-P07] Running compression...
[22:31:57.320] [R02-P00] Running compression...
[22:31:57.353] [R02-P06] Running compression...
[22:31:57.666] [R02-P08] Running compression...
[22:31:57.766] [R02-P04] Running compression...
[22:31:57.969] [R02-P03] Running compression...
[22:31:58.878] [c7g.large-Serial-R29] ENCODING TIME: 61.60s
[22:31:58.879] [c7g.large-Serial-R29] ============================================================
[22:31:58.879] [c7g.large-Serial-R29] RESULTS — c7g.large Serial libx264
[22:31:58.879] [c7g.large-Serial-R29]   Total Time:    149.04s (2.48 min)
[22:31:58.879] [c7g.large-Serial-R29]   Setup Time:    87.44s (1.46 min)
[22:31:58.879] [c7g.large-Serial-R29]   Encoding Time: 61.60s (1.03 min)
[22:31:58.879] [c7g.large-Serial-R29]   Setup %:       58.7%
[22:31:58.879] [c7g.large-Serial-R29] ============================================================
[22:31:59.226] [R02-P05] Running compression...
[22:31:59.814] [R02-P06] SSH connected.
[22:31:59.987] [c7g.large-Serial-R29] Instance terminated.
  [c7g_large_serial_h264] run 29 done: 149.0s
[22:32:00.021] [R02-P07] SSH connected.
  [c7g_large_serial_h264] Completed 4/4 (failed: 0)
[22:32:00.064] [R02-P04] SSH connected.
[22:32:00.066] [R02-P08] SSH connected.
[22:32:00.071] [R02-P02] SSH connected.
[22:32:00.150] [R02-P00] SSH connected.
[22:32:00.183] [R02-P09] SSH connected.
[22:32:00.289] [R02-P03] SSH connected.
[22:32:00.344] [R02-P09] Running compression...
[22:32:00.466] [R02-P05] SSH connected.
[22:32:00.477] [R02-P01] SSH connected.
[22:32:00.929] [R02-P06] Waiting for SFTP slot...
[22:32:00.929] [R02-P06] Uploading segment...
[22:32:01.289] [R02-P07] Waiting for SFTP slot...
[22:32:01.289] [R02-P07] Uploading segment...
[22:32:01.460] [R02-P00] Waiting for SFTP slot...
[22:32:01.461] [R02-P00] Uploading segment...
[22:32:01.463] [R02-P02] Waiting for SFTP slot...
[22:32:01.463] [R02-P02] Uploading segment...
[22:32:01.627] [R02-P04] Waiting for SFTP slot...
[22:32:01.627] [R02-P04] Uploading segment...
[22:32:01.672] [R02-P03] Waiting for SFTP slot...
[22:32:01.672] [R02-P03] Uploading segment...
[22:32:01.729] [R02-P09] Waiting for SFTP slot...
[22:32:01.729] [R02-P09] Uploading segment...
[22:32:02.064] [R02-P05] Waiting for SFTP slot...
[22:32:02.064] [R02-P05] Uploading segment...
[22:32:02.424] [R02-P06] Running compression...
[22:32:02.431] [R02-P01] Waiting for SFTP slot...
[22:32:02.431] [R02-P01] Uploading segment...
[22:32:02.591] [R02-P08] Waiting for SFTP slot...
[22:32:02.591] [R02-P08] Uploading segment...
[22:32:03.943] [R02-P04] Running compression...
[22:32:04.333] [R02-P09] Running compression...
[22:32:06.836] [R02-P07] Running compression...
[22:32:06.898] [R02-P00] Running compression...
[22:32:07.067] [R02-P02] Running compression...
[22:32:08.607] [R02-P08] Running compression...
[22:32:25.674] [R02-P01] Done! (77.8s)
[22:32:26.225] [R02-P01] Instance terminated.
[22:32:30.415] [R02-P09] Done! (82.5s)
[22:32:30.975] [R02-P09] Instance terminated.
[22:32:31.096] [R02-P05] Done! (83.2s)
[22:32:31.757] [R02-P05] Instance terminated.
[22:32:32.934] [R02-P04] Done! (85.0s)
[22:32:33.450] [R02-P08] Done! (85.5s)
[22:32:33.645] [R02-P04] Instance terminated.
[22:32:34.096] [R02-P07] Done! (86.2s)
[22:32:34.263] [R02-P00] Done! (86.4s)
[22:32:34.463] [R02-P06] Done! (86.5s)
[22:32:34.512] [R02-P08] Instance terminated.
[22:32:34.623] [R02-P09] Done! (78.4s)
[22:32:34.704] [R02-P03] Done! (86.8s)
[22:32:35.158] [R02-P07] Instance terminated.
[22:32:35.229] [R02-P09] Instance terminated.
[22:32:35.324] [R02-P00] Instance terminated.
[22:32:35.608] [R02-P06] Instance terminated.
[22:32:35.804] [R02-P03] Instance terminated.
[22:32:37.605] [R02-P06] Done! (81.4s)
[22:32:38.144] [R02-P06] Instance terminated.
[22:32:39.034] [R02-P04] Done! (82.8s)
[22:32:39.581] [R02-P04] Instance terminated.
[22:32:41.886] [R02-P03] Running compression...
[22:32:41.930] [R02-P02] Done! (85.7s)
[22:32:43.046] [R02-P02] Instance terminated.
[22:32:43.485] [R02-P05] Running compression...
[22:32:43.824] [R02-P02] Running compression...
[22:32:43.998] [R02-P01] Running compression...
[22:32:44.282] [R02-P00] Done! (88.1s)
[22:32:44.821] [R02-P08] Done! (88.6s)
[22:32:44.833] [R02-P07] Done! (88.6s)
[22:32:45.291] [R02-P00] Instance terminated.
[22:32:45.988] [R02-P08] Instance terminated.
[22:32:46.036] [R02-P07] Instance terminated.
[22:33:12.412] [R02-P01] Done! (116.2s)
[22:33:13.027] [R02-P05] Done! (116.8s)
[22:33:13.418] [R02-P01] Instance terminated.
[22:33:14.195] [R02-P05] Instance terminated.
[22:33:18.291] [R02-P03] Done! (122.1s)
[22:33:19.337] [R02-P03] Instance terminated.
[22:33:19.341] [m7g.large-Horiz-libvpx-vp9-R02] ============================================================
[22:33:19.341] [m7g.large-Horiz-libvpx-vp9-R02] RESULTS — 10x m7g.large Horizontal libvpx-vp9
[22:33:19.341] [m7g.large-Horiz-libvpx-vp9-R02]   Total Time:    123.14s (2.05 min)
[22:33:19.341] [m7g.large-Horiz-libvpx-vp9-R02] ============================================================
  [m7g_large_horizontal_vp9] run 02 done: 123.1s
  [m7g_large_horizontal_vp9] Completed 2/2 (failed: 0)
[22:33:20.385] [R02-P02] Done! (132.5s)
[22:33:21.482] [R02-P02] Instance terminated.
[22:33:21.486] [c7g.large-Horiz-libvpx-vp9-R02] ============================================================
[22:33:21.487] [c7g.large-Horiz-libvpx-vp9-R02] RESULTS — 10x c7g.large Horizontal libvpx-vp9
[22:33:21.487] [c7g.large-Horiz-libvpx-vp9-R02]   Total Time:    133.60s (2.23 min)
[22:33:21.487] [c7g.large-Horiz-libvpx-vp9-R02] ============================================================
  [c7g_large_horizontal_vp9] run 02 done: 133.6s
[22:33:21.487] [c7g.large-Horiz-libvpx-vp9-R05] === Horizontal c7g.large libvpx-vp9 Run 5 ===
[22:33:21.487] [c7g.large-Horiz-libvpx-vp9-R05] Parts dir: /home/breno/doutorado/ec2sweetspot_noms2/artifacts2/phase3_scaling/video_parts_c7g_large_libvpx-vp9
[22:33:23.528] [R05-P00] Instance i-0f72c7dfdd73c2069 launched, waiting...
[22:33:23.588] [R05-P02] Instance i-099a70626a76ae6f9 launched, waiting...
[22:33:23.764] [R05-P08] Instance i-0229a4b270d0b123d launched, waiting...
[22:33:23.786] [R05-P03] Instance i-046c0a7d3c80aa958 launched, waiting...
[22:33:23.820] [R05-P04] Instance i-00c91b180c291fd5e launched, waiting...
[22:33:23.849] [R05-P05] Instance i-0e2cef3c83a021418 launched, waiting...
[22:33:23.871] [R05-P01] Instance i-07194db9f473a0f64 launched, waiting...
[22:33:23.877] [R05-P06] Instance i-0680e4c5d4047ab46 launched, waiting...
[22:33:23.894] [R05-P09] Instance i-0a243a331d6550ff4 launched, waiting...
[22:33:24.010] [R05-P07] Instance i-0869c277eab2dd83b launched, waiting...
[22:33:39.307] [R05-P00] Instance ready. IP: 32.192.212.65
[22:33:39.352] [R05-P02] Instance ready. IP: 18.232.58.148
[22:33:39.525] [R05-P08] Instance ready. IP: 35.153.202.178
[22:33:39.608] [R05-P01] Instance ready. IP: 54.80.56.211
[22:33:39.625] [R05-P06] Instance ready. IP: 35.175.213.254
[22:33:39.632] [R05-P09] Instance ready. IP: 100.55.43.185
[22:33:39.665] [R05-P05] Instance ready. IP: 54.166.221.140
[22:33:39.744] [R05-P07] Instance ready. IP: 54.209.2.151
[22:33:39.949] [R05-P03] Instance ready. IP: 35.153.71.225
[22:33:39.960] [R05-P04] Instance ready. IP: 18.207.200.246
[22:34:05.466] [R05-P00] SSH connected.
[22:34:05.480] [R05-P02] SSH connected.
[22:34:05.662] [R05-P08] SSH connected.
[22:34:05.672] [R05-P01] SSH connected.
[22:34:05.709] [R05-P06] SSH connected.
[22:34:05.743] [R05-P09] SSH connected.
[22:34:05.818] [R05-P05] SSH connected.
[22:34:05.826] [R05-P07] SSH connected.
[22:34:06.113] [R05-P04] SSH connected.
[22:34:06.149] [R05-P03] SSH connected.
[22:34:06.798] [R05-P02] Waiting for SFTP slot...
[22:34:06.798] [R05-P02] Uploading segment...
[22:34:06.836] [R05-P01] Waiting for SFTP slot...
[22:34:06.836] [R05-P01] Uploading segment...
[22:34:06.881] [R05-P06] Waiting for SFTP slot...
[22:34:06.881] [R05-P06] Uploading segment...
[22:34:06.891] [R05-P08] Waiting for SFTP slot...
[22:34:06.892] [R05-P08] Uploading segment...
[22:34:06.895] [R05-P09] Waiting for SFTP slot...
[22:34:06.895] [R05-P09] Uploading segment...
[22:34:06.904] [R05-P00] Waiting for SFTP slot...
[22:34:06.904] [R05-P00] Uploading segment...
[22:34:06.998] [R05-P07] Waiting for SFTP slot...
[22:34:06.998] [R05-P07] Uploading segment...
[22:34:07.171] [R05-P05] Waiting for SFTP slot...
[22:34:07.171] [R05-P05] Uploading segment...
[22:34:07.408] [R05-P04] Waiting for SFTP slot...
[22:34:07.408] [R05-P04] Uploading segment...
[22:34:07.695] [R05-P03] Waiting for SFTP slot...
[22:34:07.695] [R05-P03] Uploading segment...
[22:34:10.166] [R05-P08] Running compression...
[22:34:10.202] [R05-P02] Running compression...
[22:34:10.993] [R05-P09] Running compression...
[22:34:11.062] [R05-P06] Running compression...
[22:34:11.188] [R05-P00] Running compression...
[22:34:11.445] [R05-P01] Running compression...
[22:34:11.592] [R05-P07] Running compression...
[22:34:13.571] [R05-P05] Running compression...
[22:34:13.670] [R05-P04] Running compression...
[22:34:14.968] [R05-P03] Running compression...
[22:34:39.009] [R05-P01] Done! (77.5s)
[22:34:39.539] [R05-P01] Instance terminated.
[22:34:42.908] [R05-P09] Done! (81.0s)
[22:34:43.582] [R05-P09] Instance terminated.
[22:34:45.491] [R05-P05] Done! (83.6s)
[22:34:46.250] [R05-P05] Instance terminated.
[22:34:46.497] [R05-P08] Done! (84.6s)
[22:34:46.833] [R05-P02] Done! (85.3s)
[22:34:47.598] [R05-P00] Done! (86.1s)
[22:34:47.757] [R05-P06] Done! (85.8s)
[22:34:48.734] [R05-P07] Done! (86.8s)
[22:34:49.090] [R05-P02] Instance terminated.
[22:34:49.162] [R05-P08] Instance terminated.
[22:34:49.163] [R05-P00] Instance terminated.
[22:34:49.164] [R05-P06] Instance terminated.
[22:34:50.453] [R05-P04] Done! (88.5s)
[22:34:51.034] [R05-P07] Instance terminated.
[22:34:51.760] [R05-P03] Done! (89.9s)
[22:34:52.324] [R05-P04] Instance terminated.
[22:34:55.422] [R05-P03] Instance terminated.
[22:34:55.426] [c7g.large-Horiz-libvpx-vp9-R05] ============================================================
[22:34:55.426] [c7g.large-Horiz-libvpx-vp9-R05] RESULTS — 10x c7g.large Horizontal libvpx-vp9
[22:34:55.426] [c7g.large-Horiz-libvpx-vp9-R05]   Total Time:    93.94s (1.57 min)
[22:34:55.426] [c7g.large-Horiz-libvpx-vp9-R05] ============================================================
  [c7g_large_horizontal_vp9] run 05 done: 93.9s
  [c7g_large_horizontal_vp9] Completed 3/3 (failed: 0)

======================================================================
ALL CONFIGS FINISHED in 328.0s (5.5 min)
Logs: /home/breno/doutorado/ec2sweetspot_noms2/artifacts2/phase3_scaling/arm_rerun_highcv_logs
======================================================================
