[20:09:11.465] ============================================================
[20:09:11.465] PART 2 — Full Pipeline Decomposition (H.265 horizontal)
[20:09:11.465]   Runs: 10  |  10 × m7g.large per run  |  batch=5
[20:09:11.465] ============================================================
[20:09:11.465] 
--- Run 1/10 ---
[20:09:11.798]   Batch parts 00–04 (5 concurrent)
[20:09:33.283] [R01-P02]   prov=18.8s  ssh=2.7s
[20:09:33.284] [R01-P04]   prov=18.8s  ssh=2.7s
[20:09:33.293] [R01-P01]   prov=18.8s  ssh=2.7s
[20:09:33.336] [R01-P03]   prov=18.8s  ssh=2.8s
[20:09:33.376] [R01-P00]   prov=18.9s  ssh=2.7s
[20:13:03.300] [R01-P01]   upload=123.2s  enc=74.4s  dl=10.1s  total=229.2s
[20:13:09.051] [R01-P03]   upload=127.1s  enc=73.1s  dl=13.1s  total=234.9s
[20:13:19.665] [R01-P04]   upload=133.0s  enc=74.1s  dl=17.1s  total=245.6s
[20:13:29.155] [R01-P00]   upload=123.4s  enc=85.9s  dl=24.2s  total=255.1s
[20:13:29.308] [R01-P02]   upload=135.1s  enc=71.9s  dl=26.7s  total=255.3s
[20:13:33.582]   Batch parts 05–09 (5 concurrent)
[20:13:52.175] [R01-P06]   prov=17.3s  ssh=1.3s
[20:13:52.241] [R01-P05]   prov=17.3s  ssh=1.4s
[20:13:53.451] [R01-P07]   prov=18.6s  ssh=1.3s
[20:13:53.637] [R01-P09]   prov=18.8s  ssh=1.3s
[20:13:54.113] [R01-P08]   prov=19.2s  ssh=1.3s
[20:15:25.803] [R01-P06]   upload=8.2s  enc=72.0s  dl=11.5s  total=110.4s
[20:15:27.304] [R01-P05]   upload=6.1s  enc=69.3s  dl=18.0s  total=112.0s
[20:15:41.940] [R01-P07]   upload=23.9s  enc=71.6s  dl=11.1s  total=126.4s
[20:15:44.854] [R01-P08]   upload=23.1s  enc=71.6s  dl=13.0s  total=128.2s
[20:15:44.858] [R01-P09]   upload=23.5s  enc=68.1s  dl=17.3s  total=129.0s
[20:15:45.582]   Run 1 wall=393.8s  valid_parts=10/10
[20:15:45.582] 
--- Run 2/10 ---
[20:15:45.607]   Batch parts 00–04 (5 concurrent)
[20:16:04.695] [R02-P04]   prov=17.9s  ssh=1.1s
[20:16:04.772] [R02-P00]   prov=17.9s  ssh=1.2s
[20:16:04.815] [R02-P01]   prov=18.0s  ssh=1.2s
[20:16:04.856] [R02-P02]   prov=18.0s  ssh=1.3s
[20:16:05.196] [R02-P03]   prov=18.3s  ssh=1.3s
[20:17:42.965] [R02-P01]   upload=16.1s  enc=64.3s  dl=16.3s  total=115.8s
[20:17:49.681] [R02-P03]   upload=15.8s  enc=70.8s  dl=16.3s  total=122.5s
[20:17:54.517] [R02-P04]   upload=16.0s  enc=71.8s  dl=20.4s  total=127.3s
[20:18:01.678] [R02-P00]   upload=16.1s  enc=74.7s  dl=24.6s  total=134.5s
[20:18:02.014] [R02-P02]   upload=15.9s  enc=71.9s  dl=27.8s  total=134.8s
[20:18:03.060]   Batch parts 05–09 (5 concurrent)
[20:18:22.294] [R02-P06]   prov=17.9s  ssh=1.4s[20:18:22.295] [R02-P05]   prov=17.7s  ssh=1.6s

[20:18:22.580] [R02-P07]   prov=18.3s  ssh=1.2s
[20:18:23.127] [R02-P09]   prov=18.8s  ssh=1.2s
[20:19:37.609] [R02-P08]   prov=78.8s  ssh=15.8s
