[01:29:45.706] ============================================================
[01:29:45.706] PART 2 — Full Pipeline Decomposition (H.265 horizontal)
[01:29:45.706]   Runs: 10  |  10 × m7g.large per run  |  batch=5
[01:29:45.706]   Input: wget from S3 (no SFTP upload)
[01:29:45.706] ============================================================
[01:29:45.975] Generated 10 pre-signed S3 URLs (valid 7200s)
[01:29:45.975] 
--- Run 1/10 ---
[01:29:46.030]   Batch parts 00–04 (5 concurrent)
[01:30:04.737] [R01-P02]   prov=17.7s  ssh=1.0s
[01:30:04.805] [R01-P01]   prov=17.8s  ssh=1.0s
[01:30:04.808] [R01-P00]   prov=17.7s  ssh=1.0s
[01:30:04.813] [R01-P04]   prov=17.7s  ssh=1.0s
[01:30:04.927] [R01-P03]   prov=17.8s  ssh=1.1s
[01:30:06.159] [R01-P02]   s3_dl=0.6s
[01:30:06.275] [R01-P00]   s3_dl=0.6s
[01:30:06.327] [R01-P01]   s3_dl=0.7s
[01:30:06.462] [R01-P03]   s3_dl=0.6s
[01:30:06.667] [R01-P04]   s3_dl=1.0s
[01:31:11.021] [R01-P01]   s3_dl=0.7s  enc=64.3s  output=9337KB  total=83.8s
[01:31:19.617] [R01-P02]   s3_dl=0.6s  enc=73.1s  output=10911KB  total=92.4s
[01:31:19.744] [R01-P03]   s3_dl=0.6s  enc=72.9s  output=10911KB  total=92.4s
[01:31:22.070] [R01-P00]   s3_dl=0.6s  enc=75.4s  output=11043KB  total=94.8s
[01:31:22.092] [R01-P04]   s3_dl=1.0s  enc=75.1s  output=10804KB  total=94.8s
[01:31:22.630]   Batch parts 05–09 (5 concurrent)
[01:31:40.674] [R01-P06]   prov=17.0s  ssh=1.0s
[01:31:40.969] [R01-P05]   prov=17.3s  ssh=1.0s
[01:31:41.040] [R01-P09]   prov=17.4s  ssh=1.0s
[01:31:41.393] [R01-P07]   prov=17.8s  ssh=1.0s
[01:31:41.443] [R01-P08]   prov=17.8s  ssh=1.0s
[01:31:42.221] [R01-P06]   s3_dl=0.7s
[01:31:42.631] [R01-P05]   s3_dl=0.7s
[01:31:42.684] [R01-P09]   s3_dl=0.7s
[01:31:42.874] [R01-P07]   s3_dl=0.6s
[01:31:43.052] [R01-P08]   s3_dl=0.7s
[01:32:51.749] [R01-P09]   s3_dl=0.7s  enc=68.7s  output=9952KB  total=87.8s
[01:32:53.307] [R01-P05]   s3_dl=0.7s  enc=70.3s  output=9974KB  total=89.3s
[01:32:54.593] [R01-P06]   s3_dl=0.7s  enc=72.0s  output=10912KB  total=90.7s
[01:32:55.768] [R01-P08]   s3_dl=0.7s  enc=72.3s  output=10788KB  total=91.8s
[01:32:57.211] [R01-P07]   s3_dl=0.6s  enc=74.0s  output=11105KB  total=93.3s
[01:32:57.744]   Run 1 wall=191.7s  valid_parts=10/10
[01:32:57.744] 
--- Run 2/10 ---
[01:32:57.761]   Batch parts 00–04 (5 concurrent)
[01:33:16.241] [R02-P03]   prov=17.5s  ssh=1.0s
[01:33:16.310] [R02-P01]   prov=17.5s  ssh=1.0s
[01:33:16.330] [R02-P04]   prov=17.5s  ssh=1.0s
[01:33:16.390] [R02-P02]   prov=17.6s  ssh=1.0s
[01:33:16.447] [R02-P00]   prov=17.7s  ssh=1.0s
[01:33:17.764] [R02-P04]   s3_dl=0.5s
[01:33:17.800] [R02-P03]   s3_dl=0.7s
[01:33:17.842] [R02-P02]   s3_dl=0.6s
[01:33:17.845] [R02-P01]   s3_dl=0.7s
[01:33:17.896] [R02-P00]   s3_dl=0.5s
[01:34:22.565] [R02-P01]   s3_dl=0.7s  enc=64.3s  output=9337KB  total=83.6s
[01:34:29.964] [R02-P03]   s3_dl=0.7s  enc=71.8s  output=10911KB  total=91.0s
[01:34:30.925] [R02-P02]   s3_dl=0.6s  enc=72.7s  output=10911KB  total=91.9s
[01:34:32.081] [R02-P04]   s3_dl=0.5s  enc=74.0s  output=10804KB  total=93.1s
[01:34:32.267] [R02-P00]   s3_dl=0.5s  enc=74.0s  output=11043KB  total=93.2s
[01:34:33.215]   Batch parts 05–09 (5 concurrent)
[01:34:51.120] [R02-P05]   prov=16.9s  ssh=1.0s
[01:34:51.198] [R02-P06]   prov=17.0s  ssh=1.0s
[01:34:51.544] [R02-P07]   prov=17.4s  ssh=1.0s
[01:34:51.658] [R02-P09]   prov=17.4s  ssh=1.0s
[01:34:52.649] [R02-P06]   s3_dl=0.6s
[01:34:52.671] [R02-P05]   s3_dl=0.6s
[01:34:53.118] [R02-P07]   s3_dl=0.8s
[01:34:53.197] [R02-P09]   s3_dl=0.7s
[01:34:54.050] [R02-P08]   prov=17.7s  ssh=3.1s
[01:34:55.427] [R02-P08]   s3_dl=0.5s
[01:36:01.942] [R02-P09]   s3_dl=0.7s  enc=68.4s  output=9952KB  total=87.5s
[01:36:02.576] [R02-P05]   s3_dl=0.6s  enc=69.5s  output=9974KB  total=88.1s
[01:36:04.415] [R02-P06]   s3_dl=0.6s  enc=71.4s  output=10912KB  total=90.0s
[01:36:06.853] [R02-P07]   s3_dl=0.8s  enc=73.4s  output=11105KB  total=92.5s
[01:36:08.243] [R02-P08]   s3_dl=0.5s  enc=72.5s  output=10788KB  total=93.8s
[01:36:08.778]   Run 2 wall=191.0s  valid_parts=10/10
[01:36:08.778] 
--- Run 3/10 ---
[01:36:08.793]   Batch parts 00–04 (5 concurrent)
[01:36:27.590] [R03-P04]   prov=17.8s  ssh=1.0s
[01:36:27.619] [R03-P01]   prov=17.8s  ssh=1.0s
[01:36:27.709] [R03-P03]   prov=17.9s  ssh=1.1s
[01:36:27.724] [R03-P02]   prov=17.8s  ssh=1.1s
[01:36:27.802] [R03-P00]   prov=18.0s  ssh=1.0s
[01:36:29.026] [R03-P04]   s3_dl=0.5s
[01:36:29.077] [R03-P01]   s3_dl=0.6s
[01:36:29.100] [R03-P03]   s3_dl=0.5s
[01:36:29.210] [R03-P02]   s3_dl=0.6s
[01:36:29.407] [R03-P00]   s3_dl=0.7s
[01:37:33.247] [R03-P01]   s3_dl=0.6s  enc=63.8s  output=9337KB  total=83.2s
[01:37:42.171] [R03-P03]   s3_dl=0.5s  enc=72.7s  output=10911KB  total=92.1s
[01:37:42.847] [R03-P02]   s3_dl=0.6s  enc=73.3s  output=10911KB  total=92.8s
[01:37:43.138] [R03-P04]   s3_dl=0.5s  enc=73.8s  output=10804KB  total=93.1s
[01:37:44.627] [R03-P00]   s3_dl=0.7s  enc=74.9s  output=11043KB  total=94.6s
[01:37:45.134]   Batch parts 05–09 (5 concurrent)
[01:38:03.333] [R03-P06]   prov=17.2s  ssh=1.0s
[01:38:03.367] [R03-P05]   prov=17.2s  ssh=1.1s
[01:38:03.514] [R03-P08]   prov=17.4s  ssh=1.0s
[01:38:03.551] [R03-P07]   prov=17.4s  ssh=1.0s
[01:38:03.696] [R03-P09]   prov=17.5s  ssh=1.0s
[01:38:04.767] [R03-P06]   s3_dl=0.6s
[01:38:04.787] [R03-P05]   s3_dl=0.5s
[01:38:04.898] [R03-P08]   s3_dl=0.5s
[01:38:05.009] [R03-P07]   s3_dl=0.6s
[01:38:05.178] [R03-P09]   s3_dl=0.6s
[01:39:15.088] [R03-P05]   s3_dl=0.5s  enc=69.9s  output=9974KB  total=88.7s
[01:39:15.444] [R03-P09]   s3_dl=0.6s  enc=69.9s  output=9952KB  total=89.0s
[01:39:17.070] [R03-P06]   s3_dl=0.6s  enc=71.9s  output=10912KB  total=90.7s
[01:39:17.619] [R03-P07]   s3_dl=0.6s  enc=72.2s  output=11105KB  total=91.2s
[01:39:17.837] [R03-P08]   s3_dl=0.5s  enc=72.6s  output=10788KB  total=91.5s
[01:39:18.406]   Run 3 wall=189.6s  valid_parts=10/10
[01:39:18.407] 
--- Run 4/10 ---
[01:39:18.469]   Batch parts 00–04 (5 concurrent)
[01:39:36.984] [R04-P04]   prov=17.5s  ssh=1.0s
[01:39:37.012] [R04-P00]   prov=17.5s  ssh=1.1s
[01:39:37.106] [R04-P01]   prov=17.6s  ssh=1.0s
[01:39:37.117] [R04-P03]   prov=17.6s  ssh=1.1s[01:39:37.118] [R04-P02]   prov=17.5s  ssh=1.1s

[01:39:38.372] [R04-P04]   s3_dl=0.5s
[01:39:38.456] [R04-P00]   s3_dl=0.5s
[01:39:38.531] [R04-P03]   s3_dl=0.5s
[01:39:38.580] [R04-P01]   s3_dl=0.6s
[01:39:38.693] [R04-P02]   s3_dl=0.6s
[01:40:43.290] [R04-P01]   s3_dl=0.6s  enc=64.3s  output=9337KB  total=83.6s
[01:40:51.164] [R04-P04]   s3_dl=0.5s  enc=72.4s  output=10804KB  total=91.4s
[01:40:51.431] [R04-P02]   s3_dl=0.6s  enc=72.4s  output=10911KB  total=91.6s
[01:40:51.652] [R04-P03]   s3_dl=0.5s  enc=72.7s  output=10911KB  total=91.9s
[01:40:54.105] [R04-P00]   s3_dl=0.5s  enc=75.3s  output=11043KB  total=94.3s
[01:40:54.642]   Batch parts 05–09 (5 concurrent)
[01:41:12.561] [R04-P07]   prov=16.9s  ssh=1.0s
[01:41:12.653] [R04-P06]   prov=17.0s  ssh=1.0s
[01:41:12.962] [R04-P09]   prov=17.4s  ssh=0.9s
[01:41:13.115] [R04-P05]   prov=17.4s  ssh=1.1s
[01:41:13.259] [R04-P08]   prov=17.6s  ssh=1.0s
[01:41:13.983] [R04-P07]   s3_dl=0.5s
[01:41:14.098] [R04-P06]   s3_dl=0.6s
[01:41:14.353] [R04-P09]   s3_dl=0.5s
[01:41:14.611] [R04-P05]   s3_dl=0.6s
[01:41:14.710] [R04-P08]   s3_dl=0.5s
[01:42:24.080] [R04-P09]   s3_dl=0.5s  enc=69.4s  output=9952KB  total=88.2s
[01:42:24.350] [R04-P05]   s3_dl=0.6s  enc=69.4s  output=9974KB  total=88.4s
[01:42:25.799] [R04-P06]   s3_dl=0.6s  enc=71.3s  output=10912KB  total=89.9s
[01:42:26.980] [R04-P07]   s3_dl=0.5s  enc=72.6s  output=11105KB  total=91.1s
[01:42:27.373] [R04-P08]   s3_dl=0.5s  enc=72.3s  output=10788KB  total=91.4s
[01:42:27.926]   Run 4 wall=189.5s  valid_parts=10/10
[01:42:27.927] 
--- Run 5/10 ---
[01:42:27.950]   Batch parts 00–04 (5 concurrent)
[01:42:46.283] [R05-P01]   prov=17.3s  ssh=1.0s
[01:42:46.474] [R05-P03]   prov=17.4s  ssh=1.1s
[01:42:46.481] [R05-P04]   prov=17.5s  ssh=1.0s
[01:42:46.835] [R05-P02]   prov=17.9s  ssh=1.0s
[01:42:46.974] [R05-P00]   prov=18.0s  ssh=1.0s
[01:42:47.718] [R05-P01]   s3_dl=0.6s
[01:42:47.893] [R05-P04]   s3_dl=0.5s
[01:42:47.999] [R05-P03]   s3_dl=0.5s
[01:42:48.251] [R05-P02]   s3_dl=0.5s
[01:42:48.338] [R05-P00]   s3_dl=0.6s
[01:43:52.670] [R05-P01]   s3_dl=0.6s  enc=64.6s  output=9337KB  total=83.5s
[01:43:59.568] [R05-P04]   s3_dl=0.5s  enc=71.3s  output=10804KB  total=90.4s
[01:44:00.939] [R05-P03]   s3_dl=0.5s  enc=72.6s  output=10911KB  total=91.6s
[01:44:01.224] [R05-P02]   s3_dl=0.5s  enc=72.6s  output=10911KB  total=92.0s
[01:44:04.247] [R05-P00]   s3_dl=0.6s  enc=75.6s  output=11043KB  total=95.1s
[01:44:04.832]   Batch parts 05–09 (5 concurrent)
[01:44:22.806] [R05-P05]   prov=16.9s  ssh=1.0s
[01:44:22.848] [R05-P06]   prov=17.0s  ssh=1.0s
[01:44:23.281] [R05-P08]   prov=17.4s  ssh=1.0s
[01:44:23.343] [R05-P07]   prov=17.5s  ssh=1.0s
[01:44:23.819] [R05-P09]   prov=18.0s  ssh=1.0s
[01:44:24.181] [R05-P06]   s3_dl=0.5s
[01:44:24.347] [R05-P05]   s3_dl=0.6s
[01:44:24.706] [R05-P08]   s3_dl=0.5s
[01:44:24.748] [R05-P07]   s3_dl=0.6s
[01:44:25.185] [R05-P09]   s3_dl=0.5s
[01:45:34.814] [R05-P05]   s3_dl=0.6s  enc=70.1s  output=9974KB  total=88.7s
[01:45:35.042] [R05-P09]   s3_dl=0.5s  enc=69.5s  output=9952KB  total=89.0s
[01:45:36.786] [R05-P06]   s3_dl=0.5s  enc=72.2s  output=10912KB  total=90.8s
[01:45:37.928] [R05-P08]   s3_dl=0.5s  enc=72.8s  output=10788KB  total=91.8s
[01:45:37.987] [R05-P07]   s3_dl=0.6s  enc=72.9s  output=11105KB  total=91.9s
[01:45:38.575]   Run 5 wall=190.6s  valid_parts=10/10
[01:45:38.575] 
--- Run 6/10 ---
[01:45:38.597]   Batch parts 00–04 (5 concurrent)
[01:45:57.116] [R06-P04]   prov=17.5s  ssh=1.0s
[01:45:57.153] [R06-P00]   prov=17.6s  ssh=1.0s
[01:45:57.157] [R06-P03]   prov=17.5s  ssh=1.0s
[01:45:57.162] [R06-P02]   prov=17.5s  ssh=1.0s
[01:45:57.298] [R06-P01]   prov=17.6s  ssh=1.1s
[01:45:58.474] [R06-P04]   s3_dl=0.5s
[01:45:58.554] [R06-P03]   s3_dl=0.5s
[01:45:58.570] [R06-P02]   s3_dl=0.5s
[01:45:58.581] [R06-P00]   s3_dl=0.5s
[01:45:58.735] [R06-P01]   s3_dl=0.5s
[01:47:04.091] [R06-P01]   s3_dl=0.5s  enc=64.3s  output=9337KB  total=83.5s
[01:47:10.720] [R06-P04]   s3_dl=0.5s  enc=71.5s  output=10804KB  total=90.5s
[01:47:10.790] [R06-P02]   s3_dl=0.5s  enc=71.6s  output=10911KB  total=90.7s
[01:47:11.537] [R06-P03]   s3_dl=0.5s  enc=72.4s  output=10911KB  total=91.5s
[01:47:15.038] [R06-P00]   s3_dl=0.5s  enc=75.6s  output=11043KB  total=94.7s
[01:47:15.645]   Batch parts 05–09 (5 concurrent)
[01:47:34.260] [R06-P06]   prov=17.6s  ssh=1.0s
[01:47:34.300] [R06-P05]   prov=17.7s  ssh=1.0s
[01:47:35.046] [R06-P08]   prov=18.4s  ssh=1.0s
[01:47:35.658] [R06-P07]   prov=18.7s  ssh=1.3s
[01:47:35.916] [R06-P05]   s3_dl=0.7s
[01:47:35.922] [R06-P06]   s3_dl=0.7s
[01:47:37.089] [R06-P09]   prov=19.8s  ssh=1.6s
[01:47:37.149] [R06-P08]   s3_dl=0.7s
[01:47:37.809] [R06-P07]   s3_dl=0.7s
[01:47:38.702] [R06-P09]   s3_dl=0.6s
[01:48:46.107] [R06-P05]   s3_dl=0.7s  enc=69.6s  output=9974KB  total=88.9s
[01:48:48.263] [R06-P06]   s3_dl=0.7s  enc=71.8s  output=10912KB  total=91.1s
[01:48:48.519] [R06-P09]   s3_dl=0.6s  enc=69.3s  output=9952KB  total=91.3s
[01:48:49.015] [R06-P08]   s3_dl=0.7s  enc=71.5s  output=10788KB  total=91.6s
[01:48:50.387] [R06-P07]   s3_dl=0.7s  enc=72.2s  output=11105KB  total=92.9s
[01:48:50.922]   Run 6 wall=192.3s  valid_parts=10/10
[01:48:50.922] 
--- Run 7/10 ---
[01:48:50.929]   Batch parts 00–04 (5 concurrent)
[01:49:09.721] [R07-P04]   prov=17.5s  ssh=1.3s
[01:49:09.881] [R07-P03]   prov=17.5s  ssh=1.4s[01:49:09.883] [R07-P00]   prov=17.5s  ssh=1.5s

[01:49:10.023] [R07-P02]   prov=17.6s  ssh=1.5s
[01:49:10.024] [R07-P01]   prov=17.6s  ssh=1.5s
[01:49:11.709] [R07-P03]   s3_dl=0.5s
[01:49:11.829] [R07-P04]   s3_dl=0.6s
[01:49:12.061] [R07-P02]   s3_dl=0.7s
[01:49:12.071] [R07-P00]   s3_dl=0.7s
[01:49:12.190] [R07-P01]   s3_dl=0.8s
[01:50:17.606] [R07-P01]   s3_dl=0.8s  enc=65.0s  output=9337KB  total=84.9s
[01:50:24.694] [R07-P02]   s3_dl=0.7s  enc=72.3s  output=10911KB  total=92.0s
[01:50:25.001] [R07-P03]   s3_dl=0.5s  enc=72.9s  output=10911KB  total=92.4s
[01:50:25.146] [R07-P04]   s3_dl=0.6s  enc=73.0s  output=10804KB  total=92.3s
[01:50:27.252] [R07-P00]   s3_dl=0.7s  enc=74.8s  output=11043KB  total=94.4s
[01:50:27.774]   Batch parts 05–09 (5 concurrent)
[01:50:45.783] [R07-P07]   prov=17.0s  ssh=1.0s
[01:50:45.938] [R07-P06]   prov=17.0s  ssh=1.1s
[01:50:46.271] [R07-P08]   prov=17.4s  ssh=1.0s
[01:50:46.662] [R07-P05]   prov=17.7s  ssh=1.2s
[01:50:46.891] [R07-P09]   prov=17.8s  ssh=1.3s
[01:50:47.172] [R07-P07]   s3_dl=0.5s
[01:50:47.337] [R07-P06]   s3_dl=0.4s
[01:50:47.821] [R07-P08]   s3_dl=0.7s
[01:50:48.146] [R07-P05]   s3_dl=0.5s
[01:50:48.408] [R07-P09]   s3_dl=0.6s
[01:51:57.558] [R07-P05]   s3_dl=0.5s  enc=69.1s  output=9974KB  total=88.5s
[01:51:58.040] [R07-P09]   s3_dl=0.6s  enc=69.2s  output=9952KB  total=88.9s
[01:51:59.556] [R07-P06]   s3_dl=0.4s  enc=71.9s  output=10912KB  total=90.5s
[01:51:59.673] [R07-P07]   s3_dl=0.5s  enc=72.1s  output=11105KB  total=90.7s
[01:52:00.130] [R07-P08]   s3_dl=0.7s  enc=71.9s  output=10788KB  total=91.1s
[01:52:00.653]   Run 7 wall=189.7s  valid_parts=10/10
[01:52:00.653] 
--- Run 8/10 ---
[01:52:00.712]   Batch parts 00–04 (5 concurrent)
[01:52:19.413] [R08-P04]   prov=17.6s  ssh=1.1s
[01:52:19.562] [R08-P01]   prov=17.8s  ssh=1.0s
[01:52:19.692] [R08-P02]   prov=17.9s  ssh=1.1s
[01:52:19.738] [R08-P03]   prov=18.0s  ssh=1.0s
[01:52:19.868] [R08-P00]   prov=18.1s  ssh=1.0s
[01:52:20.861] [R08-P04]   s3_dl=0.5s
[01:52:20.993] [R08-P01]   s3_dl=0.5s
[01:52:21.132] [R08-P02]   s3_dl=0.5s
[01:52:21.253] [R08-P00]   s3_dl=0.5s
[01:52:21.273] [R08-P03]   s3_dl=0.5s
[01:53:24.917] [R08-P01]   s3_dl=0.5s  enc=63.6s  output=9337KB  total=82.9s
[01:53:33.180] [R08-P04]   s3_dl=0.5s  enc=71.9s  output=10804KB  total=91.1s
[01:53:33.994] [R08-P03]   s3_dl=0.5s  enc=72.4s  output=10911KB  total=91.9s
[01:53:34.110] [R08-P02]   s3_dl=0.5s  enc=72.6s  output=10911KB  total=92.1s
[01:53:36.368] [R08-P00]   s3_dl=0.5s  enc=74.8s  output=11043KB  total=94.4s
[01:53:36.920]   Batch parts 05–09 (5 concurrent)
[01:53:55.049] [R08-P06]   prov=17.1s  ssh=1.0s
[01:53:55.601] [R08-P09]   prov=17.6s  ssh=1.1s
[01:53:55.741] [R08-P07]   prov=17.8s  ssh=1.0s
[01:53:55.763] [R08-P08]   prov=17.8s  ssh=1.1s
[01:53:56.439] [R08-P06]   s3_dl=0.5s
[01:53:56.997] [R08-P09]   s3_dl=0.5s
[01:53:57.108] [R08-P07]   s3_dl=0.5s
[01:53:57.188] [R08-P08]   s3_dl=0.5s
[01:53:59.959] [R08-P05]   prov=17.1s  ssh=6.0s
[01:54:01.354] [R08-P05]   s3_dl=0.5s
[01:55:06.957] [R08-P09]   s3_dl=0.5s  enc=69.6s  output=9952KB  total=88.8s
[01:55:08.579] [R08-P08]   s3_dl=0.5s  enc=71.0s  output=10788KB  total=90.4s
[01:55:08.808] [R08-P06]   s3_dl=0.5s  enc=72.0s  output=10912KB  total=90.6s
[01:55:10.789] [R08-P07]   s3_dl=0.5s  enc=73.3s  output=11105KB  total=92.6s
[01:55:11.357] [R08-P05]   s3_dl=0.5s  enc=69.6s  output=9974KB  total=93.2s
[01:55:11.882]   Run 8 wall=191.2s  valid_parts=10/10
[01:55:11.882] 
--- Run 9/10 ---
[01:55:11.899]   Batch parts 00–04 (5 concurrent)
[01:55:30.437] [R09-P02]   prov=17.5s  ssh=1.0s
[01:55:30.505] [R09-P03]   prov=17.6s  ssh=1.0s
[01:55:30.638] [R09-P04]   prov=17.7s  ssh=1.1s
[01:55:30.784] [R09-P01]   prov=17.8s  ssh=1.1s
[01:55:31.785] [R09-P02]   s3_dl=0.5s
[01:55:31.919] [R09-P03]   s3_dl=0.5s
[01:55:32.227] [R09-P01]   s3_dl=0.5s
[01:55:35.606] [R09-P00]   prov=17.5s  ssh=6.2s
[01:55:36.961] [R09-P00]   s3_dl=0.5s
[01:55:37.161] [R09-P04]   s3_dl=5.7s
[01:56:36.511] [R09-P01]   s3_dl=0.5s  enc=63.9s  output=9337KB  total=83.3s
[01:56:44.953] [R09-P03]   s3_dl=0.5s  enc=72.7s  output=10911KB  total=91.8s
[01:56:45.951] [R09-P02]   s3_dl=0.5s  enc=73.8s  output=10911KB  total=92.8s
[01:56:49.801] [R09-P04]   s3_dl=5.7s  enc=72.3s  output=10804KB  total=96.7s
[01:56:52.477] [R09-P00]   s3_dl=0.5s  enc=75.2s  output=11043KB  total=99.4s
[01:56:52.965]   Batch parts 05–09 (5 concurrent)
[01:57:11.060] [R09-P05]   prov=17.1s  ssh=1.0s
[01:57:11.651] [R09-P09]   prov=17.5s  ssh=1.2s
[01:57:12.544] [R09-P05]   s3_dl=0.6s
[01:57:12.646] [R09-P07]   prov=18.5s  ssh=1.2s
[01:57:13.084] [R09-P09]   s3_dl=0.6s
[01:57:14.051] [R09-P07]   s3_dl=0.5s
[01:57:15.840] [R09-P08]   prov=17.8s  ssh=5.1s
[01:57:17.041] [R09-P06]   prov=18.0s  ssh=6.0s
[01:57:17.221] [R09-P08]   s3_dl=0.5s
[01:57:18.416] [R09-P06]   s3_dl=0.5s
[01:58:22.208] [R09-P05]   s3_dl=0.6s  enc=69.3s  output=9974KB  total=88.0s
[01:58:22.964] [R09-P09]   s3_dl=0.6s  enc=69.5s  output=9952KB  total=88.8s
[01:58:28.166] [R09-P07]   s3_dl=0.5s  enc=73.7s  output=11105KB  total=93.9s
[01:58:29.289] [R09-P08]   s3_dl=0.5s  enc=71.7s  output=10788KB  total=95.1s
[01:58:30.744] [R09-P06]   s3_dl=0.5s  enc=72.0s  output=10912KB  total=96.6s
[01:58:31.244]   Run 9 wall=199.3s  valid_parts=10/10
[01:58:31.245] 
--- Run 10/10 ---
[01:58:31.274]   Batch parts 00–04 (5 concurrent)
[01:58:50.177] [R10-P03]   prov=17.6s  ssh=1.3s
[01:58:50.335] [R10-P01]   prov=17.6s  ssh=1.4s
[01:58:50.338] [R10-P04]   prov=17.7s  ssh=1.4s
[01:58:50.649] [R10-P02]   prov=18.0s  ssh=1.4s
[01:58:50.771] [R10-P00]   prov=18.2s  ssh=1.3s
[01:58:51.694] [R10-P04]   s3_dl=0.5s
[01:58:51.743] [R10-P03]   s3_dl=0.7s
[01:58:51.793] [R10-P01]   s3_dl=0.5s
[01:58:52.163] [R10-P02]   s3_dl=0.6s
[01:58:52.249] [R10-P00]   s3_dl=0.5s
[01:59:56.034] [R10-P01]   s3_dl=0.5s  enc=63.9s  output=9337KB  total=83.4s
[02:00:03.598] [R10-P04]   s3_dl=0.5s  enc=71.6s  output=10804KB  total=91.2s
[02:00:03.613] [R10-P03]   s3_dl=0.7s  enc=71.5s  output=10911KB  total=91.0s
[02:00:05.066] [R10-P02]   s3_dl=0.6s  enc=72.5s  output=10911KB  total=92.4s
[02:00:08.538] [R10-P00]   s3_dl=0.5s  enc=75.9s  output=11043KB  total=96.0s
[02:00:09.125]   Batch parts 05–09 (5 concurrent)
[02:00:27.321] [R10-P06]   prov=17.1s  ssh=1.1s
[02:00:27.377] [R10-P05]   prov=17.2s  ssh=1.0s
[02:00:27.919] [R10-P07]   prov=17.7s  ssh=1.1s
[02:00:27.991] [R10-P08]   prov=17.7s  ssh=1.2s
[02:00:28.011] [R10-P09]   prov=17.7s  ssh=1.1s
[02:00:28.801] [R10-P06]   s3_dl=0.6s
[02:00:28.826] [R10-P05]   s3_dl=0.5s
[02:00:29.370] [R10-P07]   s3_dl=0.5s
[02:00:29.452] [R10-P08]   s3_dl=0.5s
[02:00:29.484] [R10-P09]   s3_dl=0.6s
[02:01:38.176] [R10-P05]   s3_dl=0.5s  enc=69.0s  output=9974KB  total=87.8s
[02:01:38.333] [R10-P09]   s3_dl=0.6s  enc=68.5s  output=9952KB  total=87.9s
[02:01:41.574] [R10-P06]   s3_dl=0.6s  enc=72.4s  output=10912KB  total=91.1s
[02:01:42.546] [R10-P08]   s3_dl=0.5s  enc=72.7s  output=10788KB  total=92.1s
[02:01:45.309] [R10-P07]   s3_dl=0.5s  enc=75.6s  output=11105KB  total=94.9s
[02:01:45.865]   Run 10 wall=194.6s  valid_parts=10/10
[02:01:45.865] 
[02:01:45.865] ============================================================
[02:01:45.865] PART 2 RESULTS — Per-step variance breakdown
[02:01:45.865] ============================================================

Step              N      Med     Mean      Std     CV%      p95      Min      Max
---------------------------------------------------------------------------
provisioning    100     17.6     17.6     0.40     2.3%     18.2     16.9     19.8
ssh_wait        100      1.0      1.3     0.96    92.8%      3.1      0.9      6.2
s3_download     100      0.5      0.6     0.51    93.7%      0.7      0.4      5.7
encode          100     72.2     71.3     2.96     4.1%     75.4     63.6     75.9
total           100     91.4     90.8     3.26     3.6%     95.1     82.9     99.4
[02:01:45.867] 
[02:01:45.867] Per-chunk encoding variance (Part 2):

Chunk       N      Med      Std     CV%      Min      Max
-------------------------------------------------------
chunk_00   10     75.2     0.55     0.7%     74.0     75.9
chunk_01   10     64.3     0.43     0.7%     63.6     65.0
chunk_02   10     72.6     0.60     0.8%     71.6     73.8
chunk_03   10     72.6     0.47     0.6%     71.5     72.9
chunk_04   10     72.4     1.24     1.7%     71.3     75.1
chunk_05   10     69.6     0.43     0.6%     69.0     70.3
chunk_06   10     72.0     0.33     0.5%     71.3     72.4
chunk_07   10     73.1     1.06     1.4%     72.1     75.6
chunk_08   10     72.3     0.58     0.8%     71.0     72.8
chunk_09   10     69.4     0.51     0.7%     68.4     69.9
[02:01:45.868] 
[02:01:45.868] Per-run total wall-clock (longest part per run):

Run      N parts   Max total   Bottleneck step
Run 1          10        94.8s            encode  (part 04)
Run 2          10        93.8s            encode  (part 08)
Run 3          10        94.6s            encode  (part 00)
Run 4          10        94.3s            encode  (part 00)
Run 5          10        95.1s            encode  (part 00)
Run 6          10        94.7s            encode  (part 00)
Run 7          10        94.4s            encode  (part 00)
Run 8          10        94.4s            encode  (part 00)
Run 9          10        99.4s            encode  (part 00)
Run 10         10        96.0s            encode  (part 00)
[02:01:45.877] 
Raw data saved to part2_pipeline_decomposition_20260328_020145.json
