[11:45:48.741] ============================================================
[11:45:48.741] PART 1 — Encoding Isolation (single m7g.large)
[11:45:48.741]   Chunks: 10  |  Reps per chunk: 5
[11:45:48.741]   FFmpeg: ffmpeg -i /home/ubuntu/input.mp4 -c:v libx265 -preset slow -b:v 2M -threads 2 -y /home/ubuntu/output.mp4 2>&1
[11:45:48.741] ============================================================
[11:45:48.899] Launching m7g.large...
[11:46:06.396]   instance_running in 17.5s — IP: 54.167.245.48
[11:46:07.336]   SSH ready in 0.9s
[11:46:10.355]   FFmpeg: ffmpeg version 4.4.2-0ubuntu0.22.04.1 Copyright (c) 2000-2021 the FFmpeg developers
[11:46:10.801] Uploading all 10 chunks...
[11:46:12.158]   Uploaded chunk_00.mp4
[11:46:12.873]   Uploaded chunk_01.mp4
[11:46:13.584]   Uploaded chunk_02.mp4
[11:46:14.296]   Uploaded chunk_03.mp4
[11:46:15.009]   Uploaded chunk_04.mp4
[11:46:15.723]   Uploaded chunk_05.mp4
[11:46:16.438]   Uploaded chunk_06.mp4
[11:46:17.155]   Uploaded chunk_07.mp4
[11:46:17.871]   Uploaded chunk_08.mp4
[11:46:18.588]   Uploaded chunk_09.mp4
[11:47:32.144] [P1-C00]   chunk_00 rep1/5: 73.3s
[11:48:45.542] [P1-C00]   chunk_00 rep2/5: 73.0s
[11:49:59.005] [P1-C00]   chunk_00 rep3/5: 73.1s
[11:51:12.527] [P1-C00]   chunk_00 rep4/5: 73.2s
[11:52:25.982] [P1-C00]   chunk_00 rep5/5: 73.1s
[11:53:28.614] [P1-C01]   chunk_01 rep1/5: 62.3s
[11:54:31.247] [P1-C01]   chunk_01 rep2/5: 62.3s
[11:55:33.842] [P1-C01]   chunk_01 rep3/5: 62.2s
[11:56:36.534] [P1-C01]   chunk_01 rep4/5: 62.3s
[11:57:39.163] [P1-C01]   chunk_01 rep5/5: 62.3s
[11:58:49.836] [P1-C02]   chunk_02 rep1/5: 70.3s
[12:00:00.549] [P1-C02]   chunk_02 rep2/5: 70.4s
[12:01:11.208] [P1-C02]   chunk_02 rep3/5: 70.3s
[12:02:21.952] [P1-C02]   chunk_02 rep4/5: 70.4s
[12:03:32.647] [P1-C02]   chunk_02 rep5/5: 70.3s
[12:04:43.466] [P1-C03]   chunk_03 rep1/5: 70.5s
[12:05:54.232] [P1-C03]   chunk_03 rep2/5: 70.4s
[12:07:04.899] [P1-C03]   chunk_03 rep3/5: 70.3s
[12:08:15.727] [P1-C03]   chunk_03 rep4/5: 70.5s
[12:09:26.544] [P1-C03]   chunk_03 rep5/5: 70.5s
[12:10:37.279] [P1-C04]   chunk_04 rep1/5: 70.4s
[12:11:48.137] [P1-C04]   chunk_04 rep2/5: 70.5s
[12:12:58.889] [P1-C04]   chunk_04 rep3/5: 70.4s
[12:14:09.653] [P1-C04]   chunk_04 rep4/5: 70.4s
[12:15:20.493] [P1-C04]   chunk_04 rep5/5: 70.5s
[12:16:28.369] [P1-C05]   chunk_05 rep1/5: 67.5s
[12:17:36.284] [P1-C05]   chunk_05 rep2/5: 67.5s
[12:18:44.117] [P1-C05]   chunk_05 rep3/5: 67.5s
[12:19:52.800] [P1-C05]   chunk_05 rep4/5: 68.3s
[12:21:00.568] [P1-C05]   chunk_05 rep5/5: 67.4s
[12:22:10.915] [P1-C06]   chunk_06 rep1/5: 70.0s
[12:23:21.283] [P1-C06]   chunk_06 rep2/5: 70.0s
[12:24:31.622] [P1-C06]   chunk_06 rep3/5: 70.0s
[12:25:41.953] [P1-C06]   chunk_06 rep4/5: 70.0s
[12:26:52.289] [P1-C06]   chunk_06 rep5/5: 70.0s
[12:28:03.885] [P1-C07]   chunk_07 rep1/5: 71.2s
[12:29:15.490] [P1-C07]   chunk_07 rep2/5: 71.2s
[12:30:27.106] [P1-C07]   chunk_07 rep3/5: 71.3s
[12:31:38.649] [P1-C07]   chunk_07 rep4/5: 71.2s
[12:32:50.135] [P1-C07]   chunk_07 rep5/5: 71.1s
[12:34:00.420] [P1-C08]   chunk_08 rep1/5: 69.9s
[12:35:10.775] [P1-C08]   chunk_08 rep2/5: 70.0s
[12:36:21.106] [P1-C08]   chunk_08 rep3/5: 70.0s
[12:37:31.449] [P1-C08]   chunk_08 rep4/5: 70.0s
[12:38:41.746] [P1-C08]   chunk_08 rep5/5: 69.9s
[12:39:49.373] [P1-C09]   chunk_09 rep1/5: 67.3s
[12:40:56.971] [P1-C09]   chunk_09 rep2/5: 67.2s
[12:42:04.596] [P1-C09]   chunk_09 rep3/5: 67.3s
[12:43:12.324] [P1-C09]   chunk_09 rep4/5: 67.4s
[12:44:19.909] [P1-C09]   chunk_09 rep5/5: 67.2s
[12:44:20.921]   Instance i-042a2be318a920093 terminated.
[12:44:20.921] 
[12:44:20.921] ============================================================
[12:44:20.921] PART 1 RESULTS — Per-chunk encoding time (libx265, m7g.large)
[12:44:20.921] Chunk    Times (s)                                                  Med   Stdev    CV%
[12:44:20.921] -------------------------------------------------------------------------------------
[12:44:20.922] chunk_00  73.3  73.0  73.1  73.2  73.1                              73.1    0.12    0.2%
[12:44:20.922] chunk_01  62.3  62.3  62.2  62.3  62.3                              62.3    0.03    0.1%
[12:44:20.922] chunk_02  70.3  70.4  70.3  70.4  70.3                              70.3    0.03    0.0%
[12:44:20.922] chunk_03  70.5  70.4  70.3  70.5  70.5                              70.5    0.07    0.1%
[12:44:20.922] chunk_04  70.4  70.5  70.4  70.4  70.5                              70.4    0.05    0.1%
[12:44:20.922] chunk_05  67.5  67.5  67.5  68.3  67.4                              67.5    0.38    0.6%
[12:44:20.922] chunk_06  70.0  70.0  70.0  70.0  70.0                              70.0    0.01    0.0%
[12:44:20.922] chunk_07  71.2  71.2  71.3  71.2  71.1                              71.2    0.05    0.1%
[12:44:20.922] chunk_08  69.9  70.0  70.0  70.0  69.9                              70.0    0.03    0.0%
[12:44:20.922] chunk_09  67.3  67.2  67.3  67.4  67.2                              67.3    0.06    0.1%
[12:44:20.922] -------------------------------------------------------------------------------------
[12:44:20.923] GLOBAL   (all chunks × all reps)                                   70.2    2.84    4.1%
[12:44:20.923] ============================================================
[12:44:20.923] Raw data saved to part1_encoding_isolation_20260326_124420.json
