[19:36:34.423] ======================================================================
[19:36:34.423] CONFIGURATION
[19:36:34.423]   Instance type:  m7g.large → effective: m7g.large
[19:36:34.423]   Strategy:       serial
[19:36:34.423]   Codec:          libx264
[19:36:34.423]   Threads:        5
[19:36:34.423]   Region:         us-east-1
[19:36:34.423]   AMI:            ami-0976d56fa61f42304
[19:36:34.423]   Architecture:   aarch64
[19:36:34.423]   Runs:           30
[19:36:34.423] ======================================================================
[19:36:35.187] === Phase 3.2 Serial: 1x c7g.large ===
[19:36:35.187] AMI: ami-0976d56fa61f42304 | Codec: libx265 | Threads: 5 | Runs: 30
[19:36:35.187] [m7g.large-Serial] Launching EC2 instance...
[19:36:37.457] [c7g.large-Serial] [19:39:11.274] Horizontal Run 1 completed in 156.88s
[19:39:11.274] --- Horizontal Run 2/30 ---
[19:39:11.274] [Setup] Splitting video...
[19:41:02.518] Horizontal Run 2 completed in 111.24s
[19:41:02.518] --- Horizontal Run 3/30 ---
[19:41:02.518] [Setup] Splitting video...
[19:42:46.212] Horizontal Run 3 completed in 103.69s
[19:42:46.213] --- Horizontal Run 4/30 ---
[19:42:46.213] [Setup] Splitting video...
[19:44:41.290] Horizontal Run 4 completed in 115.08s
[19:44:41.291] --- Horizontal Run 5/30 ---
[19:44:41.291] [Setup] Splittin[1[19:50:32.135] [m7g.large-Serial] Done: 702.62[1[19:50:37.135] [m7g.large-Serial] --- Run 2/30 ---
[19:50:37.451] [m7g.large-Serial] Running: ffmpeg -i /home/ubuntu/input.mp4 -c:v libx265 -preset slow -b:v 2M -threads 5 /home/ubuntu/output.mp[20:02:18.190] [c7g.large-Serial] Done: 702.27s
[20:02:23.191] [c7g.large-Serial] --- Run 3/30 ---
[20:02:23.415] [c7g.large-Serial] Running: ffmpeg -i /home/ubuntu/input.mp4 -c:v libx265 -preset slow -b:v 2M -threads 5 /home/ubuntu/output.mp4
[20:14:05.467] [c7g.large-Serial] Done: 702.28s
[20:14:10.467] [c7g.large-Serial] --- Run 4/30 ---
[20:14:10.709] [c7g.large-Serial] Running: ffmpeg -i /home/ubuntu/input.mp4 -c:v libx265 -preset slow -b:v 2M -threads 5 /home/ubuntu/output.mp4
[20:25:53.334] [c7g.large-Serial] Done: 702.87s
[20:25:58.334] [c7g.large-Serial] --- Run 5/30 ---
[20:25:58.560] [c7g.large-Serial] Running: ffmpeg -i /home/ubuntu/input.mp4 -c:v libx265 -preset slow -b:v 2M -threads 5 /home/ubuntu/output.mp4
[20:37:41.360] [c7g.large-Serial] Done: 703.03s
[20:37:46.360] [c7g.large-Serial] --- Run 6/30 ---
[20:37:46.586] [c7g.large-Serial] Running: ffmpeg -i /home/ubuntu/input.mp4 -c:v libx265 -preset slow -b:v 2M -threads 5 /home/ubuntu/output.mp4
[20:49:28.466] [c7g.large-Serial] Done: 702.11s
[20:49:33.467] [c7g.large-Serial] --- Run 7/30 ---
[20:49:33.693] [c7g.large-Serial] Running: ffmpeg -i /home/ubuntu/input.mp4 -c:v libx265 -preset slow -b:v 2M -threads 5 /home/ubuntu/output.mp4
[21:01:22.846] [c7g.large-Serial] Done: 709.38s
[21:01:27.846] [c7g.large-Serial] --- Run 8/30 ---
[21:01:28.352] [c7g.large-Serial] Running: ffmpeg -i /home/ubuntu/input.mp4 -c:v libx265 -preset slow -b:v 2M -threads 5 /home/ubuntu/output.mp4
[21:13:10.394] [c7g.large-Serial] Done: 702.55s
[21:13:15.395] [c7g.large-Serial] --- Run 9/30 ---
[21:13:15.635] [c7g.large-Serial] Running: ffmpeg -i /home/ubuntu/input.mp4 -c:v libx265 -preset slow -b:v 2M -threads 5 /home/ubuntu/output.mp4
[21:24:57.678] [c7g.large-Serial] Done: 702.28s
[21:25:02.679] [c7g.large-Serial] --- Run 10/30 ---
[21:25:02.906] [c7g.large-Serial] Running: ffmpeg -i /home/ubuntu/input.mp4 -c:v libx265 -preset slow -b:v 2M -threads 5 /home/ubuntu/output.mp4
[21:36:44.792] [c7g.large-Serial] Done: 702.11s
[21:36:49.793] [c7g.large-Serial] --- Run 11/30 ---
[21:36:50.019] [c7g.large-Serial] Running: ffmpeg -i /home/ubuntu/input.mp4 -c:v libx265 -preset slow -b:v 2M -threads 5 /home/ubuntu/output.mp4
[21:48:31.771] [c7g.large-Serial] Done: 701.98s
[21:48:36.772] [c7g.large-Serial] --- Run 12/30 ---
[21:48:36.998] [c7g.large-Serial] Running: ffmpeg -i /home/ubuntu/input.mp4 -c:v libx265 -preset slow -b:v 2M -threads 5 /home/ubuntu/output.mp4
[22:00:18.916] [c7g.large-Serial] Done: 702.14s
[22:00:23.917] [c7g.large-Serial] --- Run 13/30 ---
[22:00:24.179] [c7g.large-Serial] Running: ffmpeg -i /home/ubuntu/input.mp4 -c:v libx265 -preset slow -b:v 2M -threads 5 /home/ubuntu/output.mp4
[22:12:06.430] [c7g.large-Serial] Done: 702.51s
[22:12:11.431] [c7g.large-Serial] --- Run 14/30 ---
[22:12:11.656] [c7g.large-Serial] Running: ffmpeg -i /home/ubuntu/input.mp4 -c:v libx265 -preset slow -b:v 2M -threads 5 /home/ubuntu/output.mp4
[22:23:53.761] [c7g.large-Serial] Done: 702.33s
[22:23:58.762] [c7g.large-Serial] --- Run 15/30 ---
[22:23:58.987] [c7g.large-Serial] Running: ffmpeg -i /home/ubuntu/input.mp4 -c:v libx265 -preset slow -b:v 2M -threads 5 /home/ubuntu/output.mp4
[22:35:40.888] [c7g.large-Serial] Done: 702.13s
[22:35:45.889] [c7g.large-Serial] --- Run 16/30 ---
[22:35:46.213] [c7g.large-Serial] Running: ffmpeg -i /home/ubuntu/input.mp4 -c:v libx265 -preset slow -b:v 2M -threads 5 /home/ubuntu/output.mp4
[22:47:28.499] [c7g.large-Serial] Done: 702.61s
[22:47:33.500] [c7g.large-Serial] --- Run 17/30 ---
[22:47:33.886] [c7g.large-Serial] Running: ffmpeg -i /home/ubuntu/input.mp4 -c:v libx265 -preset slow -b:v 2M -threads 5 /home/ubuntu/output.mp4
[22:59:15.546] [c7g.large-Serial] Done: 702.05s
[22:59:20.547] [c7g.large-Serial] --- Run 18/30 ---
[22:59:20.771] [c7g.large-Serial] Running: ffmpeg -i /home/ubuntu/input.mp4 -c:v libx265 -preset slow -b:v 2M -threads 5 /home/ubuntu/output.mp4
[23:11:02.167] [c7g.large-Serial] Done: 701.62s
[23:11:07.168] [c7g.large-Serial] --- Run 19/30 ---
[23:11:07.394] [c7g.large-Serial] Running: ffmpeg -i /home/ubuntu/input.mp4 -c:v libx265 -preset slow -b:v 2M -threads 5 /home/ubuntu/output.mp4
[23:22:49.277] [c7g.large-Serial] Done: 702.11s
[23:22:54.277] [c7g.large-Serial] --- Run 20/30 ---
[23:22:54.503] [c7g.large-Serial] Running: ffmpeg -i /home/ubuntu/input.mp4 -c:v libx265 -preset slow -b:v 2M -threads 5 /home/ubuntu/output.mp4
[23:34:36.384] [c7g.large-Serial] Done: 702.11s
[23:34:41.384] [c7g.large-Serial] --- Run 21/30 ---
[23:34:41.609] [c7g.large-Serial] Running: ffmpeg -i /home/ubuntu/input.mp4 -c:v libx265 -preset slow -b:v 2M -threads 5 /home/ubuntu/output.mp4
[23:46:23.381] [c7g.large-Serial] Done: 702.00s
[23:46:28.382] [c7g.large-Serial] --- Run 22/30 ---
[23:46:28.611] [c7g.large-Serial] Running: ffmpeg -i /home/ubuntu/input.mp4 -c:v libx265 -preset slow -b:v 2M -threads 5 /home/ubuntu/output.mp4
[23:58:10.615] [c7g.large-Serial] Done: 702.23s
[23:58:15.615] [c7g.large-Serial] --- Run 23/30 ---
[23:58:15.842] [c7g.large-Serial] Running: ffmpeg -i /home/ubuntu/input.mp4 -c:v libx265 -preset slow -b:v 2M -threads 5 /home/ubuntu/output.mp4
[00:09:57.707] [c7g.large-Serial] Done: 702.09s
[00:10:02.708] [c7g.large-Serial] --- Run 24/30 ---
[00:10:02.935] [c7g.large-Serial] Running: ffmpeg -i /home/ubuntu/input.mp4 -c:v libx265 -preset slow -b:v 2M -threads 5 /home/ubuntu/output.mp4
[00:21:45.227] [c7g.large-Serial] Done: 702.52s
[00:21:50.228] [c7g.large-Serial] --- Run 25/30 ---
[00:21:50.453] [c7g.large-Serial] Running: ffmpeg -i /home/ubuntu/input.mp4 -c:v libx265 -preset slow -b:v 2M -threads 5 /home/ubuntu/output.mp4
[00:33:31.911] [c7g.large-Serial] Done: 701.68s
[00:33:36.912] [c7g.large-Serial] --- Run 26/30 ---
[00:33:37.190] [c7g.large-Serial] Running: ffmpeg -i /home/ubuntu/input.mp4 -c:v libx265 -preset slow -b:v 2M -threads 5 /home/ubuntu/output.mp4
[00:45:19.160] [c7g.large-Serial] Done: 702.25s
[00:45:24.161] [c7g.large-Serial] --- Run 27/30 ---
[00:45:24.385] [c7g.large-Serial] Running: ffmpeg -i /home/ubuntu/input.mp4 -c:v libx265 -preset slow -b:v 2M -threads 5 /home/ubuntu/output.mp4
[00:57:06.589] [c7g.large-Serial] Done: 702.43s
[00:57:11.589] [c7g.large-Serial] --- Run 28/30 ---
[00:57:11.818] [c7g.large-Serial] Running: ffmpeg -i /home/ubuntu/input.mp4 -c:v libx265 -preset slow -b:v 2M -threads 5 /home/ubuntu/output.mp4
[01:08:53.517] [c7g.large-Serial] Done: 701.93s
[01:08:58.518] [c7g.large-Serial] --- Run 29/30 ---
[01:08:58.742] [c7g.large-Serial] Running: ffmpeg -i /home/ubuntu/input.mp4 -c:v libx265 -preset slow -b:v 2M -threads 5 /home/ubuntu/output.mp4
[01:20:40.669] [c7g.large-Serial] Done: 702.15s
[01:20:45.669] [c7g.large-Serial] --- Run 30/30 ---
[01:20:45.895] [c7g.large-Serial] Running: ffmpeg -i /home/ubuntu/input.mp4 -c:v libx265 -preset slow -b:v 2M -threads 5 /home/ubuntu/output.mp4
[01:32:27.731] [c7g.large-Serial] Done: 702.06s
[01:32:28.785] [c7g.large-Serial] Instance terminated.
[01:32:28.791] 
======================================================================
[01:32:28.792] AGGREGATE RESULTS — 30/30 successful runs
[01:32:28.792]   Instance:  c7g.large | Strategy: serial
[01:32:28.792]   Codec:     libx265
[01:32:28.792]   Mean:      702.59s
[01:32:28.792]   Median:    702.19s
[01:32:28.792]   Stdev:     1.47s
[01:32:28.792]   Min:       701.62s
[01:32:28.792]   Max:       709.38s
[01:32:28.792] ======================================================================
=
   416.46s
[22:27:08.442] ======================================================================
