[12:48:57.225] === Chunk Sensitivity: 20x t3.micro (30s/chunk) ===
[12:48:57.225] AMI: ami-06c7c20c67513469a | Codec: libx264 | Threads: 5
[12:48:57.225] [Setup] Starting video split...
[12:48:57.273] [Setup] Video: 600.0s → 20 parts of 30.0s each
[12:49:00.103] [Setup] Video split complete.
[12:49:00.103] [Summary] SPLIT TIME: 2.88s
[12:49:01.289] [Part 14] Launching t3.micro...[12:49:01.296] [Part 15] Launching t3.micro...[12:49:01.303] [Part 06] Launching t3.micro...


[12:49:01.322] [Part 12] Launching t3.micro...
[12:49:01.332] [Part 07] Launching t3.micro...
[12:49:01.352] [Part 08] Launching t3.micro...[12:49:01.353] [Part 18] Launching t3.micro...[12:49:01.359] [Part 10] Launching t3.micro...


[12:49:01.370] [Part 19] Launching t3.micro...
[12:49:01.386] [Part 04] Launching t3.micro...
[12:49:01.396] [Part 16] Launching t3.micro...
[12:49:01.407] [Part 17] Launching t3.micro...
[12:49:01.416] [Part 03] Launching t3.micro...
[12:49:01.425] [Part 11] Launching t3.micro...
[12:49:01.439] [Part 00] Launching t3.micro...[12:49:01.542] [Part 05] Launching t3.micro...

[12:49:01.568] [Part 09] Launching t3.micro...
[12:49:01.574] [Part 13] Launching t3.micro...
[12:49:01.585] [Part 02] Launching t3.micro...
[12:49:01.592] [Part 01] Launching t3.micro...
[12:49:18.899] [Part 18] Instance up in 17.5s. IP: 44.200.219.113[12:49:18.903] [Part 06] Instance up in 17.6s. IP: 32.192.195.30
[12:49:18.909] [Part 16] Instance up in 17.5s. IP: 35.175.108.19[12:49:18.930] [Part 15] Instance up in 17.6s. IP: 44.200.61.56


[12:49:18.940] [Part 12] Instance up in 17.6s. IP: 44.196.58.216
[12:49:18.978] [Part 11] Instance up in 17.6s. IP: 3.239.165.95
[12:49:18.983] [Part 17] Instance up in 17.6s. IP: 44.193.80.208
[12:49:19.010] [Part 04] Instance up in 17.6s. IP: 44.200.163.147
[12:49:19.014] [Part 02] Instance up in 17.4s. IP: 44.214.2.199
[12:49:19.031] [Part 00] Instance up in 17.6s. IP: 13.223.224.46
[12:49:19.043] [Part 03] Instance up in 17.6s. IP: 3.221.159.193
[12:49:19.053] [Part 05] Instance up in 17.5s. IP: 32.192.197.137
[12:49:19.057] [Part 10] Instance up in 17.7s. IP: 13.219.249.129
[12:49:19.100] [Part 08] Instance up in 17.7s. IP: 3.237.76.93
[12:49:19.104] [Part 09] Instance up in 17.5s. IP: 3.215.185.43
[12:49:19.106] [Part 07] Instance up in 17.8s. IP: 44.197.187.177
[12:49:19.107] [Part 19] Instance up in 17.7s. IP: 44.215.110.64
[12:49:19.108] [Part 01] Instance up in 17.5s. IP: 100.48.7.188
[12:49:19.120] [Part 14] Instance up in 17.8s. IP: 100.27.7.116
[12:49:19.340] [Part 13] Instance up in 17.8s. IP: 13.220.44.226
[12:49:50.889] [Part 18] Uploading segment...
[12:49:51.015] [Part 04] Uploading segment...
[12:49:51.235] [Part 17] Uploading segment...
[12:49:51.251] [Part 16] Uploading segment...
[12:49:51.272] [Part 10] Uploading segment...
[12:49:51.292] [Part 05] Uploading segment...
[12:49:51.319] [Part 06] Uploading segment...
[12:49:51.325] [Part 00] Uploading segment...
[12:49:51.332] [Part 19] Uploading segment...
[12:49:51.358] [Part 08] Uploading segment...
[12:49:51.377] [Part 11] Uploading segment...
[12:49:51.423] [Part 12] Uploading segment...
[12:49:51.460] [Part 14] Uploading segment...[12:49:51.461] [Part 03] Uploading segment...

[12:49:51.472] [Part 15] Uploading segment...
[12:49:51.568] [Part 02] Uploading segment...
[12:49:51.583] [Part 07] Uploading segment...
[12:49:51.697] [Part 01] Uploading segment...
[12:49:51.699] [Part 09] Uploading segment...
[12:49:51.784] [Part 13] Uploading segment...
[12:49:52.035] [Part 18] Running compression...
[12:49:52.161] [Part 04] Running compression...
[12:49:52.371] [Part 16] Running compression...
[12:49:52.378] [Part 19] Running compression...
[12:49:52.380] [Part 10] Running compression...
[12:49:52.430] [Part 06] Running compression...
[12:49:52.463] [Part 05] Running compression...
[12:49:52.494] [Part 08] Running compression...
[12:49:52.529] [Part 00] Running compression...
[12:49:52.581] [Part 17] Running compression...
[12:49:52.614] [Part 15] Running compression...
[12:49:52.680] [Part 14] Running compression...
[12:49:52.702] [Part 02] Running compression...
[12:49:52.772] [Part 12] Running compression...
[12:49:52.782] [Part 07] Running compression...
[12:49:52.783] [Part 11] Running compression...
[12:49:52.806] [Part 01] Running compression...
[12:49:52.808] [Part 03] Running compression...
[12:49:52.876] [Part 09] Running compression...
[12:49:52.891] [Part 13] Running compression...
[12:49:57.542] [Part 01] Encoding done in 4.7s. Downloading...
[12:49:57.892] [Part 11] Encoding done in 5.1s. Downloading...
[12:49:57.906] [Part 19] Encoding done in 5.5s. Downloading...
[12:49:58.020] [Part 03] Encoding done in 5.2s. Downloading...
[12:49:58.710] [Part 18] Encoding done in 6.7s. Downloading...
[12:49:58.830] [Part 08] Encoding done in 6.3s. Downloading...
[12:49:58.864] [Part 16] Encoding done in 6.5s. Downloading...
[12:49:59.143] [Part 01] Part complete!
[12:49:59.276] [Part 06] Encoding done in 6.8s. Downloading...
[12:49:59.365] [Part 12] Encoding done in 6.6s. Downloading...
[12:49:59.425] [Part 14] Encoding done in 6.7s. Downloading...
[12:49:59.425] [Part 02] Encoding done in 6.7s. Downloading...
[12:49:59.448] [Part 10] Encoding done in 7.1s. Downloading...
[12:49:59.456] [Part 04] Encoding done in 7.3s. Downloading...
[12:49:59.476] [Part 19] Part complete!
[12:49:59.498] [Part 11] Part complete!
[12:49:59.553] [Part 05] Encoding done in 7.1s. Downloading...
[12:49:59.657] [Part 01] Instance terminated.
[12:49:59.663] [Part 03] Part complete!
[12:49:59.749] [Part 15] Encoding done in 7.1s. Downloading...
[12:49:59.753] [Part 07] Encoding done in 7.0s. Downloading...
[12:49:59.984] [Part 19] Instance terminated.
[12:50:00.004] [Part 13] Encoding done in 7.1s. Downloading...
[12:50:00.038] [Part 11] Instance terminated.
[12:50:00.219] [Part 03] Instance terminated.
[12:50:00.483] [Part 17] Encoding done in 7.9s. Downloading...
[12:50:00.566] [Part 08] Part complete!
[12:50:00.571] [Part 16] Part complete!
[12:50:00.658] [Part 18] Part complete!
[12:50:00.769] [Part 09] Encoding done in 7.9s. Downloading...
[12:50:01.005] [Part 00] Encoding done in 8.5s. Downloading...
[12:50:01.072] [Part 06] Part complete!
[12:50:01.076] [Part 16] Instance terminated.
[12:50:01.121] [Part 02] Part complete!
[12:50:01.124] [Part 08] Instance terminated.
[12:50:01.127] [Part 14] Part complete!
[12:50:01.162] [Part 12] Part complete!
[12:50:01.183] [Part 10] Part complete!
[12:50:01.237] [Part 18] Instance terminated.
[12:50:01.339] [Part 05] Part complete!
[12:50:01.358] [Part 04] Part complete!
[12:50:01.592] [Part 15] Part complete!
[12:50:01.631] [Part 02] Instance terminated.
[12:50:01.666] [Part 06] Instance terminated.
[12:50:01.670] [Part 14] Instance terminated.
[12:50:01.698] [Part 07] Part complete!
[12:50:01.713] [Part 12] Instance terminated.
[12:50:01.779] [Part 10] Instance terminated.
[12:50:01.907] [Part 04] Instance terminated.
[12:50:01.911] [Part 13] Part complete!
[12:50:01.930] [Part 05] Instance terminated.
[12:50:02.175] [Part 15] Instance terminated.
[12:50:02.219] [Part 07] Instance terminated.
[12:50:02.323] [Part 17] Part complete!
[12:50:02.445] [Part 13] Instance terminated.
[12:50:02.513] [Part 09] Part complete!
[12:50:02.807] [Part 00] Part complete!
[12:50:02.906] [Part 17] Instance terminated.
[12:50:03.070] [Part 09] Instance terminated.
[12:50:03.403] [Part 00] Instance terminated.
[12:50:03.413] ============================================================
[12:50:03.413] RESULTS — 20x t3.micro | 30s/chunk
[12:50:03.413]   Total Time:    66.19s  (1.103 min)
[12:50:03.413]   Split Time:    2.88s
[12:50:03.413]   Parallel Time: 63.31s  (1.055 min)
[12:50:03.413]   Setup Overhead: ~2.88s + 30s SSH wait per instance
[12:50:03.413] ============================================================
