[12:53:58.966] === Chunk Sensitivity: 5x t3.micro (120s/chunk) ===
[12:53:58.966] AMI: ami-06c7c20c67513469a | Codec: libx264 | Threads: 5
[12:53:58.966] [Setup] Starting video split...
[12:53:59.015] [Setup] Video: 600.0s → 5 parts of 120.0s each
[12:53:59.792] [Setup] Video split complete.
[12:53:59.792] [Summary] SPLIT TIME: 0.83s
[12:54:00.313] [Part 04] Launching t3.micro...
[12:54:00.330] [Part 02] Launching t3.micro...[12:54:00.332] [Part 00] Launching t3.micro...

[12:54:00.345] [Part 01] Launching t3.micro...
[12:54:00.353] [Part 03] Launching t3.micro...
[12:54:17.678] [Part 02] Instance up in 17.3s. IP: 18.209.245.202
[12:54:17.719] [Part 00] Instance up in 17.4s. IP: 44.201.28.62
[12:54:17.749] [Part 04] Instance up in 17.4s. IP: 3.238.162.209
[12:54:17.761] [Part 01] Instance up in 17.4s. IP: 35.172.232.50
[12:54:17.787] [Part 03] Instance up in 17.4s. IP: 3.235.13.254
[12:54:49.879] [Part 02] Uploading segment...
[12:54:49.881] [Part 04] Uploading segment...
[12:54:49.894] [Part 00] Uploading segment...
[12:54:50.004] [Part 01] Uploading segment...
[12:54:50.026] [Part 03] Uploading segment...
[12:54:51.816] [Part 02] Running compression...
[12:54:51.870] [Part 04] Running compression...
[12:54:51.974] [Part 00] Running compression...
[12:54:52.074] [Part 01] Running compression...
[12:54:52.316] [Part 03] Running compression...
[12:55:13.311] [Part 02] Encoding done in 21.5s. Downloading...
[12:55:13.386] [Part 00] Encoding done in 21.4s. Downloading...
[12:55:14.380] [Part 04] Encoding done in 22.5s. Downloading...
[12:55:15.483] [Part 03] Encoding done in 23.2s. Downloading...
[12:55:15.779] [Part 01] Encoding done in 23.7s. Downloading...
[12:55:16.408] [Part 02] Part complete!
[12:55:16.583] [Part 00] Part complete!
[12:55:16.932] [Part 02] Instance terminated.
[12:55:17.159] [Part 00] Instance terminated.
[12:55:17.732] [Part 04] Part complete!
[12:55:18.292] [Part 04] Instance terminated.
[12:55:18.877] [Part 03] Part complete!
[12:55:19.192] [Part 01] Part complete!
[12:55:19.411] [Part 03] Instance terminated.
[12:55:19.739] [Part 01] Instance terminated.
[12:55:19.753] ============================================================
[12:55:19.753] RESULTS — 5x t3.micro | 120s/chunk
[12:55:19.753]   Total Time:    80.79s  (1.346 min)
[12:55:19.754]   Split Time:    0.83s
[12:55:19.754]   Parallel Time: 79.96s  (1.333 min)
[12:55:19.754]   Setup Overhead: ~0.83s + 30s SSH wait per instance
[12:55:19.754] ============================================================
