[09:40:03.778] === Phase 3.2 OPTIMIZED Vertical Scaling: 1x c5.4xlarge ===
[09:40:03.840] Codec: libx264, Threads: 10, Preset: slow
[09:40:03.840] [c5.4xlarge-Vertical] Launching EC2 instance...
[09:40:03.876] [c5.4xlarge-Vertical] [vCPU] Acquired 16 slots.
[09:40:12.325] [c5.4xlarge-Vertical] Instance i-028f2cc745efe2243 launched. Waiting for running...
[09:40:28.042] [c5.4xlarge-Vertical] Instance ready. IP: 3.85.127.56
[09:40:54.243] [c5.4xlarge-Vertical] SSH connected.
[09:40:55.284] [c5.4xlarge-Vertical] CPU found: Intel(R) Xeon(R) Platinum 8275CL CPU @ 3.00GHz
[09:40:55.287] [c5.4xlarge-Vertical] CPU correct. Proceeding.
[09:40:55.289] [c5.4xlarge-Vertical] CPU: Intel(R) Xeon(R) Platinum 8275CL CPU @ 3.00GHz
[09:40:55.292] [c5.4xlarge-Vertical] Uploading 10-minute video...
[09:44:50.188] [c5.4xlarge-Vertical] Upload complete.
[09:44:50.188] [c5.4xlarge-Vertical] SETUP TIME: 286.29s (4.77 min)
[09:44:50.189] [c5.4xlarge-Vertical] Running: ffmpeg -i /home/ubuntu/input.mp4 -c:v libx264 -preset slow -b:v 2M -threads 10 -max_muxing_queue_size 1024 -y /home/ubuntu/output.mp4
[09:45:22.364] [c5.4xlarge-Vertical] ENCODING TIME: 32.17s (0.54 min)
[09:45:23.320] [c5.4xlarge-Vertical] Instance terminated.
[09:45:23.320] [c5.4xlarge-Vertical] [vCPU] Released 16 slots.
[09:45:23.320] [c5.4xlarge-Vertical] ============================================================
[09:45:23.320] [c5.4xlarge-Vertical] RESULTS — c5.4xlarge Vertical
[09:45:23.320] [c5.4xlarge-Vertical]   Total Time:    319.42s (5.32 min)
[09:45:23.321] [c5.4xlarge-Vertical]   Setup Time:    286.29s (4.77 min)
[09:45:23.321] [c5.4xlarge-Vertical]   Encoding Time: 32.17s (0.54 min)
[09:45:23.321] [c5.4xlarge-Vertical]   Setup %:       89.6%
[09:45:23.321] [c5.4xlarge-Vertical] ============================================================
