[09:40:03.464] === Phase 3.2 OPTIMIZED Vertical Scaling: 1x c5.4xlarge ===
[09:40:03.482] Codec: libx264, Threads: 10, Preset: slow
[09:40:03.497] [c5.4xlarge-Vertical] Launching EC2 instance...
[09:40:03.511] [c5.4xlarge-Vertical] [vCPU] Acquired 16 slots.
[09:40:05.923] [c5.4xlarge-Vertical] Instance i-05914da90a9dc88a8 launched. Waiting for running...
[09:40:22.107] [c5.4xlarge-Vertical] Instance ready. IP: 107.22.56.63
[09:40:48.243] [c5.4xlarge-Vertical] SSH connected.
[09:40:49.297] [c5.4xlarge-Vertical] CPU found: Intel(R) Xeon(R) Platinum 8124M CPU @ 3.00GHz
[09:40:49.298] [c5.4xlarge-Vertical] CPU mismatch (attempt 1/15): got 'Intel(R) Xeon(R) Platinum 8124M CPU @ 3.00GHz', expected 'Intel(R) Xeon(R) Platinum 8275CL CPU @ 3.00GHz'. Terminating and retrying...
[09:40:49.886] [c5.4xlarge-Vertical] [vCPU] Released 16 slots.
[09:42:55.068] [c5.4xlarge-Vertical] [vCPU] Acquired 16 slots.
[09:42:56.871] [c5.4xlarge-Vertical] Error on attempt 2: An error occurred (VcpuLimitExceeded) when calling the RunInstances operation: You have requested more vCPU capacity than your current vCPU limit of 436 allows for the instance bucket that the specified instance type belongs to. Please visit http://aws.amazon.com/contact-us/ec2-request to request an adjustment to this limit.
[09:42:56.871] [c5.4xlarge-Vertical] [vCPU] Released 16 slots.
[09:43:28.637] [c5.4xlarge-Vertical] [vCPU] Acquired 16 slots.
[09:43:30.800] [c5.4xlarge-Vertical] Instance i-0020d7973ec35232d launched. Waiting for running...
[09:43:46.778] [c5.4xlarge-Vertical] Instance ready. IP: 3.94.251.116
[09:44:12.986] [c5.4xlarge-Vertical] SSH connected.
[09:44:14.155] [c5.4xlarge-Vertical] CPU found: Intel(R) Xeon(R) Platinum 8275CL CPU @ 3.00GHz
[09:44:14.157] [c5.4xlarge-Vertical] CPU correct. Proceeding.
[09:44:14.159] [c5.4xlarge-Vertical] CPU: Intel(R) Xeon(R) Platinum 8275CL CPU @ 3.00GHz
[09:44:14.159] [c5.4xlarge-Vertical] Uploading 10-minute video...
[09:44:53.648] [c5.4xlarge-Vertical] Upload complete.
[09:44:53.650] [c5.4xlarge-Vertical] SETUP TIME: 85.01s (1.42 min)
[09:44:53.651] [c5.4xlarge-Vertical] Running: ffmpeg -i /home/ubuntu/input.mp4 -c:v libx264 -preset slow -b:v 2M -threads 10 -max_muxing_queue_size 1024 -y /home/ubuntu/output.mp4
[09:45:24.884] [c5.4xlarge-Vertical] ENCODING TIME: 31.23s (0.52 min)
[09:45:26.130] [c5.4xlarge-Vertical] Instance terminated.
[09:45:26.131] [c5.4xlarge-Vertical] [vCPU] Released 16 slots.
[09:45:26.133] [c5.4xlarge-Vertical] ============================================================
[09:45:26.133] [c5.4xlarge-Vertical] RESULTS — c5.4xlarge Vertical
[09:45:26.134] [c5.4xlarge-Vertical]   Total Time:    117.49s (1.96 min)
[09:45:26.134] [c5.4xlarge-Vertical]   Setup Time:    85.01s (1.42 min)
[09:45:26.134] [c5.4xlarge-Vertical]   Encoding Time: 31.23s (0.52 min)
[09:45:26.134] [c5.4xlarge-Vertical]   Setup %:       72.4%
[09:45:26.134] [c5.4xlarge-Vertical] ============================================================
