[09:26:26.311] === Phase 3.2 Vertical Scaling: 1x c5.4xlarge ===
[09:26:26.334] Codec: libx264, Threads: 10, Preset: slow
[09:26:26.343] [c5.4xlarge-Vertical] Launching EC2 instance...
[09:26:26.387] [c5.4xlarge-Vertical] [vCPU] Acquired 16 slots.
[09:26:36.930] [c5.4xlarge-Vertical] Instance i-01469bfdde639d8ab launched. Waiting for running...
[09:26:52.720] [c5.4xlarge-Vertical] Instance ready. IP: 54.198.149.131
[09:27:18.697] [c5.4xlarge-Vertical] SSH connected.
[09:27:19.750] [c5.4xlarge-Vertical] CPU found: Intel(R) Xeon(R) Platinum 8124M CPU @ 3.00GHz
[09:27:19.750] [c5.4xlarge-Vertical] CPU mismatch (attempt 1/15): got 'Intel(R) Xeon(R) Platinum 8124M CPU @ 3.00GHz', expected 'Intel(R) Xeon(R) Platinum 8275CL CPU @ 3.00GHz'. Terminating and retrying...
[09:27:20.283] [c5.4xlarge-Vertical] [vCPU] Released 16 slots.
[09:27:30.283] [c5.4xlarge-Vertical] [vCPU] Acquired 16 slots.
[09:27:31.151] [c5.4xlarge-Vertical] Error on attempt 2: An error occurred (VcpuLimitExceeded) when calling the RunInstances operation: You have requested more vCPU capacity than your current vCPU limit of 436 allows for the instance bucket that the specified instance type belongs to. Please visit http://aws.amazon.com/contact-us/ec2-request to request an adjustment to this limit.
[09:27:31.151] [c5.4xlarge-Vertical] [vCPU] Released 16 slots.
[09:27:41.155] [c5.4xlarge-Vertical] [vCPU] Acquired 16 slots.
[09:27:42.622] [c5.4xlarge-Vertical] Error on attempt 3: An error occurred (VcpuLimitExceeded) when calling the RunInstances operation: You have requested more vCPU capacity than your current vCPU limit of 436 allows for the instance bucket that the specified instance type belongs to. Please visit http://aws.amazon.com/contact-us/ec2-request to request an adjustment to this limit.
[09:27:42.622] [c5.4xlarge-Vertical] [vCPU] Released 16 slots.
[09:27:52.622] [c5.4xlarge-Vertical] [vCPU] Acquired 16 slots.
[09:27:56.867] [c5.4xlarge-Vertical] Instance i-0857ae66cd32bb91a launched. Waiting for running...
[09:28:12.690] [c5.4xlarge-Vertical] Instance ready. IP: 3.85.130.9
[09:28:38.815] [c5.4xlarge-Vertical] SSH connected.
[09:28:40.126] [c5.4xlarge-Vertical] CPU found: Intel(R) Xeon(R) Platinum 8124M CPU @ 3.00GHz
[09:28:40.126] [c5.4xlarge-Vertical] CPU mismatch (attempt 4/15): got 'Intel(R) Xeon(R) Platinum 8124M CPU @ 3.00GHz', expected 'Intel(R) Xeon(R) Platinum 8275CL CPU @ 3.00GHz'. Terminating and retrying...
[09:28:40.742] [c5.4xlarge-Vertical] [vCPU] Released 16 slots.
[09:28:50.743] [c5.4xlarge-Vertical] [vCPU] Acquired 16 slots.
[09:28:51.696] [c5.4xlarge-Vertical] Error on attempt 5: An error occurred (VcpuLimitExceeded) when calling the RunInstances operation: You have requested more vCPU capacity than your current vCPU limit of 436 allows for the instance bucket that the specified instance type belongs to. Please visit http://aws.amazon.com/contact-us/ec2-request to request an adjustment to this limit.
[09:28:51.696] [c5.4xlarge-Vertical] [vCPU] Released 16 slots.
[09:29:01.697] [c5.4xlarge-Vertical] [vCPU] Acquired 16 slots.
[09:29:03.292] [c5.4xlarge-Vertical] Error on attempt 6: An error occurred (VcpuLimitExceeded) when calling the RunInstances operation: You have requested more vCPU capacity than your current vCPU limit of 436 allows for the instance bucket that the specified instance type belongs to. Please visit http://aws.amazon.com/contact-us/ec2-request to request an adjustment to this limit.
[09:29:03.294] [c5.4xlarge-Vertical] [vCPU] Released 16 slots.
[09:29:13.295] [c5.4xlarge-Vertical] [vCPU] Acquired 16 slots.
[09:29:14.935] [c5.4xlarge-Vertical] Error on attempt 7: An error occurred (VcpuLimitExceeded) when calling the RunInstances operation: You have requested more vCPU capacity than your current vCPU limit of 436 allows for the instance bucket that the specified instance type belongs to. Please visit http://aws.amazon.com/contact-us/ec2-request to request an adjustment to this limit.
[09:29:14.936] [c5.4xlarge-Vertical] [vCPU] Released 16 slots.
[09:29:24.937] [c5.4xlarge-Vertical] [vCPU] Acquired 16 slots.
[09:29:26.630] [c5.4xlarge-Vertical] Error on attempt 8: An error occurred (VcpuLimitExceeded) when calling the RunInstances operation: You have requested more vCPU capacity than your current vCPU limit of 436 allows for the instance bucket that the specified instance type belongs to. Please visit http://aws.amazon.com/contact-us/ec2-request to request an adjustment to this limit.
[09:29:26.630] [c5.4xlarge-Vertical] [vCPU] Released 16 slots.
[09:29:36.631] [c5.4xlarge-Vertical] [vCPU] Acquired 16 slots.
[09:29:38.904] [c5.4xlarge-Vertical] Instance i-0d0fa737ddd8fe975 launched. Waiting for running...
[09:29:54.763] [c5.4xlarge-Vertical] Instance ready. IP: 54.224.159.6
[09:30:21.371] [c5.4xlarge-Vertical] SSH connected.
[09:30:22.489] [c5.4xlarge-Vertical] CPU found: Intel(R) Xeon(R) Platinum 8124M CPU @ 3.00GHz
[09:30:22.490] [c5.4xlarge-Vertical] CPU mismatch (attempt 9/15): got 'Intel(R) Xeon(R) Platinum 8124M CPU @ 3.00GHz', expected 'Intel(R) Xeon(R) Platinum 8275CL CPU @ 3.00GHz'. Terminating and retrying...
[09:30:23.139] [c5.4xlarge-Vertical] [vCPU] Released 16 slots.
[09:30:33.139] [c5.4xlarge-Vertical] [vCPU] Acquired 16 slots.
[09:30:35.006] [c5.4xlarge-Vertical] Instance i-0b1889b10f4e128e2 launched. Waiting for running...
[09:30:50.922] [c5.4xlarge-Vertical] Instance ready. IP: 52.90.27.3
[09:31:19.184] [c5.4xlarge-Vertical] SSH connected.
[09:31:20.653] [c5.4xlarge-Vertical] CPU found: Intel(R) Xeon(R) Platinum 8124M CPU @ 3.00GHz
[09:31:20.654] [c5.4xlarge-Vertical] CPU mismatch (attempt 10/15): got 'Intel(R) Xeon(R) Platinum 8124M CPU @ 3.00GHz', expected 'Intel(R) Xeon(R) Platinum 8275CL CPU @ 3.00GHz'. Terminating and retrying...
[09:31:21.228] [c5.4xlarge-Vertical] [vCPU] Released 16 slots.
[09:31:31.228] [c5.4xlarge-Vertical] [vCPU] Acquired 16 slots.
[09:31:32.774] [c5.4xlarge-Vertical] Instance i-06d79f37e93e92b6e launched. Waiting for running...
[09:31:48.672] [c5.4xlarge-Vertical] Instance ready. IP: 54.87.216.171
[09:32:16.131] [c5.4xlarge-Vertical] SSH connected.
[09:32:17.722] [c5.4xlarge-Vertical] CPU found: Intel(R) Xeon(R) Platinum 8275CL CPU @ 3.00GHz
[09:32:17.723] [c5.4xlarge-Vertical] CPU correct. Proceeding.
[09:32:17.724] [c5.4xlarge-Vertical] Installing ffmpeg...
[09:32:49.992] [c5.4xlarge-Vertical] ffmpeg installed.
[09:32:49.993] [c5.4xlarge-Vertical] CPU: Intel(R) Xeon(R) Platinum 8275CL CPU @ 3.00GHz
[09:32:49.993] [c5.4xlarge-Vertical] Uploading 10-minute video...
[09:33:03.767] [c5.4xlarge-Vertical] Upload complete.
[09:33:03.767] [c5.4xlarge-Vertical] SETUP TIME: 92.54s (1.54 min)
[09:33:03.767] [c5.4xlarge-Vertical] Running: ffmpeg -i /home/ubuntu/input.mp4 -c:v libx264 -preset slow -b:v 2M -threads 10 -max_muxing_queue_size 1024 -y /home/ubuntu/output.mp4
[09:33:40.448] [c5.4xlarge-Vertical] ENCODING TIME: 36.68s (0.61 min)
[09:33:41.672] [c5.4xlarge-Vertical] Instance terminated.
[09:33:41.673] [c5.4xlarge-Vertical] [vCPU] Released 16 slots.
[09:33:41.673] [c5.4xlarge-Vertical] ============================================================
[09:33:41.673] [c5.4xlarge-Vertical] RESULTS — c5.4xlarge Vertical
[09:33:41.673] [c5.4xlarge-Vertical]   Total Time:    130.44s (2.17 min)
[09:33:41.673] [c5.4xlarge-Vertical]   Setup Time:    92.54s (1.54 min)
[09:33:41.673] [c5.4xlarge-Vertical]   Encoding Time: 36.68s (0.61 min)
[09:33:41.673] [c5.4xlarge-Vertical]   Setup %:       70.9%
[09:33:41.673] [c5.4xlarge-Vertical] ============================================================
