[09:40:03.715] === Phase 3.2 OPTIMIZED Vertical Scaling: 1x c5.4xlarge ===
[09:40:03.758] Codec: libx264, Threads: 10, Preset: slow
[09:40:03.786] [c5.4xlarge-Vertical] Launching EC2 instance...
[09:40:03.855] [c5.4xlarge-Vertical] [vCPU] Acquired 16 slots.
[09:40:12.572] [c5.4xlarge-Vertical] Instance i-057b33f6b23a3e036 launched. Waiting for running...
[09:40:28.612] [c5.4xlarge-Vertical] Instance ready. IP: 3.86.6.232
[09:40:54.900] [c5.4xlarge-Vertical] SSH connected.
[09:40:56.322] [c5.4xlarge-Vertical] CPU found: Intel(R) Xeon(R) Platinum 8275CL CPU @ 3.00GHz
[09:40:56.323] [c5.4xlarge-Vertical] CPU correct. Proceeding.
[09:40:56.323] [c5.4xlarge-Vertical] CPU: Intel(R) Xeon(R) Platinum 8275CL CPU @ 3.00GHz
[09:40:56.324] [c5.4xlarge-Vertical] Uploading 10-minute video...
[09:43:56.037] [c5.4xlarge-Vertical] Upload complete.
[09:43:56.039] [c5.4xlarge-Vertical] SETUP TIME: 232.13s (3.87 min)
[09:43:56.040] [c5.4xlarge-Vertical] Running: ffmpeg -i /home/ubuntu/input.mp4 -c:v libx264 -preset slow -b:v 2M -threads 10 -max_muxing_queue_size 1024 -y /home/ubuntu/output.mp4
[09:44:32.825] [c5.4xlarge-Vertical] ENCODING TIME: 36.78s (0.61 min)
[09:44:34.192] [c5.4xlarge-Vertical] Instance terminated.
[09:44:34.193] [c5.4xlarge-Vertical] [vCPU] Released 16 slots.
[09:44:34.193] [c5.4xlarge-Vertical] ============================================================
[09:44:34.193] [c5.4xlarge-Vertical] RESULTS — c5.4xlarge Vertical
[09:44:34.193] [c5.4xlarge-Vertical]   Total Time:    270.28s (4.50 min)
[09:44:34.193] [c5.4xlarge-Vertical]   Setup Time:    232.13s (3.87 min)
[09:44:34.193] [c5.4xlarge-Vertical]   Encoding Time: 36.78s (0.61 min)
[09:44:34.193] [c5.4xlarge-Vertical]   Setup %:       85.9%
[09:44:34.193] [c5.4xlarge-Vertical] ============================================================
