[09:40:03.658] === Phase 3.2 OPTIMIZED Vertical Scaling: 1x c5.4xlarge ===
[09:40:03.692] Codec: libx264, Threads: 10, Preset: slow
[09:40:03.705] [c5.4xlarge-Vertical] Launching EC2 instance...
[09:40:03.720] [c5.4xlarge-Vertical] [vCPU] Acquired 16 slots.
[09:40:05.861] [c5.4xlarge-Vertical] Instance i-040e8fdde3404b9e7 launched. Waiting for running...
[09:40:21.668] [c5.4xlarge-Vertical] Instance ready. IP: 18.234.26.126
[09:40:47.734] [c5.4xlarge-Vertical] SSH connected.
[09:40:48.626] [c5.4xlarge-Vertical] CPU found: Intel(R) Xeon(R) Platinum 8275CL CPU @ 3.00GHz
[09:40:48.626] [c5.4xlarge-Vertical] CPU correct. Proceeding.
[09:40:48.626] [c5.4xlarge-Vertical] CPU: Intel(R) Xeon(R) Platinum 8275CL CPU @ 3.00GHz
[09:40:48.626] [c5.4xlarge-Vertical] Uploading 10-minute video...
[09:41:25.901] [c5.4xlarge-Vertical] Upload complete.
[09:41:25.901] [c5.4xlarge-Vertical] SETUP TIME: 82.17s (1.37 min)
[09:41:25.901] [c5.4xlarge-Vertical] Running: ffmpeg -i /home/ubuntu/input.mp4 -c:v libx264 -preset slow -b:v 2M -threads 10 -max_muxing_queue_size 1024 -y /home/ubuntu/output.mp4
[09:41:59.008] [c5.4xlarge-Vertical] ENCODING TIME: 33.11s (0.55 min)
[09:42:00.403] [c5.4xlarge-Vertical] Instance terminated.
[09:42:00.407] [c5.4xlarge-Vertical] [vCPU] Released 16 slots.
[09:42:00.419] [c5.4xlarge-Vertical] ============================================================
[09:42:00.427] [c5.4xlarge-Vertical] RESULTS — c5.4xlarge Vertical
[09:42:00.427] [c5.4xlarge-Vertical]   Total Time:    116.69s (1.94 min)
[09:42:00.428] [c5.4xlarge-Vertical]   Setup Time:    82.17s (1.37 min)
[09:42:00.428] [c5.4xlarge-Vertical]   Encoding Time: 33.11s (0.55 min)
[09:42:00.428] [c5.4xlarge-Vertical]   Setup %:       70.4%
[09:42:00.428] [c5.4xlarge-Vertical] ============================================================
