[09:26:26.216] === Phase 3.2 Vertical Scaling: 1x c5.4xlarge ===
[09:26:26.247] Codec: libx264, Threads: 10, Preset: slow
[09:26:26.259] [c5.4xlarge-Vertical] Launching EC2 instance...
[09:26:26.266] [c5.4xlarge-Vertical] [vCPU] Acquired 16 slots.
[09:26:28.263] [c5.4xlarge-Vertical] Instance i-0c174b2bd61aa6b92 launched. Waiting for running...
[09:26:43.929] [c5.4xlarge-Vertical] Instance ready. IP: 54.224.28.166
[09:27:10.213] [c5.4xlarge-Vertical] SSH connected.
[09:27:10.850] [c5.4xlarge-Vertical] CPU found: Intel(R) Xeon(R) Platinum 8275CL CPU @ 3.00GHz
[09:27:10.851] [c5.4xlarge-Vertical] CPU correct. Proceeding.
[09:27:10.851] [c5.4xlarge-Vertical] Installing ffmpeg...
[09:27:43.096] [c5.4xlarge-Vertical] ffmpeg installed.
[09:27:43.097] [c5.4xlarge-Vertical] CPU: Intel(R) Xeon(R) Platinum 8275CL CPU @ 3.00GHz
[09:27:43.101] [c5.4xlarge-Vertical] Uploading 10-minute video...
[09:27:57.130] [c5.4xlarge-Vertical] Upload complete.
[09:27:57.131] [c5.4xlarge-Vertical] SETUP TIME: 90.86s (1.51 min)
[09:27:57.131] [c5.4xlarge-Vertical] Running: ffmpeg -i /home/ubuntu/input.mp4 -c:v libx264 -preset slow -b:v 2M -threads 10 -max_muxing_queue_size 1024 -y /home/ubuntu/output.mp4
[09:28:33.416] [c5.4xlarge-Vertical] ENCODING TIME: 36.28s (0.60 min)
[09:28:34.630] [c5.4xlarge-Vertical] Instance terminated.
[09:28:34.631] [c5.4xlarge-Vertical] [vCPU] Released 16 slots.
[09:28:34.631] [c5.4xlarge-Vertical] ============================================================
[09:28:34.631] [c5.4xlarge-Vertical] RESULTS — c5.4xlarge Vertical
[09:28:34.632] [c5.4xlarge-Vertical]   Total Time:    128.36s (2.14 min)
[09:28:34.632] [c5.4xlarge-Vertical]   Setup Time:    90.86s (1.51 min)
[09:28:34.632] [c5.4xlarge-Vertical]   Encoding Time: 36.28s (0.60 min)
[09:28:34.632] [c5.4xlarge-Vertical]   Setup %:       70.8%
[09:28:34.632] [c5.4xlarge-Vertical] ============================================================
