[09:19:23.408] === Phase 3.2 OPTIMIZED Horizontal Scaling: 10x c5.large ===
[09:19:23.409] Codec: libx264, Threads: 5, Max workers: 5
[09:19:23.411] [Setup] Starting video split...
[09:19:23.791] [Setup] Video: 600.0s → 10 parts of 60.0s
[09:19:45.257] [Setup] Video split complete.
[09:19:45.257] [Summary] SPLIT TIME: 21.85s
[09:19:46.337] [Part 00] Launching c5.large...
[09:19:46.349] [Part 00] [vCPU] Acquired 2 slots.
[09:19:46.706] [Part 01] Launching c5.large...
[09:19:46.776] [Part 01] [vCPU] Acquired 2 slots.
[09:19:47.290] [Part 02] Launching c5.large...
[09:19:47.472] [Part 02] [vCPU] Acquired 2 slots.
[09:19:47.841] [Part 03] Launching c5.large...
[09:19:47.841] [Part 03] [vCPU] Acquired 2 slots.
[09:19:49.166] [Part 04] Launching c5.large...
[09:19:49.213] [Part 04] [vCPU] Acquired 2 slots.
[09:19:54.035] [Part 00] Instance i-00f470d9251b155dd launched. Waiting for running...
[09:20:06.064] [Part 02] Instance i-0af15949120814793 launched. Waiting for running...
[09:20:08.267] [Part 04] Error on attempt 1: An error occurred (RequestLimitExceeded) when calling the RunInstances operation (reached max retries: 4): Request limit exceeded. Account 460964766037 has been throttled on ec2:RunInstances because it exceeded its request rate limit.
[09:20:08.267] [Part 04] [vCPU] Released 2 slots.
[09:20:09.933] [Part 00] Instance ready. IP: 13.218.210.103
[09:20:11.806] [Part 01] Error on attempt 1: An error occurred (RequestLimitExceeded) when calling the RunInstances operation (reached max retries: 4): Request limit exceeded. Account 460964766037 has been throttled on ec2:RunInstances because it exceeded its request rate limit.
[09:20:11.809] [Part 01] [vCPU] Released 2 slots.
[09:20:12.925] [Part 03] Error on attempt 1: An error occurred (RequestLimitExceeded) when calling the RunInstances operation (reached max retries: 4): Request limit exceeded. Account 460964766037 has been throttled on ec2:RunInstances because it exceeded its request rate limit.
[09:20:12.929] [Part 03] [vCPU] Released 2 slots.
[09:20:18.267] [Part 04] [vCPU] Acquired 2 slots.
[09:20:21.809] [Part 01] [vCPU] Acquired 2 slots.
[09:20:21.873] [Part 02] Instance ready. IP: 98.84.7.149
[09:20:22.929] [Part 03] [vCPU] Acquired 2 slots.
[09:20:23.904] [Part 01] Instance i-08187cb791a4013e5 launched. Waiting for running...
[09:20:29.341] [Part 04] Instance i-0b5ef35075c69dba0 launched. Waiting for running...
[09:20:36.085] [Part 00] SSH connected.
[09:20:37.039] [Part 03] Instance i-0d2d5586cef3cfa1e launched. Waiting for running...
[09:20:37.293] [Part 00] CPU found: Intel(R) Xeon(R) Platinum 8275CL CPU @ 3.00GHz
[09:20:37.294] [Part 00] CPU correct. Proceeding.
[09:20:37.294] [Part 00] CPU: Intel(R) Xeon(R) Platinum 8275CL CPU @ 3.00GHz
[09:20:37.958] [Part 00] Uploading segment...
[09:20:39.986] [Part 01] Instance ready. IP: 100.56.21.174
[09:20:45.352] [Part 04] Instance ready. IP: 3.235.140.22
[09:20:48.324] [Part 02] SSH connected.
[09:20:49.722] [Part 02] CPU found: Intel(R) Xeon(R) Platinum 8275CL CPU @ 3.00GHz
[09:20:49.724] [Part 02] CPU correct. Proceeding.
[09:20:49.726] [Part 02] CPU: Intel(R) Xeon(R) Platinum 8275CL CPU @ 3.00GHz
[09:20:50.479] [Part 02] Uploading segment...
[09:20:53.337] [Part 03] Instance ready. IP: 98.92.58.98
[09:21:06.538] [Part 01] SSH connected.
[09:21:07.840] [Part 01] CPU found: Intel(R) Xeon(R) Platinum 8275CL CPU @ 3.00GHz
[09:21:07.941] [Part 01] CPU correct. Proceeding.
[09:21:07.949] [Part 01] CPU: Intel(R) Xeon(R) Platinum 8275CL CPU @ 3.00GHz
[09:21:08.713] [Part 01] Uploading segment...
[09:21:11.941] [Part 04] SSH connected.
[09:21:13.639] [Part 04] CPU found: Intel(R) Xeon(R) Platinum 8275CL CPU @ 3.00GHz
[09:21:13.640] [Part 04] CPU correct. Proceeding.
[09:21:13.640] [Part 04] CPU: Intel(R) Xeon(R) Platinum 8275CL CPU @ 3.00GHz
[09:21:14.362] [Part 04] Uploading segment...
[09:21:19.456] [Part 00] Running: ffmpeg -i /home/ubuntu/input.mp4 -c:v libx264 -preset slow -b:v 2M -threads 5 -max_muxing_queue_size 1024 -y /home/ubuntu/output.mp4
[09:21:19.706] [Part 03] SSH connected.
[09:21:20.927] [Part 03] CPU found: Intel(R) Xeon(R) Platinum 8275CL CPU @ 3.00GHz
[09:21:20.928] [Part 03] CPU correct. Proceeding.
[09:21:20.929] [Part 03] CPU: Intel(R) Xeon(R) Platinum 8275CL CPU @ 3.00GHz
[09:21:21.713] [Part 03] Uploading segment...
[09:21:29.935] [Part 00] Done!
[09:21:31.867] [Part 00] Instance terminated.
[09:21:31.869] [Part 00] [vCPU] Released 2 slots.
[09:21:31.900] [Part 05] Launching c5.large...
[09:21:31.902] [Part 05] [vCPU] Acquired 2 slots.
[09:21:39.133] [Part 05] Instance i-09afe08e8068ab4a4 launched. Waiting for running...
[09:21:55.639] [Part 05] Instance ready. IP: 13.220.189.96
[09:21:56.750] [Part 02] Running: ffmpeg -i /home/ubuntu/input.mp4 -c:v libx264 -preset slow -b:v 2M -threads 5 -max_muxing_queue_size 1024 -y /home/ubuntu/output.mp4
[09:22:07.377] [Part 02] Done!
[09:22:09.039] [Part 02] Instance terminated.
[09:22:09.047] [Part 02] [vCPU] Released 2 slots.
[09:22:09.059] [Part 06] Launching c5.large...
[09:22:09.074] [Part 06] [vCPU] Acquired 2 slots.
[09:22:11.518] [Part 06] Instance i-0f177e4af3be4ee26 launched. Waiting for running...
[09:22:22.211] [Part 05] SSH connected.
[09:22:23.590] [Part 05] CPU found: Intel(R) Xeon(R) Platinum 8124M CPU @ 3.00GHz
[09:22:23.615] [Part 05] CPU mismatch (attempt 1/15): got 'Intel(R) Xeon(R) Platinum 8124M CPU @ 3.00GHz', expected 'Intel(R) Xeon(R) Platinum 8275CL CPU @ 3.00GHz'. Terminating and retrying...
[09:22:24.258] [Part 05] [vCPU] Released 2 slots.
[09:22:27.606] [Part 06] Instance ready. IP: 100.26.135.17
[09:22:34.263] [Part 05] [vCPU] Acquired 2 slots.
[09:22:34.866] [Part 04] Running: ffmpeg -i /home/ubuntu/input.mp4 -c:v libx264 -preset slow -b:v 2M -threads 5 -max_muxing_queue_size 1024 -y /home/ubuntu/output.mp4
[09:22:35.797] [Part 05] Instance i-04c3a35526d5b51cc launched. Waiting for running...
[09:22:36.427] [Part 01] Running: ffmpeg -i /home/ubuntu/input.mp4 -c:v libx264 -preset slow -b:v 2M -threads 5 -max_muxing_queue_size 1024 -y /home/ubuntu/output.mp4
[09:22:45.001] [Part 04] Done!
[09:22:45.813] [Part 01] Done!
[09:22:47.460] [Part 04] Instance terminated.
[09:22:47.462] [Part 04] [vCPU] Released 2 slots.
[09:22:47.498] [Part 07] Launching c5.large...
[09:22:47.498] [Part 07] [vCPU] Acquired 2 slots.
[09:22:48.421] [Part 01] Instance terminated.
[09:22:48.422] [Part 01] [vCPU] Released 2 slots.
[09:22:48.446] [Part 08] Launching c5.large...
[09:22:48.446] [Part 08] [vCPU] Acquired 2 slots.
[09:22:50.109] [Part 07] Instance i-0aacb55f201e797b7 launched. Waiting for running...
[09:22:50.874] [Part 08] Instance i-077b39becaa3c134f launched. Waiting for running...
[09:22:51.308] [Part 03] Running: ffmpeg -i /home/ubuntu/input.mp4 -c:v libx264 -preset slow -b:v 2M -threads 5 -max_muxing_queue_size 1024 -y /home/ubuntu/output.mp4
[09:22:51.984] [Part 05] Instance ready. IP: 18.207.135.178
[09:22:54.688] [Part 06] SSH connected.
[09:22:56.164] [Part 06] CPU found: Intel(R) Xeon(R) Platinum 8275CL CPU @ 3.00GHz
[09:22:56.167] [Part 06] CPU correct. Proceeding.
[09:22:56.168] [Part 06] CPU: Intel(R) Xeon(R) Platinum 8275CL CPU @ 3.00GHz
[09:22:57.210] [Part 06] Uploading segment...
[09:23:01.729] [Part 03] Done!
[09:23:03.114] [Part 03] Instance terminated.
[09:23:03.116] [Part 03] [vCPU] Released 2 slots.
[09:23:03.130] [Part 09] Launching c5.large...
[09:23:03.136] [Part 09] [vCPU] Acquired 2 slots.
[09:23:05.504] [Part 09] Instance i-0f4694abf38dbbca5 launched. Waiting for running...
[09:23:06.216] [Part 07] Instance ready. IP: 100.53.253.204
[09:23:07.295] [Part 08] Instance ready. IP: 98.93.152.186
[09:23:19.094] [Part 05] SSH connected.
[09:23:20.422] [Part 05] CPU found: Intel(R) Xeon(R) Platinum 8124M CPU @ 3.00GHz
[09:23:20.538] [Part 05] CPU mismatch (attempt 2/15): got 'Intel(R) Xeon(R) Platinum 8124M CPU @ 3.00GHz', expected 'Intel(R) Xeon(R) Platinum 8275CL CPU @ 3.00GHz'. Terminating and retrying...
[09:23:21.292] [Part 05] [vCPU] Released 2 slots.
[09:23:21.722] [Part 09] Instance ready. IP: 98.82.139.95
[09:23:31.316] [Part 05] [vCPU] Acquired 2 slots.
[09:23:32.719] [Part 07] SSH connected.
[09:23:33.766] [Part 08] SSH connected.
[09:23:34.178] [Part 07] CPU found: Intel(R) Xeon(R) Platinum 8124M CPU @ 3.00GHz
[09:23:34.182] [Part 07] CPU mismatch (attempt 1/15): got 'Intel(R) Xeon(R) Platinum 8124M CPU @ 3.00GHz', expected 'Intel(R) Xeon(R) Platinum 8275CL CPU @ 3.00GHz'. Terminating and retrying...
[09:23:34.823] [Part 07] [vCPU] Released 2 slots.
[09:23:34.862] [Part 08] CPU found: Intel(R) Xeon(R) Platinum 8275CL CPU @ 3.00GHz
[09:23:34.862] [Part 08] CPU correct. Proceeding.
[09:23:34.862] [Part 08] CPU: Intel(R) Xeon(R) Platinum 8275CL CPU @ 3.00GHz
[09:23:35.517] [Part 05] Instance i-0febadbfb294b0d70 launched. Waiting for running...
[09:23:35.724] [Part 08] Uploading segment...
[09:23:42.370] [Part 06] Running: ffmpeg -i /home/ubuntu/input.mp4 -c:v libx264 -preset slow -b:v 2M -threads 5 -max_muxing_queue_size 1024 -y /home/ubuntu/output.mp4
[09:23:44.826] [Part 07] [vCPU] Acquired 2 slots.
[09:23:48.275] [Part 09] SSH connected.
[09:23:48.838] [Part 07] Instance i-0f9e3f8f22ca23af0 launched. Waiting for running...
[09:23:50.155] [Part 09] CPU found: Intel(R) Xeon(R) Platinum 8275CL CPU @ 3.00GHz
[09:23:50.160] [Part 09] CPU correct. Proceeding.
[09:23:50.161] [Part 09] CPU: Intel(R) Xeon(R) Platinum 8275CL CPU @ 3.00GHz
[09:23:50.835] [Part 09] Uploading segment...
[09:23:51.571] [Part 05] Instance ready. IP: 3.215.79.57
[09:23:52.978] [Part 06] Done!
[09:23:54.504] [Part 06] Instance terminated.
[09:23:54.504] [Part 06] [vCPU] Released 2 slots.
[09:24:05.095] [Part 07] Instance ready. IP: 13.221.193.3
[09:24:18.068] [Part 05] SSH connected.
[09:24:19.602] [Part 05] CPU found: Intel(R) Xeon(R) Platinum 8124M CPU @ 3.00GHz
[09:24:19.604] [Part 05] CPU mismatch (attempt 3/15): got 'Intel(R) Xeon(R) Platinum 8124M CPU @ 3.00GHz', expected 'Intel(R) Xeon(R) Platinum 8275CL CPU @ 3.00GHz'. Terminating and retrying...
[09:24:20.335] [Part 05] [vCPU] Released 2 slots.
[09:24:23.664] [Part 08] Running: ffmpeg -i /home/ubuntu/input.mp4 -c:v libx264 -preset slow -b:v 2M -threads 5 -max_muxing_queue_size 1024 -y /home/ubuntu/output.mp4
[09:24:30.342] [Part 05] [vCPU] Acquired 2 slots.
[09:24:31.782] [Part 07] SSH connected.
[09:24:31.854] [Part 05] Instance i-0f22d9ffdde02384e launched. Waiting for running...
[09:24:33.247] [Part 07] CPU found: Intel(R) Xeon(R) Platinum 8275CL CPU @ 3.00GHz
[09:24:33.248] [Part 07] CPU correct. Proceeding.
[09:24:33.251] [Part 07] CPU: Intel(R) Xeon(R) Platinum 8275CL CPU @ 3.00GHz
[09:24:33.537] [Part 08] Done!
[09:24:34.127] [Part 07] Uploading segment...
[09:24:35.083] [Part 08] Instance terminated.
[09:24:35.085] [Part 08] [vCPU] Released 2 slots.
[09:24:38.162] [Part 09] Running: ffmpeg -i /home/ubuntu/input.mp4 -c:v libx264 -preset slow -b:v 2M -threads 5 -max_muxing_queue_size 1024 -y /home/ubuntu/output.mp4
[09:24:47.412] [Part 09] Done!
[09:24:47.876] [Part 05] Instance ready. IP: 3.237.37.114
[09:24:48.755] [Part 09] Instance terminated.
[09:24:48.756] [Part 09] [vCPU] Released 2 slots.
[09:25:03.229] [Part 07] Running: ffmpeg -i /home/ubuntu/input.mp4 -c:v libx264 -preset slow -b:v 2M -threads 5 -max_muxing_queue_size 1024 -y /home/ubuntu/output.mp4
[09:25:13.798] [Part 05] SSH connected.
[09:25:13.806] [Part 07] Done!
[09:25:14.829] [Part 07] Instance terminated.
[09:25:14.829] [Part 07] [vCPU] Released 2 slots.
[09:25:15.001] [Part 05] CPU found: Intel(R) Xeon(R) Platinum 8124M CPU @ 3.00GHz
[09:25:15.002] [Part 05] CPU mismatch (attempt 4/15): got 'Intel(R) Xeon(R) Platinum 8124M CPU @ 3.00GHz', expected 'Intel(R) Xeon(R) Platinum 8275CL CPU @ 3.00GHz'. Terminating and retrying...
[09:25:15.548] [Part 05] [vCPU] Released 2 slots.
[09:25:25.548] [Part 05] [vCPU] Acquired 2 slots.
[09:25:27.012] [Part 05] Instance i-0ce21c2c3ae50f3e0 launched. Waiting for running...
[09:25:42.660] [Part 05] Instance ready. IP: 34.229.131.19
[09:26:08.785] [Part 05] SSH connected.
[09:26:09.914] [Part 05] CPU found: Intel(R) Xeon(R) Platinum 8275CL CPU @ 3.00GHz
[09:26:09.915] [Part 05] CPU correct. Proceeding.
[09:26:09.915] [Part 05] CPU: Intel(R) Xeon(R) Platinum 8275CL CPU @ 3.00GHz
[09:26:10.408] [Part 05] Uploading segment...
[09:26:15.668] [Part 05] Running: ffmpeg -i /home/ubuntu/input.mp4 -c:v libx264 -preset slow -b:v 2M -threads 5 -max_muxing_queue_size 1024 -y /home/ubuntu/output.mp4
[09:26:25.375] [Part 05] Done!
[09:26:25.930] [Part 05] Instance terminated.
[09:26:25.930] [Part 05] [vCPU] Released 2 slots.
[09:26:25.945] ============================================================
[09:26:25.945] RESULTS — 10x c5.large Horizontal
[09:26:25.945]   Total Time:    422.52s (7.04 min)
[09:26:25.945]   Split Time:    21.85s
[09:26:25.946]   Parallel Time: 400.06s (6.67 min)
[09:26:25.946] ============================================================
