[09:19:23.408] === Phase 3.2 OPTIMIZED Horizontal Scaling: 10x c5.large ===
[09:19:23.409] Codec: libx264, Threads: 5, Max workers: 5
[09:19:23.410] [Setup] Starting video split...
[09:19:23.811] [Setup] Video: 600.0s → 10 parts of 60.0s
[09:19:46.681] [Setup] Video split complete.
[09:19:46.746] [Summary] SPLIT TIME: 23.27s
[09:19:47.316] [Part 00] Launching c5.large...
[09:19:47.484] [Part 00] [vCPU] Acquired 2 slots.
[09:19:47.993] [Part 01] Launching c5.large...
[09:19:48.090] [Part 01] [vCPU] Acquired 2 slots.
[09:19:49.605] [Part 02] Launching c5.large...
[09:19:49.770] [Part 02] [vCPU] Acquired 2 slots.
[09:19:51.363] [Part 03] Launching c5.large...
[09:19:51.406] [Part 03] [vCPU] Acquired 2 slots.
[09:19:52.689] [Part 04] Launching c5.large...
[09:19:52.689] [Part 04] [vCPU] Acquired 2 slots.
[09:20:05.508] [Part 00] Error on attempt 1: An error occurred (RequestLimitExceeded) when calling the RunInstances operation (reached max retries: 4): Request limit exceeded. Account 460964766037 has been throttled on ec2:RunInstances because it exceeded its request rate limit.
[09:20:05.508] [Part 00] [vCPU] Released 2 slots.
[09:20:06.205] [Part 01] Error on attempt 1: An error occurred (RequestLimitExceeded) when calling the RunInstances operation (reached max retries: 4): Request limit exceeded. Account 460964766037 has been throttled on ec2:RunInstances because it exceeded its request rate limit.
[09:20:06.206] [Part 01] [vCPU] Released 2 slots.
[09:20:10.159] [Part 03] Error on attempt 1: An error occurred (RequestLimitExceeded) when calling the RunInstances operation (reached max retries: 4): Request limit exceeded. Account 460964766037 has been throttled on ec2:RunInstances because it exceeded its request rate limit.
[09:20:10.160] [Part 03] [vCPU] Released 2 slots.
[09:20:12.914] [Part 02] Error on attempt 1: An error occurred (RequestLimitExceeded) when calling the RunInstances operation (reached max retries: 4): Request limit exceeded. Account 460964766037 has been throttled on ec2:RunInstances because it exceeded its request rate limit.
[09:20:12.915] [Part 02] [vCPU] Released 2 slots.
[09:20:13.272] [Part 04] Error on attempt 1: An error occurred (RequestLimitExceeded) when calling the RunInstances operation (reached max retries: 4): Request limit exceeded. Account 460964766037 has been throttled on ec2:RunInstances because it exceeded its request rate limit.
[09:20:13.272] [Part 04] [vCPU] Released 2 slots.
[09:20:15.509] [Part 00] [vCPU] Acquired 2 slots.
[09:20:16.206] [Part 01] [vCPU] Acquired 2 slots.
[09:20:18.169] [Part 01] Instance i-065e4fb3f1bfb0fb5 launched. Waiting for running...
[09:20:20.160] [Part 03] [vCPU] Acquired 2 slots.
[09:20:22.915] [Part 02] [vCPU] Acquired 2 slots.
[09:20:23.273] [Part 04] [vCPU] Acquired 2 slots.
[09:20:31.856] [Part 00] Error on attempt 2: An error occurred (RequestLimitExceeded) when calling the RunInstances operation (reached max retries: 4): Request limit exceeded. Account 460964766037 has been throttled on ec2:RunInstances because it exceeded its request rate limit.
[09:20:31.857] [Part 00] [vCPU] Released 2 slots.
[09:20:33.343] [Part 04] Instance i-019d348444bf99749 launched. Waiting for running...
[09:20:34.138] [Part 01] Instance ready. IP: 100.53.150.220
[09:20:36.284] [Part 02] Error on attempt 2: An error occurred (RequestLimitExceeded) when calling the RunInstances operation (reached max retries: 4): Request limit exceeded. Account 460964766037 has been throttled on ec2:RunInstances because it exceeded its request rate limit.
[09:20:36.285] [Part 02] [vCPU] Released 2 slots.
[09:20:41.903] [Part 00] [vCPU] Acquired 2 slots.
[09:20:42.239] [Part 03] Instance i-03aa916e82e4aa1f6 launched. Waiting for running...
[09:20:46.496] [Part 02] [vCPU] Acquired 2 slots.
[09:20:46.527] [Part 00] Instance i-0505715ddaa2763f1 launched. Waiting for running...
[09:20:49.489] [Part 04] Instance ready. IP: 44.200.95.203
[09:20:58.296] [Part 03] Instance ready. IP: 98.93.177.178
[09:21:00.471] [Part 01] SSH connected.
[09:21:01.760] [Part 01] CPU found: Intel(R) Xeon(R) Platinum 8275CL CPU @ 3.00GHz
[09:21:01.763] [Part 01] CPU correct. Proceeding.
[09:21:01.763] [Part 01] CPU: Intel(R) Xeon(R) Platinum 8275CL CPU @ 3.00GHz
[09:21:02.590] [Part 01] Uploading segment...
[09:21:02.755] [Part 00] Instance ready. IP: 35.175.136.91
[09:21:02.876] [Part 02] Instance i-02c61b6affda8468b launched. Waiting for running...
[09:21:16.020] [Part 04] SSH connected.
[09:21:18.009] [Part 04] CPU found: Intel(R) Xeon(R) Platinum 8275CL CPU @ 3.00GHz
[09:21:18.009] [Part 04] CPU correct. Proceeding.
[09:21:18.076] [Part 04] CPU: Intel(R) Xeon(R) Platinum 8275CL CPU @ 3.00GHz
[09:21:18.783] [Part 04] Uploading segment...
[09:21:19.072] [Part 02] Instance ready. IP: 13.222.10.128
[09:21:24.649] [Part 03] SSH connected.
[09:21:25.880] [Part 03] CPU found: Intel(R) Xeon(R) Platinum 8275CL CPU @ 3.00GHz
[09:21:25.881] [Part 03] CPU correct. Proceeding.
[09:21:25.883] [Part 03] CPU: Intel(R) Xeon(R) Platinum 8275CL CPU @ 3.00GHz
[09:21:26.827] [Part 03] Uploading segment...
[09:21:29.732] [Part 00] SSH connected.
[09:21:31.184] [Part 00] CPU found: Intel(R) Xeon(R) Platinum 8275CL CPU @ 3.00GHz
[09:21:31.186] [Part 00] CPU correct. Proceeding.
[09:21:31.187] [Part 00] CPU: Intel(R) Xeon(R) Platinum 8275CL CPU @ 3.00GHz
[09:21:32.307] [Part 00] Uploading segment...
[09:21:46.714] [Part 02] SSH connected.
[09:21:48.456] [Part 02] CPU found: Intel(R) Xeon(R) Platinum 8275CL CPU @ 3.00GHz
[09:21:48.456] [Part 02] CPU correct. Proceeding.
[09:21:48.456] [Part 02] CPU: Intel(R) Xeon(R) Platinum 8275CL CPU @ 3.00GHz
[09:21:49.275] [Part 02] Uploading segment...
[09:22:24.715] [Part 01] Running: ffmpeg -i /home/ubuntu/input.mp4 -c:v libx264 -preset slow -b:v 2M -threads 5 -max_muxing_queue_size 1024 -y /home/ubuntu/output.mp4
[09:22:33.781] [Part 01] Done!
[09:22:35.457] [Part 01] Instance terminated.
[09:22:35.459] [Part 01] [vCPU] Released 2 slots.
[09:22:35.479] [Part 05] Launching c5.large...
[09:22:35.479] [Part 05] [vCPU] Acquired 2 slots.
[09:22:38.089] [Part 05] Instance i-086d79b6aa214e4d2 launched. Waiting for running...
[09:22:45.024] [Part 04] Running: ffmpeg -i /home/ubuntu/input.mp4 -c:v libx264 -preset slow -b:v 2M -threads 5 -max_muxing_queue_size 1024 -y /home/ubuntu/output.mp4
[09:22:54.262] [Part 05] Instance ready. IP: 35.172.224.112
[09:22:54.840] [Part 04] Done!
[09:22:55.938] [Part 03] Running: ffmpeg -i /home/ubuntu/input.mp4 -c:v libx264 -preset slow -b:v 2M -threads 5 -max_muxing_queue_size 1024 -y /home/ubuntu/output.mp4
[09:22:58.811] [Part 00] Running: ffmpeg -i /home/ubuntu/input.mp4 -c:v libx264 -preset slow -b:v 2M -threads 5 -max_muxing_queue_size 1024 -y /home/ubuntu/output.mp4
[09:22:58.906] [Part 04] Instance terminated.
[09:22:58.907] [Part 04] [vCPU] Released 2 slots.
[09:22:58.945] [Part 06] Launching c5.large...
[09:22:58.972] [Part 06] [vCPU] Acquired 2 slots.
[09:23:01.153] [Part 06] Instance i-09100f1cb032f1db6 launched. Waiting for running...
[09:23:06.541] [Part 03] Done!
[09:23:08.383] [Part 03] Instance terminated.
[09:23:08.385] [Part 03] [vCPU] Released 2 slots.
[09:23:08.398] [Part 07] Launching c5.large...
[09:23:08.399] [Part 07] [vCPU] Acquired 2 slots.
[09:23:09.176] [Part 00] Done!
[09:23:11.170] [Part 00] Instance terminated.
[09:23:11.180] [Part 00] [vCPU] Released 2 slots.
[09:23:11.240] [Part 08] Launching c5.large...
[09:23:11.243] [Part 08] [vCPU] Acquired 2 slots.
[09:23:13.304] [Part 07] Instance i-05d3c1ef6675c99aa launched. Waiting for running...
[09:23:13.419] [Part 02] Running: ffmpeg -i /home/ubuntu/input.mp4 -c:v libx264 -preset slow -b:v 2M -threads 5 -max_muxing_queue_size 1024 -y /home/ubuntu/output.mp4
[09:23:13.567] [Part 08] Instance i-07e665b192c5ea5fc launched. Waiting for running...
[09:23:17.410] [Part 06] Instance ready. IP: 98.82.131.144
[09:23:20.746] [Part 05] SSH connected.
[09:23:22.788] [Part 05] CPU found: Intel(R) Xeon(R) Platinum 8275CL CPU @ 3.00GHz
[09:23:22.790] [Part 05] CPU correct. Proceeding.
[09:23:22.790] [Part 05] CPU: Intel(R) Xeon(R) Platinum 8275CL CPU @ 3.00GHz
[09:23:23.708] [Part 05] Uploading segment...
[09:23:24.444] [Part 02] Done!
[09:23:26.090] [Part 02] Instance terminated.
[09:23:26.090] [Part 02] [vCPU] Released 2 slots.
[09:23:26.108] [Part 09] Launching c5.large...
[09:23:26.109] [Part 09] [vCPU] Acquired 2 slots.
[09:23:28.420] [Part 09] Instance i-07d6d2488be7f8a0b launched. Waiting for running...
[09:23:29.562] [Part 07] Instance ready. IP: 100.31.93.67
[09:23:29.707] [Part 08] Instance ready. IP: 100.48.60.245
[09:23:44.318] [Part 06] SSH connected.
[09:23:44.708] [Part 09] Instance ready. IP: 98.93.76.207
[09:23:44.718] [Part 05] Running: ffmpeg -i /home/ubuntu/input.mp4 -c:v libx264 -preset slow -b:v 2M -threads 5 -max_muxing_queue_size 1024 -y /home/ubuntu/output.mp4
[09:23:45.997] [Part 06] CPU found: Intel(R) Xeon(R) Platinum 8275CL CPU @ 3.00GHz
[09:23:45.999] [Part 06] CPU correct. Proceeding.
[09:23:45.999] [Part 06] CPU: Intel(R) Xeon(R) Platinum 8275CL CPU @ 3.00GHz
[09:23:46.782] [Part 06] Uploading segment...
[09:23:55.078] [Part 05] Done!
[09:23:55.879] [Part 05] Instance terminated.
[09:23:56.021] [Part 05] [vCPU] Released 2 slots.
[09:23:56.422] [Part 07] SSH connected.
[09:23:56.586] [Part 08] SSH connected.
[09:23:58.049] [Part 08] CPU found: Intel(R) Xeon(R) Platinum 8275CL CPU @ 3.00GHz
[09:23:58.052] [Part 07] CPU found: Intel(R) Xeon(R) Platinum 8275CL CPU @ 3.00GHz
[09:23:58.054] [Part 08] CPU correct. Proceeding.
[09:23:58.058] [Part 08] CPU: Intel(R) Xeon(R) Platinum 8275CL CPU @ 3.00GHz
[09:23:58.057] [Part 07] CPU correct. Proceeding.
[09:23:58.058] [Part 07] CPU: Intel(R) Xeon(R) Platinum 8275CL CPU @ 3.00GHz
[09:23:59.029] [Part 07] Uploading segment...
[09:23:59.035] [Part 08] Uploading segment...
[09:24:11.271] [Part 09] SSH connected.
[09:24:12.448] [Part 09] CPU found: Intel(R) Xeon(R) Platinum 8275CL CPU @ 3.00GHz
[09:24:12.448] [Part 09] CPU correct. Proceeding.
[09:24:12.456] [Part 09] CPU: Intel(R) Xeon(R) Platinum 8275CL CPU @ 3.00GHz
[09:24:12.948] [Part 06] Running: ffmpeg -i /home/ubuntu/input.mp4 -c:v libx264 -preset slow -b:v 2M -threads 5 -max_muxing_queue_size 1024 -y /home/ubuntu/output.mp4
[09:24:13.519] [Part 09] Uploading segment...
[09:24:24.140] [Part 06] Done!
[09:24:26.835] [Part 06] Instance terminated.
[09:24:26.836] [Part 06] [vCPU] Released 2 slots.
[09:24:44.562] [Part 08] Running: ffmpeg -i /home/ubuntu/input.mp4 -c:v libx264 -preset slow -b:v 2M -threads 5 -max_muxing_queue_size 1024 -y /home/ubuntu/output.mp4
[09:24:48.199] [Part 07] Running: ffmpeg -i /home/ubuntu/input.mp4 -c:v libx264 -preset slow -b:v 2M -threads 5 -max_muxing_queue_size 1024 -y /home/ubuntu/output.mp4
[09:25:00.259] [Part 08] Done!
[09:25:00.541] [Part 09] Running: ffmpeg -i /home/ubuntu/input.mp4 -c:v libx264 -preset slow -b:v 2M -threads 5 -max_muxing_queue_size 1024 -y /home/ubuntu/output.mp4
[09:25:01.637] [Part 08] Instance terminated.
[09:25:01.641] [Part 08] [vCPU] Released 2 slots.
[09:25:04.436] [Part 07] Done!
[09:25:05.484] [Part 07] Instance terminated.
[09:25:05.485] [Part 07] [vCPU] Released 2 slots.
[09:25:09.716] [Part 09] Done!
[09:25:10.704] [Part 09] Instance terminated.
[09:25:10.705] [Part 09] [vCPU] Released 2 slots.
[09:25:10.714] ============================================================
[09:25:10.714] RESULTS — 10x c5.large Horizontal
[09:25:10.715]   Total Time:    347.30s (5.79 min)
[09:25:10.715]   Split Time:    23.27s
[09:25:10.715]   Parallel Time: 323.92s (5.40 min)
[09:25:10.715] ============================================================
