[09:19:23.458] === Phase 3.2 OPTIMIZED Horizontal Scaling: 10x c5.large ===
[09:19:23.459] Codec: libx264, Threads: 5, Max workers: 5
[09:19:23.459] [Setup] Starting video split...
[09:19:23.919] [Setup] Video: 600.0s → 10 parts of 60.0s
[09:19:46.964] [Setup] Video split complete.
[09:19:47.005] [Summary] SPLIT TIME: 23.51s
[09:19:47.475] [Part 00] Launching c5.large...
[09:19:47.492] [Part 00] [vCPU] Acquired 2 slots.
[09:19:48.935] [Part 01] Launching c5.large...
[09:19:48.984] [Part 01] [vCPU] Acquired 2 slots.
[09:19:50.066] [Part 02] Launching c5.large...
[09:19:50.070] [Part 02] [vCPU] Acquired 2 slots.
[09:19:51.818] [Part 03] Launching c5.large...
[09:19:51.856] [Part 03] [vCPU] Acquired 2 slots.
[09:19:53.312] [Part 04] Launching c5.large...
[09:19:53.372] [Part 04] [vCPU] Acquired 2 slots.
[09:19:57.860] [Part 00] Instance i-0d22c62caad64344e launched. Waiting for running...
[09:20:00.045] [Part 01] Instance i-0ba5782c79aee7ffa launched. Waiting for running...
[09:20:08.942] [Part 02] Error on attempt 1: An error occurred (RequestLimitExceeded) when calling the RunInstances operation (reached max retries: 4): Request limit exceeded. Account 460964766037 has been throttled on ec2:RunInstances because it exceeded its request rate limit.
[09:20:08.943] [Part 02] [vCPU] Released 2 slots.
[09:20:12.889] [Part 03] Error on attempt 1: An error occurred (RequestLimitExceeded) when calling the RunInstances operation (reached max retries: 4): Request limit exceeded. Account 460964766037 has been throttled on ec2:RunInstances because it exceeded its request rate limit.
[09:20:12.890] [Part 03] [vCPU] Released 2 slots.
[09:20:13.624] [Part 00] Instance ready. IP: 100.53.196.228
[09:20:15.885] [Part 01] Instance ready. IP: 3.215.23.82
[09:20:16.282] [Part 04] Error on attempt 1: An error occurred (RequestLimitExceeded) when calling the RunInstances operation (reached max retries: 4): Request limit exceeded. Account 460964766037 has been throttled on ec2:RunInstances because it exceeded its request rate limit.
[09:20:16.283] [Part 04] [vCPU] Released 2 slots.
[09:20:18.943] [Part 02] [vCPU] Acquired 2 slots.
[09:20:20.958] [Part 02] Instance i-055c3395fd9d72211 launched. Waiting for running...
[09:20:22.892] [Part 03] [vCPU] Acquired 2 slots.
[09:20:26.283] [Part 04] [vCPU] Acquired 2 slots.
[09:20:28.330] [Part 03] Instance i-063501a5c3f3b6123 launched. Waiting for running...
[09:20:36.800] [Part 02] Instance ready. IP: 3.80.3.90
[09:20:37.132] [Part 04] Instance i-0590810aabdea0880 launched. Waiting for running...
[09:20:39.999] [Part 00] SSH connected.
[09:20:41.358] [Part 00] CPU found: Intel(R) Xeon(R) Platinum 8275CL CPU @ 3.00GHz
[09:20:41.371] [Part 00] CPU correct. Proceeding.
[09:20:41.373] [Part 00] CPU: Intel(R) Xeon(R) Platinum 8275CL CPU @ 3.00GHz
[09:20:42.437] [Part 00] Uploading segment...
[09:20:42.570] [Part 01] SSH connected.
[09:20:43.860] [Part 01] CPU found: Intel(R) Xeon(R) Platinum 8275CL CPU @ 3.00GHz
[09:20:43.865] [Part 01] CPU correct. Proceeding.
[09:20:43.867] [Part 01] CPU: Intel(R) Xeon(R) Platinum 8275CL CPU @ 3.00GHz
[09:20:44.238] [Part 03] Instance ready. IP: 3.236.18.35
[09:20:44.605] [Part 01] Uploading segment...
[09:20:53.302] [Part 04] Instance ready. IP: 98.92.92.248
[09:20:56.268] [Part 00] Running: ffmpeg -i /home/ubuntu/input.mp4 -c:v libx264 -preset slow -b:v 2M -threads 5 -max_muxing_queue_size 1024 -y /home/ubuntu/output.mp4
[09:21:03.351] [Part 02] SSH connected.
[09:21:04.493] [Part 02] CPU found: Intel(R) Xeon(R) Platinum 8275CL CPU @ 3.00GHz
[09:21:04.494] [Part 02] CPU correct. Proceeding.
[09:21:04.494] [Part 02] CPU: Intel(R) Xeon(R) Platinum 8275CL CPU @ 3.00GHz
[09:21:05.230] [Part 02] Uploading segment...
[09:21:06.349] [Part 00] Done!
[09:21:07.020] [Part 00] Instance terminated.
[09:21:07.020] [Part 00] [vCPU] Released 2 slots.
[09:21:07.028] [Part 05] Launching c5.large...
[09:21:07.029] [Part 05] [vCPU] Acquired 2 slots.
[09:21:09.172] [Part 05] Instance i-05251eaca822fadbb launched. Waiting for running...
[09:21:10.763] [Part 03] SSH connected.
[09:21:12.070] [Part 03] CPU found: Intel(R) Xeon(R) Platinum 8275CL CPU @ 3.00GHz
[09:21:12.071] [Part 03] CPU correct. Proceeding.
[09:21:12.071] [Part 03] CPU: Intel(R) Xeon(R) Platinum 8275CL CPU @ 3.00GHz
[09:21:12.870] [Part 03] Uploading segment...
[09:21:15.777] [Part 01] Running: ffmpeg -i /home/ubuntu/input.mp4 -c:v libx264 -preset slow -b:v 2M -threads 5 -max_muxing_queue_size 1024 -y /home/ubuntu/output.mp4
[09:21:20.541] [Part 04] SSH connected.
[09:21:21.715] [Part 04] CPU found: Intel(R) Xeon(R) Platinum 8275CL CPU @ 3.00GHz
[09:21:21.716] [Part 04] CPU correct. Proceeding.
[09:21:21.717] [Part 04] CPU: Intel(R) Xeon(R) Platinum 8275CL CPU @ 3.00GHz
[09:21:22.585] [Part 04] Uploading segment...
[09:21:24.829] [Part 01] Done!
[09:21:25.446] [Part 05] Instance ready. IP: 98.92.24.120
[09:21:26.366] [Part 01] Instance terminated.
[09:21:26.367] [Part 01] [vCPU] Released 2 slots.
[09:21:26.407] [Part 06] Launching c5.large...
[09:21:26.410] [Part 06] [vCPU] Acquired 2 slots.
[09:21:30.197] [Part 06] Instance i-0b7688de29291bed1 launched. Waiting for running...
[09:21:46.474] [Part 06] Instance ready. IP: 98.93.178.198
[09:21:52.545] [Part 05] SSH connected.
[09:21:53.661] [Part 05] CPU found: Intel(R) Xeon(R) Platinum 8275CL CPU @ 3.00GHz
[09:21:53.663] [Part 05] CPU correct. Proceeding.
[09:21:53.664] [Part 05] CPU: Intel(R) Xeon(R) Platinum 8275CL CPU @ 3.00GHz
[09:21:54.424] [Part 05] Uploading segment...
[09:22:13.326] [Part 06] SSH connected.
[09:22:14.550] [Part 06] CPU found: Intel(R) Xeon(R) Platinum 8275CL CPU @ 3.00GHz
[09:22:14.551] [Part 06] CPU correct. Proceeding.
[09:22:14.551] [Part 06] CPU: Intel(R) Xeon(R) Platinum 8275CL CPU @ 3.00GHz
[09:22:15.283] [Part 06] Uploading segment...
[09:22:35.759] [Part 02] Running: ffmpeg -i /home/ubuntu/input.mp4 -c:v libx264 -preset slow -b:v 2M -threads 5 -max_muxing_queue_size 1024 -y /home/ubuntu/output.mp4
[09:22:42.254] [Part 03] Running: ffmpeg -i /home/ubuntu/input.mp4 -c:v libx264 -preset slow -b:v 2M -threads 5 -max_muxing_queue_size 1024 -y /home/ubuntu/output.mp4
[09:22:46.817] [Part 02] Done!
[09:22:47.254] [Part 04] Running: ffmpeg -i /home/ubuntu/input.mp4 -c:v libx264 -preset slow -b:v 2M -threads 5 -max_muxing_queue_size 1024 -y /home/ubuntu/output.mp4
[09:22:48.845] [Part 02] Instance terminated.
[09:22:48.849] [Part 02] [vCPU] Released 2 slots.
[09:22:48.886] [Part 07] Launching c5.large...
[09:22:48.887] [Part 07] [vCPU] Acquired 2 slots.
[09:22:51.273] [Part 07] Instance i-0dc91d94b57734a27 launched. Waiting for running...
[09:22:52.411] [Part 03] Done!
[09:22:57.810] [Part 04] Done!
[09:22:59.037] [Part 03] Instance terminated.
[09:22:59.039] [Part 03] [vCPU] Released 2 slots.
[09:22:59.082] [Part 08] Launching c5.large...
[09:22:59.163] [Part 08] [vCPU] Acquired 2 slots.
[09:22:59.654] [Part 04] Instance terminated.
[09:22:59.655] [Part 04] [vCPU] Released 2 slots.
[09:22:59.679] [Part 09] Launching c5.large...
[09:22:59.680] [Part 09] [vCPU] Acquired 2 slots.
[09:23:01.538] [Part 08] Instance i-04575e41a682b1e93 launched. Waiting for running...
[09:23:02.094] [Part 09] Instance i-0bfcf4255c81b2dcc launched. Waiting for running...
[09:23:07.605] [Part 07] Instance ready. IP: 44.223.37.201
[09:23:14.009] [Part 05] Running: ffmpeg -i /home/ubuntu/input.mp4 -c:v libx264 -preset slow -b:v 2M -threads 5 -max_muxing_queue_size 1024 -y /home/ubuntu/output.mp4
[09:23:17.846] [Part 06] Running: ffmpeg -i /home/ubuntu/input.mp4 -c:v libx264 -preset slow -b:v 2M -threads 5 -max_muxing_queue_size 1024 -y /home/ubuntu/output.mp4
[09:23:17.859] [Part 08] Instance ready. IP: 3.81.25.76
[09:23:18.297] [Part 09] Instance ready. IP: 44.211.24.44
[09:23:23.645] [Part 05] Done!
[09:23:25.365] [Part 05] Instance terminated.
[09:23:25.365] [Part 05] [vCPU] Released 2 slots.
[09:23:28.087] [Part 06] Done!
[09:23:29.702] [Part 06] Instance terminated.
[09:23:29.716] [Part 06] [vCPU] Released 2 slots.
[09:23:34.179] [Part 07] SSH connected.
[09:23:35.420] [Part 07] CPU found: Intel(R) Xeon(R) Platinum 8275CL CPU @ 3.00GHz
[09:23:35.433] [Part 07] CPU correct. Proceeding.
[09:23:35.434] [Part 07] CPU: Intel(R) Xeon(R) Platinum 8275CL CPU @ 3.00GHz
[09:23:36.276] [Part 07] Uploading segment...
[09:23:44.965] [Part 08] SSH connected.
[09:23:45.253] [Part 09] SSH connected.
[09:23:46.070] [Part 08] CPU found: Intel(R) Xeon(R) Platinum 8275CL CPU @ 3.00GHz
[09:23:46.074] [Part 08] CPU correct. Proceeding.
[09:23:46.077] [Part 08] CPU: Intel(R) Xeon(R) Platinum 8275CL CPU @ 3.00GHz
[09:23:46.485] [Part 09] CPU found: Intel(R) Xeon(R) Platinum 8275CL CPU @ 3.00GHz
[09:23:46.487] [Part 09] CPU correct. Proceeding.
[09:23:46.489] [Part 09] CPU: Intel(R) Xeon(R) Platinum 8275CL CPU @ 3.00GHz
[09:23:46.839] [Part 08] Uploading segment...
[09:23:47.380] [Part 09] Uploading segment...
[09:24:30.117] [Part 07] Running: ffmpeg -i /home/ubuntu/input.mp4 -c:v libx264 -preset slow -b:v 2M -threads 5 -max_muxing_queue_size 1024 -y /home/ubuntu/output.mp4
[09:24:32.581] [Part 08] Running: ffmpeg -i /home/ubuntu/input.mp4 -c:v libx264 -preset slow -b:v 2M -threads 5 -max_muxing_queue_size 1024 -y /home/ubuntu/output.mp4
[09:24:40.797] [Part 07] Done!
[09:24:41.477] [Part 09] Running: ffmpeg -i /home/ubuntu/input.mp4 -c:v libx264 -preset slow -b:v 2M -threads 5 -max_muxing_queue_size 1024 -y /home/ubuntu/output.mp4
[09:24:42.164] [Part 07] Instance terminated.
[09:24:42.168] [Part 07] [vCPU] Released 2 slots.
[09:24:43.189] [Part 08] Done!
[09:24:44.696] [Part 08] Instance terminated.
[09:24:44.698] [Part 08] [vCPU] Released 2 slots.
[09:24:51.017] [Part 09] Done!
[09:24:52.271] [Part 09] Instance terminated.
[09:24:52.274] [Part 09] [vCPU] Released 2 slots.
[09:24:52.304] ============================================================
[09:24:52.305] RESULTS — 10x c5.large Horizontal
[09:24:52.305]   Total Time:    328.82s (5.48 min)
[09:24:52.305]   Split Time:    23.51s
[09:24:52.305]   Parallel Time: 305.26s (5.09 min)
[09:24:52.305] ============================================================
