[09:19:23.434] === Phase 3.2 OPTIMIZED Horizontal Scaling: 10x c5.large ===
[09:19:23.439] Codec: libx264, Threads: 5, Max workers: 5
[09:19:23.439] [Setup] Starting video split...
[09:19:24.097] [Setup] Video: 600.0s → 10 parts of 60.0s
[09:19:45.756] [Setup] Video split complete.
[09:19:45.870] [Summary] SPLIT TIME: 22.32s
[09:19:46.188] [Part 00] Launching c5.large...
[09:19:46.207] [Part 00] [vCPU] Acquired 2 slots.
[09:19:46.551] [Part 01] Launching c5.large...
[09:19:46.603] [Part 01] [vCPU] Acquired 2 slots.
[09:19:47.221] [Part 02] Launching c5.large...
[09:19:47.244] [Part 02] [vCPU] Acquired 2 slots.
[09:19:47.521] [Part 03] Launching c5.large...
[09:19:47.577] [Part 03] [vCPU] Acquired 2 slots.
[09:19:49.025] [Part 04] Launching c5.large...
[09:19:49.034] [Part 04] [vCPU] Acquired 2 slots.
[09:19:56.462] [Part 02] Instance i-0eb133a4652d5d901 launched. Waiting for running...
[09:19:57.903] [Part 00] Instance i-03877286138a4f316 launched. Waiting for running...
[09:19:59.905] [Part 04] Instance i-0cbc8855962f77565 launched. Waiting for running...
[09:20:08.207] [Part 01] Instance i-0599b58a26405ef4d launched. Waiting for running...
[09:20:09.531] [Part 03] Error on attempt 1: An error occurred (RequestLimitExceeded) when calling the RunInstances operation (reached max retries: 4): Request limit exceeded. Account 460964766037 has been throttled on ec2:RunInstances because it exceeded its request rate limit.
[09:20:09.531] [Part 03] [vCPU] Released 2 slots.
[09:20:12.205] [Part 02] Instance ready. IP: 98.92.18.166
[09:20:13.641] [Part 00] Instance ready. IP: 98.92.26.108
[09:20:15.625] [Part 04] Instance ready. IP: 3.235.173.143
[09:20:19.531] [Part 03] [vCPU] Acquired 2 slots.
[09:20:23.918] [Part 01] Instance ready. IP: 13.222.108.96
[09:20:23.988] [Part 03] Instance i-04dfbbac414dd50ae launched. Waiting for running...
[09:20:38.490] [Part 02] SSH connected.
[09:20:39.817] [Part 02] CPU found: Intel(R) Xeon(R) Platinum 8275CL CPU @ 3.00GHz
[09:20:39.817] [Part 02] CPU correct. Proceeding.
[09:20:39.818] [Part 02] CPU: Intel(R) Xeon(R) Platinum 8275CL CPU @ 3.00GHz
[09:20:40.099] [Part 00] SSH connected.
[09:20:40.170] [Part 03] Instance ready. IP: 44.222.176.67
[09:20:40.511] [Part 02] Uploading segment...
[09:20:41.640] [Part 00] CPU found: Intel(R) Xeon(R) Platinum 8275CL CPU @ 3.00GHz
[09:20:41.692] [Part 00] CPU correct. Proceeding.
[09:20:41.696] [Part 00] CPU: Intel(R) Xeon(R) Platinum 8275CL CPU @ 3.00GHz
[09:20:42.435] [Part 04] SSH connected.
[09:20:42.605] [Part 00] Uploading segment...
[09:20:43.637] [Part 04] CPU found: Intel(R) Xeon(R) Platinum 8275CL CPU @ 3.00GHz
[09:20:43.638] [Part 04] CPU correct. Proceeding.
[09:20:43.639] [Part 04] CPU: Intel(R) Xeon(R) Platinum 8275CL CPU @ 3.00GHz
[09:20:44.435] [Part 04] Uploading segment...
[09:20:50.433] [Part 01] SSH connected.
[09:20:51.563] [Part 01] CPU found: Intel(R) Xeon(R) Platinum 8275CL CPU @ 3.00GHz
[09:20:51.563] [Part 01] CPU correct. Proceeding.
[09:20:51.563] [Part 01] CPU: Intel(R) Xeon(R) Platinum 8275CL CPU @ 3.00GHz
[09:20:52.439] [Part 01] Uploading segment...
[09:21:00.365] [Part 00] Running: ffmpeg -i /home/ubuntu/input.mp4 -c:v libx264 -preset slow -b:v 2M -threads 5 -max_muxing_queue_size 1024 -y /home/ubuntu/output.mp4
[09:21:06.634] [Part 03] SSH connected.
[09:21:07.763] [Part 03] CPU found: Intel(R) Xeon(R) Platinum 8275CL CPU @ 3.00GHz
[09:21:07.767] [Part 03] CPU correct. Proceeding.
[09:21:07.832] [Part 03] CPU: Intel(R) Xeon(R) Platinum 8275CL CPU @ 3.00GHz
[09:21:08.649] [Part 03] Uploading segment...
[09:21:10.859] [Part 00] Done!
[09:21:11.501] [Part 00] Instance terminated.
[09:21:11.560] [Part 00] [vCPU] Released 2 slots.
[09:21:11.581] [Part 05] Launching c5.large...
[09:21:11.581] [Part 05] [vCPU] Acquired 2 slots.
[09:21:13.828] [Part 02] Running: ffmpeg -i /home/ubuntu/input.mp4 -c:v libx264 -preset slow -b:v 2M -threads 5 -max_muxing_queue_size 1024 -y /home/ubuntu/output.mp4
[09:21:14.128] [Part 05] Instance i-0a0e9c534ac460b28 launched. Waiting for running...
[09:21:24.467] [Part 02] Done!
[09:21:25.868] [Part 02] Instance terminated.
[09:21:25.868] [Part 02] [vCPU] Released 2 slots.
[09:21:25.883] [Part 06] Launching c5.large...
[09:21:25.883] [Part 06] [vCPU] Acquired 2 slots.
[09:21:28.223] [Part 06] Instance i-0afa4f522572d5e0d launched. Waiting for running...
[09:21:30.274] [Part 05] Instance ready. IP: 44.222.215.96
[09:21:44.933] [Part 04] Running: ffmpeg -i /home/ubuntu/input.mp4 -c:v libx264 -preset slow -b:v 2M -threads 5 -max_muxing_queue_size 1024 -y /home/ubuntu/output.mp4
[09:21:45.356] [Part 06] Instance ready. IP: 44.200.23.122
[09:21:52.363] [Part 01] Running: ffmpeg -i /home/ubuntu/input.mp4 -c:v libx264 -preset slow -b:v 2M -threads 5 -max_muxing_queue_size 1024 -y /home/ubuntu/output.mp4
[09:21:55.303] [Part 04] Done!
[09:21:57.510] [Part 04] Instance terminated.
[09:21:57.512] [Part 04] [vCPU] Released 2 slots.
[09:21:57.538] [Part 07] Launching c5.large...
[09:21:57.538] [Part 07] [vCPU] Acquired 2 slots.
[09:21:58.385] [Part 05] SSH connected.
[09:21:59.461] [Part 05] CPU found: Intel(R) Xeon(R) Platinum 8275CL CPU @ 3.00GHz
[09:21:59.461] [Part 05] CPU correct. Proceeding.
[09:21:59.469] [Part 05] CPU: Intel(R) Xeon(R) Platinum 8275CL CPU @ 3.00GHz
[09:22:00.011] [Part 07] Instance i-074df5ad81e26ca86 launched. Waiting for running...
[09:22:00.302] [Part 05] Uploading segment...
[09:22:01.352] [Part 01] Done!
[09:22:04.305] [Part 01] Instance terminated.
[09:22:04.306] [Part 01] [vCPU] Released 2 slots.
[09:22:04.339] [Part 08] Launching c5.large...
[09:22:04.340] [Part 08] [vCPU] Acquired 2 slots.
[09:22:06.891] [Part 08] Instance i-0d21b009a36a1178f launched. Waiting for running...
[09:22:11.841] [Part 06] SSH connected.
[09:22:13.606] [Part 06] CPU found: Intel(R) Xeon(R) Platinum 8275CL CPU @ 3.00GHz
[09:22:13.608] [Part 06] CPU correct. Proceeding.
[09:22:13.608] [Part 06] CPU: Intel(R) Xeon(R) Platinum 8275CL CPU @ 3.00GHz
[09:22:14.549] [Part 06] Uploading segment...
[09:22:16.074] [Part 07] Instance ready. IP: 44.222.122.234
[09:22:23.098] [Part 08] Instance ready. IP: 3.236.54.188
[09:22:39.956] [Part 03] Running: ffmpeg -i /home/ubuntu/input.mp4 -c:v libx264 -preset slow -b:v 2M -threads 5 -max_muxing_queue_size 1024 -y /home/ubuntu/output.mp4
[09:22:42.566] [Part 07] SSH connected.
[09:22:44.691] [Part 07] CPU found: Intel(R) Xeon(R) Platinum 8275CL CPU @ 3.00GHz
[09:22:44.693] [Part 07] CPU correct. Proceeding.
[09:22:44.695] [Part 07] CPU: Intel(R) Xeon(R) Platinum 8275CL CPU @ 3.00GHz
[09:22:45.946] [Part 07] Uploading segment...
[09:22:50.578] [Part 08] SSH connected.
[09:22:50.736] [Part 03] Done!
[09:22:52.027] [Part 08] CPU found: Intel(R) Xeon(R) Platinum 8275CL CPU @ 3.00GHz
[09:22:52.041] [Part 08] CPU correct. Proceeding.
[09:22:52.041] [Part 08] CPU: Intel(R) Xeon(R) Platinum 8275CL CPU @ 3.00GHz
[09:22:52.303] [Part 03] Instance terminated.
[09:22:52.311] [Part 03] [vCPU] Released 2 slots.
[09:22:52.359] [Part 09] Launching c5.large...
[09:22:52.387] [Part 09] [vCPU] Acquired 2 slots.
[09:22:53.343] [Part 08] Uploading segment...
[09:22:59.731] [Part 09] Instance i-08b4af738e840874a launched. Waiting for running...
[09:23:15.829] [Part 09] Instance ready. IP: 44.192.29.154
[09:23:15.948] [Part 05] Running: ffmpeg -i /home/ubuntu/input.mp4 -c:v libx264 -preset slow -b:v 2M -threads 5 -max_muxing_queue_size 1024 -y /home/ubuntu/output.mp4
[09:23:22.896] [Part 06] Running: ffmpeg -i /home/ubuntu/input.mp4 -c:v libx264 -preset slow -b:v 2M -threads 5 -max_muxing_queue_size 1024 -y /home/ubuntu/output.mp4
[09:23:27.389] [Part 05] Done!
[09:23:28.960] [Part 05] Instance terminated.
[09:23:28.969] [Part 05] [vCPU] Released 2 slots.
[09:23:33.776] [Part 06] Done!
[09:23:34.115] [Part 08] Running: ffmpeg -i /home/ubuntu/input.mp4 -c:v libx264 -preset slow -b:v 2M -threads 5 -max_muxing_queue_size 1024 -y /home/ubuntu/output.mp4
[09:23:35.419] [Part 07] Running: ffmpeg -i /home/ubuntu/input.mp4 -c:v libx264 -preset slow -b:v 2M -threads 5 -max_muxing_queue_size 1024 -y /home/ubuntu/output.mp4
[09:23:35.425] [Part 06] Instance terminated.
[09:23:35.444] [Part 06] [vCPU] Released 2 slots.
[09:23:42.679] [Part 09] SSH connected.
[09:23:43.685] [Part 09] CPU found: Intel(R) Xeon(R) Platinum 8275CL CPU @ 3.00GHz
[09:23:43.687] [Part 09] CPU correct. Proceeding.
[09:23:43.688] [Part 09] CPU: Intel(R) Xeon(R) Platinum 8275CL CPU @ 3.00GHz
[09:23:44.033] [Part 08] Done!
[09:23:44.697] [Part 09] Uploading segment...
[09:23:46.148] [Part 08] Instance terminated.
[09:23:46.149] [Part 08] [vCPU] Released 2 slots.
[09:23:46.662] [Part 07] Done!
[09:23:48.235] [Part 07] Instance terminated.
[09:23:48.243] [Part 07] [vCPU] Released 2 slots.
[09:24:21.425] [Part 09] Running: ffmpeg -i /home/ubuntu/input.mp4 -c:v libx264 -preset slow -b:v 2M -threads 5 -max_muxing_queue_size 1024 -y /home/ubuntu/output.mp4
[09:24:32.135] [Part 09] Done!
[09:24:33.819] [Part 09] Instance terminated.
[09:24:33.820] [Part 09] [vCPU] Released 2 slots.
[09:24:33.868] ============================================================
[09:24:33.868] RESULTS — 10x c5.large Horizontal
[09:24:33.868]   Total Time:    310.41s (5.17 min)
[09:24:33.868]   Split Time:    22.32s
[09:24:33.869]   Parallel Time: 287.98s (4.80 min)
[09:24:33.869] ============================================================
