[08:46:54.056] === Phase 3.2 Vertical Scaling: 1x m5.4xlarge ===
[08:46:54.060] Codec: libx264, Threads: 10, Preset: slow
[08:46:54.105] [m5.4xlarge-Vertical] Launching EC2 instance...
[08:46:54.119] [m5.4xlarge-Vertical] [vCPU] Acquired 16 slots.
[08:46:56.272] [m5.4xlarge-Vertical] Instance i-0f5d1f5ce45342f50 launched. Waiting for running...
[08:47:12.016] [m5.4xlarge-Vertical] Instance ready. IP: 13.223.179.24
[08:47:38.599] [m5.4xlarge-Vertical] SSH connected.
[08:47:39.689] [m5.4xlarge-Vertical] CPU found: Intel(R) Xeon(R) Platinum 8259CL CPU @ 2.50GHz
[08:47:39.690] [m5.4xlarge-Vertical] CPU correct. Proceeding.
[08:47:39.690] [m5.4xlarge-Vertical] Installing ffmpeg...
[08:48:16.739] [m5.4xlarge-Vertical] ffmpeg installed.
[08:48:16.739] [m5.4xlarge-Vertical] CPU: Intel(R) Xeon(R) Platinum 8259CL CPU @ 2.50GHz
[08:48:16.739] [m5.4xlarge-Vertical] Uploading 10-minute video...
[08:50:33.668] [m5.4xlarge-Vertical] Upload complete.
[08:50:33.668] [m5.4xlarge-Vertical] SETUP TIME: 219.54s (3.66 min)
[08:50:33.668] [m5.4xlarge-Vertical] Running: ffmpeg -i /home/ubuntu/input.mp4 -c:v libx264 -preset slow -b:v 2M -threads 10 -max_muxing_queue_size 1024 -y /home/ubuntu/output.mp4
[08:51:15.732] [m5.4xlarge-Vertical] ENCODING TIME: 42.06s (0.70 min)
[08:51:16.776] [m5.4xlarge-Vertical] Instance terminated.
[08:51:16.776] [m5.4xlarge-Vertical] [vCPU] Released 16 slots.
[08:51:16.776] [m5.4xlarge-Vertical] ============================================================
[08:51:16.776] [m5.4xlarge-Vertical] RESULTS — m5.4xlarge Vertical
[08:51:16.776] [m5.4xlarge-Vertical]   Total Time:    262.65s (4.38 min)
[08:51:16.776] [m5.4xlarge-Vertical]   Setup Time:    219.54s (3.66 min)
[08:51:16.776] [m5.4xlarge-Vertical]   Encoding Time: 42.06s (0.70 min)
[08:51:16.776] [m5.4xlarge-Vertical]   Setup %:       83.6%
[08:51:16.776] [m5.4xlarge-Vertical] ============================================================
