[09:08:28.617] === Phase 3.2 OPTIMIZED Vertical Scaling: 1x m5.4xlarge ===
[09:08:28.723] Codec: libx264, Threads: 10, Preset: slow
[09:08:28.741] [m5.4xlarge-Vertical] Launching EC2 instance...
[09:08:28.801] [m5.4xlarge-Vertical] [vCPU] Acquired 16 slots.
[09:08:30.862] [m5.4xlarge-Vertical] Instance i-02dfc37e23976fd99 launched. Waiting for running...
[09:08:47.086] [m5.4xlarge-Vertical] Instance ready. IP: 13.221.219.131
[09:09:13.073] [m5.4xlarge-Vertical] SSH connected.
[09:09:14.232] [m5.4xlarge-Vertical] CPU found: Intel(R) Xeon(R) Platinum 8259CL CPU @ 2.50GHz
[09:09:14.232] [m5.4xlarge-Vertical] CPU correct. Proceeding.
[09:09:14.233] [m5.4xlarge-Vertical] CPU: Intel(R) Xeon(R) Platinum 8259CL CPU @ 2.50GHz
[09:09:14.233] [m5.4xlarge-Vertical] Uploading 10-minute video...
[09:10:03.110] [m5.4xlarge-Vertical] Upload complete.
[09:10:03.114] [m5.4xlarge-Vertical] SETUP TIME: 94.27s (1.57 min)
[09:10:03.114] [m5.4xlarge-Vertical] Running: ffmpeg -i /home/ubuntu/input.mp4 -c:v libx264 -preset slow -b:v 2M -threads 10 -max_muxing_queue_size 1024 -y /home/ubuntu/output.mp4
[09:10:43.139] [m5.4xlarge-Vertical] ENCODING TIME: 40.02s (0.67 min)
[09:10:44.540] [m5.4xlarge-Vertical] Instance terminated.
[09:10:44.540] [m5.4xlarge-Vertical] [vCPU] Released 16 slots.
[09:10:44.541] [m5.4xlarge-Vertical] ============================================================
[09:10:44.541] [m5.4xlarge-Vertical] RESULTS — m5.4xlarge Vertical
[09:10:44.544] [m5.4xlarge-Vertical]   Total Time:    135.70s (2.26 min)
[09:10:44.544] [m5.4xlarge-Vertical]   Setup Time:    94.27s (1.57 min)
[09:10:44.544] [m5.4xlarge-Vertical]   Encoding Time: 40.02s (0.67 min)
[09:10:44.544] [m5.4xlarge-Vertical]   Setup %:       69.5%
[09:10:44.545] [m5.4xlarge-Vertical] ============================================================
