[08:46:53.911] === Phase 3.2 Vertical Scaling: 1x m5.4xlarge ===
[08:46:53.932] Codec: libx264, Threads: 10, Preset: slow
[08:46:53.974] [m5.4xlarge-Vertical] Launching EC2 instance...
[08:46:54.014] [m5.4xlarge-Vertical] [vCPU] Acquired 16 slots.
[08:46:56.156] [m5.4xlarge-Vertical] Instance i-02657d17417062ba5 launched. Waiting for running...
[08:47:12.303] [m5.4xlarge-Vertical] Instance ready. IP: 3.92.82.139
[08:47:38.757] [m5.4xlarge-Vertical] SSH connected.
[08:47:39.774] [m5.4xlarge-Vertical] CPU found: Intel(R) Xeon(R) Platinum 8259CL CPU @ 2.50GHz
[08:47:39.775] [m5.4xlarge-Vertical] CPU correct. Proceeding.
[08:47:39.775] [m5.4xlarge-Vertical] Installing ffmpeg...
[08:48:14.297] [m5.4xlarge-Vertical] ffmpeg installed.
[08:48:14.297] [m5.4xlarge-Vertical] CPU: Intel(R) Xeon(R) Platinum 8259CL CPU @ 2.50GHz
[08:48:14.297] [m5.4xlarge-Vertical] Uploading 10-minute video...
[08:49:46.752] [m5.4xlarge-Vertical] Upload complete.
[08:49:46.766] [m5.4xlarge-Vertical] SETUP TIME: 172.75s (2.88 min)
[08:49:46.766] [m5.4xlarge-Vertical] Running: ffmpeg -i /home/ubuntu/input.mp4 -c:v libx264 -preset slow -b:v 2M -threads 10 -max_muxing_queue_size 1024 -y /home/ubuntu/output.mp4
[08:50:28.672] [m5.4xlarge-Vertical] ENCODING TIME: 41.91s (0.70 min)
[08:50:31.314] [m5.4xlarge-Vertical] Instance terminated.
[08:50:31.317] [m5.4xlarge-Vertical] [vCPU] Released 16 slots.
[08:50:31.320] [m5.4xlarge-Vertical] ============================================================
[08:50:31.320] [m5.4xlarge-Vertical] RESULTS — m5.4xlarge Vertical
[08:50:31.321] [m5.4xlarge-Vertical]   Total Time:    217.31s (3.62 min)
[08:50:31.321] [m5.4xlarge-Vertical]   Setup Time:    172.75s (2.88 min)
[08:50:31.321] [m5.4xlarge-Vertical]   Encoding Time: 41.91s (0.70 min)
[08:50:31.321] [m5.4xlarge-Vertical]   Setup %:       79.5%
[08:50:31.321] [m5.4xlarge-Vertical] ============================================================
