[09:08:28.858] === Phase 3.2 OPTIMIZED Vertical Scaling: 1x m5.4xlarge ===
[09:08:28.897] Codec: libx264, Threads: 10, Preset: slow
[09:08:28.940] [m5.4xlarge-Vertical] Launching EC2 instance...
[09:08:28.967] [m5.4xlarge-Vertical] [vCPU] Acquired 16 slots.
[09:08:45.029] [m5.4xlarge-Vertical] Instance i-0b92318c4c7aba5b0 launched. Waiting for running...
[09:09:00.767] [m5.4xlarge-Vertical] Instance ready. IP: 98.87.13.84
[09:09:27.120] [m5.4xlarge-Vertical] SSH connected.
[09:09:28.193] [m5.4xlarge-Vertical] CPU found: Intel(R) Xeon(R) Platinum 8259CL CPU @ 2.50GHz
[09:09:28.193] [m5.4xlarge-Vertical] CPU correct. Proceeding.
[09:09:28.194] [m5.4xlarge-Vertical] CPU: Intel(R) Xeon(R) Platinum 8259CL CPU @ 2.50GHz
[09:09:28.194] [m5.4xlarge-Vertical] Uploading 10-minute video...
[09:12:20.888] [m5.4xlarge-Vertical] Upload complete.
[09:12:20.888] [m5.4xlarge-Vertical] SETUP TIME: 231.87s (3.86 min)
[09:12:20.888] [m5.4xlarge-Vertical] Running: ffmpeg -i /home/ubuntu/input.mp4 -c:v libx264 -preset slow -b:v 2M -threads 10 -max_muxing_queue_size 1024 -y /home/ubuntu/output.mp4
[09:12:55.301] [m5.4xlarge-Vertical] ENCODING TIME: 34.41s (0.57 min)
[09:12:56.583] [m5.4xlarge-Vertical] Instance terminated.
[09:12:56.583] [m5.4xlarge-Vertical] [vCPU] Released 16 slots.
[09:12:56.583] [m5.4xlarge-Vertical] ============================================================
[09:12:56.583] [m5.4xlarge-Vertical] RESULTS — m5.4xlarge Vertical
[09:12:56.583] [m5.4xlarge-Vertical]   Total Time:    267.57s (4.46 min)
[09:12:56.583] [m5.4xlarge-Vertical]   Setup Time:    231.87s (3.86 min)
[09:12:56.584] [m5.4xlarge-Vertical]   Encoding Time: 34.41s (0.57 min)
[09:12:56.584] [m5.4xlarge-Vertical]   Setup %:       86.7%
[09:12:56.584] [m5.4xlarge-Vertical] ============================================================
