[09:08:28.387] === Phase 3.2 OPTIMIZED Vertical Scaling: 1x m5.4xlarge ===
[09:08:28.426] Codec: libx264, Threads: 10, Preset: slow
[09:08:28.450] [m5.4xlarge-Vertical] Launching EC2 instance...
[09:08:28.629] [m5.4xlarge-Vertical] [vCPU] Acquired 16 slots.
[09:08:30.831] [m5.4xlarge-Vertical] Instance i-0876f288676e1ee97 launched. Waiting for running...
[09:08:47.063] [m5.4xlarge-Vertical] Instance ready. IP: 54.158.253.56
[09:09:12.983] [m5.4xlarge-Vertical] SSH connected.
[09:09:14.244] [m5.4xlarge-Vertical] CPU found: Intel(R) Xeon(R) Platinum 8175M CPU @ 2.50GHz
[09:09:14.245] [m5.4xlarge-Vertical] CPU mismatch (attempt 1/15): got 'Intel(R) Xeon(R) Platinum 8175M CPU @ 2.50GHz', expected 'Intel(R) Xeon(R) Platinum 8259CL CPU @ 2.50GHz'. Terminating and retrying...
[09:09:14.987] [m5.4xlarge-Vertical] [vCPU] Released 16 slots.
[09:09:25.007] [m5.4xlarge-Vertical] [vCPU] Acquired 16 slots.
[09:09:25.996] [m5.4xlarge-Vertical] Error on attempt 2: An error occurred (VcpuLimitExceeded) when calling the RunInstances operation: You have requested more vCPU capacity than your current vCPU limit of 436 allows for the instance bucket that the specified instance type belongs to. Please visit http://aws.amazon.com/contact-us/ec2-request to request an adjustment to this limit.
[09:09:25.996] [m5.4xlarge-Vertical] [vCPU] Released 16 slots.
[09:09:35.996] [m5.4xlarge-Vertical] [vCPU] Acquired 16 slots.
[09:09:39.254] [m5.4xlarge-Vertical] Instance i-03f2459a42e74d2b8 launched. Waiting for running...
[09:09:55.436] [m5.4xlarge-Vertical] Instance ready. IP: 18.232.115.60
[09:10:22.369] [m5.4xlarge-Vertical] SSH connected.
[09:10:24.351] [m5.4xlarge-Vertical] CPU found: Intel(R) Xeon(R) Platinum 8259CL CPU @ 2.50GHz
[09:10:24.351] [m5.4xlarge-Vertical] CPU correct. Proceeding.
[09:10:24.352] [m5.4xlarge-Vertical] CPU: Intel(R) Xeon(R) Platinum 8259CL CPU @ 2.50GHz
[09:10:24.352] [m5.4xlarge-Vertical] Uploading 10-minute video...
[09:11:55.970] [m5.4xlarge-Vertical] Upload complete.
[09:11:55.970] [m5.4xlarge-Vertical] SETUP TIME: 139.97s (2.33 min)
[09:11:55.970] [m5.4xlarge-Vertical] Running: ffmpeg -i /home/ubuntu/input.mp4 -c:v libx264 -preset slow -b:v 2M -threads 10 -max_muxing_queue_size 1024 -y /home/ubuntu/output.mp4
[09:12:33.873] [m5.4xlarge-Vertical] ENCODING TIME: 37.90s (0.63 min)
[09:12:35.122] [m5.4xlarge-Vertical] Instance terminated.
[09:12:35.123] [m5.4xlarge-Vertical] [vCPU] Released 16 slots.
[09:12:35.123] [m5.4xlarge-Vertical] ============================================================
[09:12:35.123] [m5.4xlarge-Vertical] RESULTS — m5.4xlarge Vertical
[09:12:35.123] [m5.4xlarge-Vertical]   Total Time:    179.13s (2.99 min)
[09:12:35.123] [m5.4xlarge-Vertical]   Setup Time:    139.97s (2.33 min)
[09:12:35.123] [m5.4xlarge-Vertical]   Encoding Time: 37.90s (0.63 min)
[09:12:35.123] [m5.4xlarge-Vertical]   Setup %:       78.1%
[09:12:35.123] [m5.4xlarge-Vertical] ============================================================
