[08:46:54.063] === Phase 3.2 Vertical Scaling: 1x m5.4xlarge ===
[08:46:54.105] Codec: libx264, Threads: 10, Preset: slow
[08:46:54.119] [m5.4xlarge-Vertical] Launching EC2 instance...
[08:46:54.182] [m5.4xlarge-Vertical] [vCPU] Acquired 16 slots.
[08:47:07.481] [m5.4xlarge-Vertical] Instance i-01ea65637c340440d launched. Waiting for running...
[08:47:23.534] [m5.4xlarge-Vertical] Instance ready. IP: 54.174.87.22
[08:47:49.424] [m5.4xlarge-Vertical] SSH connected.
[08:47:50.475] [m5.4xlarge-Vertical] CPU found: Intel(R) Xeon(R) Platinum 8259CL CPU @ 2.50GHz
[08:47:50.475] [m5.4xlarge-Vertical] CPU correct. Proceeding.
[08:47:50.476] [m5.4xlarge-Vertical] Installing ffmpeg...
[08:48:25.968] [m5.4xlarge-Vertical] ffmpeg installed.
[08:48:25.970] [m5.4xlarge-Vertical] CPU: Intel(R) Xeon(R) Platinum 8259CL CPU @ 2.50GHz
[08:48:25.971] [m5.4xlarge-Vertical] Uploading 10-minute video...
[08:50:31.606] [m5.4xlarge-Vertical] Upload complete.
[08:50:31.609] [m5.4xlarge-Vertical] SETUP TIME: 217.20s (3.62 min)
[08:50:31.610] [m5.4xlarge-Vertical] Running: ffmpeg -i /home/ubuntu/input.mp4 -c:v libx264 -preset slow -b:v 2M -threads 10 -max_muxing_queue_size 1024 -y /home/ubuntu/output.mp4
[08:51:13.930] [m5.4xlarge-Vertical] ENCODING TIME: 42.32s (0.71 min)
[08:51:15.271] [m5.4xlarge-Vertical] Instance terminated.
[08:51:15.271] [m5.4xlarge-Vertical] [vCPU] Released 16 slots.
[08:51:15.272] [m5.4xlarge-Vertical] ============================================================
[08:51:15.272] [m5.4xlarge-Vertical] RESULTS — m5.4xlarge Vertical
[08:51:15.272] [m5.4xlarge-Vertical]   Total Time:    260.86s (4.35 min)
[08:51:15.272] [m5.4xlarge-Vertical]   Setup Time:    217.20s (3.62 min)
[08:51:15.272] [m5.4xlarge-Vertical]   Encoding Time: 42.32s (0.71 min)
[08:51:15.273] [m5.4xlarge-Vertical]   Setup %:       83.3%
[08:51:15.273] [m5.4xlarge-Vertical] ============================================================
