[08:46:53.827] === Phase 3.2 Vertical Scaling: 1x m5.4xlarge ===
[08:46:53.849] Codec: libx264, Threads: 10, Preset: slow
[08:46:53.863] [m5.4xlarge-Vertical] Launching EC2 instance...
[08:46:53.864] [m5.4xlarge-Vertical] [vCPU] Acquired 16 slots.
[08:46:56.225] [m5.4xlarge-Vertical] Instance i-02fae83a07cecac7b launched. Waiting for running...
[08:47:11.897] [m5.4xlarge-Vertical] Instance ready. IP: 107.22.20.147
[08:47:38.419] [m5.4xlarge-Vertical] SSH connected.
[08:47:39.341] [m5.4xlarge-Vertical] CPU found: Intel(R) Xeon(R) Platinum 8259CL CPU @ 2.50GHz
[08:47:39.341] [m5.4xlarge-Vertical] CPU correct. Proceeding.
[08:47:39.341] [m5.4xlarge-Vertical] Installing ffmpeg...
[08:48:14.128] [m5.4xlarge-Vertical] ffmpeg installed.
[08:48:14.128] [m5.4xlarge-Vertical] CPU: Intel(R) Xeon(R) Platinum 8259CL CPU @ 2.50GHz
[08:48:14.128] [m5.4xlarge-Vertical] Uploading 10-minute video...
[08:48:56.525] [m5.4xlarge-Vertical] Upload complete.
[08:48:56.526] [m5.4xlarge-Vertical] SETUP TIME: 122.65s (2.04 min)
[08:48:56.526] [m5.4xlarge-Vertical] Running: ffmpeg -i /home/ubuntu/input.mp4 -c:v libx264 -preset slow -b:v 2M -threads 10 -max_muxing_queue_size 1024 -y /home/ubuntu/output.mp4
[08:49:42.105] [m5.4xlarge-Vertical] ENCODING TIME: 45.58s (0.76 min)
[08:49:43.395] [m5.4xlarge-Vertical] Instance terminated.
[08:49:43.396] [m5.4xlarge-Vertical] [vCPU] Released 16 slots.
[08:49:43.396] [m5.4xlarge-Vertical] ============================================================
[08:49:43.397] [m5.4xlarge-Vertical] RESULTS — m5.4xlarge Vertical
[08:49:43.397] [m5.4xlarge-Vertical]   Total Time:    169.52s (2.83 min)
[08:49:43.397] [m5.4xlarge-Vertical]   Setup Time:    122.65s (2.04 min)
[08:49:43.397] [m5.4xlarge-Vertical]   Encoding Time: 45.58s (0.76 min)
[08:49:43.397] [m5.4xlarge-Vertical]   Setup %:       72.4%
[08:49:43.398] [m5.4xlarge-Vertical] ============================================================
