[09:08:28.787] === Phase 3.2 OPTIMIZED Vertical Scaling: 1x m5.4xlarge ===
[09:08:28.834] Codec: libx264, Threads: 10, Preset: slow
[09:08:28.845] [m5.4xlarge-Vertical] Launching EC2 instance...
[09:08:28.881] [m5.4xlarge-Vertical] [vCPU] Acquired 16 slots.
[09:08:31.264] [m5.4xlarge-Vertical] Instance i-0328f08d0defb1858 launched. Waiting for running...
[09:08:47.341] [m5.4xlarge-Vertical] Instance ready. IP: 54.224.238.39
[09:09:13.334] [m5.4xlarge-Vertical] SSH connected.
[09:09:14.363] [m5.4xlarge-Vertical] CPU found: Intel(R) Xeon(R) Platinum 8259CL CPU @ 2.50GHz
[09:09:14.363] [m5.4xlarge-Vertical] CPU correct. Proceeding.
[09:09:14.364] [m5.4xlarge-Vertical] CPU: Intel(R) Xeon(R) Platinum 8259CL CPU @ 2.50GHz
[09:09:14.364] [m5.4xlarge-Vertical] Uploading 10-minute video...
[09:11:07.151] [m5.4xlarge-Vertical] Upload complete.
[09:11:07.152] [m5.4xlarge-Vertical] SETUP TIME: 158.24s (2.64 min)
[09:11:07.152] [m5.4xlarge-Vertical] Running: ffmpeg -i /home/ubuntu/input.mp4 -c:v libx264 -preset slow -b:v 2M -threads 10 -max_muxing_queue_size 1024 -y /home/ubuntu/output.mp4
[09:11:37.113] [m5.4xlarge-Vertical] ENCODING TIME: 29.96s (0.50 min)
[09:11:38.625] [m5.4xlarge-Vertical] Instance terminated.
[09:11:38.625] [m5.4xlarge-Vertical] [vCPU] Released 16 slots.
[09:11:38.625] [m5.4xlarge-Vertical] ============================================================
[09:11:38.625] [m5.4xlarge-Vertical] RESULTS — m5.4xlarge Vertical
[09:11:38.625] [m5.4xlarge-Vertical]   Total Time:    189.71s (3.16 min)
[09:11:38.625] [m5.4xlarge-Vertical]   Setup Time:    158.24s (2.64 min)
[09:11:38.625] [m5.4xlarge-Vertical]   Encoding Time: 29.96s (0.50 min)
[09:11:38.625] [m5.4xlarge-Vertical]   Setup %:       83.4%
[09:11:38.625] [m5.4xlarge-Vertical] ============================================================
