[08:46:54.197] === Phase 3.2 Vertical Scaling: 1x m5.4xlarge ===
[08:46:54.216] Codec: libx264, Threads: 10, Preset: slow
[08:46:54.436] [m5.4xlarge-Vertical] Launching EC2 instance...
[08:46:54.703] [m5.4xlarge-Vertical] [vCPU] Acquired 16 slots.
[08:47:02.629] [m5.4xlarge-Vertical] Instance i-08b5a7c766e1527cf launched. Waiting for running...
[08:47:18.322] [m5.4xlarge-Vertical] Instance ready. IP: 98.93.155.17
[08:47:44.256] [m5.4xlarge-Vertical] SSH connected.
[08:47:45.307] [m5.4xlarge-Vertical] CPU found: Intel(R) Xeon(R) Platinum 8175M CPU @ 2.50GHz
[08:47:45.308] [m5.4xlarge-Vertical] CPU mismatch (attempt 1/15): got 'Intel(R) Xeon(R) Platinum 8175M CPU @ 2.50GHz', expected 'Intel(R) Xeon(R) Platinum 8259CL CPU @ 2.50GHz'. Terminating and retrying...
[08:47:45.929] [m5.4xlarge-Vertical] [vCPU] Released 16 slots.
[08:47:55.930] [m5.4xlarge-Vertical] [vCPU] Acquired 16 slots.
[08:47:56.834] [m5.4xlarge-Vertical] Error on attempt 2: An error occurred (VcpuLimitExceeded) when calling the RunInstances operation: You have requested more vCPU capacity than your current vCPU limit of 436 allows for the instance bucket that the specified instance type belongs to. Please visit http://aws.amazon.com/contact-us/ec2-request to request an adjustment to this limit.
[08:47:56.834] [m5.4xlarge-Vertical] [vCPU] Released 16 slots.
[08:48:06.834] [m5.4xlarge-Vertical] [vCPU] Acquired 16 slots.
[08:48:08.307] [m5.4xlarge-Vertical] Error on attempt 3: An error occurred (VcpuLimitExceeded) when calling the RunInstances operation: You have requested more vCPU capacity than your current vCPU limit of 436 allows for the instance bucket that the specified instance type belongs to. Please visit http://aws.amazon.com/contact-us/ec2-request to request an adjustment to this limit.
[08:48:08.308] [m5.4xlarge-Vertical] [vCPU] Released 16 slots.
[08:48:19.200] [m5.4xlarge-Vertical] [vCPU] Acquired 16 slots.
[08:48:26.669] [m5.4xlarge-Vertical] Instance i-00b7a849f23969735 launched. Waiting for running...
[08:48:42.844] [m5.4xlarge-Vertical] Instance ready. IP: 18.209.162.138
[08:49:10.441] [m5.4xlarge-Vertical] SSH connected.
[08:49:11.244] [m5.4xlarge-Vertical] CPU found: Intel(R) Xeon(R) Platinum 8175M CPU @ 2.50GHz
[08:49:11.246] [m5.4xlarge-Vertical] CPU mismatch (attempt 4/15): got 'Intel(R) Xeon(R) Platinum 8175M CPU @ 2.50GHz', expected 'Intel(R) Xeon(R) Platinum 8259CL CPU @ 2.50GHz'. Terminating and retrying...
[08:49:11.924] [m5.4xlarge-Vertical] [vCPU] Released 16 slots.
[08:49:21.927] [m5.4xlarge-Vertical] [vCPU] Acquired 16 slots.
[08:49:22.985] [m5.4xlarge-Vertical] Error on attempt 5: An error occurred (VcpuLimitExceeded) when calling the RunInstances operation: You have requested more vCPU capacity than your current vCPU limit of 436 allows for the instance bucket that the specified instance type belongs to. Please visit http://aws.amazon.com/contact-us/ec2-request to request an adjustment to this limit.
[08:49:22.986] [m5.4xlarge-Vertical] [vCPU] Released 16 slots.
[08:49:33.010] [m5.4xlarge-Vertical] [vCPU] Acquired 16 slots.
[08:49:36.243] [m5.4xlarge-Vertical] Instance i-09299323e66f3f20e launched. Waiting for running...
[08:49:54.582] [m5.4xlarge-Vertical] Instance ready. IP: 34.207.213.133
[08:50:21.503] [m5.4xlarge-Vertical] SSH connected.
[08:50:25.348] [m5.4xlarge-Vertical] CPU found: Intel(R) Xeon(R) Platinum 8259CL CPU @ 2.50GHz
[08:50:25.348] [m5.4xlarge-Vertical] CPU correct. Proceeding.
[08:50:25.349] [m5.4xlarge-Vertical] Installing ffmpeg...
[08:51:01.704] [m5.4xlarge-Vertical] ffmpeg installed.
[08:51:01.706] [m5.4xlarge-Vertical] CPU: Intel(R) Xeon(R) Platinum 8259CL CPU @ 2.50GHz
[08:51:01.707] [m5.4xlarge-Vertical] Uploading 10-minute video...
[08:51:15.773] [m5.4xlarge-Vertical] Upload complete.
[08:51:15.774] [m5.4xlarge-Vertical] SETUP TIME: 102.76s (1.71 min)
[08:51:15.774] [m5.4xlarge-Vertical] Running: ffmpeg -i /home/ubuntu/input.mp4 -c:v libx264 -preset slow -b:v 2M -threads 10 -max_muxing_queue_size 1024 -y /home/ubuntu/output.mp4
[08:51:57.447] [m5.4xlarge-Vertical] ENCODING TIME: 41.67s (0.69 min)
[08:51:58.532] [m5.4xlarge-Vertical] Instance terminated.
[08:51:58.532] [m5.4xlarge-Vertical] [vCPU] Released 16 slots.
[08:51:58.536] [m5.4xlarge-Vertical] ============================================================
[08:51:58.536] [m5.4xlarge-Vertical] RESULTS — m5.4xlarge Vertical
[08:51:58.536] [m5.4xlarge-Vertical]   Total Time:    145.52s (2.43 min)
[08:51:58.536] [m5.4xlarge-Vertical]   Setup Time:    102.76s (1.71 min)
[08:51:58.536] [m5.4xlarge-Vertical]   Encoding Time: 41.67s (0.69 min)
[08:51:58.537] [m5.4xlarge-Vertical]   Setup %:       70.6%
[08:51:58.537] [m5.4xlarge-Vertical] ============================================================
