[08:46:54.103] === Phase 3.2 Vertical Scaling: 1x m5.4xlarge ===
[08:46:54.135] Codec: libx264, Threads: 10, Preset: slow
[08:46:54.156] [m5.4xlarge-Vertical] Launching EC2 instance...
[08:46:54.418] [m5.4xlarge-Vertical] [vCPU] Acquired 16 slots.
[08:47:04.891] [m5.4xlarge-Vertical] Instance i-06b9e9efc78f160ad launched. Waiting for running...
[08:47:20.565] [m5.4xlarge-Vertical] Instance ready. IP: 100.31.252.129
[08:47:46.449] [m5.4xlarge-Vertical] SSH connected.
[08:47:47.485] [m5.4xlarge-Vertical] CPU found: Intel(R) Xeon(R) Platinum 8259CL CPU @ 2.50GHz
[08:47:47.485] [m5.4xlarge-Vertical] CPU correct. Proceeding.
[08:47:47.485] [m5.4xlarge-Vertical] Installing ffmpeg...
[08:48:22.837] [m5.4xlarge-Vertical] ffmpeg installed.
[08:48:22.837] [m5.4xlarge-Vertical] CPU: Intel(R) Xeon(R) Platinum 8259CL CPU @ 2.50GHz
[08:48:22.841] [m5.4xlarge-Vertical] Uploading 10-minute video...
[08:50:29.730] [m5.4xlarge-Vertical] Upload complete.
[08:50:29.730] [m5.4xlarge-Vertical] SETUP TIME: 215.31s (3.59 min)
[08:50:29.731] [m5.4xlarge-Vertical] Running: ffmpeg -i /home/ubuntu/input.mp4 -c:v libx264 -preset slow -b:v 2M -threads 10 -max_muxing_queue_size 1024 -y /home/ubuntu/output.mp4
[08:51:12.200] [m5.4xlarge-Vertical] ENCODING TIME: 42.47s (0.71 min)
[08:51:13.523] [m5.4xlarge-Vertical] Instance terminated.
[08:51:13.524] [m5.4xlarge-Vertical] [vCPU] Released 16 slots.
[08:51:13.524] [m5.4xlarge-Vertical] ============================================================
[08:51:13.524] [m5.4xlarge-Vertical] RESULTS — m5.4xlarge Vertical
[08:51:13.524] [m5.4xlarge-Vertical]   Total Time:    259.10s (4.32 min)
[08:51:13.524] [m5.4xlarge-Vertical]   Setup Time:    215.31s (3.59 min)
[08:51:13.524] [m5.4xlarge-Vertical]   Encoding Time: 42.47s (0.71 min)
[08:51:13.524] [m5.4xlarge-Vertical]   Setup %:       83.1%
[08:51:13.525] [m5.4xlarge-Vertical] ============================================================
