[09:08:28.421] === Phase 3.2 OPTIMIZED Vertical Scaling: 1x m5.4xlarge ===
[09:08:28.474] Codec: libx264, Threads: 10, Preset: slow
[09:08:28.631] [m5.4xlarge-Vertical] Launching EC2 instance...
[09:08:28.738] [m5.4xlarge-Vertical] [vCPU] Acquired 16 slots.
[09:08:30.957] [m5.4xlarge-Vertical] Instance i-02f1ece1e4eb60f05 launched. Waiting for running...
[09:08:47.144] [m5.4xlarge-Vertical] Instance ready. IP: 54.86.147.220
[09:09:13.123] [m5.4xlarge-Vertical] SSH connected.
[09:09:14.395] [m5.4xlarge-Vertical] CPU found: Intel(R) Xeon(R) Platinum 8259CL CPU @ 2.50GHz
[09:09:14.396] [m5.4xlarge-Vertical] CPU correct. Proceeding.
[09:09:14.397] [m5.4xlarge-Vertical] CPU: Intel(R) Xeon(R) Platinum 8259CL CPU @ 2.50GHz
[09:09:14.397] [m5.4xlarge-Vertical] Uploading 10-minute video...
[09:10:55.136] [m5.4xlarge-Vertical] Upload complete.
[09:10:55.137] [m5.4xlarge-Vertical] SETUP TIME: 146.33s (2.44 min)
[09:10:55.140] [m5.4xlarge-Vertical] Running: ffmpeg -i /home/ubuntu/input.mp4 -c:v libx264 -preset slow -b:v 2M -threads 10 -max_muxing_queue_size 1024 -y /home/ubuntu/output.mp4
[09:11:31.518] [m5.4xlarge-Vertical] ENCODING TIME: 36.38s (0.61 min)
[09:11:33.134] [m5.4xlarge-Vertical] Instance terminated.
[09:11:33.134] [m5.4xlarge-Vertical] [vCPU] Released 16 slots.
[09:11:33.140] [m5.4xlarge-Vertical] ============================================================
[09:11:33.148] [m5.4xlarge-Vertical] RESULTS — m5.4xlarge Vertical
[09:11:33.149] [m5.4xlarge-Vertical]   Total Time:    184.34s (3.07 min)
[09:11:33.150] [m5.4xlarge-Vertical]   Setup Time:    146.33s (2.44 min)
[09:11:33.150] [m5.4xlarge-Vertical]   Encoding Time: 36.38s (0.61 min)
[09:11:33.150] [m5.4xlarge-Vertical]   Setup %:       79.4%
[09:11:33.150] [m5.4xlarge-Vertical] ============================================================
