[08:46:54.109] === Phase 3.2 Vertical Scaling: 1x m5.4xlarge ===
[08:46:54.119] Codec: libx264, Threads: 10, Preset: slow
[08:46:54.162] [m5.4xlarge-Vertical] Launching EC2 instance...
[08:46:54.204] [m5.4xlarge-Vertical] [vCPU] Acquired 16 slots.
[08:47:00.994] [m5.4xlarge-Vertical] Instance i-020cfb65526c35899 launched. Waiting for running...
[08:47:16.663] [m5.4xlarge-Vertical] Instance ready. IP: 54.80.246.210
[08:47:42.588] [m5.4xlarge-Vertical] SSH connected.
[08:47:43.660] [m5.4xlarge-Vertical] CPU found: Intel(R) Xeon(R) Platinum 8259CL CPU @ 2.50GHz
[08:47:43.661] [m5.4xlarge-Vertical] CPU correct. Proceeding.
[08:47:43.661] [m5.4xlarge-Vertical] Installing ffmpeg...
[08:48:19.474] [m5.4xlarge-Vertical] ffmpeg installed.
[08:48:19.474] [m5.4xlarge-Vertical] CPU: Intel(R) Xeon(R) Platinum 8259CL CPU @ 2.50GHz
[08:48:19.474] [m5.4xlarge-Vertical] Uploading 10-minute video...
[08:50:34.717] [m5.4xlarge-Vertical] Upload complete.
[08:50:34.724] [m5.4xlarge-Vertical] SETUP TIME: 220.27s (3.67 min)
[08:50:34.724] [m5.4xlarge-Vertical] Running: ffmpeg -i /home/ubuntu/input.mp4 -c:v libx264 -preset slow -b:v 2M -threads 10 -max_muxing_queue_size 1024 -y /home/ubuntu/output.mp4
[08:51:17.069] [m5.4xlarge-Vertical] ENCODING TIME: 42.34s (0.71 min)
[08:51:18.124] [m5.4xlarge-Vertical] Instance terminated.
[08:51:18.124] [m5.4xlarge-Vertical] [vCPU] Released 16 slots.
[08:51:18.128] [m5.4xlarge-Vertical] ============================================================
[08:51:18.128] [m5.4xlarge-Vertical] RESULTS — m5.4xlarge Vertical
[08:51:18.128] [m5.4xlarge-Vertical]   Total Time:    263.67s (4.39 min)
[08:51:18.129] [m5.4xlarge-Vertical]   Setup Time:    220.27s (3.67 min)
[08:51:18.129] [m5.4xlarge-Vertical]   Encoding Time: 42.34s (0.71 min)
[08:51:18.129] [m5.4xlarge-Vertical]   Setup %:       83.5%
[08:51:18.129] [m5.4xlarge-Vertical] ============================================================
