[08:46:54.428] === Phase 3.2 Vertical Scaling: 1x m5.4xlarge ===
[08:46:54.647] Codec: libx264, Threads: 10, Preset: slow
[08:46:54.695] [m5.4xlarge-Vertical] Launching EC2 instance...
[08:46:54.715] [m5.4xlarge-Vertical] [vCPU] Acquired 16 slots.
[08:47:04.945] [m5.4xlarge-Vertical] Instance i-0d2964babc6d1c987 launched. Waiting for running...
[08:47:20.619] [m5.4xlarge-Vertical] Instance ready. IP: 13.220.216.205
[08:47:46.573] [m5.4xlarge-Vertical] SSH connected.
[08:47:47.621] [m5.4xlarge-Vertical] CPU found: Intel(R) Xeon(R) Platinum 8175M CPU @ 2.50GHz
[08:47:47.621] [m5.4xlarge-Vertical] CPU mismatch (attempt 1/15): got 'Intel(R) Xeon(R) Platinum 8175M CPU @ 2.50GHz', expected 'Intel(R) Xeon(R) Platinum 8259CL CPU @ 2.50GHz'. Terminating and retrying...
[08:47:48.232] [m5.4xlarge-Vertical] [vCPU] Released 16 slots.
[08:47:58.232] [m5.4xlarge-Vertical] [vCPU] Acquired 16 slots.
[08:47:59.101] [m5.4xlarge-Vertical] Error on attempt 2: An error occurred (VcpuLimitExceeded) when calling the RunInstances operation: You have requested more vCPU capacity than your current vCPU limit of 436 allows for the instance bucket that the specified instance type belongs to. Please visit http://aws.amazon.com/contact-us/ec2-request to request an adjustment to this limit.
[08:47:59.101] [m5.4xlarge-Vertical] [vCPU] Released 16 slots.
[08:48:09.101] [m5.4xlarge-Vertical] [vCPU] Acquired 16 slots.
[08:48:10.457] [m5.4xlarge-Vertical] Error on attempt 3: An error occurred (VcpuLimitExceeded) when calling the RunInstances operation: You have requested more vCPU capacity than your current vCPU limit of 436 allows for the instance bucket that the specified instance type belongs to. Please visit http://aws.amazon.com/contact-us/ec2-request to request an adjustment to this limit.
[08:48:10.458] [m5.4xlarge-Vertical] [vCPU] Released 16 slots.
[08:48:25.929] [m5.4xlarge-Vertical] [vCPU] Acquired 16 slots.
[08:48:27.604] [m5.4xlarge-Vertical] Error on attempt 4: An error occurred (VcpuLimitExceeded) when calling the RunInstances operation: You have requested more vCPU capacity than your current vCPU limit of 436 allows for the instance bucket that the specified instance type belongs to. Please visit http://aws.amazon.com/contact-us/ec2-request to request an adjustment to this limit.
[08:48:27.605] [m5.4xlarge-Vertical] [vCPU] Released 16 slots.
[08:48:37.612] [m5.4xlarge-Vertical] [vCPU] Acquired 16 slots.
[08:48:39.407] [m5.4xlarge-Vertical] Error on attempt 5: An error occurred (VcpuLimitExceeded) when calling the RunInstances operation: You have requested more vCPU capacity than your current vCPU limit of 436 allows for the instance bucket that the specified instance type belongs to. Please visit http://aws.amazon.com/contact-us/ec2-request to request an adjustment to this limit.
[08:48:39.408] [m5.4xlarge-Vertical] [vCPU] Released 16 slots.
[08:48:49.409] [m5.4xlarge-Vertical] [vCPU] Acquired 16 slots.
[08:48:56.579] [m5.4xlarge-Vertical] Error on attempt 6: An error occurred (VcpuLimitExceeded) when calling the RunInstances operation: You have requested more vCPU capacity than your current vCPU limit of 436 allows for the instance bucket that the specified instance type belongs to. Please visit http://aws.amazon.com/contact-us/ec2-request to request an adjustment to this limit.
[08:48:56.582] [m5.4xlarge-Vertical] [vCPU] Released 16 slots.
[08:49:13.210] [m5.4xlarge-Vertical] [vCPU] Acquired 16 slots.
[08:49:14.992] [m5.4xlarge-Vertical] Error on attempt 7: An error occurred (VcpuLimitExceeded) when calling the RunInstances operation: You have requested more vCPU capacity than your current vCPU limit of 436 allows for the instance bucket that the specified instance type belongs to. Please visit http://aws.amazon.com/contact-us/ec2-request to request an adjustment to this limit.
[08:49:14.993] [m5.4xlarge-Vertical] [vCPU] Released 16 slots.
[08:49:24.994] [m5.4xlarge-Vertical] [vCPU] Acquired 16 slots.
[08:49:27.350] [m5.4xlarge-Vertical] Error on attempt 8: An error occurred (VcpuLimitExceeded) when calling the RunInstances operation: You have requested more vCPU capacity than your current vCPU limit of 436 allows for the instance bucket that the specified instance type belongs to. Please visit http://aws.amazon.com/contact-us/ec2-request to request an adjustment to this limit.
[08:49:27.351] [m5.4xlarge-Vertical] [vCPU] Released 16 slots.
[08:49:37.351] [m5.4xlarge-Vertical] [vCPU] Acquired 16 slots.
[08:49:40.007] [m5.4xlarge-Vertical] Instance i-0db6a1256dcf8b17c launched. Waiting for running...
[08:49:56.675] [m5.4xlarge-Vertical] Instance ready. IP: 54.82.194.126
[08:50:27.047] [m5.4xlarge-Vertical] SSH connected.
[08:50:28.614] [m5.4xlarge-Vertical] CPU found: Intel(R) Xeon(R) Platinum 8175M CPU @ 2.50GHz
[08:50:28.615] [m5.4xlarge-Vertical] CPU mismatch (attempt 9/15): got 'Intel(R) Xeon(R) Platinum 8175M CPU @ 2.50GHz', expected 'Intel(R) Xeon(R) Platinum 8259CL CPU @ 2.50GHz'. Terminating and retrying...
[08:50:29.963] [m5.4xlarge-Vertical] [vCPU] Released 16 slots.
[08:50:39.963] [m5.4xlarge-Vertical] [vCPU] Acquired 16 slots.
[08:50:40.965] [m5.4xlarge-Vertical] Error on attempt 10: An error occurred (VcpuLimitExceeded) when calling the RunInstances operation: You have requested more vCPU capacity than your current vCPU limit of 436 allows for the instance bucket that the specified instance type belongs to. Please visit http://aws.amazon.com/contact-us/ec2-request to request an adjustment to this limit.
[08:50:40.965] [m5.4xlarge-Vertical] [vCPU] Released 16 slots.
[08:50:50.966] [m5.4xlarge-Vertical] [vCPU] Acquired 16 slots.
[08:50:55.070] [m5.4xlarge-Vertical] Instance i-0ffee9065ad37bd84 launched. Waiting for running...
[08:51:10.836] [m5.4xlarge-Vertical] Instance ready. IP: 54.90.194.244
[08:51:36.761] [m5.4xlarge-Vertical] SSH connected.
[08:51:37.811] [m5.4xlarge-Vertical] CPU found: Intel(R) Xeon(R) Platinum 8259CL CPU @ 2.50GHz
[08:51:37.811] [m5.4xlarge-Vertical] CPU correct. Proceeding.
[08:51:37.811] [m5.4xlarge-Vertical] Installing ffmpeg...
[08:52:12.588] [m5.4xlarge-Vertical] ffmpeg installed.
[08:52:12.589] [m5.4xlarge-Vertical] CPU: Intel(R) Xeon(R) Platinum 8259CL CPU @ 2.50GHz
[08:52:12.589] [m5.4xlarge-Vertical] Uploading 10-minute video...
[08:52:25.389] [m5.4xlarge-Vertical] Upload complete.
[08:52:25.391] [m5.4xlarge-Vertical] SETUP TIME: 94.42s (1.57 min)
[08:52:25.391] [m5.4xlarge-Vertical] Running: ffmpeg -i /home/ubuntu/input.mp4 -c:v libx264 -preset slow -b:v 2M -threads 10 -max_muxing_queue_size 1024 -y /home/ubuntu/output.mp4
[08:53:07.173] [m5.4xlarge-Vertical] ENCODING TIME: 41.78s (0.70 min)
[08:53:08.416] [m5.4xlarge-Vertical] Instance terminated.
[08:53:08.417] [m5.4xlarge-Vertical] [vCPU] Released 16 slots.
[08:53:08.417] [m5.4xlarge-Vertical] ============================================================
[08:53:08.417] [m5.4xlarge-Vertical] RESULTS — m5.4xlarge Vertical
[08:53:08.417] [m5.4xlarge-Vertical]   Total Time:    137.45s (2.29 min)
[08:53:08.417] [m5.4xlarge-Vertical]   Setup Time:    94.42s (1.57 min)
[08:53:08.417] [m5.4xlarge-Vertical]   Encoding Time: 41.78s (0.70 min)
[08:53:08.417] [m5.4xlarge-Vertical]   Setup %:       68.7%
[08:53:08.417] [m5.4xlarge-Vertical] ============================================================
