[08:46:54.714] === Phase 3.2 Vertical Scaling: 1x m5.4xlarge ===
[08:46:54.717] Codec: libx264, Threads: 10, Preset: slow
[08:46:54.727] [m5.4xlarge-Vertical] Launching EC2 instance...
[08:47:39.828] [m5.4xlarge-Vertical] [vCPU] Acquired 16 slots.
[08:47:41.682] [m5.4xlarge-Vertical] Instance i-09377bb2974256f37 launched. Waiting for running...
[08:47:57.394] [m5.4xlarge-Vertical] Instance ready. IP: 98.86.111.88
[08:48:23.741] [m5.4xlarge-Vertical] SSH connected.
[08:48:24.842] [m5.4xlarge-Vertical] CPU found: Intel(R) Xeon(R) Platinum 8259CL CPU @ 2.50GHz
[08:48:24.843] [m5.4xlarge-Vertical] CPU correct. Proceeding.
[08:48:24.843] [m5.4xlarge-Vertical] Installing ffmpeg...
[08:49:01.442] [m5.4xlarge-Vertical] ffmpeg installed.
[08:49:01.444] [m5.4xlarge-Vertical] CPU: Intel(R) Xeon(R) Platinum 8259CL CPU @ 2.50GHz
[08:49:01.444] [m5.4xlarge-Vertical] Uploading 10-minute video...
[08:50:44.000] [m5.4xlarge-Vertical] Upload complete.
[08:50:44.000] [m5.4xlarge-Vertical] SETUP TIME: 184.17s (3.07 min)
[08:50:44.000] [m5.4xlarge-Vertical] Running: ffmpeg -i /home/ubuntu/input.mp4 -c:v libx264 -preset slow -b:v 2M -threads 10 -max_muxing_queue_size 1024 -y /home/ubuntu/output.mp4
[08:51:25.410] [m5.4xlarge-Vertical] ENCODING TIME: 41.41s (0.69 min)
[08:51:26.438] [m5.4xlarge-Vertical] Instance terminated.
[08:51:26.440] [m5.4xlarge-Vertical] [vCPU] Released 16 slots.
[08:51:26.440] [m5.4xlarge-Vertical] ============================================================
[08:51:26.441] [m5.4xlarge-Vertical] RESULTS — m5.4xlarge Vertical
[08:51:26.441] [m5.4xlarge-Vertical]   Total Time:    226.61s (3.78 min)
[08:51:26.441] [m5.4xlarge-Vertical]   Setup Time:    184.17s (3.07 min)
[08:51:26.441] [m5.4xlarge-Vertical]   Encoding Time: 41.41s (0.69 min)
[08:51:26.441] [m5.4xlarge-Vertical]   Setup %:       81.3%
[08:51:26.442] [m5.4xlarge-Vertical] ============================================================
