[08:46:53.908] === Phase 3.2 Vertical Scaling: 1x m5.4xlarge ===
[08:46:53.916] Codec: libx264, Threads: 10, Preset: slow
[08:46:53.917] [m5.4xlarge-Vertical] Launching EC2 instance...
[08:46:53.929] [m5.4xlarge-Vertical] [vCPU] Acquired 16 slots.
[08:46:56.493] [m5.4xlarge-Vertical] Instance i-03d650767ffca730d launched. Waiting for running...
[08:47:12.183] [m5.4xlarge-Vertical] Instance ready. IP: 3.95.232.206
[08:47:38.775] [m5.4xlarge-Vertical] SSH connected.
[08:47:39.820] [m5.4xlarge-Vertical] CPU found: Intel(R) Xeon(R) Platinum 8175M CPU @ 2.50GHz
[08:47:39.821] [m5.4xlarge-Vertical] CPU mismatch (attempt 1/15): got 'Intel(R) Xeon(R) Platinum 8175M CPU @ 2.50GHz', expected 'Intel(R) Xeon(R) Platinum 8259CL CPU @ 2.50GHz'. Terminating and retrying...
[08:47:40.407] [m5.4xlarge-Vertical] [vCPU] Released 16 slots.
[08:47:50.414] [m5.4xlarge-Vertical] [vCPU] Acquired 16 slots.
[08:47:51.281] [m5.4xlarge-Vertical] Error on attempt 2: An error occurred (VcpuLimitExceeded) when calling the RunInstances operation: You have requested more vCPU capacity than your current vCPU limit of 436 allows for the instance bucket that the specified instance type belongs to. Please visit http://aws.amazon.com/contact-us/ec2-request to request an adjustment to this limit.
[08:47:51.282] [m5.4xlarge-Vertical] [vCPU] Released 16 slots.
[08:48:01.283] [m5.4xlarge-Vertical] [vCPU] Acquired 16 slots.
[08:48:03.198] [m5.4xlarge-Vertical] Instance i-01078052fcdc7c626 launched. Waiting for running...
[08:48:19.099] [m5.4xlarge-Vertical] Instance ready. IP: 54.81.62.113
[08:48:45.536] [m5.4xlarge-Vertical] SSH connected.
[08:48:47.883] [m5.4xlarge-Vertical] CPU found: Intel(R) Xeon(R) Platinum 8259CL CPU @ 2.50GHz
[08:48:47.884] [m5.4xlarge-Vertical] CPU correct. Proceeding.
[08:48:47.884] [m5.4xlarge-Vertical] Installing ffmpeg...
[08:49:24.561] [m5.4xlarge-Vertical] ffmpeg installed.
[08:49:24.562] [m5.4xlarge-Vertical] CPU: Intel(R) Xeon(R) Platinum 8259CL CPU @ 2.50GHz
[08:49:24.562] [m5.4xlarge-Vertical] Uploading 10-minute video...
[08:50:54.354] [m5.4xlarge-Vertical] Upload complete.
[08:50:54.354] [m5.4xlarge-Vertical] SETUP TIME: 173.07s (2.88 min)
[08:50:54.355] [m5.4xlarge-Vertical] Running: ffmpeg -i /home/ubuntu/input.mp4 -c:v libx264 -preset slow -b:v 2M -threads 10 -max_muxing_queue_size 1024 -y /home/ubuntu/output.mp4
[08:51:36.679] [m5.4xlarge-Vertical] ENCODING TIME: 42.32s (0.71 min)
[08:51:43.768] [m5.4xlarge-Vertical] Instance terminated.
[08:51:43.768] [m5.4xlarge-Vertical] [vCPU] Released 16 slots.
[08:51:43.768] [m5.4xlarge-Vertical] ============================================================
[08:51:43.768] [m5.4xlarge-Vertical] RESULTS — m5.4xlarge Vertical
[08:51:43.768] [m5.4xlarge-Vertical]   Total Time:    222.49s (3.71 min)
[08:51:43.769] [m5.4xlarge-Vertical]   Setup Time:    173.07s (2.88 min)
[08:51:43.769] [m5.4xlarge-Vertical]   Encoding Time: 42.32s (0.71 min)
[08:51:43.769] [m5.4xlarge-Vertical]   Setup %:       77.8%
[08:51:43.769] [m5.4xlarge-Vertical] ============================================================
