[08:46:54.177] === Phase 3.2 Vertical Scaling: 1x m5.4xlarge ===
[08:46:54.211] Codec: libx264, Threads: 10, Preset: slow
[08:46:54.456] [m5.4xlarge-Vertical] Launching EC2 instance...
[08:46:54.698] [m5.4xlarge-Vertical] [vCPU] Acquired 16 slots.
[08:47:06.292] [m5.4xlarge-Vertical] Instance i-085dbdb68b4558b50 launched. Waiting for running...
[08:47:22.183] [m5.4xlarge-Vertical] Instance ready. IP: 98.91.225.16
[08:47:48.051] [m5.4xlarge-Vertical] SSH connected.
[08:47:49.149] [m5.4xlarge-Vertical] CPU found: Intel(R) Xeon(R) Platinum 8175M CPU @ 2.50GHz
[08:47:49.149] [m5.4xlarge-Vertical] CPU mismatch (attempt 1/15): got 'Intel(R) Xeon(R) Platinum 8175M CPU @ 2.50GHz', expected 'Intel(R) Xeon(R) Platinum 8259CL CPU @ 2.50GHz'. Terminating and retrying...
[08:47:49.740] [m5.4xlarge-Vertical] [vCPU] Released 16 slots.
[08:47:59.740] [m5.4xlarge-Vertical] [vCPU] Acquired 16 slots.
[08:48:00.571] [m5.4xlarge-Vertical] Error on attempt 2: An error occurred (VcpuLimitExceeded) when calling the RunInstances operation: You have requested more vCPU capacity than your current vCPU limit of 436 allows for the instance bucket that the specified instance type belongs to. Please visit http://aws.amazon.com/contact-us/ec2-request to request an adjustment to this limit.
[08:48:00.571] [m5.4xlarge-Vertical] [vCPU] Released 16 slots.
[08:48:10.572] [m5.4xlarge-Vertical] [vCPU] Acquired 16 slots.
[08:48:11.943] [m5.4xlarge-Vertical] Error on attempt 3: An error occurred (VcpuLimitExceeded) when calling the RunInstances operation: You have requested more vCPU capacity than your current vCPU limit of 436 allows for the instance bucket that the specified instance type belongs to. Please visit http://aws.amazon.com/contact-us/ec2-request to request an adjustment to this limit.
[08:48:11.943] [m5.4xlarge-Vertical] [vCPU] Released 16 slots.
[08:48:25.933] [m5.4xlarge-Vertical] [vCPU] Acquired 16 slots.
[08:48:27.622] [m5.4xlarge-Vertical] Error on attempt 4: An error occurred (VcpuLimitExceeded) when calling the RunInstances operation: You have requested more vCPU capacity than your current vCPU limit of 436 allows for the instance bucket that the specified instance type belongs to. Please visit http://aws.amazon.com/contact-us/ec2-request to request an adjustment to this limit.
[08:48:27.624] [m5.4xlarge-Vertical] [vCPU] Released 16 slots.
[08:48:39.408] [m5.4xlarge-Vertical] [vCPU] Acquired 16 slots.
[08:48:40.979] [m5.4xlarge-Vertical] Error on attempt 5: An error occurred (VcpuLimitExceeded) when calling the RunInstances operation: You have requested more vCPU capacity than your current vCPU limit of 436 allows for the instance bucket that the specified instance type belongs to. Please visit http://aws.amazon.com/contact-us/ec2-request to request an adjustment to this limit.
[08:48:40.980] [m5.4xlarge-Vertical] [vCPU] Released 16 slots.
[08:48:56.584] [m5.4xlarge-Vertical] [vCPU] Acquired 16 slots.
[08:48:59.697] [m5.4xlarge-Vertical] Instance i-0fe0cea7f7241a9e8 launched. Waiting for running...
[08:49:17.583] [m5.4xlarge-Vertical] Instance ready. IP: 54.174.230.116
[08:49:43.928] [m5.4xlarge-Vertical] SSH connected.
[08:49:46.415] [m5.4xlarge-Vertical] CPU found: Intel(R) Xeon(R) Platinum 8259CL CPU @ 2.50GHz
[08:49:46.428] [m5.4xlarge-Vertical] CPU correct. Proceeding.
[08:49:46.431] [m5.4xlarge-Vertical] Installing ffmpeg...
[08:50:23.993] [m5.4xlarge-Vertical] ffmpeg installed.
[08:50:23.994] [m5.4xlarge-Vertical] CPU: Intel(R) Xeon(R) Platinum 8259CL CPU @ 2.50GHz
[08:50:23.995] [m5.4xlarge-Vertical] Uploading 10-minute video...
[08:51:07.086] [m5.4xlarge-Vertical] Upload complete.
[08:51:07.086] [m5.4xlarge-Vertical] SETUP TIME: 130.50s (2.18 min)
[08:51:07.090] [m5.4xlarge-Vertical] Running: ffmpeg -i /home/ubuntu/input.mp4 -c:v libx264 -preset slow -b:v 2M -threads 10 -max_muxing_queue_size 1024 -y /home/ubuntu/output.mp4
[08:51:48.494] [m5.4xlarge-Vertical] ENCODING TIME: 41.40s (0.69 min)
[08:51:49.582] [m5.4xlarge-Vertical] Instance terminated.
[08:51:49.583] [m5.4xlarge-Vertical] [vCPU] Released 16 slots.
[08:51:49.583] [m5.4xlarge-Vertical] ============================================================
[08:51:49.583] [m5.4xlarge-Vertical] RESULTS — m5.4xlarge Vertical
[08:51:49.583] [m5.4xlarge-Vertical]   Total Time:    173.00s (2.88 min)
[08:51:49.583] [m5.4xlarge-Vertical]   Setup Time:    130.50s (2.18 min)
[08:51:49.583] [m5.4xlarge-Vertical]   Encoding Time: 41.40s (0.69 min)
[08:51:49.583] [m5.4xlarge-Vertical]   Setup %:       75.4%
[08:51:49.583] [m5.4xlarge-Vertical] ============================================================
