[08:46:54.698] === Phase 3.2 Vertical Scaling: 1x m5.4xlarge ===
[08:46:54.715] Codec: libx264, Threads: 10, Preset: slow
[08:46:54.715] [m5.4xlarge-Vertical] Launching EC2 instance...
[08:46:54.718] [m5.4xlarge-Vertical] [vCPU] Acquired 16 slots.
[08:47:02.607] [m5.4xlarge-Vertical] Instance i-08aff2e432e97fc07 launched. Waiting for running...
[08:47:18.267] [m5.4xlarge-Vertical] Instance ready. IP: 54.162.23.10
[08:47:44.147] [m5.4xlarge-Vertical] SSH connected.
[08:47:45.160] [m5.4xlarge-Vertical] CPU found: Intel(R) Xeon(R) Platinum 8259CL CPU @ 2.50GHz
[08:47:45.161] [m5.4xlarge-Vertical] CPU correct. Proceeding.
[08:47:45.162] [m5.4xlarge-Vertical] Installing ffmpeg...
[08:48:19.939] [m5.4xlarge-Vertical] ffmpeg installed.
[08:48:19.941] [m5.4xlarge-Vertical] CPU: Intel(R) Xeon(R) Platinum 8259CL CPU @ 2.50GHz
[08:48:19.941] [m5.4xlarge-Vertical] Uploading 10-minute video...
[08:50:31.749] [m5.4xlarge-Vertical] Upload complete.
[08:50:31.749] [m5.4xlarge-Vertical] SETUP TIME: 217.02s (3.62 min)
[08:50:31.749] [m5.4xlarge-Vertical] Running: ffmpeg -i /home/ubuntu/input.mp4 -c:v libx264 -preset slow -b:v 2M -threads 10 -max_muxing_queue_size 1024 -y /home/ubuntu/output.mp4
[08:51:13.473] [m5.4xlarge-Vertical] ENCODING TIME: 41.72s (0.70 min)
[08:51:14.818] [m5.4xlarge-Vertical] Instance terminated.
[08:51:14.818] [m5.4xlarge-Vertical] [vCPU] Released 16 slots.
[08:51:14.819] [m5.4xlarge-Vertical] ============================================================
[08:51:14.819] [m5.4xlarge-Vertical] RESULTS — m5.4xlarge Vertical
[08:51:14.819] [m5.4xlarge-Vertical]   Total Time:    260.09s (4.33 min)
[08:51:14.819] [m5.4xlarge-Vertical]   Setup Time:    217.02s (3.62 min)
[08:51:14.819] [m5.4xlarge-Vertical]   Encoding Time: 41.72s (0.70 min)
[08:51:14.819] [m5.4xlarge-Vertical]   Setup %:       83.4%
[08:51:14.819] [m5.4xlarge-Vertical] ============================================================
