[09:08:28.417] === Phase 3.2 OPTIMIZED Vertical Scaling: 1x m5.4xlarge ===
[09:08:28.433] Codec: libx264, Threads: 10, Preset: slow
[09:08:28.441] [m5.4xlarge-Vertical] Launching EC2 instance...
[09:08:28.612] [m5.4xlarge-Vertical] [vCPU] Acquired 16 slots.
[09:08:30.889] [m5.4xlarge-Vertical] Instance i-06ce7d563340d5af9 launched. Waiting for running...
[09:08:47.214] [m5.4xlarge-Vertical] Instance ready. IP: 52.205.110.35
[09:09:13.226] [m5.4xlarge-Vertical] SSH connected.
[09:09:14.547] [m5.4xlarge-Vertical] CPU found: Intel(R) Xeon(R) Platinum 8259CL CPU @ 2.50GHz
[09:09:14.548] [m5.4xlarge-Vertical] CPU correct. Proceeding.
[09:09:14.548] [m5.4xlarge-Vertical] CPU: Intel(R) Xeon(R) Platinum 8259CL CPU @ 2.50GHz
[09:09:14.548] [m5.4xlarge-Vertical] Uploading 10-minute video...
[09:12:31.759] [m5.4xlarge-Vertical] Upload complete.
[09:12:31.760] [m5.4xlarge-Vertical] SETUP TIME: 243.02s (4.05 min)
[09:12:31.760] [m5.4xlarge-Vertical] Running: ffmpeg -i /home/ubuntu/input.mp4 -c:v libx264 -preset slow -b:v 2M -threads 10 -max_muxing_queue_size 1024 -y /home/ubuntu/output.mp4
[09:13:07.428] [m5.4xlarge-Vertical] ENCODING TIME: 35.67s (0.59 min)
[09:13:11.707] [m5.4xlarge-Vertical] Instance terminated.
[09:13:11.708] [m5.4xlarge-Vertical] [vCPU] Released 16 slots.
[09:13:11.708] [m5.4xlarge-Vertical] ============================================================
[09:13:11.708] [m5.4xlarge-Vertical] RESULTS — m5.4xlarge Vertical
[09:13:11.708] [m5.4xlarge-Vertical]   Total Time:    282.97s (4.72 min)
[09:13:11.708] [m5.4xlarge-Vertical]   Setup Time:    243.02s (4.05 min)
[09:13:11.708] [m5.4xlarge-Vertical]   Encoding Time: 35.67s (0.59 min)
[09:13:11.708] [m5.4xlarge-Vertical]   Setup %:       85.9%
[09:13:11.708] [m5.4xlarge-Vertical] ============================================================
