[09:08:28.812] === Phase 3.2 OPTIMIZED Vertical Scaling: 1x m5.4xlarge ===
[09:08:28.882] Codec: libx264, Threads: 10, Preset: slow
[09:08:28.974] [m5.4xlarge-Vertical] Launching EC2 instance...
[09:08:29.118] [m5.4xlarge-Vertical] [vCPU] Acquired 16 slots.
[09:08:33.762] [m5.4xlarge-Vertical] Instance i-0e60cf904c0507abb launched. Waiting for running...
[09:08:49.805] [m5.4xlarge-Vertical] Instance ready. IP: 54.166.168.69
[09:09:15.939] [m5.4xlarge-Vertical] SSH connected.
[09:09:17.349] [m5.4xlarge-Vertical] CPU found: Intel(R) Xeon(R) Platinum 8259CL CPU @ 2.50GHz
[09:09:17.349] [m5.4xlarge-Vertical] CPU correct. Proceeding.
[09:09:17.349] [m5.4xlarge-Vertical] CPU: Intel(R) Xeon(R) Platinum 8259CL CPU @ 2.50GHz
[09:09:17.349] [m5.4xlarge-Vertical] Uploading 10-minute video...
[09:12:16.526] [m5.4xlarge-Vertical] Upload complete.
[09:12:16.526] [m5.4xlarge-Vertical] SETUP TIME: 227.38s (3.79 min)
[09:12:16.526] [m5.4xlarge-Vertical] Running: ffmpeg -i /home/ubuntu/input.mp4 -c:v libx264 -preset slow -b:v 2M -threads 10 -max_muxing_queue_size 1024 -y /home/ubuntu/output.mp4
[09:12:52.081] [m5.4xlarge-Vertical] ENCODING TIME: 35.55s (0.59 min)
[09:12:53.378] [m5.4xlarge-Vertical] Instance terminated.
[09:12:53.378] [m5.4xlarge-Vertical] [vCPU] Released 16 slots.
[09:12:53.378] [m5.4xlarge-Vertical] ============================================================
[09:12:53.378] [m5.4xlarge-Vertical] RESULTS — m5.4xlarge Vertical
[09:12:53.378] [m5.4xlarge-Vertical]   Total Time:    264.24s (4.40 min)
[09:12:53.378] [m5.4xlarge-Vertical]   Setup Time:    227.38s (3.79 min)
[09:12:53.378] [m5.4xlarge-Vertical]   Encoding Time: 35.55s (0.59 min)
[09:12:53.378] [m5.4xlarge-Vertical]   Setup %:       86.1%
[09:12:53.378] [m5.4xlarge-Vertical] ============================================================
