[09:08:29.098] === Phase 3.2 OPTIMIZED Vertical Scaling: 1x m5.4xlarge ===
[09:08:29.127] Codec: libx264, Threads: 10, Preset: slow
[09:08:29.146] [m5.4xlarge-Vertical] Launching EC2 instance...
[09:09:17.364] [m5.4xlarge-Vertical] [vCPU] Acquired 16 slots.
[09:09:19.742] [m5.4xlarge-Vertical] Instance i-01ef9dab22c41e85e launched. Waiting for running...
[09:09:36.427] [m5.4xlarge-Vertical] Instance ready. IP: 3.80.181.38
[09:10:02.869] [m5.4xlarge-Vertical] SSH connected.
[09:10:04.144] [m5.4xlarge-Vertical] CPU found: Intel(R) Xeon(R) Platinum 8259CL CPU @ 2.50GHz
[09:10:04.146] [m5.4xlarge-Vertical] CPU correct. Proceeding.
[09:10:04.146] [m5.4xlarge-Vertical] CPU: Intel(R) Xeon(R) Platinum 8259CL CPU @ 2.50GHz
[09:10:04.147] [m5.4xlarge-Vertical] Uploading 10-minute video...
[09:12:28.144] [m5.4xlarge-Vertical] Upload complete.
[09:12:28.145] [m5.4xlarge-Vertical] SETUP TIME: 190.78s (3.18 min)
[09:12:28.145] [m5.4xlarge-Vertical] Running: ffmpeg -i /home/ubuntu/input.mp4 -c:v libx264 -preset slow -b:v 2M -threads 10 -max_muxing_queue_size 1024 -y /home/ubuntu/output.mp4
[09:13:04.462] [m5.4xlarge-Vertical] ENCODING TIME: 36.32s (0.61 min)
[09:13:08.206] [m5.4xlarge-Vertical] Instance terminated.
[09:13:08.207] [m5.4xlarge-Vertical] [vCPU] Released 16 slots.
[09:13:08.207] [m5.4xlarge-Vertical] ============================================================
[09:13:08.207] [m5.4xlarge-Vertical] RESULTS — m5.4xlarge Vertical
[09:13:08.208] [m5.4xlarge-Vertical]   Total Time:    230.84s (3.85 min)
[09:13:08.208] [m5.4xlarge-Vertical]   Setup Time:    190.78s (3.18 min)
[09:13:08.208] [m5.4xlarge-Vertical]   Encoding Time: 36.32s (0.61 min)
[09:13:08.208] [m5.4xlarge-Vertical]   Setup %:       82.6%
[09:13:08.208] [m5.4xlarge-Vertical] ============================================================
