[08:46:54.670] === Phase 3.2 Vertical Scaling: 1x m5.4xlarge ===
[08:46:54.706] Codec: libx264, Threads: 10, Preset: slow
[08:46:54.715] [m5.4xlarge-Vertical] Launching EC2 instance...
[08:46:54.715] [m5.4xlarge-Vertical] [vCPU] Acquired 16 slots.
[08:47:01.172] [m5.4xlarge-Vertical] Instance i-0fd7e57cd8875249e launched. Waiting for running...
[08:47:16.841] [m5.4xlarge-Vertical] Instance ready. IP: 32.192.44.58
[08:47:42.724] [m5.4xlarge-Vertical] SSH connected.
[08:47:43.849] [m5.4xlarge-Vertical] CPU found: Intel(R) Xeon(R) Platinum 8259CL CPU @ 2.50GHz
[08:47:43.850] [m5.4xlarge-Vertical] CPU correct. Proceeding.
[08:47:43.853] [m5.4xlarge-Vertical] Installing ffmpeg...
[08:48:18.992] [m5.4xlarge-Vertical] ffmpeg installed.
[08:48:18.993] [m5.4xlarge-Vertical] CPU: Intel(R) Xeon(R) Platinum 8259CL CPU @ 2.50GHz
[08:48:18.994] [m5.4xlarge-Vertical] Uploading 10-minute video...
[08:50:35.800] [m5.4xlarge-Vertical] Upload complete.
[08:50:35.801] [m5.4xlarge-Vertical] SETUP TIME: 221.07s (3.68 min)
[08:50:35.801] [m5.4xlarge-Vertical] Running: ffmpeg -i /home/ubuntu/input.mp4 -c:v libx264 -preset slow -b:v 2M -threads 10 -max_muxing_queue_size 1024 -y /home/ubuntu/output.mp4
[08:51:18.163] [m5.4xlarge-Vertical] ENCODING TIME: 42.36s (0.71 min)
[08:51:19.171] [m5.4xlarge-Vertical] Instance terminated.
[08:51:19.172] [m5.4xlarge-Vertical] [vCPU] Released 16 slots.
[08:51:19.172] [m5.4xlarge-Vertical] ============================================================
[08:51:19.172] [m5.4xlarge-Vertical] RESULTS — m5.4xlarge Vertical
[08:51:19.172] [m5.4xlarge-Vertical]   Total Time:    264.44s (4.41 min)
[08:51:19.172] [m5.4xlarge-Vertical]   Setup Time:    221.07s (3.68 min)
[08:51:19.172] [m5.4xlarge-Vertical]   Encoding Time: 42.36s (0.71 min)
[08:51:19.173] [m5.4xlarge-Vertical]   Setup %:       83.6%
[08:51:19.173] [m5.4xlarge-Vertical] ============================================================
