[08:19:10.010] === Phase 3.2 Serial Baseline: 1x m5.large ===
[08:19:10.025] Codec: libx264, Threads: 5, Preset: slow
[08:19:10.047] [m5.large-Serial] Launching EC2 instance...
[08:19:10.053] [m5.large-Serial] [vCPU] Acquired 2 slots.
[08:19:12.643] [m5.large-Serial] Instance i-09f0077e48050c5a5 launched. Waiting for running...
[08:19:29.100] [m5.large-Serial] Instance ready. IP: 54.86.15.8
[08:19:55.041] [m5.large-Serial] SSH connected.
[08:19:56.171] [m5.large-Serial] CPU found: Intel(R) Xeon(R) Platinum 8259CL CPU @ 2.50GHz
[08:19:56.172] [m5.large-Serial] CPU correct. Proceeding.
[08:19:56.172] [m5.large-Serial] Installing ffmpeg...
[08:20:33.552] [m5.large-Serial] ffmpeg installed.
[08:20:33.553] [m5.large-Serial] CPU: Intel(R) Xeon(R) Platinum 8259CL CPU @ 2.50GHz
[08:20:33.554] [m5.large-Serial] Uploading 10-minute video...
[08:23:33.289] [m5.large-Serial] Upload complete.
[08:23:33.289] [m5.large-Serial] SETUP TIME: 263.24s (4.39 min)
[08:23:33.290] [m5.large-Serial] Running: ffmpeg -i /home/ubuntu/input.mp4 -c:v libx264 -preset slow -b:v 2M -threads 5 -max_muxing_queue_size 1024 -y /home/ubuntu/output.mp4
[08:25:28.527] [m5.large-Serial] ENCODING TIME: 115.24s (1.92 min)
[08:25:29.607] [m5.large-Serial] Instance terminated.
[08:25:29.607] [m5.large-Serial] [vCPU] Released 2 slots.
[08:25:29.607] [m5.large-Serial] ============================================================
[08:25:29.608] [m5.large-Serial] RESULTS — m5.large Serial
[08:25:29.608] [m5.large-Serial]   Total Time:    379.55s (6.33 min)
[08:25:29.608] [m5.large-Serial]   Setup Time:    263.24s (4.39 min)
[08:25:29.608] [m5.large-Serial]   Encoding Time: 115.24s (1.92 min)
[08:25:29.608] [m5.large-Serial]   Setup %:       69.4%
[08:25:29.608] [m5.large-Serial] ============================================================
