[08:26:47.802] === Phase 3.2 Horizontal Scaling: 10x m5.large ===
[08:26:47.803] Codec: libx264, Threads: 5, Max workers: 5
[08:26:47.811] [Setup] Starting video split...
[08:26:47.976] [Setup] Video: 600.0s → 10 parts of 60.0s
[08:27:03.795] [Setup] Video split complete.
[08:27:03.817] [Summary] SPLIT TIME: 15.98s
[08:27:03.987] [Part 00] Launching m5.large...
[08:27:03.998] [Part 00] [vCPU] Acquired 2 slots.
[08:27:04.044] [Part 01] Launching m5.large...
[08:27:04.075] [Part 01] [vCPU] Acquired 2 slots.
[08:27:04.213] [Part 02] Launching m5.large...
[08:27:04.227] [Part 02] [vCPU] Acquired 2 slots.
[08:27:04.326] [Part 03] Launching m5.large...
[08:27:04.341] [Part 03] [vCPU] Acquired 2 slots.
[08:27:04.495] [Part 04] Launching m5.large...
[08:27:04.495] [Part 04] [vCPU] Acquired 2 slots.
[08:27:15.938] [Part 00] Instance i-0b3862b096ea50272 launched. Waiting for running...
[08:27:18.557] [Part 03] Error on attempt 1: An error occurred (RequestLimitExceeded) when calling the RunInstances operation (reached max retries: 4): Request limit exceeded. Account 460964766037 has been throttled on ec2:RunInstances because it exceeded its request rate limit.
[08:27:18.557] [Part 03] [vCPU] Released 2 slots.
[08:27:21.227] [Part 02] Error on attempt 1: An error occurred (RequestLimitExceeded) when calling the RunInstances operation (reached max retries: 4): Request limit exceeded. Account 460964766037 has been throttled on ec2:RunInstances because it exceeded its request rate limit.
[08:27:21.228] [Part 02] [vCPU] Released 2 slots.
[08:27:22.784] [Part 01] Error on attempt 1: An error occurred (RequestLimitExceeded) when calling the RunInstances operation (reached max retries: 4): Request limit exceeded. Account 460964766037 has been throttled on ec2:RunInstances because it exceeded its request rate limit.
[08:27:22.784] [Part 01] [vCPU] Released 2 slots.
[08:27:24.173] [Part 04] Error on attempt 1: An error occurred (RequestLimitExceeded) when calling the RunInstances operation (reached max retries: 4): Request limit exceeded. Account 460964766037 has been throttled on ec2:RunInstances because it exceeded its request rate limit.
[08:27:24.173] [Part 04] [vCPU] Released 2 slots.
[08:27:28.558] [Part 03] [vCPU] Acquired 2 slots.
[08:27:30.590] [Part 03] Instance i-0925d147037d66481 launched. Waiting for running...
[08:27:31.228] [Part 02] [vCPU] Acquired 2 slots.
[08:27:31.671] [Part 00] Instance ready. IP: 54.198.23.37
[08:27:32.784] [Part 01] [vCPU] Acquired 2 slots.
[08:27:34.174] [Part 04] [vCPU] Acquired 2 slots.
[08:27:37.072] [Part 01] Instance i-0618276509688aa95 launched. Waiting for running...
[08:27:45.503] [Part 04] Instance i-0daafad64b091d66f launched. Waiting for running...
[08:27:46.334] [Part 03] Instance ready. IP: 54.159.90.172
[08:27:48.656] [Part 02] Error on attempt 2: An error occurred (RequestLimitExceeded) when calling the RunInstances operation (reached max retries: 4): Request limit exceeded. Account 460964766037 has been throttled on ec2:RunInstances because it exceeded its request rate limit.
[08:27:48.656] [Part 02] [vCPU] Released 2 slots.
[08:27:52.816] [Part 01] Instance ready. IP: 54.152.106.205
[08:27:57.577] [Part 00] SSH connected.
[08:27:58.657] [Part 02] [vCPU] Acquired 2 slots.
[08:27:58.743] [Part 00] CPU found: Intel(R) Xeon(R) Platinum 8175M CPU @ 2.50GHz
[08:27:58.744] [Part 00] CPU mismatch (attempt 1/15): got 'Intel(R) Xeon(R) Platinum 8175M CPU @ 2.50GHz', expected 'Intel(R) Xeon(R) Platinum 8259CL CPU @ 2.50GHz'. Terminating and retrying...
[08:27:59.331] [Part 00] [vCPU] Released 2 slots.
[08:28:01.240] [Part 04] Instance ready. IP: 98.87.8.184
[08:28:02.716] [Part 02] Instance i-0e408e867f7285cab launched. Waiting for running...
[08:28:09.333] [Part 00] [vCPU] Acquired 2 slots.
[08:28:10.888] [Part 00] Instance i-0b67dec09c332bec5 launched. Waiting for running...
[08:28:12.215] [Part 03] SSH connected.
[08:28:13.385] [Part 03] CPU found: Intel(R) Xeon(R) Platinum 8259CL CPU @ 2.50GHz
[08:28:13.385] [Part 03] CPU correct. Proceeding.
[08:28:13.385] [Part 03] Installing ffmpeg...
[08:28:18.466] [Part 02] Instance ready. IP: 34.226.220.37
[08:28:18.694] [Part 01] SSH connected.
[08:28:19.886] [Part 01] CPU found: Intel(R) Xeon(R) Platinum 8259CL CPU @ 2.50GHz
[08:28:19.887] [Part 01] CPU correct. Proceeding.
[08:28:19.887] [Part 01] Installing ffmpeg...
[08:28:26.966] [Part 00] Instance ready. IP: 35.175.231.16
[08:28:27.129] [Part 04] SSH connected.
[08:28:28.320] [Part 04] CPU found: Intel(R) Xeon(R) Platinum 8259CL CPU @ 2.50GHz
[08:28:28.322] [Part 04] CPU correct. Proceeding.
[08:28:28.322] [Part 04] Installing ffmpeg...
[08:28:44.437] [Part 02] SSH connected.
[08:28:45.587] [Part 02] CPU found: Intel(R) Xeon(R) Platinum 8175M CPU @ 2.50GHz
[08:28:45.593] [Part 02] CPU mismatch (attempt 3/15): got 'Intel(R) Xeon(R) Platinum 8175M CPU @ 2.50GHz', expected 'Intel(R) Xeon(R) Platinum 8259CL CPU @ 2.50GHz'. Terminating and retrying...
[08:28:46.212] [Part 02] [vCPU] Released 2 slots.
[08:28:49.368] [Part 03] ffmpeg installed.
[08:28:49.375] [Part 03] CPU: Intel(R) Xeon(R) Platinum 8259CL CPU @ 2.50GHz
[08:28:49.976] [Part 03] Uploading segment...
[08:28:53.016] [Part 00] SSH connected.
[08:28:54.254] [Part 00] CPU found: Intel(R) Xeon(R) Platinum 8175M CPU @ 2.50GHz
[08:28:54.256] [Part 00] CPU mismatch (attempt 2/15): got 'Intel(R) Xeon(R) Platinum 8175M CPU @ 2.50GHz', expected 'Intel(R) Xeon(R) Platinum 8259CL CPU @ 2.50GHz'. Terminating and retrying...
[08:28:55.104] [Part 00] [vCPU] Released 2 slots.
[08:28:56.212] [Part 02] [vCPU] Acquired 2 slots.
[08:28:57.179] [Part 03] Running: ffmpeg -i /home/ubuntu/input.mp4 -c:v libx264 -preset slow -b:v 2M -threads 5 -max_muxing_queue_size 1024 -y /home/ubuntu/output.mp4
[08:28:57.442] [Part 01] ffmpeg installed.
[08:28:57.443] [Part 01] CPU: Intel(R) Xeon(R) Platinum 8259CL CPU @ 2.50GHz
[08:28:58.080] [Part 01] Uploading segment...
[08:28:59.923] [Part 02] Instance i-0d8c5866ea5c1abb5 launched. Waiting for running...
[08:29:04.427] [Part 04] ffmpeg installed.
[08:29:04.438] [Part 04] CPU: Intel(R) Xeon(R) Platinum 8259CL CPU @ 2.50GHz
[08:29:05.105] [Part 00] [vCPU] Acquired 2 slots.
[08:29:05.185] [Part 04] Uploading segment...
[08:29:06.570] [Part 00] Instance i-0b7d99f207b855530 launched. Waiting for running...
[08:29:09.452] [Part 03] Done!
[08:29:15.239] [Part 03] Instance terminated.
[08:29:15.239] [Part 03] [vCPU] Released 2 slots.
[08:29:15.301] [Part 05] Launching m5.large...
[08:29:15.315] [Part 05] [vCPU] Acquired 2 slots.
[08:29:15.981] [Part 02] Instance ready. IP: 54.196.120.223
[08:29:17.614] [Part 05] Instance i-0eb89850927dc989a launched. Waiting for running...
[08:29:20.247] [Part 01] Running: ffmpeg -i /home/ubuntu/input.mp4 -c:v libx264 -preset slow -b:v 2M -threads 5 -max_muxing_queue_size 1024 -y /home/ubuntu/output.mp4
[08:29:22.587] [Part 00] Instance ready. IP: 35.153.68.59
[08:29:30.181] [Part 04] Running: ffmpeg -i /home/ubuntu/input.mp4 -c:v libx264 -preset slow -b:v 2M -threads 5 -max_muxing_queue_size 1024 -y /home/ubuntu/output.mp4
[08:29:32.487] [Part 01] Done!
[08:29:33.616] [Part 05] Instance ready. IP: 98.83.139.242
[08:29:33.885] [Part 01] Instance terminated.
[08:29:33.885] [Part 01] [vCPU] Released 2 slots.
[08:29:33.893] [Part 06] Launching m5.large...
[08:29:33.893] [Part 06] [vCPU] Acquired 2 slots.
[08:29:36.125] [Part 06] Instance i-0ebfb916aacdcdce4 launched. Waiting for running...
[08:29:42.259] [Part 02] SSH connected.
[08:29:42.936] [Part 04] Done!
[08:29:43.478] [Part 02] CPU found: Intel(R) Xeon(R) Platinum 8175M CPU @ 2.50GHz
[08:29:43.485] [Part 02] CPU mismatch (attempt 4/15): got 'Intel(R) Xeon(R) Platinum 8175M CPU @ 2.50GHz', expected 'Intel(R) Xeon(R) Platinum 8259CL CPU @ 2.50GHz'. Terminating and retrying...
[08:29:44.132] [Part 02] [vCPU] Released 2 slots.
[08:29:48.906] [Part 00] SSH connected.
[08:29:49.350] [Part 04] Instance terminated.
[08:29:49.352] [Part 04] [vCPU] Released 2 slots.
[08:29:49.375] [Part 07] Launching m5.large...
[08:29:49.376] [Part 07] [vCPU] Acquired 2 slots.
[08:29:50.142] [Part 00] CPU found: Intel(R) Xeon(R) Platinum 8175M CPU @ 2.50GHz
[08:29:50.144] [Part 00] CPU mismatch (attempt 3/15): got 'Intel(R) Xeon(R) Platinum 8175M CPU @ 2.50GHz', expected 'Intel(R) Xeon(R) Platinum 8259CL CPU @ 2.50GHz'. Terminating and retrying...
[08:29:50.871] [Part 00] [vCPU] Released 2 slots.
[08:29:52.212] [Part 06] Instance ready. IP: 18.215.247.212
[08:29:52.327] [Part 07] Instance i-048f0b93d030f9848 launched. Waiting for running...
[08:29:54.132] [Part 02] [vCPU] Acquired 2 slots.
[08:29:59.479] [Part 02] Instance i-07cc90b99576c97fb launched. Waiting for running...
[08:29:59.984] [Part 05] SSH connected.
[08:30:00.873] [Part 00] [vCPU] Acquired 2 slots.
[08:30:01.352] [Part 05] CPU found: Intel(R) Xeon(R) Platinum 8175M CPU @ 2.50GHz
[08:30:01.364] [Part 05] CPU mismatch (attempt 1/15): got 'Intel(R) Xeon(R) Platinum 8175M CPU @ 2.50GHz', expected 'Intel(R) Xeon(R) Platinum 8259CL CPU @ 2.50GHz'. Terminating and retrying...
[08:30:02.109] [Part 05] [vCPU] Released 2 slots.
[08:30:02.534] [Part 00] Instance i-023ff1e21006c9789 launched. Waiting for running...
[08:30:08.460] [Part 07] Instance ready. IP: 98.82.168.150
[08:30:12.113] [Part 05] [vCPU] Acquired 2 slots.
[08:30:15.379] [Part 02] Instance ready. IP: 54.225.49.1
[08:30:15.715] [Part 05] Instance i-03830bff05c4406b6 launched. Waiting for running...
[08:30:18.280] [Part 06] SSH connected.
[08:30:18.431] [Part 00] Instance ready. IP: 54.209.89.87
[08:30:19.428] [Part 06] CPU found: Intel(R) Xeon(R) Platinum 8175M CPU @ 2.50GHz
[08:30:19.428] [Part 06] CPU mismatch (attempt 1/15): got 'Intel(R) Xeon(R) Platinum 8175M CPU @ 2.50GHz', expected 'Intel(R) Xeon(R) Platinum 8259CL CPU @ 2.50GHz'. Terminating and retrying...
[08:30:20.010] [Part 06] [vCPU] Released 2 slots.
[08:30:30.011] [Part 06] [vCPU] Acquired 2 slots.
[08:30:31.497] [Part 05] Instance ready. IP: 54.174.159.20
[08:30:34.389] [Part 07] SSH connected.
[08:30:35.560] [Part 07] CPU found: Intel(R) Xeon(R) Platinum 8175M CPU @ 2.50GHz
[08:30:35.560] [Part 07] CPU mismatch (attempt 1/15): got 'Intel(R) Xeon(R) Platinum 8175M CPU @ 2.50GHz', expected 'Intel(R) Xeon(R) Platinum 8259CL CPU @ 2.50GHz'. Terminating and retrying...
[08:30:35.856] [Part 06] Instance i-0ab08b3c94938002c launched. Waiting for running...
[08:30:36.070] [Part 07] [vCPU] Released 2 slots.
[08:30:41.545] [Part 02] SSH connected.
[08:30:42.698] [Part 02] CPU found: Intel(R) Xeon(R) Platinum 8175M CPU @ 2.50GHz
[08:30:42.699] [Part 02] CPU mismatch (attempt 5/15): got 'Intel(R) Xeon(R) Platinum 8175M CPU @ 2.50GHz', expected 'Intel(R) Xeon(R) Platinum 8259CL CPU @ 2.50GHz'. Terminating and retrying...
[08:30:43.336] [Part 02] [vCPU] Released 2 slots.
[08:30:44.411] [Part 00] SSH connected.
[08:30:45.542] [Part 00] CPU found: Intel(R) Xeon(R) Platinum 8175M CPU @ 2.50GHz
[08:30:45.542] [Part 00] CPU mismatch (attempt 4/15): got 'Intel(R) Xeon(R) Platinum 8175M CPU @ 2.50GHz', expected 'Intel(R) Xeon(R) Platinum 8259CL CPU @ 2.50GHz'. Terminating and retrying...
[08:30:46.071] [Part 07] [vCPU] Acquired 2 slots.
[08:30:46.096] [Part 00] [vCPU] Released 2 slots.
[08:30:50.075] [Part 07] Instance i-085bedb33c3dc414c launched. Waiting for running...
[08:30:51.578] [Part 06] Instance ready. IP: 52.90.203.224
[08:30:53.336] [Part 02] [vCPU] Acquired 2 slots.
[08:30:54.846] [Part 02] Instance i-029908802acf00ed4 launched. Waiting for running...
[08:30:56.105] [Part 00] [vCPU] Acquired 2 slots.
[08:30:57.434] [Part 05] SSH connected.
[08:30:58.606] [Part 05] CPU found: Intel(R) Xeon(R) Platinum 8259CL CPU @ 2.50GHz
[08:30:58.607] [Part 05] CPU correct. Proceeding.
[08:30:58.607] [Part 05] Installing ffmpeg...
[08:31:05.814] [Part 07] Instance ready. IP: 54.166.133.17
[08:31:10.650] [Part 02] Instance ready. IP: 34.228.229.186
[08:31:14.612] [Part 00] Instance i-09573dbea6fbe1f80 launched. Waiting for running...
[08:31:17.994] [Part 06] SSH connected.
[08:31:19.272] [Part 06] CPU found: Intel(R) Xeon(R) Platinum 8175M CPU @ 2.50GHz
[08:31:19.275] [Part 06] CPU mismatch (attempt 2/15): got 'Intel(R) Xeon(R) Platinum 8175M CPU @ 2.50GHz', expected 'Intel(R) Xeon(R) Platinum 8259CL CPU @ 2.50GHz'. Terminating and retrying...
[08:31:19.929] [Part 06] [vCPU] Released 2 slots.
[08:31:29.950] [Part 06] [vCPU] Acquired 2 slots.
[08:31:30.579] [Part 00] Instance ready. IP: 34.238.158.34
[08:31:32.031] [Part 07] SSH connected.
[08:31:33.038] [Part 06] Instance i-020a2b64fbfd065d2 launched. Waiting for running...
[08:31:33.236] [Part 07] CPU found: Intel(R) Xeon(R) Platinum 8175M CPU @ 2.50GHz
[08:31:33.239] [Part 07] CPU mismatch (attempt 2/15): got 'Intel(R) Xeon(R) Platinum 8175M CPU @ 2.50GHz', expected 'Intel(R) Xeon(R) Platinum 8259CL CPU @ 2.50GHz'. Terminating and retrying...
[08:31:33.818] [Part 07] [vCPU] Released 2 slots.
[08:31:34.564] [Part 05] ffmpeg installed.
[08:31:34.567] [Part 05] CPU: Intel(R) Xeon(R) Platinum 8259CL CPU @ 2.50GHz
[08:31:35.031] [Part 05] Uploading segment...
[08:31:36.812] [Part 02] SSH connected.
[08:31:36.989] [Part 05] Running: ffmpeg -i /home/ubuntu/input.mp4 -c:v libx264 -preset slow -b:v 2M -threads 5 -max_muxing_queue_size 1024 -y /home/ubuntu/output.mp4
[08:31:38.029] [Part 02] CPU found: Intel(R) Xeon(R) Platinum 8259CL CPU @ 2.50GHz
[08:31:38.030] [Part 02] CPU correct. Proceeding.
[08:31:38.030] [Part 02] Installing ffmpeg...
[08:31:43.819] [Part 07] [vCPU] Acquired 2 slots.
[08:31:48.721] [Part 05] Done!
[08:31:48.800] [Part 06] Instance ready. IP: 54.145.254.19
[08:31:49.541] [Part 07] Instance i-06dd2e9f0de7c0d0b launched. Waiting for running...
[08:31:49.850] [Part 05] Instance terminated.
[08:31:49.851] [Part 05] [vCPU] Released 2 slots.
[08:31:49.858] [Part 08] Launching m5.large...
[08:31:49.858] [Part 08] [vCPU] Acquired 2 slots.
[08:31:51.807] [Part 08] Instance i-04c259d664d941bdd launched. Waiting for running...
[08:31:57.649] [Part 00] SSH connected.
[08:31:58.876] [Part 00] CPU found: Intel(R) Xeon(R) Platinum 8175M CPU @ 2.50GHz
[08:31:58.877] [Part 00] CPU mismatch (attempt 5/15): got 'Intel(R) Xeon(R) Platinum 8175M CPU @ 2.50GHz', expected 'Intel(R) Xeon(R) Platinum 8259CL CPU @ 2.50GHz'. Terminating and retrying...
[08:31:59.493] [Part 00] [vCPU] Released 2 slots.
[08:32:05.414] [Part 07] Instance ready. IP: 54.226.47.223
[08:32:07.671] [Part 08] Instance ready. IP: 13.221.4.18
[08:32:09.495] [Part 00] [vCPU] Acquired 2 slots.
[08:32:11.118] [Part 00] Instance i-09e81865fc36bbbdf launched. Waiting for running...
[08:32:14.703] [Part 06] SSH connected.
[08:32:15.210] [Part 02] ffmpeg installed.
[08:32:15.210] [Part 02] CPU: Intel(R) Xeon(R) Platinum 8259CL CPU @ 2.50GHz
[08:32:15.682] [Part 02] Uploading segment...
[08:32:15.836] [Part 06] CPU found: Intel(R) Xeon(R) Platinum 8259CL CPU @ 2.50GHz
[08:32:15.836] [Part 06] CPU correct. Proceeding.
[08:32:15.836] [Part 06] Installing ffmpeg...
[08:32:20.920] [Part 02] Running: ffmpeg -i /home/ubuntu/input.mp4 -c:v libx264 -preset slow -b:v 2M -threads 5 -max_muxing_queue_size 1024 -y /home/ubuntu/output.mp4
[08:32:27.709] [Part 00] Instance ready. IP: 54.161.10.94
[08:32:31.330] [Part 07] SSH connected.
[08:32:32.474] [Part 07] CPU found: Intel(R) Xeon(R) Platinum 8259CL CPU @ 2.50GHz
[08:32:32.474] [Part 07] CPU correct. Proceeding.
[08:32:32.474] [Part 07] Installing ffmpeg...
[08:32:33.308] [Part 02] Done!
[08:32:33.573] [Part 08] SSH connected.
[08:32:34.427] [Part 02] Instance terminated.
[08:32:34.428] [Part 02] [vCPU] Released 2 slots.
[08:32:34.461] [Part 09] Launching m5.large...
[08:32:34.477] [Part 09] [vCPU] Acquired 2 slots.
[08:32:34.705] [Part 08] CPU found: Intel(R) Xeon(R) Platinum 8259CL CPU @ 2.50GHz
[08:32:34.705] [Part 08] CPU correct. Proceeding.
[08:32:34.705] [Part 08] Installing ffmpeg...
[08:32:36.404] [Part 09] Instance i-06d504eea5c6ad414 launched. Waiting for running...
[08:32:52.101] [Part 09] Instance ready. IP: 13.217.86.114
[08:32:52.459] [Part 06] ffmpeg installed.
[08:32:52.461] [Part 06] CPU: Intel(R) Xeon(R) Platinum 8259CL CPU @ 2.50GHz
[08:32:52.911] [Part 06] Uploading segment...
[08:32:53.576] [Part 00] SSH connected.
[08:32:54.756] [Part 00] CPU found: Intel(R) Xeon(R) Platinum 8175M CPU @ 2.50GHz
[08:32:54.757] [Part 00] CPU mismatch (attempt 6/15): got 'Intel(R) Xeon(R) Platinum 8175M CPU @ 2.50GHz', expected 'Intel(R) Xeon(R) Platinum 8259CL CPU @ 2.50GHz'. Terminating and retrying...
[08:32:55.115] [Part 06] Running: ffmpeg -i /home/ubuntu/input.mp4 -c:v libx264 -preset slow -b:v 2M -threads 5 -max_muxing_queue_size 1024 -y /home/ubuntu/output.mp4
[08:32:55.390] [Part 00] [vCPU] Released 2 slots.
[08:33:05.408] [Part 00] [vCPU] Acquired 2 slots.
[08:33:06.855] [Part 00] Instance i-0f78e29aa0db99735 launched. Waiting for running...
[08:33:07.477] [Part 06] Done!
[08:33:08.492] [Part 06] Instance terminated.
[08:33:08.493] [Part 06] [vCPU] Released 2 slots.
[08:33:08.725] [Part 07] ffmpeg installed.
[08:33:08.725] [Part 07] CPU: Intel(R) Xeon(R) Platinum 8259CL CPU @ 2.50GHz
[08:33:09.164] [Part 07] Uploading segment...
[08:33:10.818] [Part 08] ffmpeg installed.
[08:33:10.818] [Part 08] CPU: Intel(R) Xeon(R) Platinum 8259CL CPU @ 2.50GHz
[08:33:11.120] [Part 07] Running: ffmpeg -i /home/ubuntu/input.mp4 -c:v libx264 -preset slow -b:v 2M -threads 5 -max_muxing_queue_size 1024 -y /home/ubuntu/output.mp4
[08:33:11.291] [Part 08] Uploading segment...
[08:33:13.511] [Part 08] Running: ffmpeg -i /home/ubuntu/input.mp4 -c:v libx264 -preset slow -b:v 2M -threads 5 -max_muxing_queue_size 1024 -y /home/ubuntu/output.mp4
[08:33:18.252] [Part 09] SSH connected.
[08:33:19.400] [Part 09] CPU found: Intel(R) Xeon(R) Platinum 8175M CPU @ 2.50GHz
[08:33:19.402] [Part 09] CPU mismatch (attempt 1/15): got 'Intel(R) Xeon(R) Platinum 8175M CPU @ 2.50GHz', expected 'Intel(R) Xeon(R) Platinum 8259CL CPU @ 2.50GHz'. Terminating and retrying...
[08:33:19.914] [Part 09] [vCPU] Released 2 slots.
[08:33:22.620] [Part 00] Instance ready. IP: 52.206.149.174
[08:33:24.143] [Part 07] Done!
[08:33:24.945] [Part 08] Done!
[08:33:25.139] [Part 07] Instance terminated.
[08:33:25.140] [Part 07] [vCPU] Released 2 slots.
[08:33:25.982] [Part 08] Instance terminated.
[08:33:25.982] [Part 08] [vCPU] Released 2 slots.
[08:33:29.917] [Part 09] [vCPU] Acquired 2 slots.
[08:33:31.335] [Part 09] Instance i-07e1864bb5da88496 launched. Waiting for running...
[08:33:47.123] [Part 09] Instance ready. IP: 3.91.13.184
[08:33:48.550] [Part 00] SSH connected.
[08:33:49.613] [Part 00] CPU found: Intel(R) Xeon(R) Platinum 8175M CPU @ 2.50GHz
[08:33:49.614] [Part 00] CPU mismatch (attempt 7/15): got 'Intel(R) Xeon(R) Platinum 8175M CPU @ 2.50GHz', expected 'Intel(R) Xeon(R) Platinum 8259CL CPU @ 2.50GHz'. Terminating and retrying...
[08:33:50.253] [Part 00] [vCPU] Released 2 slots.
[08:34:00.254] [Part 00] [vCPU] Acquired 2 slots.
[08:34:01.677] [Part 00] Instance i-044fc1289cdc745f1 launched. Waiting for running...
[08:34:13.005] [Part 09] SSH connected.
[08:34:14.135] [Part 09] CPU found: Intel(R) Xeon(R) Platinum 8175M CPU @ 2.50GHz
[08:34:14.136] [Part 09] CPU mismatch (attempt 2/15): got 'Intel(R) Xeon(R) Platinum 8175M CPU @ 2.50GHz', expected 'Intel(R) Xeon(R) Platinum 8259CL CPU @ 2.50GHz'. Terminating and retrying...
[08:34:14.722] [Part 09] [vCPU] Released 2 slots.
[08:34:17.399] [Part 00] Instance ready. IP: 3.84.96.108
[08:34:24.725] [Part 09] [vCPU] Acquired 2 slots.
[08:34:26.561] [Part 09] Instance i-04b75346b3f432aa9 launched. Waiting for running...
[08:34:42.341] [Part 09] Instance ready. IP: 3.89.5.93
[08:34:43.319] [Part 00] SSH connected.
[08:34:44.533] [Part 00] CPU found: Intel(R) Xeon(R) Platinum 8259CL CPU @ 2.50GHz
[08:34:44.573] [Part 00] CPU correct. Proceeding.
[08:34:44.573] [Part 00] Installing ffmpeg...
[08:35:08.222] [Part 09] SSH connected.
[08:35:09.479] [Part 09] CPU found: Intel(R) Xeon(R) Platinum 8175M CPU @ 2.50GHz
[08:35:09.480] [Part 09] CPU mismatch (attempt 3/15): got 'Intel(R) Xeon(R) Platinum 8175M CPU @ 2.50GHz', expected 'Intel(R) Xeon(R) Platinum 8259CL CPU @ 2.50GHz'. Terminating and retrying...
[08:35:10.051] [Part 09] [vCPU] Released 2 slots.
[08:35:20.051] [Part 09] [vCPU] Acquired 2 slots.
[08:35:20.927] [Part 00] ffmpeg installed.
[08:35:20.928] [Part 00] CPU: Intel(R) Xeon(R) Platinum 8259CL CPU @ 2.50GHz
[08:35:21.443] [Part 00] Uploading segment...
[08:35:21.462] [Part 09] Instance i-0051f01e65e73556b launched. Waiting for running...
[08:35:23.248] [Part 00] Running: ffmpeg -i /home/ubuntu/input.mp4 -c:v libx264 -preset slow -b:v 2M -threads 5 -max_muxing_queue_size 1024 -y /home/ubuntu/output.mp4
[08:35:35.295] [Part 00] Done!
[08:35:36.230] [Part 00] Instance terminated.
[08:35:36.230] [Part 00] [vCPU] Released 2 slots.
[08:35:37.216] [Part 09] Instance ready. IP: 34.230.1.36
[08:36:03.238] [Part 09] SSH connected.
[08:36:04.506] [Part 09] CPU found: Intel(R) Xeon(R) Platinum 8175M CPU @ 2.50GHz
[08:36:04.507] [Part 09] CPU mismatch (attempt 4/15): got 'Intel(R) Xeon(R) Platinum 8175M CPU @ 2.50GHz', expected 'Intel(R) Xeon(R) Platinum 8259CL CPU @ 2.50GHz'. Terminating and retrying...
[08:36:05.041] [Part 09] [vCPU] Released 2 slots.
[08:36:15.041] [Part 09] [vCPU] Acquired 2 slots.
[08:36:16.409] [Part 09] Instance i-020c509f4d0909024 launched. Waiting for running...
[08:36:32.591] [Part 09] Instance ready. IP: 54.162.178.175
[08:36:58.418] [Part 09] SSH connected.
[08:36:59.643] [Part 09] CPU found: Intel(R) Xeon(R) Platinum 8175M CPU @ 2.50GHz
[08:36:59.644] [Part 09] CPU mismatch (attempt 5/15): got 'Intel(R) Xeon(R) Platinum 8175M CPU @ 2.50GHz', expected 'Intel(R) Xeon(R) Platinum 8259CL CPU @ 2.50GHz'. Terminating and retrying...
[08:37:00.207] [Part 09] [vCPU] Released 2 slots.
[08:37:10.207] [Part 09] [vCPU] Acquired 2 slots.
[08:37:12.119] [Part 09] Instance i-05480dcd5bdbe73f5 launched. Waiting for running...
[08:37:27.860] [Part 09] Instance ready. IP: 54.87.63.174
[08:37:53.779] [Part 09] SSH connected.
[08:37:54.912] [Part 09] CPU found: Intel(R) Xeon(R) Platinum 8175M CPU @ 2.50GHz
[08:37:54.912] [Part 09] CPU mismatch (attempt 6/15): got 'Intel(R) Xeon(R) Platinum 8175M CPU @ 2.50GHz', expected 'Intel(R) Xeon(R) Platinum 8259CL CPU @ 2.50GHz'. Terminating and retrying...
[08:37:55.434] [Part 09] [vCPU] Released 2 slots.
[08:38:05.434] [Part 09] [vCPU] Acquired 2 slots.
[08:38:06.936] [Part 09] Instance i-0940f70ef740ea23e launched. Waiting for running...
[08:38:22.624] [Part 09] Instance ready. IP: 54.91.54.164
[08:38:48.509] [Part 09] SSH connected.
[08:38:49.641] [Part 09] CPU found: Intel(R) Xeon(R) Platinum 8175M CPU @ 2.50GHz
[08:38:49.641] [Part 09] CPU mismatch (attempt 7/15): got 'Intel(R) Xeon(R) Platinum 8175M CPU @ 2.50GHz', expected 'Intel(R) Xeon(R) Platinum 8259CL CPU @ 2.50GHz'. Terminating and retrying...
[08:38:50.177] [Part 09] [vCPU] Released 2 slots.
[08:39:00.178] [Part 09] [vCPU] Acquired 2 slots.
[08:39:01.762] [Part 09] Instance i-0d0d46896dbf99a38 launched. Waiting for running...
[08:39:17.722] [Part 09] Instance ready. IP: 54.243.25.102
[08:39:43.640] [Part 09] SSH connected.
[08:39:44.772] [Part 09] CPU found: Intel(R) Xeon(R) Platinum 8259CL CPU @ 2.50GHz
[08:39:44.772] [Part 09] CPU correct. Proceeding.
[08:39:44.772] [Part 09] Installing ffmpeg...
[08:40:20.949] [Part 09] ffmpeg installed.
[08:40:20.949] [Part 09] CPU: Intel(R) Xeon(R) Platinum 8259CL CPU @ 2.50GHz
[08:40:21.410] [Part 09] Uploading segment...
[08:40:23.267] [Part 09] Running: ffmpeg -i /home/ubuntu/input.mp4 -c:v libx264 -preset slow -b:v 2M -threads 5 -max_muxing_queue_size 1024 -y /home/ubuntu/output.mp4
[08:40:35.120] [Part 09] Done!
[08:40:36.181] [Part 09] Instance terminated.
[08:40:36.181] [Part 09] [vCPU] Released 2 slots.
[08:40:36.196] ============================================================
[08:40:36.197] RESULTS — 10x m5.large Horizontal
[08:40:36.197]   Total Time:    828.37s (13.81 min)
[08:40:36.197]   Split Time:    15.98s
[08:40:36.197]   Parallel Time: 812.33s (13.54 min)
[08:40:36.197] ============================================================
