[08:54:14.515] === Phase 3.2 OPTIMIZED Serial Baseline: 1x m5.large ===
[08:54:14.560] Codec: libx264, Threads: 5, Preset: slow
[08:54:14.628] AMI: ami-06c7c20c67513469a (ffmpeg pre-installed)
[08:54:14.923] [m5.large-Serial] Launching EC2 instance...
[08:54:14.937] [m5.large-Serial] [vCPU] Acquired 2 slots.
[08:54:20.337] [m5.large-Serial] Instance i-0ef709e7018f90d4e launched. Waiting for running...
[08:54:36.004] [m5.large-Serial] Instance ready. IP: 3.81.46.214
[08:55:02.151] [m5.large-Serial] SSH connected.
[08:55:03.272] [m5.large-Serial] CPU found: Intel(R) Xeon(R) Platinum 8175M CPU @ 2.50GHz
[08:55:03.272] [m5.large-Serial] CPU mismatch (attempt 1/15): got 'Intel(R) Xeon(R) Platinum 8175M CPU @ 2.50GHz', expected 'Intel(R) Xeon(R) Platinum 8259CL CPU @ 2.50GHz'. Terminating and retrying...
[08:55:03.896] [m5.large-Serial] [vCPU] Released 2 slots.
[08:55:13.898] [m5.large-Serial] [vCPU] Acquired 2 slots.
[08:55:15.437] [m5.large-Serial] Instance i-0f6c6f59f45a8afed launched. Waiting for running...
[08:55:31.458] [m5.large-Serial] Instance ready. IP: 54.174.187.234
[08:55:57.713] [m5.large-Serial] SSH connected.
[08:55:59.354] [m5.large-Serial] CPU found: Intel(R) Xeon(R) Platinum 8259CL CPU @ 2.50GHz
[08:55:59.357] [m5.large-Serial] CPU correct. Proceeding.
[08:55:59.357] [m5.large-Serial] CPU: Intel(R) Xeon(R) Platinum 8259CL CPU @ 2.50GHz
[08:55:59.357] [m5.large-Serial] Uploading 10-minute video...
[08:57:21.235] [m5.large-Serial] Upload complete.
[08:57:21.236] [m5.large-Serial] SETUP TIME: 127.34s (2.12 min)
[08:57:21.236] [m5.large-Serial] Running: ffmpeg -i /home/ubuntu/input.mp4 -c:v libx264 -preset slow -b:v 2M -threads 5 -max_muxing_queue_size 1024 -y /home/ubuntu/output.mp4
[08:59:48.995] [m5.large-Serial] ENCODING TIME: 147.76s (2.46 min)
[08:59:50.196] [m5.large-Serial] Instance terminated.
[08:59:50.196] [m5.large-Serial] [vCPU] Released 2 slots.
[08:59:50.196] [m5.large-Serial] ============================================================
[08:59:50.196] [m5.large-Serial] RESULTS — m5.large Serial
[08:59:50.197] [m5.large-Serial]   Total Time:    276.30s (4.60 min)
[08:59:50.197] [m5.large-Serial]   Setup Time:    127.34s (2.12 min)
[08:59:50.197] [m5.large-Serial]   Encoding Time: 147.76s (2.46 min)
[08:59:50.197] [m5.large-Serial]   Setup %:       46.1%
[08:59:50.197] [m5.large-Serial] ============================================================
