[08:54:14.901] === Phase 3.2 OPTIMIZED Serial Baseline: 1x m5.large ===
[08:54:14.921] Codec: libx264, Threads: 5, Preset: slow
[08:54:14.931] AMI: ami-06c7c20c67513469a (ffmpeg pre-installed)
[08:54:14.942] [m5.large-Serial] Launching EC2 instance...
[08:54:14.974] [m5.large-Serial] [vCPU] Acquired 2 slots.
[08:54:28.649] [m5.large-Serial] Instance i-006f535edbc1b47f5 launched. Waiting for running...
[08:54:44.323] [m5.large-Serial] Instance ready. IP: 18.209.94.222
[08:55:10.566] [m5.large-Serial] SSH connected.
[08:55:12.942] [m5.large-Serial] CPU found: Intel(R) Xeon(R) Platinum 8259CL CPU @ 2.50GHz
[08:55:12.946] [m5.large-Serial] CPU correct. Proceeding.
[08:55:12.947] [m5.large-Serial] CPU: Intel(R) Xeon(R) Platinum 8259CL CPU @ 2.50GHz
[08:55:12.947] [m5.large-Serial] Uploading 10-minute video...
[08:56:19.906] [m5.large-Serial] Upload complete.
[08:56:19.907] [m5.large-Serial] SETUP TIME: 124.92s (2.08 min)
[08:56:19.907] [m5.large-Serial] Running: ffmpeg -i /home/ubuntu/input.mp4 -c:v libx264 -preset slow -b:v 2M -threads 5 -max_muxing_queue_size 1024 -y /home/ubuntu/output.mp4
[08:58:05.675] [m5.large-Serial] ENCODING TIME: 105.77s (1.76 min)
[08:58:06.680] [m5.large-Serial] Instance terminated.
[08:58:06.680] [m5.large-Serial] [vCPU] Released 2 slots.
[08:58:06.680] [m5.large-Serial] ============================================================
[08:58:06.680] [m5.large-Serial] RESULTS — m5.large Serial
[08:58:06.680] [m5.large-Serial]   Total Time:    231.69s (3.86 min)
[08:58:06.681] [m5.large-Serial]   Setup Time:    124.92s (2.08 min)
[08:58:06.681] [m5.large-Serial]   Encoding Time: 105.77s (1.76 min)
[08:58:06.681] [m5.large-Serial]   Setup %:       53.9%
[08:58:06.681] [m5.large-Serial] ============================================================
