[08:54:14.926] === Phase 3.2 OPTIMIZED Serial Baseline: 1x m5.large ===
[08:54:14.947] Codec: libx264, Threads: 5, Preset: slow
[08:54:14.961] AMI: ami-06c7c20c67513469a (ffmpeg pre-installed)
[08:54:14.987] [m5.large-Serial] Launching EC2 instance...
[08:54:15.016] [m5.large-Serial] [vCPU] Acquired 2 slots.
[08:54:29.444] [m5.large-Serial] Instance i-0859673f679db3c86 launched. Waiting for running...
[08:54:45.136] [m5.large-Serial] Instance ready. IP: 100.31.247.165
[08:55:11.398] [m5.large-Serial] SSH connected.
[08:55:12.762] [m5.large-Serial] CPU found: Intel(R) Xeon(R) Platinum 8259CL CPU @ 2.50GHz
[08:55:12.764] [m5.large-Serial] CPU correct. Proceeding.
[08:55:12.769] [m5.large-Serial] CPU: Intel(R) Xeon(R) Platinum 8259CL CPU @ 2.50GHz
[08:55:12.769] [m5.large-Serial] Uploading 10-minute video...
[08:56:38.083] [m5.large-Serial] Upload complete.
[08:56:38.083] [m5.large-Serial] SETUP TIME: 143.05s (2.38 min)
[08:56:38.084] [m5.large-Serial] Running: ffmpeg -i /home/ubuntu/input.mp4 -c:v libx264 -preset slow -b:v 2M -threads 5 -max_muxing_queue_size 1024 -y /home/ubuntu/output.mp4
[08:58:20.983] [m5.large-Serial] ENCODING TIME: 102.90s (1.71 min)
[08:58:22.000] [m5.large-Serial] Instance terminated.
[08:58:22.000] [m5.large-Serial] [vCPU] Released 2 slots.
[08:58:22.000] [m5.large-Serial] ============================================================
[08:58:22.001] [m5.large-Serial] RESULTS — m5.large Serial
[08:58:22.001] [m5.large-Serial]   Total Time:    246.97s (4.12 min)
[08:58:22.001] [m5.large-Serial]   Setup Time:    143.05s (2.38 min)
[08:58:22.001] [m5.large-Serial]   Encoding Time: 102.90s (1.71 min)
[08:58:22.001] [m5.large-Serial]   Setup %:       57.9%
[08:58:22.001] [m5.large-Serial] ============================================================
