[08:54:14.390] === Phase 3.2 OPTIMIZED Serial Baseline: 1x m5.large ===
[08:54:14.410] Codec: libx264, Threads: 5, Preset: slow
[08:54:14.410] AMI: ami-06c7c20c67513469a (ffmpeg pre-installed)
[08:54:14.429] [m5.large-Serial] Launching EC2 instance...
[08:54:14.461] [m5.large-Serial] [vCPU] Acquired 2 slots.
[08:54:16.540] [m5.large-Serial] Instance i-0e36ead9604707448 launched. Waiting for running...
[08:54:32.307] [m5.large-Serial] Instance ready. IP: 34.230.55.219
[08:54:58.659] [m5.large-Serial] SSH connected.
[08:54:59.769] [m5.large-Serial] CPU found: Intel(R) Xeon(R) Platinum 8175M CPU @ 2.50GHz
[08:54:59.770] [m5.large-Serial] CPU mismatch (attempt 1/15): got 'Intel(R) Xeon(R) Platinum 8175M CPU @ 2.50GHz', expected 'Intel(R) Xeon(R) Platinum 8259CL CPU @ 2.50GHz'. Terminating and retrying...
[08:55:00.349] [m5.large-Serial] [vCPU] Released 2 slots.
[08:55:10.356] [m5.large-Serial] [vCPU] Acquired 2 slots.
[08:55:11.905] [m5.large-Serial] Instance i-04ca7f76611686132 launched. Waiting for running...
[08:55:27.887] [m5.large-Serial] Instance ready. IP: 98.83.211.105
[08:55:54.781] [m5.large-Serial] SSH connected.
[08:55:56.144] [m5.large-Serial] CPU found: Intel(R) Xeon(R) Platinum 8175M CPU @ 2.50GHz
[08:55:56.145] [m5.large-Serial] CPU mismatch (attempt 2/15): got 'Intel(R) Xeon(R) Platinum 8175M CPU @ 2.50GHz', expected 'Intel(R) Xeon(R) Platinum 8259CL CPU @ 2.50GHz'. Terminating and retrying...
[08:55:56.790] [m5.large-Serial] [vCPU] Released 2 slots.
[08:56:06.792] [m5.large-Serial] [vCPU] Acquired 2 slots.
[08:56:08.501] [m5.large-Serial] Instance i-0d512de7cb13599ef launched. Waiting for running...
[08:56:25.322] [m5.large-Serial] Instance ready. IP: 54.84.86.40
[08:56:51.981] [m5.large-Serial] SSH connected.
[08:56:53.077] [m5.large-Serial] CPU found: Intel(R) Xeon(R) Platinum 8175M CPU @ 2.50GHz
[08:56:53.077] [m5.large-Serial] CPU mismatch (attempt 3/15): got 'Intel(R) Xeon(R) Platinum 8175M CPU @ 2.50GHz', expected 'Intel(R) Xeon(R) Platinum 8259CL CPU @ 2.50GHz'. Terminating and retrying...
[08:56:53.768] [m5.large-Serial] [vCPU] Released 2 slots.
[08:57:03.770] [m5.large-Serial] [vCPU] Acquired 2 slots.
[08:57:06.075] [m5.large-Serial] Instance i-0b67eb4efa995b21b launched. Waiting for running...
[08:57:22.200] [m5.large-Serial] Instance ready. IP: 52.86.112.135
[08:57:48.109] [m5.large-Serial] SSH connected.
[08:57:48.705] [m5.large-Serial] CPU found: Intel(R) Xeon(R) Platinum 8175M CPU @ 2.50GHz
[08:57:48.706] [m5.large-Serial] CPU mismatch (attempt 4/15): got 'Intel(R) Xeon(R) Platinum 8175M CPU @ 2.50GHz', expected 'Intel(R) Xeon(R) Platinum 8259CL CPU @ 2.50GHz'. Terminating and retrying...
[08:57:49.254] [m5.large-Serial] [vCPU] Released 2 slots.
[08:57:59.255] [m5.large-Serial] [vCPU] Acquired 2 slots.
[08:58:00.607] [m5.large-Serial] Instance i-0f68fd1af01563aca launched. Waiting for running...
[08:58:16.726] [m5.large-Serial] Instance ready. IP: 18.206.182.170
[08:58:42.785] [m5.large-Serial] SSH connected.
[08:58:44.037] [m5.large-Serial] CPU found: Intel(R) Xeon(R) Platinum 8175M CPU @ 2.50GHz
[08:58:44.038] [m5.large-Serial] CPU mismatch (attempt 5/15): got 'Intel(R) Xeon(R) Platinum 8175M CPU @ 2.50GHz', expected 'Intel(R) Xeon(R) Platinum 8259CL CPU @ 2.50GHz'. Terminating and retrying...
[08:58:44.629] [m5.large-Serial] [vCPU] Released 2 slots.
[08:58:54.629] [m5.large-Serial] [vCPU] Acquired 2 slots.
[08:58:56.421] [m5.large-Serial] Instance i-0ec4494519fe24e70 launched. Waiting for running...
[08:59:12.156] [m5.large-Serial] Instance ready. IP: 54.209.157.89
[08:59:38.082] [m5.large-Serial] SSH connected.
[08:59:39.336] [m5.large-Serial] CPU found: Intel(R) Xeon(R) Platinum 8175M CPU @ 2.50GHz
[08:59:39.337] [m5.large-Serial] CPU mismatch (attempt 6/15): got 'Intel(R) Xeon(R) Platinum 8175M CPU @ 2.50GHz', expected 'Intel(R) Xeon(R) Platinum 8259CL CPU @ 2.50GHz'. Terminating and retrying...
[08:59:39.864] [m5.large-Serial] [vCPU] Released 2 slots.
[08:59:49.864] [m5.large-Serial] [vCPU] Acquired 2 slots.
[08:59:51.261] [m5.large-Serial] Instance i-02c20505bf8e2325d launched. Waiting for running...
[09:00:07.091] [m5.large-Serial] Instance ready. IP: 18.207.201.77
[09:00:33.322] [m5.large-Serial] SSH connected.
[09:00:34.563] [m5.large-Serial] CPU found: Intel(R) Xeon(R) Platinum 8175M CPU @ 2.50GHz
[09:00:34.563] [m5.large-Serial] CPU mismatch (attempt 7/15): got 'Intel(R) Xeon(R) Platinum 8175M CPU @ 2.50GHz', expected 'Intel(R) Xeon(R) Platinum 8259CL CPU @ 2.50GHz'. Terminating and retrying...
[09:00:35.358] [m5.large-Serial] [vCPU] Released 2 slots.
[09:00:45.359] [m5.large-Serial] [vCPU] Acquired 2 slots.
[09:00:47.106] [m5.large-Serial] Instance i-08de62b4a0e4e418d launched. Waiting for running...
[09:01:03.545] [m5.large-Serial] Instance ready. IP: 54.162.63.154
[09:01:29.500] [m5.large-Serial] SSH connected.
[09:01:30.784] [m5.large-Serial] CPU found: Intel(R) Xeon(R) Platinum 8175M CPU @ 2.50GHz
[09:01:30.784] [m5.large-Serial] CPU mismatch (attempt 8/15): got 'Intel(R) Xeon(R) Platinum 8175M CPU @ 2.50GHz', expected 'Intel(R) Xeon(R) Platinum 8259CL CPU @ 2.50GHz'. Terminating and retrying...
[09:01:31.392] [m5.large-Serial] [vCPU] Released 2 slots.
[09:01:41.393] [m5.large-Serial] [vCPU] Acquired 2 slots.
[09:01:42.857] [m5.large-Serial] Instance i-0e02b0a258d1fafe6 launched. Waiting for running...
[09:01:58.603] [m5.large-Serial] Instance ready. IP: 98.86.237.194
[09:02:24.907] [m5.large-Serial] SSH connected.
[09:02:26.097] [m5.large-Serial] CPU found: Intel(R) Xeon(R) Platinum 8175M CPU @ 2.50GHz
[09:02:26.098] [m5.large-Serial] CPU mismatch (attempt 9/15): got 'Intel(R) Xeon(R) Platinum 8175M CPU @ 2.50GHz', expected 'Intel(R) Xeon(R) Platinum 8259CL CPU @ 2.50GHz'. Terminating and retrying...
[09:02:26.689] [m5.large-Serial] [vCPU] Released 2 slots.
[09:02:36.689] [m5.large-Serial] [vCPU] Acquired 2 slots.
[09:02:38.321] [m5.large-Serial] Instance i-0bb3810248448ef47 launched. Waiting for running...
[09:02:54.122] [m5.large-Serial] Instance ready. IP: 98.92.3.45
[09:03:20.197] [m5.large-Serial] SSH connected.
[09:03:21.232] [m5.large-Serial] CPU found: Intel(R) Xeon(R) Platinum 8259CL CPU @ 2.50GHz
[09:03:21.232] [m5.large-Serial] CPU correct. Proceeding.
[09:03:21.236] [m5.large-Serial] CPU: Intel(R) Xeon(R) Platinum 8259CL CPU @ 2.50GHz
[09:03:21.236] [m5.large-Serial] Uploading 10-minute video...
[09:03:34.713] [m5.large-Serial] Upload complete.
[09:03:34.714] [m5.large-Serial] SETUP TIME: 58.02s (0.97 min)
[09:03:34.714] [m5.large-Serial] Running: ffmpeg -i /home/ubuntu/input.mp4 -c:v libx264 -preset slow -b:v 2M -threads 5 -max_muxing_queue_size 1024 -y /home/ubuntu/output.mp4
[09:05:17.861] [m5.large-Serial] ENCODING TIME: 103.15s (1.72 min)
[09:05:19.965] [m5.large-Serial] Instance terminated.
[09:05:19.965] [m5.large-Serial] [vCPU] Released 2 slots.
[09:05:19.966] [m5.large-Serial] ============================================================
[09:05:19.966] [m5.large-Serial] RESULTS — m5.large Serial
[09:05:19.966] [m5.large-Serial]   Total Time:    163.28s (2.72 min)
[09:05:19.966] [m5.large-Serial]   Setup Time:    58.02s (0.97 min)
[09:05:19.966] [m5.large-Serial]   Encoding Time: 103.15s (1.72 min)
[09:05:19.966] [m5.large-Serial]   Setup %:       35.5%
[09:05:19.966] [m5.large-Serial] ============================================================
