[08:19:09.986] === Phase 3.2 Serial Baseline: 1x m5.large ===
[08:19:09.996] Codec: libx264, Threads: 5, Preset: slow
[08:19:10.000] [m5.large-Serial] Launching EC2 instance...
[08:19:10.026] [m5.large-Serial] [vCPU] Acquired 2 slots.
[08:19:12.613] [m5.large-Serial] Instance i-00dfa232bd2d22476 launched. Waiting for running...
[08:19:28.923] [m5.large-Serial] Instance ready. IP: 98.83.112.195
[08:19:54.833] [m5.large-Serial] SSH connected.
[08:19:55.883] [m5.large-Serial] CPU found: Intel(R) Xeon(R) Platinum 8259CL CPU @ 2.50GHz
[08:19:55.883] [m5.large-Serial] CPU correct. Proceeding.
[08:19:55.884] [m5.large-Serial] Installing ffmpeg...
[08:20:33.170] [m5.large-Serial] ffmpeg installed.
[08:20:33.171] [m5.large-Serial] CPU: Intel(R) Xeon(R) Platinum 8259CL CPU @ 2.50GHz
[08:20:33.171] [m5.large-Serial] Uploading 10-minute video...
[08:24:09.195] [m5.large-Serial] Upload complete.
[08:24:09.197] [m5.large-Serial] SETUP TIME: 299.15s (4.99 min)
[08:24:09.199] [m5.large-Serial] Running: ffmpeg -i /home/ubuntu/input.mp4 -c:v libx264 -preset slow -b:v 2M -threads 5 -max_muxing_queue_size 1024 -y /home/ubuntu/output.mp4
[08:26:04.735] [m5.large-Serial] ENCODING TIME: 115.54s (1.93 min)
[08:26:05.775] [m5.large-Serial] Instance terminated.
[08:26:05.775] [m5.large-Serial] [vCPU] Released 2 slots.
[08:26:05.775] [m5.large-Serial] ============================================================
[08:26:05.775] [m5.large-Serial] RESULTS — m5.large Serial
[08:26:05.775] [m5.large-Serial]   Total Time:    415.73s (6.93 min)
[08:26:05.775] [m5.large-Serial]   Setup Time:    299.15s (4.99 min)
[08:26:05.776] [m5.large-Serial]   Encoding Time: 115.54s (1.93 min)
[08:26:05.776] [m5.large-Serial]   Setup %:       72.0%
[08:26:05.776] [m5.large-Serial] ============================================================
