[08:54:14.622] === Phase 3.2 OPTIMIZED Serial Baseline: 1x m5.large ===
[08:54:14.653] Codec: libx264, Threads: 5, Preset: slow
[08:54:14.924] AMI: ami-06c7c20c67513469a (ffmpeg pre-installed)
[08:54:14.931] [m5.large-Serial] Launching EC2 instance...
[08:54:14.989] [m5.large-Serial] [vCPU] Acquired 2 slots.
[08:54:22.434] [m5.large-Serial] Instance i-0d5c6b55e548b1f9a launched. Waiting for running...
[08:54:38.179] [m5.large-Serial] Instance ready. IP: 34.226.203.161
[08:55:04.309] [m5.large-Serial] SSH connected.
[08:55:05.489] [m5.large-Serial] CPU found: Intel(R) Xeon(R) Platinum 8259CL CPU @ 2.50GHz
[08:55:05.490] [m5.large-Serial] CPU correct. Proceeding.
[08:55:05.491] [m5.large-Serial] CPU: Intel(R) Xeon(R) Platinum 8259CL CPU @ 2.50GHz
[08:55:05.492] [m5.large-Serial] Uploading 10-minute video...
[08:55:37.320] [m5.large-Serial] Upload complete.
[08:55:37.320] [m5.large-Serial] SETUP TIME: 82.32s (1.37 min)
[08:55:37.320] [m5.large-Serial] Running: ffmpeg -i /home/ubuntu/input.mp4 -c:v libx264 -preset slow -b:v 2M -threads 5 -max_muxing_queue_size 1024 -y /home/ubuntu/output.mp4
[08:57:20.006] [m5.large-Serial] ENCODING TIME: 102.69s (1.71 min)
[08:57:21.748] [m5.large-Serial] Instance terminated.
[08:57:21.748] [m5.large-Serial] [vCPU] Released 2 slots.
[08:57:21.749] [m5.large-Serial] ============================================================
[08:57:21.749] [m5.large-Serial] RESULTS — m5.large Serial
[08:57:21.749] [m5.large-Serial]   Total Time:    186.75s (3.11 min)
[08:57:21.750] [m5.large-Serial]   Setup Time:    82.32s (1.37 min)
[08:57:21.750] [m5.large-Serial]   Encoding Time: 102.69s (1.71 min)
[08:57:21.750] [m5.large-Serial]   Setup %:       44.1%
[08:57:21.750] [m5.large-Serial] ============================================================
