[08:54:14.413] === Phase 3.2 OPTIMIZED Serial Baseline: 1x m5.large ===
[08:54:14.420] Codec: libx264, Threads: 5, Preset: slow
[08:54:14.430] AMI: ami-06c7c20c67513469a (ffmpeg pre-installed)
[08:54:14.442] [m5.large-Serial] Launching EC2 instance...
[08:54:14.455] [m5.large-Serial] [vCPU] Acquired 2 slots.
[08:54:16.955] [m5.large-Serial] Instance i-0acb678e41903380c launched. Waiting for running...
[08:54:32.707] [m5.large-Serial] Instance ready. IP: 18.207.166.10
[08:54:58.983] [m5.large-Serial] SSH connected.
[08:55:00.317] [m5.large-Serial] CPU found: Intel(R) Xeon(R) Platinum 8175M CPU @ 2.50GHz
[08:55:00.317] [m5.large-Serial] CPU mismatch (attempt 1/15): got 'Intel(R) Xeon(R) Platinum 8175M CPU @ 2.50GHz', expected 'Intel(R) Xeon(R) Platinum 8259CL CPU @ 2.50GHz'. Terminating and retrying...
[08:55:00.845] [m5.large-Serial] [vCPU] Released 2 slots.
[08:55:10.845] [m5.large-Serial] [vCPU] Acquired 2 slots.
[08:55:12.752] [m5.large-Serial] Instance i-03e0e9c93c6b52f87 launched. Waiting for running...
[08:55:28.705] [m5.large-Serial] Instance ready. IP: 54.80.18.77
[08:55:54.987] [m5.large-Serial] SSH connected.
[08:55:56.141] [m5.large-Serial] CPU found: Intel(R) Xeon(R) Platinum 8259CL CPU @ 2.50GHz
[08:55:56.144] [m5.large-Serial] CPU correct. Proceeding.
[08:55:56.145] [m5.large-Serial] CPU: Intel(R) Xeon(R) Platinum 8259CL CPU @ 2.50GHz
[08:55:56.148] [m5.large-Serial] Uploading 10-minute video...
[08:57:21.908] [m5.large-Serial] Upload complete.
[08:57:21.909] [m5.large-Serial] SETUP TIME: 131.06s (2.18 min)
[08:57:21.909] [m5.large-Serial] Running: ffmpeg -i /home/ubuntu/input.mp4 -c:v libx264 -preset slow -b:v 2M -threads 5 -max_muxing_queue_size 1024 -y /home/ubuntu/output.mp4
[08:59:04.581] [m5.large-Serial] ENCODING TIME: 102.67s (1.71 min)
[08:59:05.670] [m5.large-Serial] Instance terminated.
[08:59:05.671] [m5.large-Serial] [vCPU] Released 2 slots.
[08:59:05.671] [m5.large-Serial] ============================================================
[08:59:05.671] [m5.large-Serial] RESULTS — m5.large Serial
[08:59:05.671] [m5.large-Serial]   Total Time:    234.83s (3.91 min)
[08:59:05.671] [m5.large-Serial]   Setup Time:    131.06s (2.18 min)
[08:59:05.671] [m5.large-Serial]   Encoding Time: 102.67s (1.71 min)
[08:59:05.671] [m5.large-Serial]   Setup %:       55.8%
[08:59:05.671] [m5.large-Serial] ============================================================
