[08:54:14.404] === Phase 3.2 OPTIMIZED Serial Baseline: 1x m5.large ===
[08:54:14.414] Codec: libx264, Threads: 5, Preset: slow
[08:54:14.429] AMI: ami-06c7c20c67513469a (ffmpeg pre-installed)
[08:54:14.436] [m5.large-Serial] Launching EC2 instance...
[08:54:14.437] [m5.large-Serial] [vCPU] Acquired 2 slots.
[08:54:16.605] [m5.large-Serial] Instance i-00d8edf73580afd16 launched. Waiting for running...
[08:54:32.311] [m5.large-Serial] Instance ready. IP: 54.162.230.172
[08:54:58.478] [m5.large-Serial] SSH connected.
[08:54:58.853] [m5.large-Serial] CPU found: Intel(R) Xeon(R) Platinum 8175M CPU @ 2.50GHz
[08:54:58.854] [m5.large-Serial] CPU mismatch (attempt 1/15): got 'Intel(R) Xeon(R) Platinum 8175M CPU @ 2.50GHz', expected 'Intel(R) Xeon(R) Platinum 8259CL CPU @ 2.50GHz'. Terminating and retrying...
[08:54:59.429] [m5.large-Serial] [vCPU] Released 2 slots.
[08:55:09.429] [m5.large-Serial] [vCPU] Acquired 2 slots.
[08:55:11.008] [m5.large-Serial] Instance i-0c6b7537ff8015ea4 launched. Waiting for running...
[08:55:26.964] [m5.large-Serial] Instance ready. IP: 54.91.107.56
[08:55:53.200] [m5.large-Serial] SSH connected.
[08:55:54.421] [m5.large-Serial] CPU found: Intel(R) Xeon(R) Platinum 8175M CPU @ 2.50GHz
[08:55:54.422] [m5.large-Serial] CPU mismatch (attempt 2/15): got 'Intel(R) Xeon(R) Platinum 8175M CPU @ 2.50GHz', expected 'Intel(R) Xeon(R) Platinum 8259CL CPU @ 2.50GHz'. Terminating and retrying...
[08:55:55.065] [m5.large-Serial] [vCPU] Released 2 slots.
[08:56:05.065] [m5.large-Serial] [vCPU] Acquired 2 slots.
[08:56:06.580] [m5.large-Serial] Instance i-0890113084929c634 launched. Waiting for running...
[08:56:22.595] [m5.large-Serial] Instance ready. IP: 3.90.20.37
[08:56:49.034] [m5.large-Serial] SSH connected.
[08:56:50.546] [m5.large-Serial] CPU found: Intel(R) Xeon(R) Platinum 8175M CPU @ 2.50GHz
[08:56:50.549] [m5.large-Serial] CPU mismatch (attempt 3/15): got 'Intel(R) Xeon(R) Platinum 8175M CPU @ 2.50GHz', expected 'Intel(R) Xeon(R) Platinum 8259CL CPU @ 2.50GHz'. Terminating and retrying...
[08:56:51.295] [m5.large-Serial] [vCPU] Released 2 slots.
[08:57:01.296] [m5.large-Serial] [vCPU] Acquired 2 slots.
[08:57:02.828] [m5.large-Serial] Instance i-0c02d1c23402f6abf launched. Waiting for running...
[08:57:18.869] [m5.large-Serial] Instance ready. IP: 54.158.225.56
[08:57:44.926] [m5.large-Serial] SSH connected.
[08:57:46.218] [m5.large-Serial] CPU found: Intel(R) Xeon(R) Platinum 8175M CPU @ 2.50GHz
[08:57:46.218] [m5.large-Serial] CPU mismatch (attempt 4/15): got 'Intel(R) Xeon(R) Platinum 8175M CPU @ 2.50GHz', expected 'Intel(R) Xeon(R) Platinum 8259CL CPU @ 2.50GHz'. Terminating and retrying...
[08:57:46.859] [m5.large-Serial] [vCPU] Released 2 slots.
[08:57:56.859] [m5.large-Serial] [vCPU] Acquired 2 slots.
[08:57:58.254] [m5.large-Serial] Instance i-06ec8d24833b1ef43 launched. Waiting for running...
[08:58:14.332] [m5.large-Serial] Instance ready. IP: 54.162.191.94
[08:58:40.226] [m5.large-Serial] SSH connected.
[08:58:41.504] [m5.large-Serial] CPU found: Intel(R) Xeon(R) Platinum 8175M CPU @ 2.50GHz
[08:58:41.505] [m5.large-Serial] CPU mismatch (attempt 5/15): got 'Intel(R) Xeon(R) Platinum 8175M CPU @ 2.50GHz', expected 'Intel(R) Xeon(R) Platinum 8259CL CPU @ 2.50GHz'. Terminating and retrying...
[08:58:42.032] [m5.large-Serial] [vCPU] Released 2 slots.
[08:58:52.033] [m5.large-Serial] [vCPU] Acquired 2 slots.
[08:58:53.410] [m5.large-Serial] Instance i-0ef66ab90fc8296ac launched. Waiting for running...
[08:59:09.477] [m5.large-Serial] Instance ready. IP: 54.92.191.65
[08:59:35.669] [m5.large-Serial] SSH connected.
[08:59:36.725] [m5.large-Serial] CPU found: Intel(R) Xeon(R) Platinum 8175M CPU @ 2.50GHz
[08:59:36.726] [m5.large-Serial] CPU mismatch (attempt 6/15): got 'Intel(R) Xeon(R) Platinum 8175M CPU @ 2.50GHz', expected 'Intel(R) Xeon(R) Platinum 8259CL CPU @ 2.50GHz'. Terminating and retrying...
[08:59:37.268] [m5.large-Serial] [vCPU] Released 2 slots.
[08:59:47.305] [m5.large-Serial] [vCPU] Acquired 2 slots.
[08:59:48.845] [m5.large-Serial] Instance i-00ba98648c866c23b launched. Waiting for running...
[09:00:04.713] [m5.large-Serial] Instance ready. IP: 54.204.243.161
[09:00:30.766] [m5.large-Serial] SSH connected.
[09:00:31.385] [m5.large-Serial] CPU found: Intel(R) Xeon(R) Platinum 8175M CPU @ 2.50GHz
[09:00:31.385] [m5.large-Serial] CPU mismatch (attempt 7/15): got 'Intel(R) Xeon(R) Platinum 8175M CPU @ 2.50GHz', expected 'Intel(R) Xeon(R) Platinum 8259CL CPU @ 2.50GHz'. Terminating and retrying...
[09:00:31.926] [m5.large-Serial] [vCPU] Released 2 slots.
[09:00:41.926] [m5.large-Serial] [vCPU] Acquired 2 slots.
[09:00:43.610] [m5.large-Serial] Instance i-0557c123291c06c67 launched. Waiting for running...
[09:00:59.735] [m5.large-Serial] Instance ready. IP: 3.85.11.132
[09:01:25.710] [m5.large-Serial] SSH connected.
[09:01:26.327] [m5.large-Serial] CPU found: Intel(R) Xeon(R) Platinum 8175M CPU @ 2.50GHz
[09:01:26.328] [m5.large-Serial] CPU mismatch (attempt 8/15): got 'Intel(R) Xeon(R) Platinum 8175M CPU @ 2.50GHz', expected 'Intel(R) Xeon(R) Platinum 8259CL CPU @ 2.50GHz'. Terminating and retrying...
[09:01:26.950] [m5.large-Serial] [vCPU] Released 2 slots.
[09:01:36.950] [m5.large-Serial] [vCPU] Acquired 2 slots.
[09:01:38.397] [m5.large-Serial] Instance i-05c19762e548fad43 launched. Waiting for running...
[09:01:54.489] [m5.large-Serial] Instance ready. IP: 54.196.7.62
[09:02:20.437] [m5.large-Serial] SSH connected.
[09:02:21.829] [m5.large-Serial] CPU found: Intel(R) Xeon(R) Platinum 8175M CPU @ 2.50GHz
[09:02:21.830] [m5.large-Serial] CPU mismatch (attempt 9/15): got 'Intel(R) Xeon(R) Platinum 8175M CPU @ 2.50GHz', expected 'Intel(R) Xeon(R) Platinum 8259CL CPU @ 2.50GHz'. Terminating and retrying...
[09:02:22.376] [m5.large-Serial] [vCPU] Released 2 slots.
[09:02:32.377] [m5.large-Serial] [vCPU] Acquired 2 slots.
[09:02:34.124] [m5.large-Serial] Instance i-0404a5466cd9a5d79 launched. Waiting for running...
[09:02:49.898] [m5.large-Serial] Instance ready. IP: 54.224.34.128
[09:03:16.104] [m5.large-Serial] SSH connected.
[09:03:17.536] [m5.large-Serial] CPU found: Intel(R) Xeon(R) Platinum 8175M CPU @ 2.50GHz
[09:03:17.537] [m5.large-Serial] CPU mismatch (attempt 10/15): got 'Intel(R) Xeon(R) Platinum 8175M CPU @ 2.50GHz', expected 'Intel(R) Xeon(R) Platinum 8259CL CPU @ 2.50GHz'. Terminating and retrying...
[09:03:18.151] [m5.large-Serial] [vCPU] Released 2 slots.
[09:03:28.151] [m5.large-Serial] [vCPU] Acquired 2 slots.
[09:03:29.787] [m5.large-Serial] Instance i-02258e88b1ba48d4e launched. Waiting for running...
[09:03:46.064] [m5.large-Serial] Instance ready. IP: 54.196.26.182
[09:04:11.976] [m5.large-Serial] SSH connected.
[09:04:13.244] [m5.large-Serial] CPU found: Intel(R) Xeon(R) Platinum 8259CL CPU @ 2.50GHz
[09:04:13.245] [m5.large-Serial] CPU correct. Proceeding.
[09:04:13.245] [m5.large-Serial] CPU: Intel(R) Xeon(R) Platinum 8259CL CPU @ 2.50GHz
[09:04:13.245] [m5.large-Serial] Uploading 10-minute video...
[09:04:24.424] [m5.large-Serial] Upload complete.
[09:04:24.424] [m5.large-Serial] SETUP TIME: 56.27s (0.94 min)
[09:04:24.424] [m5.large-Serial] Running: ffmpeg -i /home/ubuntu/input.mp4 -c:v libx264 -preset slow -b:v 2M -threads 5 -max_muxing_queue_size 1024 -y /home/ubuntu/output.mp4
[09:06:07.233] [m5.large-Serial] ENCODING TIME: 102.81s (1.71 min)
[09:06:08.349] [m5.large-Serial] Instance terminated.
[09:06:08.349] [m5.large-Serial] [vCPU] Released 2 slots.
[09:06:08.349] [m5.large-Serial] ============================================================
[09:06:08.349] [m5.large-Serial] RESULTS — m5.large Serial
[09:06:08.350] [m5.large-Serial]   Total Time:    160.20s (2.67 min)
[09:06:08.350] [m5.large-Serial]   Setup Time:    56.27s (0.94 min)
[09:06:08.350] [m5.large-Serial]   Encoding Time: 102.81s (1.71 min)
[09:06:08.350] [m5.large-Serial]   Setup %:       35.1%
[09:06:08.350] [m5.large-Serial] ============================================================
