[08:54:14.960] === Phase 3.2 OPTIMIZED Serial Baseline: 1x m5.large ===
[08:54:14.986] Codec: libx264, Threads: 5, Preset: slow
[08:54:14.994] AMI: ami-06c7c20c67513469a (ffmpeg pre-installed)
[08:54:15.036] [m5.large-Serial] Launching EC2 instance...
[08:54:15.039] [m5.large-Serial] [vCPU] Acquired 2 slots.
[08:54:20.264] [m5.large-Serial] Instance i-0eb12044b152f99ed launched. Waiting for running...
[08:54:35.949] [m5.large-Serial] Instance ready. IP: 100.54.246.17
[08:55:02.055] [m5.large-Serial] SSH connected.
[08:55:03.827] [m5.large-Serial] CPU found: Intel(R) Xeon(R) Platinum 8175M CPU @ 2.50GHz
[08:55:03.827] [m5.large-Serial] CPU mismatch (attempt 1/15): got 'Intel(R) Xeon(R) Platinum 8175M CPU @ 2.50GHz', expected 'Intel(R) Xeon(R) Platinum 8259CL CPU @ 2.50GHz'. Terminating and retrying...
[08:55:04.493] [m5.large-Serial] [vCPU] Released 2 slots.
[08:55:14.493] [m5.large-Serial] [vCPU] Acquired 2 slots.
[08:55:15.918] [m5.large-Serial] Instance i-050999033bb9fc7ac launched. Waiting for running...
[08:55:31.822] [m5.large-Serial] Instance ready. IP: 98.91.239.74
[08:55:58.578] [m5.large-Serial] SSH connected.
[08:55:59.950] [m5.large-Serial] CPU found: Intel(R) Xeon(R) Platinum 8259CL CPU @ 2.50GHz
[08:55:59.950] [m5.large-Serial] CPU correct. Proceeding.
[08:55:59.950] [m5.large-Serial] CPU: Intel(R) Xeon(R) Platinum 8259CL CPU @ 2.50GHz
[08:55:59.950] [m5.large-Serial] Uploading 10-minute video...
[08:56:37.230] [m5.large-Serial] Upload complete.
[08:56:37.230] [m5.large-Serial] SETUP TIME: 82.74s (1.38 min)
[08:56:37.231] [m5.large-Serial] Running: ffmpeg -i /home/ubuntu/input.mp4 -c:v libx264 -preset slow -b:v 2M -threads 5 -max_muxing_queue_size 1024 -y /home/ubuntu/output.mp4
[08:58:20.258] [m5.large-Serial] ENCODING TIME: 103.03s (1.72 min)
[08:58:21.229] [m5.large-Serial] Instance terminated.
[08:58:21.229] [m5.large-Serial] [vCPU] Released 2 slots.
[08:58:21.233] [m5.large-Serial] ============================================================
[08:58:21.233] [m5.large-Serial] RESULTS — m5.large Serial
[08:58:21.233] [m5.large-Serial]   Total Time:    186.74s (3.11 min)
[08:58:21.233] [m5.large-Serial]   Setup Time:    82.74s (1.38 min)
[08:58:21.233] [m5.large-Serial]   Encoding Time: 103.03s (1.72 min)
[08:58:21.233] [m5.large-Serial]   Setup %:       44.3%
[08:58:21.233] [m5.large-Serial] ============================================================
