[08:54:14.669] === Phase 3.2 OPTIMIZED Serial Baseline: 1x m5.large ===
[08:54:14.915] Codec: libx264, Threads: 5, Preset: slow
[08:54:14.926] AMI: ami-06c7c20c67513469a (ffmpeg pre-installed)
[08:54:14.952] [m5.large-Serial] Launching EC2 instance...
[08:54:14.996] [m5.large-Serial] [vCPU] Acquired 2 slots.
[08:54:27.646] [m5.large-Serial] Instance i-00963809beddaa2a9 launched. Waiting for running...
[08:54:43.298] [m5.large-Serial] Instance ready. IP: 13.223.183.211
[08:55:09.412] [m5.large-Serial] SSH connected.
[08:55:11.017] [m5.large-Serial] CPU found: Intel(R) Xeon(R) Platinum 8259CL CPU @ 2.50GHz
[08:55:11.019] [m5.large-Serial] CPU correct. Proceeding.
[08:55:11.021] [m5.large-Serial] CPU: Intel(R) Xeon(R) Platinum 8259CL CPU @ 2.50GHz
[08:55:11.021] [m5.large-Serial] Uploading 10-minute video...
[08:56:32.433] [m5.large-Serial] Upload complete.
[08:56:32.433] [m5.large-Serial] SETUP TIME: 137.43s (2.29 min)
[08:56:32.433] [m5.large-Serial] Running: ffmpeg -i /home/ubuntu/input.mp4 -c:v libx264 -preset slow -b:v 2M -threads 5 -max_muxing_queue_size 1024 -y /home/ubuntu/output.mp4
[08:58:16.035] [m5.large-Serial] ENCODING TIME: 103.60s (1.73 min)
[08:58:17.050] [m5.large-Serial] Instance terminated.
[08:58:17.051] [m5.large-Serial] [vCPU] Released 2 slots.
[08:58:17.051] [m5.large-Serial] ============================================================
[08:58:17.051] [m5.large-Serial] RESULTS — m5.large Serial
[08:58:17.051] [m5.large-Serial]   Total Time:    242.05s (4.03 min)
[08:58:17.051] [m5.large-Serial]   Setup Time:    137.43s (2.29 min)
[08:58:17.051] [m5.large-Serial]   Encoding Time: 103.60s (1.73 min)
[08:58:17.051] [m5.large-Serial]   Setup %:       56.8%
[08:58:17.052] [m5.large-Serial] ============================================================
