[08:19:10.915] === Phase 3.2 Serial Baseline: 1x m5.large ===
[08:19:10.919] Codec: libx264, Threads: 5, Preset: slow
[08:19:10.927] [m5.large-Serial] Launching EC2 instance...
[08:19:10.931] [m5.large-Serial] [vCPU] Acquired 2 slots.
[08:19:31.068] [m5.large-Serial] Instance i-0d05d371f016d409e launched. Waiting for running...
[08:19:46.838] [m5.large-Serial] Instance ready. IP: 3.94.87.111
[08:20:12.759] [m5.large-Serial] SSH connected.
[08:20:13.917] [m5.large-Serial] CPU found: Intel(R) Xeon(R) Platinum 8259CL CPU @ 2.50GHz
[08:20:13.918] [m5.large-Serial] CPU correct. Proceeding.
[08:20:13.918] [m5.large-Serial] Installing ffmpeg...
[08:20:50.901] [m5.large-Serial] ffmpeg installed.
[08:20:50.907] [m5.large-Serial] CPU: Intel(R) Xeon(R) Platinum 8259CL CPU @ 2.50GHz
[08:20:50.909] [m5.large-Serial] Uploading 10-minute video...
[08:24:27.984] [m5.large-Serial] Upload complete.
[08:24:27.985] [m5.large-Serial] SETUP TIME: 317.05s (5.28 min)
[08:24:27.986] [m5.large-Serial] Running: ffmpeg -i /home/ubuntu/input.mp4 -c:v libx264 -preset slow -b:v 2M -threads 5 -max_muxing_queue_size 1024 -y /home/ubuntu/output.mp4
[08:26:23.203] [m5.large-Serial] ENCODING TIME: 115.22s (1.92 min)
[08:26:24.210] [m5.large-Serial] Instance terminated.
[08:26:24.211] [m5.large-Serial] [vCPU] Released 2 slots.
[08:26:24.211] [m5.large-Serial] ============================================================
[08:26:24.211] [m5.large-Serial] RESULTS — m5.large Serial
[08:26:24.211] [m5.large-Serial]   Total Time:    433.28s (7.22 min)
[08:26:24.211] [m5.large-Serial]   Setup Time:    317.05s (5.28 min)
[08:26:24.211] [m5.large-Serial]   Encoding Time: 115.22s (1.92 min)
[08:26:24.211] [m5.large-Serial]   Setup %:       73.2%
[08:26:24.212] [m5.large-Serial] ============================================================
