[08:19:10.216] === Phase 3.2 Serial Baseline: 1x m5.large ===
[08:19:10.228] Codec: libx264, Threads: 5, Preset: slow
[08:19:10.248] [m5.large-Serial] Launching EC2 instance...
[08:19:10.285] [m5.large-Serial] [vCPU] Acquired 2 slots.
[08:19:12.602] [m5.large-Serial] Instance i-051e20062673a5d29 launched. Waiting for running...
[08:19:29.031] [m5.large-Serial] Instance ready. IP: 54.158.241.53
[08:19:55.001] [m5.large-Serial] SSH connected.
[08:19:56.060] [m5.large-Serial] CPU found: Intel(R) Xeon(R) Platinum 8259CL CPU @ 2.50GHz
[08:19:56.061] [m5.large-Serial] CPU correct. Proceeding.
[08:19:56.061] [m5.large-Serial] Installing ffmpeg...
[08:20:32.050] [m5.large-Serial] ffmpeg installed.
[08:20:32.050] [m5.large-Serial] CPU: Intel(R) Xeon(R) Platinum 8259CL CPU @ 2.50GHz
[08:20:32.050] [m5.large-Serial] Uploading 10-minute video...
[08:21:52.566] [m5.large-Serial] Upload complete.
[08:21:52.566] [m5.large-Serial] SETUP TIME: 162.27s (2.70 min)
[08:21:52.571] [m5.large-Serial] Running: ffmpeg -i /home/ubuntu/input.mp4 -c:v libx264 -preset slow -b:v 2M -threads 5 -max_muxing_queue_size 1024 -y /home/ubuntu/output.mp4
[08:23:47.007] [m5.large-Serial] ENCODING TIME: 114.43s (1.91 min)
[08:23:48.386] [m5.large-Serial] Instance terminated.
[08:23:48.387] [m5.large-Serial] [vCPU] Released 2 slots.
[08:23:48.387] [m5.large-Serial] ============================================================
[08:23:48.387] [m5.large-Serial] RESULTS — m5.large Serial
[08:23:48.388] [m5.large-Serial]   Total Time:    278.09s (4.63 min)
[08:23:48.388] [m5.large-Serial]   Setup Time:    162.27s (2.70 min)
[08:23:48.388] [m5.large-Serial]   Encoding Time: 114.43s (1.91 min)
[08:23:48.388] [m5.large-Serial]   Setup %:       58.4%
[08:23:48.388] [m5.large-Serial] ============================================================
