[08:54:14.965] === Phase 3.2 OPTIMIZED Serial Baseline: 1x m5.large ===
[08:54:14.988] Codec: libx264, Threads: 5, Preset: slow
[08:54:14.989] AMI: ami-06c7c20c67513469a (ffmpeg pre-installed)
[08:54:14.996] [m5.large-Serial] Launching EC2 instance...
[08:54:15.016] [m5.large-Serial] [vCPU] Acquired 2 slots.
[08:54:26.358] [m5.large-Serial] Instance i-0221560759733c155 launched. Waiting for running...
[08:54:42.140] [m5.large-Serial] Instance ready. IP: 54.242.124.98
[08:55:08.697] [m5.large-Serial] SSH connected.
[08:55:09.699] [m5.large-Serial] CPU found: Intel(R) Xeon(R) Platinum 8259CL CPU @ 2.50GHz
[08:55:09.822] [m5.large-Serial] CPU correct. Proceeding.
[08:55:09.822] [m5.large-Serial] CPU: Intel(R) Xeon(R) Platinum 8259CL CPU @ 2.50GHz
[08:55:09.826] [m5.large-Serial] Uploading 10-minute video...
[08:56:26.946] [m5.large-Serial] Upload complete.
[08:56:26.951] [m5.large-Serial] SETUP TIME: 131.91s (2.20 min)
[08:56:26.952] [m5.large-Serial] Running: ffmpeg -i /home/ubuntu/input.mp4 -c:v libx264 -preset slow -b:v 2M -threads 5 -max_muxing_queue_size 1024 -y /home/ubuntu/output.mp4
[08:58:09.711] [m5.large-Serial] ENCODING TIME: 102.76s (1.71 min)
[08:58:10.767] [m5.large-Serial] Instance terminated.
[08:58:10.767] [m5.large-Serial] [vCPU] Released 2 slots.
[08:58:10.767] [m5.large-Serial] ============================================================
[08:58:10.767] [m5.large-Serial] RESULTS — m5.large Serial
[08:58:10.768] [m5.large-Serial]   Total Time:    235.73s (3.93 min)
[08:58:10.768] [m5.large-Serial]   Setup Time:    131.91s (2.20 min)
[08:58:10.768] [m5.large-Serial]   Encoding Time: 102.76s (1.71 min)
[08:58:10.768] [m5.large-Serial]   Setup %:       56.0%
[08:58:10.768] [m5.large-Serial] ============================================================
