[08:19:11.031] === Phase 3.2 Serial Baseline: 1x m5.large ===
[08:19:11.031] Codec: libx264, Threads: 5, Preset: slow
[08:19:11.045] [m5.large-Serial] Launching EC2 instance...
[08:19:11.051] [m5.large-Serial] [vCPU] Acquired 2 slots.
[08:19:22.856] [m5.large-Serial] Instance i-02091486c849dd776 launched. Waiting for running...
[08:19:38.593] [m5.large-Serial] Instance ready. IP: 3.84.133.201
[08:20:04.522] [m5.large-Serial] SSH connected.
[08:20:05.691] [m5.large-Serial] CPU found: Intel(R) Xeon(R) Platinum 8259CL CPU @ 2.50GHz
[08:20:05.691] [m5.large-Serial] CPU correct. Proceeding.
[08:20:05.691] [m5.large-Serial] Installing ffmpeg...
[08:20:42.641] [m5.large-Serial] ffmpeg installed.
[08:20:42.641] [m5.large-Serial] CPU: Intel(R) Xeon(R) Platinum 8259CL CPU @ 2.50GHz
[08:20:42.641] [m5.large-Serial] Uploading 10-minute video...
[08:23:51.972] [m5.large-Serial] Upload complete.
[08:23:51.972] [m5.large-Serial] SETUP TIME: 280.92s (4.68 min)
[08:23:51.972] [m5.large-Serial] Running: ffmpeg -i /home/ubuntu/input.mp4 -c:v libx264 -preset slow -b:v 2M -threads 5 -max_muxing_queue_size 1024 -y /home/ubuntu/output.mp4
[08:25:47.051] [m5.large-Serial] ENCODING TIME: 115.08s (1.92 min)
[08:25:48.025] [m5.large-Serial] Instance terminated.
[08:25:48.026] [m5.large-Serial] [vCPU] Released 2 slots.
[08:25:48.026] [m5.large-Serial] ============================================================
[08:25:48.026] [m5.large-Serial] RESULTS — m5.large Serial
[08:25:48.026] [m5.large-Serial]   Total Time:    396.97s (6.62 min)
[08:25:48.026] [m5.large-Serial]   Setup Time:    280.92s (4.68 min)
[08:25:48.026] [m5.large-Serial]   Encoding Time: 115.08s (1.92 min)
[08:25:48.027] [m5.large-Serial]   Setup %:       70.8%
[08:25:48.027] [m5.large-Serial] ============================================================
