[08:19:09.976] === Phase 3.2 Serial Baseline: 1x m5.large ===
[08:19:10.015] Codec: libx264, Threads: 5, Preset: slow
[08:19:10.026] [m5.large-Serial] Launching EC2 instance...
[08:19:10.027] [m5.large-Serial] [vCPU] Acquired 2 slots.
[08:19:12.715] [m5.large-Serial] Instance i-00b6708b2f9ea469b launched. Waiting for running...
[08:19:44.362] [m5.large-Serial] Instance ready. IP: 18.206.97.198
[08:20:10.247] [m5.large-Serial] SSH connected.
[08:20:11.450] [m5.large-Serial] CPU found: Intel(R) Xeon(R) Platinum 8259CL CPU @ 2.50GHz
[08:20:11.450] [m5.large-Serial] CPU correct. Proceeding.
[08:20:11.450] [m5.large-Serial] Installing ffmpeg...
[08:20:49.250] [m5.large-Serial] ffmpeg installed.
[08:20:49.250] [m5.large-Serial] CPU: Intel(R) Xeon(R) Platinum 8259CL CPU @ 2.50GHz
[08:20:49.250] [m5.large-Serial] Uploading 10-minute video...
[08:24:39.098] [m5.large-Serial] Upload complete.
[08:24:39.098] [m5.large-Serial] SETUP TIME: 329.04s (5.48 min)
[08:24:39.102] [m5.large-Serial] Running: ffmpeg -i /home/ubuntu/input.mp4 -c:v libx264 -preset slow -b:v 2M -threads 5 -max_muxing_queue_size 1024 -y /home/ubuntu/output.mp4
[08:26:35.816] [m5.large-Serial] ENCODING TIME: 116.71s (1.95 min)
[08:26:36.850] [m5.large-Serial] Instance terminated.
[08:26:36.850] [m5.large-Serial] [vCPU] Released 2 slots.
[08:26:36.851] [m5.large-Serial] ============================================================
[08:26:36.851] [m5.large-Serial] RESULTS — m5.large Serial
[08:26:36.851] [m5.large-Serial]   Total Time:    446.79s (7.45 min)
[08:26:36.851] [m5.large-Serial]   Setup Time:    329.04s (5.48 min)
[08:26:36.851] [m5.large-Serial]   Encoding Time: 116.71s (1.95 min)
[08:26:36.851] [m5.large-Serial]   Setup %:       73.6%
[08:26:36.851] [m5.large-Serial] ============================================================
