[08:19:10.979] === Phase 3.2 Serial Baseline: 1x m5.large ===
[08:19:10.986] Codec: libx264, Threads: 5, Preset: slow
[08:19:10.988] [m5.large-Serial] Launching EC2 instance...
[08:19:10.994] [m5.large-Serial] [vCPU] Acquired 2 slots.
[08:19:17.894] [m5.large-Serial] Instance i-0f4940ef0fc2beba8 launched. Waiting for running...
[08:19:33.570] [m5.large-Serial] Instance ready. IP: 98.83.150.225
[08:19:59.523] [m5.large-Serial] SSH connected.
[08:20:00.601] [m5.large-Serial] CPU found: Intel(R) Xeon(R) Platinum 8259CL CPU @ 2.50GHz
[08:20:00.601] [m5.large-Serial] CPU correct. Proceeding.
[08:20:00.601] [m5.large-Serial] Installing ffmpeg...
[08:20:36.258] [m5.large-Serial] ffmpeg installed.
[08:20:36.260] [m5.large-Serial] CPU: Intel(R) Xeon(R) Platinum 8259CL CPU @ 2.50GHz
[08:20:36.261] [m5.large-Serial] Uploading 10-minute video...
[08:23:43.504] [m5.large-Serial] Upload complete.
[08:23:43.505] [m5.large-Serial] SETUP TIME: 272.51s (4.54 min)
[08:23:43.505] [m5.large-Serial] Running: ffmpeg -i /home/ubuntu/input.mp4 -c:v libx264 -preset slow -b:v 2M -threads 5 -max_muxing_queue_size 1024 -y /home/ubuntu/output.mp4
[08:25:37.827] [m5.large-Serial] ENCODING TIME: 114.32s (1.91 min)
[08:25:38.865] [m5.large-Serial] Instance terminated.
[08:25:38.865] [m5.large-Serial] [vCPU] Released 2 slots.
[08:25:38.869] [m5.large-Serial] ============================================================
[08:25:38.870] [m5.large-Serial] RESULTS — m5.large Serial
[08:25:38.870] [m5.large-Serial]   Total Time:    387.87s (6.46 min)
[08:25:38.870] [m5.large-Serial]   Setup Time:    272.51s (4.54 min)
[08:25:38.870] [m5.large-Serial]   Encoding Time: 114.32s (1.91 min)
[08:25:38.871] [m5.large-Serial]   Setup %:       70.3%
[08:25:38.871] [m5.large-Serial] ============================================================
