[08:19:11.051] === Phase 3.2 Serial Baseline: 1x m5.large ===
[08:19:11.058] Codec: libx264, Threads: 5, Preset: slow
[08:19:11.059] [m5.large-Serial] Launching EC2 instance...
[08:19:11.059] [m5.large-Serial] [vCPU] Acquired 2 slots.
[08:19:22.919] [m5.large-Serial] Instance i-01a0d1ad9c781ebd8 launched. Waiting for running...
[08:19:38.640] [m5.large-Serial] Instance ready. IP: 3.81.249.170
[08:20:04.605] [m5.large-Serial] SSH connected.
[08:20:05.747] [m5.large-Serial] CPU found: Intel(R) Xeon(R) Platinum 8259CL CPU @ 2.50GHz
[08:20:05.747] [m5.large-Serial] CPU correct. Proceeding.
[08:20:05.747] [m5.large-Serial] Installing ffmpeg...
[08:20:41.893] [m5.large-Serial] ffmpeg installed.
[08:20:41.899] [m5.large-Serial] CPU: Intel(R) Xeon(R) Platinum 8259CL CPU @ 2.50GHz
[08:20:41.901] [m5.large-Serial] Uploading 10-minute video...
[08:24:44.207] [m5.large-Serial] Upload complete.
[08:24:44.208] [m5.large-Serial] SETUP TIME: 333.15s (5.55 min)
[08:24:44.212] [m5.large-Serial] Running: ffmpeg -i /home/ubuntu/input.mp4 -c:v libx264 -preset slow -b:v 2M -threads 5 -max_muxing_queue_size 1024 -y /home/ubuntu/output.mp4
[08:26:38.719] [m5.large-Serial] ENCODING TIME: 114.51s (1.91 min)
[08:26:39.701] [m5.large-Serial] Instance terminated.
[08:26:39.701] [m5.large-Serial] [vCPU] Released 2 slots.
[08:26:39.701] [m5.large-Serial] ============================================================
[08:26:39.701] [m5.large-Serial] RESULTS — m5.large Serial
[08:26:39.701] [m5.large-Serial]   Total Time:    448.64s (7.48 min)
[08:26:39.701] [m5.large-Serial]   Setup Time:    333.15s (5.55 min)
[08:26:39.701] [m5.large-Serial]   Encoding Time: 114.51s (1.91 min)
[08:26:39.701] [m5.large-Serial]   Setup %:       74.3%
[08:26:39.701] [m5.large-Serial] ============================================================
