[08:19:10.886] === Phase 3.2 Serial Baseline: 1x m5.large ===
[08:19:10.909] Codec: libx264, Threads: 5, Preset: slow
[08:19:10.919] [m5.large-Serial] Launching EC2 instance...
[08:19:10.924] [m5.large-Serial] [vCPU] Acquired 2 slots.
[08:19:19.347] [m5.large-Serial] Instance i-0e316a5f5ab27b38f launched. Waiting for running...
[08:19:35.038] [m5.large-Serial] Instance ready. IP: 54.87.173.141
[08:20:00.915] [m5.large-Serial] SSH connected.
[08:20:01.993] [m5.large-Serial] CPU found: Intel(R) Xeon(R) Platinum 8259CL CPU @ 2.50GHz
[08:20:01.993] [m5.large-Serial] CPU correct. Proceeding.
[08:20:01.994] [m5.large-Serial] Installing ffmpeg...
[08:20:37.730] [m5.large-Serial] ffmpeg installed.
[08:20:37.733] [m5.large-Serial] CPU: Intel(R) Xeon(R) Platinum 8259CL CPU @ 2.50GHz
[08:20:37.733] [m5.large-Serial] Uploading 10-minute video...
[08:24:28.753] [m5.large-Serial] Upload complete.
[08:24:28.753] [m5.large-Serial] SETUP TIME: 317.82s (5.30 min)
[08:24:28.753] [m5.large-Serial] Running: ffmpeg -i /home/ubuntu/input.mp4 -c:v libx264 -preset slow -b:v 2M -threads 5 -max_muxing_queue_size 1024 -y /home/ubuntu/output.mp4
[08:26:23.520] [m5.large-Serial] ENCODING TIME: 114.77s (1.91 min)
[08:26:24.565] [m5.large-Serial] Instance terminated.
[08:26:24.565] [m5.large-Serial] [vCPU] Released 2 slots.
[08:26:24.565] [m5.large-Serial] ============================================================
[08:26:24.565] [m5.large-Serial] RESULTS — m5.large Serial
[08:26:24.565] [m5.large-Serial]   Total Time:    433.64s (7.23 min)
[08:26:24.565] [m5.large-Serial]   Setup Time:    317.82s (5.30 min)
[08:26:24.565] [m5.large-Serial]   Encoding Time: 114.77s (1.91 min)
[08:26:24.565] [m5.large-Serial]   Setup %:       73.3%
[08:26:24.566] [m5.large-Serial] ============================================================
