[08:54:14.961] === Phase 3.2 OPTIMIZED Serial Baseline: 1x m5.large ===
[08:54:14.982] Codec: libx264, Threads: 5, Preset: slow
[08:54:15.000] AMI: ami-06c7c20c67513469a (ffmpeg pre-installed)
[08:54:15.005] [m5.large-Serial] Launching EC2 instance...
[08:54:15.029] [m5.large-Serial] [vCPU] Acquired 2 slots.
[08:54:26.460] [m5.large-Serial] Instance i-032784965124aad51 launched. Waiting for running...
[08:54:42.446] [m5.large-Serial] Instance ready. IP: 54.91.162.85
[08:55:09.907] [m5.large-Serial] SSH connected.
[08:55:11.322] [m5.large-Serial] CPU found: Intel(R) Xeon(R) Platinum 8175M CPU @ 2.50GHz
[08:55:11.324] [m5.large-Serial] CPU mismatch (attempt 1/15): got 'Intel(R) Xeon(R) Platinum 8175M CPU @ 2.50GHz', expected 'Intel(R) Xeon(R) Platinum 8259CL CPU @ 2.50GHz'. Terminating and retrying...
[08:55:11.933] [m5.large-Serial] [vCPU] Released 2 slots.
[08:55:21.934] [m5.large-Serial] [vCPU] Acquired 2 slots.
[08:55:23.404] [m5.large-Serial] Instance i-041a9b8bca977d775 launched. Waiting for running...
[08:55:40.130] [m5.large-Serial] Instance ready. IP: 98.93.107.120
[08:56:06.581] [m5.large-Serial] SSH connected.
[08:56:07.732] [m5.large-Serial] CPU found: Intel(R) Xeon(R) Platinum 8259CL CPU @ 2.50GHz
[08:56:07.733] [m5.large-Serial] CPU correct. Proceeding.
[08:56:07.733] [m5.large-Serial] CPU: Intel(R) Xeon(R) Platinum 8259CL CPU @ 2.50GHz
[08:56:07.734] [m5.large-Serial] Uploading 10-minute video...
[08:57:24.374] [m5.large-Serial] Upload complete.
[08:57:24.375] [m5.large-Serial] SETUP TIME: 122.44s (2.04 min)
[08:57:24.377] [m5.large-Serial] Running: ffmpeg -i /home/ubuntu/input.mp4 -c:v libx264 -preset slow -b:v 2M -threads 5 -max_muxing_queue_size 1024 -y /home/ubuntu/output.mp4
[08:59:06.783] [m5.large-Serial] ENCODING TIME: 102.40s (1.71 min)
[08:59:07.778] [m5.large-Serial] Instance terminated.
[08:59:07.778] [m5.large-Serial] [vCPU] Released 2 slots.
[08:59:07.778] [m5.large-Serial] ============================================================
[08:59:07.778] [m5.large-Serial] RESULTS — m5.large Serial
[08:59:07.779] [m5.large-Serial]   Total Time:    225.84s (3.76 min)
[08:59:07.779] [m5.large-Serial]   Setup Time:    122.44s (2.04 min)
[08:59:07.779] [m5.large-Serial]   Encoding Time: 102.40s (1.71 min)
[08:59:07.779] [m5.large-Serial]   Setup %:       54.2%
[08:59:07.779] [m5.large-Serial] ============================================================
