[08:19:10.903] === Phase 3.2 Serial Baseline: 1x m5.large ===
[08:19:10.906] Codec: libx264, Threads: 5, Preset: slow
[08:19:10.925] [m5.large-Serial] Launching EC2 instance...
[08:19:10.938] [m5.large-Serial] [vCPU] Acquired 2 slots.
[08:19:17.880] [m5.large-Serial] Instance i-03dda002b835bdcb3 launched. Waiting for running...
[08:19:33.580] [m5.large-Serial] Instance ready. IP: 54.167.228.35
[08:19:59.445] [m5.large-Serial] SSH connected.
[08:20:00.522] [m5.large-Serial] CPU found: Intel(R) Xeon(R) Platinum 8259CL CPU @ 2.50GHz
[08:20:00.523] [m5.large-Serial] CPU correct. Proceeding.
[08:20:00.523] [m5.large-Serial] Installing ffmpeg...
[08:20:36.039] [m5.large-Serial] ffmpeg installed.
[08:20:36.042] [m5.large-Serial] CPU: Intel(R) Xeon(R) Platinum 8259CL CPU @ 2.50GHz
[08:20:36.043] [m5.large-Serial] Uploading 10-minute video...
[08:23:25.819] [m5.large-Serial] Upload complete.
[08:23:25.819] [m5.large-Serial] SETUP TIME: 254.87s (4.25 min)
[08:23:25.819] [m5.large-Serial] Running: ffmpeg -i /home/ubuntu/input.mp4 -c:v libx264 -preset slow -b:v 2M -threads 5 -max_muxing_queue_size 1024 -y /home/ubuntu/output.mp4
[08:25:20.432] [m5.large-Serial] ENCODING TIME: 114.61s (1.91 min)
[08:25:21.590] [m5.large-Serial] Instance terminated.
[08:25:21.591] [m5.large-Serial] [vCPU] Released 2 slots.
[08:25:21.591] [m5.large-Serial] ============================================================
[08:25:21.591] [m5.large-Serial] RESULTS — m5.large Serial
[08:25:21.591] [m5.large-Serial]   Total Time:    370.64s (6.18 min)
[08:25:21.591] [m5.large-Serial]   Setup Time:    254.87s (4.25 min)
[08:25:21.591] [m5.large-Serial]   Encoding Time: 114.61s (1.91 min)
[08:25:21.591] [m5.large-Serial]   Setup %:       68.8%
[08:25:21.591] [m5.large-Serial] ============================================================
