[08:26:47.807] === Phase 3.2 Horizontal Scaling: 10x m5.large ===
[08:26:47.810] Codec: libx264, Threads: 5, Max workers: 5
[08:26:47.813] [Setup] Starting video split...
[08:26:48.046] [Setup] Video: 600.0s → 10 parts of 60.0s
[08:27:05.023] [Setup] Video split complete.
[08:27:05.023] [Summary] SPLIT TIME: 17.21s
[08:27:05.814] [Part 00] Launching m5.large...
[08:27:05.861] [Part 00] [vCPU] Acquired 2 slots.
[08:27:06.056] [Part 01] Launching m5.large...
[08:27:06.090] [Part 01] [vCPU] Acquired 2 slots.
[08:27:06.372] [Part 02] Launching m5.large...
[08:27:06.374] [Part 02] [vCPU] Acquired 2 slots.
[08:27:06.933] [Part 03] Launching m5.large...
[08:27:06.966] [Part 03] [vCPU] Acquired 2 slots.
[08:27:07.342] [Part 04] Launching m5.large...
[08:27:07.352] [Part 04] [vCPU] Acquired 2 slots.
[08:27:08.516] [Part 01] Instance i-05bc36037292fe180 launched. Waiting for running...
[08:27:08.542] [Part 00] Instance i-08889e8d2591542df launched. Waiting for running...
[08:27:24.306] [Part 01] Instance ready. IP: 3.84.178.90
[08:27:24.405] [Part 00] Instance ready. IP: 54.88.98.125
[08:27:25.903] [Part 03] Error on attempt 1: An error occurred (RequestLimitExceeded) when calling the RunInstances operation (reached max retries: 4): Request limit exceeded. Account 460964766037 has been throttled on ec2:RunInstances because it exceeded its request rate limit.
[08:27:25.903] [Part 03] [vCPU] Released 2 slots.
[08:27:26.740] [Part 02] Instance i-03365c3a060b11342 launched. Waiting for running...
[08:27:29.109] [Part 04] Error on attempt 1: An error occurred (RequestLimitExceeded) when calling the RunInstances operation (reached max retries: 4): Request limit exceeded. Account 460964766037 has been throttled on ec2:RunInstances because it exceeded its request rate limit.
[08:27:29.109] [Part 04] [vCPU] Released 2 slots.
[08:27:35.903] [Part 03] [vCPU] Acquired 2 slots.
[08:27:39.109] [Part 04] [vCPU] Acquired 2 slots.
[08:27:42.437] [Part 02] Instance ready. IP: 13.222.202.65
[08:27:50.231] [Part 01] SSH connected.
[08:27:50.330] [Part 00] SSH connected.
[08:27:51.118] [Part 04] Error on attempt 2: An error occurred (RequestLimitExceeded) when calling the RunInstances operation (reached max retries: 4): Request limit exceeded. Account 460964766037 has been throttled on ec2:RunInstances because it exceeded its request rate limit.
[08:27:51.118] [Part 04] [vCPU] Released 2 slots.
[08:27:51.308] [Part 01] CPU found: Intel(R) Xeon(R) Platinum 8175M CPU @ 2.50GHz
[08:27:51.308] [Part 01] CPU mismatch (attempt 1/15): got 'Intel(R) Xeon(R) Platinum 8175M CPU @ 2.50GHz', expected 'Intel(R) Xeon(R) Platinum 8259CL CPU @ 2.50GHz'. Terminating and retrying...
[08:27:51.489] [Part 00] CPU found: Intel(R) Xeon(R) Platinum 8175M CPU @ 2.50GHz
[08:27:51.489] [Part 00] CPU mismatch (attempt 1/15): got 'Intel(R) Xeon(R) Platinum 8175M CPU @ 2.50GHz', expected 'Intel(R) Xeon(R) Platinum 8259CL CPU @ 2.50GHz'. Terminating and retrying...
[08:27:51.886] [Part 01] [vCPU] Released 2 slots.
[08:27:52.045] [Part 00] [vCPU] Released 2 slots.
[08:27:52.552] [Part 03] Instance i-0d1eee3079c4b0196 launched. Waiting for running...
[08:28:01.155] [Part 04] [vCPU] Acquired 2 slots.
[08:28:01.886] [Part 01] [vCPU] Acquired 2 slots.
[08:28:02.045] [Part 00] [vCPU] Acquired 2 slots.
[08:28:08.375] [Part 02] SSH connected.
[08:28:08.398] [Part 03] Instance ready. IP: 54.81.138.57
[08:28:09.410] [Part 01] Instance i-092893094c06d2d91 launched. Waiting for running...
[08:28:09.519] [Part 02] CPU found: Intel(R) Xeon(R) Platinum 8259CL CPU @ 2.50GHz
[08:28:09.519] [Part 02] CPU correct. Proceeding.
[08:28:09.519] [Part 02] Installing ffmpeg...
[08:28:14.411] [Part 04] Error on attempt 3: An error occurred (RequestLimitExceeded) when calling the RunInstances operation (reached max retries: 4): Request limit exceeded. Account 460964766037 has been throttled on ec2:RunInstances because it exceeded its request rate limit.
[08:28:14.412] [Part 04] [vCPU] Released 2 slots.
[08:28:19.759] [Part 00] Error on attempt 2: An error occurred (RequestLimitExceeded) when calling the RunInstances operation (reached max retries: 4): Request limit exceeded. Account 460964766037 has been throttled on ec2:RunInstances because it exceeded its request rate limit.
[08:28:19.761] [Part 00] [vCPU] Released 2 slots.
[08:28:24.412] [Part 04] [vCPU] Acquired 2 slots.
[08:28:25.166] [Part 01] Instance ready. IP: 3.95.0.56
[08:28:29.763] [Part 00] [vCPU] Acquired 2 slots.
[08:28:34.335] [Part 03] SSH connected.
[08:28:35.474] [Part 03] CPU found: Intel(R) Xeon(R) Platinum 8259CL CPU @ 2.50GHz
[08:28:35.475] [Part 03] CPU correct. Proceeding.
[08:28:35.476] [Part 03] Installing ffmpeg...
[08:28:39.066] [Part 04] Error on attempt 4: An error occurred (RequestLimitExceeded) when calling the RunInstances operation (reached max retries: 4): Request limit exceeded. Account 460964766037 has been throttled on ec2:RunInstances because it exceeded its request rate limit.
[08:28:39.066] [Part 04] [vCPU] Released 2 slots.
[08:28:42.146] [Part 00] Instance i-0ef0048191f06ae73 launched. Waiting for running...
[08:28:45.912] [Part 02] ffmpeg installed.
[08:28:45.912] [Part 02] CPU: Intel(R) Xeon(R) Platinum 8259CL CPU @ 2.50GHz
[08:28:46.394] [Part 02] Uploading segment...
[08:28:49.068] [Part 04] [vCPU] Acquired 2 slots.
[08:28:51.484] [Part 04] Instance i-02d45cd49bcab70d7 launched. Waiting for running...
[08:28:51.623] [Part 01] SSH connected.
[08:28:52.860] [Part 01] CPU found: Intel(R) Xeon(R) Platinum 8259CL CPU @ 2.50GHz
[08:28:52.861] [Part 01] CPU correct. Proceeding.
[08:28:52.869] [Part 01] Installing ffmpeg...
[08:28:54.004] [Part 02] Running: ffmpeg -i /home/ubuntu/input.mp4 -c:v libx264 -preset slow -b:v 2M -threads 5 -max_muxing_queue_size 1024 -y /home/ubuntu/output.mp4
[08:28:58.183] [Part 00] Instance ready. IP: 34.204.94.254
[08:29:06.521] [Part 02] Done!
[08:29:07.439] [Part 04] Instance ready. IP: 3.93.53.244
[08:29:07.814] [Part 02] Instance terminated.
[08:29:07.814] [Part 02] [vCPU] Released 2 slots.
[08:29:07.829] [Part 05] Launching m5.large...
[08:29:07.831] [Part 05] [vCPU] Acquired 2 slots.
[08:29:10.026] [Part 05] Instance i-0835e92d01633ba5a launched. Waiting for running...
[08:29:12.049] [Part 03] ffmpeg installed.
[08:29:12.050] [Part 03] CPU: Intel(R) Xeon(R) Platinum 8259CL CPU @ 2.50GHz
[08:29:13.124] [Part 03] Uploading segment...
[08:29:25.138] [Part 00] SSH connected.
[08:29:25.998] [Part 05] Instance ready. IP: 54.210.200.218
[08:29:26.484] [Part 00] CPU found: Intel(R) Xeon(R) Platinum 8175M CPU @ 2.50GHz
[08:29:26.487] [Part 00] CPU mismatch (attempt 3/15): got 'Intel(R) Xeon(R) Platinum 8175M CPU @ 2.50GHz', expected 'Intel(R) Xeon(R) Platinum 8259CL CPU @ 2.50GHz'. Terminating and retrying...
[08:29:27.106] [Part 00] [vCPU] Released 2 slots.
[08:29:31.505] [Part 01] ffmpeg installed.
[08:29:31.506] [Part 01] CPU: Intel(R) Xeon(R) Platinum 8259CL CPU @ 2.50GHz
[08:29:32.707] [Part 01] Uploading segment...
[08:29:33.698] [Part 04] SSH connected.
[08:29:35.023] [Part 04] CPU found: Intel(R) Xeon(R) Platinum 8175M CPU @ 2.50GHz
[08:29:35.023] [Part 04] CPU mismatch (attempt 5/15): got 'Intel(R) Xeon(R) Platinum 8175M CPU @ 2.50GHz', expected 'Intel(R) Xeon(R) Platinum 8259CL CPU @ 2.50GHz'. Terminating and retrying...
[08:29:35.606] [Part 04] [vCPU] Released 2 slots.
[08:29:37.108] [Part 00] [vCPU] Acquired 2 slots.
[08:29:38.523] [Part 00] Instance i-012a01ced7cc70de7 launched. Waiting for running...
[08:29:40.181] [Part 03] Running: ffmpeg -i /home/ubuntu/input.mp4 -c:v libx264 -preset slow -b:v 2M -threads 5 -max_muxing_queue_size 1024 -y /home/ubuntu/output.mp4
[08:29:45.616] [Part 04] [vCPU] Acquired 2 slots.
[08:29:47.146] [Part 04] Instance i-0aec10343f6a0ba10 launched. Waiting for running...
[08:29:52.495] [Part 05] SSH connected.
[08:29:53.071] [Part 03] Done!
[08:29:53.793] [Part 05] CPU found: Intel(R) Xeon(R) Platinum 8175M CPU @ 2.50GHz
[08:29:53.793] [Part 05] CPU mismatch (attempt 1/15): got 'Intel(R) Xeon(R) Platinum 8175M CPU @ 2.50GHz', expected 'Intel(R) Xeon(R) Platinum 8259CL CPU @ 2.50GHz'. Terminating and retrying...
[08:29:54.413] [Part 05] [vCPU] Released 2 slots.
[08:29:55.364] [Part 00] Instance ready. IP: 54.196.66.175
[08:29:56.747] [Part 03] Instance terminated.
[08:29:56.751] [Part 03] [vCPU] Released 2 slots.
[08:29:56.789] [Part 06] Launching m5.large...
[08:29:56.791] [Part 06] [vCPU] Acquired 2 slots.
[08:30:03.112] [Part 04] Instance ready. IP: 18.209.172.109
[08:30:04.420] [Part 05] [vCPU] Acquired 2 slots.
[08:30:05.456] [Part 06] Instance i-08f62356bfaaf3a0b launched. Waiting for running...
[08:30:10.401] [Part 01] Running: ffmpeg -i /home/ubuntu/input.mp4 -c:v libx264 -preset slow -b:v 2M -threads 5 -max_muxing_queue_size 1024 -y /home/ubuntu/output.mp4
[08:30:13.959] [Part 05] Instance i-0428cd162f79904ff launched. Waiting for running...
[08:30:21.231] [Part 06] Instance ready. IP: 54.157.204.31
[08:30:21.256] [Part 00] SSH connected.
[08:30:22.381] [Part 00] CPU found: Intel(R) Xeon(R) Platinum 8259CL CPU @ 2.50GHz
[08:30:22.381] [Part 00] CPU correct. Proceeding.
[08:30:22.381] [Part 00] Installing ffmpeg...
[08:30:22.479] [Part 01] Done!
[08:30:23.423] [Part 01] Instance terminated.
[08:30:23.526] [Part 01] [vCPU] Released 2 slots.
[08:30:23.556] [Part 07] Launching m5.large...
[08:30:23.557] [Part 07] [vCPU] Acquired 2 slots.
[08:30:29.115] [Part 04] SSH connected.
[08:30:29.747] [Part 05] Instance ready. IP: 34.207.241.180
[08:30:30.240] [Part 04] CPU found: Intel(R) Xeon(R) Platinum 8259CL CPU @ 2.50GHz
[08:30:30.242] [Part 04] CPU correct. Proceeding.
[08:30:30.250] [Part 04] Installing ffmpeg...
[08:30:45.679] [Part 07] Error on attempt 1: An error occurred (RequestLimitExceeded) when calling the RunInstances operation (reached max retries: 4): Request limit exceeded. Account 460964766037 has been throttled on ec2:RunInstances because it exceeded its request rate limit.
[08:30:45.679] [Part 07] [vCPU] Released 2 slots.
[08:30:47.149] [Part 06] SSH connected.
[08:30:48.322] [Part 06] CPU found: Intel(R) Xeon(R) Platinum 8175M CPU @ 2.50GHz
[08:30:48.323] [Part 06] CPU mismatch (attempt 1/15): got 'Intel(R) Xeon(R) Platinum 8175M CPU @ 2.50GHz', expected 'Intel(R) Xeon(R) Platinum 8259CL CPU @ 2.50GHz'. Terminating and retrying...
[08:30:48.943] [Part 06] [vCPU] Released 2 slots.
[08:30:55.681] [Part 07] [vCPU] Acquired 2 slots.
[08:30:55.887] [Part 05] SSH connected.
[08:30:57.013] [Part 05] CPU found: Intel(R) Xeon(R) Platinum 8175M CPU @ 2.50GHz
[08:30:57.014] [Part 05] CPU mismatch (attempt 2/15): got 'Intel(R) Xeon(R) Platinum 8175M CPU @ 2.50GHz', expected 'Intel(R) Xeon(R) Platinum 8259CL CPU @ 2.50GHz'. Terminating and retrying...
[08:30:57.568] [Part 05] [vCPU] Released 2 slots.
[08:30:57.616] [Part 07] Instance i-09a06356eab83042b launched. Waiting for running...
[08:30:58.336] [Part 00] ffmpeg installed.
[08:30:58.338] [Part 00] CPU: Intel(R) Xeon(R) Platinum 8259CL CPU @ 2.50GHz
[08:30:58.915] [Part 00] Uploading segment...
[08:30:58.944] [Part 06] [vCPU] Acquired 2 slots.
[08:31:00.756] [Part 00] Running: ffmpeg -i /home/ubuntu/input.mp4 -c:v libx264 -preset slow -b:v 2M -threads 5 -max_muxing_queue_size 1024 -y /home/ubuntu/output.mp4
[08:31:05.564] [Part 06] Instance i-05aadc0b15234bd17 launched. Waiting for running...
[08:31:06.463] [Part 04] ffmpeg installed.
[08:31:06.568] [Part 04] CPU: Intel(R) Xeon(R) Platinum 8259CL CPU @ 2.50GHz
[08:31:07.020] [Part 04] Uploading segment...
[08:31:07.569] [Part 05] [vCPU] Acquired 2 slots.
[08:31:10.777] [Part 04] Running: ffmpeg -i /home/ubuntu/input.mp4 -c:v libx264 -preset slow -b:v 2M -threads 5 -max_muxing_queue_size 1024 -y /home/ubuntu/output.mp4
[08:31:12.914] [Part 00] Done!
[08:31:13.547] [Part 07] Instance ready. IP: 34.229.224.37
[08:31:14.528] [Part 00] Instance terminated.
[08:31:14.596] [Part 00] [vCPU] Released 2 slots.
[08:31:14.919] [Part 08] Launching m5.large...
[08:31:14.969] [Part 08] [vCPU] Acquired 2 slots.
[08:31:18.872] [Part 05] Instance i-05a8a190f9b852a30 launched. Waiting for running...
[08:31:19.629] [Part 08] Instance i-0f17dbc2a587a4efd launched. Waiting for running...
[08:31:21.485] [Part 06] Instance ready. IP: 3.81.53.156
[08:31:22.853] [Part 04] Done!
[08:31:24.065] [Part 04] Instance terminated.
[08:31:24.066] [Part 04] [vCPU] Released 2 slots.
[08:31:24.080] [Part 09] Launching m5.large...
[08:31:24.080] [Part 09] [vCPU] Acquired 2 slots.
[08:31:26.072] [Part 09] Instance i-0752fb890299eafe4 launched. Waiting for running...
[08:31:34.773] [Part 05] Instance ready. IP: 13.217.42.86
[08:31:35.444] [Part 08] Instance ready. IP: 54.224.25.212
[08:31:39.605] [Part 07] SSH connected.
[08:31:40.791] [Part 07] CPU found: Intel(R) Xeon(R) Platinum 8175M CPU @ 2.50GHz
[08:31:40.799] [Part 07] CPU mismatch (attempt 2/15): got 'Intel(R) Xeon(R) Platinum 8175M CPU @ 2.50GHz', expected 'Intel(R) Xeon(R) Platinum 8259CL CPU @ 2.50GHz'. Terminating and retrying...
[08:31:41.373] [Part 07] [vCPU] Released 2 slots.
[08:31:41.907] [Part 09] Instance ready. IP: 52.90.119.182
[08:31:47.618] [Part 06] SSH connected.
[08:31:49.382] [Part 06] CPU found: Intel(R) Xeon(R) Platinum 8175M CPU @ 2.50GHz
[08:31:49.386] [Part 06] CPU mismatch (attempt 2/15): got 'Intel(R) Xeon(R) Platinum 8175M CPU @ 2.50GHz', expected 'Intel(R) Xeon(R) Platinum 8259CL CPU @ 2.50GHz'. Terminating and retrying...
[08:31:49.981] [Part 06] [vCPU] Released 2 slots.
[08:31:51.374] [Part 07] [vCPU] Acquired 2 slots.
[08:31:55.087] [Part 07] Instance i-0ac1431f9dec9bf6f launched. Waiting for running...
[08:32:00.003] [Part 06] [vCPU] Acquired 2 slots.
[08:32:01.449] [Part 06] Instance i-08d1aa630a97da413 launched. Waiting for running...
[08:32:01.469] [Part 05] SSH connected.
[08:32:01.665] [Part 08] SSH connected.
[08:32:02.812] [Part 05] CPU found: Intel(R) Xeon(R) Platinum 8175M CPU @ 2.50GHz
[08:32:02.816] [Part 05] CPU mismatch (attempt 3/15): got 'Intel(R) Xeon(R) Platinum 8175M CPU @ 2.50GHz', expected 'Intel(R) Xeon(R) Platinum 8259CL CPU @ 2.50GHz'. Terminating and retrying...
[08:32:02.941] [Part 08] CPU found: Intel(R) Xeon(R) Platinum 8175M CPU @ 2.50GHz
[08:32:02.942] [Part 08] CPU mismatch (attempt 1/15): got 'Intel(R) Xeon(R) Platinum 8175M CPU @ 2.50GHz', expected 'Intel(R) Xeon(R) Platinum 8259CL CPU @ 2.50GHz'. Terminating and retrying...
[08:32:03.475] [Part 05] [vCPU] Released 2 slots.
[08:32:03.537] [Part 08] [vCPU] Released 2 slots.
[08:32:07.980] [Part 09] SSH connected.
[08:32:09.144] [Part 09] CPU found: Intel(R) Xeon(R) Platinum 8175M CPU @ 2.50GHz
[08:32:09.145] [Part 09] CPU mismatch (attempt 1/15): got 'Intel(R) Xeon(R) Platinum 8175M CPU @ 2.50GHz', expected 'Intel(R) Xeon(R) Platinum 8259CL CPU @ 2.50GHz'. Terminating and retrying...
[08:32:09.782] [Part 09] [vCPU] Released 2 slots.
[08:32:11.718] [Part 07] Instance ready. IP: 3.81.86.134
[08:32:13.483] [Part 05] [vCPU] Acquired 2 slots.
[08:32:13.538] [Part 08] [vCPU] Acquired 2 slots.
[08:32:15.058] [Part 08] Instance i-0418376b0e161da7f launched. Waiting for running...
[08:32:17.268] [Part 06] Instance ready. IP: 54.175.229.157
[08:32:19.784] [Part 09] [vCPU] Acquired 2 slots.
[08:32:21.338] [Part 09] Instance i-04b6d945cd8ccb2b8 launched. Waiting for running...
[08:32:25.638] [Part 05] Instance i-0b619140dad0082ee launched. Waiting for running...
[08:32:30.853] [Part 08] Instance ready. IP: 54.164.121.3
[08:32:37.085] [Part 09] Instance ready. IP: 54.147.185.177
[08:32:37.633] [Part 07] SSH connected.
[08:32:38.805] [Part 07] CPU found: Intel(R) Xeon(R) Platinum 8259CL CPU @ 2.50GHz
[08:32:38.806] [Part 07] CPU correct. Proceeding.
[08:32:38.806] [Part 07] Installing ffmpeg...
[08:32:41.424] [Part 05] Instance ready. IP: 52.54.193.56
[08:32:43.311] [Part 06] SSH connected.
[08:32:44.494] [Part 06] CPU found: Intel(R) Xeon(R) Platinum 8259CL CPU @ 2.50GHz
[08:32:44.496] [Part 06] CPU correct. Proceeding.
[08:32:44.496] [Part 06] Installing ffmpeg...
[08:32:57.039] [Part 08] SSH connected.
[08:32:58.193] [Part 08] CPU found: Intel(R) Xeon(R) Platinum 8175M CPU @ 2.50GHz
[08:32:58.193] [Part 08] CPU mismatch (attempt 2/15): got 'Intel(R) Xeon(R) Platinum 8175M CPU @ 2.50GHz', expected 'Intel(R) Xeon(R) Platinum 8259CL CPU @ 2.50GHz'. Terminating and retrying...
[08:32:58.730] [Part 08] [vCPU] Released 2 slots.
[08:33:03.024] [Part 09] SSH connected.
[08:33:04.161] [Part 09] CPU found: Intel(R) Xeon(R) Platinum 8259CL CPU @ 2.50GHz
[08:33:04.163] [Part 09] CPU correct. Proceeding.
[08:33:04.166] [Part 09] Installing ffmpeg...
[08:33:07.311] [Part 05] SSH connected.
[08:33:08.449] [Part 05] CPU found: Intel(R) Xeon(R) Platinum 8175M CPU @ 2.50GHz
[08:33:08.450] [Part 05] CPU mismatch (attempt 4/15): got 'Intel(R) Xeon(R) Platinum 8175M CPU @ 2.50GHz', expected 'Intel(R) Xeon(R) Platinum 8259CL CPU @ 2.50GHz'. Terminating and retrying...
[08:33:08.731] [Part 08] [vCPU] Acquired 2 slots.
[08:33:08.968] [Part 05] [vCPU] Released 2 slots.
[08:33:10.233] [Part 08] Instance i-03e9cbb223065af8d launched. Waiting for running...
[08:33:15.739] [Part 07] ffmpeg installed.
[08:33:15.739] [Part 07] CPU: Intel(R) Xeon(R) Platinum 8259CL CPU @ 2.50GHz
[08:33:16.463] [Part 07] Uploading segment...
[08:33:18.969] [Part 05] [vCPU] Acquired 2 slots.
[08:33:20.427] [Part 05] Instance i-065ce888ae8bd1cc3 launched. Waiting for running...
[08:33:21.130] [Part 06] ffmpeg installed.
[08:33:21.131] [Part 06] CPU: Intel(R) Xeon(R) Platinum 8259CL CPU @ 2.50GHz
[08:33:21.644] [Part 06] Uploading segment...
[08:33:21.757] [Part 07] Running: ffmpeg -i /home/ubuntu/input.mp4 -c:v libx264 -preset slow -b:v 2M -threads 5 -max_muxing_queue_size 1024 -y /home/ubuntu/output.mp4
[08:33:23.452] [Part 06] Running: ffmpeg -i /home/ubuntu/input.mp4 -c:v libx264 -preset slow -b:v 2M -threads 5 -max_muxing_queue_size 1024 -y /home/ubuntu/output.mp4
[08:33:26.028] [Part 08] Instance ready. IP: 52.91.232.155
[08:33:34.819] [Part 07] Done!
[08:33:35.786] [Part 06] Done!
[08:33:35.946] [Part 07] Instance terminated.
[08:33:35.946] [Part 07] [vCPU] Released 2 slots.
[08:33:36.171] [Part 05] Instance ready. IP: 98.91.201.255
[08:33:36.763] [Part 06] Instance terminated.
[08:33:36.763] [Part 06] [vCPU] Released 2 slots.
[08:33:40.191] [Part 09] ffmpeg installed.
[08:33:40.193] [Part 09] CPU: Intel(R) Xeon(R) Platinum 8259CL CPU @ 2.50GHz
[08:33:40.664] [Part 09] Uploading segment...
[08:33:42.528] [Part 09] Running: ffmpeg -i /home/ubuntu/input.mp4 -c:v libx264 -preset slow -b:v 2M -threads 5 -max_muxing_queue_size 1024 -y /home/ubuntu/output.mp4
[08:33:51.971] [Part 08] SSH connected.
[08:33:53.057] [Part 08] CPU found: Intel(R) Xeon(R) Platinum 8175M CPU @ 2.50GHz
[08:33:53.057] [Part 08] CPU mismatch (attempt 3/15): got 'Intel(R) Xeon(R) Platinum 8175M CPU @ 2.50GHz', expected 'Intel(R) Xeon(R) Platinum 8259CL CPU @ 2.50GHz'. Terminating and retrying...
[08:33:53.594] [Part 08] [vCPU] Released 2 slots.
[08:33:54.431] [Part 09] Done!
[08:33:55.420] [Part 09] Instance terminated.
[08:33:55.420] [Part 09] [vCPU] Released 2 slots.
[08:34:02.086] [Part 05] SSH connected.
[08:34:03.216] [Part 05] CPU found: Intel(R) Xeon(R) Platinum 8175M CPU @ 2.50GHz
[08:34:03.217] [Part 05] CPU mismatch (attempt 5/15): got 'Intel(R) Xeon(R) Platinum 8175M CPU @ 2.50GHz', expected 'Intel(R) Xeon(R) Platinum 8259CL CPU @ 2.50GHz'. Terminating and retrying...
[08:34:03.594] [Part 08] [vCPU] Acquired 2 slots.
[08:34:03.762] [Part 05] [vCPU] Released 2 slots.
[08:34:04.971] [Part 08] Instance i-0b6ba8d9cf18e2100 launched. Waiting for running...
[08:34:13.762] [Part 05] [vCPU] Acquired 2 slots.
[08:34:15.317] [Part 05] Instance i-073eb5c67cdb27769 launched. Waiting for running...
[08:34:21.047] [Part 08] Instance ready. IP: 3.86.55.235
[08:34:31.420] [Part 05] Instance ready. IP: 98.80.251.38
[08:34:46.924] [Part 08] SSH connected.
[08:34:48.073] [Part 08] CPU found: Intel(R) Xeon(R) Platinum 8175M CPU @ 2.50GHz
[08:34:48.073] [Part 08] CPU mismatch (attempt 4/15): got 'Intel(R) Xeon(R) Platinum 8175M CPU @ 2.50GHz', expected 'Intel(R) Xeon(R) Platinum 8259CL CPU @ 2.50GHz'. Terminating and retrying...
[08:34:48.656] [Part 08] [vCPU] Released 2 slots.
[08:34:57.313] [Part 05] SSH connected.
[08:34:58.521] [Part 05] CPU found: Intel(R) Xeon(R) Platinum 8175M CPU @ 2.50GHz
[08:34:58.522] [Part 05] CPU mismatch (attempt 6/15): got 'Intel(R) Xeon(R) Platinum 8175M CPU @ 2.50GHz', expected 'Intel(R) Xeon(R) Platinum 8259CL CPU @ 2.50GHz'. Terminating and retrying...
[08:34:58.657] [Part 08] [vCPU] Acquired 2 slots.
[08:34:59.122] [Part 05] [vCPU] Released 2 slots.
[08:35:00.082] [Part 08] Instance i-0a50c7094008dc3cb launched. Waiting for running...
[08:35:09.123] [Part 05] [vCPU] Acquired 2 slots.
[08:35:10.567] [Part 05] Instance i-02cda476265228e35 launched. Waiting for running...
[08:35:15.790] [Part 08] Instance ready. IP: 34.238.169.9
[08:35:26.317] [Part 05] Instance ready. IP: 3.89.70.242
[08:35:41.695] [Part 08] SSH connected.
[08:35:42.847] [Part 08] CPU found: Intel(R) Xeon(R) Platinum 8175M CPU @ 2.50GHz
[08:35:42.847] [Part 08] CPU mismatch (attempt 5/15): got 'Intel(R) Xeon(R) Platinum 8175M CPU @ 2.50GHz', expected 'Intel(R) Xeon(R) Platinum 8259CL CPU @ 2.50GHz'. Terminating and retrying...
[08:35:43.395] [Part 08] [vCPU] Released 2 slots.
[08:35:52.191] [Part 05] SSH connected.
[08:35:53.344] [Part 05] CPU found: Intel(R) Xeon(R) Platinum 8175M CPU @ 2.50GHz
[08:35:53.345] [Part 05] CPU mismatch (attempt 7/15): got 'Intel(R) Xeon(R) Platinum 8175M CPU @ 2.50GHz', expected 'Intel(R) Xeon(R) Platinum 8259CL CPU @ 2.50GHz'. Terminating and retrying...
[08:35:53.396] [Part 08] [vCPU] Acquired 2 slots.
[08:35:53.861] [Part 05] [vCPU] Released 2 slots.
[08:35:54.899] [Part 08] Instance i-033f84d707d1f48b0 launched. Waiting for running...
[08:36:03.861] [Part 05] [vCPU] Acquired 2 slots.
[08:36:05.574] [Part 05] Instance i-0f670bdee6af3a16c launched. Waiting for running...
[08:36:10.679] [Part 08] Instance ready. IP: 35.153.140.202
[08:36:21.248] [Part 05] Instance ready. IP: 54.80.218.217
[08:36:36.567] [Part 08] SSH connected.
[08:36:37.679] [Part 08] CPU found: Intel(R) Xeon(R) Platinum 8259CL CPU @ 2.50GHz
[08:36:37.679] [Part 08] CPU correct. Proceeding.
[08:36:37.679] [Part 08] Installing ffmpeg...
[08:36:47.129] [Part 05] SSH connected.
[08:36:48.279] [Part 05] CPU found: Intel(R) Xeon(R) Platinum 8175M CPU @ 2.50GHz
[08:36:48.280] [Part 05] CPU mismatch (attempt 8/15): got 'Intel(R) Xeon(R) Platinum 8175M CPU @ 2.50GHz', expected 'Intel(R) Xeon(R) Platinum 8259CL CPU @ 2.50GHz'. Terminating and retrying...
[08:36:48.791] [Part 05] [vCPU] Released 2 slots.
[08:36:58.791] [Part 05] [vCPU] Acquired 2 slots.
[08:37:00.182] [Part 05] Instance i-091945f276c7758a5 launched. Waiting for running...
[08:37:13.961] [Part 08] ffmpeg installed.
[08:37:13.962] [Part 08] CPU: Intel(R) Xeon(R) Platinum 8259CL CPU @ 2.50GHz
[08:37:14.393] [Part 08] Uploading segment...
[08:37:16.274] [Part 05] Instance ready. IP: 54.152.158.243
[08:37:19.089] [Part 08] Running: ffmpeg -i /home/ubuntu/input.mp4 -c:v libx264 -preset slow -b:v 2M -threads 5 -max_muxing_queue_size 1024 -y /home/ubuntu/output.mp4
[08:37:30.461] [Part 08] Done!
[08:37:31.442] [Part 08] Instance terminated.
[08:37:31.442] [Part 08] [vCPU] Released 2 slots.
[08:37:42.190] [Part 05] SSH connected.
[08:37:43.274] [Part 05] CPU found: Intel(R) Xeon(R) Platinum 8175M CPU @ 2.50GHz
[08:37:43.275] [Part 05] CPU mismatch (attempt 9/15): got 'Intel(R) Xeon(R) Platinum 8175M CPU @ 2.50GHz', expected 'Intel(R) Xeon(R) Platinum 8259CL CPU @ 2.50GHz'. Terminating and retrying...
[08:37:43.873] [Part 05] [vCPU] Released 2 slots.
[08:37:53.873] [Part 05] [vCPU] Acquired 2 slots.
[08:37:55.260] [Part 05] Instance i-02da85e2d3049c896 launched. Waiting for running...
[08:38:11.003] [Part 05] Instance ready. IP: 18.232.109.0
[08:38:36.896] [Part 05] SSH connected.
[08:38:38.115] [Part 05] CPU found: Intel(R) Xeon(R) Platinum 8175M CPU @ 2.50GHz
[08:38:38.115] [Part 05] CPU mismatch (attempt 10/15): got 'Intel(R) Xeon(R) Platinum 8175M CPU @ 2.50GHz', expected 'Intel(R) Xeon(R) Platinum 8259CL CPU @ 2.50GHz'. Terminating and retrying...
[08:38:38.657] [Part 05] [vCPU] Released 2 slots.
[08:38:48.657] [Part 05] [vCPU] Acquired 2 slots.
[08:38:50.015] [Part 05] Instance i-06bb05250c58d0dc5 launched. Waiting for running...
[08:39:05.694] [Part 05] Instance ready. IP: 54.167.195.235
[08:39:31.586] [Part 05] SSH connected.
[08:39:32.715] [Part 05] CPU found: Intel(R) Xeon(R) Platinum 8175M CPU @ 2.50GHz
[08:39:32.716] [Part 05] CPU mismatch (attempt 11/15): got 'Intel(R) Xeon(R) Platinum 8175M CPU @ 2.50GHz', expected 'Intel(R) Xeon(R) Platinum 8259CL CPU @ 2.50GHz'. Terminating and retrying...
[08:39:33.306] [Part 05] [vCPU] Released 2 slots.
[08:39:43.307] [Part 05] [vCPU] Acquired 2 slots.
[08:39:44.767] [Part 05] Instance i-0bd1d44a9718298fa launched. Waiting for running...
[08:40:00.492] [Part 05] Instance ready. IP: 18.206.241.242
[08:40:26.374] [Part 05] SSH connected.
[08:40:27.526] [Part 05] CPU found: Intel(R) Xeon(R) Platinum 8175M CPU @ 2.50GHz
[08:40:27.527] [Part 05] CPU mismatch (attempt 12/15): got 'Intel(R) Xeon(R) Platinum 8175M CPU @ 2.50GHz', expected 'Intel(R) Xeon(R) Platinum 8259CL CPU @ 2.50GHz'. Terminating and retrying...
[08:40:28.093] [Part 05] [vCPU] Released 2 slots.
[08:40:38.093] [Part 05] [vCPU] Acquired 2 slots.
[08:40:39.493] [Part 05] Instance i-0919d11052e5fa951 launched. Waiting for running...
[08:40:55.492] [Part 05] Instance ready. IP: 3.86.68.201
[08:41:24.534] [Part 05] SSH connected.
[08:41:25.743] [Part 05] CPU found: Intel(R) Xeon(R) Platinum 8175M CPU @ 2.50GHz
[08:41:25.744] [Part 05] CPU mismatch (attempt 13/15): got 'Intel(R) Xeon(R) Platinum 8175M CPU @ 2.50GHz', expected 'Intel(R) Xeon(R) Platinum 8259CL CPU @ 2.50GHz'. Terminating and retrying...
[08:41:26.319] [Part 05] [vCPU] Released 2 slots.
[08:41:36.319] [Part 05] [vCPU] Acquired 2 slots.
[08:41:37.738] [Part 05] Instance i-0f47ef096a45e41a5 launched. Waiting for running...
[08:41:53.415] [Part 05] Instance ready. IP: 98.93.100.28
[08:42:19.300] [Part 05] SSH connected.
[08:42:20.491] [Part 05] CPU found: Intel(R) Xeon(R) Platinum 8175M CPU @ 2.50GHz
[08:42:20.491] [Part 05] CPU mismatch (attempt 14/15): got 'Intel(R) Xeon(R) Platinum 8175M CPU @ 2.50GHz', expected 'Intel(R) Xeon(R) Platinum 8259CL CPU @ 2.50GHz'. Terminating and retrying...
[08:42:21.136] [Part 05] [vCPU] Released 2 slots.
[08:42:31.136] [Part 05] [vCPU] Acquired 2 slots.
[08:42:32.563] [Part 05] Instance i-0a7baec7be84538de launched. Waiting for running...
[08:42:48.239] [Part 05] Instance ready. IP: 100.55.14.23
[08:43:14.133] [Part 05] SSH connected.
[08:43:15.269] [Part 05] CPU found: Intel(R) Xeon(R) Platinum 8175M CPU @ 2.50GHz
[08:43:15.269] [Part 05] CPU mismatch (attempt 15/15): got 'Intel(R) Xeon(R) Platinum 8175M CPU @ 2.50GHz', expected 'Intel(R) Xeon(R) Platinum 8259CL CPU @ 2.50GHz'. Terminating and retrying...
[08:43:15.804] [Part 05] [vCPU] Released 2 slots.
[09:48:44.157] === Phase 3.2 Horizontal Scaling: 10x m5.large ===
[09:48:44.157] Codec: libx264, Threads: 5, Max workers: 5
[09:48:44.158] [Setup] Starting video split...
[09:48:44.278] [Setup] Video: 600.0s → 10 parts of 60.0s
[09:48:50.693] [Setup] Video split complete.
[09:48:50.696] [Summary] SPLIT TIME: 6.53s
[09:48:56.486] [Part 03] Launching m5.large...
[09:48:56.585] [Part 02] Launching m5.large...
[09:48:56.593] [Part 03] [vCPU] Acquired 2 slots.
[09:48:56.691] [Part 02] [vCPU] Acquired 2 slots.
[09:48:57.201] [Part 00] Launching m5.large...
[09:48:57.240] [Part 00] [vCPU] Acquired 2 slots.
[09:48:57.283] [Part 01] Launching m5.large...
[09:48:57.294] [Part 01] [vCPU] Acquired 2 slots.
[09:48:57.731] [Part 04] Launching m5.large...
[09:48:57.767] [Part 04] [vCPU] Acquired 2 slots.
[09:48:59.065] [Part 03] Instance i-0453d8de41785254c launched. Waiting for running...
[09:49:02.566] [Part 04] Instance i-0d1cf31e5057a668c launched. Waiting for running...
[09:49:02.768] [Part 02] Instance i-05de22421db2fb4c9 launched. Waiting for running...
[09:49:05.656] [Part 01] Instance i-01c1309dcdd350b6f launched. Waiting for running...
[09:49:14.713] [Part 00] Instance i-0fd25ca6cb5ac04f4 launched. Waiting for running...
[09:49:14.830] [Part 03] Instance ready. IP: 54.196.76.165
[09:49:18.336] [Part 04] Instance ready. IP: 34.226.218.7
[09:49:18.655] [Part 02] Instance ready. IP: 18.208.230.169
[09:49:21.401] [Part 01] Instance ready. IP: 35.153.168.247
[09:49:30.406] [Part 00] Instance ready. IP: 54.87.241.199
[09:49:40.853] [Part 03] SSH connected.
[09:49:42.065] [Part 03] CPU found: Intel(R) Xeon(R) Platinum 8175M CPU @ 2.50GHz
[09:49:42.066] [Part 03] CPU mismatch (attempt 1/15): got 'Intel(R) Xeon(R) Platinum 8175M CPU @ 2.50GHz', expected 'Intel(R) Xeon(R) Platinum 8259CL CPU @ 2.50GHz'. Terminating and retrying...
[09:49:42.647] [Part 03] [vCPU] Released 2 slots.
[09:49:44.451] [Part 04] SSH connected.
[09:49:44.740] [Part 02] SSH connected.
[09:49:45.500] [Part 04] CPU found: Intel(R) Xeon(R) Platinum 8175M CPU @ 2.50GHz
[09:49:45.500] [Part 04] CPU mismatch (attempt 1/15): got 'Intel(R) Xeon(R) Platinum 8175M CPU @ 2.50GHz', expected 'Intel(R) Xeon(R) Platinum 8259CL CPU @ 2.50GHz'. Terminating and retrying...
[09:49:45.893] [Part 02] CPU found: Intel(R) Xeon(R) Platinum 8175M CPU @ 2.50GHz
[09:49:45.893] [Part 02] CPU mismatch (attempt 1/15): got 'Intel(R) Xeon(R) Platinum 8175M CPU @ 2.50GHz', expected 'Intel(R) Xeon(R) Platinum 8259CL CPU @ 2.50GHz'. Terminating and retrying...
[09:49:46.101] [Part 04] [vCPU] Released 2 slots.
[09:49:46.562] [Part 02] [vCPU] Released 2 slots.
[09:49:47.562] [Part 01] SSH connected.
[09:49:48.520] [Part 01] CPU found: Intel(R) Xeon(R) Platinum 8175M CPU @ 2.50GHz
[09:49:48.520] [Part 01] CPU mismatch (attempt 1/15): got 'Intel(R) Xeon(R) Platinum 8175M CPU @ 2.50GHz', expected 'Intel(R) Xeon(R) Platinum 8259CL CPU @ 2.50GHz'. Terminating and retrying...
[09:49:49.052] [Part 01] [vCPU] Released 2 slots.
[09:49:52.754] [Part 03] [vCPU] Acquired 2 slots.
[09:49:54.078] [Part 03] Instance i-0858551adede3edcc launched. Waiting for running...
[09:49:56.102] [Part 04] [vCPU] Acquired 2 slots.
[09:49:56.399] [Part 00] SSH connected.
[09:49:56.563] [Part 02] [vCPU] Acquired 2 slots.
[09:49:57.542] [Part 00] CPU found: Intel(R) Xeon(R) Platinum 8175M CPU @ 2.50GHz
[09:49:57.542] [Part 00] CPU mismatch (attempt 1/15): got 'Intel(R) Xeon(R) Platinum 8175M CPU @ 2.50GHz', expected 'Intel(R) Xeon(R) Platinum 8259CL CPU @ 2.50GHz'. Terminating and retrying...
[09:49:57.545] [Part 04] Instance i-0ad122ae338b6fbb7 launched. Waiting for running...
[09:49:57.949] [Part 02] Instance i-08bcd4d23b28f1592 launched. Waiting for running...
[09:49:58.084] [Part 00] [vCPU] Released 2 slots.
[09:49:59.052] [Part 01] [vCPU] Acquired 2 slots.
[09:50:00.462] [Part 01] Instance i-074dea7dc21fa93d7 launched. Waiting for running...
[09:50:08.085] [Part 00] [vCPU] Acquired 2 slots.
[09:50:09.465] [Part 00] Instance i-03e0dce170481b6a0 launched. Waiting for running...
[09:50:10.193] [Part 03] Instance ready. IP: 18.208.230.0
[09:50:13.342] [Part 04] Instance ready. IP: 3.81.34.207
[09:50:13.679] [Part 02] Instance ready. IP: 174.129.58.194
[09:50:16.210] [Part 01] Instance ready. IP: 54.164.167.122
[09:50:25.227] [Part 00] Instance ready. IP: 34.202.9.56
[09:50:36.207] [Part 03] SSH connected.
[09:50:37.248] [Part 03] CPU found: Intel(R) Xeon(R) Platinum 8259CL CPU @ 2.50GHz
[09:50:37.248] [Part 03] CPU correct. Proceeding.
[09:50:37.248] [Part 03] Installing ffmpeg...
[09:50:39.420] [Part 04] SSH connected.
[09:50:39.676] [Part 02] SSH connected.
[09:50:40.279] [Part 04] CPU found: Intel(R) Xeon(R) Platinum 8259CL CPU @ 2.50GHz
[09:50:40.280] [Part 04] CPU correct. Proceeding.
[09:50:40.280] [Part 04] Installing ffmpeg...
[09:50:40.820] [Part 02] CPU found: Intel(R) Xeon(R) Platinum 8259CL CPU @ 2.50GHz
[09:50:40.821] [Part 02] CPU correct. Proceeding.
[09:50:40.821] [Part 02] Installing ffmpeg...
[09:50:42.291] [Part 01] SSH connected.
[09:50:43.394] [Part 01] CPU found: Intel(R) Xeon(R) Platinum 8175M CPU @ 2.50GHz
[09:50:43.395] [Part 01] CPU mismatch (attempt 2/15): got 'Intel(R) Xeon(R) Platinum 8175M CPU @ 2.50GHz', expected 'Intel(R) Xeon(R) Platinum 8259CL CPU @ 2.50GHz'. Terminating and retrying...
[09:50:43.968] [Part 01] [vCPU] Released 2 slots.
[09:50:51.232] [Part 00] SSH connected.
[09:50:52.436] [Part 00] CPU found: Intel(R) Xeon(R) Platinum 8175M CPU @ 2.50GHz
[09:50:52.438] [Part 00] CPU mismatch (attempt 2/15): got 'Intel(R) Xeon(R) Platinum 8175M CPU @ 2.50GHz', expected 'Intel(R) Xeon(R) Platinum 8259CL CPU @ 2.50GHz'. Terminating and retrying...
[09:50:53.010] [Part 00] [vCPU] Released 2 slots.
[09:50:53.968] [Part 01] [vCPU] Acquired 2 slots.
[09:50:55.427] [Part 01] Instance i-092ac3043fd87dc9f launched. Waiting for running...
[09:51:03.011] [Part 00] [vCPU] Acquired 2 slots.
[09:51:04.588] [Part 00] Instance i-0e8bd580af886d420 launched. Waiting for running...
[09:51:11.093] [Part 01] Instance ready. IP: 100.48.18.207
[09:51:13.210] [Part 03] ffmpeg installed.
[09:51:13.211] [Part 03] CPU: Intel(R) Xeon(R) Platinum 8259CL CPU @ 2.50GHz
[09:51:13.679] [Part 03] Uploading segment...
[09:51:15.912] [Part 04] ffmpeg installed.
[09:51:15.913] [Part 04] CPU: Intel(R) Xeon(R) Platinum 8259CL CPU @ 2.50GHz
[09:51:16.534] [Part 04] Uploading segment...
[09:51:17.642] [Part 02] ffmpeg installed.
[09:51:17.644] [Part 02] CPU: Intel(R) Xeon(R) Platinum 8259CL CPU @ 2.50GHz
[09:51:18.246] [Part 02] Uploading segment...
[09:51:20.323] [Part 00] Instance ready. IP: 54.80.73.173
[09:51:22.965] [Part 03] Running: ffmpeg -i /home/ubuntu/input.mp4 -c:v libx264 -preset slow -b:v 2M -threads 5 -max_muxing_queue_size 1024 -y /home/ubuntu/output.mp4
[09:51:25.469] [Part 04] Running: ffmpeg -i /home/ubuntu/input.mp4 -c:v libx264 -preset slow -b:v 2M -threads 5 -max_muxing_queue_size 1024 -y /home/ubuntu/output.mp4
[09:51:29.536] [Part 02] Running: ffmpeg -i /home/ubuntu/input.mp4 -c:v libx264 -preset slow -b:v 2M -threads 5 -max_muxing_queue_size 1024 -y /home/ubuntu/output.mp4
[09:51:35.132] [Part 03] Done!
[09:51:36.216] [Part 03] Instance terminated.
[09:51:36.216] [Part 03] [vCPU] Released 2 slots.
[09:51:36.250] [Part 05] Launching m5.large...
[09:51:36.252] [Part 05] [vCPU] Acquired 2 slots.
[09:51:37.261] [Part 01] SSH connected.
[09:51:37.876] [Part 04] Done!
[09:51:38.190] [Part 01] CPU found: Intel(R) Xeon(R) Platinum 8259CL CPU @ 2.50GHz
[09:51:38.190] [Part 01] CPU correct. Proceeding.
[09:51:38.190] [Part 01] Installing ffmpeg...
[09:51:38.479] [Part 05] Instance i-0d839cd98d3e4ee0c launched. Waiting for running...
[09:51:38.901] [Part 04] Instance terminated.
[09:51:38.901] [Part 04] [vCPU] Released 2 slots.
[09:51:38.915] [Part 06] Launching m5.large...
[09:51:38.915] [Part 06] [vCPU] Acquired 2 slots.
[09:51:40.821] [Part 06] Instance i-0d50634c302098d03 launched. Waiting for running...
[09:51:41.952] [Part 02] Done!
[09:51:43.041] [Part 02] Instance terminated.
[09:51:43.041] [Part 02] [vCPU] Released 2 slots.
[09:51:43.075] [Part 07] Launching m5.large...
[09:51:43.078] [Part 07] [vCPU] Acquired 2 slots.
[09:51:44.989] [Part 07] Instance i-08cb4fdd6e077eb0d launched. Waiting for running...
[09:51:46.319] [Part 00] SSH connected.
[09:51:47.446] [Part 00] CPU found: Intel(R) Xeon(R) Platinum 8259CL CPU @ 2.50GHz
[09:51:47.447] [Part 00] CPU correct. Proceeding.
[09:51:47.447] [Part 00] Installing ffmpeg...
[09:51:54.184] [Part 05] Instance ready. IP: 34.229.232.201
[09:51:56.555] [Part 06] Instance ready. IP: 100.55.61.106
[09:52:01.172] [Part 07] Instance ready. IP: 35.173.181.117
[09:52:13.874] [Part 01] ffmpeg installed.
[09:52:13.875] [Part 01] CPU: Intel(R) Xeon(R) Platinum 8259CL CPU @ 2.50GHz
[09:52:14.322] [Part 01] Uploading segment...
[09:52:16.096] [Part 01] Running: ffmpeg -i /home/ubuntu/input.mp4 -c:v libx264 -preset slow -b:v 2M -threads 5 -max_muxing_queue_size 1024 -y /home/ubuntu/output.mp4
[09:52:20.217] [Part 05] SSH connected.
[09:52:21.442] [Part 05] CPU found: Intel(R) Xeon(R) Platinum 8175M CPU @ 2.50GHz
[09:52:21.445] [Part 05] CPU mismatch (attempt 1/15): got 'Intel(R) Xeon(R) Platinum 8175M CPU @ 2.50GHz', expected 'Intel(R) Xeon(R) Platinum 8259CL CPU @ 2.50GHz'. Terminating and retrying...
[09:52:22.123] [Part 05] [vCPU] Released 2 slots.
[09:52:22.699] [Part 06] SSH connected.
[09:52:23.164] [Part 00] ffmpeg installed.
[09:52:23.165] [Part 00] CPU: Intel(R) Xeon(R) Platinum 8259CL CPU @ 2.50GHz
[09:52:23.801] [Part 00] Uploading segment...
[09:52:23.835] [Part 06] CPU found: Intel(R) Xeon(R) Platinum 8175M CPU @ 2.50GHz
[09:52:23.837] [Part 06] CPU mismatch (attempt 1/15): got 'Intel(R) Xeon(R) Platinum 8175M CPU @ 2.50GHz', expected 'Intel(R) Xeon(R) Platinum 8259CL CPU @ 2.50GHz'. Terminating and retrying...
[09:52:24.418] [Part 06] [vCPU] Released 2 slots.
[09:52:27.284] [Part 07] SSH connected.
[09:52:28.102] [Part 01] Done!
[09:52:28.413] [Part 07] CPU found: Intel(R) Xeon(R) Platinum 8175M CPU @ 2.50GHz
[09:52:28.414] [Part 07] CPU mismatch (attempt 1/15): got 'Intel(R) Xeon(R) Platinum 8175M CPU @ 2.50GHz', expected 'Intel(R) Xeon(R) Platinum 8259CL CPU @ 2.50GHz'. Terminating and retrying...
[09:52:29.038] [Part 07] [vCPU] Released 2 slots.
[09:52:29.379] [Part 01] Instance terminated.
[09:52:29.379] [Part 01] [vCPU] Released 2 slots.
[09:52:29.407] [Part 08] Launching m5.large...
[09:52:29.408] [Part 08] [vCPU] Acquired 2 slots.
[09:52:29.849] [Part 00] Running: ffmpeg -i /home/ubuntu/input.mp4 -c:v libx264 -preset slow -b:v 2M -threads 5 -max_muxing_queue_size 1024 -y /home/ubuntu/output.mp4
[09:52:31.479] [Part 08] Instance i-0787a2939d224044a launched. Waiting for running...
[09:52:32.127] [Part 05] [vCPU] Acquired 2 slots.
[09:52:33.491] [Part 05] Instance i-0050bf1641a38bc80 launched. Waiting for running...
[09:52:34.423] [Part 06] [vCPU] Acquired 2 slots.
[09:52:35.879] [Part 06] Instance i-01759ab7f0d5a48d5 launched. Waiting for running...
[09:52:39.039] [Part 07] [vCPU] Acquired 2 slots.
[09:52:40.398] [Part 07] Instance i-0b14fcb188caeb382 launched. Waiting for running...
[09:52:41.773] [Part 00] Done!
[09:52:42.785] [Part 00] Instance terminated.
[09:52:42.785] [Part 00] [vCPU] Released 2 slots.
[09:52:42.818] [Part 09] Launching m5.large...
[09:52:42.818] [Part 09] [vCPU] Acquired 2 slots.
[09:52:44.840] [Part 09] Instance i-05f7a4eb43d99ab98 launched. Waiting for running...
[09:52:47.185] [Part 08] Instance ready. IP: 54.175.231.124
[09:52:49.293] [Part 05] Instance ready. IP: 18.209.161.4
[09:52:51.549] [Part 06] Instance ready. IP: 52.90.50.173
[09:52:56.109] [Part 07] Instance ready. IP: 3.84.142.210
[09:53:00.603] [Part 09] Instance ready. IP: 100.31.59.214
[09:53:13.116] [Part 08] SSH connected.
[09:53:14.245] [Part 08] CPU found: Intel(R) Xeon(R) Platinum 8259CL CPU @ 2.50GHz
[09:53:14.245] [Part 08] CPU correct. Proceeding.
[09:53:14.246] [Part 08] Installing ffmpeg...
[09:53:15.337] [Part 05] SSH connected.
[09:53:16.458] [Part 05] CPU found: Intel(R) Xeon(R) Platinum 8259CL CPU @ 2.50GHz
[09:53:16.458] [Part 05] CPU correct. Proceeding.
[09:53:16.459] [Part 05] Installing ffmpeg...
[09:53:17.524] [Part 06] SSH connected.
[09:53:18.661] [Part 06] CPU found: Intel(R) Xeon(R) Platinum 8175M CPU @ 2.50GHz
[09:53:18.662] [Part 06] CPU mismatch (attempt 2/15): got 'Intel(R) Xeon(R) Platinum 8175M CPU @ 2.50GHz', expected 'Intel(R) Xeon(R) Platinum 8259CL CPU @ 2.50GHz'. Terminating and retrying...
[09:53:19.254] [Part 06] [vCPU] Released 2 slots.
[09:53:22.018] [Part 07] SSH connected.
[09:53:23.331] [Part 07] CPU found: Intel(R) Xeon(R) Platinum 8259CL CPU @ 2.50GHz
[09:53:23.333] [Part 07] CPU correct. Proceeding.
[09:53:23.474] [Part 07] Installing ffmpeg...
[09:53:26.485] [Part 09] SSH connected.
[09:53:27.571] [Part 09] CPU found: Intel(R) Xeon(R) Platinum 8175M CPU @ 2.50GHz
[09:53:27.571] [Part 09] CPU mismatch (attempt 1/15): got 'Intel(R) Xeon(R) Platinum 8175M CPU @ 2.50GHz', expected 'Intel(R) Xeon(R) Platinum 8259CL CPU @ 2.50GHz'. Terminating and retrying...
[09:53:28.083] [Part 09] [vCPU] Released 2 slots.
[09:53:29.254] [Part 06] [vCPU] Acquired 2 slots.
[09:53:30.624] [Part 06] Instance i-0c128b7b549fcb622 launched. Waiting for running...
[09:53:38.084] [Part 09] [vCPU] Acquired 2 slots.
[09:53:39.497] [Part 09] Instance i-0b5070e62ea976215 launched. Waiting for running...
[09:53:46.378] [Part 06] Instance ready. IP: 54.161.103.90
[09:53:50.902] [Part 08] ffmpeg installed.
[09:53:50.902] [Part 08] CPU: Intel(R) Xeon(R) Platinum 8259CL CPU @ 2.50GHz
[09:53:51.393] [Part 08] Uploading segment...
[09:53:52.813] [Part 05] ffmpeg installed.
[09:53:52.814] [Part 05] CPU: Intel(R) Xeon(R) Platinum 8259CL CPU @ 2.50GHz
[09:53:53.518] [Part 05] Uploading segment...
[09:53:55.277] [Part 08] Running: ffmpeg -i /home/ubuntu/input.mp4 -c:v libx264 -preset slow -b:v 2M -threads 5 -max_muxing_queue_size 1024 -y /home/ubuntu/output.mp4
[09:53:55.304] [Part 09] Instance ready. IP: 3.87.176.176
[09:53:55.886] [Part 05] Running: ffmpeg -i /home/ubuntu/input.mp4 -c:v libx264 -preset slow -b:v 2M -threads 5 -max_muxing_queue_size 1024 -y /home/ubuntu/output.mp4
[09:53:59.272] [Part 07] ffmpeg installed.
[09:53:59.273] [Part 07] CPU: Intel(R) Xeon(R) Platinum 8259CL CPU @ 2.50GHz
[09:53:59.810] [Part 07] Uploading segment...
[09:54:06.779] [Part 08] Done!
[09:54:06.913] [Part 07] Running: ffmpeg -i /home/ubuntu/input.mp4 -c:v libx264 -preset slow -b:v 2M -threads 5 -max_muxing_queue_size 1024 -y /home/ubuntu/output.mp4
[09:54:07.689] [Part 05] Done!
[09:54:07.991] [Part 08] Instance terminated.
[09:54:07.991] [Part 08] [vCPU] Released 2 slots.
[09:54:08.879] [Part 05] Instance terminated.
[09:54:08.884] [Part 05] [vCPU] Released 2 slots.
[09:54:12.243] [Part 06] SSH connected.
[09:54:13.351] [Part 06] CPU found: Intel(R) Xeon(R) Platinum 8259CL CPU @ 2.50GHz
[09:54:13.351] [Part 06] CPU correct. Proceeding.
[09:54:13.351] [Part 06] Installing ffmpeg...
[09:54:20.135] [Part 07] Done!
[09:54:21.193] [Part 07] Instance terminated.
[09:54:21.193] [Part 07] [vCPU] Released 2 slots.
[09:54:21.197] [Part 09] SSH connected.
[09:54:22.394] [Part 09] CPU found: Intel(R) Xeon(R) Platinum 8175M CPU @ 2.50GHz
[09:54:22.395] [Part 09] CPU mismatch (attempt 2/15): got 'Intel(R) Xeon(R) Platinum 8175M CPU @ 2.50GHz', expected 'Intel(R) Xeon(R) Platinum 8259CL CPU @ 2.50GHz'. Terminating and retrying...
[09:54:23.018] [Part 09] [vCPU] Released 2 slots.
[09:54:33.019] [Part 09] [vCPU] Acquired 2 slots.
[09:54:34.441] [Part 09] Instance i-08aca50c3c908ea1b launched. Waiting for running...
[09:54:50.160] [Part 09] Instance ready. IP: 54.80.189.185
[09:54:50.353] [Part 06] ffmpeg installed.
[09:54:50.353] [Part 06] CPU: Intel(R) Xeon(R) Platinum 8259CL CPU @ 2.50GHz
[09:54:50.870] [Part 06] Uploading segment...
[09:54:57.979] [Part 06] Running: ffmpeg -i /home/ubuntu/input.mp4 -c:v libx264 -preset slow -b:v 2M -threads 5 -max_muxing_queue_size 1024 -y /home/ubuntu/output.mp4
[09:55:10.476] [Part 06] Done!
[09:55:11.548] [Part 06] Instance terminated.
[09:55:11.552] [Part 06] [vCPU] Released 2 slots.
[09:55:16.047] [Part 09] SSH connected.
[09:55:17.173] [Part 09] CPU found: Intel(R) Xeon(R) Platinum 8259CL CPU @ 2.50GHz
[09:55:17.173] [Part 09] CPU correct. Proceeding.
[09:55:17.174] [Part 09] Installing ffmpeg...
[09:55:53.836] [Part 09] ffmpeg installed.
[09:55:53.836] [Part 09] CPU: Intel(R) Xeon(R) Platinum 8259CL CPU @ 2.50GHz
[09:55:54.272] [Part 09] Uploading segment...
[09:55:56.129] [Part 09] Running: ffmpeg -i /home/ubuntu/input.mp4 -c:v libx264 -preset slow -b:v 2M -threads 5 -max_muxing_queue_size 1024 -y /home/ubuntu/output.mp4
[09:56:08.056] [Part 09] Done!
[09:56:09.036] [Part 09] Instance terminated.
[09:56:09.036] [Part 09] [vCPU] Released 2 slots.
[09:56:09.055] ============================================================
[09:56:09.056] RESULTS — 10x m5.large Horizontal
[09:56:09.056]   Total Time:    444.88s (7.41 min)
[09:56:09.056]   Split Time:    6.53s
[09:56:09.056]   Parallel Time: 438.28s (7.30 min)
[09:56:09.056] ============================================================
