[08:19:10.176] === Phase 3.2 Serial Baseline: 1x m5.large ===
[08:19:10.207] Codec: libx264, Threads: 5, Preset: slow
[08:19:10.207] [m5.large-Serial] Launching EC2 instance...
[08:19:10.234] [m5.large-Serial] [vCPU] Acquired 2 slots.
[08:19:12.673] [m5.large-Serial] Instance i-0ef7a6e3f36cc2b5a launched. Waiting for running...
[08:19:29.127] [m5.large-Serial] Instance ready. IP: 54.152.152.9
[08:19:55.143] [m5.large-Serial] SSH connected.
[08:19:56.360] [m5.large-Serial] CPU found: Intel(R) Xeon(R) Platinum 8259CL CPU @ 2.50GHz
[08:19:56.361] [m5.large-Serial] CPU correct. Proceeding.
[08:19:56.361] [m5.large-Serial] Installing ffmpeg...
[08:20:34.602] [m5.large-Serial] ffmpeg installed.
[08:20:34.604] [m5.large-Serial] CPU: Intel(R) Xeon(R) Platinum 8259CL CPU @ 2.50GHz
[08:20:34.605] [m5.large-Serial] Uploading 10-minute video...
[08:23:48.507] [m5.large-Serial] Upload complete.
[08:23:48.508] [m5.large-Serial] SETUP TIME: 278.27s (4.64 min)
[08:23:48.511] [m5.large-Serial] Running: ffmpeg -i /home/ubuntu/input.mp4 -c:v libx264 -preset slow -b:v 2M -threads 5 -max_muxing_queue_size 1024 -y /home/ubuntu/output.mp4
[08:25:45.519] [m5.large-Serial] ENCODING TIME: 117.01s (1.95 min)
[08:25:46.584] [m5.large-Serial] Instance terminated.
[08:25:46.585] [m5.large-Serial] [vCPU] Released 2 slots.
[08:25:46.585] [m5.large-Serial] ============================================================
[08:25:46.586] [m5.large-Serial] RESULTS — m5.large Serial
[08:25:46.586] [m5.large-Serial]   Total Time:    396.34s (6.61 min)
[08:25:46.586] [m5.large-Serial]   Setup Time:    278.27s (4.64 min)
[08:25:46.586] [m5.large-Serial]   Encoding Time: 117.01s (1.95 min)
[08:25:46.586] [m5.large-Serial]   Setup %:       70.2%
[08:25:46.586] [m5.large-Serial] ============================================================
