[08:19:10.971] === Phase 3.2 Serial Baseline: 1x m5.large ===
[08:19:10.979] Codec: libx264, Threads: 5, Preset: slow
[08:19:10.986] [m5.large-Serial] Launching EC2 instance...
[08:19:10.988] [m5.large-Serial] [vCPU] Acquired 2 slots.
[08:19:20.334] [m5.large-Serial] Instance i-0bacfcee837f72ef4 launched. Waiting for running...
[08:19:36.040] [m5.large-Serial] Instance ready. IP: 18.207.232.66
[08:20:01.919] [m5.large-Serial] SSH connected.
[08:20:03.090] [m5.large-Serial] CPU found: Intel(R) Xeon(R) Platinum 8259CL CPU @ 2.50GHz
[08:20:03.090] [m5.large-Serial] CPU correct. Proceeding.
[08:20:03.090] [m5.large-Serial] Installing ffmpeg...
[08:20:40.962] [m5.large-Serial] ffmpeg installed.
[08:20:40.963] [m5.large-Serial] CPU: Intel(R) Xeon(R) Platinum 8259CL CPU @ 2.50GHz
[08:20:40.963] [m5.large-Serial] Uploading 10-minute video...
[08:24:07.852] [m5.large-Serial] Upload complete.
[08:24:07.853] [m5.large-Serial] SETUP TIME: 296.86s (4.95 min)
[08:24:07.855] [m5.large-Serial] Running: ffmpeg -i /home/ubuntu/input.mp4 -c:v libx264 -preset slow -b:v 2M -threads 5 -max_muxing_queue_size 1024 -y /home/ubuntu/output.mp4
[08:26:04.646] [m5.large-Serial] ENCODING TIME: 116.79s (1.95 min)
[08:26:05.694] [m5.large-Serial] Instance terminated.
[08:26:05.694] [m5.large-Serial] [vCPU] Released 2 slots.
[08:26:05.694] [m5.large-Serial] ============================================================
[08:26:05.694] [m5.large-Serial] RESULTS — m5.large Serial
[08:26:05.694] [m5.large-Serial]   Total Time:    414.71s (6.91 min)
[08:26:05.694] [m5.large-Serial]   Setup Time:    296.86s (4.95 min)
[08:26:05.694] [m5.large-Serial]   Encoding Time: 116.79s (1.95 min)
[08:26:05.694] [m5.large-Serial]   Setup %:       71.6%
[08:26:05.694] [m5.large-Serial] ============================================================
