[21:30:25.560] ======================================================================
[21:30:25.560] CONFIGURATION
[21:30:25.560]   Instance type:  m7g.large → effective: m7g.large
[21:30:25.560]   Strategy:       horizontal
[21:30:25.560]   Codec:          libx265
[21:30:25.560]   Threads:        5
[21:30:25.560]   Region:         us-east-1
[21:30:25.560]   AMI:            ami-0976d56fa61f42304
[21:30:25.560]   Architecture:   aarch64
[21:30:25.560]   Runs:           30
[21:30:25.560] ======================================================================
[21:30:25.560] === Phase 3.2 Horizontal: 10x m7g.large ===
[21:30:25.560] AMI: ami-0976d56fa61f42304 | Codec: libx265 | Threads: 5 | Runs: 30
[21:30:25.560] --- Horizontal Run 1/30 ---
[21:30:25.560] [Setup] Splitting video...
[21:31:25.147] Horizontal Run 1 completed in 59.59s
[21:31:25.147] --- Horizontal Run 2/30 ---
[21:31:25.147] [Setup] Splitting video...
[21:32:23.677] Horizontal Run 2 completed in 58.53s
[21:32:23.678] --- Horizontal Run 3/30 ---
[21:32:23.678] [Setup] Splitting video...
[21:33:23.404] Horizontal Run 3 completed in 59.73s
[21:33:23.404] --- Horizontal Run 4/30 ---
[21:33:23.405] [Setup] Splitting video...
[21:34:21.987] Horizontal Run 4 completed in 58.58s
[21:34:21.987] --- Horizontal Run 5/30 ---
[21:34:21.988] [Setup] Splitting video...
[21:35:26.369] Horizontal Run 5 completed in 64.38s
[21:35:26.369] --- Horizontal Run 6/30 ---
[21:35:26.373] [Setup] Splitting video...
[21:36:26.291] Horizontal Run 6 completed in 59.92s
[21:36:26.291] --- Horizontal Run 7/30 ---
[21:36:26.291] [Setup] Splitting video...
[21:37:25.258] Horizontal Run 7 completed in 58.97s
[21:37:25.258] --- Horizontal Run 8/30 ---
[21:37:25.258] [Setup] Splitting video...
[21:38:25.702] Horizontal Run 8 completed in 60.44s
[21:38:25.702] --- Horizontal Run 9/30 ---
[21:38:25.702] [Setup] Splitting video...
[21:39:24.492] Horizontal Run 9 completed in 58.79s
[21:39:24.492] --- Horizontal Run 10/30 ---
[21:39:24.492] [Setup] Splitting video...
[21:40:23.272] Horizontal Run 10 completed in 58.78s
[21:40:23.272] --- Horizontal Run 11/30 ---
[21:40:23.272] [Setup] Splitting video...
[21:41:21.362] Horizontal Run 11 completed in 58.09s
[21:41:21.362] --- Horizontal Run 12/30 ---
[21:41:21.362] [Setup] Splitting video...
[21:42:20.851] Horizontal Run 12 completed in 59.49s
[21:42:20.851] --- Horizontal Run 13/30 ---
[21:42:20.851] [Setup] Splitting video...
[21:43:19.958] Horizontal Run 13 completed in 59.11s
[21:43:19.959] --- Horizontal Run 14/30 ---
[21:43:19.959] [Setup] Splitting video...
[21:44:20.055] Horizontal Run 14 completed in 60.10s
[21:44:20.055] --- Horizontal Run 15/30 ---
[21:44:20.055] [Setup] Splitting video...
[21:45:18.636] Horizontal Run 15 completed in 58.58s
[21:45:18.636] --- Horizontal Run 16/30 ---
[21:45:18.636] [Setup] Splitting video...
[21:46:17.726] Horizontal Run 16 completed in 59.09s
[21:46:17.726] --- Horizontal Run 17/30 ---
[21:46:17.727] [Setup] Splitting video...
[21:47:20.311] Horizontal Run 17 completed in 62.58s
[21:47:20.312] --- Horizontal Run 18/30 ---
[21:47:20.312] [Setup] Splitting video...
[21:48:19.344] Horizontal Run 18 completed in 59.03s
[21:48:19.345] --- Horizontal Run 19/30 ---
[21:48:19.345] [Setup] Splitting video...
[21:52:05.133] Horizontal Run 19 completed in 225.79s
[21:52:05.133] --- Horizontal Run 20/30 ---
[21:52:05.133] [Setup] Splitting video...
[21:53:30.996] Horizontal Run 20 completed in 85.86s
[21:53:30.996] --- Horizontal Run 21/30 ---
[21:53:30.997] [Setup] Splitting video...
[21:54:30.073] Horizontal Run 21 completed in 59.08s
[21:54:30.073] --- Horizontal Run 22/30 ---
[21:54:30.073] [Setup] Splitting video...
[21:55:29.373] Horizontal Run 22 completed in 59.30s
[21:55:29.373] --- Horizontal Run 23/30 ---
[21:55:29.373] [Setup] Splitting video...
[21:56:28.977] Horizontal Run 23 completed in 59.60s
[21:56:28.977] --- Horizontal Run 24/30 ---
[21:56:28.977] [Setup] Splitting video...
[21:57:27.535] Horizontal Run 24 completed in 58.56s
[21:57:27.535] --- Horizontal Run 25/30 ---
[21:57:27.535] [Setup] Splitting video...
[21:58:25.970] Horizontal Run 25 completed in 58.43s
[21:58:25.970] --- Horizontal Run 26/30 ---
[21:58:25.970] [Setup] Splitting video...
[21:59:25.792] Horizontal Run 26 completed in 59.82s
[21:59:25.792] --- Horizontal Run 27/30 ---
[21:59:25.792] [Setup] Splitting video...
[22:00:26.492] Horizontal Run 27 completed in 60.70s
[22:00:26.492] --- Horizontal Run 28/30 ---
[22:00:26.492] [Setup] Splitting video...
[22:01:28.416] Horizontal Run 28 completed in 61.92s
[22:01:28.416] --- Horizontal Run 29/30 ---
[22:01:28.416] [Setup] Splitting video...
[22:02:27.647] Horizontal Run 29 completed in 59.23s
[22:02:27.647] --- Horizontal Run 30/30 ---
[22:02:27.647] [Setup] Splitting video...
[22:03:26.138] Horizontal Run 30 completed in 58.49s
[22:03:26.148] 
======================================================================
[22:03:26.148] AGGREGATE RESULTS — 30/30 successful runs
[22:03:26.148]   Instance:  m7g.large | Strategy: horizontal
[22:03:26.148]   Codec:     libx265
[22:03:26.149]   Mean:      66.02s
[22:03:26.149]   Median:    59.26s
[22:03:26.150]   Stdev:     30.58s
[22:03:26.150]   Min:       58.09s
[22:03:26.150]   Max:       225.79s
[22:03:26.150] ======================================================================
