[20:16:19.290] === Phase 3.2 OPTIMIZED Horizontal: 10x c7g.large ===
[20:16:19.290] AMI: ami-0976d56fa61f42304 (ffmpeg pre-installed) | Codec: libx265 | Threads: 5
[20:16:19.290] [Setup] Starting video split...
[20:16:19.333] [Setup] Video: 600.0s → 10 parts of 60.0s
[20:16:20.493] [Setup] Video split complete.
[20:16:20.493] [Summary] SPLIT TIME: 1.20s
[20:16:21.287] [Part 05] Launching c7g.large...
[20:16:21.289] [Part 02] Launching c7g.large...
[20:16:21.293] [Part 06] Launching c7g.large...
[20:16:21.300] [Part 07] Launching c7g.large...
[20:16:21.307] [Part 08] Launching c7g.large...
[20:16:21.314] [Part 00] Launching c7g.large...
[20:16:21.323] [Part 09] Launching c7g.large...
[20:16:21.333] [Part 04] Launching c7g.large...
[20:16:21.334] [Part 03] Launching c7g.large...
[20:16:21.357] [Part 01] Launching c7g.large...
[20:16:38.992] [Part 00] Instance ready. IP: 100.29.38.166
[20:16:39.099] [Part 01] Instance ready. IP: 35.175.202.94
[20:16:39.111] [Part 03] Instance ready. IP: 52.90.28.63
[20:16:39.115] [Part 04] Instance ready. IP: 100.30.234.6
[20:16:39.127] [Part 08] Instance ready. IP: 50.17.155.255
[20:16:39.171] [Part 07] Instance ready. IP: 35.153.180.81
[20:16:39.193] [Part 06] Instance ready. IP: 52.90.239.228
[20:16:39.209] [Part 09] Instance ready. IP: 34.230.33.121
[20:16:39.214] [Part 05] Instance ready. IP: 13.221.44.192
[20:16:39.433] [Part 02] Instance ready. IP: 54.81.37.217
[20:17:11.683] [Part 01] CPU: aarch64
CPU part	: 0xd40
[20:17:11.763] [Part 03] CPU: aarch64
CPU part	: 0xd40
[20:17:11.764] [Part 00] CPU: aarch64
CPU part	: 0xd40
[20:17:11.772] [Part 08] CPU: aarch64
CPU part	: 0xd40[20:17:11.772] [Part 05] CPU: aarch64
CPU part	: 0xd40

[20:17:11.846] [Part 06] CPU: aarch64
CPU part	: 0xd40
[20:17:11.867] [Part 04] CPU: aarch64
CPU part	: 0xd40
[20:17:11.942] [Part 07] CPU: aarch64
CPU part	: 0xd40
[20:17:12.012] [Part 02] CPU: aarch64
CPU part	: 0xd40
[20:17:12.390] [Part 09] CPU: aarch64
CPU part	: 0xd40
[20:17:12.581] [Part 01] Uploading segment...[20:17:12.581] [Part 05] Uploading segment...

[20:17:12.581] [Part 00] Uploading segment...
[20:17:12.585] [Part 03] Uploading segment...[20:17:12.585] [Part 08] Uploading segment...

[20:17:12.678] [Part 06] Uploading segment...
[20:17:12.678] [Part 04] Uploading segment...
[20:17:12.766] [Part 07] Uploading segment...
[20:17:12.864] [Part 02] Uploading segment...
[20:17:13.184] [Part 09] Uploading segment...
[20:17:40.279] [Part 00] Running compression...
[20:17:40.283] [Part 08] Running compression...
[20:17:41.469] [Part 02] Running compression...
[20:17:43.897] [Part 06] Running compression...
[20:17:44.984] [Part 04] Running compression...
[20:17:45.413] [Part 07] Running compression...
[20:17:45.415] [Part 05] Running compression...
[20:17:45.982] [Part 01] Running compression...
[20:17:46.249] [Part 03] Running compression...
[20:17:46.259] [Part 09] Running compression...
[20:20:10.017] [Part 00] Done!
[20:20:15.850] [Part 07] Done!
[20:20:16.350] [Part 00] Instance terminated.
[20:20:21.997] [Part 07] Instance terminated.
[20:20:29.551] [Part 09] Done!
[20:20:31.357] [Part 09] Instance terminated.
[20:20:36.566] [Part 02] Done!
[20:20:38.057] [Part 02] Instance terminated.
[20:20:48.742] [Part 06] Done!
[20:20:50.284] [Part 05] Done!
[20:20:50.446] [Part 06] Instance terminated.
[20:20:53.335] [Part 05] Instance terminated.
[20:21:04.576] [Part 08] Done!
[20:21:09.078] [Part 03] Done!
[20:21:10.675] [Part 03] Instance terminated.
[20:21:10.781] [Part 08] Instance terminated.
[20:21:18.806] [Part 04] Done!
[20:21:19.862] [Part 04] Instance terminated.
[20:21:22.465] [Part 01] Done!
[20:21:23.666] [Part 01] Instance terminated.
[20:21:23.669] ============================================================
[20:21:23.669] RESULTS — 10x c7g.large Horizontal OPTIMIZED
[20:21:23.669]   Total Time:    304.38s (5.07 min)
[20:21:23.669]   Split Time:    1.20s
[20:21:23.669]   Parallel Time: 303.18s (5.05 min)
[20:21:23.669] ============================================================
