[20:41:56.698] === Phase 3.2 OPTIMIZED Horizontal: 10x c7g.large ===
[20:41:56.698] AMI: ami-0976d56fa61f42304 (ffmpeg pre-installed) | Codec: libx265 | Threads: 5
[20:41:56.698] [Setup] Starting video split...
[20:41:56.741] [Setup] Video: 600.0s → 10 parts of 60.0s
[20:41:57.926] [Setup] Video split complete.
[20:41:57.926] [Summary] SPLIT TIME: 1.23s
[20:41:58.726] [Part 09] Launching c7g.large...[20:41:58.728] [Part 03] Launching c7g.large...

[20:41:58.752] [Part 07] Launching c7g.large...
[20:41:58.756] [Part 04] Launching c7g.large...
[20:41:58.764] [Part 05] Launching c7g.large...
[20:41:58.770] [Part 00] Launching c7g.large...
[20:41:58.776] [Part 02] Launching c7g.large...
[20:41:58.780] [Part 01] Launching c7g.large...
[20:41:58.787] [Part 06] Launching c7g.large...
[20:41:58.793] [Part 08] Launching c7g.large...
[20:42:16.342] [Part 09] Instance ready. IP: 3.80.196.59
[20:42:16.378] [Part 04] Instance ready. IP: 54.88.154.72
[20:42:16.404] [Part 00] Instance ready. IP: 98.83.139.39
[20:42:16.459] [Part 03] Instance ready. IP: 98.83.117.176
[20:42:16.484] [Part 07] Instance ready. IP: 3.92.26.189
[20:42:16.528] [Part 08] Instance ready. IP: 100.30.202.74
[20:42:16.535] [Part 02] Instance ready. IP: 100.30.216.179
[20:42:16.559] [Part 06] Instance ready. IP: 13.221.28.77
[20:42:16.572] [Part 05] Instance ready. IP: 34.230.34.112
[20:42:16.920] [Part 01] Instance ready. IP: 3.88.151.140
[20:42:48.542] [Part 03] CPU: aarch64
CPU part	: 0xd40
[20:42:48.575] [Part 09] CPU: aarch64
CPU part	: 0xd40
[20:42:48.630] [Part 07] CPU: aarch64
CPU part	: 0xd40
[20:42:48.676] [Part 05] CPU: aarch64
CPU part	: 0xd40
[20:42:48.691] [Part 04] CPU: aarch64
CPU part	: 0xd40
[20:42:48.722] [Part 00] CPU: aarch64
CPU part	: 0xd40
[20:42:48.722] [Part 02] CPU: aarch64
CPU part	: 0xd40
[20:42:48.747] [Part 06] CPU: aarch64
CPU part	: 0xd40
[20:42:48.876] [Part 08] CPU: aarch64
CPU part	: 0xd40
[20:42:49.099] [Part 01] CPU: aarch64
CPU part	: 0xd40
[20:42:49.128] [Part 03] Uploading segment...
[20:42:49.165] [Part 09] Uploading segment...
[20:42:49.238] [Part 07] Uploading segment...
[20:42:49.267] [Part 05] Uploading segment...
[20:42:49.269] [Part 04] Uploading segment...
[20:42:49.310] [Part 02] Uploading segment...
[20:42:49.328] [Part 00] Uploading segment...
[20:42:49.356] [Part 06] Uploading segment...
[20:42:49.487] [Part 08] Uploading segment...
[20:42:49.711] [Part 01] Uploading segment...
[20:42:52.478] [Part 04] Running compression...
[20:42:52.960] [Part 09] Running compression...
[20:42:53.135] [Part 07] Running compression...
[20:42:54.160] [Part 00] Running compression...
[20:42:54.413] [Part 02] Running compression...
[20:42:54.476] [Part 05] Running compression...
[20:42:56.670] [Part 01] Running compression...
[20:44:01.388] [Part 08] Running compression...
[20:44:01.839] [Part 06] Running compression...
[20:44:03.732] [Part 03] Running compression...
[20:44:09.174] [Part 01] Done!
[20:44:10.215] [Part 01] Instance terminated.
[20:44:16.386] [Part 04] Done!
[20:44:17.105] [Part 05] Done!
[20:44:17.453] [Part 02] Done!
[20:44:17.493] [Part 04] Instance terminated.
[20:44:18.138] [Part 05] Instance terminated.
[20:44:18.495] [Part 02] Instance terminated.
[20:44:19.034] [Part 07] Done!
[20:44:19.771] [Part 00] Done!
[20:44:20.052] [Part 07] Instance terminated.
[20:44:20.814] [Part 00] Instance terminated.
[20:44:25.796] [Part 09] Done!
[20:44:26.792] [Part 09] Instance terminated.
[20:45:17.246] [Part 06] Done!
[20:45:18.294] [Part 06] Instance terminated.
[20:45:19.937] [Part 03] Done!
[20:45:20.972] [Part 03] Instance terminated.
[20:45:22.405] [Part 08] Done!
[20:45:23.422] [Part 08] Instance terminated.
[20:45:23.423] ============================================================
[20:45:23.423] RESULTS — 10x c7g.large Horizontal OPTIMIZED
[20:45:23.423]   Total Time:    206.73s (3.45 min)
[20:45:23.423]   Split Time:    1.23s
[20:45:23.423]   Parallel Time: 205.50s (3.42 min)
[20:45:23.424] ============================================================
