[20:10:59.220] === Phase 3.2 OPTIMIZED Horizontal: 10x c7g.large ===
[20:10:59.220] AMI: ami-0976d56fa61f42304 (ffmpeg pre-installed) | Codec: libx265 | Threads: 5
[20:10:59.220] [Setup] Starting video split...
[20:10:59.265] [Setup] Video: 600.0s → 10 parts of 60.0s
[20:11:00.531] [Setup] Video split complete.
[20:11:00.531] [Summary] SPLIT TIME: 1.31s
[20:11:01.458] [Part 04] Launching c7g.large...
[20:11:01.495] [Part 05] Launching c7g.large...
[20:11:01.501] [Part 08] Launching c7g.large...
[20:11:01.511] [Part 09] Launching c7g.large...[20:11:01.518] [Part 02] Launching c7g.large...

[20:11:01.535] [Part 07] Launching c7g.large...
[20:11:01.542] [Part 06] Launching c7g.large...
[20:11:01.548] [Part 03] Launching c7g.large...
[20:11:01.560] [Part 00] Launching c7g.large...
[20:11:01.567] [Part 01] Launching c7g.large...
[20:11:19.725] [Part 04] Instance ready. IP: 54.147.253.148
[20:11:19.783] [Part 07] Instance ready. IP: 3.85.77.91
[20:11:19.932] [Part 02] Instance ready. IP: 54.87.149.26
[20:11:19.969] [Part 09] Instance ready. IP: 54.173.168.127
[20:11:20.083] [Part 03] Instance ready. IP: 54.211.254.22
[20:11:20.099] [Part 00] Instance ready. IP: 54.161.112.83
[20:11:20.130] [Part 06] Instance ready. IP: 54.162.243.134
[20:11:20.196] [Part 05] Instance ready. IP: 100.48.18.218
[20:11:20.317] [Part 01] Instance ready. IP: 54.224.37.52
[20:11:20.352] [Part 08] Instance ready. IP: 54.81.243.36
[20:11:51.937] [Part 04] CPU: aarch64
CPU part	: 0xd40
[20:11:52.097] [Part 02] CPU: aarch64
CPU part	: 0xd40
[20:11:52.102] [Part 09] CPU: aarch64
CPU part	: 0xd40
[20:11:52.118] [Part 07] CPU: aarch64
CPU part	: 0xd40
[20:11:52.180] [Part 00] CPU: aarch64
CPU part	: 0xd40
[20:11:52.235] [Part 06] CPU: aarch64
CPU part	: 0xd40
[20:11:52.443] [Part 03] CPU: aarch64
CPU part	: 0xd40
[20:11:52.444] [Part 05] CPU: aarch64
CPU part	: 0xd40
[20:11:52.537] [Part 04] Uploading segment...
[20:11:52.648] [Part 00] Uploading segment...
[20:11:52.689] [Part 09] Uploading segment...
[20:11:52.695] [Part 06] Uploading segment...
[20:11:52.723] [Part 02] Uploading segment...
[20:11:52.723] [Part 07] Uploading segment...
[20:11:52.777] [Part 01] CPU: aarch64
CPU part	: 0xd40
[20:11:52.786] [Part 08] CPU: aarch64
CPU part	: 0xd40
[20:11:53.027] [Part 03] Uploading segment...
[20:11:53.056] [Part 05] Uploading segment...
[20:11:53.401] [Part 01] Uploading segment...
[20:11:53.480] [Part 08] Uploading segment...
[20:11:57.977] [Part 06] Running compression...
[20:11:59.566] [Part 00] Running compression...
[20:12:04.034] [Part 04] Running compression...
[20:12:11.078] [Part 07] Running compression...
[20:12:14.038] [Part 02] Running compression...
[20:12:18.673] [Part 09] Running compression...
[20:12:19.665] [Part 08] Running compression...
[20:12:25.519] [Part 01] Running compression...
[20:12:26.558] [Part 03] Running compression...
[20:12:28.099] [Part 05] Running compression...
[20:13:20.929] [Part 06] Done!
[20:13:21.986] [Part 06] Instance terminated.
[20:13:35.234] [Part 00] Done!
[20:13:39.192] [Part 00] Instance terminated.
[20:13:59.630] [Part 07] Done!
[20:14:12.013] [Part 07] Instance terminated.
[20:14:12.236] [Part 01] Done!
[20:14:23.974] [Part 01] Instance terminated.
[20:14:52.523] [Part 09] Done!
[20:14:58.568] [Part 09] Instance terminated.
[20:15:00.305] [Part 02] Done!
[20:15:03.923] [Part 02] Instance terminated.
[20:15:15.499] [Part 05] Done!
[20:15:18.000] [Part 05] Instance terminated.
[20:15:36.613] [Part 04] Done!
[20:15:37.658] [Part 04] Instance terminated.
[20:15:52.097] [Part 03] Done!
[20:15:53.473] [Part 03] Instance terminated.
[20:16:09.592] [Part 08] Done!
[20:16:10.677] [Part 08] Instance terminated.
[20:16:10.679] ============================================================
[20:16:10.679] RESULTS — 10x c7g.large Horizontal OPTIMIZED
[20:16:10.679]   Total Time:    311.46s (5.19 min)
[20:16:10.679]   Split Time:    1.31s
[20:16:10.679]   Parallel Time: 310.15s (5.17 min)
[20:16:10.679] ============================================================
