[20:36:58.566] === Phase 3.2 OPTIMIZED Horizontal: 10x c7g.large ===
[20:36:58.566] AMI: ami-0976d56fa61f42304 (ffmpeg pre-installed) | Codec: libx265 | Threads: 5
[20:36:58.566] [Setup] Starting video split...
[20:36:58.615] [Setup] Video: 600.0s → 10 parts of 60.0s
[20:37:00.011] [Setup] Video split complete.
[20:37:00.011] [Summary] SPLIT TIME: 1.44s
[20:37:00.685] [Part 07] Launching c7g.large...
[20:37:00.755] [Part 04] Launching c7g.large...
[20:37:00.818] [Part 08] Launching c7g.large...
[20:37:00.855] [Part 01] Launching c7g.large...
[20:37:00.864] [Part 05] Launching c7g.large...
[20:37:00.876] [Part 09] Launching c7g.large...
[20:37:00.890] [Part 06] Launching c7g.large...
[20:37:00.893] [Part 03] Launching c7g.large...
[20:37:00.909] [Part 00] Launching c7g.large...
[20:37:00.917] [Part 02] Launching c7g.large...
[20:37:18.691] [Part 08] Instance ready. IP: 18.212.118.125
[20:37:18.777] [Part 06] Instance ready. IP: 52.90.180.30
[20:37:18.914] [Part 01] Instance ready. IP: 3.89.199.178
[20:37:18.916] [Part 03] Instance ready. IP: 3.87.159.192
[20:37:18.954] [Part 09] Instance ready. IP: 34.203.232.176
[20:37:19.035] [Part 00] Instance ready. IP: 13.223.41.135
[20:37:19.204] [Part 07] Instance ready. IP: 54.211.3.29
[20:37:19.577] [Part 04] Instance ready. IP: 54.81.153.194
[20:37:19.703] [Part 02] Instance ready. IP: 3.91.18.152
[20:37:20.162] [Part 05] Instance ready. IP: 3.93.62.144
[20:37:56.473] [Part 09] CPU: aarch64
CPU part	: 0xd40
[20:37:57.026] [Part 01] CPU: aarch64
CPU part	: 0xd40
[20:38:00.883] [Part 05] CPU: aarch64
CPU part	: 0xd40
[20:38:01.391] [Part 06] CPU: aarch64
CPU part	: 0xd40
[20:38:01.644] [Part 00] CPU: aarch64
CPU part	: 0xd40
[20:38:02.065] [Part 08] CPU: aarch64
CPU part	: 0xd40
[20:38:02.066] [Part 02] CPU: aarch64
CPU part	: 0xd40
[20:38:02.198] [Part 01] Uploading segment...
[20:38:02.435] [Part 09] Uploading segment...
[20:38:03.130] [Part 07] CPU: aarch64
CPU part	: 0xd40
[20:38:05.330] [Part 00] Uploading segment...
[20:38:10.544] [Part 04] CPU: aarch64
CPU part	: 0xd40
[20:38:10.842] [Part 02] Uploading segment...
[20:38:11.263] [Part 06] Uploading segment...
[20:38:11.608] [Part 05] Uploading segment...
[20:38:13.509] [Part 08] Uploading segment...
[20:38:14.073] [Part 03] CPU: aarch64
CPU part	: 0xd40
[20:38:14.984] [Part 04] Uploading segment...
[20:38:15.607] [Part 07] Uploading segment...
[20:38:16.662] [Part 03] Uploading segment...
[20:39:38.135] [Part 08] Running compression...
[20:39:42.449] [Part 04] Running compression...
[20:39:45.052] [Part 00] Running compression...
[20:39:50.678] [Part 01] Running compression...
[20:40:02.832] [Part 02] Running compression...
[20:40:14.922] [Part 05] Running compression...
[20:40:15.688] [Part 09] Running compression...
[20:40:16.128] [Part 03] Running compression...
[20:40:16.173] [Part 06] Running compression...
[20:40:22.546] [Part 07] Running compression...
[20:41:14.950] [Part 01] Done!
[20:41:15.952] [Part 01] Instance terminated.
[20:41:28.431] [Part 08] Done!
[20:41:28.436] [Part 02] Done!
[20:41:29.531] [Part 08] Instance terminated.
[20:41:29.548] [Part 02] Instance terminated.
[20:41:30.139] [Part 00] Done!
[20:41:31.156] [Part 00] Instance terminated.
[20:41:33.675] [Part 04] Done!
[20:41:34.691] [Part 04] Instance terminated.
[20:41:39.304] [Part 09] Done!
[20:41:40.315] [Part 09] Instance terminated.
[20:41:41.737] [Part 05] Done!
[20:41:41.950] [Part 03] Done!
[20:41:47.529] [Part 06] Done!
[20:41:47.772] [Part 05] Instance terminated.
[20:41:47.796] [Part 03] Instance terminated.
[20:41:53.764] [Part 06] Instance terminated.
[20:41:55.118] [Part 07] Done!
[20:41:56.332] [Part 07] Instance terminated.
[20:41:56.334] ============================================================
[20:41:56.334] RESULTS — 10x c7g.large Horizontal OPTIMIZED
[20:41:56.334]   Total Time:    297.77s (4.96 min)
[20:41:56.334]   Split Time:    1.44s
[20:41:56.334]   Parallel Time: 296.32s (4.94 min)
[20:41:56.334] ============================================================
