[20:21:11.197] === Phase 3.2 OPTIMIZED Horizontal: 10x c7g.large ===
[20:21:11.197] AMI: ami-0976d56fa61f42304 (ffmpeg pre-installed) | Codec: libx265 | Threads: 5
[20:21:11.197] [Setup] Starting video split...
[20:21:11.241] [Setup] Video: 600.0s → 10 parts of 60.0s
[20:21:12.455] [Setup] Video split complete.
[20:21:12.455] [Summary] SPLIT TIME: 1.26s
[20:21:13.287] [Part 09] Launching c7g.large...[20:21:13.288] [Part 07] Launching c7g.large...[20:21:13.290] [Part 02] Launching c7g.large...


[20:21:13.301] [Part 05] Launching c7g.large...
[20:21:13.308] [Part 04] Launching c7g.large...
[20:21:13.315] [Part 08] Launching c7g.large...
[20:21:13.325] [Part 06] Launching c7g.large...
[20:21:13.336] [Part 01] Launching c7g.large...
[20:21:13.339] [Part 00] Launching c7g.large...
[20:21:13.349] [Part 03] Launching c7g.large...
[20:21:31.217] [Part 04] Instance ready. IP: 3.92.163.101
[20:21:31.300] [Part 01] Instance ready. IP: 18.232.77.127
[20:21:31.316] [Part 00] Instance ready. IP: 100.30.219.223
[20:21:31.349] [Part 03] Instance ready. IP: 52.90.214.3
[20:21:31.381] [Part 06] Instance ready. IP: 98.91.235.57
[20:21:31.670] [Part 02] Instance ready. IP: 50.16.134.64
[20:21:31.682] [Part 08] Instance ready. IP: 54.204.53.175
[20:21:31.687] [Part 05] Instance ready. IP: 54.198.178.4
[20:21:32.124] [Part 07] Instance ready. IP: 54.162.201.230
[20:21:32.192] [Part 09] Instance ready. IP: 54.173.167.117
[20:22:03.458] [Part 01] CPU: aarch64
CPU part	: 0xd40
[20:22:03.520] [Part 04] CPU: aarch64
CPU part	: 0xd40
[20:22:03.572] [Part 00] CPU: aarch64
CPU part	: 0xd40
[20:22:03.765] [Part 05] CPU: aarch64
CPU part	: 0xd40
[20:22:03.805] [Part 03] CPU: aarch64
CPU part	: 0xd40
[20:22:03.820] [Part 06] CPU: aarch64
CPU part	: 0xd40
[20:22:03.883] [Part 02] CPU: aarch64
CPU part	: 0xd40
[20:22:03.939] [Part 08] CPU: aarch64
CPU part	: 0xd40
[20:22:04.040] [Part 01] Uploading segment...
[20:22:04.113] [Part 04] Uploading segment...
[20:22:04.144] [Part 07] CPU: aarch64
CPU part	: 0xd40
[20:22:04.178] [Part 00] Uploading segment...
[20:22:04.343] [Part 05] Uploading segment...
[20:22:04.383] [Part 03] Uploading segment...
[20:22:04.399] [Part 09] CPU: aarch64
CPU part	: 0xd40
[20:22:04.435] [Part 06] Uploading segment...
[20:22:04.468] [Part 02] Uploading segment...
[20:22:04.514] [Part 08] Uploading segment...
[20:22:04.581] [Part 07] Uploading segment...
[20:22:05.061] [Part 09] Uploading segment...
[20:22:07.916] [Part 01] Running compression...
[20:22:12.173] [Part 04] Running compression...
[20:22:14.154] [Part 00] Running compression...
[20:22:14.248] [Part 05] Running compression...
[20:22:14.766] [Part 07] Running compression...
[20:22:16.084] [Part 03] Running compression...
[20:22:16.976] [Part 02] Running compression...
[20:22:17.079] [Part 09] Running compression...
[20:22:17.274] [Part 06] Running compression...
[20:22:17.401] [Part 08] Running compression...
[20:23:19.440] [Part 01] Done!
[20:23:20.566] [Part 01] Instance terminated.
[20:23:34.340] [Part 05] Done!
[20:23:35.930] [Part 05] Instance terminated.
[20:23:41.702] [Part 09] Done!
[20:23:43.521] [Part 09] Instance terminated.
[20:24:15.536] [Part 00] Done!
[20:24:15.666] [Part 06] Done!
[20:24:21.812] [Part 06] Instance terminated.
[20:24:21.848] [Part 00] Instance terminated.
[20:24:32.321] [Part 02] Done!
[20:24:41.072] [Part 02] Instance terminated.
[20:24:46.677] [Part 07] Done!
[20:24:50.791] [Part 07] Instance terminated.
[20:24:58.300] [Part 04] Done!
[20:24:59.273] [Part 08] Done!
[20:24:59.615] [Part 04] Instance terminated.
[20:25:00.384] [Part 08] Instance terminated.
[20:25:45.641] [Part 03] Done!
[20:25:46.723] [Part 03] Instance terminated.
[20:25:46.725] ============================================================
[20:25:46.725] RESULTS — 10x c7g.large Horizontal OPTIMIZED
[20:25:46.725]   Total Time:    275.53s (4.59 min)
[20:25:46.725]   Split Time:    1.26s
[20:25:46.725]   Parallel Time: 274.27s (4.57 min)
[20:25:46.725] ============================================================
