[20:16:11.207] === Phase 3.2 OPTIMIZED Horizontal: 10x c7g.large ===
[20:16:11.207] AMI: ami-0976d56fa61f42304 (ffmpeg pre-installed) | Codec: libx265 | Threads: 5
[20:16:11.207] [Setup] Starting video split...
[20:16:11.253] [Setup] Video: 600.0s → 10 parts of 60.0s
[20:16:12.553] [Setup] Video split complete.
[20:16:12.553] [Summary] SPLIT TIME: 1.35s
[20:16:13.408] [Part 07] Launching c7g.large...
[20:16:13.427] [Part 08] Launching c7g.large...
[20:16:13.429] [Part 09] Launching c7g.large...
[20:16:13.435] [Part 06] Launching c7g.large...
[20:16:13.450] [Part 01] Launching c7g.large...
[20:16:13.458] [Part 03] Launching c7g.large...
[20:16:13.461] [Part 00] Launching c7g.large...
[20:16:13.463] [Part 05] Launching c7g.large...
[20:16:13.470] [Part 04] Launching c7g.large...
[20:16:13.477] [Part 02] Launching c7g.large...
[20:16:31.543] [Part 09] Instance ready. IP: 100.31.249.179
[20:16:31.577] [Part 03] Instance ready. IP: 34.238.160.247
[20:16:31.823] [Part 02] Instance ready. IP: 54.80.90.17
[20:16:31.841] [Part 07] Instance ready. IP: 54.198.129.128
[20:16:31.911] [Part 00] Instance ready. IP: 13.217.20.172
[20:16:31.943] [Part 04] Instance ready. IP: 3.91.87.145
[20:16:31.947] [Part 05] Instance ready. IP: 100.48.15.46
[20:16:32.079] [Part 06] Instance ready. IP: 32.192.205.14
[20:16:32.456] [Part 01] Instance ready. IP: 54.196.23.218
[20:16:32.625] [Part 08] Instance ready. IP: 18.215.248.87
[20:17:03.628] [Part 09] CPU: aarch64
CPU part	: 0xd40
[20:17:03.759] [Part 03] CPU: aarch64
CPU part	: 0xd40
[20:17:03.992] [Part 07] CPU: aarch64
CPU part	: 0xd40
[20:17:04.052] [Part 02] CPU: aarch64
CPU part	: 0xd40
[20:17:04.178] [Part 00] CPU: aarch64
CPU part	: 0xd40
[20:17:04.192] [Part 04] CPU: aarch64
CPU part	: 0xd40
[20:17:04.210] [Part 05] CPU: aarch64
CPU part	: 0xd40
[20:17:04.221] [Part 09] Uploading segment...
[20:17:04.346] [Part 03] Uploading segment...
[20:17:04.356] [Part 06] CPU: aarch64
CPU part	: 0xd40
[20:17:04.641] [Part 07] Uploading segment...
[20:17:04.687] [Part 02] Uploading segment...
[20:17:04.699] [Part 08] CPU: aarch64
CPU part	: 0xd40
[20:17:04.727] [Part 01] CPU: aarch64
CPU part	: 0xd40
[20:17:04.841] [Part 00] Uploading segment...
[20:17:04.861] [Part 05] Uploading segment...
[20:17:04.862] [Part 04] Uploading segment...
[20:17:05.063] [Part 06] Uploading segment...
[20:17:05.490] [Part 08] Uploading segment...
[20:17:05.492] [Part 01] Uploading segment...
[20:17:24.956] [Part 07] Running compression...
[20:17:30.077] [Part 09] Running compression...
[20:17:30.614] [Part 02] Running compression...
[20:17:34.679] [Part 08] Running compression...
[20:17:36.481] [Part 00] Running compression...
[20:17:41.621] [Part 04] Running compression...
[20:17:43.092] [Part 03] Running compression...
[20:17:43.126] [Part 01] Running compression...
[20:17:43.304] [Part 05] Running compression...
[20:17:43.547] [Part 06] Running compression...
[20:19:00.714] [Part 00] Done!
[20:19:03.817] [Part 00] Instance terminated.
[20:20:10.039] [Part 08] Done!
[20:20:15.452] [Part 08] Instance terminated.
[20:20:20.170] [Part 09] Done!
[20:20:24.693] [Part 07] Done!
[20:20:26.027] [Part 09] Instance terminated.
[20:20:27.892] [Part 07] Instance terminated.
[20:20:38.504] [Part 01] Done!
[20:20:39.732] [Part 01] Instance terminated.
[20:20:42.298] [Part 05] Done!
[20:20:46.060] [Part 05] Instance terminated.
[20:20:50.288] [Part 06] Done!
[20:20:52.480] [Part 06] Instance terminated.
[20:21:16.068] [Part 04] Done!
[20:21:18.063] [Part 03] Done!
[20:21:18.306] [Part 04] Instance terminated.
[20:21:19.093] [Part 03] Instance terminated.
[20:21:26.072] [Part 02] Done!
[20:21:27.143] [Part 02] Instance terminated.
[20:21:27.144] ============================================================
[20:21:27.144] RESULTS — 10x c7g.large Horizontal OPTIMIZED
[20:21:27.144]   Total Time:    315.94s (5.27 min)
[20:21:27.144]   Split Time:    1.35s
[20:21:27.144]   Parallel Time: 314.59s (5.24 min)
[20:21:27.144] ============================================================
