[20:36:58.499] === Phase 3.2 OPTIMIZED Horizontal: 10x c7g.large ===
[20:36:58.499] AMI: ami-0976d56fa61f42304 (ffmpeg pre-installed) | Codec: libx265 | Threads: 5
[20:36:58.499] [Setup] Starting video split...
[20:36:58.545] [Setup] Video: 600.0s → 10 parts of 60.0s
[20:37:00.015] [Setup] Video split complete.
[20:37:00.015] [Summary] SPLIT TIME: 1.52s
[20:37:00.888] [Part 08] Launching c7g.large...
[20:37:00.948] [Part 01] Launching c7g.large...
[20:37:00.972] [Part 05] Launching c7g.large...
[20:37:00.982] [Part 09] Launching c7g.large...
[20:37:01.007] [Part 04] Launching c7g.large...
[20:37:01.016] [Part 06] Launching c7g.large...
[20:37:01.027] [Part 02] Launching c7g.large...
[20:37:01.044] [Part 03] Launching c7g.large...
[20:37:01.048] [Part 07] Launching c7g.large...
[20:37:01.057] [Part 00] Launching c7g.large...
[20:37:18.908] [Part 09] Instance ready. IP: 54.172.9.193
[20:37:18.963] [Part 05] Instance ready. IP: 3.84.152.182
[20:37:19.005] [Part 03] Instance ready. IP: 34.230.33.236
[20:37:19.257] [Part 01] Instance ready. IP: 34.235.149.111
[20:37:19.259] [Part 08] Instance ready. IP: 54.89.76.50
[20:37:24.924] [Part 06] Instance ready. IP: 54.81.211.185
[20:37:26.090] [Part 00] Instance ready. IP: 54.198.250.93
[20:37:26.408] [Part 07] Instance ready. IP: 100.24.41.97
[20:37:26.652] [Part 02] Instance ready. IP: 3.92.28.212
[20:37:30.552] [Part 04] Instance ready. IP: 54.161.65.131
[20:37:57.184] [Part 03] CPU: aarch64
CPU part	: 0xd40
[20:38:00.661] [Part 05] CPU: aarch64
CPU part	: 0xd40
[20:38:01.843] [Part 09] CPU: aarch64
CPU part	: 0xd40
[20:38:01.987] [Part 03] Uploading segment...
[20:38:02.929] [Part 01] CPU: aarch64
CPU part	: 0xd40
[20:38:03.100] [Part 08] CPU: aarch64
CPU part	: 0xd40
[20:38:05.460] [Part 09] Uploading segment...
[20:38:10.586] [Part 05] Uploading segment...
[20:38:13.431] [Part 07] CPU: aarch64
CPU part	: 0xd40
[20:38:13.465] [Part 08] Uploading segment...
[20:38:14.086] [Part 01] Uploading segment...
[20:38:14.419] [Part 00] CPU: aarch64
CPU part	: 0xd40
[20:38:15.669] [Part 07] Uploading segment...
[20:38:17.040] [Part 02] CPU: aarch64
CPU part	: 0xd40
[20:38:17.258] [Part 06] CPU: aarch64
CPU part	: 0xd40
[20:38:18.374] [Part 04] CPU: aarch64
CPU part	: 0xd40
[20:38:21.001] [Part 00] Uploading segment...
[20:38:23.439] [Part 06] Uploading segment...
[20:38:25.225] [Part 04] Uploading segment...
[20:38:26.252] [Part 02] Uploading segment...
[20:39:39.858] [Part 09] Running compression...
[20:39:39.895] [Part 08] Running compression...
[20:39:40.172] [Part 03] Running compression...
[20:40:15.299] [Part 01] Running compression...
[20:40:16.766] [Part 07] Running compression...
[20:40:17.441] [Part 00] Running compression...
[20:40:19.097] [Part 06] Running compression...
[20:40:23.452] [Part 04] Running compression...
[20:40:30.574] [Part 05] Running compression...
[20:40:30.643] [Part 02] Running compression...
[20:41:19.695] [Part 08] Done!
[20:41:20.693] [Part 08] Instance terminated.
[20:41:28.229] [Part 03] ERROR: size mismatch in get!  32768 != 11170870
[20:41:29.548] [Part 03] Instance terminated.
[20:41:30.878] [Part 09] Done!
[20:41:31.910] [Part 09] Instance terminated.
[20:41:38.075] [Part 01] Done!
[20:41:39.192] [Part 01] Instance terminated.
[20:41:47.391] [Part 00] Done!
[20:41:48.399] [Part 00] Instance terminated.
[20:41:53.504] [Part 06] Done!
[20:41:54.727] [Part 07] Done!
[20:41:54.804] [Part 06] Instance terminated.
[20:41:55.574] [Part 04] Done!
[20:41:55.862] [Part 07] Instance terminated.
[20:41:56.895] [Part 04] Instance terminated.
[20:42:01.550] [Part 02] Done!
[20:42:02.396] [Part 05] Done!
[20:42:02.635] [Part 02] Instance terminated.
[20:42:03.444] [Part 05] Instance terminated.
[20:42:03.445] ============================================================
[20:42:03.445] RESULTS — 10x c7g.large Horizontal OPTIMIZED
[20:42:03.445]   Total Time:    304.95s (5.08 min)
[20:42:03.445]   Split Time:    1.52s
[20:42:03.445]   Parallel Time: 303.43s (5.06 min)
[20:42:03.445] ============================================================
