[20:25:35.744] === Phase 3.2 OPTIMIZED Horizontal: 10x c7g.large ===
[20:25:35.744] AMI: ami-0976d56fa61f42304 (ffmpeg pre-installed) | Codec: libx265 | Threads: 5
[20:25:35.744] [Setup] Starting video split...
[20:25:35.792] [Setup] Video: 600.0s → 10 parts of 60.0s
[20:25:36.961] [Setup] Video split complete.
[20:25:36.961] [Summary] SPLIT TIME: 1.22s
[20:25:37.759] [Part 09] Launching c7g.large...
[20:25:37.763] [Part 02] Launching c7g.large...
[20:25:37.785] [Part 07] Launching c7g.large...
[20:25:37.791] [Part 06] Launching c7g.large...
[20:25:37.803] [Part 01] Launching c7g.large...
[20:25:37.806] [Part 04] Launching c7g.large...
[20:25:37.813] [Part 08] Launching c7g.large...
[20:25:37.824] [Part 03] Launching c7g.large...[20:25:37.824] [Part 05] Launching c7g.large...

[20:25:37.831] [Part 00] Launching c7g.large...
[20:25:56.310] [Part 05] Instance ready. IP: 204.236.200.95
[20:25:56.474] [Part 04] Instance ready. IP: 54.82.217.148
[20:25:56.553] [Part 01] Instance ready. IP: 54.162.220.122
[20:25:56.556] [Part 06] Instance ready. IP: 54.167.232.60
[20:25:56.747] [Part 08] Instance ready. IP: 35.173.202.28
[20:25:56.769] [Part 00] Instance ready. IP: 54.89.132.44
[20:25:57.005] [Part 07] Instance ready. IP: 54.89.87.54
[20:25:57.089] [Part 09] Instance ready. IP: 54.89.103.233
[20:25:57.314] [Part 02] Instance ready. IP: 3.87.139.141
[20:25:57.528] [Part 03] Instance ready. IP: 35.153.204.170
[20:26:28.760] [Part 04] CPU: aarch64
CPU part	: 0xd40[20:26:28.760] [Part 01] CPU: aarch64
CPU part	: 0xd40

[20:26:28.760] [Part 05] CPU: aarch64
CPU part	: 0xd40
[20:26:29.000] [Part 06] CPU: aarch64
CPU part	: 0xd40
[20:26:29.001] [Part 08] CPU: aarch64
CPU part	: 0xd40
[20:26:29.183] [Part 00] CPU: aarch64
CPU part	: 0xd40
[20:26:29.385] [Part 09] CPU: aarch64
CPU part	: 0xd40
[20:26:29.588] [Part 01] Uploading segment...[20:26:29.588] [Part 04] Uploading segment...

[20:26:29.789] [Part 05] Uploading segment...
[20:26:29.794] [Part 06] Uploading segment...
[20:26:29.794] [Part 08] Uploading segment...
[20:26:29.795] [Part 07] CPU: aarch64
CPU part	: 0xd40
[20:26:29.999] [Part 02] CPU: aarch64
CPU part	: 0xd40
[20:26:30.000] [Part 00] Uploading segment...
[20:26:30.146] [Part 03] CPU: aarch64
CPU part	: 0xd40
[20:26:30.273] [Part 09] Uploading segment...
[20:26:30.441] [Part 07] Uploading segment...
[20:26:30.848] [Part 03] Uploading segment...
[20:26:31.149] [Part 02] Uploading segment...
[20:26:34.066] [Part 01] Running compression...
[20:26:35.164] [Part 04] Running compression...
[20:26:37.872] [Part 08] Running compression...
[20:26:38.401] [Part 06] Running compression...
[20:26:38.963] [Part 05] Running compression...
[20:26:39.785] [Part 00] Running compression...
[20:26:40.065] [Part 09] Running compression...
[20:26:40.588] [Part 07] Running compression...
[20:26:40.833] [Part 03] Running compression...
[20:26:46.143] [Part 02] Running compression...
[20:27:52.821] [Part 01] Done!
[20:27:53.977] [Part 01] Instance terminated.
[20:28:11.315] [Part 00] ERROR: size mismatch in get!  0 != 11246437
[20:28:14.226] [Part 00] Instance terminated.
[20:28:16.854] [Part 08] Done!
[20:28:19.794] [Part 08] Instance terminated.
[20:28:46.173] [Part 05] Done!
[20:29:01.336] [Part 09] Done!
[20:29:04.238] [Part 05] Instance terminated.
[20:29:17.145] [Part 09] Instance terminated.
[20:29:17.589] [Part 04] Done!
[20:29:19.876] [Part 06] Done!
[20:29:26.159] [Part 04] Instance terminated.
[20:29:28.064] [Part 06] Instance terminated.
[20:29:35.338] [Part 03] Done!
[20:29:36.859] [Part 03] Instance terminated.
[20:29:38.450] [Part 02] Done!
[20:29:39.633] [Part 02] Instance terminated.
[20:30:02.127] [Part 07] Done!
[20:30:03.286] [Part 07] Instance terminated.
[20:30:03.288] ============================================================
[20:30:03.288] RESULTS — 10x c7g.large Horizontal OPTIMIZED
[20:30:03.288]   Total Time:    267.54s (4.46 min)
[20:30:03.288]   Split Time:    1.22s
[20:30:03.288]   Parallel Time: 266.33s (4.44 min)
[20:30:03.288] ============================================================
