[20:45:24.861] === Phase 3.2 OPTIMIZED Horizontal: 10x c7g.large ===
[20:45:24.861] AMI: ami-0976d56fa61f42304 (ffmpeg pre-installed) | Codec: libx265 | Threads: 5
[20:45:24.861] [Setup] Starting video split...
[20:45:24.914] [Setup] Video: 600.0s → 10 parts of 60.0s
[20:45:26.268] [Setup] Video split complete.
[20:45:26.268] [Summary] SPLIT TIME: 1.41s
[20:45:26.763] [Part 00] Launching c7g.large...
[20:45:26.802] [Part 02] Launching c7g.large...
[20:45:26.842] [Part 09] Launching c7g.large...
[20:45:26.850] [Part 01] Launching c7g.large...
[20:45:26.861] [Part 07] Launching c7g.large...
[20:45:26.868] [Part 08] Launching c7g.large...
[20:45:26.874] [Part 06] Launching c7g.large...
[20:45:26.881] [Part 03] Launching c7g.large...
[20:45:26.891] [Part 04] Launching c7g.large...[20:45:26.892] [Part 05] Launching c7g.large...

[20:45:47.206] [Part 05] Instance ready. IP: 13.223.46.134
[20:45:47.282] [Part 06] Instance ready. IP: 100.29.9.94
[20:45:47.515] [Part 07] Instance ready. IP: 54.88.221.66
[20:45:48.851] [Part 08] Instance ready. IP: 18.209.163.1
[20:45:49.132] [Part 00] Instance ready. IP: 52.91.6.27
[20:45:49.746] [Part 09] Instance ready. IP: 54.91.148.245
[20:45:49.979] [Part 03] Instance ready. IP: 54.209.59.128
[20:45:50.378] [Part 01] Instance ready. IP: 13.217.90.1
[20:45:50.757] [Part 04] Instance ready. IP: 3.86.54.82
[20:45:53.517] [Part 02] Instance ready. IP: 54.162.96.31
[20:46:20.502] [Part 05] CPU: aarch64
CPU part	: 0xd40
[20:46:20.952] [Part 07] CPU: aarch64
CPU part	: 0xd40
[20:46:21.119] [Part 05] Uploading segment...
[20:46:21.265] [Part 08] CPU: aarch64
CPU part	: 0xd40
[20:46:21.433] [Part 00] CPU: aarch64
CPU part	: 0xd40
[20:46:21.535] [Part 07] Uploading segment...
[20:46:21.904] [Part 08] Uploading segment...
[20:46:22.014] [Part 06] CPU: aarch64
CPU part	: 0xd40
[20:46:22.081] [Part 00] Uploading segment...
[20:46:22.121] [Part 09] CPU: aarch64
CPU part	: 0xd40
[20:46:22.290] [Part 03] CPU: aarch64
CPU part	: 0xd40
[20:46:22.615] [Part 01] CPU: aarch64
CPU part	: 0xd40
[20:46:22.782] [Part 06] Uploading segment...
[20:46:22.805] [Part 09] Uploading segment...
[20:46:22.959] [Part 03] Uploading segment...
[20:46:23.158] [Part 05] Running compression...
[20:46:23.201] [Part 04] CPU: aarch64
CPU part	: 0xd40
[20:46:23.232] [Part 01] Uploading segment...
[20:46:23.844] [Part 04] Uploading segment...
[20:46:24.833] [Part 09] Running compression...
[20:46:25.516] [Part 03] Running compression...
[20:46:25.625] [Part 02] CPU: aarch64
CPU part	: 0xd40
[20:46:26.059] [Part 07] Running compression...
[20:46:26.109] [Part 02] Uploading segment...
[20:46:26.444] [Part 01] Running compression...
[20:46:27.648] [Part 00] Running compression...
[20:46:27.866] [Part 04] Running compression...
[20:46:27.875] [Part 02] Running compression...
[20:46:28.396] [Part 08] Running compression...
[20:46:31.856] [Part 06] Running compression...
[20:47:34.291] [Part 01] Done!
[20:47:35.395] [Part 01] Instance terminated.
[20:47:39.880] [Part 09] Done!
[20:47:40.949] [Part 09] Instance terminated.
[20:47:43.374] [Part 05] Done!
[20:47:44.699] [Part 05] Instance terminated.
[20:47:44.927] [Part 07] Done!
[20:47:45.290] [Part 02] Done!
[20:47:46.008] [Part 07] Instance terminated.
[20:47:46.331] [Part 02] Instance terminated.
[20:47:47.842] [Part 08] Done!
[20:47:48.888] [Part 03] Done!
[20:47:49.009] [Part 08] Instance terminated.
[20:47:49.950] [Part 03] Instance terminated.
[20:47:53.598] [Part 04] Done!
[20:47:53.621] [Part 00] Done!
[20:47:54.650] [Part 04] Instance terminated.
[20:47:54.653] [Part 00] Instance terminated.
[20:47:56.496] [Part 06] Done!
[20:47:57.526] [Part 06] Instance terminated.
[20:47:57.527] ============================================================
[20:47:57.527] RESULTS — 10x c7g.large Horizontal OPTIMIZED
[20:47:57.527]   Total Time:    152.67s (2.54 min)
[20:47:57.527]   Split Time:    1.41s
[20:47:57.528]   Parallel Time: 151.26s (2.52 min)
[20:47:57.528] ============================================================
