[20:34:52.755] === Phase 3.2 OPTIMIZED Horizontal: 10x c7g.large ===
[20:34:52.755] AMI: ami-0976d56fa61f42304 (ffmpeg pre-installed) | Codec: libx265 | Threads: 5
[20:34:52.755] [Setup] Starting video split...
[20:34:52.799] [Setup] Video: 600.0s → 10 parts of 60.0s
[20:34:54.130] [Setup] Video split complete.
[20:34:54.130] [Summary] SPLIT TIME: 1.38s
[20:34:54.908] [Part 07] Launching c7g.large...
[20:34:55.004] [Part 02] Launching c7g.large...
[20:34:55.017] [Part 04] Launching c7g.large...
[20:34:55.032] [Part 06] Launching c7g.large...
[20:34:55.052] [Part 08] Launching c7g.large...
[20:34:55.074] [Part 05] Launching c7g.large...
[20:34:55.083] [Part 09] Launching c7g.large...
[20:34:55.097] [Part 00] Launching c7g.large...
[20:34:55.106] [Part 01] Launching c7g.large...
[20:34:55.116] [Part 03] Launching c7g.large...
[20:35:12.684] [Part 04] Instance ready. IP: 34.201.171.212
[20:35:12.732] [Part 07] Instance ready. IP: 54.162.51.125
[20:35:12.788] [Part 03] Instance ready. IP: 54.166.193.239
[20:35:12.806] [Part 02] Instance ready. IP: 3.94.120.190
[20:35:12.817] [Part 08] Instance ready. IP: 54.158.16.228
[20:35:12.825] [Part 06] Instance ready. IP: 3.88.31.6
[20:35:12.830] [Part 05] Instance ready. IP: 34.230.83.121
[20:35:12.856] [Part 01] Instance ready. IP: 52.91.83.65
[20:35:12.984] [Part 00] Instance ready. IP: 54.224.81.87
[20:35:13.006] [Part 09] Instance ready. IP: 54.88.159.63
[20:35:44.805] [Part 07] CPU: aarch64
CPU part	: 0xd40
[20:35:44.828] [Part 04] CPU: aarch64
CPU part	: 0xd40
[20:35:44.924] [Part 03] CPU: aarch64
CPU part	: 0xd40
[20:35:44.964] [Part 02] CPU: aarch64
CPU part	: 0xd40
[20:35:45.002] [Part 05] CPU: aarch64
CPU part	: 0xd40
[20:35:45.042] [Part 08] CPU: aarch64
CPU part	: 0xd40
[20:35:45.077] [Part 01] CPU: aarch64
CPU part	: 0xd40
[20:35:45.104] [Part 06] CPU: aarch64
CPU part	: 0xd40
[20:35:45.129] [Part 00] CPU: aarch64
CPU part	: 0xd40
[20:35:45.137] [Part 09] CPU: aarch64
CPU part	: 0xd40
[20:35:45.247] [Part 07] Uploading segment...
[20:35:45.445] [Part 04] Uploading segment...
[20:35:45.510] [Part 03] Uploading segment...
[20:35:45.564] [Part 02] Uploading segment...
[20:35:45.602] [Part 05] Uploading segment...
[20:35:45.661] [Part 08] Uploading segment...
[20:35:45.683] [Part 01] Uploading segment...
[20:35:45.710] [Part 06] Uploading segment...
[20:35:45.743] [Part 00] Uploading segment...
[20:35:45.753] [Part 09] Uploading segment...
[20:35:50.112] [Part 07] Running compression...
[20:36:10.447] [Part 03] Running compression...
[20:36:11.716] [Part 05] Running compression...
[20:36:15.524] [Part 04] Running compression...
[20:36:16.270] [Part 08] Running compression...
[20:36:16.468] [Part 09] Running compression...
[20:36:16.726] [Part 00] Running compression...
[20:36:16.762] [Part 01] Running compression...
[20:36:16.822] [Part 02] Running compression...
[20:36:17.569] [Part 06] Running compression...
[20:37:15.665] [Part 07] Done!
[20:37:16.965] [Part 07] Instance terminated.
[20:37:42.863] [Part 03] Done!
[20:37:49.686] [Part 03] Instance terminated.
[20:39:29.964] [Part 09] Done!
[20:39:51.266] [Part 09] Instance terminated.
[20:40:16.186] [Part 00] Done!
[20:40:34.440] [Part 00] Instance terminated.
[20:40:37.938] [Part 05] Done!
[20:40:38.221] [Part 01] Done!
[20:40:45.819] [Part 05] Instance terminated.
[20:40:45.821] [Part 01] Instance terminated.
[20:40:47.031] [Part 04] Done!
[20:40:47.112] [Part 08] Done!
[20:40:53.418] [Part 08] Instance terminated.
[20:40:53.447] [Part 04] Instance terminated.
[20:41:21.213] [Part 02] Done!
[20:41:22.261] [Part 02] Instance terminated.
[20:41:23.368] [Part 06] Done!
[20:41:29.459] [Part 06] Instance terminated.
[20:41:29.460] ============================================================
[20:41:29.460] RESULTS — 10x c7g.large Horizontal OPTIMIZED
[20:41:29.460]   Total Time:    396.71s (6.61 min)
[20:41:29.460]   Split Time:    1.38s
[20:41:29.460]   Parallel Time: 395.33s (6.59 min)
[20:41:29.460] ============================================================
