[20:41:30.083] === Phase 3.2 OPTIMIZED Horizontal: 10x c7g.large ===
[20:41:30.083] AMI: ami-0976d56fa61f42304 (ffmpeg pre-installed) | Codec: libx265 | Threads: 5
[20:41:30.083] [Setup] Starting video split...
[20:41:30.130] [Setup] Video: 600.0s → 10 parts of 60.0s
[20:41:31.462] [Setup] Video split complete.
[20:41:31.462] [Summary] SPLIT TIME: 1.38s
[20:41:32.366] [Part 06] Launching c7g.large...
[20:41:32.374] [Part 08] Launching c7g.large...
[20:41:32.387] [Part 04] Launching c7g.large...
[20:41:32.391] [Part 02] Launching c7g.large...
[20:41:32.402] [Part 00] Launching c7g.large...
[20:41:32.405] [Part 07] Launching c7g.large...
[20:41:32.417] [Part 05] Launching c7g.large...
[20:41:32.424] [Part 01] Launching c7g.large...
[20:41:32.434] [Part 09] Launching c7g.large...
[20:41:32.443] [Part 03] Launching c7g.large...
[20:41:50.285] [Part 04] Instance ready. IP: 34.227.84.80
[20:41:50.316] [Part 02] Instance ready. IP: 54.175.140.162
[20:41:50.330] [Part 08] Instance ready. IP: 54.224.67.162[20:41:50.332] [Part 05] Instance ready. IP: 54.161.167.162

[20:41:50.348] [Part 03] Instance ready. IP: 54.159.87.206[20:41:50.350] [Part 07] Instance ready. IP: 13.217.45.25

[20:41:50.369] [Part 00] Instance ready. IP: 13.222.194.219
[20:41:50.373] [Part 09] Instance ready. IP: 32.192.216.187
[20:41:50.379] [Part 06] Instance ready. IP: 52.90.63.93
[20:41:50.650] [Part 01] Instance ready. IP: 3.81.157.225
[20:42:22.173] [Part 05] CPU: aarch64
CPU part	: 0xd40
[20:42:22.417] [Part 04] CPU: aarch64
CPU part	: 0xd40
[20:42:22.480] [Part 02] CPU: aarch64
CPU part	: 0xd40
[20:42:22.486] [Part 08] CPU: aarch64
CPU part	: 0xd40
[20:42:22.515] [Part 06] CPU: aarch64
CPU part	: 0xd40
[20:42:22.524] [Part 07] CPU: aarch64
CPU part	: 0xd40
[20:42:22.627] [Part 05] Uploading segment...
[20:42:22.674] [Part 09] CPU: aarch64
CPU part	: 0xd40
[20:42:22.742] [Part 00] CPU: aarch64
CPU part	: 0xd40
[20:42:22.772] [Part 03] CPU: aarch64
CPU part	: 0xd40
[20:42:22.817] [Part 01] CPU: aarch64
CPU part	: 0xd40
[20:42:23.025] [Part 04] Uploading segment...
[20:42:23.081] [Part 02] Uploading segment...
[20:42:23.092] [Part 08] Uploading segment...
[20:42:23.094] [Part 06] Uploading segment...
[20:42:23.113] [Part 07] Uploading segment...
[20:42:23.251] [Part 09] Uploading segment...
[20:42:23.336] [Part 00] Uploading segment...
[20:42:23.385] [Part 03] Uploading segment...
[20:42:23.436] [Part 01] Uploading segment...
[20:42:25.046] [Part 05] Running compression...
[20:42:32.225] [Part 04] Running compression...
[20:42:34.065] [Part 08] Running compression...
[20:42:34.086] [Part 01] Running compression...
[20:42:34.099] [Part 03] Running compression...
[20:42:34.101] [Part 02] Running compression...
[20:42:34.152] [Part 07] Running compression...
[20:42:34.204] [Part 06] Running compression...
[20:42:34.350] [Part 09] Running compression...
[20:42:34.362] [Part 00] Running compression...
[20:43:39.070] [Part 05] Done!
[20:43:40.137] [Part 05] Instance terminated.
[20:43:50.605] [Part 01] Done!
[20:43:51.867] [Part 01] Instance terminated.
[20:43:52.783] [Part 09] Done!
[20:43:54.377] [Part 09] Instance terminated.
[20:43:57.982] [Part 03] Done!
[20:43:59.010] [Part 04] Done!
[20:44:00.200] [Part 08] Done!
[20:44:00.301] [Part 03] Instance terminated.
[20:44:00.860] [Part 04] Instance terminated.
[20:44:01.944] [Part 08] Instance terminated.
[20:44:03.231] [Part 06] Done!
[20:44:04.906] [Part 06] Instance terminated.
[20:44:05.669] [Part 00] Done!
[20:44:06.699] [Part 00] Instance terminated.
[20:44:09.171] [Part 02] Done!
[20:44:10.195] [Part 02] Instance terminated.
[20:44:12.659] [Part 07] Done!
[20:44:13.760] [Part 07] Instance terminated.
[20:44:13.762] ============================================================
[20:44:13.762] RESULTS — 10x c7g.large Horizontal OPTIMIZED
[20:44:13.762]   Total Time:    163.68s (2.73 min)
[20:44:13.762]   Split Time:    1.38s
[20:44:13.762]   Parallel Time: 162.30s (2.70 min)
[20:44:13.762] ============================================================
