[20:30:03.776] === Phase 3.2 OPTIMIZED Horizontal: 10x c7g.large ===
[20:30:03.776] AMI: ami-0976d56fa61f42304 (ffmpeg pre-installed) | Codec: libx265 | Threads: 5
[20:30:03.776] [Setup] Starting video split...
[20:30:03.820] [Setup] Video: 600.0s → 10 parts of 60.0s
[20:30:05.014] [Setup] Video split complete.
[20:30:05.014] [Summary] SPLIT TIME: 1.24s
[20:30:05.801] [Part 00] Launching c7g.large...
[20:30:05.802] [Part 05] Launching c7g.large...
[20:30:05.809] [Part 09] Launching c7g.large...
[20:30:05.822] [Part 04] Launching c7g.large...
[20:30:05.827] [Part 03] Launching c7g.large...[20:30:05.829] [Part 01] Launching c7g.large...

[20:30:05.839] [Part 07] Launching c7g.large...
[20:30:05.849] [Part 02] Launching c7g.large...[20:30:05.851] [Part 08] Launching c7g.large...

[20:30:05.860] [Part 06] Launching c7g.large...
[20:30:23.566] [Part 05] Instance ready. IP: 3.90.173.232
[20:30:23.569] [Part 01] Instance ready. IP: 3.89.153.215
[20:30:23.618] [Part 07] Instance ready. IP: 100.30.219.161
[20:30:23.755] [Part 08] Instance ready. IP: 107.22.91.92
[20:30:23.828] [Part 09] Instance ready. IP: 54.80.234.85
[20:30:23.850] [Part 03] Instance ready. IP: 100.30.234.211
[20:30:23.866] [Part 04] Instance ready. IP: 13.221.194.165
[20:30:23.906] [Part 06] Instance ready. IP: 54.224.234.67
[20:30:23.920] [Part 02] Instance ready. IP: 18.212.114.47
[20:30:32.850] [Part 00] Instance ready. IP: 98.93.109.57
[20:30:56.056] [Part 07] CPU: aarch64
CPU part	: 0xd40
[20:30:56.168] [Part 01] CPU: aarch64
CPU part	: 0xd40
[20:30:56.220] [Part 08] CPU: aarch64
CPU part	: 0xd40
[20:30:56.270] [Part 04] CPU: aarch64
CPU part	: 0xd40
[20:30:56.270] [Part 03] CPU: aarch64
CPU part	: 0xd40
[20:30:56.366] [Part 09] CPU: aarch64
CPU part	: 0xd40
[20:30:56.764] [Part 06] CPU: aarch64
CPU part	: 0xd40
[20:30:56.775] [Part 07] Uploading segment...
[20:30:56.778] [Part 05] CPU: aarch64
CPU part	: 0xd40
[20:30:56.921] [Part 02] CPU: aarch64
CPU part	: 0xd40
[20:30:56.955] [Part 01] Uploading segment...
[20:30:56.956] [Part 08] Uploading segment...
[20:30:57.047] [Part 03] Uploading segment...
[20:30:57.089] [Part 04] Uploading segment...
[20:30:57.106] [Part 09] Uploading segment...
[20:30:57.549] [Part 05] Uploading segment...
[20:30:57.567] [Part 06] Uploading segment...
[20:30:57.732] [Part 02] Uploading segment...
[20:31:04.522] [Part 02] Running compression...
[20:31:05.686] [Part 00] CPU: aarch64
CPU part	: 0xd40
[20:31:06.522] [Part 00] Uploading segment...
[20:31:09.883] [Part 01] Running compression...
[20:31:10.542] [Part 08] Running compression...
[20:31:11.783] [Part 07] Running compression...
[20:31:18.709] [Part 00] Running compression...
[20:31:18.915] [Part 09] Running compression...
[20:31:21.870] [Part 06] Running compression...
[20:31:22.242] [Part 04] Running compression...
[20:31:22.859] [Part 03] Running compression...
[20:31:23.055] [Part 05] Running compression...
[20:32:47.740] [Part 01] Done!
[20:32:59.451] [Part 08] Done!
[20:33:02.004] [Part 01] Instance terminated.
[20:33:06.091] [Part 08] Instance terminated.
[20:33:37.071] [Part 02] Done!
[20:33:37.298] [Part 09] Done!
[20:33:39.995] [Part 02] Instance terminated.
[20:33:40.011] [Part 09] Instance terminated.
[20:33:41.353] [Part 03] Done!
[20:33:48.183] [Part 03] Instance terminated.
[20:34:08.264] [Part 05] Done!
[20:34:09.318] [Part 05] Instance terminated.
[20:34:23.674] [Part 07] Done!
[20:34:24.821] [Part 07] Instance terminated.
[20:34:25.669] [Part 04] Done!
[20:34:26.933] [Part 04] Instance terminated.
[20:34:33.868] [Part 06] Done!
[20:34:34.936] [Part 06] Instance terminated.
[20:34:51.050] [Part 00] Done!
[20:34:52.248] [Part 00] Instance terminated.
[20:34:52.250] ============================================================
[20:34:52.250] RESULTS — 10x c7g.large Horizontal OPTIMIZED
[20:34:52.250]   Total Time:    288.47s (4.81 min)
[20:34:52.250]   Split Time:    1.24s
[20:34:52.250]   Parallel Time: 287.24s (4.79 min)
[20:34:52.250] ============================================================
