[20:42:03.857] === Phase 3.2 OPTIMIZED Horizontal: 10x c7g.large ===
[20:42:03.857] AMI: ami-0976d56fa61f42304 (ffmpeg pre-installed) | Codec: libx265 | Threads: 5
[20:42:03.857] [Setup] Starting video split...
[20:42:03.900] [Setup] Video: 600.0s → 10 parts of 60.0s
[20:42:05.256] [Setup] Video split complete.
[20:42:05.256] [Summary] SPLIT TIME: 1.40s
[20:42:06.053] [Part 08] Launching c7g.large...[20:42:06.054] [Part 05] Launching c7g.large...[20:42:06.055] [Part 00] Launching c7g.large...[20:42:06.056] [Part 06] Launching c7g.large...



[20:42:06.071] [Part 04] Launching c7g.large...
[20:42:06.078] [Part 01] Launching c7g.large...
[20:42:06.086] [Part 03] Launching c7g.large...
[20:42:06.092] [Part 02] Launching c7g.large...
[20:42:06.098] [Part 09] Launching c7g.large...
[20:42:06.107] [Part 07] Launching c7g.large...
[20:42:23.734] [Part 08] Instance ready. IP: 54.159.104.49
[20:42:23.883] [Part 05] Instance ready. IP: 54.90.230.176
[20:42:23.885] [Part 04] Instance ready. IP: 3.81.140.198
[20:42:23.909] [Part 09] Instance ready. IP: 34.207.231.125
[20:42:23.911] [Part 02] Instance ready. IP: 98.87.153.218[20:42:23.913] [Part 06] Instance ready. IP: 54.211.188.238

[20:42:24.008] [Part 00] Instance ready. IP: 174.129.102.254[20:42:24.009] [Part 03] Instance ready. IP: 98.82.170.95[20:42:24.010] [Part 07] Instance ready. IP: 184.73.45.66
[20:42:24.010] [Part 01] Instance ready. IP: 100.30.225.203


[20:42:55.890] [Part 08] CPU: aarch64
CPU part	: 0xd40
[20:42:56.013] [Part 06] CPU: aarch64
CPU part	: 0xd40
[20:42:56.023] [Part 05] CPU: aarch64
CPU part	: 0xd40
[20:42:56.255] [Part 09] CPU: aarch64
CPU part	: 0xd40
[20:42:56.272] [Part 07] CPU: aarch64
CPU part	: 0xd40
[20:42:56.305] [Part 04] CPU: aarch64
CPU part	: 0xd40
[20:42:56.326] [Part 00] CPU: aarch64
CPU part	: 0xd40
[20:42:56.427] [Part 01] CPU: aarch64
CPU part	: 0xd40
[20:42:56.490] [Part 08] Uploading segment...
[20:42:56.593] [Part 06] Uploading segment...
[20:42:56.601] [Part 05] Uploading segment...
[20:42:56.845] [Part 09] Uploading segment...
[20:42:56.847] [Part 07] Uploading segment...
[20:42:56.893] [Part 04] Uploading segment...
[20:42:56.904] [Part 00] Uploading segment...
[20:42:57.036] [Part 01] Uploading segment...
[20:42:59.113] [Part 05] Running compression...
[20:42:59.341] [Part 03] CPU: aarch64
CPU part	: 0xd40
[20:42:59.508] [Part 08] Running compression...
[20:42:59.534] [Part 06] Running compression...
[20:43:00.564] [Part 03] Uploading segment...
[20:43:01.084] [Part 09] Running compression...
[20:43:01.488] [Part 00] Running compression...
[20:43:01.569] [Part 04] Running compression...
[20:43:01.766] [Part 07] Running compression...
[20:43:02.319] [Part 02] CPU: aarch64
CPU part	: 0xd40
[20:43:02.850] [Part 01] Running compression...
[20:43:03.522] [Part 02] Uploading segment...
[20:44:00.002] [Part 03] Running compression...
[20:44:01.429] [Part 02] Running compression...
[20:44:11.070] [Part 01] Done!
[20:44:12.082] [Part 01] Instance terminated.
[20:44:12.833] [Part 09] Done!
[20:44:13.860] [Part 09] Instance terminated.
[20:44:18.424] [Part 08] Done!
[20:44:19.263] [Part 05] Done!
[20:44:19.457] [Part 08] Instance terminated.
[20:44:20.285] [Part 05] Instance terminated.
[20:44:21.795] [Part 00] Done!
[20:44:22.831] [Part 00] Instance terminated.
[20:44:26.369] [Part 06] Done!
[20:44:27.438] [Part 06] Instance terminated.
[20:44:27.579] [Part 07] Done!
[20:44:28.240] [Part 04] Done!
[20:44:28.604] [Part 07] Instance terminated.
[20:44:29.287] [Part 04] Instance terminated.
[20:45:16.727] [Part 02] Done!
[20:45:17.774] [Part 02] Instance terminated.
[20:45:23.327] [Part 03] Done!
[20:45:24.367] [Part 03] Instance terminated.
[20:45:24.368] ============================================================
[20:45:24.368] RESULTS — 10x c7g.large Horizontal OPTIMIZED
[20:45:24.368]   Total Time:    200.51s (3.34 min)
[20:45:24.368]   Split Time:    1.40s
[20:45:24.368]   Parallel Time: 199.11s (3.32 min)
[20:45:24.368] ============================================================
