[20:25:47.189] === Phase 3.2 OPTIMIZED Horizontal: 10x c7g.large ===
[20:25:47.189] AMI: ami-0976d56fa61f42304 (ffmpeg pre-installed) | Codec: libx265 | Threads: 5
[20:25:47.189] [Setup] Starting video split...
[20:25:47.232] [Setup] Video: 600.0s → 10 parts of 60.0s
[20:25:48.395] [Setup] Video split complete.
[20:25:48.395] [Summary] SPLIT TIME: 1.21s
[20:25:49.195] [Part 09] Launching c7g.large...
[20:25:49.196] [Part 07] Launching c7g.large...[20:25:49.196] [Part 08] Launching c7g.large...[20:25:49.199] [Part 06] Launching c7g.large...


[20:25:49.212] [Part 05] Launching c7g.large...
[20:25:49.224] [Part 01] Launching c7g.large...
[20:25:49.240] [Part 04] Launching c7g.large...
[20:25:49.244] [Part 00] Launching c7g.large...
[20:25:49.256] [Part 02] Launching c7g.large...
[20:25:49.259] [Part 03] Launching c7g.large...
[20:26:06.896] [Part 09] Instance ready. IP: 3.85.83.136
[20:26:06.906] [Part 08] Instance ready. IP: 13.217.139.26
[20:26:06.960] [Part 06] Instance ready. IP: 54.80.40.239
[20:26:06.978] [Part 05] Instance ready. IP: 52.90.16.86
[20:26:06.982] [Part 01] Instance ready. IP: 3.90.156.205
[20:26:07.012] [Part 07] Instance ready. IP: 3.82.50.69
[20:26:07.015] [Part 03] Instance ready. IP: 54.198.37.47
[20:26:07.036] [Part 00] Instance ready. IP: 3.88.15.98
[20:26:07.168] [Part 04] Instance ready. IP: 3.81.138.156
[20:26:07.761] [Part 02] Instance ready. IP: 35.173.199.66
[20:26:39.371] [Part 09] CPU: aarch64
CPU part	: 0xd40
[20:26:39.390] [Part 08] CPU: aarch64
CPU part	: 0xd40
[20:26:39.405] [Part 01] CPU: aarch64
CPU part	: 0xd40
[20:26:39.484] [Part 05] CPU: aarch64
CPU part	: 0xd40
[20:26:39.514] [Part 00] CPU: aarch64
CPU part	: 0xd40
[20:26:39.577] [Part 06] CPU: aarch64
CPU part	: 0xd40
[20:26:39.611] [Part 07] CPU: aarch64
CPU part	: 0xd40[20:26:39.611] [Part 04] CPU: aarch64
CPU part	: 0xd40

[20:26:39.756] [Part 03] CPU: aarch64
CPU part	: 0xd40
[20:26:40.102] [Part 09] Uploading segment...
[20:26:40.153] [Part 01] Uploading segment...
[20:26:40.187] [Part 05] Uploading segment...
[20:26:40.225] [Part 00] Uploading segment...
[20:26:40.255] [Part 06] Uploading segment...
[20:26:40.341] [Part 07] Uploading segment...
[20:26:40.347] [Part 04] Uploading segment...
[20:26:40.350] [Part 08] Uploading segment...
[20:26:40.397] [Part 02] CPU: aarch64
CPU part	: 0xd40
[20:26:40.439] [Part 03] Uploading segment...
[20:26:41.025] [Part 02] Uploading segment...
[20:26:49.998] [Part 09] Running compression...
[20:26:51.175] [Part 01] Running compression...
[20:26:51.665] [Part 06] Running compression...
[20:26:52.272] [Part 05] Running compression...
[20:26:55.263] [Part 08] Running compression...
[20:26:55.599] [Part 04] Running compression...
[20:26:55.796] [Part 00] Running compression...
[20:26:55.827] [Part 07] Running compression...
[20:26:56.084] [Part 03] Running compression...
[20:26:59.537] [Part 02] Running compression...
[20:28:17.022] [Part 01] Done!
[20:28:18.680] [Part 01] Instance terminated.
[20:28:49.976] [Part 05] Done!
[20:29:02.047] [Part 05] Instance terminated.
[20:29:15.480] [Part 08] Done!
[20:29:22.133] [Part 09] Done!
[20:29:26.206] [Part 08] Instance terminated.
[20:29:29.167] [Part 09] Instance terminated.
[20:29:35.228] [Part 04] Done!
[20:29:36.849] [Part 04] Instance terminated.
[20:29:37.141] [Part 07] Done!
[20:29:38.724] [Part 07] Instance terminated.
[20:29:46.488] [Part 06] Done!
[20:29:47.513] [Part 06] Instance terminated.
[20:29:50.048] [Part 00] Done!
[20:29:52.331] [Part 00] Instance terminated.
[20:29:53.605] [Part 02] Done!
[20:29:54.659] [Part 02] Instance terminated.
[20:29:58.451] [Part 03] Done!
[20:29:59.515] [Part 03] Instance terminated.
[20:29:59.517] ============================================================
[20:29:59.517] RESULTS — 10x c7g.large Horizontal OPTIMIZED
[20:29:59.517]   Total Time:    252.33s (4.21 min)
[20:29:59.517]   Split Time:    1.21s
[20:29:59.517]   Parallel Time: 251.12s (4.19 min)
[20:29:59.517] ============================================================
