[20:41:30.054] === Phase 3.2 OPTIMIZED Horizontal: 10x c7g.large ===
[20:41:30.054] AMI: ami-0976d56fa61f42304 (ffmpeg pre-installed) | Codec: libx265 | Threads: 5
[20:41:30.054] [Setup] Starting video split...
[20:41:30.101] [Setup] Video: 600.0s → 10 parts of 60.0s
[20:41:31.457] [Setup] Video split complete.
[20:41:31.457] [Summary] SPLIT TIME: 1.40s
[20:41:32.405] [Part 01] Launching c7g.large...
[20:41:32.412] [Part 00] Launching c7g.large...[20:41:32.415] [Part 09] Launching c7g.large...

[20:41:32.430] [Part 04] Launching c7g.large...
[20:41:32.439] [Part 05] Launching c7g.large...
[20:41:32.451] [Part 08] Launching c7g.large...
[20:41:32.458] [Part 07] Launching c7g.large...
[20:41:32.462] [Part 02] Launching c7g.large...[20:41:32.463] [Part 03] Launching c7g.large...

[20:41:32.475] [Part 06] Launching c7g.large...
[20:41:50.122] [Part 04] Instance ready. IP: 54.146.62.212
[20:41:50.146] [Part 09] Instance ready. IP: 54.167.104.92
[20:41:50.240] [Part 07] Instance ready. IP: 3.81.65.78
[20:41:50.316] [Part 06] Instance ready. IP: 3.93.70.144
[20:41:50.330] [Part 03] Instance ready. IP: 54.161.106.5
[20:41:50.332] [Part 02] Instance ready. IP: 34.229.245.228
[20:41:50.334] [Part 05] Instance ready. IP: 34.226.219.220
[20:41:50.349] [Part 08] Instance ready. IP: 54.209.136.26[20:41:50.350] [Part 01] Instance ready. IP: 3.84.76.105

[20:41:50.358] [Part 00] Instance ready. IP: 34.204.93.216
[20:42:22.301] [Part 04] CPU: aarch64
CPU part	: 0xd40
[20:42:22.309] [Part 09] CPU: aarch64
CPU part	: 0xd40
[20:42:22.395] [Part 03] CPU: aarch64
CPU part	: 0xd40
[20:42:22.417] [Part 05] CPU: aarch64
CPU part	: 0xd40
[20:42:22.498] [Part 06] CPU: aarch64
CPU part	: 0xd40
[20:42:22.548] [Part 08] CPU: aarch64
CPU part	: 0xd40
[20:42:22.559] [Part 01] CPU: aarch64
CPU part	: 0xd40
[20:42:22.561] [Part 07] CPU: aarch64
CPU part	: 0xd40
[20:42:22.599] [Part 02] CPU: aarch64
CPU part	: 0xd40
[20:42:22.853] [Part 03] Uploading segment...
[20:42:22.904] [Part 09] Uploading segment...
[20:42:22.911] [Part 04] Uploading segment...
[20:42:23.008] [Part 05] Uploading segment...
[20:42:23.053] [Part 00] CPU: aarch64
CPU part	: 0xd40
[20:42:23.088] [Part 06] Uploading segment...
[20:42:23.146] [Part 08] Uploading segment...
[20:42:23.148] [Part 07] Uploading segment...
[20:42:23.172] [Part 01] Uploading segment...
[20:42:23.207] [Part 02] Uploading segment...
[20:42:23.733] [Part 00] Uploading segment...
[20:42:25.555] [Part 03] Running compression...
[20:42:29.383] [Part 04] Running compression...
[20:42:29.991] [Part 09] Running compression...
[20:42:31.805] [Part 05] Running compression...
[20:42:32.411] [Part 08] Running compression...
[20:42:33.693] [Part 07] Running compression...
[20:42:34.158] [Part 01] Running compression...
[20:42:34.208] [Part 06] Running compression...
[20:42:34.378] [Part 02] Running compression...
[20:42:34.403] [Part 00] Running compression...
[20:43:44.895] [Part 09] Done!
[20:43:45.937] [Part 09] Instance terminated.
[20:43:47.429] [Part 01] Done!
[20:43:48.480] [Part 01] Instance terminated.
[20:43:50.962] [Part 03] Done!
[20:43:52.075] [Part 03] Instance terminated.
[20:43:57.005] [Part 04] Done!
[20:43:59.218] [Part 04] Instance terminated.
[20:44:00.427] [Part 05] Done!
[20:44:00.895] [Part 06] Done!
[20:44:02.179] [Part 05] Instance terminated.
[20:44:02.213] [Part 06] Instance terminated.
[20:44:03.738] [Part 02] Done!
[20:44:04.791] [Part 08] Done!
[20:44:04.888] [Part 02] Instance terminated.
[20:44:05.874] [Part 08] Instance terminated.
[20:44:07.618] [Part 00] Done!
[20:44:08.711] [Part 00] Instance terminated.
[20:44:10.068] [Part 07] Done!
[20:44:11.090] [Part 07] Instance terminated.
[20:44:11.092] ============================================================
[20:44:11.092] RESULTS — 10x c7g.large Horizontal OPTIMIZED
[20:44:11.092]   Total Time:    161.04s (2.68 min)
[20:44:11.092]   Split Time:    1.40s
[20:44:11.092]   Parallel Time: 159.63s (2.66 min)
[20:44:11.092] ============================================================
