[20:21:24.133] === Phase 3.2 OPTIMIZED Horizontal: 10x c7g.large ===
[20:21:24.133] AMI: ami-0976d56fa61f42304 (ffmpeg pre-installed) | Codec: libx265 | Threads: 5
[20:21:24.133] [Setup] Starting video split...
[20:21:24.176] [Setup] Video: 600.0s → 10 parts of 60.0s
[20:21:25.352] [Setup] Video split complete.
[20:21:25.352] [Summary] SPLIT TIME: 1.22s
[20:21:25.973] [Part 03] Launching c7g.large...
[20:21:25.976] [Part 00] Launching c7g.large...
[20:21:25.992] [Part 05] Launching c7g.large...
[20:21:25.994] [Part 07] Launching c7g.large...
[20:21:26.004] [Part 04] Launching c7g.large...
[20:21:26.009] [Part 09] Launching c7g.large...
[20:21:26.015] [Part 08] Launching c7g.large...
[20:21:26.029] [Part 02] Launching c7g.large...
[20:21:26.031] [Part 01] Launching c7g.large...
[20:21:26.037] [Part 06] Launching c7g.large...
[20:21:43.611] [Part 00] Instance ready. IP: 18.234.119.82
[20:21:43.673] [Part 03] Instance ready. IP: 3.81.233.16
[20:21:43.798] [Part 02] Instance ready. IP: 3.90.249.185
[20:21:44.093] [Part 05] Instance ready. IP: 34.229.22.158
[20:21:44.113] [Part 06] Instance ready. IP: 98.91.255.109
[20:21:44.117] [Part 08] Instance ready. IP: 3.82.66.212
[20:21:44.119] [Part 09] Instance ready. IP: 34.239.186.1
[20:21:44.266] [Part 01] Instance ready. IP: 3.85.105.184
[20:21:44.284] [Part 04] Instance ready. IP: 54.80.93.216
[20:21:44.311] [Part 07] Instance ready. IP: 100.31.81.190
[20:22:16.170] [Part 03] CPU: aarch64
CPU part	: 0xd40
[20:22:16.361] [Part 02] CPU: aarch64
CPU part	: 0xd40
[20:22:16.377] [Part 00] CPU: aarch64
CPU part	: 0xd40
[20:22:16.711] [Part 05] CPU: aarch64
CPU part	: 0xd40
[20:22:16.921] [Part 06] CPU: aarch64
CPU part	: 0xd40
[20:22:16.978] [Part 04] CPU: aarch64
CPU part	: 0xd40
[20:22:16.978] [Part 03] Uploading segment...
[20:22:16.996] [Part 01] CPU: aarch64
CPU part	: 0xd40
[20:22:17.021] [Part 08] CPU: aarch64
CPU part	: 0xd40
[20:22:17.021] [Part 09] CPU: aarch64
CPU part	: 0xd40
[20:22:17.124] [Part 00] Uploading segment...
[20:22:17.125] [Part 02] Uploading segment...
[20:22:17.276] [Part 07] CPU: aarch64
CPU part	: 0xd40
[20:22:17.376] [Part 05] Uploading segment...
[20:22:17.557] [Part 06] Uploading segment...
[20:22:17.584] [Part 04] Uploading segment...
[20:22:17.610] [Part 01] Uploading segment...
[20:22:17.644] [Part 08] Uploading segment...
[20:22:17.656] [Part 09] Uploading segment...
[20:22:17.932] [Part 07] Uploading segment...
[20:22:24.050] [Part 02] Running compression...
[20:22:25.551] [Part 03] Running compression...
[20:22:26.163] [Part 00] Running compression...
[20:22:32.807] [Part 05] Running compression...
[20:22:38.861] [Part 06] Running compression...
[20:22:39.928] [Part 07] Running compression...
[20:22:40.425] [Part 09] Running compression...
[20:22:40.461] [Part 08] Running compression...
[20:22:40.516] [Part 04] Running compression...
[20:22:42.342] [Part 01] Running compression...
[20:24:08.440] [Part 01] Done!
[20:24:12.238] [Part 03] Done!
[20:24:12.850] [Part 02] Done!
[20:24:17.612] [Part 01] Instance terminated.
[20:24:21.184] [Part 02] Instance terminated.[20:24:21.185] [Part 03] Instance terminated.

[20:24:44.971] [Part 04] Done!
[20:24:47.069] [Part 04] Instance terminated.
[20:24:59.652] [Part 06] Done!
[20:25:01.166] [Part 06] Instance terminated.
[20:25:14.538] [Part 08] Done!
[20:25:16.668] [Part 08] Instance terminated.
[20:25:27.571] [Part 00] Done!
[20:25:28.796] [Part 00] Instance terminated.
[20:25:29.320] [Part 09] Done!
[20:25:30.521] [Part 09] Instance terminated.
[20:25:31.501] [Part 07] Done!
[20:25:32.665] [Part 07] Instance terminated.
[20:25:34.278] [Part 05] Done!
[20:25:35.364] [Part 05] Instance terminated.
[20:25:35.366] ============================================================
[20:25:35.366] RESULTS — 10x c7g.large Horizontal OPTIMIZED
[20:25:35.366]   Total Time:    251.23s (4.19 min)
[20:25:35.366]   Split Time:    1.22s
[20:25:35.366]   Parallel Time: 250.01s (4.17 min)
[20:25:35.366] ============================================================
