[20:25:49.690] === Phase 3.2 OPTIMIZED Horizontal: 10x c7g.large ===
[20:25:49.690] AMI: ami-0976d56fa61f42304 (ffmpeg pre-installed) | Codec: libx265 | Threads: 5
[20:25:49.690] [Setup] Starting video split...
[20:25:49.736] [Setup] Video: 600.0s → 10 parts of 60.0s
[20:25:50.894] [Setup] Video split complete.
[20:25:50.894] [Summary] SPLIT TIME: 1.20s
[20:25:51.667] [Part 08] Launching c7g.large...
[20:25:51.670] [Part 05] Launching c7g.large...[20:25:51.671] [Part 06] Launching c7g.large...

[20:25:51.683] [Part 00] Launching c7g.large...
[20:25:51.691] [Part 07] Launching c7g.large...
[20:25:51.697] [Part 03] Launching c7g.large...
[20:25:51.706] [Part 01] Launching c7g.large...
[20:25:51.711] [Part 04] Launching c7g.large...
[20:25:51.722] [Part 09] Launching c7g.large...
[20:25:51.724] [Part 02] Launching c7g.large...
[20:26:09.403] [Part 02] Instance ready. IP: 54.158.9.71
[20:26:09.424] [Part 00] Instance ready. IP: 100.55.44.201
[20:26:09.431] [Part 01] Instance ready. IP: 52.90.151.91
[20:26:09.448] [Part 05] Instance ready. IP: 52.91.64.253
[20:26:09.459] [Part 09] Instance ready. IP: 98.91.192.77
[20:26:09.487] [Part 03] Instance ready. IP: 54.81.79.254
[20:26:09.499] [Part 04] Instance ready. IP: 100.30.206.249
[20:26:09.579] [Part 07] Instance ready. IP: 98.91.235.237
[20:26:09.584] [Part 06] Instance ready. IP: 35.153.55.233
[20:26:09.704] [Part 08] Instance ready. IP: 54.92.188.80
[20:26:41.815] [Part 01] CPU: aarch64
CPU part	: 0xd40
[20:26:41.850] [Part 00] CPU: aarch64
CPU part	: 0xd40
[20:26:42.030] [Part 07] CPU: aarch64
CPU part	: 0xd40
[20:26:42.031] [Part 05] CPU: aarch64
CPU part	: 0xd40[20:26:42.032] [Part 03] CPU: aarch64
CPU part	: 0xd40

[20:26:42.033] [Part 02] CPU: aarch64
CPU part	: 0xd40[20:26:42.033] [Part 09] CPU: aarch64
CPU part	: 0xd40

[20:26:42.120] [Part 08] CPU: aarch64
CPU part	: 0xd40[20:26:42.120] [Part 04] CPU: aarch64
CPU part	: 0xd40

[20:26:42.122] [Part 06] CPU: aarch64
CPU part	: 0xd40
[20:26:42.638] [Part 01] Uploading segment...
[20:26:42.665] [Part 00] Uploading segment...
[20:26:42.811] [Part 03] Uploading segment...[20:26:42.811] [Part 05] Uploading segment...

[20:26:42.846] [Part 07] Uploading segment...[20:26:42.846] [Part 09] Uploading segment...

[20:26:42.846] [Part 02] Uploading segment...
[20:26:42.865] [Part 06] Uploading segment...
[20:26:42.888] [Part 04] Uploading segment...
[20:26:42.889] [Part 08] Uploading segment...
[20:26:58.439] [Part 01] Running compression...
[20:27:00.223] [Part 09] Running compression...
[20:27:00.533] [Part 04] Running compression...
[20:27:01.158] [Part 07] Running compression...
[20:27:02.498] [Part 00] Running compression...
[20:27:02.606] [Part 06] Running compression...
[20:27:02.902] [Part 08] Running compression...
[20:27:03.021] [Part 03] Running compression...
[20:27:03.048] [Part 05] Running compression...
[20:27:03.111] [Part 02] Running compression...
[20:28:55.776] [Part 05] Done!
[20:29:06.328] [Part 05] Instance terminated.
[20:29:27.287] [Part 01] Done!
[20:29:32.815] [Part 01] Instance terminated.
[20:29:36.062] [Part 09] Done!
[20:29:36.432] [Part 08] Done!
[20:29:37.368] [Part 07] Done!
[20:29:37.478] [Part 09] Instance terminated.
[20:29:37.899] [Part 08] Instance terminated.
[20:29:38.724] [Part 07] Instance terminated.
[20:29:42.201] [Part 03] Done!
[20:29:42.316] [Part 04] Done!
[20:29:43.385] [Part 04] Instance terminated.
[20:29:43.605] [Part 03] Instance terminated.
[20:29:44.174] [Part 02] Done!
[20:29:45.241] [Part 02] Instance terminated.
[20:29:46.363] [Part 06] Done!
[20:29:47.399] [Part 06] Instance terminated.
[20:30:04.910] [Part 00] Done!
[20:30:05.967] [Part 00] Instance terminated.
[20:30:05.968] ============================================================
[20:30:05.968] RESULTS — 10x c7g.large Horizontal OPTIMIZED
[20:30:05.968]   Total Time:    256.28s (4.27 min)
[20:30:05.968]   Split Time:    1.20s
[20:30:05.968]   Parallel Time: 255.07s (4.25 min)
[20:30:05.968] ============================================================
