[20:16:10.716] === Phase 3.2 OPTIMIZED Horizontal: 10x c7g.large ===
[20:16:10.716] AMI: ami-0976d56fa61f42304 (ffmpeg pre-installed) | Codec: libx265 | Threads: 5
[20:16:10.716] [Setup] Starting video split...
[20:16:10.763] [Setup] Video: 600.0s → 10 parts of 60.0s
[20:16:12.012] [Setup] Video split complete.
[20:16:12.012] [Summary] SPLIT TIME: 1.30s
[20:16:12.904] [Part 03] Launching c7g.large...
[20:16:12.972] [Part 01] Launching c7g.large...
[20:16:13.003] [Part 05] Launching c7g.large...
[20:16:13.010] [Part 00] Launching c7g.large...
[20:16:13.012] [Part 07] Launching c7g.large...
[20:16:13.015] [Part 06] Launching c7g.large...
[20:16:13.025] [Part 04] Launching c7g.large...
[20:16:13.035] [Part 09] Launching c7g.large...
[20:16:13.048] [Part 02] Launching c7g.large...[20:16:13.050] [Part 08] Launching c7g.large...

[20:16:30.703] [Part 03] Instance ready. IP: 75.101.206.142
[20:16:31.354] [Part 04] Instance ready. IP: 54.198.84.71
[20:16:31.434] [Part 00] Instance ready. IP: 98.94.102.230
[20:16:31.563] [Part 07] Instance ready. IP: 54.172.99.143
[20:16:31.928] [Part 05] Instance ready. IP: 13.222.196.15
[20:16:32.078] [Part 09] Instance ready. IP: 98.91.230.62
[20:16:32.224] [Part 02] Instance ready. IP: 75.101.170.91
[20:16:32.652] [Part 06] Instance ready. IP: 54.198.150.75
[20:16:43.404] [Part 08] Instance ready. IP: 54.81.126.184
[20:16:48.742] [Part 01] Instance ready. IP: 3.91.89.30
[20:17:02.895] [Part 03] CPU: aarch64
CPU part	: 0xd40
[20:17:03.473] [Part 03] Uploading segment...
[20:17:03.576] [Part 04] CPU: aarch64
CPU part	: 0xd40
[20:17:03.637] [Part 00] CPU: aarch64
CPU part	: 0xd40
[20:17:03.772] [Part 07] CPU: aarch64
CPU part	: 0xd40
[20:17:04.090] [Part 05] CPU: aarch64
CPU part	: 0xd40
[20:17:04.175] [Part 04] Uploading segment...
[20:17:04.235] [Part 00] Uploading segment...
[20:17:04.335] [Part 09] CPU: aarch64
CPU part	: 0xd40
[20:17:04.372] [Part 07] Uploading segment...
[20:17:04.539] [Part 02] CPU: aarch64
CPU part	: 0xd40
[20:17:04.693] [Part 05] Uploading segment...
[20:17:04.711] [Part 06] CPU: aarch64
CPU part	: 0xd40
[20:17:05.062] [Part 09] Uploading segment...
[20:17:05.233] [Part 02] Uploading segment...
[20:17:05.491] [Part 06] Uploading segment...
[20:17:06.281] [Part 03] Running compression...
[20:17:16.585] [Part 08] CPU: aarch64
CPU part	: 0xd40
[20:17:17.502] [Part 08] Uploading segment...
[20:17:21.585] [Part 01] CPU: aarch64
CPU part	: 0xd40
[20:17:22.539] [Part 01] Uploading segment...
[20:17:24.072] [Part 05] Running compression...
[20:17:29.477] [Part 00] Running compression...
[20:17:29.755] [Part 07] Running compression...
[20:17:31.741] [Part 04] Running compression...
[20:17:40.121] [Part 01] Running compression...
[20:17:42.477] [Part 06] Running compression...
[20:17:43.365] [Part 09] Running compression...
[20:17:43.572] [Part 02] Running compression...
[20:17:45.299] [Part 08] Running compression...
[20:18:27.386] [Part 03] Done!
[20:18:28.647] [Part 03] Instance terminated.
[20:18:46.238] [Part 05] Done!
[20:18:47.384] [Part 05] Instance terminated.
[20:20:02.555] [Part 04] Done!
[20:20:10.495] [Part 04] Instance terminated.
[20:20:18.210] [Part 01] Done!
[20:20:23.946] [Part 01] Instance terminated.
[20:20:27.584] [Part 02] Done!
[20:20:27.805] [Part 08] Done!
[20:20:29.489] [Part 08] Instance terminated.
[20:20:30.084] [Part 02] Instance terminated.
[20:20:36.034] [Part 07] Done!
[20:20:37.252] [Part 07] Instance terminated.
[20:21:01.960] [Part 00] Done!
[20:21:03.182] [Part 06] Done!
[20:21:04.069] [Part 00] Instance terminated.
[20:21:05.249] [Part 09] Done!
[20:21:05.607] [Part 06] Instance terminated.
[20:21:10.650] [Part 09] Instance terminated.
[20:21:10.651] ============================================================
[20:21:10.651] RESULTS — 10x c7g.large Horizontal OPTIMIZED
[20:21:10.651]   Total Time:    299.94s (5.00 min)
[20:21:10.651]   Split Time:    1.30s
[20:21:10.651]   Parallel Time: 298.64s (4.98 min)
[20:21:10.651] ============================================================
