[20:42:42.665] === Phase 3.2 OPTIMIZED Horizontal: 10x c7g.large ===
[20:42:42.665] AMI: ami-0976d56fa61f42304 (ffmpeg pre-installed) | Codec: libx265 | Threads: 5
[20:42:42.665] [Setup] Starting video split...
[20:42:42.708] [Setup] Video: 600.0s → 10 parts of 60.0s
[20:42:43.876] [Setup] Video split complete.
[20:42:43.876] [Summary] SPLIT TIME: 1.21s
[20:42:44.678] [Part 06] Launching c7g.large...
[20:42:44.688] [Part 07] Launching c7g.large...
[20:42:44.702] [Part 02] Launching c7g.large...
[20:42:44.716] [Part 05] Launching c7g.large...
[20:42:44.718] [Part 04] Launching c7g.large...
[20:42:44.719] [Part 00] Launching c7g.large...
[20:42:44.728] [Part 08] Launching c7g.large...
[20:42:44.736] [Part 09] Launching c7g.large...
[20:42:44.749] [Part 03] Launching c7g.large...
[20:42:44.752] [Part 01] Launching c7g.large...
[20:43:02.324] [Part 08] Instance ready. IP: 34.228.214.64
[20:43:02.349] [Part 03] Instance ready. IP: 54.242.191.196
[20:43:02.382] [Part 07] Instance ready. IP: 54.224.81.73
[20:43:02.405] [Part 04] Instance ready. IP: 54.166.158.80
[20:43:02.422] [Part 02] Instance ready. IP: 52.71.172.30
[20:43:02.430] [Part 05] Instance ready. IP: 3.89.67.246
[20:43:02.456] [Part 01] Instance ready. IP: 204.236.201.64
[20:43:02.525] [Part 09] Instance ready. IP: 98.81.126.152
[20:43:02.536] [Part 00] Instance ready. IP: 52.87.63.240
[20:43:02.583] [Part 06] Instance ready. IP: 3.84.173.249
[20:43:34.411] [Part 03] CPU: aarch64
CPU part	: 0xd40
[20:43:34.643] [Part 04] CPU: aarch64
CPU part	: 0xd40
[20:43:34.721] [Part 01] CPU: aarch64
CPU part	: 0xd40[20:43:34.722] [Part 02] CPU: aarch64
CPU part	: 0xd40

[20:43:34.730] [Part 05] CPU: aarch64
CPU part	: 0xd40
[20:43:34.770] [Part 00] CPU: aarch64
CPU part	: 0xd40
[20:43:34.811] [Part 07] CPU: aarch64
CPU part	: 0xd40
[20:43:34.901] [Part 06] CPU: aarch64
CPU part	: 0xd40
[20:43:34.987] [Part 03] Uploading segment...
[20:43:35.246] [Part 04] Uploading segment...
[20:43:35.305] [Part 02] Uploading segment...
[20:43:35.307] [Part 01] Uploading segment...
[20:43:35.343] [Part 05] Uploading segment...
[20:43:35.374] [Part 00] Uploading segment...
[20:43:35.522] [Part 06] Uploading segment...
[20:43:35.807] [Part 07] Uploading segment...
[20:43:36.587] [Part 08] CPU: aarch64
CPU part	: 0xd40
[20:43:37.865] [Part 03] Running compression...
[20:43:37.982] [Part 08] Uploading segment...
[20:43:39.272] [Part 01] Running compression...
[20:43:39.343] [Part 04] Running compression...
[20:43:39.382] [Part 09] CPU: aarch64
CPU part	: 0xd40
[20:43:40.405] [Part 02] Running compression...
[20:43:40.435] [Part 05] Running compression...
[20:43:41.286] [Part 00] Running compression...
[20:43:41.885] [Part 09] Uploading segment...
[20:43:41.916] [Part 06] Running compression...
[20:43:44.400] [Part 07] Running compression...
[20:43:59.904] [Part 08] Running compression...
[20:44:01.767] [Part 09] Running compression...
[20:44:51.180] [Part 01] Done!
[20:44:52.246] [Part 01] Instance terminated.
[20:44:52.680] [Part 05] Done!
[20:44:53.726] [Part 05] Instance terminated.
[20:44:58.969] [Part 06] Done!
[20:45:00.036] [Part 06] Instance terminated.
[20:45:01.543] [Part 04] Done!
[20:45:01.790] [Part 03] Done!
[20:45:02.623] [Part 04] Instance terminated.
[20:45:02.835] [Part 03] Instance terminated.
[20:45:06.045] [Part 02] Done!
[20:45:06.046] [Part 07] Done!
[20:45:07.096] [Part 07] Instance terminated.
[20:45:07.102] [Part 02] Instance terminated.
[20:45:18.135] [Part 08] Done!
[20:45:18.630] [Part 09] Done!
[20:45:19.216] [Part 08] Instance terminated.
[20:45:19.771] [Part 09] Instance terminated.
[20:45:37.997] [Part 00] Done!
[20:45:39.088] [Part 00] Instance terminated.
[20:45:39.091] ============================================================
[20:45:39.091] RESULTS — 10x c7g.large Horizontal OPTIMIZED
[20:45:39.091]   Total Time:    176.43s (2.94 min)
[20:45:39.091]   Split Time:    1.21s
[20:45:39.091]   Parallel Time: 175.21s (2.92 min)
[20:45:39.091] ============================================================
