[20:10:59.769] === Phase 3.2 OPTIMIZED Horizontal: 10x c7g.large ===
[20:10:59.769] AMI: ami-0976d56fa61f42304 (ffmpeg pre-installed) | Codec: libx265 | Threads: 5
[20:10:59.769] [Setup] Starting video split...
[20:10:59.813] [Setup] Video: 600.0s → 10 parts of 60.0s
[20:11:01.155] [Setup] Video split complete.
[20:11:01.155] [Summary] SPLIT TIME: 1.39s
[20:11:02.013] [Part 07] Launching c7g.large...
[20:11:02.016] [Part 09] Launching c7g.large...
[20:11:02.057] [Part 06] Launching c7g.large...
[20:11:02.069] [Part 04] Launching c7g.large...
[20:11:02.077] [Part 03] Launching c7g.large...
[20:11:02.089] [Part 08] Launching c7g.large...
[20:11:02.097] [Part 02] Launching c7g.large...
[20:11:02.107] [Part 01] Launching c7g.large...
[20:11:02.118] [Part 00] Launching c7g.large...
[20:11:02.125] [Part 05] Launching c7g.large...
[20:11:22.959] [Part 07] Instance ready. IP: 54.226.55.97
[20:11:23.500] [Part 04] Instance ready. IP: 54.160.149.71
[20:11:23.586] [Part 08] Instance ready. IP: 34.229.251.215
[20:11:25.676] [Part 06] Instance ready. IP: 3.87.138.146
[20:11:26.488] [Part 02] Instance ready. IP: 52.90.184.74
[20:11:26.616] [Part 09] Instance ready. IP: 52.90.196.176
[20:11:27.172] [Part 03] Instance ready. IP: 34.227.100.103
[20:11:27.355] [Part 00] Instance ready. IP: 54.167.193.94
[20:11:27.433] [Part 01] Instance ready. IP: 54.81.217.131
[20:11:27.703] [Part 05] Instance ready. IP: 18.208.253.93
[20:11:55.393] [Part 07] CPU: aarch64
CPU part	: 0xd40
[20:11:55.693] [Part 04] CPU: aarch64
CPU part	: 0xd40
[20:11:56.226] [Part 07] Uploading segment...
[20:11:56.493] [Part 04] Uploading segment...
[20:11:56.528] [Part 08] CPU: aarch64
CPU part	: 0xd40
[20:11:57.430] [Part 08] Uploading segment...
[20:11:58.583] [Part 06] CPU: aarch64
CPU part	: 0xd40
[20:11:59.240] [Part 09] CPU: aarch64
CPU part	: 0xd40
[20:11:59.349] [Part 02] CPU: aarch64
CPU part	: 0xd40
[20:11:59.389] [Part 06] Uploading segment...
[20:11:59.864] [Part 03] CPU: aarch64
CPU part	: 0xd40
[20:12:00.047] [Part 09] Uploading segment...
[20:12:00.055] [Part 01] CPU: aarch64
CPU part	: 0xd40
[20:12:00.055] [Part 00] CPU: aarch64
CPU part	: 0xd40
[20:12:00.169] [Part 02] Uploading segment...
[20:12:00.303] [Part 05] CPU: aarch64
CPU part	: 0xd40
[20:12:00.723] [Part 03] Uploading segment...
[20:12:00.903] [Part 00] Uploading segment...
[20:12:00.952] [Part 01] Uploading segment...
[20:12:01.225] [Part 05] Uploading segment...
[20:12:02.794] [Part 08] Running compression...
[20:12:09.477] [Part 04] Running compression...
[20:12:25.206] [Part 09] Running compression...
[20:12:28.258] [Part 02] Running compression...
[20:12:29.210] [Part 00] Running compression...
[20:12:31.118] [Part 07] Running compression...
[20:12:34.342] [Part 01] Running compression...
[20:12:34.799] [Part 05] Running compression...
[20:12:34.804] [Part 06] Running compression...
[20:12:34.846] [Part 03] Running compression...
[20:13:46.023] [Part 09] ERROR: size mismatch in get!  1900544 != 10186554
[20:13:53.023] [Part 09] Instance terminated.
[20:13:54.993] [Part 04] Done!
[20:14:07.039] [Part 04] Instance terminated.
[20:14:08.208] [Part 08] Done!
[20:14:17.128] [Part 01] Done!
[20:14:18.583] [Part 08] Instance terminated.
[20:14:32.053] [Part 01] Instance terminated.
[20:15:12.596] [Part 05] Done!
[20:15:15.975] [Part 07] Done!
[20:15:17.666] [Part 07] Instance terminated.
[20:15:18.364] [Part 06] Done!
[20:15:18.735] [Part 05] Instance terminated.
[20:15:19.567] [Part 06] Instance terminated.
[20:15:34.056] [Part 00] Done!
[20:15:36.422] [Part 02] Done!
[20:15:37.201] [Part 00] Instance terminated.
[20:15:37.524] [Part 02] Instance terminated.
[20:16:09.087] [Part 03] Done!
[20:16:10.200] [Part 03] Instance terminated.
[20:16:10.201] ============================================================
[20:16:10.201] RESULTS — 10x c7g.large Horizontal OPTIMIZED
[20:16:10.201]   Total Time:    310.43s (5.17 min)
[20:16:10.201]   Split Time:    1.39s
[20:16:10.201]   Parallel Time: 309.05s (5.15 min)
[20:16:10.201] ============================================================
