[20:36:58.508] === Phase 3.2 OPTIMIZED Horizontal: 10x c7g.large ===
[20:36:58.508] AMI: ami-0976d56fa61f42304 (ffmpeg pre-installed) | Codec: libx265 | Threads: 5
[20:36:58.508] [Setup] Starting video split...
[20:36:58.556] [Setup] Video: 600.0s → 10 parts of 60.0s
[20:36:59.981] [Setup] Video split complete.
[20:36:59.981] [Summary] SPLIT TIME: 1.47s
[20:37:01.101] [Part 00] Launching c7g.large...
[20:37:01.104] [Part 04] Launching c7g.large...
[20:37:01.132] [Part 08] Launching c7g.large...
[20:37:01.139] [Part 01] Launching c7g.large...
[20:37:01.148] [Part 09] Launching c7g.large...
[20:37:01.160] [Part 02] Launching c7g.large...
[20:37:01.170] [Part 05] Launching c7g.large...
[20:37:01.179] [Part 03] Launching c7g.large...
[20:37:01.190] [Part 06] Launching c7g.large...
[20:37:01.199] [Part 07] Launching c7g.large...
[20:37:24.877] [Part 07] Instance ready. IP: 107.21.89.4
[20:37:26.408] [Part 08] Instance ready. IP: 54.196.76.32
[20:37:27.800] [Part 05] Instance ready. IP: 3.81.63.212
[20:37:28.924] [Part 04] Instance ready. IP: 3.89.153.4
[20:37:30.557] [Part 02] Instance ready. IP: 54.165.24.112
[20:37:30.995] [Part 01] Instance ready. IP: 54.88.62.40
[20:37:30.999] [Part 03] Instance ready. IP: 52.55.129.208
[20:37:31.362] [Part 00] Instance ready. IP: 34.239.138.135
[20:37:35.875] [Part 06] Instance ready. IP: 52.201.249.148
[20:37:35.909] [Part 09] Instance ready. IP: 52.72.114.96
[20:38:09.793] [Part 07] CPU: aarch64
CPU part	: 0xd40
[20:38:14.236] [Part 04] CPU: aarch64
CPU part	: 0xd40[20:38:14.236] [Part 05] CPU: aarch64
CPU part	: 0xd40

[20:38:14.587] [Part 07] Uploading segment...
[20:38:15.026] [Part 03] CPU: aarch64
CPU part	: 0xd40
[20:38:15.214] [Part 01] CPU: aarch64
CPU part	: 0xd40
[20:38:15.215] [Part 00] CPU: aarch64
CPU part	: 0xd40
[20:38:17.040] [Part 04] Uploading segment...
[20:38:17.107] [Part 05] Uploading segment...
[20:38:17.662] [Part 01] Uploading segment...
[20:38:18.212] [Part 03] Uploading segment...
[20:38:18.368] [Part 00] Uploading segment...
[20:38:19.541] [Part 08] CPU: aarch64
CPU part	: 0xd40
[20:38:19.596] [Part 02] CPU: aarch64
CPU part	: 0xd40
[20:38:25.955] [Part 02] Uploading segment...
[20:38:28.309] [Part 08] Uploading segment...
[20:38:30.451] [Part 09] CPU: aarch64
CPU part	: 0xd40
[20:38:32.084] [Part 06] CPU: aarch64
CPU part	: 0xd40
[20:38:39.247] [Part 09] Uploading segment...
[20:38:40.719] [Part 06] Uploading segment...
[20:40:04.709] [Part 07] Running compression...
[20:40:15.299] [Part 03] Running compression...
[20:40:16.625] [Part 06] Running compression...
[20:40:17.441] [Part 01] Running compression...
[20:40:22.546] [Part 05] Running compression...
[20:40:23.605] [Part 04] Running compression...
[20:40:24.918] [Part 02] Running compression...
[20:40:25.136] [Part 08] Running compression...
[20:40:43.649] [Part 09] Running compression...
[20:41:16.328] [Part 00] Running compression...
[20:41:35.354] [Part 07] Done!
[20:41:36.363] [Part 07] Instance terminated.
[20:41:38.156] [Part 01] Done!
[20:41:39.192] [Part 01] Instance terminated.
[20:41:39.933] [Part 03] Done!
[20:41:41.049] [Part 03] Instance terminated.
[20:41:42.498] [Part 06] Done!
[20:41:47.818] [Part 06] Instance terminated.
[20:41:47.918] [Part 04] Done!
[20:41:52.212] [Part 08] Done!
[20:41:52.256] [Part 02] Done!
[20:41:52.340] [Part 05] Done!
[20:41:53.719] [Part 05] Instance terminated.
[20:41:53.731] [Part 02] Instance terminated.
[20:41:53.753] [Part 04] Instance terminated.
[20:41:53.958] [Part 08] Instance terminated.
[20:42:08.956] [Part 09] Done!
[20:42:10.037] [Part 09] Instance terminated.
[20:42:41.112] [Part 00] Done!
[20:42:42.166] [Part 00] Instance terminated.
[20:42:42.167] ============================================================
[20:42:42.167] RESULTS — 10x c7g.large Horizontal OPTIMIZED
[20:42:42.167]   Total Time:    343.66s (5.73 min)
[20:42:42.167]   Split Time:    1.47s
[20:42:42.167]   Parallel Time: 342.19s (5.70 min)
[20:42:42.167] ============================================================
