[20:34:52.809] === Phase 3.2 OPTIMIZED Horizontal: 10x c7g.large ===
[20:34:52.809] AMI: ami-0976d56fa61f42304 (ffmpeg pre-installed) | Codec: libx265 | Threads: 5
[20:34:52.809] [Setup] Starting video split...
[20:34:52.856] [Setup] Video: 600.0s → 10 parts of 60.0s
[20:34:54.194] [Setup] Video split complete.
[20:34:54.194] [Summary] SPLIT TIME: 1.38s
[20:34:54.856] [Part 09] Launching c7g.large...
[20:34:54.937] [Part 02] Launching c7g.large...
[20:34:54.977] [Part 06] Launching c7g.large...
[20:34:55.004] [Part 00] Launching c7g.large...
[20:34:55.021] [Part 08] Launching c7g.large...
[20:34:55.066] [Part 05] Launching c7g.large...
[20:34:55.078] [Part 07] Launching c7g.large...
[20:34:55.097] [Part 04] Launching c7g.large...
[20:34:55.100] [Part 03] Launching c7g.large...
[20:34:55.109] [Part 01] Launching c7g.large...
[20:35:12.645] [Part 06] Instance ready. IP: 18.209.165.233
[20:35:12.658] [Part 08] Instance ready. IP: 52.201.206.40
[20:35:12.660] [Part 09] Instance ready. IP: 54.210.79.249
[20:35:12.674] [Part 02] Instance ready. IP: 32.194.92.177
[20:35:12.713] [Part 05] Instance ready. IP: 34.204.86.202
[20:35:12.805] [Part 00] Instance ready. IP: 18.212.142.88
[20:35:12.817] [Part 01] Instance ready. IP: 100.26.205.72
[20:35:12.835] [Part 04] Instance ready. IP: 54.158.149.219
[20:35:12.844] [Part 03] Instance ready. IP: 100.30.175.35
[20:35:12.845] [Part 07] Instance ready. IP: 54.89.248.141
[20:35:44.698] [Part 09] CPU: aarch64
CPU part	: 0xd40
[20:35:44.788] [Part 08] CPU: aarch64
CPU part	: 0xd40
[20:35:44.792] [Part 06] CPU: aarch64
CPU part	: 0xd40
[20:35:44.812] [Part 05] CPU: aarch64
CPU part	: 0xd40
[20:35:44.928] [Part 00] CPU: aarch64
CPU part	: 0xd40
[20:35:44.962] [Part 01] CPU: aarch64
CPU part	: 0xd40
[20:35:45.002] [Part 02] CPU: aarch64
CPU part	: 0xd40
[20:35:45.012] [Part 03] CPU: aarch64
CPU part	: 0xd40
[20:35:45.015] [Part 07] CPU: aarch64
CPU part	: 0xd40
[20:35:45.110] [Part 04] CPU: aarch64
CPU part	: 0xd40
[20:35:45.297] [Part 09] Uploading segment...
[20:35:45.398] [Part 06] Uploading segment...
[20:35:45.401] [Part 08] Uploading segment...
[20:35:45.410] [Part 05] Uploading segment...
[20:35:45.523] [Part 00] Uploading segment...
[20:35:45.560] [Part 01] Uploading segment...
[20:35:45.611] [Part 07] Uploading segment...
[20:35:45.617] [Part 02] Uploading segment...
[20:35:45.617] [Part 03] Uploading segment...
[20:35:45.719] [Part 04] Uploading segment...
[20:36:01.290] [Part 08] Running compression...
[20:36:02.231] [Part 09] Running compression...
[20:36:04.044] [Part 06] Running compression...
[20:36:06.664] [Part 02] Running compression...
[20:36:10.446] [Part 04] Running compression...
[20:36:10.889] [Part 05] Running compression...
[20:36:10.917] [Part 00] Running compression...
[20:36:15.581] [Part 01] Running compression...
[20:36:16.181] [Part 03] Running compression...
[20:36:17.417] [Part 07] Running compression...
[20:37:56.563] [Part 09] Done!
[20:38:09.806] [Part 09] Instance terminated.
[20:38:53.919] [Part 03] Done!
[20:39:12.926] [Part 03] Instance terminated.
[20:39:29.368] [Part 01] Done!
[20:39:44.388] [Part 01] Instance terminated.
[20:39:45.144] [Part 02] Done!
[20:40:00.963] [Part 07] Done!
[20:40:03.261] [Part 02] Instance terminated.
[20:40:23.406] [Part 07] Instance terminated.
[20:40:42.201] [Part 08] Done!
[20:40:45.797] [Part 08] Instance terminated.
[20:40:50.029] [Part 04] Done!
[20:40:50.532] [Part 05] Done!
[20:40:51.047] [Part 00] Done!
[20:40:53.468] [Part 05] Instance terminated.
[20:40:54.636] [Part 04] Instance terminated.
[20:40:55.431] [Part 00] Instance terminated.
[20:40:57.413] [Part 06] Done!
[20:40:59.722] [Part 06] Instance terminated.
[20:40:59.724] ============================================================
[20:40:59.724] RESULTS — 10x c7g.large Horizontal OPTIMIZED
[20:40:59.724]   Total Time:    366.91s (6.12 min)
[20:40:59.724]   Split Time:    1.38s
[20:40:59.724]   Parallel Time: 365.53s (6.09 min)
[20:40:59.724] ============================================================
