[20:30:06.435] === Phase 3.2 OPTIMIZED Horizontal: 10x c7g.large ===
[20:30:06.435] AMI: ami-0976d56fa61f42304 (ffmpeg pre-installed) | Codec: libx265 | Threads: 5
[20:30:06.435] [Setup] Starting video split...
[20:30:06.479] [Setup] Video: 600.0s → 10 parts of 60.0s
[20:30:07.620] [Setup] Video split complete.
[20:30:07.620] [Summary] SPLIT TIME: 1.18s
[20:30:08.460] [Part 04] Launching c7g.large...
[20:30:08.464] [Part 08] Launching c7g.large...[20:30:08.466] [Part 00] Launching c7g.large...[20:30:08.468] [Part 02] Launching c7g.large...
[20:30:08.468] [Part 03] Launching c7g.large...


[20:30:08.486] [Part 05] Launching c7g.large...[20:30:08.487] [Part 06] Launching c7g.large...

[20:30:08.494] [Part 07] Launching c7g.large...
[20:30:08.502] [Part 09] Launching c7g.large...
[20:30:08.511] [Part 01] Launching c7g.large...
[20:30:27.797] [Part 02] Instance ready. IP: 54.173.206.204
[20:30:28.600] [Part 09] Instance ready. IP: 3.82.45.221
[20:30:28.786] [Part 03] Instance ready. IP: 3.81.157.29
[20:30:28.827] [Part 05] Instance ready. IP: 98.86.240.130
[20:30:28.857] [Part 00] Instance ready. IP: 98.91.205.76
[20:30:28.919] [Part 06] Instance ready. IP: 18.212.109.202
[20:30:28.931] [Part 01] Instance ready. IP: 54.242.91.103
[20:30:29.257] [Part 08] Instance ready. IP: 98.87.3.201
[20:30:32.500] [Part 04] Instance ready. IP: 52.201.250.206
[20:30:32.700] [Part 07] Instance ready. IP: 34.230.54.23
[20:31:00.437] [Part 02] CPU: aarch64
CPU part	: 0xd40
[20:31:01.304] [Part 02] Uploading segment...
[20:31:01.482] [Part 05] CPU: aarch64
CPU part	: 0xd40
[20:31:01.482] [Part 00] CPU: aarch64
CPU part	: 0xd40
[20:31:01.564] [Part 01] CPU: aarch64
CPU part	: 0xd40
[20:31:01.633] [Part 06] CPU: aarch64
CPU part	: 0xd40
[20:31:01.812] [Part 03] CPU: aarch64
CPU part	: 0xd40
[20:31:01.951] [Part 09] CPU: aarch64
CPU part	: 0xd40
[20:31:02.280] [Part 08] CPU: aarch64
CPU part	: 0xd40
[20:31:02.463] [Part 06] Uploading segment...
[20:31:02.669] [Part 03] Uploading segment...
[20:31:02.705] [Part 00] Uploading segment...
[20:31:02.705] [Part 05] Uploading segment...
[20:31:02.806] [Part 01] Uploading segment...
[20:31:02.817] [Part 09] Uploading segment...
[20:31:03.612] [Part 08] Uploading segment...
[20:31:05.750] [Part 04] CPU: aarch64
CPU part	: 0xd40
[20:31:06.160] [Part 07] CPU: aarch64
CPU part	: 0xd40
[20:31:06.590] [Part 04] Uploading segment...
[20:31:07.011] [Part 07] Uploading segment...
[20:31:17.450] [Part 04] Running compression...
[20:31:17.698] [Part 06] Running compression...
[20:31:19.645] [Part 02] Running compression...
[20:31:21.087] [Part 07] Running compression...
[20:31:21.725] [Part 00] Running compression...
[20:31:22.627] [Part 03] Running compression...
[20:31:22.786] [Part 05] Running compression...
[20:31:23.180] [Part 08] Running compression...
[20:31:23.593] [Part 01] Running compression...
[20:31:24.024] [Part 09] Running compression...
[20:32:54.268] [Part 01] Done!
[20:33:01.303] [Part 01] Instance terminated.
[20:33:14.123] [Part 05] Done!
[20:33:20.374] [Part 05] Instance terminated.
[20:33:27.415] [Part 03] Done!
[20:33:29.245] [Part 06] Done!
[20:33:36.189] [Part 03] Instance terminated.
[20:33:37.285] [Part 06] Instance terminated.
[20:33:52.634] [Part 09] Done!
[20:33:53.986] [Part 09] Instance terminated.
[20:33:54.789] [Part 04] Done!
[20:33:55.961] [Part 07] Done!
[20:33:56.112] [Part 04] Instance terminated.
[20:33:57.053] [Part 07] Instance terminated.
[20:34:18.480] [Part 02] Done!
[20:34:21.453] [Part 02] Instance terminated.
[20:34:30.686] [Part 08] Done!
[20:34:31.868] [Part 08] Instance terminated.
[20:34:52.031] [Part 00] Done!
[20:34:53.119] [Part 00] Instance terminated.
[20:34:53.120] ============================================================
[20:34:53.120] RESULTS — 10x c7g.large Horizontal OPTIMIZED
[20:34:53.120]   Total Time:    286.68s (4.78 min)
[20:34:53.120]   Split Time:    1.18s
[20:34:53.120]   Parallel Time: 285.50s (4.76 min)
[20:34:53.120] ============================================================
