[19:46:29.111] === Phase 3.2 OPTIMIZED Horizontal: 10x c7g.large ===
[19:46:29.115] AMI: ami-0976d56fa61f42304 (ffmpeg pre-installed) | Codec: libx265 | Threads: 5
[19:46:29.115] [Setup] Starting video split...
[19:46:29.220] [Setup] Video: 600.0s → 10 parts of 60.0s
[19:46:30.710] [Setup] Video split complete.
[19:46:30.710] [Summary] SPLIT TIME: 1.60s
[19:46:31.852] [Part 04] Launching c7g.large...
[19:46:31.863] [Part 09] Launching c7g.large...
[19:46:31.925] [Part 08] Launching c7g.large...
[19:46:31.938] [Part 00] Launching c7g.large...
[19:46:31.944] [Part 06] Launching c7g.large...
[19:46:31.954] [Part 01] Launching c7g.large...
[19:46:31.961] [Part 02] Launching c7g.large...
[19:46:31.968] [Part 05] Launching c7g.large...
[19:46:31.976] [Part 03] Launching c7g.large...
[19:46:31.983] [Part 07] Launching c7g.large...
[19:46:56.800] [Part 05] Instance ready. IP: 98.87.5.156
[19:46:56.811] [Part 09] Instance ready. IP: 13.223.180.145
[19:46:57.019] [Part 01] Instance ready. IP: 54.196.72.232
[19:46:57.148] [Part 04] Instance ready. IP: 34.230.7.111
[19:46:57.227] [Part 08] Instance ready. IP: 34.230.13.78
[19:46:57.268] [Part 03] Instance ready. IP: 54.157.34.212
[19:46:57.349] [Part 06] Instance ready. IP: 34.235.119.68
[19:46:57.890] [Part 00] Instance ready. IP: 184.73.100.69
[19:47:14.421] [Part 07] Instance ready. IP: 54.209.41.177
[19:47:15.548] [Part 02] Instance ready. IP: 3.81.23.213
[19:47:30.016] [Part 05] CPU: aarch64
CPU part	: 0xd40
[19:47:30.096] [Part 09] CPU: aarch64
CPU part	: 0xd40
[19:47:30.985] [Part 01] CPU: aarch64
CPU part	: 0xd40
[19:47:31.192] [Part 08] CPU: aarch64
CPU part	: 0xd40
[19:47:31.193] [Part 03] CPU: aarch64
CPU part	: 0xd40[19:47:31.194] [Part 04] CPU: aarch64
CPU part	: 0xd40

[19:47:31.202] [Part 06] CPU: aarch64
CPU part	: 0xd40
[19:47:31.392] [Part 05] Uploading segment...
[19:47:31.411] [Part 09] Uploading segment...
[19:47:31.735] [Part 01] Uploading segment...
[19:47:31.983] [Part 08] Uploading segment...
[19:47:31.984] [Part 03] Uploading segment...
[19:47:32.021] [Part 04] Uploading segment...
[19:47:32.022] [Part 06] Uploading segment...
[19:47:32.758] [Part 00] CPU: aarch64
CPU part	: 0xd40
[19:47:33.710] [Part 00] Uploading segment...
[19:47:47.668] [Part 07] CPU: aarch64
CPU part	: 0xd40
[19:47:48.481] [Part 02] CPU: aarch64
CPU part	: 0xd40
[19:47:49.252] [Part 07] Uploading segment...
[19:47:49.440] [Part 02] Uploading segment...
[19:48:43.807] [Part 00] Running compression...
[19:48:45.453] [Part 08] Running compression...
[19:48:45.863] [Part 04] Running compression...
[19:48:46.585] [Part 02] Running compression...
[19:48:48.095] [Part 09] Running compression...
[19:48:50.308] [Part 06] Running compression...
[19:50:10.125] [Part 01] Running compression...
[19:50:56.729] [Part 04] Done!
[19:51:08.805] [Part 04] Instance terminated.
[19:51:45.675] [Part 00] Done!
[19:51:50.028] [Part 00] Instance terminated.
[19:51:51.544] [Part 03] Running compression...
[19:51:56.623] [Part 08] Done!
[19:52:01.100] [Part 09] Done!
[19:52:01.653] [Part 08] Instance terminated.
[19:52:04.040] [Part 09] Instance terminated.
[19:52:30.745] [Part 07] Running compression...
[19:52:39.026] [Part 06] Done!
[19:52:52.173] [Part 06] Instance terminated.
[19:53:09.601] [Part 05] Running compression...
[19:53:16.123] [Part 01] Done!
[19:53:24.155] [Part 01] Instance terminated.
[19:53:45.392] [Part 02] Done!
[19:53:50.835] [Part 02] Instance terminated.
[19:55:06.359] [Part 03] Done!
[19:55:12.537] [Part 03] Instance terminated.
[19:56:15.121] [Part 05] Done!
[19:56:16.690] [Part 05] Instance terminated.
[19:56:28.753] [Part 07] Done!
[19:56:30.728] [Part 07] Instance terminated.
[19:56:30.733] ============================================================
[19:56:30.734] RESULTS — 10x c7g.large Horizontal OPTIMIZED
[19:56:30.734]   Total Time:    601.62s (10.03 min)
[19:56:30.734]   Split Time:    1.60s
[19:56:30.734]   Parallel Time: 600.02s (10.00 min)
[19:56:30.734] ============================================================
