[19:56:33.467] === Phase 3.2 OPTIMIZED Horizontal: 10x c7g.large ===
[19:56:33.467] AMI: ami-0976d56fa61f42304 (ffmpeg pre-installed) | Codec: libx265 | Threads: 5
[19:56:33.467] [Setup] Starting video split...
[19:56:33.646] [Setup] Video: 600.0s → 10 parts of 60.0s
[19:56:37.831] [Setup] Video split complete.
[19:56:37.831] [Summary] SPLIT TIME: 4.36s
[19:56:39.356] [Part 03] Launching c7g.large...
[19:56:40.142] [Part 07] Launching c7g.large...
[19:56:40.208] [Part 08] Launching c7g.large...
[19:56:40.416] [Part 09] Launching c7g.large...
[19:56:40.463] [Part 05] Launching c7g.large...[19:56:40.468] [Part 02] Launching c7g.large...
[19:56:40.469] [Part 04] Launching c7g.large...

[19:56:40.550] [Part 06] Launching c7g.large...
[19:56:40.615] [Part 00] Launching c7g.large...
[19:56:40.630] [Part 01] Launching c7g.large...
[19:57:00.319] [Part 07] Instance ready. IP: 98.94.108.251
[19:57:00.327] [Part 03] Instance ready. IP: 3.81.92.228
[19:57:00.357] [Part 00] Instance ready. IP: 54.167.210.85
[19:57:00.400] [Part 02] Instance ready. IP: 184.72.199.90
[19:57:00.689] [Part 01] Instance ready. IP: 100.55.30.79
[19:57:07.322] [Part 05] Instance ready. IP: 54.210.198.234
[19:57:07.754] [Part 04] Instance ready. IP: 54.224.215.113
[19:57:07.766] [Part 08] Instance ready. IP: 52.87.208.229
[19:57:08.609] [Part 06] Instance ready. IP: 3.91.251.147
[19:57:13.506] [Part 09] Instance ready. IP: 34.229.114.233
[19:57:34.179] [Part 02] CPU: aarch64
CPU part	: 0xd40
[19:57:34.292] [Part 01] CPU: aarch64
CPU part	: 0xd40[19:57:34.292] [Part 07] CPU: aarch64
CPU part	: 0xd40

[19:57:34.367] [Part 00] CPU: aarch64
CPU part	: 0xd40
[19:57:35.871] [Part 03] CPU: aarch64
CPU part	: 0xd40
[19:57:36.346] [Part 02] Uploading segment...[19:57:36.346] [Part 07] Uploading segment...

[19:57:36.351] [Part 01] Uploading segment...
[19:57:36.593] [Part 00] Uploading segment...
[19:57:36.953] [Part 03] Uploading segment...
[19:57:40.212] [Part 05] CPU: aarch64
CPU part	: 0xd40
[19:57:40.415] [Part 08] CPU: aarch64
CPU part	: 0xd40
[19:57:40.556] [Part 04] CPU: aarch64
CPU part	: 0xd40
[19:57:41.724] [Part 05] Uploading segment...
[19:57:41.764] [Part 06] CPU: aarch64
CPU part	: 0xd40
[19:57:42.041] [Part 08] Uploading segment...
[19:57:42.042] [Part 04] Uploading segment...
[19:57:42.876] [Part 06] Uploading segment...
[19:57:47.158] [Part 09] CPU: aarch64
CPU part	: 0xd40
[19:57:48.195] [Part 09] Uploading segment...
[19:58:41.008] [Part 01] Running compression...
[19:59:00.896] [Part 00] Running compression...
[19:59:02.201] [Part 08] Running compression...
[19:59:03.801] [Part 04] Running compression...
[19:59:06.199] [Part 03] Running compression...
[19:59:06.571] [Part 07] Running compression...
[19:59:08.190] [Part 02] Running compression...
[19:59:11.654] [Part 06] Running compression...
[19:59:12.503] [Part 05] Running compression...
[19:59:12.994] [Part 09] Running compression...
[20:00:01.709] [Part 01] Done!
[20:00:03.927] [Part 01] Instance terminated.
[20:01:23.474] [Part 00] Done!
[20:03:23.442] [Part 06] Done!
[20:03:45.307] [Part 00] Instance terminated.
[20:03:54.523] [Part 03] Done!
[20:03:56.449] [Part 06] Instance terminated.
[20:04:01.043] [Part 02] Done!
[20:04:12.836] [Part 03] Instance terminated.
[20:04:14.104] [Part 07] Done!
[20:04:14.188] [Part 02] Instance terminated.
[20:04:21.560] [Part 07] Instance terminated.
[20:04:21.820] [Part 09] Done!
[20:04:27.742] [Part 09] Instance terminated.
[20:04:30.548] [Part 04] Done!
[20:04:35.238] [Part 04] Instance terminated.
[20:04:56.567] [Part 05] Done!
[20:04:58.225] [Part 05] Instance terminated.
[20:05:28.961] [Part 08] Done!
[20:05:30.180] [Part 08] Instance terminated.
[20:05:30.182] ============================================================
[20:05:30.182] RESULTS — 10x c7g.large Horizontal OPTIMIZED
[20:05:30.182]   Total Time:    536.71s (8.95 min)
[20:05:30.182]   Split Time:    4.36s
[20:05:30.182]   Parallel Time: 532.35s (8.87 min)
[20:05:30.182] ============================================================
