[19:27:07.225] === Phase 3.2 OPTIMIZED Horizontal: 10x c7g.large ===
[19:27:07.225] AMI: ami-0976d56fa61f42304 (ffmpeg pre-installed) | Codec: libx265 | Threads: 5
[19:27:07.225] [Setup] Starting video split...
[19:27:07.548] [Setup] Video: 600.0s → 10 parts of 60.0s
[19:27:10.994] [Setup] Video split complete.
[19:27:10.994] [Summary] SPLIT TIME: 3.77s
[19:27:12.934] [Part 05] Launching c7g.large...
[19:27:12.963] [Part 06] Launching c7g.large...
[19:27:12.970] [Part 04] Launching c7g.large...
[19:27:13.019] [Part 07] Launching c7g.large...
[19:27:13.037] [Part 01] Launching c7g.large...
[19:27:13.046] [Part 09] Launching c7g.large...
[19:27:13.056] [Part 00] Launching c7g.large...
[19:27:13.067] [Part 08] Launching c7g.large...
[19:27:13.082] [Part 03] Launching c7g.large...
[19:27:13.091] [Part 02] Launching c7g.large...
[19:27:27.424] [Part 07] ERROR: An error occurred (RequestLimitExceeded) when calling the RunInstances operation (reached max retries: 4): Request limit exceeded. Account 460964766037 has been throttled on ec2:RunInstances because it exceeded its request rate limit.
[19:27:27.953] [Part 01] ERROR: An error occurred (RequestLimitExceeded) when calling the RunInstances operation (reached max retries: 4): Request limit exceeded. Account 460964766037 has been throttled on ec2:RunInstances because it exceeded its request rate limit.
[19:27:30.827] [Part 06] ERROR: An error occurred (RequestLimitExceeded) when calling the RunInstances operation (reached max retries: 4): Request limit exceeded. Account 460964766037 has been throttled on ec2:RunInstances because it exceeded its request rate limit.
[19:27:30.974] [Part 00] ERROR: An error occurred (RequestLimitExceeded) when calling the RunInstances operation (reached max retries: 4): Request limit exceeded. Account 460964766037 has been throttled on ec2:RunInstances because it exceeded its request rate limit.
[19:27:34.361] [Part 04] ERROR: An error occurred (RequestLimitExceeded) when calling the RunInstances operation (reached max retries: 4): Request limit exceeded. Account 460964766037 has been throttled on ec2:RunInstances because it exceeded its request rate limit.
[19:27:43.151] [Part 03] Instance ready. IP: 52.54.189.178
[19:27:44.456] [Part 05] Instance ready. IP: 34.229.39.12
[19:27:45.661] [Part 09] Instance ready. IP: 3.87.122.7
[19:27:47.759] [Part 02] Instance ready. IP: 35.173.138.87
[19:27:48.073] [Part 08] Instance ready. IP: 32.194.88.209
[19:28:15.952] [Part 03] CPU: aarch64
CPU part	: 0xd40
[19:28:17.054] [Part 03] Uploading segment...
[19:28:17.439] [Part 05] CPU: aarch64
CPU part	: 0xd40
[19:28:18.376] [Part 05] Uploading segment...
[19:28:18.851] [Part 09] CPU: aarch64
CPU part	: 0xd40
[19:28:20.076] [Part 09] Uploading segment...
[19:28:20.924] [Part 02] CPU: aarch64
CPU part	: 0xd40
[19:28:21.249] [Part 08] CPU: aarch64
CPU part	: 0xd40
[19:28:22.066] [Part 02] Uploading segment...
[19:28:22.348] [Part 08] Uploading segment...
[19:30:15.771] [Part 08] Running compression...
[19:30:17.753] [Part 03] Running compression...
[19:30:17.759] [Part 05] Running compression...
[19:30:19.382] [Part 02] Running compression...
[19:30:19.514] [Part 09] Running compression...
[19:34:21.086] [Part 08] Done!
[19:34:23.243] [Part 05] Done!
[19:35:03.426] [Part 05] Instance terminated.
[19:35:03.540] [Part 08] Instance terminated.
[19:37:18.531] [Part 02] Done!
[19:37:23.700] [Part 02] Instance terminated.
[19:37:49.307] [Part 09] Done!
[19:37:50.314] [Part 09] Instance terminated.
[19:38:00.254] [Part 03] Done!
[19:38:01.228] [Part 03] Instance terminated.
[19:38:01.229] ============================================================
[19:38:01.229] RESULTS — 10x c7g.large Horizontal OPTIMIZED
[19:38:01.229]   Total Time:    654.00s (10.90 min)
[19:38:01.229]   Split Time:    3.77s
[19:38:01.229]   Parallel Time: 650.24s (10.84 min)
[19:38:01.229] ============================================================
