[19:57:17.455] === Phase 3.2 OPTIMIZED Horizontal: 10x c7g.large ===
[19:57:17.455] AMI: ami-0976d56fa61f42304 (ffmpeg pre-installed) | Codec: libx265 | Threads: 5
[19:57:17.455] [Setup] Starting video split...
[19:57:17.615] [Setup] Video: 600.0s → 10 parts of 60.0s
[19:57:21.134] [Setup] Video split complete.
[19:57:21.134] [Summary] SPLIT TIME: 3.68s
[19:57:23.248] [Part 05] Launching c7g.large...
[19:57:23.347] [Part 04] Launching c7g.large...
[19:57:23.389] [Part 09] Launching c7g.large...
[19:57:23.398] [Part 03] Launching c7g.large...
[19:57:23.422] [Part 01] Launching c7g.large...
[19:57:23.463] [Part 07] Launching c7g.large...
[19:57:23.517] [Part 02] Launching c7g.large...
[19:57:23.545] [Part 08] Launching c7g.large...
[19:57:23.606] [Part 06] Launching c7g.large...
[19:57:23.614] [Part 00] Launching c7g.large...
[19:57:42.935] [Part 07] Instance ready. IP: 18.207.164.178
[19:57:42.943] [Part 06] Instance ready. IP: 100.30.235.16
[19:57:42.953] [Part 09] Instance ready. IP: 54.211.136.200
[19:57:43.626] [Part 03] Instance ready. IP: 54.80.21.48
[19:57:43.628] [Part 00] Instance ready. IP: 54.162.225.72
[19:57:43.759] [Part 08] Instance ready. IP: 54.92.145.226
[19:57:44.243] [Part 04] Instance ready. IP: 98.83.134.53
[19:57:44.274] [Part 01] Instance ready. IP: 3.91.92.9
[19:57:44.734] [Part 02] Instance ready. IP: 3.81.13.48
[19:57:44.744] [Part 05] Instance ready. IP: 18.206.219.214
[19:58:15.595] [Part 06] CPU: aarch64
CPU part	: 0xd40
[19:58:16.228] [Part 07] CPU: aarch64
CPU part	: 0xd40
[19:58:16.392] [Part 00] CPU: aarch64
CPU part	: 0xd40
[19:58:16.400] [Part 09] CPU: aarch64
CPU part	: 0xd40
[19:58:16.479] [Part 06] Uploading segment...[19:58:16.479] [Part 03] CPU: aarch64
CPU part	: 0xd40

[19:58:17.151] [Part 08] CPU: aarch64
CPU part	: 0xd40
[19:58:17.179] [Part 01] CPU: aarch64
CPU part	: 0xd40
[19:58:17.179] [Part 04] CPU: aarch64
CPU part	: 0xd40
[19:58:17.331] [Part 07] Uploading segment...
[19:58:17.438] [Part 00] Uploading segment...
[19:58:17.541] [Part 09] Uploading segment...
[19:58:17.625] [Part 03] Uploading segment...
[19:58:17.773] [Part 02] CPU: aarch64
CPU part	: 0xd40
[19:58:17.773] [Part 05] CPU: aarch64
CPU part	: 0xd40
[19:58:18.080] [Part 08] Uploading segment...
[19:58:18.182] [Part 04] Uploading segment...
[19:58:18.187] [Part 01] Uploading segment...
[19:58:18.658] [Part 05] Uploading segment...[19:58:18.658] [Part 02] Uploading segment...

[19:59:25.041] [Part 00] Running compression...
[19:59:25.041] [Part 01] Running compression...
[19:59:26.387] [Part 08] Running compression...
[19:59:26.942] [Part 03] Running compression...
[19:59:28.083] [Part 09] Running compression...
[19:59:29.406] [Part 02] Running compression...
[20:01:24.434] [Part 07] Running compression...
[20:01:30.198] [Part 04] Running compression...
[20:01:44.525] [Part 05] Running compression...
[20:01:49.652] [Part 06] Running compression...
[20:03:09.494] [Part 08] Done!
[20:03:30.125] [Part 01] Done!
[20:03:36.683] [Part 02] Done!
[20:03:44.975] [Part 09] Done!
[20:03:50.126] [Part 08] Instance terminated.
[20:04:02.135] [Part 01] Instance terminated.
[20:04:03.942] [Part 02] Instance terminated.
[20:04:08.687] [Part 00] Done!
[20:04:10.341] [Part 09] Instance terminated.
[20:04:15.847] [Part 03] Done!
[20:04:17.974] [Part 00] Instance terminated.
[20:04:23.407] [Part 03] Instance terminated.
[20:04:47.177] [Part 06] Done!
[20:04:51.690] [Part 07] Done!
[20:04:52.091] [Part 06] Instance terminated.
[20:04:55.458] [Part 04] Done!
[20:04:55.482] [Part 07] Instance terminated.
[20:04:56.702] [Part 05] Done!
[20:04:57.113] [Part 04] Instance terminated.
[20:04:58.225] [Part 05] Instance terminated.
[20:04:58.228] ============================================================
[20:04:58.228] RESULTS — 10x c7g.large Horizontal OPTIMIZED
[20:04:58.228]   Total Time:    460.77s (7.68 min)
[20:04:58.228]   Split Time:    3.68s
[20:04:58.228]   Parallel Time: 457.09s (7.62 min)
[20:04:58.228] ============================================================
