[19:27:07.225] === Phase 3.2 OPTIMIZED Horizontal: 10x c7g.large ===
[19:27:07.225] AMI: ami-0976d56fa61f42304 (ffmpeg pre-installed) | Codec: libx265 | Threads: 5
[19:27:07.225] [Setup] Starting video split...
[19:27:07.549] [Setup] Video: 600.0s → 10 parts of 60.0s
[19:27:10.767] [Setup] Video split complete.
[19:27:10.767] [Summary] SPLIT TIME: 3.54s
[19:27:12.120] [Part 01] Launching c7g.large...
[19:27:12.128] [Part 08] Launching c7g.large...
[19:27:12.186] [Part 06] Launching c7g.large...
[19:27:12.227] [Part 05] Launching c7g.large...
[19:27:12.281] [Part 07] Launching c7g.large...
[19:27:12.258] [Part 09] Launching c7g.large...
[19:27:12.284] [Part 03] Launching c7g.large...[19:27:12.321] [Part 02] Launching c7g.large...[19:27:12.321] [Part 04] Launching c7g.large...


[19:27:12.380] [Part 00] Launching c7g.large...
[19:27:30.061] [Part 05] Instance ready. IP: 13.218.112.71
[19:27:30.087] [Part 03] Instance ready. IP: 98.83.26.96
[19:27:30.089] [Part 04] Instance ready. IP: 18.234.229.231
[19:27:30.095] [Part 06] Instance ready. IP: 54.208.127.109
[19:27:30.096] [Part 07] Instance ready. IP: 54.156.54.189
[19:27:30.100] [Part 09] Instance ready. IP: 54.152.81.35
[19:27:30.118] [Part 01] Instance ready. IP: 34.230.66.57
[19:27:30.127] [Part 02] Instance ready. IP: 54.89.237.4
[19:27:30.135] [Part 00] Instance ready. IP: 3.92.146.134
[19:27:47.558] [Part 08] Instance ready. IP: 34.229.235.235
[19:28:03.442] [Part 09] CPU: aarch64
CPU part	: 0xd40
[19:28:03.450] [Part 01] CPU: aarch64
CPU part	: 0xd40
[19:28:03.558] [Part 02] CPU: aarch64
CPU part	: 0xd40[19:28:03.558] [Part 03] CPU: aarch64
CPU part	: 0xd40

[19:28:03.592] [Part 07] CPU: aarch64
CPU part	: 0xd40
[19:28:03.598] [Part 05] CPU: aarch64
CPU part	: 0xd40
[19:28:03.601] [Part 00] CPU: aarch64
CPU part	: 0xd40
[19:28:03.614] [Part 06] CPU: aarch64
CPU part	: 0xd40
[19:28:03.688] [Part 04] CPU: aarch64
CPU part	: 0xd40
[19:28:03.906] [Part 09] Uploading segment...
[19:28:03.943] [Part 01] Uploading segment...
[19:28:04.020] [Part 02] Uploading segment...
[19:28:04.045] [Part 03] Uploading segment...
[19:28:04.076] [Part 07] Uploading segment...
[19:28:04.079] [Part 06] Uploading segment...
[19:28:04.090] [Part 05] Uploading segment...
[19:28:04.096] [Part 00] Uploading segment...
[19:28:04.187] [Part 04] Uploading segment...
[19:28:20.924] [Part 08] CPU: aarch64
CPU part	: 0xd40
[19:28:22.066] [Part 08] Uploading segment...
[19:29:52.751] [Part 04] Running compression...
[19:29:58.077] [Part 00] Running compression...
[19:30:03.473] [Part 01] Running compression...
[19:30:06.925] [Part 03] Running compression...
[19:30:08.237] [Part 09] Running compression...
[19:30:08.927] [Part 05] Running compression...
[19:30:09.200] [Part 07] Running compression...
[19:30:10.256] [Part 06] Running compression...
[19:30:10.386] [Part 02] Running compression...
[19:30:15.172] [Part 08] Running compression...
[19:33:08.384] [Part 04] Done!
[19:34:58.027] [Part 02] Done!
[19:35:03.447] [Part 04] Instance terminated.
[19:35:08.917] [Part 02] Instance terminated.
[19:36:12.972] [Part 08] Done!
[19:36:14.436] [Part 00] Done!
[19:36:17.248] [Part 07] Done!
[19:36:19.296] [Part 03] Done!
[19:36:23.077] [Part 01] Done!
[19:36:24.173] [Part 00] Instance terminated.
[19:36:25.470] [Part 07] Instance terminated.
[19:36:25.948] [Part 08] Instance terminated.
[19:36:27.146] [Part 09] Done!
[19:36:29.640] [Part 03] Instance terminated.
[19:36:32.587] [Part 01] Instance terminated.
[19:36:41.480] [Part 09] Instance terminated.
[19:37:04.577] [Part 06] Done!
[19:37:18.570] [Part 06] Instance terminated.
[19:37:18.684] [Part 05] Done!
[19:37:23.665] [Part 05] Instance terminated.
[19:37:23.667] ============================================================
[19:37:23.667] RESULTS — 10x c7g.large Horizontal OPTIMIZED
[19:37:23.667]   Total Time:    616.44s (10.27 min)
[19:37:23.667]   Split Time:    3.54s
[19:37:23.667]   Parallel Time: 612.90s (10.21 min)
[19:37:23.667] ============================================================
