[11:07:30.237] === Phase 3.2 OPTIMIZED Vertical: 1x c5.4xlarge ===
[11:07:30.237] AMI: ami-06c7c20c67513469a (ffmpeg pre-installed)
[11:07:30.237] [c5.4xlarge-Vertical-OPT] Launching EC2 instance...
[11:07:32.173] [c5.4xlarge-Vertical-OPT] Instance i-09235e0fb021dfb73 launched. Waiting...
[11:07:47.844] [c5.4xlarge-Vertical-OPT] Instance ready. IP: 54.163.234.166
[11:08:18.686] [c5.4xlarge-Vertical-OPT] SSH connected.
[11:08:19.636] [c5.4xlarge-Vertical-OPT] CPU: Intel(R) Xeon(R) Platinum 8124M CPU @ 3.00GHz
[11:08:19.636] [c5.4xlarge-Vertical-OPT] WARNING: CPU mismatch! Expected Intel(R) Xeon(R) Platinum 8275CL CPU @ 3.00GHz, got Intel(R) Xeon(R) Platinum 8124M CPU @ 3.00GHz
[11:08:19.636] [c5.4xlarge-Vertical-OPT] Uploading 10-minute video...
[11:08:25.919] [c5.4xlarge-Vertical-OPT] Upload complete.
[11:08:25.919] [c5.4xlarge-Vertical-OPT] SETUP TIME: 55.68s (0.93 min)
[11:08:25.919] [c5.4xlarge-Vertical-OPT] Running: ffmpeg -i /home/ubuntu/input.mp4 -c:v libx264 -preset slow -b:v 2M -threads 10 -y /home/ubuntu/output.mp4
[11:08:55.626] [c5.4xlarge-Vertical-OPT] ENCODING TIME: 29.71s (0.50 min)
[11:08:56.561] [c5.4xlarge-Vertical-OPT] Instance terminated.
[11:08:56.561] [c5.4xlarge-Vertical-OPT] ============================================================
[11:08:56.561] [c5.4xlarge-Vertical-OPT] RESULTS — c5.4xlarge Vertical OPTIMIZED
[11:08:56.561] [c5.4xlarge-Vertical-OPT]   Total Time:    85.39s (1.42 min)
[11:08:56.561] [c5.4xlarge-Vertical-OPT]   Setup Time:    55.68s (0.93 min)
[11:08:56.561] [c5.4xlarge-Vertical-OPT]   Encoding Time: 29.71s (0.50 min)
[11:08:56.561] [c5.4xlarge-Vertical-OPT]   Setup %:       65.2%
[11:08:56.561] [c5.4xlarge-Vertical-OPT] ============================================================
