[23:34:35.246] === Phase 3.2 Vertical Scaling: 1x c5.4xlarge ===
[23:34:35.246] Codec: libx264, Threads: 10, Preset: slow
[23:34:35.246] [c5.4xlarge-Vertical] Launching EC2 instance...
[23:34:37.004] [c5.4xlarge-Vertical] Instance i-0df141c40e08286e5 launched. Waiting...
[23:34:52.997] [c5.4xlarge-Vertical] Instance ready. IP: 3.80.197.236
[23:35:23.866] [c5.4xlarge-Vertical] SSH connected.
[23:35:23.866] [c5.4xlarge-Vertical] Installing ffmpeg...
[23:36:01.109] [c5.4xlarge-Vertical] ffmpeg installed.
[23:36:01.495] [c5.4xlarge-Vertical] CPU: Intel(R) Xeon(R) Platinum 8275CL CPU @ 3.00GHz
[23:36:01.495] [c5.4xlarge-Vertical] Uploading 10-minute video...
[23:36:08.321] [c5.4xlarge-Vertical] Upload complete.
[23:36:08.321] [c5.4xlarge-Vertical] SETUP TIME: 93.08s (1.55 min)
[23:36:08.321] [c5.4xlarge-Vertical] Running: ffmpeg -i /home/ubuntu/input.mp4 -c:v libx264 -preset slow -b:v 2M -threads 10 -max_muxing_queue_size 1024 -y /home/ubuntu/output.mp4
[23:36:44.505] [c5.4xlarge-Vertical] ENCODING TIME: 36.18s (0.60 min)
[23:36:45.433] [c5.4xlarge-Vertical] Instance terminated.
[23:36:45.433] [c5.4xlarge-Vertical] ============================================================
[23:36:45.433] [c5.4xlarge-Vertical] RESULTS — c5.4xlarge Vertical
[23:36:45.433] [c5.4xlarge-Vertical]   Total Time:    129.26s (2.15 min)
[23:36:45.433] [c5.4xlarge-Vertical]   Setup Time:    93.08s (1.55 min)
[23:36:45.433] [c5.4xlarge-Vertical]   Encoding Time: 36.18s (0.60 min)
[23:36:45.433] [c5.4xlarge-Vertical]   Setup %:       72.0%
[23:36:45.433] [c5.4xlarge-Vertical] ============================================================
