[21:56:46.014] === Phase 3.2 Vertical Scaling: 1x c5.4xlarge ===
[21:56:46.014] Codec: libx264, Threads: 10, Preset: slow
[21:56:46.014] [c5.4xlarge-Vertical] Launching EC2 instance...
[21:56:47.834] [c5.4xlarge-Vertical] Instance i-02600821158eab34f launched. Waiting...
[21:57:03.528] [c5.4xlarge-Vertical] Instance ready. IP: 54.82.154.134
[21:57:34.419] [c5.4xlarge-Vertical] SSH connected.
[21:57:34.419] [c5.4xlarge-Vertical] Installing ffmpeg...
[21:58:07.355] [c5.4xlarge-Vertical] ffmpeg installed.
[21:58:07.747] [c5.4xlarge-Vertical] CPU: Intel(R) Xeon(R) Platinum 8275CL CPU @ 3.00GHz
[21:58:07.747] [c5.4xlarge-Vertical] Uploading 10-minute video...
[21:58:14.938] [c5.4xlarge-Vertical] Upload complete.
[21:58:14.938] [c5.4xlarge-Vertical] SETUP TIME: 88.92s (1.48 min)
[21:58:14.938] [c5.4xlarge-Vertical] Running: ffmpeg -i /home/ubuntu/input.mp4 -c:v libx264 -preset slow -b:v 2M -threads 10 -max_muxing_queue_size 1024 -y /home/ubuntu/output.mp4
[21:58:51.622] [c5.4xlarge-Vertical] ENCODING TIME: 36.68s (0.61 min)
[21:58:52.574] [c5.4xlarge-Vertical] Instance terminated.
[21:58:52.574] [c5.4xlarge-Vertical] ============================================================
[21:58:52.574] [c5.4xlarge-Vertical] RESULTS — c5.4xlarge Vertical
[21:58:52.574] [c5.4xlarge-Vertical]   Total Time:    125.61s (2.09 min)
[21:58:52.574] [c5.4xlarge-Vertical]   Setup Time:    88.92s (1.48 min)
[21:58:52.574] [c5.4xlarge-Vertical]   Encoding Time: 36.68s (0.61 min)
[21:58:52.574] [c5.4xlarge-Vertical]   Setup %:       70.8%
[21:58:52.574] [c5.4xlarge-Vertical] ============================================================
