[01:53:13.161] === Phase 3.2 Vertical Scaling: 1x c5.4xlarge ===
[01:53:13.161] Codec: libx264, Threads: 10, Preset: slow
[01:53:13.161] [c5.4xlarge-Vertical] Launching EC2 instance...
[01:53:14.932] [c5.4xlarge-Vertical] Instance i-00255c195bc20a21e launched. Waiting...
[01:53:30.664] [c5.4xlarge-Vertical] Instance ready. IP: 100.30.172.105
[01:54:01.559] [c5.4xlarge-Vertical] SSH connected.
[01:54:01.559] [c5.4xlarge-Vertical] Installing ffmpeg...
[01:54:35.785] [c5.4xlarge-Vertical] ffmpeg installed.
[01:54:36.183] [c5.4xlarge-Vertical] CPU: Intel(R) Xeon(R) Platinum 8124M CPU @ 3.00GHz
[01:54:36.183] [c5.4xlarge-Vertical] WARNING: CPU mismatch! Expected Intel(R) Xeon(R) Platinum 8275CL CPU @ 3.00GHz, got Intel(R) Xeon(R) Platinum 8124M CPU @ 3.00GHz
[01:54:36.183] [c5.4xlarge-Vertical] Uploading 10-minute video...
[01:54:43.103] [c5.4xlarge-Vertical] Upload complete.
[01:54:43.103] [c5.4xlarge-Vertical] SETUP TIME: 89.94s (1.50 min)
[01:54:43.103] [c5.4xlarge-Vertical] Running: ffmpeg -i /home/ubuntu/input.mp4 -c:v libx264 -preset slow -b:v 2M -threads 10 -max_muxing_queue_size 1024 -y /home/ubuntu/output.mp4
[01:55:18.129] [c5.4xlarge-Vertical] ENCODING TIME: 35.03s (0.58 min)
[01:55:19.123] [c5.4xlarge-Vertical] Instance terminated.
[01:55:19.123] [c5.4xlarge-Vertical] ============================================================
[01:55:19.123] [c5.4xlarge-Vertical] RESULTS — c5.4xlarge Vertical
[01:55:19.123] [c5.4xlarge-Vertical]   Total Time:    124.97s (2.08 min)
[01:55:19.123] [c5.4xlarge-Vertical]   Setup Time:    89.94s (1.50 min)
[01:55:19.123] [c5.4xlarge-Vertical]   Encoding Time: 35.03s (0.58 min)
[01:55:19.123] [c5.4xlarge-Vertical]   Setup %:       72.0%
[01:55:19.123] [c5.4xlarge-Vertical] ============================================================
