[12:58:59.597] === Phase 3.2 OPTIMIZED Vertical: 1x c5.4xlarge ===
[12:58:59.597] AMI: ami-06c7c20c67513469a (ffmpeg pre-installed)
[12:58:59.597] [c5.4xlarge-Vertical-OPT] Launching EC2 instance...
[12:59:01.580] [c5.4xlarge-Vertical-OPT] Instance i-0dbc44a843a16b55f launched. Waiting...
[12:59:17.469] [c5.4xlarge-Vertical-OPT] Instance ready. IP: 98.87.7.22
[12:59:48.543] [c5.4xlarge-Vertical-OPT] SSH connected.
[12:59:49.574] [c5.4xlarge-Vertical-OPT] CPU: Intel(R) Xeon(R) Platinum 8275CL CPU @ 3.00GHz
[12:59:49.574] [c5.4xlarge-Vertical-OPT] Uploading 10-minute video...
[12:59:57.777] [c5.4xlarge-Vertical-OPT] Upload complete.
[12:59:57.777] [c5.4xlarge-Vertical-OPT] SETUP TIME: 58.18s (0.97 min)
[12:59:57.777] [c5.4xlarge-Vertical-OPT] Running: ffmpeg -i /home/ubuntu/input.mp4 -c:v libx264 -preset slow -b:v 2M -threads 10 -y /home/ubuntu/output.mp4
[13:00:29.234] [c5.4xlarge-Vertical-OPT] ENCODING TIME: 31.46s (0.52 min)
[13:00:30.422] [c5.4xlarge-Vertical-OPT] Instance terminated.
[13:00:30.422] [c5.4xlarge-Vertical-OPT] ============================================================
[13:00:30.422] [c5.4xlarge-Vertical-OPT] RESULTS — c5.4xlarge Vertical OPTIMIZED
[13:00:30.422] [c5.4xlarge-Vertical-OPT]   Total Time:    89.64s (1.49 min)
[13:00:30.422] [c5.4xlarge-Vertical-OPT]   Setup Time:    58.18s (0.97 min)
[13:00:30.422] [c5.4xlarge-Vertical-OPT]   Encoding Time: 31.46s (0.52 min)
[13:00:30.422] [c5.4xlarge-Vertical-OPT]   Setup %:       64.9%
[13:00:30.422] [c5.4xlarge-Vertical-OPT] ============================================================
