[23:24:05.677] === Phase 3.2 Vertical Scaling: 1x c5.4xlarge ===
[23:24:05.677] Codec: libx264, Threads: 10, Preset: slow
[23:24:05.677] [c5.4xlarge-Vertical] Launching EC2 instance...
[23:24:07.651] [c5.4xlarge-Vertical] Instance i-0945f5f433a4c4bc4 launched. Waiting...
[23:24:23.359] [c5.4xlarge-Vertical] Instance ready. IP: 54.172.219.242
[23:24:54.207] [c5.4xlarge-Vertical] SSH connected.
[23:24:54.207] [c5.4xlarge-Vertical] Installing ffmpeg...
[23:25:28.517] [c5.4xlarge-Vertical] ffmpeg installed.
[23:25:28.900] [c5.4xlarge-Vertical] CPU: Intel(R) Xeon(R) Platinum 8124M CPU @ 3.00GHz
[23:25:28.900] [c5.4xlarge-Vertical] WARNING: CPU mismatch! Expected Intel(R) Xeon(R) Platinum 8275CL CPU @ 3.00GHz, got Intel(R) Xeon(R) Platinum 8124M CPU @ 3.00GHz
[23:25:28.900] [c5.4xlarge-Vertical] Uploading 10-minute video...
[23:25:35.680] [c5.4xlarge-Vertical] Upload complete.
[23:25:35.680] [c5.4xlarge-Vertical] SETUP TIME: 90.00s (1.50 min)
[23:25:35.681] [c5.4xlarge-Vertical] Running: ffmpeg -i /home/ubuntu/input.mp4 -c:v libx264 -preset slow -b:v 2M -threads 10 -max_muxing_queue_size 1024 -y /home/ubuntu/output.mp4
[23:26:10.523] [c5.4xlarge-Vertical] ENCODING TIME: 34.84s (0.58 min)
[23:26:11.469] [c5.4xlarge-Vertical] Instance terminated.
[23:26:11.469] [c5.4xlarge-Vertical] ============================================================
[23:26:11.469] [c5.4xlarge-Vertical] RESULTS — c5.4xlarge Vertical
[23:26:11.469] [c5.4xlarge-Vertical]   Total Time:    124.85s (2.08 min)
[23:26:11.469] [c5.4xlarge-Vertical]   Setup Time:    90.00s (1.50 min)
[23:26:11.469] [c5.4xlarge-Vertical]   Encoding Time: 34.84s (0.58 min)
[23:26:11.470] [c5.4xlarge-Vertical]   Setup %:       72.1%
[23:26:11.470] [c5.4xlarge-Vertical] ============================================================
