[11:58:23.918] === Phase 3.2 OPTIMIZED Vertical: 1x c5.4xlarge ===
[11:58:23.918] AMI: ami-06c7c20c67513469a (ffmpeg pre-installed)
[11:58:23.918] [c5.4xlarge-Vertical-OPT] Launching EC2 instance...
[11:58:25.846] [c5.4xlarge-Vertical-OPT] Instance i-00d8a15761cadbbff launched. Waiting...
[11:58:41.613] [c5.4xlarge-Vertical-OPT] Instance ready. IP: 100.55.77.195
[11:59:12.696] [c5.4xlarge-Vertical-OPT] SSH connected.
[11:59:13.678] [c5.4xlarge-Vertical-OPT] CPU: Intel(R) Xeon(R) Platinum 8275CL CPU @ 3.00GHz
[11:59:13.679] [c5.4xlarge-Vertical-OPT] Uploading 10-minute video...
[11:59:21.882] [c5.4xlarge-Vertical-OPT] Upload complete.
[11:59:21.882] [c5.4xlarge-Vertical-OPT] SETUP TIME: 57.96s (0.97 min)
[11:59:21.882] [c5.4xlarge-Vertical-OPT] Running: ffmpeg -i /home/ubuntu/input.mp4 -c:v libx264 -preset slow -b:v 2M -threads 10 -y /home/ubuntu/output.mp4
[11:59:53.089] [c5.4xlarge-Vertical-OPT] ENCODING TIME: 31.21s (0.52 min)
[11:59:54.122] [c5.4xlarge-Vertical-OPT] Instance terminated.
[11:59:54.122] [c5.4xlarge-Vertical-OPT] ============================================================
[11:59:54.122] [c5.4xlarge-Vertical-OPT] RESULTS — c5.4xlarge Vertical OPTIMIZED
[11:59:54.122] [c5.4xlarge-Vertical-OPT]   Total Time:    89.17s (1.49 min)
[11:59:54.122] [c5.4xlarge-Vertical-OPT]   Setup Time:    57.96s (0.97 min)
[11:59:54.122] [c5.4xlarge-Vertical-OPT]   Encoding Time: 31.21s (0.52 min)
[11:59:54.123] [c5.4xlarge-Vertical-OPT]   Setup %:       65.0%
[11:59:54.123] [c5.4xlarge-Vertical-OPT] ============================================================
