[12:42:28.336] === Phase 3.2 OPTIMIZED Vertical: 1x c5.4xlarge ===
[12:42:28.336] AMI: ami-06c7c20c67513469a (ffmpeg pre-installed)
[12:42:28.336] [c5.4xlarge-Vertical-OPT] Launching EC2 instance...
[12:42:30.322] [c5.4xlarge-Vertical-OPT] Instance i-0009d2af4be99a8d7 launched. Waiting...
[12:42:46.542] [c5.4xlarge-Vertical-OPT] Instance ready. IP: 54.81.181.191
[12:43:17.620] [c5.4xlarge-Vertical-OPT] SSH connected.
[12:43:18.609] [c5.4xlarge-Vertical-OPT] CPU: Intel(R) Xeon(R) Platinum 8275CL CPU @ 3.00GHz
[12:43:18.610] [c5.4xlarge-Vertical-OPT] Uploading 10-minute video...
[12:43:26.931] [c5.4xlarge-Vertical-OPT] Upload complete.
[12:43:26.931] [c5.4xlarge-Vertical-OPT] SETUP TIME: 58.59s (0.98 min)
[12:43:26.931] [c5.4xlarge-Vertical-OPT] Running: ffmpeg -i /home/ubuntu/input.mp4 -c:v libx264 -preset slow -b:v 2M -threads 10 -y /home/ubuntu/output.mp4
[12:43:58.818] [c5.4xlarge-Vertical-OPT] ENCODING TIME: 31.89s (0.53 min)
[12:43:59.901] [c5.4xlarge-Vertical-OPT] Instance terminated.
[12:43:59.901] [c5.4xlarge-Vertical-OPT] ============================================================
[12:43:59.901] [c5.4xlarge-Vertical-OPT] RESULTS — c5.4xlarge Vertical OPTIMIZED
[12:43:59.901] [c5.4xlarge-Vertical-OPT]   Total Time:    90.48s (1.51 min)
[12:43:59.901] [c5.4xlarge-Vertical-OPT]   Setup Time:    58.59s (0.98 min)
[12:43:59.902] [c5.4xlarge-Vertical-OPT]   Encoding Time: 31.89s (0.53 min)
[12:43:59.902] [c5.4xlarge-Vertical-OPT]   Setup %:       64.8%
[12:43:59.902] [c5.4xlarge-Vertical-OPT] ============================================================
