[11:41:57.058] === Phase 3.2 OPTIMIZED Vertical: 1x c5.4xlarge ===
[11:41:57.058] AMI: ami-06c7c20c67513469a (ffmpeg pre-installed)
[11:41:57.058] [c5.4xlarge-Vertical-OPT] Launching EC2 instance...
[11:41:59.130] [c5.4xlarge-Vertical-OPT] Instance i-071e1200d31de95ad launched. Waiting...
[11:42:15.313] [c5.4xlarge-Vertical-OPT] Instance ready. IP: 54.198.220.90
[11:42:46.387] [c5.4xlarge-Vertical-OPT] SSH connected.
[11:42:47.432] [c5.4xlarge-Vertical-OPT] CPU: Intel(R) Xeon(R) Platinum 8124M CPU @ 3.00GHz
[11:42:47.433] [c5.4xlarge-Vertical-OPT] WARNING: CPU mismatch! Expected Intel(R) Xeon(R) Platinum 8275CL CPU @ 3.00GHz, got Intel(R) Xeon(R) Platinum 8124M CPU @ 3.00GHz
[11:42:47.433] [c5.4xlarge-Vertical-OPT] Uploading 10-minute video...
[11:42:56.018] [c5.4xlarge-Vertical-OPT] Upload complete.
[11:42:56.019] [c5.4xlarge-Vertical-OPT] SETUP TIME: 58.96s (0.98 min)
[11:42:56.019] [c5.4xlarge-Vertical-OPT] Running: ffmpeg -i /home/ubuntu/input.mp4 -c:v libx264 -preset slow -b:v 2M -threads 10 -y /home/ubuntu/output.mp4
[11:43:25.847] [c5.4xlarge-Vertical-OPT] ENCODING TIME: 29.83s (0.50 min)
[11:43:27.119] [c5.4xlarge-Vertical-OPT] Instance terminated.
[11:43:27.119] [c5.4xlarge-Vertical-OPT] ============================================================
[11:43:27.119] [c5.4xlarge-Vertical-OPT] RESULTS — c5.4xlarge Vertical OPTIMIZED
[11:43:27.120] [c5.4xlarge-Vertical-OPT]   Total Time:    88.79s (1.48 min)
[11:43:27.120] [c5.4xlarge-Vertical-OPT]   Setup Time:    58.96s (0.98 min)
[11:43:27.120] [c5.4xlarge-Vertical-OPT]   Encoding Time: 29.83s (0.50 min)
[11:43:27.120] [c5.4xlarge-Vertical-OPT]   Setup %:       66.4%
[11:43:27.120] [c5.4xlarge-Vertical-OPT] ============================================================
