[11:29:27.449] === Phase 3.2 OPTIMIZED Vertical: 1x c5.4xlarge ===
[11:29:27.449] AMI: ami-06c7c20c67513469a (ffmpeg pre-installed)
[11:29:27.450] [c5.4xlarge-Vertical-OPT] Launching EC2 instance...
[11:29:29.395] [c5.4xlarge-Vertical-OPT] Instance i-06c07fc77e0447666 launched. Waiting...
[11:29:45.172] [c5.4xlarge-Vertical-OPT] Instance ready. IP: 3.86.10.13
[11:30:16.254] [c5.4xlarge-Vertical-OPT] SSH connected.
[11:30:17.304] [c5.4xlarge-Vertical-OPT] CPU: Intel(R) Xeon(R) Platinum 8124M CPU @ 3.00GHz
[11:30:17.305] [c5.4xlarge-Vertical-OPT] WARNING: CPU mismatch! Expected Intel(R) Xeon(R) Platinum 8275CL CPU @ 3.00GHz, got Intel(R) Xeon(R) Platinum 8124M CPU @ 3.00GHz
[11:30:17.305] [c5.4xlarge-Vertical-OPT] Uploading 10-minute video...
[11:30:25.379] [c5.4xlarge-Vertical-OPT] Upload complete.
[11:30:25.380] [c5.4xlarge-Vertical-OPT] SETUP TIME: 57.93s (0.97 min)
[11:30:25.380] [c5.4xlarge-Vertical-OPT] Running: ffmpeg -i /home/ubuntu/input.mp4 -c:v libx264 -preset slow -b:v 2M -threads 10 -y /home/ubuntu/output.mp4
[11:30:55.266] [c5.4xlarge-Vertical-OPT] ENCODING TIME: 29.89s (0.50 min)
[11:30:56.414] [c5.4xlarge-Vertical-OPT] Instance terminated.
[11:30:56.414] [c5.4xlarge-Vertical-OPT] ============================================================
[11:30:56.414] [c5.4xlarge-Vertical-OPT] RESULTS — c5.4xlarge Vertical OPTIMIZED
[11:30:56.414] [c5.4xlarge-Vertical-OPT]   Total Time:    87.82s (1.46 min)
[11:30:56.415] [c5.4xlarge-Vertical-OPT]   Setup Time:    57.93s (0.97 min)
[11:30:56.415] [c5.4xlarge-Vertical-OPT]   Encoding Time: 29.89s (0.50 min)
[11:30:56.415] [c5.4xlarge-Vertical-OPT]   Setup %:       66.0%
[11:30:56.415] [c5.4xlarge-Vertical-OPT] ============================================================
