[22:18:07.892] === Phase 3.2 Vertical Scaling: 1x c5.4xlarge ===
[22:18:07.893] Codec: libx264, Threads: 10, Preset: slow
[22:18:07.893] [c5.4xlarge-Vertical] Launching EC2 instance...
[22:18:09.908] [c5.4xlarge-Vertical] Instance i-02681fda255ee45cc launched. Waiting...
[22:18:25.669] [c5.4xlarge-Vertical] Instance ready. IP: 34.207.216.155
[22:18:56.558] [c5.4xlarge-Vertical] SSH connected.
[22:18:56.558] [c5.4xlarge-Vertical] Installing ffmpeg...
[22:19:28.606] [c5.4xlarge-Vertical] ffmpeg installed.
[22:19:29.001] [c5.4xlarge-Vertical] CPU: Intel(R) Xeon(R) Platinum 8275CL CPU @ 3.00GHz
[22:19:29.001] [c5.4xlarge-Vertical] Uploading 10-minute video...
[22:19:36.195] [c5.4xlarge-Vertical] Upload complete.
[22:19:36.195] [c5.4xlarge-Vertical] SETUP TIME: 88.30s (1.47 min)
[22:19:36.195] [c5.4xlarge-Vertical] Running: ffmpeg -i /home/ubuntu/input.mp4 -c:v libx264 -preset slow -b:v 2M -threads 10 -max_muxing_queue_size 1024 -y /home/ubuntu/output.mp4
[22:20:12.765] [c5.4xlarge-Vertical] ENCODING TIME: 36.57s (0.61 min)
[22:20:13.658] [c5.4xlarge-Vertical] Instance terminated.
[22:20:13.658] [c5.4xlarge-Vertical] ============================================================
[22:20:13.658] [c5.4xlarge-Vertical] RESULTS — c5.4xlarge Vertical
[22:20:13.658] [c5.4xlarge-Vertical]   Total Time:    124.87s (2.08 min)
[22:20:13.658] [c5.4xlarge-Vertical]   Setup Time:    88.30s (1.47 min)
[22:20:13.658] [c5.4xlarge-Vertical]   Encoding Time: 36.57s (0.61 min)
[22:20:13.658] [c5.4xlarge-Vertical]   Setup %:       70.7%
[22:20:13.658] [c5.4xlarge-Vertical] ============================================================
