[12:47:59.717] === Phase 3.2 OPTIMIZED Vertical: 1x c5.4xlarge ===
[12:47:59.717] AMI: ami-06c7c20c67513469a (ffmpeg pre-installed)
[12:47:59.717] [c5.4xlarge-Vertical-OPT] Launching EC2 instance...
[12:48:01.663] [c5.4xlarge-Vertical-OPT] Instance i-007b04d3e04877b14 launched. Waiting...
[12:48:17.500] [c5.4xlarge-Vertical-OPT] Instance ready. IP: 98.94.104.26
[12:48:48.631] [c5.4xlarge-Vertical-OPT] SSH connected.
[12:48:49.690] [c5.4xlarge-Vertical-OPT] CPU: Intel(R) Xeon(R) Platinum 8275CL CPU @ 3.00GHz
[12:48:49.690] [c5.4xlarge-Vertical-OPT] Uploading 10-minute video...
[12:48:58.185] [c5.4xlarge-Vertical-OPT] Upload complete.
[12:48:58.185] [c5.4xlarge-Vertical-OPT] SETUP TIME: 58.47s (0.97 min)
[12:48:58.185] [c5.4xlarge-Vertical-OPT] Running: ffmpeg -i /home/ubuntu/input.mp4 -c:v libx264 -preset slow -b:v 2M -threads 10 -y /home/ubuntu/output.mp4
[12:49:29.635] [c5.4xlarge-Vertical-OPT] ENCODING TIME: 31.45s (0.52 min)
[12:49:30.736] [c5.4xlarge-Vertical-OPT] Instance terminated.
[12:49:30.736] [c5.4xlarge-Vertical-OPT] ============================================================
[12:49:30.736] [c5.4xlarge-Vertical-OPT] RESULTS — c5.4xlarge Vertical OPTIMIZED
[12:49:30.736] [c5.4xlarge-Vertical-OPT]   Total Time:    89.92s (1.50 min)
[12:49:30.737] [c5.4xlarge-Vertical-OPT]   Setup Time:    58.47s (0.97 min)
[12:49:30.737] [c5.4xlarge-Vertical-OPT]   Encoding Time: 31.45s (0.52 min)
[12:49:30.737] [c5.4xlarge-Vertical-OPT]   Setup %:       65.0%
[12:49:30.737] [c5.4xlarge-Vertical-OPT] ============================================================
