[12:03:52.557] === Phase 3.2 OPTIMIZED Vertical: 1x c5.4xlarge ===
[12:03:52.557] AMI: ami-06c7c20c67513469a (ffmpeg pre-installed)
[12:03:52.557] [c5.4xlarge-Vertical-OPT] Launching EC2 instance...
[12:03:54.885] [c5.4xlarge-Vertical-OPT] Instance i-0e417b3e4cefaead1 launched. Waiting...
[12:04:11.122] [c5.4xlarge-Vertical-OPT] Instance ready. IP: 98.83.25.236
[12:04:42.207] [c5.4xlarge-Vertical-OPT] SSH connected.
[12:04:43.199] [c5.4xlarge-Vertical-OPT] CPU: Intel(R) Xeon(R) Platinum 8124M CPU @ 3.00GHz
[12:04:43.199] [c5.4xlarge-Vertical-OPT] WARNING: CPU mismatch! Expected Intel(R) Xeon(R) Platinum 8275CL CPU @ 3.00GHz, got Intel(R) Xeon(R) Platinum 8124M CPU @ 3.00GHz
[12:04:43.199] [c5.4xlarge-Vertical-OPT] Uploading 10-minute video...
[12:04:51.398] [c5.4xlarge-Vertical-OPT] Upload complete.
[12:04:51.398] [c5.4xlarge-Vertical-OPT] SETUP TIME: 58.84s (0.98 min)
[12:04:51.398] [c5.4xlarge-Vertical-OPT] Running: ffmpeg -i /home/ubuntu/input.mp4 -c:v libx264 -preset slow -b:v 2M -threads 10 -y /home/ubuntu/output.mp4
[12:05:21.265] [c5.4xlarge-Vertical-OPT] ENCODING TIME: 29.87s (0.50 min)
[12:05:22.370] [c5.4xlarge-Vertical-OPT] Instance terminated.
[12:05:22.370] [c5.4xlarge-Vertical-OPT] ============================================================
[12:05:22.371] [c5.4xlarge-Vertical-OPT] RESULTS — c5.4xlarge Vertical OPTIMIZED
[12:05:22.371] [c5.4xlarge-Vertical-OPT]   Total Time:    88.71s (1.48 min)
[12:05:22.371] [c5.4xlarge-Vertical-OPT]   Setup Time:    58.84s (0.98 min)
[12:05:22.371] [c5.4xlarge-Vertical-OPT]   Encoding Time: 29.87s (0.50 min)
[12:05:22.371] [c5.4xlarge-Vertical-OPT]   Setup %:       66.3%
[12:05:22.371] [c5.4xlarge-Vertical-OPT] ============================================================
