[22:37:58.050] === Phase 3.2 Vertical Scaling: 1x c5.4xlarge ===
[22:37:58.050] Codec: libx264, Threads: 10, Preset: slow
[22:37:58.050] [c5.4xlarge-Vertical] Launching EC2 instance...
[22:37:59.936] [c5.4xlarge-Vertical] Instance i-066c61e205ced9bb5 launched. Waiting...
[22:38:15.899] [c5.4xlarge-Vertical] Instance ready. IP: 34.207.197.68
[22:38:46.792] [c5.4xlarge-Vertical] SSH connected.
[22:38:46.792] [c5.4xlarge-Vertical] Installing ffmpeg...
[22:39:19.388] [c5.4xlarge-Vertical] ffmpeg installed.
[22:39:19.784] [c5.4xlarge-Vertical] CPU: Intel(R) Xeon(R) Platinum 8275CL CPU @ 3.00GHz
[22:39:19.784] [c5.4xlarge-Vertical] Uploading 10-minute video...
[22:39:26.869] [c5.4xlarge-Vertical] Upload complete.
[22:39:26.869] [c5.4xlarge-Vertical] SETUP TIME: 88.82s (1.48 min)
[22:39:26.869] [c5.4xlarge-Vertical] Running: ffmpeg -i /home/ubuntu/input.mp4 -c:v libx264 -preset slow -b:v 2M -threads 10 -max_muxing_queue_size 1024 -y /home/ubuntu/output.mp4
[22:40:03.616] [c5.4xlarge-Vertical] ENCODING TIME: 36.75s (0.61 min)
[22:40:04.516] [c5.4xlarge-Vertical] Instance terminated.
[22:40:04.516] [c5.4xlarge-Vertical] ============================================================
[22:40:04.516] [c5.4xlarge-Vertical] RESULTS — c5.4xlarge Vertical
[22:40:04.516] [c5.4xlarge-Vertical]   Total Time:    125.57s (2.09 min)
[22:40:04.516] [c5.4xlarge-Vertical]   Setup Time:    88.82s (1.48 min)
[22:40:04.516] [c5.4xlarge-Vertical]   Encoding Time: 36.75s (0.61 min)
[22:40:04.516] [c5.4xlarge-Vertical]   Setup %:       70.7%
[22:40:04.516] [c5.4xlarge-Vertical] ============================================================
