[00:50:25.311] === Phase 3.2 Vertical Scaling: 1x c5.4xlarge ===
[00:50:25.311] Codec: libx264, Threads: 10, Preset: slow
[00:50:25.311] [c5.4xlarge-Vertical] Launching EC2 instance...
[00:50:27.009] [c5.4xlarge-Vertical] Instance i-085b6e957adf0928b launched. Waiting...
[00:50:42.708] [c5.4xlarge-Vertical] Instance ready. IP: 54.211.97.90
[00:51:13.567] [c5.4xlarge-Vertical] SSH connected.
[00:51:13.567] [c5.4xlarge-Vertical] Installing ffmpeg...
[00:51:46.383] [c5.4xlarge-Vertical] ffmpeg installed.
[00:51:46.767] [c5.4xlarge-Vertical] CPU: Intel(R) Xeon(R) Platinum 8275CL CPU @ 3.00GHz
[00:51:46.767] [c5.4xlarge-Vertical] Uploading 10-minute video...
[00:51:53.373] [c5.4xlarge-Vertical] Upload complete.
[00:51:53.373] [c5.4xlarge-Vertical] SETUP TIME: 88.06s (1.47 min)
[00:51:53.373] [c5.4xlarge-Vertical] Running: ffmpeg -i /home/ubuntu/input.mp4 -c:v libx264 -preset slow -b:v 2M -threads 10 -max_muxing_queue_size 1024 -y /home/ubuntu/output.mp4
[00:52:30.231] [c5.4xlarge-Vertical] ENCODING TIME: 36.86s (0.61 min)
[00:52:31.173] [c5.4xlarge-Vertical] Instance terminated.
[00:52:31.173] [c5.4xlarge-Vertical] ============================================================
[00:52:31.173] [c5.4xlarge-Vertical] RESULTS — c5.4xlarge Vertical
[00:52:31.173] [c5.4xlarge-Vertical]   Total Time:    124.92s (2.08 min)
[00:52:31.173] [c5.4xlarge-Vertical]   Setup Time:    88.06s (1.47 min)
[00:52:31.173] [c5.4xlarge-Vertical]   Encoding Time: 36.86s (0.61 min)
[00:52:31.173] [c5.4xlarge-Vertical]   Setup %:       70.5%
[00:52:31.173] [c5.4xlarge-Vertical] ============================================================
