[03:37:59.594] === Phase 3.2 Vertical Scaling: 1x c5.4xlarge ===
[03:37:59.594] Codec: libx264, Threads: 10, Preset: slow
[03:37:59.594] [c5.4xlarge-Vertical] Launching EC2 instance...
[03:38:01.381] [c5.4xlarge-Vertical] Instance i-04be6a6fc0553e65c launched. Waiting...
[03:38:17.125] [c5.4xlarge-Vertical] Instance ready. IP: 54.80.23.102
[03:38:48.022] [c5.4xlarge-Vertical] SSH connected.
[03:38:48.022] [c5.4xlarge-Vertical] Installing ffmpeg...
[03:39:21.850] [c5.4xlarge-Vertical] ffmpeg installed.
[03:39:22.251] [c5.4xlarge-Vertical] CPU: Intel(R) Xeon(R) Platinum 8124M CPU @ 3.00GHz
[03:39:22.251] [c5.4xlarge-Vertical] WARNING: CPU mismatch! Expected Intel(R) Xeon(R) Platinum 8275CL CPU @ 3.00GHz, got Intel(R) Xeon(R) Platinum 8124M CPU @ 3.00GHz
[03:39:22.252] [c5.4xlarge-Vertical] Uploading 10-minute video...
[03:39:29.269] [c5.4xlarge-Vertical] Upload complete.
[03:39:29.269] [c5.4xlarge-Vertical] SETUP TIME: 89.67s (1.49 min)
[03:39:29.269] [c5.4xlarge-Vertical] Running: ffmpeg -i /home/ubuntu/input.mp4 -c:v libx264 -preset slow -b:v 2M -threads 10 -max_muxing_queue_size 1024 -y /home/ubuntu/output.mp4
[03:40:04.046] [c5.4xlarge-Vertical] ENCODING TIME: 34.78s (0.58 min)
[03:40:05.044] [c5.4xlarge-Vertical] Instance terminated.
[03:40:05.044] [c5.4xlarge-Vertical] ============================================================
[03:40:05.044] [c5.4xlarge-Vertical] RESULTS — c5.4xlarge Vertical
[03:40:05.044] [c5.4xlarge-Vertical]   Total Time:    124.45s (2.07 min)
[03:40:05.044] [c5.4xlarge-Vertical]   Setup Time:    89.67s (1.49 min)
[03:40:05.044] [c5.4xlarge-Vertical]   Encoding Time: 34.78s (0.58 min)
[03:40:05.044] [c5.4xlarge-Vertical]   Setup %:       72.1%
[03:40:05.044] [c5.4xlarge-Vertical] ============================================================
