[01:11:30.728] === Phase 3.2 Vertical Scaling: 1x c5.4xlarge ===
[01:11:30.728] Codec: libx264, Threads: 10, Preset: slow
[01:11:30.728] [c5.4xlarge-Vertical] Launching EC2 instance...
[01:11:32.543] [c5.4xlarge-Vertical] Instance i-0adec96a17e0e69bd launched. Waiting...
[01:11:48.266] [c5.4xlarge-Vertical] Instance ready. IP: 52.71.87.206
[01:12:19.162] [c5.4xlarge-Vertical] SSH connected.
[01:12:19.162] [c5.4xlarge-Vertical] Installing ffmpeg...
[01:12:54.727] [c5.4xlarge-Vertical] ffmpeg installed.
[01:12:55.128] [c5.4xlarge-Vertical] CPU: Intel(R) Xeon(R) Platinum 8275CL CPU @ 3.00GHz
[01:12:55.129] [c5.4xlarge-Vertical] Uploading 10-minute video...
[01:13:01.928] [c5.4xlarge-Vertical] Upload complete.
[01:13:01.928] [c5.4xlarge-Vertical] SETUP TIME: 91.20s (1.52 min)
[01:13:01.928] [c5.4xlarge-Vertical] Running: ffmpeg -i /home/ubuntu/input.mp4 -c:v libx264 -preset slow -b:v 2M -threads 10 -max_muxing_queue_size 1024 -y /home/ubuntu/output.mp4
[01:13:38.293] [c5.4xlarge-Vertical] ENCODING TIME: 36.36s (0.61 min)
[01:13:39.309] [c5.4xlarge-Vertical] Instance terminated.
[01:13:39.309] [c5.4xlarge-Vertical] ============================================================
[01:13:39.310] [c5.4xlarge-Vertical] RESULTS — c5.4xlarge Vertical
[01:13:39.310] [c5.4xlarge-Vertical]   Total Time:    127.57s (2.13 min)
[01:13:39.310] [c5.4xlarge-Vertical]   Setup Time:    91.20s (1.52 min)
[01:13:39.310] [c5.4xlarge-Vertical]   Encoding Time: 36.36s (0.61 min)
[01:13:39.310] [c5.4xlarge-Vertical]   Setup %:       71.5%
[01:13:39.310] [c5.4xlarge-Vertical] ============================================================
