[10:24:32.043] === Phase 3.2 OPTIMIZED Vertical: 1x c5.4xlarge ===
[10:24:32.044] AMI: ami-06c7c20c67513469a (ffmpeg pre-installed)
[10:24:32.044] [c5.4xlarge-Vertical-OPT] Launching EC2 instance...
[10:24:33.995] [c5.4xlarge-Vertical-OPT] Instance i-0937109a701c55b7a launched. Waiting...
[10:24:50.227] [c5.4xlarge-Vertical-OPT] Instance ready. IP: 3.90.178.162
[10:25:21.337] [c5.4xlarge-Vertical-OPT] SSH connected.
[10:25:22.357] [c5.4xlarge-Vertical-OPT] CPU: Intel(R) Xeon(R) Platinum 8124M CPU @ 3.00GHz
[10:25:22.357] [c5.4xlarge-Vertical-OPT] WARNING: CPU mismatch! Expected Intel(R) Xeon(R) Platinum 8275CL CPU @ 3.00GHz, got Intel(R) Xeon(R) Platinum 8124M CPU @ 3.00GHz
[10:25:22.357] [c5.4xlarge-Vertical-OPT] Uploading 10-minute video...
[10:25:30.878] [c5.4xlarge-Vertical-OPT] Upload complete.
[10:25:30.878] [c5.4xlarge-Vertical-OPT] SETUP TIME: 58.83s (0.98 min)
[10:25:30.879] [c5.4xlarge-Vertical-OPT] Running: ffmpeg -i /home/ubuntu/input.mp4 -c:v libx264 -preset slow -b:v 2M -threads 10 -y /home/ubuntu/output.mp4
[10:26:00.748] [c5.4xlarge-Vertical-OPT] ENCODING TIME: 29.87s (0.50 min)
[10:26:01.850] [c5.4xlarge-Vertical-OPT] Instance terminated.
[10:26:01.851] [c5.4xlarge-Vertical-OPT] ============================================================
[10:26:01.851] [c5.4xlarge-Vertical-OPT] RESULTS — c5.4xlarge Vertical OPTIMIZED
[10:26:01.851] [c5.4xlarge-Vertical-OPT]   Total Time:    88.71s (1.48 min)
[10:26:01.851] [c5.4xlarge-Vertical-OPT]   Setup Time:    58.83s (0.98 min)
[10:26:01.851] [c5.4xlarge-Vertical-OPT]   Encoding Time: 29.87s (0.50 min)
[10:26:01.851] [c5.4xlarge-Vertical-OPT]   Setup %:       66.3%
[10:26:01.851] [c5.4xlarge-Vertical-OPT] ============================================================
