[21:35:28.082] === Phase 3.2 Vertical Scaling: 1x c5.4xlarge ===
[21:35:28.082] Codec: libx264, Threads: 10, Preset: slow
[21:35:28.082] [c5.4xlarge-Vertical] Launching EC2 instance...
[21:35:29.869] [c5.4xlarge-Vertical] Instance i-0d24c51cc471d5c00 launched. Waiting...
[21:35:45.871] [c5.4xlarge-Vertical] Instance ready. IP: 52.206.40.19
[21:36:16.855] [c5.4xlarge-Vertical] SSH connected.
[21:36:16.855] [c5.4xlarge-Vertical] Installing ffmpeg...
[21:36:50.409] [c5.4xlarge-Vertical] ffmpeg installed.
[21:36:50.846] [c5.4xlarge-Vertical] CPU: Intel(R) Xeon(R) Platinum 8223CL CPU @ 3.00GHz
[21:36:50.846] [c5.4xlarge-Vertical] WARNING: CPU mismatch! Expected Intel(R) Xeon(R) Platinum 8275CL CPU @ 3.00GHz, got Intel(R) Xeon(R) Platinum 8223CL CPU @ 3.00GHz
[21:36:50.846] [c5.4xlarge-Vertical] Uploading 10-minute video...
[21:36:58.878] [c5.4xlarge-Vertical] Upload complete.
[21:36:58.878] [c5.4xlarge-Vertical] SETUP TIME: 90.80s (1.51 min)
[21:36:58.878] [c5.4xlarge-Vertical] Running: ffmpeg -i /home/ubuntu/input.mp4 -c:v libx264 -preset slow -b:v 2M -threads 10 -max_muxing_queue_size 1024 -y /home/ubuntu/output.mp4
[21:37:33.315] [c5.4xlarge-Vertical] ENCODING TIME: 34.44s (0.57 min)
[21:37:34.270] [c5.4xlarge-Vertical] Instance terminated.
[21:37:34.270] [c5.4xlarge-Vertical] ============================================================
[21:37:34.270] [c5.4xlarge-Vertical] RESULTS — c5.4xlarge Vertical
[21:37:34.270] [c5.4xlarge-Vertical]   Total Time:    125.23s (2.09 min)
[21:37:34.270] [c5.4xlarge-Vertical]   Setup Time:    90.80s (1.51 min)
[21:37:34.270] [c5.4xlarge-Vertical]   Encoding Time: 34.44s (0.57 min)
[21:37:34.270] [c5.4xlarge-Vertical]   Setup %:       72.5%
[21:37:34.270] [c5.4xlarge-Vertical] ============================================================
