[00:43:24.569] === Phase 3.2 Vertical Scaling: 1x c5.4xlarge ===
[00:43:24.569] Codec: libx264, Threads: 10, Preset: slow
[00:43:24.569] [c5.4xlarge-Vertical] Launching EC2 instance...
[00:43:26.429] [c5.4xlarge-Vertical] Instance i-0bac357b07516f27a launched. Waiting...
[00:43:42.464] [c5.4xlarge-Vertical] Instance ready. IP: 54.224.132.63
[00:44:13.364] [c5.4xlarge-Vertical] SSH connected.
[00:44:13.364] [c5.4xlarge-Vertical] Installing ffmpeg...
[00:44:46.776] [c5.4xlarge-Vertical] ffmpeg installed.
[00:44:47.169] [c5.4xlarge-Vertical] CPU: Intel(R) Xeon(R) Platinum 8124M CPU @ 3.00GHz
[00:44:47.169] [c5.4xlarge-Vertical] WARNING: CPU mismatch! Expected Intel(R) Xeon(R) Platinum 8275CL CPU @ 3.00GHz, got Intel(R) Xeon(R) Platinum 8124M CPU @ 3.00GHz
[00:44:47.169] [c5.4xlarge-Vertical] Uploading 10-minute video...
[00:44:54.078] [c5.4xlarge-Vertical] Upload complete.
[00:44:54.079] [c5.4xlarge-Vertical] SETUP TIME: 89.51s (1.49 min)
[00:44:54.079] [c5.4xlarge-Vertical] Running: ffmpeg -i /home/ubuntu/input.mp4 -c:v libx264 -preset slow -b:v 2M -threads 10 -max_muxing_queue_size 1024 -y /home/ubuntu/output.mp4
[00:45:29.112] [c5.4xlarge-Vertical] ENCODING TIME: 35.03s (0.58 min)
[00:45:30.011] [c5.4xlarge-Vertical] Instance terminated.
[00:45:30.011] [c5.4xlarge-Vertical] ============================================================
[00:45:30.011] [c5.4xlarge-Vertical] RESULTS — c5.4xlarge Vertical
[00:45:30.012] [c5.4xlarge-Vertical]   Total Time:    124.54s (2.08 min)
[00:45:30.012] [c5.4xlarge-Vertical]   Setup Time:    89.51s (1.49 min)
[00:45:30.012] [c5.4xlarge-Vertical]   Encoding Time: 35.03s (0.58 min)
[00:45:30.012] [c5.4xlarge-Vertical]   Setup %:       71.9%
[00:45:30.012] [c5.4xlarge-Vertical] ============================================================
