[11:14:28.248] === Phase 3.2 OPTIMIZED Vertical: 1x c5.4xlarge ===
[11:14:28.248] AMI: ami-06c7c20c67513469a (ffmpeg pre-installed)
[11:14:28.248] [c5.4xlarge-Vertical-OPT] Launching EC2 instance...
[11:14:30.370] [c5.4xlarge-Vertical-OPT] Instance i-0b5c739582c73b48f launched. Waiting...
[11:14:46.190] [c5.4xlarge-Vertical-OPT] Instance ready. IP: 3.86.40.122
[11:15:17.263] [c5.4xlarge-Vertical-OPT] SSH connected.
[11:15:18.287] [c5.4xlarge-Vertical-OPT] CPU: Intel(R) Xeon(R) Platinum 8124M CPU @ 3.00GHz
[11:15:18.287] [c5.4xlarge-Vertical-OPT] WARNING: CPU mismatch! Expected Intel(R) Xeon(R) Platinum 8275CL CPU @ 3.00GHz, got Intel(R) Xeon(R) Platinum 8124M CPU @ 3.00GHz
[11:15:18.287] [c5.4xlarge-Vertical-OPT] Uploading 10-minute video...
[11:15:28.378] [c5.4xlarge-Vertical-OPT] Upload complete.
[11:15:28.378] [c5.4xlarge-Vertical-OPT] SETUP TIME: 60.13s (1.00 min)
[11:15:28.378] [c5.4xlarge-Vertical-OPT] Running: ffmpeg -i /home/ubuntu/input.mp4 -c:v libx264 -preset slow -b:v 2M -threads 10 -y /home/ubuntu/output.mp4
[11:15:58.304] [c5.4xlarge-Vertical-OPT] ENCODING TIME: 29.93s (0.50 min)
[11:15:59.386] [c5.4xlarge-Vertical-OPT] Instance terminated.
[11:15:59.386] [c5.4xlarge-Vertical-OPT] ============================================================
[11:15:59.386] [c5.4xlarge-Vertical-OPT] RESULTS — c5.4xlarge Vertical OPTIMIZED
[11:15:59.386] [c5.4xlarge-Vertical-OPT]   Total Time:    90.06s (1.50 min)
[11:15:59.386] [c5.4xlarge-Vertical-OPT]   Setup Time:    60.13s (1.00 min)
[11:15:59.386] [c5.4xlarge-Vertical-OPT]   Encoding Time: 29.93s (0.50 min)
[11:15:59.387] [c5.4xlarge-Vertical-OPT]   Setup %:       66.8%
[11:15:59.387] [c5.4xlarge-Vertical-OPT] ============================================================
