[13:16:00.660] === Phase 3.2 OPTIMIZED Vertical: 1x c5.4xlarge ===
[13:16:00.660] AMI: ami-06c7c20c67513469a (ffmpeg pre-installed)
[13:16:00.660] [c5.4xlarge-Vertical-OPT] Launching EC2 instance...
[13:16:02.761] [c5.4xlarge-Vertical-OPT] Instance i-0e4a410b3ff4d8e18 launched. Waiting...
[13:16:18.598] [c5.4xlarge-Vertical-OPT] Instance ready. IP: 54.80.36.71
[13:16:49.707] [c5.4xlarge-Vertical-OPT] SSH connected.
[13:16:50.671] [c5.4xlarge-Vertical-OPT] CPU: Intel(R) Xeon(R) Platinum 8275CL CPU @ 3.00GHz
[13:16:50.672] [c5.4xlarge-Vertical-OPT] Uploading 10-minute video...
[13:16:59.179] [c5.4xlarge-Vertical-OPT] Upload complete.
[13:16:59.179] [c5.4xlarge-Vertical-OPT] SETUP TIME: 58.52s (0.98 min)
[13:16:59.179] [c5.4xlarge-Vertical-OPT] Running: ffmpeg -i /home/ubuntu/input.mp4 -c:v libx264 -preset slow -b:v 2M -threads 10 -y /home/ubuntu/output.mp4
[13:17:30.378] [c5.4xlarge-Vertical-OPT] ENCODING TIME: 31.20s (0.52 min)
[13:17:31.486] [c5.4xlarge-Vertical-OPT] Instance terminated.
[13:17:31.486] [c5.4xlarge-Vertical-OPT] ============================================================
[13:17:31.486] [c5.4xlarge-Vertical-OPT] RESULTS — c5.4xlarge Vertical OPTIMIZED
[13:17:31.486] [c5.4xlarge-Vertical-OPT]   Total Time:    89.72s (1.50 min)
[13:17:31.486] [c5.4xlarge-Vertical-OPT]   Setup Time:    58.52s (0.98 min)
[13:17:31.486] [c5.4xlarge-Vertical-OPT]   Encoding Time: 31.20s (0.52 min)
[13:17:31.486] [c5.4xlarge-Vertical-OPT]   Setup %:       65.2%
[13:17:31.486] [c5.4xlarge-Vertical-OPT] ============================================================
