[13:32:31.610] === Phase 3.2 OPTIMIZED Vertical: 1x c5.4xlarge ===
[13:32:31.610] AMI: ami-06c7c20c67513469a (ffmpeg pre-installed)
[13:32:31.610] [c5.4xlarge-Vertical-OPT] Launching EC2 instance...
[13:32:33.543] [c5.4xlarge-Vertical-OPT] Instance i-0b44ce2eee67af534 launched. Waiting...
[13:32:49.914] [c5.4xlarge-Vertical-OPT] Instance ready. IP: 18.234.246.233
[13:33:20.992] [c5.4xlarge-Vertical-OPT] SSH connected.
[13:33:22.015] [c5.4xlarge-Vertical-OPT] CPU: Intel(R) Xeon(R) Platinum 8275CL CPU @ 3.00GHz
[13:33:22.015] [c5.4xlarge-Vertical-OPT] Uploading 10-minute video...
[13:33:30.538] [c5.4xlarge-Vertical-OPT] Upload complete.
[13:33:30.538] [c5.4xlarge-Vertical-OPT] SETUP TIME: 58.93s (0.98 min)
[13:33:30.538] [c5.4xlarge-Vertical-OPT] Running: ffmpeg -i /home/ubuntu/input.mp4 -c:v libx264 -preset slow -b:v 2M -threads 10 -y /home/ubuntu/output.mp4
[13:34:02.668] [c5.4xlarge-Vertical-OPT] ENCODING TIME: 32.13s (0.54 min)
[13:34:03.826] [c5.4xlarge-Vertical-OPT] Instance terminated.
[13:34:03.826] [c5.4xlarge-Vertical-OPT] ============================================================
[13:34:03.826] [c5.4xlarge-Vertical-OPT] RESULTS — c5.4xlarge Vertical OPTIMIZED
[13:34:03.826] [c5.4xlarge-Vertical-OPT]   Total Time:    91.06s (1.52 min)
[13:34:03.826] [c5.4xlarge-Vertical-OPT]   Setup Time:    58.93s (0.98 min)
[13:34:03.826] [c5.4xlarge-Vertical-OPT]   Encoding Time: 32.13s (0.54 min)
[13:34:03.826] [c5.4xlarge-Vertical-OPT]   Setup %:       64.7%
[13:34:03.826] [c5.4xlarge-Vertical-OPT] ============================================================
