[11:36:28.082] === Phase 3.2 OPTIMIZED Vertical: 1x c5.4xlarge ===
[11:36:28.082] AMI: ami-06c7c20c67513469a (ffmpeg pre-installed)
[11:36:28.082] [c5.4xlarge-Vertical-OPT] Launching EC2 instance...
[11:36:30.057] [c5.4xlarge-Vertical-OPT] Instance i-023d88216963f2abf launched. Waiting...
[11:36:46.290] [c5.4xlarge-Vertical-OPT] Instance ready. IP: 34.230.62.203
[11:37:17.407] [c5.4xlarge-Vertical-OPT] SSH connected.
[11:37:18.431] [c5.4xlarge-Vertical-OPT] CPU: Intel(R) Xeon(R) Platinum 8275CL CPU @ 3.00GHz
[11:37:18.431] [c5.4xlarge-Vertical-OPT] Uploading 10-minute video...
[11:37:27.190] [c5.4xlarge-Vertical-OPT] Upload complete.
[11:37:27.191] [c5.4xlarge-Vertical-OPT] SETUP TIME: 59.11s (0.99 min)
[11:37:27.191] [c5.4xlarge-Vertical-OPT] Running: ffmpeg -i /home/ubuntu/input.mp4 -c:v libx264 -preset slow -b:v 2M -threads 10 -y /home/ubuntu/output.mp4
[11:37:58.620] [c5.4xlarge-Vertical-OPT] ENCODING TIME: 31.43s (0.52 min)
[11:37:59.729] [c5.4xlarge-Vertical-OPT] Instance terminated.
[11:37:59.729] [c5.4xlarge-Vertical-OPT] ============================================================
[11:37:59.729] [c5.4xlarge-Vertical-OPT] RESULTS — c5.4xlarge Vertical OPTIMIZED
[11:37:59.729] [c5.4xlarge-Vertical-OPT]   Total Time:    90.54s (1.51 min)
[11:37:59.729] [c5.4xlarge-Vertical-OPT]   Setup Time:    59.11s (0.99 min)
[11:37:59.729] [c5.4xlarge-Vertical-OPT]   Encoding Time: 31.43s (0.52 min)
[11:37:59.730] [c5.4xlarge-Vertical-OPT]   Setup %:       65.3%
[11:37:59.730] [c5.4xlarge-Vertical-OPT] ============================================================
