[20:47:32.938] === Phase 3.2 Vertical Scaling: 1x c5.4xlarge ===
[20:47:32.938] Codec: libx264, Threads: 10, Preset: slow
[20:47:32.938] [c5.4xlarge-Vertical] Launching EC2 instance...
[20:47:34.800] [c5.4xlarge-Vertical] Instance i-03971a3cd750742b4 launched. Waiting...
[20:47:50.490] [c5.4xlarge-Vertical] Instance ready. IP: 44.206.245.2
[20:48:21.504] [c5.4xlarge-Vertical] SSH connected.
[20:48:21.504] [c5.4xlarge-Vertical] Installing ffmpeg...
[20:48:55.259] [c5.4xlarge-Vertical] ffmpeg installed.
[20:48:55.713] [c5.4xlarge-Vertical] CPU: Intel(R) Xeon(R) Platinum 8124M CPU @ 3.00GHz
[20:48:55.713] [c5.4xlarge-Vertical] WARNING: CPU mismatch! Expected Intel(R) Xeon(R) Platinum 8275CL CPU @ 3.00GHz, got Intel(R) Xeon(R) Platinum 8124M CPU @ 3.00GHz
[20:48:55.713] [c5.4xlarge-Vertical] Uploading 10-minute video...
[20:49:03.910] [c5.4xlarge-Vertical] Upload complete.
[20:49:03.910] [c5.4xlarge-Vertical] SETUP TIME: 90.97s (1.52 min)
[20:49:03.910] [c5.4xlarge-Vertical] Running: ffmpeg -i /home/ubuntu/input.mp4 -c:v libx264 -preset slow -b:v 2M -threads 10 -max_muxing_queue_size 1024 -y /home/ubuntu/output.mp4
[20:49:38.509] [c5.4xlarge-Vertical] ENCODING TIME: 34.60s (0.58 min)
[20:49:39.398] [c5.4xlarge-Vertical] Instance terminated.
[20:49:39.398] [c5.4xlarge-Vertical] ============================================================
[20:49:39.398] [c5.4xlarge-Vertical] RESULTS — c5.4xlarge Vertical
[20:49:39.398] [c5.4xlarge-Vertical]   Total Time:    125.57s (2.09 min)
[20:49:39.398] [c5.4xlarge-Vertical]   Setup Time:    90.97s (1.52 min)
[20:49:39.398] [c5.4xlarge-Vertical]   Encoding Time: 34.60s (0.58 min)
[20:49:39.398] [c5.4xlarge-Vertical]   Setup %:       72.4%
[20:49:39.398] [c5.4xlarge-Vertical] ============================================================
