[12:20:17.052] === Phase 3.2 OPTIMIZED Vertical: 1x c5.4xlarge ===
[12:20:17.052] AMI: ami-06c7c20c67513469a (ffmpeg pre-installed)
[12:20:17.052] [c5.4xlarge-Vertical-OPT] Launching EC2 instance...
[12:20:19.047] [c5.4xlarge-Vertical-OPT] Instance i-0f40258e740e79ccc launched. Waiting...
[12:20:35.232] [c5.4xlarge-Vertical-OPT] Instance ready. IP: 54.172.69.23
[12:21:06.349] [c5.4xlarge-Vertical-OPT] SSH connected.
[12:21:07.403] [c5.4xlarge-Vertical-OPT] CPU: Intel(R) Xeon(R) Platinum 8275CL CPU @ 3.00GHz
[12:21:07.403] [c5.4xlarge-Vertical-OPT] Uploading 10-minute video...
[12:21:16.176] [c5.4xlarge-Vertical-OPT] Upload complete.
[12:21:16.176] [c5.4xlarge-Vertical-OPT] SETUP TIME: 59.12s (0.99 min)
[12:21:16.176] [c5.4xlarge-Vertical-OPT] Running: ffmpeg -i /home/ubuntu/input.mp4 -c:v libx264 -preset slow -b:v 2M -threads 10 -y /home/ubuntu/output.mp4
[12:21:48.433] [c5.4xlarge-Vertical-OPT] ENCODING TIME: 32.26s (0.54 min)
[12:21:49.462] [c5.4xlarge-Vertical-OPT] Instance terminated.
[12:21:49.463] [c5.4xlarge-Vertical-OPT] ============================================================
[12:21:49.463] [c5.4xlarge-Vertical-OPT] RESULTS — c5.4xlarge Vertical OPTIMIZED
[12:21:49.463] [c5.4xlarge-Vertical-OPT]   Total Time:    91.38s (1.52 min)
[12:21:49.463] [c5.4xlarge-Vertical-OPT]   Setup Time:    59.12s (0.99 min)
[12:21:49.463] [c5.4xlarge-Vertical-OPT]   Encoding Time: 32.26s (0.54 min)
[12:21:49.463] [c5.4xlarge-Vertical-OPT]   Setup %:       64.7%
[12:21:49.463] [c5.4xlarge-Vertical-OPT] ============================================================
