[11:19:54.871] === Phase 3.2 OPTIMIZED Vertical: 1x c5.4xlarge ===
[11:19:54.871] AMI: ami-06c7c20c67513469a (ffmpeg pre-installed)
[11:19:54.871] [c5.4xlarge-Vertical-OPT] Launching EC2 instance...
[11:19:56.811] [c5.4xlarge-Vertical-OPT] Instance i-01857294e57944123 launched. Waiting...
[11:20:12.787] [c5.4xlarge-Vertical-OPT] Instance ready. IP: 54.81.41.203
[11:20:43.667] [c5.4xlarge-Vertical-OPT] SSH connected.
[11:20:44.634] [c5.4xlarge-Vertical-OPT] CPU: Intel(R) Xeon(R) Platinum 8275CL CPU @ 3.00GHz
[11:20:44.634] [c5.4xlarge-Vertical-OPT] Uploading 10-minute video...
[11:20:50.972] [c5.4xlarge-Vertical-OPT] Upload complete.
[11:20:50.972] [c5.4xlarge-Vertical-OPT] SETUP TIME: 56.10s (0.94 min)
[11:20:50.973] [c5.4xlarge-Vertical-OPT] Running: ffmpeg -i /home/ubuntu/input.mp4 -c:v libx264 -preset slow -b:v 2M -threads 10 -y /home/ubuntu/output.mp4
[11:21:22.216] [c5.4xlarge-Vertical-OPT] ENCODING TIME: 31.24s (0.52 min)
[11:21:23.200] [c5.4xlarge-Vertical-OPT] Instance terminated.
[11:21:23.200] [c5.4xlarge-Vertical-OPT] ============================================================
[11:21:23.200] [c5.4xlarge-Vertical-OPT] RESULTS — c5.4xlarge Vertical OPTIMIZED
[11:21:23.201] [c5.4xlarge-Vertical-OPT]   Total Time:    87.35s (1.46 min)
[11:21:23.201] [c5.4xlarge-Vertical-OPT]   Setup Time:    56.10s (0.94 min)
[11:21:23.201] [c5.4xlarge-Vertical-OPT]   Encoding Time: 31.24s (0.52 min)
[11:21:23.201] [c5.4xlarge-Vertical-OPT]   Setup %:       64.2%
[11:21:23.201] [c5.4xlarge-Vertical-OPT] ============================================================
