[11:57:10.036] === Phase 3.2 OPTIMIZED Horizontal: 10x c5.large ===
[11:57:10.036] AMI: ami-06c7c20c67513469a, Max workers: 10
[11:57:10.036] [Setup] Starting video split...
[11:57:10.084] [Setup] Video: 600.0s → 10 parts of 60.0s
[11:57:11.547] [Setup] Video split complete.
[11:57:11.547] [Summary] SPLIT TIME: 1.51s
[11:57:12.446] [Part 01] Launching c5.large...
[11:57:12.464] [Part 05] Launching c5.large...
[11:57:12.473] [Part 07] Launching c5.large...
[11:57:12.486] [Part 03] Launching c5.large...
[11:57:12.496] [Part 00] Launching c5.large...
[11:57:12.517] [Part 02] Launching c5.large...
[11:57:12.519] [Part 04] Launching c5.large...
[11:57:12.520] [Part 09] Launching c5.large...
[11:57:12.529] [Part 06] Launching c5.large...
[11:57:12.536] [Part 08] Launching c5.large...
[11:57:30.077] [Part 04] Instance ready. IP: 3.85.52.61
[11:57:30.082] [Part 00] Instance ready. IP: 35.171.167.37
[11:57:30.087] [Part 07] Instance ready. IP: 54.226.34.248
[11:57:30.114] [Part 09] Instance ready. IP: 54.211.39.12
[11:57:30.124] [Part 01] Instance ready. IP: 13.221.132.113
[11:57:30.128] [Part 06] Instance ready. IP: 54.221.122.199
[11:57:30.161] [Part 03] Instance ready. IP: 13.223.189.61
[11:57:30.166] [Part 05] Instance ready. IP: 54.198.8.28
[11:57:30.221] [Part 08] Instance ready. IP: 54.210.220.75
[11:57:30.229] [Part 02] Instance ready. IP: 32.192.48.20
[11:58:02.185] [Part 04] CPU: Intel(R) Xeon(R) Platinum 8275CL CPU @ 3.00GHz
[11:58:02.231] [Part 00] CPU: Intel(R) Xeon(R) Platinum 8275CL CPU @ 3.00GHz
[11:58:02.248] [Part 07] CPU: Intel(R) Xeon(R) Platinum 8275CL CPU @ 3.00GHz
[11:58:02.255] [Part 01] CPU: Intel(R) Xeon(R) Platinum 8275CL CPU @ 3.00GHz
[11:58:02.312] [Part 03] CPU: Intel(R) Xeon(R) Platinum 8124M CPU @ 3.00GHz
[11:58:02.312] [Part 03] WARNING: CPU mismatch! Expected Intel(R) Xeon(R) Platinum 8275CL CPU @ 3.00GHz, got Intel(R) Xeon(R) Platinum 8124M CPU @ 3.00GHz
[11:58:02.321] [Part 09] CPU: Intel(R) Xeon(R) Platinum 8124M CPU @ 3.00GHz
[11:58:02.322] [Part 09] WARNING: CPU mismatch! Expected Intel(R) Xeon(R) Platinum 8275CL CPU @ 3.00GHz, got Intel(R) Xeon(R) Platinum 8124M CPU @ 3.00GHz
[11:58:02.323] [Part 05] CPU: Intel(R) Xeon(R) Platinum 8275CL CPU @ 3.00GHz
[11:58:02.342] [Part 06] CPU: Intel(R) Xeon(R) Platinum 8275CL CPU @ 3.00GHz
[11:58:02.356] [Part 08] CPU: Intel(R) Xeon(R) Platinum 8124M CPU @ 3.00GHz
[11:58:02.357] [Part 08] WARNING: CPU mismatch! Expected Intel(R) Xeon(R) Platinum 8275CL CPU @ 3.00GHz, got Intel(R) Xeon(R) Platinum 8124M CPU @ 3.00GHz
[11:58:02.473] [Part 02] CPU: Intel(R) Xeon(R) Platinum 8275CL CPU @ 3.00GHz
[11:58:02.769] [Part 04] Uploading segment...
[11:58:02.814] [Part 00] Uploading segment...
[11:58:02.832] [Part 07] Uploading segment...
[11:58:02.838] [Part 01] Uploading segment...
[11:58:02.894] [Part 03] Uploading segment...
[11:58:02.903] [Part 09] Uploading segment...
[11:58:02.906] [Part 05] Uploading segment...
[11:58:02.924] [Part 06] Uploading segment...
[11:58:02.938] [Part 08] Uploading segment...
[11:58:03.075] [Part 02] Uploading segment...
[11:58:04.549] [Part 04] Running compression...
[11:58:04.598] [Part 00] Running compression...
[11:58:04.636] [Part 01] Running compression...
[11:58:04.658] [Part 03] Running compression...
[11:58:04.685] [Part 09] Running compression...
[11:58:04.752] [Part 07] Running compression...
[11:58:04.841] [Part 05] Running compression...
[11:58:04.854] [Part 06] Running compression...
[11:58:05.207] [Part 02] Running compression...
[11:58:05.381] [Part 08] Running compression...
[11:58:15.916] [Part 09] Done!
[11:58:16.257] [Part 04] Done!
[11:58:16.362] [Part 01] Done!
[11:58:16.470] [Part 09] Instance terminated.
[11:58:16.856] [Part 04] Instance terminated.
[11:58:16.925] [Part 01] Instance terminated.
[11:58:17.228] [Part 06] Done!
[11:58:17.593] [Part 08] Done!
[11:58:17.617] [Part 00] Done!
[11:58:17.633] [Part 02] Done!
[11:58:17.813] [Part 06] Instance terminated.
[11:58:17.965] [Part 03] Done!
[11:58:18.178] [Part 00] Instance terminated.
[11:58:18.183] [Part 08] Instance terminated.
[11:58:18.220] [Part 02] Instance terminated.
[11:58:18.520] [Part 07] Done!
[11:58:18.562] [Part 03] Instance terminated.
[11:58:19.139] [Part 07] Instance terminated.
[11:58:22.774] [Part 05] Done!
[11:58:23.347] [Part 05] Instance terminated.
[11:58:23.350] ============================================================
[11:58:23.350] RESULTS — 10x c5.large Horizontal OPTIMIZED
[11:58:23.350]   Total Time:    73.31s (1.22 min)
[11:58:23.350]   Split Time:    1.51s
[11:58:23.350]   Parallel Time: 71.80s (1.20 min)
[11:58:23.350] ============================================================
