[01:56:37.404] === Phase 3.2 Horizontal Scaling: 10x c5.large ===
[01:56:37.404] Codec: libx264, Threads: 5, Max workers: 5
[01:56:37.404] [Setup] Starting video split...
[01:56:37.455] [Setup] Video: 600.0s → 10 parts of 60.0s
[01:56:38.983] [Setup] Video split complete.
[01:56:38.983] [Summary] SPLIT TIME: 1.58s
[01:56:39.428] [Part 03] Launching c5.large...
[01:56:39.483] [Part 04] Launching c5.large...
[01:56:39.492] [Part 00] Launching c5.large...
[01:56:39.507] [Part 02] Launching c5.large...
[01:56:39.514] [Part 01] Launching c5.large...
[01:56:56.897] [Part 01] Instance ready. IP: 44.208.26.177
[01:56:56.961] [Part 02] Instance ready. IP: 3.82.114.70
[01:56:57.241] [Part 04] Instance ready. IP: 44.204.167.24
[01:56:57.300] [Part 03] Instance ready. IP: 44.203.194.228
[01:56:57.473] [Part 00] Instance ready. IP: 13.219.79.82
[01:57:27.816] [Part 01] Installing ffmpeg...
[01:57:27.848] [Part 02] Installing ffmpeg...
[01:57:28.158] [Part 04] Installing ffmpeg...
[01:57:28.220] [Part 03] Installing ffmpeg...
[01:57:28.345] [Part 00] Installing ffmpeg...
[01:58:02.151] [Part 00] ffmpeg installed.
[01:58:02.531] [Part 00] CPU: Intel(R) Xeon(R) Platinum 8275CL CPU @ 3.00GHz
[01:58:02.688] [Part 02] ffmpeg installed.
[01:58:02.876] [Part 01] ffmpeg installed.
[01:58:02.996] [Part 00] Uploading segment...
[01:58:03.077] [Part 02] CPU: Intel(R) Xeon(R) Platinum 8275CL CPU @ 3.00GHz
[01:58:03.165] [Part 03] ffmpeg installed.
[01:58:03.269] [Part 04] ffmpeg installed.
[01:58:03.279] [Part 01] CPU: Intel(R) Xeon(R) Platinum 8275CL CPU @ 3.00GHz
[01:58:03.552] [Part 02] Uploading segment...
[01:58:03.568] [Part 03] CPU: Intel(R) Xeon(R) Platinum 8275CL CPU @ 3.00GHz
[01:58:03.655] [Part 04] CPU: Intel(R) Xeon(R) Platinum 8275CL CPU @ 3.00GHz
[01:58:03.774] [Part 01] Uploading segment...
[01:58:04.065] [Part 03] Uploading segment...
[01:58:04.133] [Part 04] Uploading segment...
[01:58:04.388] [Part 00] Running compression...
[01:58:05.126] [Part 02] Running compression...
[01:58:05.374] [Part 01] Running compression...
[01:58:05.455] [Part 03] Running compression...
[01:58:05.563] [Part 04] Running compression...
[01:58:17.283] [Part 00] Done!
[01:58:18.136] [Part 00] Instance terminated.
[01:58:18.170] [Part 05] Launching c5.large...
[01:58:18.306] [Part 01] Done!
[01:58:18.372] [Part 03] Done!
[01:58:18.589] [Part 02] Done!
[01:58:18.613] [Part 04] Done!
[01:58:19.180] [Part 01] Instance terminated.
[01:58:19.200] [Part 06] Launching c5.large...
[01:58:19.259] [Part 03] Instance terminated.
[01:58:19.270] [Part 07] Launching c5.large...
[01:58:19.519] [Part 04] Instance terminated.
[01:58:19.526] [Part 08] Launching c5.large...
[01:58:19.552] [Part 02] Instance terminated.
[01:58:19.558] [Part 09] Launching c5.large...
[01:58:35.830] [Part 05] Instance ready. IP: 54.161.227.213
[01:58:36.677] [Part 06] Instance ready. IP: 3.86.36.13
[01:58:36.758] [Part 07] Instance ready. IP: 13.218.70.174
[01:58:36.931] [Part 08] Instance ready. IP: 35.171.2.14
[01:58:36.961] [Part 09] Instance ready. IP: 54.164.141.27
[01:59:06.633] [Part 05] Installing ffmpeg...
[01:59:07.575] [Part 06] Installing ffmpeg...
[01:59:07.672] [Part 07] Installing ffmpeg...
[01:59:07.877] [Part 09] Installing ffmpeg...
[01:59:07.951] [Part 08] Installing ffmpeg...
[01:59:39.228] [Part 05] ffmpeg installed.
[01:59:39.587] [Part 05] CPU: Intel(R) Xeon(R) Platinum 8275CL CPU @ 3.00GHz
[01:59:40.027] [Part 05] Uploading segment...
[01:59:41.338] [Part 05] Running compression...
[01:59:42.210] [Part 07] ffmpeg installed.
[01:59:42.353] [Part 06] ffmpeg installed.
[01:59:42.603] [Part 07] CPU: Intel(R) Xeon(R) Platinum 8275CL CPU @ 3.00GHz
[01:59:42.651] [Part 09] ffmpeg installed.
[01:59:42.739] [Part 06] CPU: Intel(R) Xeon(R) Platinum 8275CL CPU @ 3.00GHz
[01:59:43.030] [Part 09] CPU: Intel(R) Xeon(R) Platinum 8275CL CPU @ 3.00GHz
[01:59:43.084] [Part 07] Uploading segment...
[01:59:43.107] [Part 08] ffmpeg installed.
[01:59:43.216] [Part 06] Uploading segment...
[01:59:43.496] [Part 09] Uploading segment...
[01:59:43.510] [Part 08] CPU: Intel(R) Xeon(R) Platinum 8275CL CPU @ 3.00GHz
[01:59:44.005] [Part 08] Uploading segment...
[01:59:44.656] [Part 07] Running compression...
[01:59:44.754] [Part 06] Running compression...
[01:59:44.892] [Part 09] Running compression...
[01:59:45.492] [Part 08] Running compression...
[01:59:53.937] [Part 05] Done!
[01:59:54.854] [Part 05] Instance terminated.
[01:59:57.770] [Part 09] Done!
[01:59:58.016] [Part 08] Done!
[01:59:58.243] [Part 06] Done!
[01:59:58.625] [Part 07] Done!
[01:59:58.692] [Part 09] Instance terminated.
[01:59:58.913] [Part 08] Instance terminated.
[01:59:59.138] [Part 06] Instance terminated.
[01:59:59.531] [Part 07] Instance terminated.
[01:59:59.535] ============================================================
[01:59:59.535] RESULTS — 10x c5.large Horizontal
[01:59:59.535]   Total Time:    202.13s (3.37 min)
[01:59:59.536]   Split Time:    1.58s
[01:59:59.536]   Parallel Time: 200.55s (3.34 min)
[01:59:59.536] ============================================================
