[11:51:43.464] === Phase 3.2 OPTIMIZED Horizontal: 10x c5.large ===
[11:51:43.464] AMI: ami-06c7c20c67513469a, Max workers: 10
[11:51:43.464] [Setup] Starting video split...
[11:51:43.511] [Setup] Video: 600.0s → 10 parts of 60.0s
[11:51:44.980] [Setup] Video split complete.
[11:51:44.980] [Summary] SPLIT TIME: 1.52s
[11:51:46.007] [Part 04] Launching c5.large...
[11:51:46.064] [Part 00] Launching c5.large...
[11:51:46.076] [Part 07] Launching c5.large...
[11:51:46.088] [Part 06] Launching c5.large...
[11:51:46.101] [Part 01] Launching c5.large...
[11:51:46.108] [Part 03] Launching c5.large...
[11:51:46.120] [Part 09] Launching c5.large...
[11:51:46.127] [Part 08] Launching c5.large...
[11:51:46.134] [Part 02] Launching c5.large...
[11:51:46.143] [Part 05] Launching c5.large...
[11:52:03.688] [Part 00] Instance ready. IP: 100.31.48.162
[11:52:03.700] [Part 06] Instance ready. IP: 54.159.69.88
[11:52:03.714] [Part 05] Instance ready. IP: 98.83.25.76
[11:52:03.719] [Part 04] Instance ready. IP: 34.235.170.51
[11:52:03.771] [Part 03] Instance ready. IP: 54.198.252.88
[11:52:03.832] [Part 02] Instance ready. IP: 35.153.168.188
[11:52:03.837] [Part 01] Instance ready. IP: 54.211.27.4
[11:52:03.893] [Part 08] Instance ready. IP: 100.31.39.235
[11:52:04.139] [Part 07] Instance ready. IP: 54.80.105.54
[11:52:04.198] [Part 09] Instance ready. IP: 98.86.236.226
[11:52:35.774] [Part 06] CPU: Intel(R) Xeon(R) Platinum 8275CL CPU @ 3.00GHz
[11:52:35.831] [Part 00] CPU: Intel(R) Xeon(R) Platinum 8124M CPU @ 3.00GHz
[11:52:35.831] [Part 00] WARNING: CPU mismatch! Expected Intel(R) Xeon(R) Platinum 8275CL CPU @ 3.00GHz, got Intel(R) Xeon(R) Platinum 8124M CPU @ 3.00GHz
[11:52:35.854] [Part 05] CPU: Intel(R) Xeon(R) Platinum 8275CL CPU @ 3.00GHz
[11:52:35.898] [Part 04] CPU: Intel(R) Xeon(R) Platinum 8275CL CPU @ 3.00GHz
[11:52:35.930] [Part 03] CPU: Intel(R) Xeon(R) Platinum 8124M CPU @ 3.00GHz
[11:52:35.930] [Part 03] WARNING: CPU mismatch! Expected Intel(R) Xeon(R) Platinum 8275CL CPU @ 3.00GHz, got Intel(R) Xeon(R) Platinum 8124M CPU @ 3.00GHz
[11:52:35.995] [Part 01] CPU: Intel(R) Xeon(R) Platinum 8124M CPU @ 3.00GHz
[11:52:35.995] [Part 01] WARNING: CPU mismatch! Expected Intel(R) Xeon(R) Platinum 8275CL CPU @ 3.00GHz, got Intel(R) Xeon(R) Platinum 8124M CPU @ 3.00GHz
[11:52:36.043] [Part 02] CPU: Intel(R) Xeon(R) Platinum 8124M CPU @ 3.00GHz
[11:52:36.043] [Part 02] WARNING: CPU mismatch! Expected Intel(R) Xeon(R) Platinum 8275CL CPU @ 3.00GHz, got Intel(R) Xeon(R) Platinum 8124M CPU @ 3.00GHz
[11:52:36.101] [Part 08] CPU: Intel(R) Xeon(R) Platinum 8124M CPU @ 3.00GHz
[11:52:36.101] [Part 08] WARNING: CPU mismatch! Expected Intel(R) Xeon(R) Platinum 8275CL CPU @ 3.00GHz, got Intel(R) Xeon(R) Platinum 8124M CPU @ 3.00GHz
[11:52:36.269] [Part 09] CPU: Intel(R) Xeon(R) Platinum 8124M CPU @ 3.00GHz
[11:52:36.269] [Part 09] WARNING: CPU mismatch! Expected Intel(R) Xeon(R) Platinum 8275CL CPU @ 3.00GHz, got Intel(R) Xeon(R) Platinum 8124M CPU @ 3.00GHz
[11:52:36.329] [Part 07] CPU: Intel(R) Xeon(R) Platinum 8275CL CPU @ 3.00GHz
[11:52:36.358] [Part 06] Uploading segment...
[11:52:36.433] [Part 00] Uploading segment...
[11:52:36.437] [Part 05] Uploading segment...
[11:52:36.503] [Part 04] Uploading segment...
[11:52:36.517] [Part 03] Uploading segment...
[11:52:36.579] [Part 01] Uploading segment...
[11:52:36.625] [Part 02] Uploading segment...
[11:52:36.682] [Part 08] Uploading segment...
[11:52:36.850] [Part 09] Uploading segment...
[11:52:36.929] [Part 07] Uploading segment...
[11:52:38.308] [Part 06] Running compression...
[11:52:38.335] [Part 00] Running compression...
[11:52:38.346] [Part 05] Running compression...
[11:52:38.477] [Part 04] Running compression...
[11:52:38.577] [Part 03] Running compression...
[11:52:38.584] [Part 08] Running compression...
[11:52:38.667] [Part 01] Running compression...
[11:52:38.802] [Part 09] Running compression...
[11:52:38.899] [Part 07] Running compression...
[11:52:39.227] [Part 02] Running compression...
[11:52:49.841] [Part 09] Done!
[11:52:50.130] [Part 01] Done!
[11:52:50.454] [Part 09] Instance terminated.
[11:52:50.697] [Part 01] Instance terminated.
[11:52:50.746] [Part 05] Done!
[11:52:50.965] [Part 00] Done!
[11:52:51.296] [Part 04] Done!
[11:52:51.353] [Part 05] Instance terminated.[11:52:51.353] [Part 08] Done!

[11:52:51.576] [Part 00] Instance terminated.
[11:52:51.790] [Part 03] Done!
[11:52:51.849] [Part 06] Done!
[11:52:51.893] [Part 04] Instance terminated.
[11:52:51.965] [Part 08] Instance terminated.
[11:52:52.225] [Part 02] Done!
[11:52:52.340] [Part 07] Done!
[11:52:52.381] [Part 03] Instance terminated.
[11:52:52.472] [Part 06] Instance terminated.
[11:52:52.841] [Part 02] Instance terminated.
[11:52:52.911] [Part 07] Instance terminated.
[11:52:52.915] ============================================================
[11:52:52.915] RESULTS — 10x c5.large Horizontal OPTIMIZED
[11:52:52.915]   Total Time:    69.45s (1.16 min)
[11:52:52.915]   Split Time:    1.52s
[11:52:52.915]   Parallel Time: 67.93s (1.13 min)
[11:52:52.915] ============================================================
