[21:17:03.894] === Phase 3.2 Horizontal Scaling: 10x c5.large ===
[21:17:03.894] Codec: libx264, Threads: 5, Max workers: 5
[21:17:03.894] [Setup] Starting video split...
[21:17:03.951] [Setup] Video: 600.0s → 10 parts of 60.0s
[21:17:06.024] [Setup] Video split complete.
[21:17:06.024] [Summary] SPLIT TIME: 2.13s
[21:17:06.769] [Part 01] Launching c5.large...
[21:17:06.781] [Part 02] Launching c5.large...
[21:17:06.802] [Part 04] Launching c5.large...
[21:17:06.814] [Part 00] Launching c5.large...
[21:17:06.825] [Part 03] Launching c5.large...
[21:17:24.479] [Part 04] Instance ready. IP: 18.204.210.207
[21:17:24.558] [Part 01] Instance ready. IP: 3.84.81.177
[21:17:24.671] [Part 00] Instance ready. IP: 35.153.168.154
[21:17:24.892] [Part 03] Instance ready. IP: 54.161.26.50
[21:17:24.910] [Part 02] Instance ready. IP: 3.85.192.154
[21:17:55.335] [Part 04] Installing ffmpeg...
[21:17:55.545] [Part 00] Installing ffmpeg...
[21:17:55.578] [Part 01] Installing ffmpeg...
[21:17:55.719] [Part 03] Installing ffmpeg...
[21:17:55.889] [Part 02] Installing ffmpeg...
[21:18:29.639] [Part 01] ffmpeg installed.
[21:18:30.087] [Part 01] CPU: Intel(R) Xeon(R) Platinum 8275CL CPU @ 3.00GHz
[21:18:30.413] [Part 04] ffmpeg installed.
[21:18:30.646] [Part 01] Uploading segment...
[21:18:30.794] [Part 04] CPU: Intel(R) Xeon(R) Platinum 8275CL CPU @ 3.00GHz
[21:18:31.098] [Part 03] ffmpeg installed.
[21:18:31.257] [Part 04] Uploading segment...
[21:18:31.315] [Part 00] ffmpeg installed.
[21:18:31.383] [Part 02] ffmpeg installed.
[21:18:31.461] [Part 03] CPU: Intel(R) Xeon(R) Platinum 8275CL CPU @ 3.00GHz
[21:18:31.700] [Part 00] CPU: Intel(R) Xeon(R) Platinum 8275CL CPU @ 3.00GHz
[21:18:31.822] [Part 02] CPU: Intel(R) Xeon(R) Platinum 8275CL CPU @ 3.00GHz
[21:18:31.907] [Part 03] Uploading segment...
[21:18:32.167] [Part 00] Uploading segment...
[21:18:32.338] [Part 01] Running compression...
[21:18:32.358] [Part 02] Uploading segment...
[21:18:32.633] [Part 04] Running compression...
[21:18:33.235] [Part 03] Running compression...
[21:18:33.549] [Part 00] Running compression...
[21:18:33.999] [Part 02] Running compression...
[21:18:45.591] [Part 01] Done!
[21:18:45.627] [Part 04] Done!
[21:18:46.201] [Part 03] Done!
[21:18:46.459] [Part 00] Done!
[21:18:46.503] [Part 04] Instance terminated.
[21:18:46.510] [Part 05] Launching c5.large...
[21:18:46.638] [Part 01] Instance terminated.
[21:18:46.645] [Part 06] Launching c5.large...
[21:18:47.241] [Part 03] Instance terminated.
[21:18:47.249] [Part 07] Launching c5.large...
[21:18:47.397] [Part 00] Instance terminated.
[21:18:47.410] [Part 08] Launching c5.large...
[21:18:47.739] [Part 02] Done!
[21:18:48.583] [Part 02] Instance terminated.
[21:18:48.592] [Part 09] Launching c5.large...
[21:19:04.165] [Part 05] Instance ready. IP: 18.209.171.143
[21:19:04.494] [Part 06] Instance ready. IP: 184.72.113.191
[21:19:04.892] [Part 07] Instance ready. IP: 54.89.148.188
[21:19:05.110] [Part 08] Instance ready. IP: 3.92.128.90
[21:19:06.091] [Part 09] Instance ready. IP: 54.224.53.198
[21:19:35.066] [Part 05] Installing ffmpeg...
[21:19:35.370] [Part 06] Installing ffmpeg...
[21:19:35.712] [Part 07] Installing ffmpeg...
[21:19:36.097] [Part 08] Installing ffmpeg...
[21:19:36.948] [Part 09] Installing ffmpeg...
[21:20:09.803] [Part 08] ffmpeg installed.
[21:20:10.181] [Part 05] ffmpeg installed.
[21:20:10.241] [Part 08] CPU: Intel(R) Xeon(R) Platinum 8275CL CPU @ 3.00GHz
[21:20:10.577] [Part 05] CPU: Intel(R) Xeon(R) Platinum 8275CL CPU @ 3.00GHz
[21:20:10.782] [Part 08] Uploading segment...
[21:20:10.900] [Part 07] ffmpeg installed.
[21:20:11.063] [Part 05] Uploading segment...
[21:20:11.270] [Part 06] ffmpeg installed.
[21:20:11.285] [Part 07] CPU: Intel(R) Xeon(R) Platinum 8275CL CPU @ 3.00GHz
[21:20:11.656] [Part 06] CPU: Intel(R) Xeon(R) Platinum 8124M CPU @ 3.00GHz
[21:20:11.656] [Part 06] WARNING: CPU mismatch! Expected Intel(R) Xeon(R) Platinum 8275CL CPU @ 3.00GHz, got Intel(R) Xeon(R) Platinum 8124M CPU @ 3.00GHz
[21:20:11.752] [Part 07] Uploading segment...
[21:20:11.896] [Part 09] ffmpeg installed.
[21:20:12.123] [Part 06] Uploading segment...
[21:20:12.279] [Part 09] CPU: Intel(R) Xeon(R) Platinum 8275CL CPU @ 3.00GHz
[21:20:12.428] [Part 08] Running compression...
[21:20:12.536] [Part 05] Running compression...
[21:20:12.744] [Part 09] Uploading segment...
[21:20:13.144] [Part 07] Running compression...
[21:20:13.569] [Part 06] Running compression...
[21:20:14.130] [Part 09] Running compression...
[21:20:25.197] [Part 05] Done!
[21:20:25.215] [Part 08] Done!
[21:20:26.103] [Part 08] Instance terminated.
[21:20:26.166] [Part 05] Instance terminated.
[21:20:26.330] [Part 06] Done!
[21:20:26.978] [Part 09] Done!
[21:20:27.104] [Part 07] Done!
[21:20:27.228] [Part 06] Instance terminated.
[21:20:27.838] [Part 09] Instance terminated.
[21:20:28.028] [Part 07] Instance terminated.
[21:20:28.030] ============================================================
[21:20:28.030] RESULTS — 10x c5.large Horizontal
[21:20:28.030]   Total Time:    204.14s (3.40 min)
[21:20:28.030]   Split Time:    2.13s
[21:20:28.030]   Parallel Time: 202.01s (3.37 min)
[21:20:28.030] ============================================================
