[22:12:02.446] === Phase 3.2 Horizontal Scaling: 10x c5.large ===
[22:12:02.450] Codec: libx264, Threads: 5, Max workers: 5
[22:12:02.450] [Setup] Starting video split...
[22:12:02.507] [Setup] Video: 600.0s → 10 parts of 60.0s
[22:12:04.438] [Setup] Video split complete.
[22:12:04.438] [Summary] SPLIT TIME: 1.99s
[22:12:05.058] [Part 02] Launching c5.large...
[22:12:05.096] [Part 00] Launching c5.large...
[22:12:05.104] [Part 01] Launching c5.large...
[22:12:05.114] [Part 03] Launching c5.large...
[22:12:05.129] [Part 04] Launching c5.large...
[22:12:22.591] [Part 01] Instance ready. IP: 34.238.119.14
[22:12:22.636] [Part 02] Instance ready. IP: 13.220.156.46
[22:12:22.690] [Part 04] Instance ready. IP: 3.86.205.170
[22:12:22.816] [Part 00] Instance ready. IP: 3.89.26.141
[22:12:22.843] [Part 03] Instance ready. IP: 3.86.217.137
[22:12:53.485] [Part 01] Installing ffmpeg...
[22:12:53.523] [Part 02] Installing ffmpeg...
[22:12:53.675] [Part 04] Installing ffmpeg...
[22:12:53.799] [Part 00] Installing ffmpeg...
[22:12:53.883] [Part 03] Installing ffmpeg...
[22:13:28.040] [Part 02] ffmpeg installed.
[22:13:28.424] [Part 02] CPU: Intel(R) Xeon(R) Platinum 8275CL CPU @ 3.00GHz
[22:13:28.889] [Part 02] Uploading segment...
[22:13:29.638] [Part 03] ffmpeg installed.
[22:13:29.652] [Part 00] ffmpeg installed.
[22:13:30.088] [Part 00] CPU: Intel(R) Xeon(R) Platinum 8275CL CPU @ 3.00GHz
[22:13:30.093] [Part 03] CPU: Intel(R) Xeon(R) Platinum 8275CL CPU @ 3.00GHz
[22:13:30.324] [Part 02] Running compression...
[22:13:30.615] [Part 01] ffmpeg installed.
[22:13:30.628] [Part 00] Uploading segment...
[22:13:30.653] [Part 03] Uploading segment...
[22:13:30.674] [Part 04] ffmpeg installed.
[22:13:31.013] [Part 01] CPU: Intel(R) Xeon(R) Platinum 8275CL CPU @ 3.00GHz
[22:13:31.108] [Part 04] CPU: Intel(R) Xeon(R) Platinum 8275CL CPU @ 3.00GHz
[22:13:31.495] [Part 01] Uploading segment...
[22:13:31.641] [Part 04] Uploading segment...
[22:13:32.252] [Part 00] Running compression...
[22:13:32.346] [Part 03] Running compression...
[22:13:32.943] [Part 01] Running compression...
[22:13:33.144] [Part 04] Running compression...
[22:13:43.573] [Part 02] Done!
[22:13:44.533] [Part 02] Instance terminated.
[22:13:44.540] [Part 05] Launching c5.large...
[22:13:45.224] [Part 00] Done!
[22:13:45.582] [Part 01] Done!
[22:13:45.948] [Part 03] Done!
[22:13:46.101] [Part 00] Instance terminated.
[22:13:46.110] [Part 06] Launching c5.large...
[22:13:46.433] [Part 01] Instance terminated.
[22:13:46.441] [Part 07] Launching c5.large...
[22:13:46.734] [Part 04] Done!
[22:13:46.835] [Part 03] Instance terminated.
[22:13:46.843] [Part 08] Launching c5.large...
[22:13:47.611] [Part 04] Instance terminated.
[22:13:47.620] [Part 09] Launching c5.large...
[22:14:02.049] [Part 05] Instance ready. IP: 54.173.145.171
[22:14:03.970] [Part 06] Instance ready. IP: 54.162.13.216
[22:14:04.147] [Part 07] Instance ready. IP: 54.82.236.103
[22:14:04.461] [Part 08] Instance ready. IP: 44.202.138.186
[22:14:05.319] [Part 09] Instance ready. IP: 18.208.163.209
[22:14:32.941] [Part 05] Installing ffmpeg...
[22:14:34.798] [Part 06] Installing ffmpeg...
[22:14:35.004] [Part 07] Installing ffmpeg...
[22:14:35.501] [Part 08] Installing ffmpeg...
[22:14:36.211] [Part 09] Installing ffmpeg...
[22:15:07.475] [Part 05] ffmpeg installed.
[22:15:07.876] [Part 05] CPU: Intel(R) Xeon(R) Platinum 8275CL CPU @ 3.00GHz
[22:15:08.362] [Part 05] Uploading segment...
[22:15:08.812] [Part 08] ffmpeg installed.
[22:15:08.840] [Part 06] ffmpeg installed.
[22:15:09.205] [Part 06] CPU: Intel(R) Xeon(R) Platinum 8275CL CPU @ 3.00GHz
[22:15:09.264] [Part 08] CPU: Intel(R) Xeon(R) Platinum 8275CL CPU @ 3.00GHz
[22:15:09.651] [Part 06] Uploading segment...
[22:15:09.820] [Part 08] Uploading segment...
[22:15:09.822] [Part 05] Running compression...
[22:15:09.881] [Part 07] ffmpeg installed.
[22:15:10.258] [Part 07] CPU: Intel(R) Xeon(R) Platinum 8275CL CPU @ 3.00GHz
[22:15:10.722] [Part 07] Uploading segment...
[22:15:10.981] [Part 06] Running compression...
[22:15:11.379] [Part 09] ffmpeg installed.
[22:15:11.553] [Part 08] Running compression...
[22:15:11.771] [Part 09] CPU: Intel(R) Xeon(R) Platinum 8275CL CPU @ 3.00GHz
[22:15:12.111] [Part 07] Running compression...
[22:15:12.254] [Part 09] Uploading segment...
[22:15:13.747] [Part 09] Running compression...
[22:15:22.491] [Part 05] Done!
[22:15:23.447] [Part 05] Instance terminated.
[22:15:23.744] [Part 06] Done!
[22:15:24.454] [Part 08] Done!
[22:15:24.677] [Part 06] Instance terminated.
[22:15:25.388] [Part 08] Instance terminated.
[22:15:25.987] [Part 07] Done!
[22:15:26.549] [Part 09] Done!
[22:15:26.852] [Part 07] Instance terminated.
[22:15:27.491] [Part 09] Instance terminated.
[22:15:27.492] ============================================================
[22:15:27.492] RESULTS — 10x c5.large Horizontal
[22:15:27.492]   Total Time:    205.04s (3.42 min)
[22:15:27.492]   Split Time:    1.99s
[22:15:27.492]   Parallel Time: 203.05s (3.38 min)
[22:15:27.492] ============================================================
