[10:10:55.330] === Phase 3.2 OPTIMIZED Serial: 1x c5.large ===
[10:10:55.331] AMI: ami-06c7c20c67513469a (ffmpeg pre-installed)
[10:10:55.331] [c5.large-Serial-OPT] Launching EC2 instance...
[10:10:57.266] [c5.large-Serial-OPT] Instance i-08ffba45c6931c532 launched. Waiting...
[10:11:13.108] [c5.large-Serial-OPT] Instance ready. IP: 54.162.253.206
[10:11:43.969] [c5.large-Serial-OPT] SSH connected.
[10:11:44.865] [c5.large-Serial-OPT] CPU: Intel(R) Xeon(R) Platinum 8275CL CPU @ 3.00GHz
[10:11:44.866] [c5.large-Serial-OPT] Uploading 10-minute video...
[10:11:51.121] [c5.large-Serial-OPT] Upload complete.
[10:11:51.122] [c5.large-Serial-OPT] SETUP TIME: 55.79s (0.93 min)
[10:11:51.122] [c5.large-Serial-OPT] Running: ffmpeg -i /home/ubuntu/input.mp4 -c:v libx264 -preset slow -b:v 2M -threads 5 -y /home/ubuntu/output.mp4
[10:13:22.382] [c5.large-Serial-OPT] ENCODING TIME: 91.26s (1.52 min)
[10:13:23.419] [c5.large-Serial-OPT] Instance terminated.
[10:13:23.419] [c5.large-Serial-OPT] ============================================================
[10:13:23.419] [c5.large-Serial-OPT] RESULTS — c5.large Serial OPTIMIZED
[10:13:23.420] [c5.large-Serial-OPT]   Total Time:    147.05s (2.45 min)
[10:13:23.420] [c5.large-Serial-OPT]   Setup Time:    55.79s (0.93 min)
[10:13:23.420] [c5.large-Serial-OPT]   Encoding Time: 91.26s (1.52 min)
[10:13:23.420] [c5.large-Serial-OPT]   Setup %:       37.9%
[10:13:23.420] [c5.large-Serial-OPT] ============================================================
