[23:06:19.791] === Phase 3.2 Horizontal Scaling: 10x c5.large ===
[23:06:19.791] Codec: libx264, Threads: 5, Max workers: 5
[23:06:19.791] [Setup] Starting video split...
[23:06:19.924] [Setup] Video: 600.0s → 10 parts of 60.0s
[23:06:25.583] [Setup] Video split complete.
[23:06:25.584] [Summary] SPLIT TIME: 5.79s
[23:06:26.938] [Part 03] Launching c5.large...
[23:06:27.034] [Part 00] Launching c5.large...
[23:06:27.063] [Part 02] Launching c5.large...
[23:06:27.091] [Part 04] Launching c5.large...
[23:06:27.112] [Part 01] Launching c5.large...
[23:06:44.699] [Part 01] Instance ready. IP: 54.89.215.155
[23:06:44.704] [Part 02] Instance ready. IP: 52.70.141.130
[23:06:44.715] [Part 04] Instance ready. IP: 34.201.131.228
[23:06:44.819] [Part 03] Instance ready. IP: 13.222.241.112
[23:06:44.872] [Part 00] Instance ready. IP: 44.211.163.125
[23:07:15.610] [Part 02] Installing ffmpeg...[23:07:15.740] [Part 04] Installing ffmpeg...

[23:07:15.869] [Part 01] Installing ffmpeg...
[23:07:15.970] [Part 03] Installing ffmpeg...
[23:07:16.011] [Part 00] Installing ffmpeg...
[23:07:48.917] [Part 01] ffmpeg installed.
[23:07:49.314] [Part 01] CPU: Intel(R) Xeon(R) Platinum 8275CL CPU @ 3.00GHz
[23:07:49.799] [Part 01] Uploading segment...
[23:07:49.991] [Part 04] ffmpeg installed.
[23:07:50.136] [Part 03] ffmpeg installed.
[23:07:50.388] [Part 04] CPU: Intel(R) Xeon(R) Platinum 8275CL CPU @ 3.00GHz
[23:07:50.516] [Part 03] CPU: Intel(R) Xeon(R) Platinum 8275CL CPU @ 3.00GHz
[23:07:50.872] [Part 04] Uploading segment...
[23:07:50.886] [Part 02] ffmpeg installed.
[23:07:50.979] [Part 03] Uploading segment...
[23:07:51.268] [Part 01] Running compression...
[23:07:51.270] [Part 02] CPU: Intel(R) Xeon(R) Platinum 8275CL CPU @ 3.00GHz
[23:07:51.418] [Part 00] ffmpeg installed.
[23:07:51.736] [Part 02] Uploading segment...
[23:07:51.852] [Part 00] CPU: Intel(R) Xeon(R) Platinum 8275CL CPU @ 3.00GHz
[23:07:52.320] [Part 04] Running compression...
[23:07:52.364] [Part 03] Running compression...
[23:07:52.388] [Part 00] Uploading segment...
[23:07:53.118] [Part 02] Running compression...
[23:07:54.052] [Part 00] Running compression...
[23:08:04.064] [Part 01] Done!
[23:08:04.999] [Part 01] Instance terminated.
[23:08:05.015] [Part 05] Launching c5.large...
[23:08:05.356] [Part 03] Done!
[23:08:05.574] [Part 04] Done!
[23:08:06.244] [Part 03] Instance terminated.
[23:08:06.270] [Part 06] Launching c5.large...
[23:08:06.393] [Part 02] Done!
[23:08:06.503] [Part 04] Instance terminated.
[23:08:06.519] [Part 07] Launching c5.large...
[23:08:07.314] [Part 02] Instance terminated.
[23:08:07.339] [Part 08] Launching c5.large...
[23:08:07.509] [Part 00] Done!
[23:08:08.436] [Part 00] Instance terminated.
[23:08:08.455] [Part 09] Launching c5.large...
[23:08:22.608] [Part 05] Instance ready. IP: 52.55.99.49
[23:08:24.118] [Part 06] Instance ready. IP: 44.203.38.134
[23:08:24.626] [Part 07] Instance ready. IP: 18.208.167.221
[23:08:24.878] [Part 08] Instance ready. IP: 3.86.38.129
[23:08:26.189] [Part 09] Instance ready. IP: 52.90.84.155
[23:08:53.459] [Part 05] Installing ffmpeg...
[23:08:55.133] [Part 06] Installing ffmpeg...
[23:08:55.566] [Part 07] Installing ffmpeg...
[23:08:55.950] [Part 08] Installing ffmpeg...
[23:08:57.081] [Part 09] Installing ffmpeg...
[23:09:28.321] [Part 05] ffmpeg installed.
[23:09:28.705] [Part 05] CPU: Intel(R) Xeon(R) Platinum 8275CL CPU @ 3.00GHz
[23:09:29.171] [Part 05] Uploading segment...
[23:09:30.201] [Part 07] ffmpeg installed.
[23:09:30.414] [Part 06] ffmpeg installed.
[23:09:30.560] [Part 05] Running compression...
[23:09:30.592] [Part 07] CPU: Intel(R) Xeon(R) Platinum 8275CL CPU @ 3.00GHz
[23:09:30.867] [Part 06] CPU: Intel(R) Xeon(R) Platinum 8275CL CPU @ 3.00GHz
[23:09:30.975] [Part 08] ffmpeg installed.
[23:09:31.077] [Part 07] Uploading segment...
[23:09:31.141] [Part 09] ffmpeg installed.
[23:09:31.411] [Part 08] CPU: Intel(R) Xeon(R) Platinum 8275CL CPU @ 3.00GHz
[23:09:31.427] [Part 06] Uploading segment...
[23:09:31.535] [Part 09] CPU: Intel(R) Xeon(R) Platinum 8275CL CPU @ 3.00GHz
[23:09:31.951] [Part 08] Uploading segment...
[23:09:32.018] [Part 09] Uploading segment...
[23:09:32.530] [Part 07] Running compression...
[23:09:33.120] [Part 06] Running compression...
[23:09:33.469] [Part 09] Running compression...
[23:09:33.578] [Part 08] Running compression...
[23:09:43.227] [Part 05] Done!
[23:09:44.231] [Part 05] Instance terminated.
[23:09:46.355] [Part 08] Done!
[23:09:46.359] [Part 09] Done!
[23:09:46.680] [Part 07] Done!
[23:09:47.079] [Part 06] Done!
[23:09:47.282] [Part 09] Instance terminated.
[23:09:47.301] [Part 08] Instance terminated.
[23:09:47.589] [Part 07] Instance terminated.
[23:09:48.042] [Part 06] Instance terminated.
[23:09:48.044] ============================================================
[23:09:48.045] RESULTS — 10x c5.large Horizontal
[23:09:48.045]   Total Time:    208.25s (3.47 min)
[23:09:48.045]   Split Time:    5.79s
[23:09:48.045]   Parallel Time: 202.46s (3.37 min)
[23:09:48.045] ============================================================
