[13:11:46.583] === Phase 3.2 OPTIMIZED Horizontal: 10x c5.large ===
[13:11:46.583] AMI: ami-06c7c20c67513469a, Max workers: 10
[13:11:46.583] [Setup] Starting video split...
[13:11:46.631] [Setup] Video: 600.0s → 10 parts of 60.0s
[13:11:48.185] [Setup] Video split complete.
[13:11:48.185] [Summary] SPLIT TIME: 1.60s
[13:11:48.919] [Part 07] Launching c5.large...[13:11:48.920] [Part 00] Launching c5.large...

[13:11:48.934] [Part 02] Launching c5.large...
[13:11:48.948] [Part 04] Launching c5.large...
[13:11:48.952] [Part 08] Launching c5.large...
[13:11:48.963] [Part 06] Launching c5.large...
[13:11:48.973] [Part 09] Launching c5.large...
[13:11:48.983] [Part 03] Launching c5.large...
[13:11:48.994] [Part 05] Launching c5.large...
[13:11:49.000] [Part 01] Launching c5.large...
[13:12:06.642] [Part 07] Instance ready. IP: 54.221.70.9
[13:12:06.695] [Part 04] Instance ready. IP: 54.242.232.247[13:12:06.701] [Part 03] Instance ready. IP: 98.91.0.197

[13:12:06.733] [Part 06] Instance ready. IP: 107.23.140.39
[13:12:06.745] [Part 02] Instance ready. IP: 50.19.17.165
[13:12:06.756] [Part 01] Instance ready. IP: 18.209.67.196
[13:12:06.851] [Part 05] Instance ready. IP: 98.89.0.194
[13:12:06.885] [Part 08] Instance ready. IP: 44.223.35.220
[13:12:13.211] [Part 09] Instance ready. IP: 54.91.109.59
[13:12:22.159] [Part 00] Instance ready. IP: 54.91.2.228
[13:12:38.416] [Part 01] CPU: Intel(R) Xeon(R) Platinum 8124M CPU @ 3.00GHz
[13:12:38.417] [Part 01] WARNING: CPU mismatch! Expected Intel(R) Xeon(R) Platinum 8275CL CPU @ 3.00GHz, got Intel(R) Xeon(R) Platinum 8124M CPU @ 3.00GHz
[13:12:38.730] [Part 07] CPU: Intel(R) Xeon(R) Platinum 8124M CPU @ 3.00GHz
[13:12:38.731] [Part 07] WARNING: CPU mismatch! Expected Intel(R) Xeon(R) Platinum 8275CL CPU @ 3.00GHz, got Intel(R) Xeon(R) Platinum 8124M CPU @ 3.00GHz
[13:12:38.813] [Part 04] CPU: Intel(R) Xeon(R) Platinum 8124M CPU @ 3.00GHz
[13:12:38.813] [Part 04] WARNING: CPU mismatch! Expected Intel(R) Xeon(R) Platinum 8275CL CPU @ 3.00GHz, got Intel(R) Xeon(R) Platinum 8124M CPU @ 3.00GHz
[13:12:38.825] [Part 02] CPU: Intel(R) Xeon(R) Platinum 8275CL CPU @ 3.00GHz
[13:12:38.834] [Part 03] CPU: Intel(R) Xeon(R) Platinum 8275CL CPU @ 3.00GHz
[13:12:38.884] [Part 05] CPU: Intel(R) Xeon(R) Platinum 8275CL CPU @ 3.00GHz
[13:12:38.914] [Part 06] CPU: Intel(R) Xeon(R) Platinum 8124M CPU @ 3.00GHz
[13:12:38.915] [Part 06] WARNING: CPU mismatch! Expected Intel(R) Xeon(R) Platinum 8275CL CPU @ 3.00GHz, got Intel(R) Xeon(R) Platinum 8124M CPU @ 3.00GHz
[13:12:38.997] [Part 01] Uploading segment...
[13:12:39.042] [Part 08] CPU: Intel(R) Xeon(R) Platinum 8124M CPU @ 3.00GHz
[13:12:39.042] [Part 08] WARNING: CPU mismatch! Expected Intel(R) Xeon(R) Platinum 8275CL CPU @ 3.00GHz, got Intel(R) Xeon(R) Platinum 8124M CPU @ 3.00GHz
[13:12:39.310] [Part 07] Uploading segment...
[13:12:39.394] [Part 04] Uploading segment...
[13:12:39.425] [Part 02] Uploading segment...
[13:12:39.437] [Part 03] Uploading segment...
[13:12:39.486] [Part 05] Uploading segment...
[13:12:39.517] [Part 06] Uploading segment...
[13:12:39.632] [Part 08] Uploading segment...
[13:12:41.034] [Part 01] Running compression...
[13:12:41.202] [Part 07] Running compression...
[13:12:41.391] [Part 02] Running compression...
[13:12:41.420] [Part 04] Running compression...
[13:12:41.443] [Part 08] Running compression...
[13:12:41.472] [Part 05] Running compression...
[13:12:41.691] [Part 03] Running compression...
[13:12:41.776] [Part 06] Running compression...
[13:12:45.186] [Part 09] CPU: Intel(R) Xeon(R) Platinum 8275CL CPU @ 3.00GHz
[13:12:45.771] [Part 09] Uploading segment...
[13:12:47.813] [Part 09] Running compression...
[13:12:53.001] [Part 01] Done!
[13:12:53.553] [Part 01] Instance terminated.
[13:12:53.799] [Part 02] Done!
[13:12:54.305] [Part 00] CPU: Intel(R) Xeon(R) Platinum 8275CL CPU @ 3.00GHz
[13:12:54.357] [Part 02] Instance terminated.
[13:12:54.381] [Part 05] Done!
[13:12:54.526] [Part 08] Done!
[13:12:54.658] [Part 04] Done!
[13:12:54.803] [Part 07] Done!
[13:12:54.908] [Part 00] Uploading segment...
[13:12:55.006] [Part 05] Instance terminated.
[13:12:55.118] [Part 08] Instance terminated.
[13:12:55.228] [Part 04] Instance terminated.
[13:12:55.353] [Part 07] Instance terminated.
[13:12:55.442] [Part 03] Done!
[13:12:55.929] [Part 06] Done!
[13:12:56.048] [Part 03] Instance terminated.
[13:12:56.564] [Part 06] Instance terminated.
[13:12:57.009] [Part 00] Running compression...
[13:13:00.676] [Part 09] Done!
[13:13:01.246] [Part 09] Instance terminated.
[13:13:11.010] [Part 00] Done!
[13:13:11.651] [Part 00] Instance terminated.
[13:13:11.655] ============================================================
[13:13:11.655] RESULTS — 10x c5.large Horizontal OPTIMIZED
[13:13:11.655]   Total Time:    85.07s (1.42 min)
[13:13:11.655]   Split Time:    1.60s
[13:13:11.656]   Parallel Time: 83.47s (1.39 min)
[13:13:11.656] ============================================================
