[11:43:32.162] === Phase 3.2 OPTIMIZED Serial: 1x c5.large ===
[11:43:32.162] AMI: ami-06c7c20c67513469a (ffmpeg pre-installed)
[11:43:32.162] [c5.large-Serial-OPT] Launching EC2 instance...
[11:43:36.513] [c5.large-Serial-OPT] Instance i-0e6b42281c7bbc2d5 launched. Waiting...
[11:43:52.292] [c5.large-Serial-OPT] Instance ready. IP: 52.90.227.169
[11:44:23.365] [c5.large-Serial-OPT] SSH connected.
[11:44:24.363] [c5.large-Serial-OPT] CPU: Intel(R) Xeon(R) Platinum 8275CL CPU @ 3.00GHz
[11:44:24.363] [c5.large-Serial-OPT] Uploading 10-minute video...
[11:44:32.423] [c5.large-Serial-OPT] Upload complete.
[11:44:32.423] [c5.large-Serial-OPT] SETUP TIME: 60.26s (1.00 min)
[11:44:32.423] [c5.large-Serial-OPT] Running: ffmpeg -i /home/ubuntu/input.mp4 -c:v libx264 -preset slow -b:v 2M -threads 5 -y /home/ubuntu/output.mp4
[11:46:03.703] [c5.large-Serial-OPT] ENCODING TIME: 91.28s (1.52 min)
[11:46:04.792] [c5.large-Serial-OPT] Instance terminated.
[11:46:04.792] [c5.large-Serial-OPT] ============================================================
[11:46:04.792] [c5.large-Serial-OPT] RESULTS — c5.large Serial OPTIMIZED
[11:46:04.792] [c5.large-Serial-OPT]   Total Time:    151.54s (2.53 min)
[11:46:04.792] [c5.large-Serial-OPT]   Setup Time:    60.26s (1.00 min)
[11:46:04.792] [c5.large-Serial-OPT]   Encoding Time: 91.28s (1.52 min)
[11:46:04.793] [c5.large-Serial-OPT]   Setup %:       39.8%
[11:46:04.793] [c5.large-Serial-OPT] ============================================================
