[23:27:33.887] === Phase 3.2 Horizontal Scaling: 10x c5.large ===
[23:27:33.887] Codec: libx264, Threads: 5, Max workers: 5
[23:27:33.887] [Setup] Starting video split...
[23:27:33.989] [Setup] Video: 600.0s → 10 parts of 60.0s
[23:27:36.226] [Setup] Video split complete.
[23:27:36.227] [Summary] SPLIT TIME: 2.34s
[23:27:36.974] [Part 01] Launching c5.large...
[23:27:37.018] [Part 04] Launching c5.large...
[23:27:37.033] [Part 03] Launching c5.large...
[23:27:37.044] [Part 02] Launching c5.large...
[23:27:37.053] [Part 00] Launching c5.large...
[23:27:54.527] [Part 01] Instance ready. IP: 54.173.189.65
[23:27:54.551] [Part 02] Instance ready. IP: 54.147.6.194
[23:27:54.552] [Part 04] Instance ready. IP: 13.218.205.77
[23:27:54.557] [Part 03] Instance ready. IP: 34.226.150.230
[23:27:54.715] [Part 00] Instance ready. IP: 3.93.6.240
[23:28:25.418] [Part 01] Installing ffmpeg...
[23:28:25.465] [Part 02] Installing ffmpeg...
[23:28:25.466] [Part 04] Installing ffmpeg...
[23:28:25.498] [Part 03] Installing ffmpeg...
[23:28:25.623] [Part 00] Installing ffmpeg...
[23:28:59.682] [Part 00] ffmpeg installed.
[23:29:00.085] [Part 00] CPU: Intel(R) Xeon(R) Platinum 8275CL CPU @ 3.00GHz
[23:29:00.403] [Part 02] ffmpeg installed.
[23:29:00.573] [Part 03] ffmpeg installed.
[23:29:00.581] [Part 00] Uploading segment...
[23:29:00.756] [Part 04] ffmpeg installed.
[23:29:00.798] [Part 02] CPU: Intel(R) Xeon(R) Platinum 8275CL CPU @ 3.00GHz
[23:29:00.955] [Part 03] CPU: Intel(R) Xeon(R) Platinum 8275CL CPU @ 3.00GHz
[23:29:01.149] [Part 04] CPU: Intel(R) Xeon(R) Platinum 8275CL CPU @ 3.00GHz
[23:29:01.281] [Part 02] Uploading segment...
[23:29:01.421] [Part 03] Uploading segment...
[23:29:01.632] [Part 04] Uploading segment...
[23:29:02.067] [Part 00] Running compression...
[23:29:02.725] [Part 03] Running compression...
[23:29:02.733] [Part 02] Running compression...
[23:29:03.122] [Part 04] Running compression...
[23:29:07.066] [Part 01] ffmpeg installed.
[23:29:07.457] [Part 01] CPU: Intel(R) Xeon(R) Platinum 8275CL CPU @ 3.00GHz
[23:29:07.942] [Part 01] Uploading segment...
[23:29:09.400] [Part 01] Running compression...
[23:29:15.227] [Part 00] Done!
[23:29:15.733] [Part 03] Done!
[23:29:15.802] [Part 02] Done!
[23:29:16.119] [Part 00] Instance terminated.
[23:29:16.134] [Part 05] Launching c5.large...
[23:29:16.349] [Part 04] Done!
[23:29:16.597] [Part 03] Instance terminated.
[23:29:16.605] [Part 06] Launching c5.large...
[23:29:16.692] [Part 02] Instance terminated.
[23:29:16.698] [Part 07] Launching c5.large...
[23:29:17.219] [Part 04] Instance terminated.
[23:29:17.224] [Part 08] Launching c5.large...
[23:29:22.168] [Part 01] Done!
[23:29:23.078] [Part 01] Instance terminated.
[23:29:23.085] [Part 09] Launching c5.large...
[23:29:33.543] [Part 05] Instance ready. IP: 100.24.32.177
[23:29:34.131] [Part 06] Instance ready. IP: 54.152.190.9
[23:29:34.455] [Part 07] Instance ready. IP: 52.201.227.135
[23:29:34.971] [Part 08] Instance ready. IP: 52.90.84.76
[23:29:40.612] [Part 09] Instance ready. IP: 3.84.11.131
[23:30:04.435] [Part 05] Installing ffmpeg...
[23:30:04.995] [Part 06] Installing ffmpeg...
[23:30:05.330] [Part 07] Installing ffmpeg...
[23:30:05.846] [Part 08] Installing ffmpeg...
[23:30:11.517] [Part 09] Installing ffmpeg...
[23:30:39.379] [Part 05] ffmpeg installed.
[23:30:39.774] [Part 05] CPU: Intel(R) Xeon(R) Platinum 8275CL CPU @ 3.00GHz
[23:30:40.256] [Part 05] Uploading segment...
[23:30:40.567] [Part 07] ffmpeg installed.
[23:30:40.736] [Part 06] ffmpeg installed.
[23:30:40.862] [Part 08] ffmpeg installed.
[23:30:40.956] [Part 07] CPU: Intel(R) Xeon(R) Platinum 8275CL CPU @ 3.00GHz
[23:30:41.115] [Part 06] CPU: Intel(R) Xeon(R) Platinum 8124M CPU @ 3.00GHz
[23:30:41.115] [Part 06] WARNING: CPU mismatch! Expected Intel(R) Xeon(R) Platinum 8275CL CPU @ 3.00GHz, got Intel(R) Xeon(R) Platinum 8124M CPU @ 3.00GHz
[23:30:41.242] [Part 08] CPU: Intel(R) Xeon(R) Platinum 8275CL CPU @ 3.00GHz
[23:30:41.433] [Part 07] Uploading segment...
[23:30:41.586] [Part 06] Uploading segment...
[23:30:41.706] [Part 08] Uploading segment...
[23:30:41.709] [Part 05] Running compression...
[23:30:42.860] [Part 07] Running compression...
[23:30:42.998] [Part 06] Running compression...
[23:30:43.091] [Part 08] Running compression...
[23:30:46.100] [Part 09] ffmpeg installed.
[23:30:46.503] [Part 09] CPU: Intel(R) Xeon(R) Platinum 8275CL CPU @ 3.00GHz
[23:30:46.998] [Part 09] Uploading segment...
[23:30:48.531] [Part 09] Running compression...
[23:30:54.422] [Part 05] Done!
[23:30:55.346] [Part 05] Instance terminated.
[23:30:55.431] [Part 08] Done!
[23:30:55.791] [Part 06] Done!
[23:30:56.334] [Part 08] Instance terminated.
[23:30:56.663] [Part 06] Instance terminated.
[23:30:56.765] [Part 07] Done!
[23:30:57.634] [Part 07] Instance terminated.
[23:31:01.523] [Part 09] Done!
[23:31:02.510] [Part 09] Instance terminated.
[23:31:02.511] ============================================================
[23:31:02.511] RESULTS — 10x c5.large Horizontal
[23:31:02.511]   Total Time:    208.62s (3.48 min)
[23:31:02.511]   Split Time:    2.34s
[23:31:02.511]   Parallel Time: 206.28s (3.44 min)
[23:31:02.511] ============================================================
