[10:42:27.272] === Phase 3.2 OPTIMIZED Horizontal: 10x c5.large ===
[10:42:27.272] AMI: ami-06c7c20c67513469a, Max workers: 10
[10:42:27.272] [Setup] Starting video split...
[10:42:27.321] [Setup] Video: 600.0s → 10 parts of 60.0s
[10:42:28.805] [Setup] Video split complete.
[10:42:28.805] [Summary] SPLIT TIME: 1.53s
[10:42:29.739] [Part 00] Launching c5.large...
[10:42:29.781] [Part 08] Launching c5.large...
[10:42:29.784] [Part 07] Launching c5.large...
[10:42:29.793] [Part 03] Launching c5.large...
[10:42:29.802] [Part 04] Launching c5.large...
[10:42:29.811] [Part 09] Launching c5.large...
[10:42:29.822] [Part 06] Launching c5.large...
[10:42:29.833] [Part 05] Launching c5.large...
[10:42:29.841] [Part 01] Launching c5.large...
[10:42:29.849] [Part 02] Launching c5.large...
[10:42:47.575] [Part 09] Instance ready. IP: 204.236.200.251
[10:42:47.588] [Part 00] Instance ready. IP: 34.207.196.160
[10:42:47.621] [Part 01] Instance ready. IP: 98.82.199.66
[10:42:47.740] [Part 04] Instance ready. IP: 35.153.162.202
[10:42:47.748] [Part 02] Instance ready. IP: 54.89.248.33
[10:42:48.038] [Part 07] Instance ready. IP: 54.159.113.88
[10:42:48.054] [Part 08] Instance ready. IP: 98.83.210.55
[10:42:48.078] [Part 03] Instance ready. IP: 18.209.160.246
[10:42:48.108] [Part 06] Instance ready. IP: 54.210.186.88
[10:42:48.112] [Part 05] Instance ready. IP: 54.88.254.135
[10:43:19.650] [Part 09] CPU: Intel(R) Xeon(R) Platinum 8275CL CPU @ 3.00GHz
[10:43:19.718] [Part 01] CPU: Intel(R) Xeon(R) Platinum 8275CL CPU @ 3.00GHz
[10:43:19.721] [Part 00] CPU: Intel(R) Xeon(R) Platinum 8275CL CPU @ 3.00GHz
[10:43:19.880] [Part 04] CPU: Intel(R) Xeon(R) Platinum 8275CL CPU @ 3.00GHz
[10:43:19.964] [Part 02] CPU: Intel(R) Xeon(R) Platinum 8275CL CPU @ 3.00GHz
[10:43:20.125] [Part 07] CPU: Intel(R) Xeon(R) Platinum 8275CL CPU @ 3.00GHz
[10:43:20.170] [Part 06] CPU: Intel(R) Xeon(R) Platinum 8275CL CPU @ 3.00GHz
[10:43:20.184] [Part 08] CPU: Intel(R) Xeon(R) Platinum 8275CL CPU @ 3.00GHz
[10:43:20.217] [Part 03] CPU: Intel(R) Xeon(R) Platinum 8223CL CPU @ 3.00GHz
[10:43:20.217] [Part 03] WARNING: CPU mismatch! Expected Intel(R) Xeon(R) Platinum 8275CL CPU @ 3.00GHz, got Intel(R) Xeon(R) Platinum 8223CL CPU @ 3.00GHz
[10:43:20.230] [Part 09] Uploading segment...
[10:43:20.294] [Part 05] CPU: Intel(R) Xeon(R) Platinum 8275CL CPU @ 3.00GHz
[10:43:20.303] [Part 01] Uploading segment...
[10:43:20.305] [Part 00] Uploading segment...
[10:43:20.464] [Part 04] Uploading segment...
[10:43:20.569] [Part 02] Uploading segment...
[10:43:20.710] [Part 07] Uploading segment...
[10:43:20.752] [Part 06] Uploading segment...
[10:43:20.764] [Part 08] Uploading segment...
[10:43:20.819] [Part 03] Uploading segment...
[10:43:20.875] [Part 05] Uploading segment...
[10:43:22.133] [Part 09] Running compression...
[10:43:22.461] [Part 04] Running compression...
[10:43:22.604] [Part 01] Running compression...
[10:43:22.624] [Part 00] Running compression...
[10:43:22.776] [Part 07] Running compression...
[10:43:22.832] [Part 02] Running compression...
[10:43:22.938] [Part 06] Running compression...
[10:43:23.058] [Part 05] Running compression...
[10:43:23.066] [Part 08] Running compression...
[10:43:23.067] [Part 03] Running compression...
[10:43:34.160] [Part 09] Done!
[10:43:34.286] [Part 01] Done!
[10:43:34.722] [Part 09] Instance terminated.
[10:43:34.941] [Part 01] Instance terminated.
[10:43:35.152] [Part 04] Done!
[10:43:35.276] [Part 05] Done!
[10:43:35.441] [Part 03] Done!
[10:43:35.568] [Part 08] Done!
[10:43:35.637] [Part 00] Done!
[10:43:35.736] [Part 04] Instance terminated.
[10:43:35.891] [Part 05] Instance terminated.
[10:43:36.046] [Part 03] Instance terminated.
[10:43:36.208] [Part 08] Instance terminated.
[10:43:36.219] [Part 07] Done!
[10:43:36.240] [Part 00] Instance terminated.
[10:43:36.369] [Part 06] Done!
[10:43:36.393] [Part 02] Done!
[10:43:36.826] [Part 07] Instance terminated.
[10:43:36.992] [Part 06] Instance terminated.[10:43:36.994] [Part 02] Instance terminated.

[10:43:37.001] ============================================================
[10:43:37.002] RESULTS — 10x c5.large Horizontal OPTIMIZED
[10:43:37.002]   Total Time:    69.73s (1.16 min)
[10:43:37.002]   Split Time:    1.53s
[10:43:37.002]   Parallel Time: 68.20s (1.14 min)
[10:43:37.002] ============================================================
