[11:54:24.632] === Phase 3.2 OPTIMIZED Horizontal: 10x c5.large ===
[11:54:24.632] AMI: ami-06c7c20c67513469a, Max workers: 10
[11:54:24.632] [Setup] Starting video split...
[11:54:24.679] [Setup] Video: 600.0s → 10 parts of 60.0s
[11:54:26.176] [Setup] Video split complete.
[11:54:26.176] [Summary] SPLIT TIME: 1.54s
[11:54:27.159] [Part 05] Launching c5.large...
[11:54:27.230] [Part 00] Launching c5.large...
[11:54:27.242] [Part 04] Launching c5.large...
[11:54:27.251] [Part 03] Launching c5.large...
[11:54:27.262] [Part 06] Launching c5.large...
[11:54:27.270] [Part 01] Launching c5.large...
[11:54:27.282] [Part 08] Launching c5.large...
[11:54:27.290] [Part 02] Launching c5.large...
[11:54:27.298] [Part 09] Launching c5.large...
[11:54:27.309] [Part 07] Launching c5.large...
[11:54:44.810] [Part 00] Instance ready. IP: 3.87.175.28
[11:54:44.843] [Part 03] Instance ready. IP: 98.82.169.48
[11:54:44.854] [Part 08] Instance ready. IP: 3.81.173.146
[11:54:44.879] [Part 06] Instance ready. IP: 52.206.250.51
[11:54:45.062] [Part 02] Instance ready. IP: 174.129.153.223
[11:54:45.255] [Part 04] Instance ready. IP: 13.220.229.110
[11:54:45.266] [Part 05] Instance ready. IP: 98.83.144.207
[11:54:45.278] [Part 09] Instance ready. IP: 54.80.29.231
[11:54:45.282] [Part 01] Instance ready. IP: 34.229.52.237
[11:54:45.420] [Part 07] Instance ready. IP: 54.147.117.227
[11:55:16.837] [Part 00] CPU: Intel(R) Xeon(R) Platinum 8275CL CPU @ 3.00GHz
[11:55:16.945] [Part 03] CPU: Intel(R) Xeon(R) Platinum 8275CL CPU @ 3.00GHz
[11:55:16.973] [Part 05] CPU: Intel(R) Xeon(R) Platinum 8124M CPU @ 3.00GHz
[11:55:16.974] [Part 05] WARNING: CPU mismatch! Expected Intel(R) Xeon(R) Platinum 8275CL CPU @ 3.00GHz, got Intel(R) Xeon(R) Platinum 8124M CPU @ 3.00GHz
[11:55:17.050] [Part 06] CPU: Intel(R) Xeon(R) Platinum 8275CL CPU @ 3.00GHz
[11:55:17.097] [Part 08] CPU: Intel(R) Xeon(R) Platinum 8275CL CPU @ 3.00GHz
[11:55:17.212] [Part 02] CPU: Intel(R) Xeon(R) Platinum 8124M CPU @ 3.00GHz
[11:55:17.212] [Part 02] WARNING: CPU mismatch! Expected Intel(R) Xeon(R) Platinum 8275CL CPU @ 3.00GHz, got Intel(R) Xeon(R) Platinum 8124M CPU @ 3.00GHz
[11:55:17.392] [Part 04] CPU: Intel(R) Xeon(R) Platinum 8124M CPU @ 3.00GHz
[11:55:17.392] [Part 04] WARNING: CPU mismatch! Expected Intel(R) Xeon(R) Platinum 8275CL CPU @ 3.00GHz, got Intel(R) Xeon(R) Platinum 8124M CPU @ 3.00GHz
[11:55:17.422] [Part 00] Uploading segment...
[11:55:17.433] [Part 01] CPU: Intel(R) Xeon(R) Platinum 8275CL CPU @ 3.00GHz
[11:55:17.504] [Part 09] CPU: Intel(R) Xeon(R) Platinum 8124M CPU @ 3.00GHz
[11:55:17.504] [Part 09] WARNING: CPU mismatch! Expected Intel(R) Xeon(R) Platinum 8275CL CPU @ 3.00GHz, got Intel(R) Xeon(R) Platinum 8124M CPU @ 3.00GHz
[11:55:17.545] [Part 03] Uploading segment...
[11:55:17.559] [Part 05] Uploading segment...
[11:55:17.586] [Part 07] CPU: Intel(R) Xeon(R) Platinum 8124M CPU @ 3.00GHz
[11:55:17.586] [Part 07] WARNING: CPU mismatch! Expected Intel(R) Xeon(R) Platinum 8275CL CPU @ 3.00GHz, got Intel(R) Xeon(R) Platinum 8124M CPU @ 3.00GHz
[11:55:17.665] [Part 06] Uploading segment...
[11:55:17.700] [Part 08] Uploading segment...
[11:55:17.794] [Part 02] Uploading segment...
[11:55:17.974] [Part 04] Uploading segment...
[11:55:18.034] [Part 01] Uploading segment...
[11:55:18.105] [Part 09] Uploading segment...
[11:55:18.171] [Part 07] Uploading segment...
[11:55:19.442] [Part 05] Running compression...
[11:55:19.466] [Part 00] Running compression...
[11:55:19.514] [Part 03] Running compression...
[11:55:19.703] [Part 08] Running compression...
[11:55:19.764] [Part 04] Running compression...
[11:55:19.855] [Part 06] Running compression...
[11:55:19.951] [Part 09] Running compression...
[11:55:19.955] [Part 07] Running compression...
[11:55:19.970] [Part 02] Running compression...
[11:55:20.287] [Part 01] Running compression...
[11:55:31.027] [Part 09] Done!
[11:55:31.312] [Part 05] Done!
[11:55:31.658] [Part 01] Done!
[11:55:31.696] [Part 00] Done!
[11:55:31.723] [Part 09] Instance terminated.
[11:55:31.823] [Part 03] Done!
[11:55:31.898] [Part 05] Instance terminated.
[11:55:31.948] [Part 04] Done!
[11:55:32.212] [Part 01] Instance terminated.
[11:55:32.293] [Part 00] Instance terminated.
[11:55:32.436] [Part 03] Instance terminated.
[11:55:32.581] [Part 04] Instance terminated.
[11:55:32.791] [Part 08] Done!
[11:55:32.877] [Part 07] Done!
[11:55:33.466] [Part 08] Instance terminated.
[11:55:33.485] [Part 07] Instance terminated.
[11:55:33.533] [Part 02] Done!
[11:55:33.671] [Part 06] Done!
[11:55:34.171] [Part 02] Instance terminated.
[11:55:34.274] [Part 06] Instance terminated.
[11:55:34.279] ============================================================
[11:55:34.279] RESULTS — 10x c5.large Horizontal OPTIMIZED
[11:55:34.279]   Total Time:    69.65s (1.16 min)
[11:55:34.279]   Split Time:    1.54s
[11:55:34.279]   Parallel Time: 68.10s (1.14 min)
[11:55:34.279] ============================================================
