[12:24:51.494] === Phase 3.2 OPTIMIZED Horizontal: 10x c5.large ===
[12:24:51.494] AMI: ami-06c7c20c67513469a, Max workers: 10
[12:24:51.494] [Setup] Starting video split...
[12:24:51.543] [Setup] Video: 600.0s → 10 parts of 60.0s
[12:24:52.997] [Setup] Video split complete.
[12:24:52.997] [Summary] SPLIT TIME: 1.50s
[12:24:53.895] [Part 07] Launching c5.large...
[12:24:53.899] [Part 04] Launching c5.large...
[12:24:53.907] [Part 08] Launching c5.large...
[12:24:53.913] [Part 06] Launching c5.large...
[12:24:53.929] [Part 00] Launching c5.large...
[12:24:53.939] [Part 01] Launching c5.large...
[12:24:53.946] [Part 03] Launching c5.large...
[12:24:53.957] [Part 02] Launching c5.large...
[12:24:53.965] [Part 05] Launching c5.large...
[12:24:53.972] [Part 09] Launching c5.large...
[12:25:11.643] [Part 08] Instance ready. IP: 34.230.33.169
[12:25:11.649] [Part 01] Instance ready. IP: 54.204.229.119
[12:25:11.668] [Part 09] Instance ready. IP: 54.210.44.176
[12:25:11.670] [Part 05] Instance ready. IP: 54.85.122.192[12:25:11.671] [Part 03] Instance ready. IP: 54.210.247.207

[12:25:11.685] [Part 06] Instance ready. IP: 35.175.210.125
[12:25:11.690] [Part 02] Instance ready. IP: 54.166.178.157
[12:25:11.752] [Part 00] Instance ready. IP: 54.89.95.172
[12:25:11.773] [Part 07] Instance ready. IP: 54.166.194.125
[12:25:11.858] [Part 04] Instance ready. IP: 13.217.62.143
[12:25:43.669] [Part 08] CPU: Intel(R) Xeon(R) Platinum 8275CL CPU @ 3.00GHz
[12:25:43.740] [Part 09] CPU: Intel(R) Xeon(R) Platinum 8275CL CPU @ 3.00GHz
[12:25:43.818] [Part 02] CPU: Intel(R) Xeon(R) Platinum 8124M CPU @ 3.00GHz
[12:25:43.818] [Part 02] WARNING: CPU mismatch! Expected Intel(R) Xeon(R) Platinum 8275CL CPU @ 3.00GHz, got Intel(R) Xeon(R) Platinum 8124M CPU @ 3.00GHz
[12:25:43.829] [Part 01] CPU: Intel(R) Xeon(R) Platinum 8124M CPU @ 3.00GHz
[12:25:43.829] [Part 01] WARNING: CPU mismatch! Expected Intel(R) Xeon(R) Platinum 8275CL CPU @ 3.00GHz, got Intel(R) Xeon(R) Platinum 8124M CPU @ 3.00GHz
[12:25:43.834] [Part 06] CPU: Intel(R) Xeon(R) Platinum 8124M CPU @ 3.00GHz
[12:25:43.835] [Part 06] WARNING: CPU mismatch! Expected Intel(R) Xeon(R) Platinum 8275CL CPU @ 3.00GHz, got Intel(R) Xeon(R) Platinum 8124M CPU @ 3.00GHz
[12:25:43.842] [Part 05] CPU: Intel(R) Xeon(R) Platinum 8275CL CPU @ 3.00GHz
[12:25:43.908] [Part 03] CPU: Intel(R) Xeon(R) Platinum 8124M CPU @ 3.00GHz
[12:25:43.909] [Part 03] WARNING: CPU mismatch! Expected Intel(R) Xeon(R) Platinum 8275CL CPU @ 3.00GHz, got Intel(R) Xeon(R) Platinum 8124M CPU @ 3.00GHz
[12:25:43.919] [Part 07] CPU: Intel(R) Xeon(R) Platinum 8124M CPU @ 3.00GHz
[12:25:43.919] [Part 07] WARNING: CPU mismatch! Expected Intel(R) Xeon(R) Platinum 8275CL CPU @ 3.00GHz, got Intel(R) Xeon(R) Platinum 8124M CPU @ 3.00GHz
[12:25:44.080] [Part 00] CPU: Intel(R) Xeon(R) Platinum 8124M CPU @ 3.00GHz
[12:25:44.080] [Part 00] WARNING: CPU mismatch! Expected Intel(R) Xeon(R) Platinum 8275CL CPU @ 3.00GHz, got Intel(R) Xeon(R) Platinum 8124M CPU @ 3.00GHz
[12:25:44.094] [Part 04] CPU: Intel(R) Xeon(R) Platinum 8275CL CPU @ 3.00GHz
[12:25:44.250] [Part 08] Uploading segment...
[12:25:44.322] [Part 09] Uploading segment...
[12:25:44.400] [Part 02] Uploading segment...
[12:25:44.410] [Part 01] Uploading segment...
[12:25:44.418] [Part 06] Uploading segment...
[12:25:44.421] [Part 05] Uploading segment...
[12:25:44.492] [Part 03] Uploading segment...
[12:25:44.500] [Part 07] Uploading segment...
[12:25:44.662] [Part 00] Uploading segment...
[12:25:44.693] [Part 04] Uploading segment...
[12:25:46.057] [Part 08] Running compression...
[12:25:46.185] [Part 05] Running compression...
[12:25:46.227] [Part 09] Running compression...
[12:25:46.262] [Part 03] Running compression...
[12:25:46.341] [Part 01] Running compression...
[12:25:46.401] [Part 04] Running compression...
[12:25:46.404] [Part 07] Running compression...
[12:25:46.472] [Part 02] Running compression...
[12:25:46.489] [Part 06] Running compression...
[12:25:46.579] [Part 00] Running compression...
[12:25:58.121] [Part 01] Done!
[12:25:58.786] [Part 01] Instance terminated.
[12:25:59.109] [Part 05] Done!
[12:25:59.386] [Part 09] Done!
[12:25:59.538] [Part 07] Done!
[12:25:59.752] [Part 05] Instance terminated.
[12:25:59.781] [Part 04] Done!
[12:25:59.888] [Part 08] Done!
[12:25:59.982] [Part 03] Done!
[12:26:00.028] [Part 09] Instance terminated.
[12:26:00.142] [Part 07] Instance terminated.
[12:26:00.373] [Part 04] Instance terminated.
[12:26:00.468] [Part 02] Done!
[12:26:00.489] [Part 00] Done!
[12:26:00.504] [Part 08] Instance terminated.
[12:26:00.548] [Part 06] Done!
[12:26:00.605] [Part 03] Instance terminated.
[12:26:01.084] [Part 02] Instance terminated.
[12:26:01.089] [Part 00] Instance terminated.
[12:26:01.156] [Part 06] Instance terminated.
[12:26:01.160] ============================================================
[12:26:01.161] RESULTS — 10x c5.large Horizontal OPTIMIZED
[12:26:01.161]   Total Time:    69.67s (1.16 min)
[12:26:01.161]   Split Time:    1.50s
[12:26:01.161]   Parallel Time: 68.16s (1.14 min)
[12:26:01.161] ============================================================
