[21:37:35.037] === Phase 3.2 Horizontal Scaling: 10x c5.large ===
[21:37:35.037] Codec: libx264, Threads: 5, Max workers: 5
[21:37:35.037] [Setup] Starting video split...
[21:37:35.094] [Setup] Video: 600.0s → 10 parts of 60.0s
[21:37:37.120] [Setup] Video split complete.
[21:37:37.120] [Summary] SPLIT TIME: 2.08s
[21:37:37.731] [Part 04] Launching c5.large...
[21:37:37.817] [Part 02] Launching c5.large...
[21:37:37.831] [Part 03] Launching c5.large...
[21:37:37.842] [Part 01] Launching c5.large...
[21:37:37.854] [Part 00] Launching c5.large...
[21:37:55.204] [Part 03] Instance ready. IP: 13.222.242.64
[21:37:55.254] [Part 04] Instance ready. IP: 18.206.145.134
[21:37:55.290] [Part 02] Instance ready. IP: 52.91.194.248
[21:37:55.487] [Part 01] Instance ready. IP: 100.26.98.134
[21:37:55.812] [Part 00] Instance ready. IP: 54.211.71.11
[21:38:26.058] [Part 03] Installing ffmpeg...
[21:38:26.159] [Part 04] Installing ffmpeg...
[21:38:26.166] [Part 02] Installing ffmpeg...
[21:38:26.388] [Part 01] Installing ffmpeg...
[21:38:26.719] [Part 00] Installing ffmpeg...
[21:39:01.023] [Part 04] ffmpeg installed.
[21:39:01.265] [Part 01] ffmpeg installed.
[21:39:01.420] [Part 04] CPU: Intel(R) Xeon(R) Platinum 8275CL CPU @ 3.00GHz
[21:39:01.660] [Part 01] CPU: Intel(R) Xeon(R) Platinum 8275CL CPU @ 3.00GHz
[21:39:01.737] [Part 03] ffmpeg installed.
[21:39:01.824] [Part 00] ffmpeg installed.
[21:39:01.902] [Part 04] Uploading segment...
[21:39:02.112] [Part 03] CPU: Intel(R) Xeon(R) Platinum 8275CL CPU @ 3.00GHz
[21:39:02.143] [Part 01] Uploading segment...
[21:39:02.215] [Part 00] CPU: Intel(R) Xeon(R) Platinum 8275CL CPU @ 3.00GHz
[21:39:02.574] [Part 03] Uploading segment...
[21:39:02.703] [Part 00] Uploading segment...
[21:39:02.929] [Part 02] ffmpeg installed.
[21:39:03.311] [Part 02] CPU: Intel(R) Xeon(R) Platinum 8275CL CPU @ 3.00GHz
[21:39:03.346] [Part 04] Running compression...
[21:39:03.588] [Part 01] Running compression...
[21:39:03.775] [Part 02] Uploading segment...
[21:39:03.960] [Part 03] Running compression...
[21:39:04.094] [Part 00] Running compression...
[21:39:05.163] [Part 02] Running compression...
[21:39:15.509] [Part 01] Done!
[21:39:16.410] [Part 01] Instance terminated.
[21:39:16.416] [Part 05] Launching c5.large...
[21:39:16.705] [Part 04] Done!
[21:39:17.015] [Part 03] Done!
[21:39:17.063] [Part 00] Done!
[21:39:17.660] [Part 04] Instance terminated.
[21:39:17.666] [Part 06] Launching c5.large...
[21:39:17.878] [Part 03] Instance terminated.
[21:39:17.887] [Part 07] Launching c5.large...
[21:39:17.924] [Part 00] Instance terminated.
[21:39:17.930] [Part 08] Launching c5.large...
[21:39:18.709] [Part 02] Done!
[21:39:19.577] [Part 02] Instance terminated.
[21:39:19.585] [Part 09] Launching c5.large...
[21:39:33.913] [Part 05] Instance ready. IP: 18.206.119.0
[21:39:35.096] [Part 06] Instance ready. IP: 3.83.135.99
[21:39:35.328] [Part 08] Instance ready. IP: 13.218.164.37
[21:39:35.622] [Part 07] Instance ready. IP: 44.201.73.248
[21:39:37.004] [Part 09] Instance ready. IP: 100.53.96.230
[21:40:04.768] [Part 05] Installing ffmpeg...
[21:40:06.116] [Part 06] Installing ffmpeg...
[21:40:06.226] [Part 08] Installing ffmpeg...
[21:40:06.604] [Part 07] Installing ffmpeg...
[21:40:07.849] [Part 09] Installing ffmpeg...
[21:40:39.090] [Part 06] ffmpeg installed.
[21:40:39.539] [Part 06] CPU: Intel(R) Xeon(R) Platinum 8275CL CPU @ 3.00GHz
[21:40:39.836] [Part 08] ffmpeg installed.
[21:40:40.099] [Part 06] Uploading segment...
[21:40:40.216] [Part 08] CPU: Intel(R) Xeon(R) Platinum 8275CL CPU @ 3.00GHz
[21:40:40.257] [Part 05] ffmpeg installed.
[21:40:40.634] [Part 05] CPU: Intel(R) Xeon(R) Platinum 8275CL CPU @ 3.00GHz
[21:40:40.679] [Part 08] Uploading segment...
[21:40:41.096] [Part 05] Uploading segment...
[21:40:41.159] [Part 07] ffmpeg installed.
[21:40:41.601] [Part 07] CPU: Intel(R) Xeon(R) Platinum 8275CL CPU @ 3.00GHz
[21:40:41.835] [Part 06] Running compression...
[21:40:42.057] [Part 08] Running compression...
[21:40:42.141] [Part 07] Uploading segment...
[21:40:42.349] [Part 09] ffmpeg installed.
[21:40:42.530] [Part 05] Running compression...
[21:40:42.730] [Part 09] CPU: Intel(R) Xeon(R) Platinum 8275CL CPU @ 3.00GHz
[21:40:43.194] [Part 09] Uploading segment...
[21:40:43.774] [Part 07] Running compression...
[21:40:44.584] [Part 09] Running compression...
[21:40:54.399] [Part 08] Done!
[21:40:55.053] [Part 05] Done!
[21:40:55.319] [Part 08] Instance terminated.
[21:40:55.823] [Part 06] Done!
[21:40:55.937] [Part 05] Instance terminated.
[21:40:56.720] [Part 06] Instance terminated.
[21:40:57.350] [Part 09] Done!
[21:40:58.136] [Part 07] Done!
[21:40:58.208] [Part 09] Instance terminated.
[21:40:59.073] [Part 07] Instance terminated.
[21:40:59.074] ============================================================
[21:40:59.074] RESULTS — 10x c5.large Horizontal
[21:40:59.074]   Total Time:    204.04s (3.40 min)
[21:40:59.074]   Split Time:    2.08s
[21:40:59.074]   Parallel Time: 201.95s (3.37 min)
[21:40:59.074] ============================================================
