[00:31:50.294] === Phase 3.2 Horizontal Scaling: 10x c5.large ===
[00:31:50.294] Codec: libx264, Threads: 5, Max workers: 5
[00:31:50.294] [Setup] Starting video split...
[00:31:50.344] [Setup] Video: 600.0s → 10 parts of 60.0s
[00:31:51.901] [Setup] Video split complete.
[00:31:51.901] [Summary] SPLIT TIME: 1.61s
[00:31:52.423] [Part 00] Launching c5.large...[00:31:52.426] [Part 01] Launching c5.large...

[00:31:52.436] [Part 02] Launching c5.large...
[00:31:52.451] [Part 04] Launching c5.large...
[00:31:52.457] [Part 03] Launching c5.large...
[00:32:10.093] [Part 03] Instance ready. IP: 54.197.8.252
[00:32:10.104] [Part 00] Instance ready. IP: 54.166.244.38
[00:32:10.110] [Part 02] Instance ready. IP: 44.204.152.116
[00:32:10.116] [Part 01] Instance ready. IP: 3.90.4.168
[00:32:10.180] [Part 04] Instance ready. IP: 3.86.142.199
[00:32:40.961] [Part 00] Installing ffmpeg...
[00:32:41.045] [Part 02] Installing ffmpeg...
[00:32:41.059] [Part 01] Installing ffmpeg...
[00:32:41.077] [Part 04] Installing ffmpeg...
[00:32:41.113] [Part 03] Installing ffmpeg...
[00:33:14.371] [Part 00] ffmpeg installed.
[00:33:14.749] [Part 00] CPU: Intel(R) Xeon(R) Platinum 8275CL CPU @ 3.00GHz
[00:33:15.215] [Part 00] Uploading segment...
[00:33:15.378] [Part 01] ffmpeg installed.
[00:33:15.462] [Part 02] ffmpeg installed.
[00:33:15.779] [Part 01] CPU: Intel(R) Xeon(R) Platinum 8275CL CPU @ 3.00GHz
[00:33:15.849] [Part 02] CPU: Intel(R) Xeon(R) Platinum 8275CL CPU @ 3.00GHz
[00:33:16.016] [Part 03] ffmpeg installed.
[00:33:16.274] [Part 01] Uploading segment...
[00:33:16.325] [Part 02] Uploading segment...
[00:33:16.414] [Part 03] CPU: Intel(R) Xeon(R) Platinum 8275CL CPU @ 3.00GHz
[00:33:16.641] [Part 00] Running compression...
[00:33:16.898] [Part 03] Uploading segment...
[00:33:17.363] [Part 04] ffmpeg installed.
[00:33:17.752] [Part 04] CPU: Intel(R) Xeon(R) Platinum 8275CL CPU @ 3.00GHz
[00:33:17.766] [Part 01] Running compression...
[00:33:17.806] [Part 02] Running compression...
[00:33:18.228] [Part 04] Uploading segment...
[00:33:18.348] [Part 03] Running compression...
[00:33:19.648] [Part 04] Running compression...
[00:33:29.558] [Part 00] Done!
[00:33:30.434] [Part 00] Instance terminated.
[00:33:30.446] [Part 05] Launching c5.large...
[00:33:30.492] [Part 01] Done!
[00:33:31.161] [Part 02] Done!
[00:33:31.402] [Part 01] Instance terminated.
[00:33:31.427] [Part 06] Launching c5.large...
[00:33:31.555] [Part 03] Done!
[00:33:32.064] [Part 02] Instance terminated.
[00:33:32.092] [Part 07] Launching c5.large...
[00:33:32.447] [Part 03] Instance terminated.
[00:33:32.454] [Part 08] Launching c5.large...
[00:33:32.522] [Part 04] Done!
[00:33:33.471] [Part 04] Instance terminated.
[00:33:33.498] [Part 09] Launching c5.large...
[00:33:48.247] [Part 05] Instance ready. IP: 18.205.103.107
[00:33:49.081] [Part 06] Instance ready. IP: 3.82.117.15
[00:33:49.617] [Part 07] Instance ready. IP: 54.234.209.218
[00:33:50.143] [Part 08] Instance ready. IP: 3.83.23.140
[00:33:51.083] [Part 09] Instance ready. IP: 54.165.52.46
[00:34:19.111] [Part 05] Installing ffmpeg...
[00:34:19.958] [Part 06] Installing ffmpeg...
[00:34:20.515] [Part 07] Installing ffmpeg...
[00:34:21.101] [Part 08] Installing ffmpeg...
[00:34:21.940] [Part 09] Installing ffmpeg...
[00:34:51.503] [Part 05] ffmpeg installed.
[00:34:51.885] [Part 05] CPU: Intel(R) Xeon(R) Platinum 8275CL CPU @ 3.00GHz
[00:34:52.348] [Part 05] Uploading segment...
[00:34:52.883] [Part 06] ffmpeg installed.
[00:34:53.269] [Part 06] CPU: Intel(R) Xeon(R) Platinum 8275CL CPU @ 3.00GHz
[00:34:53.746] [Part 06] Uploading segment...
[00:34:53.873] [Part 05] Running compression...
[00:34:54.655] [Part 08] ffmpeg installed.
[00:34:55.056] [Part 08] CPU: Intel(R) Xeon(R) Platinum 8275CL CPU @ 3.00GHz
[00:34:55.278] [Part 06] Running compression...
[00:34:55.551] [Part 08] Uploading segment...
[00:34:56.772] [Part 09] ffmpeg installed.
[00:34:57.145] [Part 08] Running compression...
[00:34:57.153] [Part 09] CPU: Intel(R) Xeon(R) Platinum 8275CL CPU @ 3.00GHz
[00:34:57.617] [Part 09] Uploading segment...
[00:34:58.482] [Part 07] ffmpeg installed.
[00:34:58.880] [Part 07] CPU: Intel(R) Xeon(R) Platinum 8124M CPU @ 3.00GHz
[00:34:58.881] [Part 07] WARNING: CPU mismatch! Expected Intel(R) Xeon(R) Platinum 8275CL CPU @ 3.00GHz, got Intel(R) Xeon(R) Platinum 8124M CPU @ 3.00GHz
[00:34:59.014] [Part 09] Running compression...
[00:34:59.369] [Part 07] Uploading segment...
[00:35:01.005] [Part 07] Running compression...
[00:35:06.506] [Part 05] Done!
[00:35:07.454] [Part 05] Instance terminated.
[00:35:08.651] [Part 06] Done!
[00:35:09.570] [Part 06] Instance terminated.
[00:35:09.634] [Part 08] Done!
[00:35:10.555] [Part 08] Instance terminated.
[00:35:11.684] [Part 09] Done!
[00:35:12.625] [Part 09] Instance terminated.
[00:35:14.375] [Part 07] Done!
[00:35:15.346] [Part 07] Instance terminated.
[00:35:15.354] ============================================================
[00:35:15.354] RESULTS — 10x c5.large Horizontal
[00:35:15.354]   Total Time:    205.06s (3.42 min)
[00:35:15.354]   Split Time:    1.61s
[00:35:15.354]   Parallel Time: 203.45s (3.39 min)
[00:35:15.354] ============================================================
