[10:13:25.840] === Phase 3.2 OPTIMIZED Serial: 1x c5.large ===
[10:13:25.840] AMI: ami-06c7c20c67513469a (ffmpeg pre-installed)
[10:13:25.840] [c5.large-Serial-OPT] Launching EC2 instance...
[10:13:27.845] [c5.large-Serial-OPT] Instance i-027ea91a25a9a446f launched. Waiting...
[10:13:43.652] [c5.large-Serial-OPT] Instance ready. IP: 107.20.56.112
[10:14:14.728] [c5.large-Serial-OPT] SSH connected.
[10:14:15.692] [c5.large-Serial-OPT] CPU: Intel(R) Xeon(R) Platinum 8275CL CPU @ 3.00GHz
[10:14:15.692] [c5.large-Serial-OPT] Uploading 10-minute video...
[10:14:23.753] [c5.large-Serial-OPT] Upload complete.
[10:14:23.753] [c5.large-Serial-OPT] SETUP TIME: 57.91s (0.97 min)
[10:14:23.753] [c5.large-Serial-OPT] Running: ffmpeg -i /home/ubuntu/input.mp4 -c:v libx264 -preset slow -b:v 2M -threads 5 -y /home/ubuntu/output.mp4
[10:15:54.742] [c5.large-Serial-OPT] ENCODING TIME: 90.99s (1.52 min)
[10:15:55.770] [c5.large-Serial-OPT] Instance terminated.
[10:15:55.770] [c5.large-Serial-OPT] ============================================================
[10:15:55.770] [c5.large-Serial-OPT] RESULTS — c5.large Serial OPTIMIZED
[10:15:55.770] [c5.large-Serial-OPT]   Total Time:    148.90s (2.48 min)
[10:15:55.770] [c5.large-Serial-OPT]   Setup Time:    57.91s (0.97 min)
[10:15:55.770] [c5.large-Serial-OPT]   Encoding Time: 90.99s (1.52 min)
[10:15:55.770] [c5.large-Serial-OPT]   Setup %:       38.9%
[10:15:55.770] [c5.large-Serial-OPT] ============================================================
