[23:56:45.437] === Phase 3.2 Serial Baseline: 1x c5.large ===
[23:56:45.437] Codec: libx264, Threads: 5, Preset: slow
[23:56:45.437] [c5.large-Serial] Launching EC2 instance...
[23:56:47.218] [c5.large-Serial] Instance i-0376d0af4c0e6155c launched. Waiting...
[23:57:02.886] [c5.large-Serial] Instance ready. IP: 52.91.34.51
[23:57:33.777] [c5.large-Serial] SSH connected.
[23:57:33.777] [c5.large-Serial] Installing ffmpeg...
[23:58:08.345] [c5.large-Serial] ffmpeg installed.
[23:58:08.739] [c5.large-Serial] CPU: Intel(R) Xeon(R) Platinum 8275CL CPU @ 3.00GHz
[23:58:08.739] [c5.large-Serial] Uploading 10-minute video...
[23:58:15.543] [c5.large-Serial] Upload complete.
[23:58:15.543] [c5.large-Serial] SETUP TIME: 90.11s (1.50 min)
[23:58:15.543] [c5.large-Serial] Running: ffmpeg -i /home/ubuntu/input.mp4 -c:v libx264 -preset slow -b:v 2M -threads 5 -max_muxing_queue_size 1024 -y /home/ubuntu/output.mp4
[23:59:56.754] [c5.large-Serial] ENCODING TIME: 101.21s (1.69 min)
[23:59:57.692] [c5.large-Serial] Instance terminated.
[23:59:57.693] [c5.large-Serial] ============================================================
[23:59:57.693] [c5.large-Serial] RESULTS — c5.large Serial
[23:59:57.693] [c5.large-Serial]   Total Time:    191.32s (3.19 min)
[23:59:57.693] [c5.large-Serial]   Setup Time:    90.11s (1.50 min)
[23:59:57.693] [c5.large-Serial]   Encoding Time: 101.21s (1.69 min)
[23:59:57.693] [c5.large-Serial]   Setup %:       47.1%
[23:59:57.693] [c5.large-Serial] ============================================================
