[03:41:24.006] === Phase 3.2 Horizontal Scaling: 10x c5.large ===
[03:41:24.007] Codec: libx264, Threads: 5, Max workers: 5
[03:41:24.007] [Setup] Starting video split...
[03:41:24.059] [Setup] Video: 600.0s → 10 parts of 60.0s
[03:41:25.601] [Setup] Video split complete.
[03:41:25.601] [Summary] SPLIT TIME: 1.59s
[03:41:26.122] [Part 03] Launching c5.large...
[03:41:26.141] [Part 01] Launching c5.large...
[03:41:26.150] [Part 04] Launching c5.large...
[03:41:26.160] [Part 02] Launching c5.large...
[03:41:26.176] [Part 00] Launching c5.large...
[03:41:43.596] [Part 04] Instance ready. IP: 52.90.75.141
[03:41:43.619] [Part 02] Instance ready. IP: 3.93.6.219
[03:41:43.637] [Part 03] Instance ready. IP: 34.230.71.185
[03:41:43.742] [Part 01] Instance ready. IP: 3.92.193.22
[03:41:43.754] [Part 00] Instance ready. IP: 98.81.235.158
[03:42:14.465] [Part 04] Installing ffmpeg...
[03:42:14.519] [Part 03] Installing ffmpeg...
[03:42:14.535] [Part 02] Installing ffmpeg...
[03:42:14.646] [Part 01] Installing ffmpeg...
[03:42:14.702] [Part 00] Installing ffmpeg...
[03:42:48.495] [Part 04] ffmpeg installed.
[03:42:48.873] [Part 04] CPU: Intel(R) Xeon(R) Platinum 8275CL CPU @ 3.00GHz
[03:42:49.338] [Part 04] Uploading segment...
[03:42:50.201] [Part 03] ffmpeg installed.
[03:42:50.578] [Part 03] CPU: Intel(R) Xeon(R) Platinum 8275CL CPU @ 3.00GHz
[03:42:50.775] [Part 02] ffmpeg installed.
[03:42:50.834] [Part 04] Running compression...
[03:42:51.043] [Part 03] Uploading segment...
[03:42:51.148] [Part 01] ffmpeg installed.
[03:42:51.161] [Part 02] CPU: Intel(R) Xeon(R) Platinum 8275CL CPU @ 3.00GHz
[03:42:51.540] [Part 01] CPU: Intel(R) Xeon(R) Platinum 8275CL CPU @ 3.00GHz
[03:42:51.639] [Part 02] Uploading segment...
[03:42:51.647] [Part 00] ffmpeg installed.
[03:42:52.018] [Part 01] Uploading segment...
[03:42:52.038] [Part 00] CPU: Intel(R) Xeon(R) Platinum 8275CL CPU @ 3.00GHz
[03:42:52.471] [Part 03] Running compression...
[03:42:52.528] [Part 00] Uploading segment...
[03:42:53.175] [Part 02] Running compression...
[03:42:53.441] [Part 01] Running compression...
[03:42:53.983] [Part 00] Running compression...
[03:43:03.863] [Part 04] Done!
[03:43:04.769] [Part 04] Instance terminated.
[03:43:04.797] [Part 05] Launching c5.large...
[03:43:05.458] [Part 03] Done!
[03:43:06.151] [Part 01] Done!
[03:43:06.366] [Part 03] Instance terminated.
[03:43:06.391] [Part 06] Launching c5.large...
[03:43:06.623] [Part 02] Done!
[03:43:06.920] [Part 00] Done!
[03:43:07.296] [Part 01] Instance terminated.
[03:43:07.326] [Part 07] Launching c5.large...
[03:43:07.556] [Part 02] Instance terminated.
[03:43:07.562] [Part 08] Launching c5.large...
[03:43:07.866] [Part 00] Instance terminated.
[03:43:07.893] [Part 09] Launching c5.large...
[03:43:22.690] [Part 05] Instance ready. IP: 54.209.134.179
[03:43:23.988] [Part 06] Instance ready. IP: 3.86.30.232
[03:43:24.875] [Part 07] Instance ready. IP: 3.88.0.125
[03:43:25.245] [Part 08] Instance ready. IP: 34.201.59.91
[03:43:25.467] [Part 09] Instance ready. IP: 44.201.190.247
[03:43:53.551] [Part 05] Installing ffmpeg...
[03:43:54.868] [Part 06] Installing ffmpeg...
[03:43:55.791] [Part 07] Installing ffmpeg...
[03:43:56.156] [Part 08] Installing ffmpeg...
[03:43:56.340] [Part 09] Installing ffmpeg...
[03:44:29.490] [Part 05] ffmpeg installed.
[03:44:29.871] [Part 05] CPU: Intel(R) Xeon(R) Platinum 8275CL CPU @ 3.00GHz
[03:44:30.336] [Part 05] Uploading segment...
[03:44:31.483] [Part 07] ffmpeg installed.
[03:44:31.725] [Part 05] Running compression...
[03:44:31.871] [Part 07] CPU: Intel(R) Xeon(R) Platinum 8275CL CPU @ 3.00GHz
[03:44:32.130] [Part 08] ffmpeg installed.
[03:44:32.226] [Part 09] ffmpeg installed.
[03:44:32.346] [Part 07] Uploading segment...
[03:44:32.509] [Part 08] CPU: Intel(R) Xeon(R) Platinum 8124M CPU @ 3.00GHz
[03:44:32.510] [Part 08] WARNING: CPU mismatch! Expected Intel(R) Xeon(R) Platinum 8275CL CPU @ 3.00GHz, got Intel(R) Xeon(R) Platinum 8124M CPU @ 3.00GHz
[03:44:32.614] [Part 09] CPU: Intel(R) Xeon(R) Platinum 8275CL CPU @ 3.00GHz
[03:44:32.975] [Part 08] Uploading segment...
[03:44:33.095] [Part 09] Uploading segment...
[03:44:33.438] [Part 06] ffmpeg installed.
[03:44:33.827] [Part 06] CPU: Intel(R) Xeon(R) Platinum 8124M CPU @ 3.00GHz
[03:44:33.831] [Part 06] WARNING: CPU mismatch! Expected Intel(R) Xeon(R) Platinum 8275CL CPU @ 3.00GHz, got Intel(R) Xeon(R) Platinum 8124M CPU @ 3.00GHz
[03:44:33.881] [Part 07] Running compression...
[03:44:34.302] [Part 06] Uploading segment...
[03:44:34.363] [Part 08] Running compression...
[03:44:34.565] [Part 09] Running compression...
[03:44:35.838] [Part 06] Running compression...
[03:44:44.437] [Part 05] Done!
[03:44:45.407] [Part 05] Instance terminated.
[03:44:46.126] [Part 08] Done!
[03:44:47.024] [Part 08] Instance terminated.
[03:44:47.314] [Part 09] Done!
[03:44:47.939] [Part 07] Done!
[03:44:48.252] [Part 09] Instance terminated.
[03:44:48.673] [Part 06] Done!
[03:44:48.904] [Part 07] Instance terminated.
[03:44:49.583] [Part 06] Instance terminated.
[03:44:49.588] ============================================================
[03:44:49.589] RESULTS — 10x c5.large Horizontal
[03:44:49.589]   Total Time:    205.58s (3.43 min)
[03:44:49.589]   Split Time:    1.59s
[03:44:49.589]   Parallel Time: 203.99s (3.40 min)
[03:44:49.589] ============================================================
