[14:05:22.897] === Phase 3.2 OPTIMIZED Horizontal: 10x c5.large ===
[14:05:22.897] AMI: ami-06c7c20c67513469a, Max workers: 10
[14:05:22.897] [Setup] Starting video split...
[14:05:22.946] [Setup] Video: 600.0s → 10 parts of 60.0s
[14:05:24.471] [Setup] Video split complete.
[14:05:24.471] [Summary] SPLIT TIME: 1.57s
[14:05:25.542] [Part 09] Launching c5.large...
[14:05:25.547] [Part 04] Launching c5.large...
[14:05:25.557] [Part 03] Launching c5.large...
[14:05:25.570] [Part 05] Launching c5.large...
[14:05:25.584] [Part 01] Launching c5.large...
[14:05:25.593] [Part 06] Launching c5.large...
[14:05:25.603] [Part 07] Launching c5.large...
[14:05:25.615] [Part 02] Launching c5.large...
[14:05:25.619] [Part 00] Launching c5.large...
[14:05:25.630] [Part 08] Launching c5.large...
[14:05:43.298] [Part 03] Instance ready. IP: 3.86.57.119
[14:05:43.312] [Part 09] Instance ready. IP: 13.217.21.225
[14:05:43.372] [Part 07] Instance ready. IP: 100.53.121.131
[14:05:43.377] [Part 00] Instance ready. IP: 18.234.233.218
[14:05:43.427] [Part 02] Instance ready. IP: 98.81.155.215
[14:05:43.450] [Part 05] Instance ready. IP: 54.167.20.147
[14:05:43.492] [Part 04] Instance ready. IP: 3.91.6.145
[14:05:43.500] [Part 06] Instance ready. IP: 75.101.198.71
[14:05:43.505] [Part 08] Instance ready. IP: 54.175.210.254
[14:05:43.523] [Part 01] Instance ready. IP: 100.30.175.79
[14:06:15.430] [Part 03] CPU: Intel(R) Xeon(R) Platinum 8124M CPU @ 3.00GHz
[14:06:15.431] [Part 03] WARNING: CPU mismatch! Expected Intel(R) Xeon(R) Platinum 8275CL CPU @ 3.00GHz, got Intel(R) Xeon(R) Platinum 8124M CPU @ 3.00GHz
[14:06:15.468] [Part 07] CPU: Intel(R) Xeon(R) Platinum 8275CL CPU @ 3.00GHz
[14:06:15.504] [Part 00] CPU: Intel(R) Xeon(R) Platinum 8275CL CPU @ 3.00GHz
[14:06:15.545] [Part 05] CPU: Intel(R) Xeon(R) Platinum 8124M CPU @ 3.00GHz
[14:06:15.546] [Part 05] WARNING: CPU mismatch! Expected Intel(R) Xeon(R) Platinum 8275CL CPU @ 3.00GHz, got Intel(R) Xeon(R) Platinum 8124M CPU @ 3.00GHz
[14:06:15.576] [Part 04] CPU: Intel(R) Xeon(R) Platinum 8275CL CPU @ 3.00GHz
[14:06:15.582] [Part 02] CPU: Intel(R) Xeon(R) Platinum 8275CL CPU @ 3.00GHz
[14:06:15.626] [Part 09] CPU: Intel(R) Xeon(R) Platinum 8124M CPU @ 3.00GHz
[14:06:15.626] [Part 09] WARNING: CPU mismatch! Expected Intel(R) Xeon(R) Platinum 8275CL CPU @ 3.00GHz, got Intel(R) Xeon(R) Platinum 8124M CPU @ 3.00GHz
[14:06:15.653] [Part 06] CPU: Intel(R) Xeon(R) Platinum 8275CL CPU @ 3.00GHz
[14:06:15.677] [Part 08] CPU: Intel(R) Xeon(R) Platinum 8275CL CPU @ 3.00GHz
[14:06:15.727] [Part 01] CPU: Intel(R) Xeon(R) Platinum 8124M CPU @ 3.00GHz
[14:06:15.728] [Part 01] WARNING: CPU mismatch! Expected Intel(R) Xeon(R) Platinum 8275CL CPU @ 3.00GHz, got Intel(R) Xeon(R) Platinum 8124M CPU @ 3.00GHz
[14:06:16.012] [Part 03] Uploading segment...
[14:06:16.071] [Part 07] Uploading segment...
[14:06:16.105] [Part 00] Uploading segment...
[14:06:16.125] [Part 05] Uploading segment...
[14:06:16.158] [Part 04] Uploading segment...
[14:06:16.183] [Part 02] Uploading segment...
[14:06:16.227] [Part 09] Uploading segment...
[14:06:16.255] [Part 06] Uploading segment...
[14:06:16.261] [Part 08] Uploading segment...
[14:06:16.310] [Part 01] Uploading segment...
[14:06:17.922] [Part 03] Running compression...
[14:06:18.012] [Part 05] Running compression...
[14:06:18.089] [Part 08] Running compression...
[14:06:18.165] [Part 04] Running compression...
[14:06:18.202] [Part 00] Running compression...
[14:06:18.218] [Part 09] Running compression...
[14:06:18.349] [Part 07] Running compression...
[14:06:18.378] [Part 06] Running compression...
[14:06:18.708] [Part 02] Running compression...
[14:06:18.765] [Part 01] Running compression...
[14:06:30.580] [Part 05] Done!
[14:06:30.866] [Part 09] Done!
[14:06:31.152] [Part 05] Instance terminated.
[14:06:31.195] [Part 03] Done!
[14:06:31.249] [Part 04] Done!
[14:06:31.276] [Part 08] Done!
[14:06:31.290] [Part 01] Done!
[14:06:31.485] [Part 09] Instance terminated.
[14:06:31.775] [Part 03] Instance terminated.
[14:06:31.793] [Part 07] Done!
[14:06:31.832] [Part 06] Done!
[14:06:31.851] [Part 08] Instance terminated.
[14:06:31.933] [Part 01] Instance terminated.
[14:06:31.975] [Part 04] Instance terminated.
[14:06:32.357] [Part 00] Done!
[14:06:32.375] [Part 07] Instance terminated.
[14:06:32.397] [Part 06] Instance terminated.
[14:06:32.818] [Part 02] Done!
[14:06:32.956] [Part 00] Instance terminated.
[14:06:33.396] [Part 02] Instance terminated.
[14:06:33.404] ============================================================
[14:06:33.404] RESULTS — 10x c5.large Horizontal OPTIMIZED
[14:06:33.404]   Total Time:    70.51s (1.18 min)
[14:06:33.404]   Split Time:    1.57s
[14:06:33.404]   Parallel Time: 68.93s (1.15 min)
[14:06:33.404] ============================================================
