[00:54:06.645] === Phase 3.2 Horizontal Scaling: 10x c5.large ===
[00:54:06.645] Codec: libx264, Threads: 5, Max workers: 5
[00:54:06.645] [Setup] Starting video split...
[00:54:06.695] [Setup] Video: 600.0s → 10 parts of 60.0s
[00:54:08.226] [Setup] Video split complete.
[00:54:08.226] [Summary] SPLIT TIME: 1.58s
[00:54:08.762] [Part 01] Launching c5.large...
[00:54:08.773] [Part 04] Launching c5.large...
[00:54:08.781] [Part 02] Launching c5.large...
[00:54:08.790] [Part 03] Launching c5.large...
[00:54:08.798] [Part 00] Launching c5.large...
[00:54:26.356] [Part 01] Instance ready. IP: 3.84.220.17
[00:54:26.401] [Part 02] Instance ready. IP: 54.234.223.157
[00:54:26.412] [Part 03] Instance ready. IP: 13.221.245.102
[00:54:26.423] [Part 04] Instance ready. IP: 98.94.48.99
[00:54:26.427] [Part 00] Instance ready. IP: 52.71.70.119
[00:54:57.270] [Part 01] Installing ffmpeg...
[00:54:57.317] [Part 00] Installing ffmpeg...
[00:54:57.327] [Part 02] Installing ffmpeg...
[00:54:57.338] [Part 03] Installing ffmpeg...
[00:54:57.345] [Part 04] Installing ffmpeg...
[00:55:31.083] [Part 04] ffmpeg installed.
[00:55:31.478] [Part 04] CPU: Intel(R) Xeon(R) Platinum 8275CL CPU @ 3.00GHz
[00:55:31.961] [Part 04] Uploading segment...
[00:55:32.489] [Part 01] ffmpeg installed.
[00:55:32.664] [Part 02] ffmpeg installed.
[00:55:32.733] [Part 03] ffmpeg installed.
[00:55:32.893] [Part 01] CPU: Intel(R) Xeon(R) Platinum 8275CL CPU @ 3.00GHz
[00:55:33.044] [Part 02] CPU: Intel(R) Xeon(R) Platinum 8275CL CPU @ 3.00GHz
[00:55:33.127] [Part 03] CPU: Intel(R) Xeon(R) Platinum 8275CL CPU @ 3.00GHz
[00:55:33.389] [Part 01] Uploading segment...
[00:55:33.407] [Part 04] Running compression...
[00:55:33.510] [Part 02] Uploading segment...
[00:55:33.612] [Part 03] Uploading segment...
[00:55:33.945] [Part 00] ffmpeg installed.
[00:55:34.325] [Part 00] CPU: Intel(R) Xeon(R) Platinum 8124M CPU @ 3.00GHz
[00:55:34.325] [Part 00] WARNING: CPU mismatch! Expected Intel(R) Xeon(R) Platinum 8275CL CPU @ 3.00GHz, got Intel(R) Xeon(R) Platinum 8124M CPU @ 3.00GHz
[00:55:34.792] [Part 00] Uploading segment...
[00:55:34.877] [Part 01] Running compression...
[00:55:34.899] [Part 02] Running compression...
[00:55:35.055] [Part 03] Running compression...
[00:55:36.177] [Part 00] Running compression...
[00:55:46.498] [Part 04] Done!
[00:55:47.375] [Part 04] Instance terminated.
[00:55:47.408] [Part 05] Launching c5.large...
[00:55:47.664] [Part 01] Done!
[00:55:48.218] [Part 03] Done!
[00:55:48.259] [Part 02] Done!
[00:55:48.586] [Part 01] Instance terminated.
[00:55:48.592] [Part 06] Launching c5.large...
[00:55:48.617] [Part 00] Done!
[00:55:49.088] [Part 03] Instance terminated.
[00:55:49.116] [Part 07] Launching c5.large...
[00:55:49.127] [Part 02] Instance terminated.
[00:55:49.136] [Part 08] Launching c5.large...
[00:55:49.498] [Part 00] Instance terminated.
[00:55:49.525] [Part 09] Launching c5.large...
[00:56:04.822] [Part 05] Instance ready. IP: 98.94.57.164
[00:56:06.055] [Part 06] Instance ready. IP: 3.82.165.237
[00:56:06.544] [Part 07] Instance ready. IP: 44.202.92.196
[00:56:06.587] [Part 08] Instance ready. IP: 3.80.208.225
[00:56:06.987] [Part 09] Instance ready. IP: 3.95.152.210
[00:56:35.682] [Part 05] Installing ffmpeg...
[00:56:36.963] [Part 06] Installing ffmpeg...
[00:56:37.418] [Part 07] Installing ffmpeg...
[00:56:37.504] [Part 08] Installing ffmpeg...
[00:56:37.822] [Part 09] Installing ffmpeg...
[00:57:11.264] [Part 07] ffmpeg installed.
[00:57:11.649] [Part 07] CPU: Intel(R) Xeon(R) Platinum 8275CL CPU @ 3.00GHz
[00:57:12.036] [Part 05] ffmpeg installed.
[00:57:12.123] [Part 07] Uploading segment...
[00:57:12.418] [Part 05] CPU: Intel(R) Xeon(R) Platinum 8275CL CPU @ 3.00GHz
[00:57:12.806] [Part 09] ffmpeg installed.
[00:57:12.887] [Part 05] Uploading segment...
[00:57:13.003] [Part 08] ffmpeg installed.
[00:57:13.194] [Part 09] CPU: Intel(R) Xeon(R) Platinum 8275CL CPU @ 3.00GHz
[00:57:13.405] [Part 08] CPU: Intel(R) Xeon(R) Platinum 8275CL CPU @ 3.00GHz
[00:57:13.669] [Part 09] Uploading segment...
[00:57:13.771] [Part 07] Running compression...
[00:57:13.900] [Part 08] Uploading segment...
[00:57:14.393] [Part 05] Running compression...
[00:57:15.197] [Part 09] Running compression...
[00:57:15.434] [Part 08] Running compression...
[00:57:16.676] [Part 06] ffmpeg installed.
[00:57:17.077] [Part 06] CPU: Intel(R) Xeon(R) Platinum 8275CL CPU @ 3.00GHz
[00:57:17.573] [Part 06] Uploading segment...
[00:57:19.184] [Part 06] Running compression...
[00:57:27.061] [Part 05] Done!
[00:57:27.630] [Part 07] Done!
[00:57:27.720] [Part 08] Done!
[00:57:27.927] [Part 09] Done!
[00:57:27.988] [Part 05] Instance terminated.
[00:57:28.802] [Part 09] Instance terminated.
[00:57:29.031] [Part 07] Instance terminated.
[00:57:29.286] [Part 08] Instance terminated.
[00:57:32.647] [Part 06] Done!
[00:57:33.562] [Part 06] Instance terminated.
[00:57:33.563] ============================================================
[00:57:33.563] RESULTS — 10x c5.large Horizontal
[00:57:33.563]   Total Time:    206.92s (3.45 min)
[00:57:33.563]   Split Time:    1.58s
[00:57:33.563]   Parallel Time: 205.34s (3.42 min)
[00:57:33.563] ============================================================
