[23:25:52.439] === Phase 3.2 Serial Baseline: 1x c5.large ===
[23:25:52.439] Codec: libx264, Threads: 5, Preset: slow
[23:25:52.439] [c5.large-Serial] Launching EC2 instance...
[23:25:54.209] [c5.large-Serial] Instance i-0dce3e7b4eaff84c7 launched. Waiting...
[23:26:09.872] [c5.large-Serial] Instance ready. IP: 44.203.44.253
[23:26:40.750] [c5.large-Serial] SSH connected.
[23:26:40.750] [c5.large-Serial] Installing ffmpeg...
[23:27:17.913] [c5.large-Serial] ffmpeg installed.
[23:27:18.302] [c5.large-Serial] CPU: Intel(R) Xeon(R) Platinum 8275CL CPU @ 3.00GHz
[23:27:18.302] [c5.large-Serial] Uploading 10-minute video...
[23:27:25.232] [c5.large-Serial] Upload complete.
[23:27:25.232] [c5.large-Serial] SETUP TIME: 92.79s (1.55 min)
[23:27:25.232] [c5.large-Serial] Running: ffmpeg -i /home/ubuntu/input.mp4 -c:v libx264 -preset slow -b:v 2M -threads 5 -max_muxing_queue_size 1024 -y /home/ubuntu/output.mp4
[23:29:06.585] [c5.large-Serial] ENCODING TIME: 101.35s (1.69 min)
[23:29:07.525] [c5.large-Serial] Instance terminated.
[23:29:07.525] [c5.large-Serial] ============================================================
[23:29:07.525] [c5.large-Serial] RESULTS — c5.large Serial
[23:29:07.525] [c5.large-Serial]   Total Time:    194.15s (3.24 min)
[23:29:07.525] [c5.large-Serial]   Setup Time:    92.79s (1.55 min)
[23:29:07.525] [c5.large-Serial]   Encoding Time: 101.35s (1.69 min)
[23:29:07.525] [c5.large-Serial]   Setup %:       47.8%
[23:29:07.525] [c5.large-Serial] ============================================================
