[22:44:44.179] === Phase 3.2 Horizontal Scaling: 10x c5.large ===
[22:44:44.179] Codec: libx264, Threads: 5, Max workers: 5
[22:44:44.179] [Setup] Starting video split...
[22:44:44.247] [Setup] Video: 600.0s → 10 parts of 60.0s
[22:44:46.390] [Setup] Video split complete.
[22:44:46.390] [Summary] SPLIT TIME: 2.21s
[22:44:47.093] [Part 02] Launching c5.large...
[22:44:47.111] [Part 04] Launching c5.large...
[22:44:47.124] [Part 01] Launching c5.large...
[22:44:47.135] [Part 00] Launching c5.large...
[22:44:47.143] [Part 03] Launching c5.large...
[22:45:04.655] [Part 03] Instance ready. IP: 44.211.75.30
[22:45:04.671] [Part 04] Instance ready. IP: 44.212.69.86
[22:45:04.829] [Part 02] Instance ready. IP: 52.200.185.142
[22:45:04.878] [Part 00] Instance ready. IP: 13.221.232.190
[22:45:04.921] [Part 01] Instance ready. IP: 18.212.25.130
[22:45:35.638] [Part 03] Installing ffmpeg...
[22:45:35.693] [Part 04] Installing ffmpeg...
[22:45:35.728] [Part 00] Installing ffmpeg...
[22:45:35.806] [Part 01] Installing ffmpeg...
[22:45:35.829] [Part 02] Installing ffmpeg...
[22:46:10.621] [Part 03] ffmpeg installed.
[22:46:10.828] [Part 00] ffmpeg installed.
[22:46:11.035] [Part 02] ffmpeg installed.
[22:46:11.057] [Part 03] CPU: Intel(R) Xeon(R) Platinum 8275CL CPU @ 3.00GHz
[22:46:11.206] [Part 00] CPU: Intel(R) Xeon(R) Platinum 8275CL CPU @ 3.00GHz
[22:46:11.476] [Part 02] CPU: Intel(R) Xeon(R) Platinum 8275CL CPU @ 3.00GHz
[22:46:11.596] [Part 03] Uploading segment...
[22:46:11.670] [Part 00] Uploading segment...
[22:46:11.767] [Part 01] ffmpeg installed.
[22:46:12.020] [Part 02] Uploading segment...
[22:46:12.037] [Part 04] ffmpeg installed.
[22:46:12.147] [Part 01] CPU: Intel(R) Xeon(R) Platinum 8275CL CPU @ 3.00GHz
[22:46:12.482] [Part 04] CPU: Intel(R) Xeon(R) Platinum 8275CL CPU @ 3.00GHz
[22:46:12.615] [Part 01] Uploading segment...
[22:46:13.039] [Part 04] Uploading segment...
[22:46:13.052] [Part 00] Running compression...
[22:46:13.220] [Part 03] Running compression...
[22:46:13.722] [Part 02] Running compression...
[22:46:13.952] [Part 01] Running compression...
[22:46:14.726] [Part 04] Running compression...
[22:46:25.884] [Part 00] Done!
[22:46:26.659] [Part 01] Done!
[22:46:26.748] [Part 03] Done!
[22:46:27.013] [Part 00] Instance terminated.
[22:46:27.028] [Part 05] Launching c5.large...
[22:46:27.351] [Part 02] Done!
[22:46:27.549] [Part 01] Instance terminated.
[22:46:27.558] [Part 06] Launching c5.large...
[22:46:27.634] [Part 03] Instance terminated.
[22:46:27.640] [Part 07] Launching c5.large...
[22:46:28.219] [Part 02] Instance terminated.
[22:46:28.225] [Part 08] Launching c5.large...
[22:46:28.509] [Part 04] Done!
[22:46:29.546] [Part 04] Instance terminated.
[22:46:29.553] [Part 09] Launching c5.large...
[22:46:44.578] [Part 05] Instance ready. IP: 52.201.226.167
[22:46:45.054] [Part 07] Instance ready. IP: 13.218.196.248
[22:46:45.308] [Part 06] Instance ready. IP: 44.212.8.45
[22:46:45.589] [Part 08] Instance ready. IP: 3.86.233.142
[22:46:47.145] [Part 09] Instance ready. IP: 18.208.146.245
[22:47:15.567] [Part 05] Installing ffmpeg...
[22:47:15.914] [Part 07] Installing ffmpeg...
[22:47:16.324] [Part 06] Installing ffmpeg...
[22:47:16.578] [Part 08] Installing ffmpeg...
[22:47:17.999] [Part 09] Installing ffmpeg...
[22:47:49.590] [Part 08] ffmpeg installed.
[22:47:49.642] [Part 05] ffmpeg installed.
[22:47:50.028] [Part 08] CPU: Intel(R) Xeon(R) Platinum 8275CL CPU @ 3.00GHz
[22:47:50.077] [Part 05] CPU: Intel(R) Xeon(R) Platinum 8275CL CPU @ 3.00GHz
[22:47:50.481] [Part 07] ffmpeg installed.
[22:47:50.568] [Part 08] Uploading segment...
[22:47:50.570] [Part 06] ffmpeg installed.
[22:47:50.613] [Part 05] Uploading segment...
[22:47:50.866] [Part 07] CPU: Intel(R) Xeon(R) Platinum 8275CL CPU @ 3.00GHz
[22:47:51.015] [Part 06] CPU: Intel(R) Xeon(R) Platinum 8275CL CPU @ 3.00GHz
[22:47:51.329] [Part 07] Uploading segment...
[22:47:51.572] [Part 06] Uploading segment...
[22:47:52.200] [Part 08] Running compression...
[22:47:52.241] [Part 05] Running compression...
[22:47:52.715] [Part 07] Running compression...
[22:47:52.839] [Part 09] ffmpeg installed.
[22:47:53.217] [Part 09] CPU: Intel(R) Xeon(R) Platinum 8275CL CPU @ 3.00GHz
[22:47:53.263] [Part 06] Running compression...
[22:47:53.683] [Part 09] Uploading segment...
[22:47:55.179] [Part 09] Running compression...
[22:48:05.047] [Part 08] Done!
[22:48:05.208] [Part 05] Done!
[22:48:06.112] [Part 05] Instance terminated.
[22:48:06.117] [Part 08] Instance terminated.
[22:48:06.763] [Part 07] Done!
[22:48:07.166] [Part 06] Done!
[22:48:07.665] [Part 07] Instance terminated.
[22:48:07.961] [Part 09] Done!
[22:48:08.056] [Part 06] Instance terminated.
[22:48:08.869] [Part 09] Instance terminated.
[22:48:08.870] ============================================================
[22:48:08.870] RESULTS — 10x c5.large Horizontal
[22:48:08.870]   Total Time:    204.69s (3.41 min)
[22:48:08.871]   Split Time:    2.21s
[22:48:08.871]   Parallel Time: 202.48s (3.37 min)
[22:48:08.871] ============================================================
