[13:03:18.469] === Phase 3.2 OPTIMIZED Horizontal: 10x c5.large ===
[13:03:18.469] AMI: ami-06c7c20c67513469a, Max workers: 10
[13:03:18.469] [Setup] Starting video split...
[13:03:18.518] [Setup] Video: 600.0s → 10 parts of 60.0s
[13:03:20.051] [Setup] Video split complete.
[13:03:20.051] [Summary] SPLIT TIME: 1.58s
[13:03:20.984] [Part 01] Launching c5.large...
[13:03:20.994] [Part 07] Launching c5.large...
[13:03:21.010] [Part 05] Launching c5.large...
[13:03:21.023] [Part 00] Launching c5.large...
[13:03:21.035] [Part 02] Launching c5.large...
[13:03:21.042] [Part 08] Launching c5.large...
[13:03:21.054] [Part 04] Launching c5.large...
[13:03:21.063] [Part 03] Launching c5.large...
[13:03:21.074] [Part 06] Launching c5.large...
[13:03:21.077] [Part 09] Launching c5.large...
[13:03:38.774] [Part 04] Instance ready. IP: 3.80.169.12
[13:03:38.790] [Part 01] Instance ready. IP: 98.81.172.9
[13:03:38.795] [Part 05] Instance ready. IP: 100.30.171.37
[13:03:38.860] [Part 08] Instance ready. IP: 54.236.128.179
[13:03:38.958] [Part 03] Instance ready. IP: 34.229.248.238
[13:03:39.032] [Part 06] Instance ready. IP: 3.81.77.245
[13:03:39.142] [Part 00] Instance ready. IP: 54.158.231.129
[13:03:39.208] [Part 07] Instance ready. IP: 100.31.253.156
[13:03:39.267] [Part 02] Instance ready. IP: 54.198.162.216
[13:03:39.319] [Part 09] Instance ready. IP: 98.93.172.211
[13:04:10.823] [Part 04] CPU: Intel(R) Xeon(R) Platinum 8275CL CPU @ 3.00GHz
[13:04:10.914] [Part 05] CPU: Intel(R) Xeon(R) Platinum 8275CL CPU @ 3.00GHz
[13:04:11.004] [Part 08] CPU: Intel(R) Xeon(R) Platinum 8275CL CPU @ 3.00GHz
[13:04:11.089] [Part 01] CPU: Intel(R) Xeon(R) Platinum 8124M CPU @ 3.00GHz
[13:04:11.089] [Part 01] WARNING: CPU mismatch! Expected Intel(R) Xeon(R) Platinum 8275CL CPU @ 3.00GHz, got Intel(R) Xeon(R) Platinum 8124M CPU @ 3.00GHz
[13:04:11.127] [Part 03] CPU: Intel(R) Xeon(R) Platinum 8124M CPU @ 3.00GHz
[13:04:11.127] [Part 03] WARNING: CPU mismatch! Expected Intel(R) Xeon(R) Platinum 8275CL CPU @ 3.00GHz, got Intel(R) Xeon(R) Platinum 8124M CPU @ 3.00GHz
[13:04:11.138] [Part 06] CPU: Intel(R) Xeon(R) Platinum 8223CL CPU @ 3.00GHz
[13:04:11.138] [Part 06] WARNING: CPU mismatch! Expected Intel(R) Xeon(R) Platinum 8275CL CPU @ 3.00GHz, got Intel(R) Xeon(R) Platinum 8223CL CPU @ 3.00GHz
[13:04:11.231] [Part 00] CPU: Intel(R) Xeon(R) Platinum 8275CL CPU @ 3.00GHz
[13:04:11.348] [Part 07] CPU: Intel(R) Xeon(R) Platinum 8275CL CPU @ 3.00GHz
[13:04:11.375] [Part 02] CPU: Intel(R) Xeon(R) Platinum 8275CL CPU @ 3.00GHz
[13:04:11.407] [Part 04] Uploading segment...
[13:04:11.409] [Part 09] CPU: Intel(R) Xeon(R) Platinum 8275CL CPU @ 3.00GHz
[13:04:11.496] [Part 05] Uploading segment...
[13:04:11.585] [Part 08] Uploading segment...
[13:04:11.668] [Part 01] Uploading segment...
[13:04:11.709] [Part 03] Uploading segment...
[13:04:11.724] [Part 06] Uploading segment...
[13:04:11.812] [Part 00] Uploading segment...
[13:04:11.931] [Part 07] Uploading segment...
[13:04:11.955] [Part 02] Uploading segment...
[13:04:11.994] [Part 09] Uploading segment...
[13:04:13.412] [Part 05] Running compression...
[13:04:13.566] [Part 04] Running compression...
[13:04:13.649] [Part 08] Running compression...
[13:04:13.703] [Part 01] Running compression...
[13:04:13.750] [Part 03] Running compression...
[13:04:13.848] [Part 00] Running compression...
[13:04:13.905] [Part 06] Running compression...
[13:04:13.907] [Part 09] Running compression...
[13:04:13.990] [Part 07] Running compression...
[13:04:14.121] [Part 02] Running compression...
[13:04:25.786] [Part 01] Done!
[13:04:26.417] [Part 01] Instance terminated.
[13:04:26.521] [Part 05] Done!
[13:04:26.665] [Part 09] Done!
[13:04:26.700] [Part 08] Done!
[13:04:26.894] [Part 04] Done!
[13:04:27.160] [Part 05] Instance terminated.
[13:04:27.311] [Part 08] Instance terminated.
[13:04:27.356] [Part 09] Instance terminated.
[13:04:27.542] [Part 04] Instance terminated.
[13:04:27.595] [Part 06] Done!
[13:04:27.766] [Part 03] Done!
[13:04:27.911] [Part 02] Done!
[13:04:28.258] [Part 06] Instance terminated.
[13:04:28.359] [Part 03] Instance terminated.
[13:04:28.518] [Part 02] Instance terminated.
[13:04:29.005] [Part 07] Done!
[13:04:29.633] [Part 07] Instance terminated.
[13:04:34.251] [Part 00] Done!
[13:04:34.879] [Part 00] Instance terminated.
[13:04:34.884] ============================================================
[13:04:34.884] RESULTS — 10x c5.large Horizontal OPTIMIZED
[13:04:34.884]   Total Time:    76.41s (1.27 min)
[13:04:34.884]   Split Time:    1.58s
[13:04:34.884]   Parallel Time: 74.83s (1.25 min)
[13:04:34.885] ============================================================
