[23:15:28.172] === Phase 3.2 Serial Baseline: 1x c5.large ===
[23:15:28.172] Codec: libx264, Threads: 5, Preset: slow
[23:15:28.172] [c5.large-Serial] Launching EC2 instance...
[23:15:30.253] [c5.large-Serial] Instance i-0a6a5d30e1dd77107 launched. Waiting...
[23:15:46.058] [c5.large-Serial] Instance ready. IP: 100.24.60.245
[23:16:16.918] [c5.large-Serial] SSH connected.
[23:16:16.918] [c5.large-Serial] Installing ffmpeg...
[23:16:52.482] [c5.large-Serial] ffmpeg installed.
[23:16:52.864] [c5.large-Serial] CPU: Intel(R) Xeon(R) Platinum 8275CL CPU @ 3.00GHz
[23:16:52.865] [c5.large-Serial] Uploading 10-minute video...
[23:16:59.421] [c5.large-Serial] Upload complete.
[23:16:59.421] [c5.large-Serial] SETUP TIME: 91.25s (1.52 min)
[23:16:59.421] [c5.large-Serial] Running: ffmpeg -i /home/ubuntu/input.mp4 -c:v libx264 -preset slow -b:v 2M -threads 5 -max_muxing_queue_size 1024 -y /home/ubuntu/output.mp4
[23:18:41.154] [c5.large-Serial] ENCODING TIME: 101.73s (1.70 min)
[23:18:42.049] [c5.large-Serial] Instance terminated.
[23:18:42.049] [c5.large-Serial] ============================================================
[23:18:42.049] [c5.large-Serial] RESULTS — c5.large Serial
[23:18:42.049] [c5.large-Serial]   Total Time:    192.98s (3.22 min)
[23:18:42.049] [c5.large-Serial]   Setup Time:    91.25s (1.52 min)
[23:18:42.049] [c5.large-Serial]   Encoding Time: 101.73s (1.70 min)
[23:18:42.049] [c5.large-Serial]   Setup %:       47.3%
[23:18:42.049] [c5.large-Serial] ============================================================
