[02:05:53.596] === Phase 3.2 Horizontal Scaling: 10x c5.large ===
[02:05:53.596] Codec: libx264, Threads: 5, Max workers: 5
[02:05:53.596] [Setup] Starting video split...
[02:05:53.648] [Setup] Video: 600.0s → 10 parts of 60.0s
[02:05:55.192] [Setup] Video split complete.
[02:05:55.193] [Summary] SPLIT TIME: 1.60s
[02:05:55.731] [Part 02] Launching c5.large...
[02:05:55.746] [Part 03] Launching c5.large...
[02:05:55.759] [Part 00] Launching c5.large...
[02:05:55.773] [Part 04] Launching c5.large...
[02:05:55.780] [Part 01] Launching c5.large...
[02:06:13.277] [Part 04] Instance ready. IP: 44.203.59.203
[02:06:13.349] [Part 03] Instance ready. IP: 44.201.133.120
[02:06:13.578] [Part 01] Instance ready. IP: 98.94.56.70
[02:06:13.586] [Part 00] Instance ready. IP: 54.165.119.135
[02:06:13.610] [Part 02] Instance ready. IP: 54.197.73.97
[02:06:44.208] [Part 04] Installing ffmpeg...
[02:06:44.309] [Part 03] Installing ffmpeg...
[02:06:44.490] [Part 00] Installing ffmpeg...
[02:06:44.496] [Part 01] Installing ffmpeg...
[02:06:44.557] [Part 02] Installing ffmpeg...
[02:07:18.334] [Part 04] ffmpeg installed.
[02:07:18.601] [Part 01] ffmpeg installed.
[02:07:18.701] [Part 02] ffmpeg installed.
[02:07:18.740] [Part 04] CPU: Intel(R) Xeon(R) Platinum 8275CL CPU @ 3.00GHz
[02:07:18.984] [Part 01] CPU: Intel(R) Xeon(R) Platinum 8275CL CPU @ 3.00GHz
[02:07:19.085] [Part 02] CPU: Intel(R) Xeon(R) Platinum 8275CL CPU @ 3.00GHz
[02:07:19.236] [Part 04] Uploading segment...
[02:07:19.261] [Part 03] ffmpeg installed.
[02:07:19.451] [Part 01] Uploading segment...
[02:07:19.551] [Part 02] Uploading segment...
[02:07:19.659] [Part 03] CPU: Intel(R) Xeon(R) Platinum 8275CL CPU @ 3.00GHz
[02:07:20.154] [Part 03] Uploading segment...
[02:07:20.735] [Part 04] Running compression...
[02:07:20.958] [Part 01] Running compression...
[02:07:20.963] [Part 00] ffmpeg installed.
[02:07:21.046] [Part 02] Running compression...
[02:07:21.346] [Part 00] CPU: Intel(R) Xeon(R) Platinum 8124M CPU @ 3.00GHz
[02:07:21.346] [Part 00] WARNING: CPU mismatch! Expected Intel(R) Xeon(R) Platinum 8275CL CPU @ 3.00GHz, got Intel(R) Xeon(R) Platinum 8124M CPU @ 3.00GHz
[02:07:21.642] [Part 03] Running compression...
[02:07:21.812] [Part 00] Uploading segment...
[02:07:23.246] [Part 00] Running compression...
[02:07:33.706] [Part 01] Done!
[02:07:34.037] [Part 04] Done!
[02:07:34.443] [Part 02] Done!
[02:07:34.587] [Part 01] Instance terminated.
[02:07:34.593] [Part 05] Launching c5.large...
[02:07:34.905] [Part 04] Instance terminated.
[02:07:34.911] [Part 06] Launching c5.large...
[02:07:34.911] [Part 03] Done!
[02:07:35.593] [Part 02] Instance terminated.
[02:07:35.602] [Part 07] Launching c5.large...
[02:07:35.618] [Part 00] Done!
[02:07:35.790] [Part 03] Instance terminated.
[02:07:35.803] [Part 08] Launching c5.large...
[02:07:36.474] [Part 00] Instance terminated.
[02:07:36.501] [Part 09] Launching c5.large...
[02:07:52.179] [Part 05] Instance ready. IP: 34.227.20.75
[02:07:52.457] [Part 06] Instance ready. IP: 44.212.3.18
[02:07:53.312] [Part 08] Instance ready. IP: 13.222.54.103
[02:07:53.647] [Part 07] Instance ready. IP: 54.174.237.140
[02:07:53.992] [Part 09] Instance ready. IP: 44.206.238.170
[02:08:23.035] [Part 05] Installing ffmpeg...
[02:08:23.343] [Part 06] Installing ffmpeg...
[02:08:24.202] [Part 08] Installing ffmpeg...
[02:08:24.537] [Part 07] Installing ffmpeg...
[02:08:24.872] [Part 09] Installing ffmpeg...
[02:08:57.088] [Part 05] ffmpeg installed.
[02:08:57.467] [Part 05] CPU: Intel(R) Xeon(R) Platinum 8275CL CPU @ 3.00GHz
[02:08:57.933] [Part 05] Uploading segment...
[02:08:58.040] [Part 08] ffmpeg installed.
[02:08:58.420] [Part 08] CPU: Intel(R) Xeon(R) Platinum 8275CL CPU @ 3.00GHz
[02:08:58.883] [Part 08] Uploading segment...
[02:08:59.363] [Part 05] Running compression...
[02:08:59.654] [Part 09] ffmpeg installed.
[02:08:59.779] [Part 06] ffmpeg installed.
[02:08:59.840] [Part 07] ffmpeg installed.
[02:09:00.039] [Part 09] CPU: Intel(R) Xeon(R) Platinum 8275CL CPU @ 3.00GHz
[02:09:00.167] [Part 06] CPU: Intel(R) Xeon(R) Platinum 8275CL CPU @ 3.00GHz
[02:09:00.242] [Part 07] CPU: Intel(R) Xeon(R) Platinum 8275CL CPU @ 3.00GHz
[02:09:00.373] [Part 08] Running compression...
[02:09:00.516] [Part 09] Uploading segment...
[02:09:00.642] [Part 06] Uploading segment...
[02:09:00.724] [Part 07] Uploading segment...
[02:09:02.086] [Part 09] Running compression...
[02:09:02.152] [Part 06] Running compression...
[02:09:02.337] [Part 07] Running compression...
[02:09:12.044] [Part 05] Done!
[02:09:12.668] [Part 08] Done!
[02:09:12.963] [Part 05] Instance terminated.
[02:09:13.603] [Part 08] Instance terminated.
[02:09:14.806] [Part 09] Done!
[02:09:15.556] [Part 06] Done!
[02:09:15.761] [Part 09] Instance terminated.
[02:09:16.402] [Part 07] Done!
[02:09:16.618] [Part 06] Instance terminated.
[02:09:17.318] [Part 07] Instance terminated.
[02:09:17.322] ============================================================
[02:09:17.322] RESULTS — 10x c5.large Horizontal
[02:09:17.322]   Total Time:    203.73s (3.40 min)
[02:09:17.322]   Split Time:    1.60s
[02:09:17.323]   Parallel Time: 202.13s (3.37 min)
[02:09:17.323] ============================================================
