[21:58:53.037] === Phase 3.2 Serial Baseline: 1x c5.large ===
[21:58:53.037] Codec: libx264, Threads: 5, Preset: slow
[21:58:53.037] [c5.large-Serial] Launching EC2 instance...
[21:58:54.798] [c5.large-Serial] Instance i-0a74209f9c56636c4 launched. Waiting...
[21:59:10.481] [c5.large-Serial] Instance ready. IP: 3.84.46.86
[21:59:41.496] [c5.large-Serial] SSH connected.
[21:59:41.496] [c5.large-Serial] Installing ffmpeg...
[22:00:17.187] [c5.large-Serial] ffmpeg installed.
[22:00:17.635] [c5.large-Serial] CPU: Intel(R) Xeon(R) Platinum 8275CL CPU @ 3.00GHz
[22:00:17.635] [c5.large-Serial] Uploading 10-minute video...
[22:00:25.829] [c5.large-Serial] Upload complete.
[22:00:25.829] [c5.large-Serial] SETUP TIME: 92.79s (1.55 min)
[22:00:25.829] [c5.large-Serial] Running: ffmpeg -i /home/ubuntu/input.mp4 -c:v libx264 -preset slow -b:v 2M -threads 5 -max_muxing_queue_size 1024 -y /home/ubuntu/output.mp4
[22:02:07.844] [c5.large-Serial] ENCODING TIME: 102.01s (1.70 min)
[22:02:08.878] [c5.large-Serial] Instance terminated.
[22:02:08.878] [c5.large-Serial] ============================================================
[22:02:08.878] [c5.large-Serial] RESULTS — c5.large Serial
[22:02:08.878] [c5.large-Serial]   Total Time:    194.81s (3.25 min)
[22:02:08.878] [c5.large-Serial]   Setup Time:    92.79s (1.55 min)
[22:02:08.878] [c5.large-Serial]   Encoding Time: 102.01s (1.70 min)
[22:02:08.878] [c5.large-Serial]   Setup %:       47.6%
[22:02:08.878] [c5.large-Serial] ============================================================
