[02:28:04.366] === Phase 3.2 Horizontal Scaling: 10x c5.large ===
[02:28:04.366] Codec: libx264, Threads: 5, Max workers: 5
[02:28:04.366] [Setup] Starting video split...
[02:28:04.418] [Setup] Video: 600.0s → 10 parts of 60.0s
[02:28:06.011] [Setup] Video split complete.
[02:28:06.011] [Summary] SPLIT TIME: 1.64s
[02:28:06.560] [Part 00] Launching c5.large...
[02:28:06.565] [Part 01] Launching c5.large...
[02:28:06.577] [Part 04] Launching c5.large...
[02:28:06.588] [Part 03] Launching c5.large...
[02:28:06.594] [Part 02] Launching c5.large...
[02:28:24.234] [Part 03] Instance ready. IP: 44.210.124.189
[02:28:24.243] [Part 01] Instance ready. IP: 100.55.29.13
[02:28:24.262] [Part 02] Instance ready. IP: 44.212.7.158
[02:28:24.273] [Part 04] Instance ready. IP: 54.165.246.17
[02:28:24.415] [Part 00] Instance ready. IP: 44.211.170.75
[02:28:55.094] [Part 01] Installing ffmpeg...
[02:28:55.184] [Part 04] Installing ffmpeg...
[02:28:55.192] [Part 02] Installing ffmpeg...
[02:28:55.205] [Part 03] Installing ffmpeg...
[02:28:55.300] [Part 00] Installing ffmpeg...
[02:29:28.870] [Part 01] ffmpeg installed.
[02:29:29.250] [Part 01] CPU: Intel(R) Xeon(R) Platinum 8275CL CPU @ 3.00GHz
[02:29:29.714] [Part 01] Uploading segment...
[02:29:30.409] [Part 04] ffmpeg installed.
[02:29:30.667] [Part 03] ffmpeg installed.
[02:29:30.717] [Part 00] ffmpeg installed.
[02:29:30.726] [Part 02] ffmpeg installed.
[02:29:30.801] [Part 04] CPU: Intel(R) Xeon(R) Platinum 8275CL CPU @ 3.00GHz
[02:29:31.070] [Part 03] CPU: Intel(R) Xeon(R) Platinum 8275CL CPU @ 3.00GHz
[02:29:31.104] [Part 01] Running compression...
[02:29:31.109] [Part 00] CPU: Intel(R) Xeon(R) Platinum 8275CL CPU @ 3.00GHz
[02:29:31.133] [Part 02] CPU: Intel(R) Xeon(R) Platinum 8275CL CPU @ 3.00GHz
[02:29:31.285] [Part 04] Uploading segment...
[02:29:31.568] [Part 03] Uploading segment...
[02:29:31.589] [Part 00] Uploading segment...
[02:29:31.628] [Part 02] Uploading segment...
[02:29:32.745] [Part 04] Running compression...
[02:29:33.020] [Part 00] Running compression...
[02:29:33.075] [Part 03] Running compression...
[02:29:33.345] [Part 02] Running compression...
[02:29:43.774] [Part 01] Done!
[02:29:44.672] [Part 01] Instance terminated.
[02:29:44.678] [Part 05] Launching c5.large...
[02:29:45.799] [Part 04] Done!
[02:29:46.017] [Part 00] Done!
[02:29:46.415] [Part 03] Done!
[02:29:46.707] [Part 04] Instance terminated.
[02:29:46.736] [Part 06] Launching c5.large...
[02:29:46.877] [Part 00] Instance terminated.
[02:29:46.896] [Part 07] Launching c5.large...
[02:29:46.982] [Part 02] Done!
[02:29:47.282] [Part 03] Instance terminated.
[02:29:47.307] [Part 08] Launching c5.large...
[02:29:47.883] [Part 02] Instance terminated.
[02:29:47.908] [Part 09] Launching c5.large...
[02:30:02.244] [Part 05] Instance ready. IP: 3.86.207.96
[02:30:04.226] [Part 06] Instance ready. IP: 35.175.137.121
[02:30:04.494] [Part 07] Instance ready. IP: 54.197.42.242
[02:30:04.777] [Part 08] Instance ready. IP: 34.201.54.52
[02:30:05.467] [Part 09] Instance ready. IP: 3.86.80.75
[02:30:33.159] [Part 05] Installing ffmpeg...
[02:30:35.109] [Part 06] Installing ffmpeg...
[02:30:35.425] [Part 07] Installing ffmpeg...
[02:30:35.636] [Part 08] Installing ffmpeg...
[02:30:36.347] [Part 09] Installing ffmpeg...
[02:31:08.582] [Part 05] ffmpeg installed.
[02:31:08.985] [Part 05] CPU: Intel(R) Xeon(R) Platinum 8275CL CPU @ 3.00GHz
[02:31:09.480] [Part 05] Uploading segment...
[02:31:10.134] [Part 07] ffmpeg installed.
[02:31:10.358] [Part 08] ffmpeg installed.
[02:31:10.516] [Part 07] CPU: Intel(R) Xeon(R) Platinum 8275CL CPU @ 3.00GHz
[02:31:10.741] [Part 08] CPU: Intel(R) Xeon(R) Platinum 8275CL CPU @ 3.00GHz
[02:31:10.982] [Part 07] Uploading segment...
[02:31:10.985] [Part 05] Running compression...
[02:31:11.138] [Part 06] ffmpeg installed.
[02:31:11.206] [Part 08] Uploading segment...
[02:31:11.525] [Part 06] CPU: Intel(R) Xeon(R) Platinum 8275CL CPU @ 3.00GHz
[02:31:11.794] [Part 09] ffmpeg installed.
[02:31:12.001] [Part 06] Uploading segment...
[02:31:12.187] [Part 09] CPU: Intel(R) Xeon(R) Platinum 8275CL CPU @ 3.00GHz
[02:31:12.491] [Part 07] Running compression...
[02:31:12.594] [Part 08] Running compression...
[02:31:12.663] [Part 09] Uploading segment...
[02:31:13.466] [Part 06] Running compression...
[02:31:14.195] [Part 09] Running compression...
[02:31:23.822] [Part 05] Done!
[02:31:24.792] [Part 05] Instance terminated.
[02:31:25.007] [Part 08] Done!
[02:31:25.967] [Part 08] Instance terminated.
[02:31:26.291] [Part 07] Done!
[02:31:26.910] [Part 06] Done!
[02:31:27.071] [Part 09] Done!
[02:31:27.268] [Part 07] Instance terminated.
[02:31:27.859] [Part 06] Instance terminated.
[02:31:28.171] [Part 09] Instance terminated.
[02:31:28.174] ============================================================
[02:31:28.174] RESULTS — 10x c5.large Horizontal
[02:31:28.174]   Total Time:    203.81s (3.40 min)
[02:31:28.174]   Split Time:    1.64s
[02:31:28.174]   Parallel Time: 202.16s (3.37 min)
[02:31:28.174] ============================================================
