[10:10:55.322] === Phase 3.2 OPTIMIZED Serial: 1x c5.large ===
[10:10:55.322] AMI: ami-06c7c20c67513469a (ffmpeg pre-installed)
[10:10:55.322] [c5.large-Serial-OPT] Launching EC2 instance...
[10:10:57.177] [c5.large-Serial-OPT] Instance i-00f9666edd4f615f2 launched. Waiting...
[10:11:13.026] [c5.large-Serial-OPT] Instance ready. IP: 54.146.58.199
[10:11:44.117] [c5.large-Serial-OPT] SSH connected.
[10:11:45.107] [c5.large-Serial-OPT] CPU: Intel(R) Xeon(R) Platinum 8275CL CPU @ 3.00GHz
[10:11:45.107] [c5.large-Serial-OPT] Uploading 10-minute video...
[10:11:53.463] [c5.large-Serial-OPT] Upload complete.
[10:11:53.463] [c5.large-Serial-OPT] SETUP TIME: 58.14s (0.97 min)
[10:11:53.463] [c5.large-Serial-OPT] Running: ffmpeg -i /home/ubuntu/input.mp4 -c:v libx264 -preset slow -b:v 2M -threads 5 -y /home/ubuntu/output.mp4
[10:13:24.305] [c5.large-Serial-OPT] ENCODING TIME: 90.84s (1.51 min)
[10:13:25.394] [c5.large-Serial-OPT] Instance terminated.
[10:13:25.395] [c5.large-Serial-OPT] ============================================================
[10:13:25.395] [c5.large-Serial-OPT] RESULTS — c5.large Serial OPTIMIZED
[10:13:25.395] [c5.large-Serial-OPT]   Total Time:    148.98s (2.48 min)
[10:13:25.395] [c5.large-Serial-OPT]   Setup Time:    58.14s (0.97 min)
[10:13:25.395] [c5.large-Serial-OPT]   Encoding Time: 90.84s (1.51 min)
[10:13:25.395] [c5.large-Serial-OPT]   Setup %:       39.0%
[10:13:25.395] [c5.large-Serial-OPT] ============================================================
