[11:21:23.517] === Phase 3.2 OPTIMIZED Horizontal: 10x c5.large ===
[11:21:23.517] AMI: ami-06c7c20c67513469a, Max workers: 10
[11:21:23.517] [Setup] Starting video split...
[11:21:23.563] [Setup] Video: 600.0s → 10 parts of 60.0s
[11:21:25.018] [Setup] Video split complete.
[11:21:25.018] [Summary] SPLIT TIME: 1.50s
[11:21:25.937] [Part 05] Launching c5.large...
[11:21:25.951] [Part 02] Launching c5.large...[11:21:25.953] [Part 03] Launching c5.large...

[11:21:25.968] [Part 09] Launching c5.large...
[11:21:25.983] [Part 07] Launching c5.large...
[11:21:25.986] [Part 06] Launching c5.large...
[11:21:25.993] [Part 04] Launching c5.large...
[11:21:26.002] [Part 00] Launching c5.large...
[11:21:26.009] [Part 08] Launching c5.large...
[11:21:26.016] [Part 01] Launching c5.large...
[11:21:43.620] [Part 07] Instance ready. IP: 54.92.161.55
[11:21:43.628] [Part 08] Instance ready. IP: 54.165.25.167
[11:21:43.633] [Part 01] Instance ready. IP: 54.80.127.133[11:21:43.638] [Part 06] Instance ready. IP: 54.227.211.239[11:21:43.642] [Part 09] Instance ready. IP: 54.162.210.161[11:21:43.647] [Part 03] Instance ready. IP: 3.92.82.14
[11:21:43.651] [Part 05] Instance ready. IP: 54.209.221.166



[11:21:43.658] [Part 04] Instance ready. IP: 54.80.150.59
[11:21:43.663] [Part 02] Instance ready. IP: 54.164.125.215
[11:21:43.673] [Part 00] Instance ready. IP: 34.201.218.130
[11:22:15.105] [Part 04] CPU: Intel(R) Xeon(R) Platinum 8124M CPU @ 3.00GHz
[11:22:15.105] [Part 04] WARNING: CPU mismatch! Expected Intel(R) Xeon(R) Platinum 8275CL CPU @ 3.00GHz, got Intel(R) Xeon(R) Platinum 8124M CPU @ 3.00GHz
[11:22:15.349] [Part 08] CPU: Intel(R) Xeon(R) Platinum 8124M CPU @ 3.00GHz
[11:22:15.349] [Part 08] WARNING: CPU mismatch! Expected Intel(R) Xeon(R) Platinum 8275CL CPU @ 3.00GHz, got Intel(R) Xeon(R) Platinum 8124M CPU @ 3.00GHz
[11:22:15.414] [Part 07] CPU: Intel(R) Xeon(R) Platinum 8124M CPU @ 3.00GHz
[11:22:15.415] [Part 07] WARNING: CPU mismatch! Expected Intel(R) Xeon(R) Platinum 8275CL CPU @ 3.00GHz, got Intel(R) Xeon(R) Platinum 8124M CPU @ 3.00GHz
[11:22:15.435] [Part 09] CPU: Intel(R) Xeon(R) Platinum 8124M CPU @ 3.00GHz
[11:22:15.436] [Part 09] WARNING: CPU mismatch! Expected Intel(R) Xeon(R) Platinum 8275CL CPU @ 3.00GHz, got Intel(R) Xeon(R) Platinum 8124M CPU @ 3.00GHz
[11:22:15.496] [Part 01] CPU: Intel(R) Xeon(R) Platinum 8124M CPU @ 3.00GHz
[11:22:15.496] [Part 01] WARNING: CPU mismatch! Expected Intel(R) Xeon(R) Platinum 8275CL CPU @ 3.00GHz, got Intel(R) Xeon(R) Platinum 8124M CPU @ 3.00GHz
[11:22:15.516] [Part 06] CPU: Intel(R) Xeon(R) Platinum 8124M CPU @ 3.00GHz
[11:22:15.517] [Part 06] WARNING: CPU mismatch! Expected Intel(R) Xeon(R) Platinum 8275CL CPU @ 3.00GHz, got Intel(R) Xeon(R) Platinum 8124M CPU @ 3.00GHz
[11:22:15.525] [Part 05] CPU: Intel(R) Xeon(R) Platinum 8124M CPU @ 3.00GHz
[11:22:15.525] [Part 05] WARNING: CPU mismatch! Expected Intel(R) Xeon(R) Platinum 8275CL CPU @ 3.00GHz, got Intel(R) Xeon(R) Platinum 8124M CPU @ 3.00GHz
[11:22:15.549] [Part 00] CPU: Intel(R) Xeon(R) Platinum 8223CL CPU @ 3.00GHz
[11:22:15.549] [Part 00] WARNING: CPU mismatch! Expected Intel(R) Xeon(R) Platinum 8275CL CPU @ 3.00GHz, got Intel(R) Xeon(R) Platinum 8223CL CPU @ 3.00GHz
[11:22:15.550] [Part 04] Uploading segment...
[11:22:15.556] [Part 02] CPU: Intel(R) Xeon(R) Platinum 8124M CPU @ 3.00GHz[11:22:15.556] [Part 03] CPU: Intel(R) Xeon(R) Platinum 8124M CPU @ 3.00GHz
[11:22:15.556] [Part 02] WARNING: CPU mismatch! Expected Intel(R) Xeon(R) Platinum 8275CL CPU @ 3.00GHz, got Intel(R) Xeon(R) Platinum 8124M CPU @ 3.00GHz

[11:22:15.557] [Part 03] WARNING: CPU mismatch! Expected Intel(R) Xeon(R) Platinum 8275CL CPU @ 3.00GHz, got Intel(R) Xeon(R) Platinum 8124M CPU @ 3.00GHz
[11:22:15.795] [Part 08] Uploading segment...
[11:22:15.861] [Part 07] Uploading segment...
[11:22:15.887] [Part 09] Uploading segment...
[11:22:15.942] [Part 01] Uploading segment...
[11:22:15.964] [Part 06] Uploading segment...
[11:22:15.970] [Part 05] Uploading segment...
[11:22:15.992] [Part 00] Uploading segment...
[11:22:16.022] [Part 03] Uploading segment...
[11:22:16.023] [Part 02] Uploading segment...
[11:22:17.428] [Part 04] Running compression...
[11:22:17.891] [Part 08] Running compression...
[11:22:17.955] [Part 09] Running compression...
[11:22:17.977] [Part 00] Running compression...
[11:22:18.097] [Part 06] Running compression...
[11:22:18.321] [Part 05] Running compression...
[11:22:18.339] [Part 07] Running compression...
[11:22:18.370] [Part 02] Running compression...
[11:22:18.374] [Part 03] Running compression...
[11:22:18.424] [Part 01] Running compression...
[11:22:28.134] [Part 09] Done!
[11:22:28.425] [Part 08] Done!
[11:22:28.458] [Part 04] Done!
[11:22:28.706] [Part 09] Instance terminated.
[11:22:28.963] [Part 00] Done!
[11:22:28.992] [Part 04] Instance terminated.
[11:22:29.000] [Part 08] Instance terminated.
[11:22:29.392] [Part 05] Done!
[11:22:29.403] [Part 06] Done!
[11:22:29.539] [Part 01] Done!
[11:22:29.555] [Part 00] Instance terminated.
[11:22:29.612] [Part 03] Done!
[11:22:29.938] [Part 05] Instance terminated.
[11:22:29.995] [Part 06] Instance terminated.
[11:22:30.120] [Part 01] Instance terminated.
[11:22:30.166] [Part 03] Instance terminated.
[11:22:30.596] [Part 07] Done!
[11:22:30.623] [Part 02] Done!
[11:22:31.147] [Part 07] Instance terminated.
[11:22:31.257] [Part 02] Instance terminated.
[11:22:31.262] ============================================================
[11:22:31.262] RESULTS — 10x c5.large Horizontal OPTIMIZED
[11:22:31.262]   Total Time:    67.75s (1.13 min)
[11:22:31.262]   Split Time:    1.50s
[11:22:31.262]   Parallel Time: 66.24s (1.10 min)
[11:22:31.262] ============================================================
