[10:20:33.277] === Phase 3.2 OPTIMIZED Horizontal: 10x c5.large ===
[10:20:33.277] AMI: ami-06c7c20c67513469a, Max workers: 10
[10:20:33.277] [Setup] Starting video split...
[10:20:33.325] [Setup] Video: 600.0s → 10 parts of 60.0s
[10:20:34.810] [Setup] Video split complete.
[10:20:34.810] [Summary] SPLIT TIME: 1.53s
[10:20:35.745] [Part 06] Launching c5.large...
[10:20:35.756] [Part 08] Launching c5.large...
[10:20:35.771] [Part 01] Launching c5.large...
[10:20:35.781] [Part 00] Launching c5.large...
[10:20:35.791] [Part 05] Launching c5.large...
[10:20:35.806] [Part 09] Launching c5.large...
[10:20:35.810] [Part 07] Launching c5.large...
[10:20:35.821] [Part 03] Launching c5.large...
[10:20:35.828] [Part 02] Launching c5.large...
[10:20:35.836] [Part 04] Launching c5.large...
[10:20:53.520] [Part 05] Instance ready. IP: 3.81.99.206
[10:20:53.536] [Part 04] Instance ready. IP: 52.207.218.11
[10:20:53.541] [Part 06] Instance ready. IP: 100.30.173.25
[10:20:53.578] [Part 02] Instance ready. IP: 54.89.60.157
[10:20:53.602] [Part 08] Instance ready. IP: 35.168.16.29
[10:20:53.611] [Part 09] Instance ready. IP: 3.80.236.98
[10:20:53.623] [Part 01] Instance ready. IP: 18.212.113.35
[10:20:53.633] [Part 00] Instance ready. IP: 100.48.18.93
[10:20:53.758] [Part 07] Instance ready. IP: 13.217.98.12
[10:20:54.065] [Part 03] Instance ready. IP: 54.234.133.66
[10:21:25.626] [Part 02] CPU: Intel(R) Xeon(R) Platinum 8275CL CPU @ 3.00GHz
[10:21:25.645] [Part 06] CPU: Intel(R) Xeon(R) Platinum 8275CL CPU @ 3.00GHz
[10:21:25.715] [Part 04] CPU: Intel(R) Xeon(R) Platinum 8275CL CPU @ 3.00GHz
[10:21:25.718] [Part 05] CPU: Intel(R) Xeon(R) Platinum 8124M CPU @ 3.00GHz
[10:21:25.718] [Part 05] WARNING: CPU mismatch! Expected Intel(R) Xeon(R) Platinum 8275CL CPU @ 3.00GHz, got Intel(R) Xeon(R) Platinum 8124M CPU @ 3.00GHz
[10:21:25.747] [Part 01] CPU: Intel(R) Xeon(R) Platinum 8275CL CPU @ 3.00GHz
[10:21:25.757] [Part 08] CPU: Intel(R) Xeon(R) Platinum 8275CL CPU @ 3.00GHz
[10:21:25.776] [Part 00] CPU: Intel(R) Xeon(R) Platinum 8275CL CPU @ 3.00GHz
[10:21:25.778] [Part 09] CPU: Intel(R) Xeon(R) Platinum 8275CL CPU @ 3.00GHz
[10:21:25.824] [Part 07] CPU: Intel(R) Xeon(R) Platinum 8275CL CPU @ 3.00GHz
[10:21:26.147] [Part 03] CPU: Intel(R) Xeon(R) Platinum 8275CL CPU @ 3.00GHz
[10:21:26.208] [Part 02] Uploading segment...
[10:21:26.228] [Part 06] Uploading segment...
[10:21:26.319] [Part 05] Uploading segment...
[10:21:26.329] [Part 04] Uploading segment...[10:21:26.329] [Part 01] Uploading segment...

[10:21:26.358] [Part 08] Uploading segment...
[10:21:26.359] [Part 09] Uploading segment...
[10:21:26.360] [Part 00] Uploading segment...
[10:21:26.406] [Part 07] Uploading segment...
[10:21:26.730] [Part 03] Uploading segment...
[10:21:28.537] [Part 00] Running compression...
[10:21:28.551] [Part 06] Running compression...
[10:21:28.601] [Part 02] Running compression...
[10:21:28.613] [Part 05] Running compression...
[10:21:28.637] [Part 01] Running compression...
[10:21:28.664] [Part 09] Running compression...
[10:21:28.669] [Part 07] Running compression...
[10:21:28.754] [Part 08] Running compression...
[10:21:28.772] [Part 04] Running compression...
[10:21:29.065] [Part 03] Running compression...
[10:21:40.530] [Part 05] Done!
[10:21:40.538] [Part 01] Done!
[10:21:40.649] [Part 09] Done!
[10:21:41.091] [Part 05] Instance terminated.
[10:21:41.176] [Part 01] Instance terminated.
[10:21:41.203] [Part 08] Done!
[10:21:41.259] [Part 09] Instance terminated.
[10:21:41.467] [Part 04] Done!
[10:21:41.631] [Part 00] Done!
[10:21:41.805] [Part 08] Instance terminated.
[10:21:42.058] [Part 07] Done!
[10:21:42.066] [Part 04] Instance terminated.
[10:21:42.072] [Part 02] Done!
[10:21:42.235] [Part 03] Done!
[10:21:42.274] [Part 06] Done!
[10:21:42.284] [Part 00] Instance terminated.
[10:21:42.689] [Part 07] Instance terminated.
[10:21:42.778] [Part 02] Instance terminated.
[10:21:42.801] [Part 03] Instance terminated.
[10:21:42.891] [Part 06] Instance terminated.
[10:21:42.899] ============================================================
[10:21:42.899] RESULTS — 10x c5.large Horizontal OPTIMIZED
[10:21:42.899]   Total Time:    69.62s (1.16 min)
[10:21:42.900]   Split Time:    1.53s
[10:21:42.900]   Parallel Time: 68.09s (1.13 min)
[10:21:42.900] ============================================================
