[23:47:43.508] === Phase 3.2 Horizontal Scaling: 10x c5.large ===
[23:47:43.508] Codec: libx264, Threads: 5, Max workers: 5
[23:47:43.508] [Setup] Starting video split...
[23:47:43.567] [Setup] Video: 600.0s → 10 parts of 60.0s
[23:47:45.655] [Setup] Video split complete.
[23:47:45.655] [Summary] SPLIT TIME: 2.15s
[23:47:46.398] [Part 02] Launching c5.large...
[23:47:46.418] [Part 01] Launching c5.large...
[23:47:46.422] [Part 00] Launching c5.large...
[23:47:46.444] [Part 04] Launching c5.large...
[23:47:46.464] [Part 03] Launching c5.large...
[23:48:03.883] [Part 03] Instance ready. IP: 54.211.215.17
[23:48:03.905] [Part 00] Instance ready. IP: 54.152.58.182
[23:48:03.935] [Part 01] Instance ready. IP: 13.221.13.124
[23:48:03.949] [Part 04] Instance ready. IP: 44.204.233.72
[23:48:04.044] [Part 02] Instance ready. IP: 44.205.251.146
[23:48:34.909] [Part 03] Installing ffmpeg...
[23:48:34.926] [Part 00] Installing ffmpeg...
[23:48:34.937] [Part 04] Installing ffmpeg...
[23:48:35.036] [Part 01] Installing ffmpeg...
[23:48:35.208] [Part 02] Installing ffmpeg...
[23:49:09.673] [Part 00] ffmpeg installed.
[23:49:10.033] [Part 04] ffmpeg installed.
[23:49:10.059] [Part 00] CPU: Intel(R) Xeon(R) Platinum 8275CL CPU @ 3.00GHz
[23:49:10.218] [Part 02] ffmpeg installed.
[23:49:10.420] [Part 04] CPU: Intel(R) Xeon(R) Platinum 8275CL CPU @ 3.00GHz
[23:49:10.524] [Part 00] Uploading segment...
[23:49:10.618] [Part 02] CPU: Intel(R) Xeon(R) Platinum 8275CL CPU @ 3.00GHz
[23:49:10.766] [Part 03] ffmpeg installed.
[23:49:10.897] [Part 04] Uploading segment...
[23:49:11.114] [Part 02] Uploading segment...
[23:49:11.165] [Part 03] CPU: Intel(R) Xeon(R) Platinum 8275CL CPU @ 3.00GHz
[23:49:11.652] [Part 03] Uploading segment...
[23:49:11.915] [Part 00] Running compression...
[23:49:12.320] [Part 04] Running compression...
[23:49:12.602] [Part 02] Running compression...
[23:49:13.101] [Part 03] Running compression...
[23:49:14.926] [Part 01] ffmpeg installed.
[23:49:15.304] [Part 01] CPU: Intel(R) Xeon(R) Platinum 8275CL CPU @ 3.00GHz
[23:49:15.768] [Part 01] Uploading segment...
[23:49:17.152] [Part 01] Running compression...
[23:49:24.610] [Part 00] Done!
[23:49:25.357] [Part 04] Done!
[23:49:25.517] [Part 00] Instance terminated.
[23:49:25.531] [Part 05] Launching c5.large...
[23:49:26.047] [Part 02] Done!
[23:49:26.262] [Part 04] Instance terminated.
[23:49:26.279] [Part 06] Launching c5.large...
[23:49:26.368] [Part 03] Done!
[23:49:26.945] [Part 02] Instance terminated.
[23:49:26.965] [Part 07] Launching c5.large...
[23:49:27.280] [Part 03] Instance terminated.
[23:49:27.295] [Part 08] Launching c5.large...
[23:49:29.721] [Part 01] Done!
[23:49:30.614] [Part 01] Instance terminated.
[23:49:30.635] [Part 09] Launching c5.large...
[23:49:42.977] [Part 05] Instance ready. IP: 54.85.108.3
[23:49:43.689] [Part 06] Instance ready. IP: 54.173.42.153
[23:49:44.553] [Part 07] Instance ready. IP: 34.204.5.151
[23:49:44.678] [Part 08] Instance ready. IP: 54.234.249.172
[23:49:48.067] [Part 09] Instance ready. IP: 44.202.42.13
[23:50:13.841] [Part 05] Installing ffmpeg...
[23:50:14.549] [Part 06] Installing ffmpeg...
[23:50:15.406] [Part 07] Installing ffmpeg...
[23:50:15.538] [Part 08] Installing ffmpeg...
[23:50:18.942] [Part 09] Installing ffmpeg...
[23:50:48.488] [Part 06] ffmpeg installed.
[23:50:48.871] [Part 06] CPU: Intel(R) Xeon(R) Platinum 8275CL CPU @ 3.00GHz
[23:50:49.337] [Part 06] Uploading segment...
[23:50:49.898] [Part 05] ffmpeg installed.
[23:50:50.277] [Part 05] CPU: Intel(R) Xeon(R) Platinum 8223CL CPU @ 3.00GHz
[23:50:50.278] [Part 05] WARNING: CPU mismatch! Expected Intel(R) Xeon(R) Platinum 8275CL CPU @ 3.00GHz, got Intel(R) Xeon(R) Platinum 8223CL CPU @ 3.00GHz
[23:50:50.468] [Part 07] ffmpeg installed.
[23:50:50.737] [Part 06] Running compression...
[23:50:50.744] [Part 05] Uploading segment...
[23:50:50.846] [Part 07] CPU: Intel(R) Xeon(R) Platinum 8275CL CPU @ 3.00GHz
[23:50:51.310] [Part 07] Uploading segment...
[23:50:52.140] [Part 05] Running compression...
[23:50:52.697] [Part 07] Running compression...
[23:50:52.936] [Part 08] ffmpeg installed.
[23:50:52.963] [Part 09] ffmpeg installed.
[23:50:53.317] [Part 08] CPU: Intel(R) Xeon(R) Platinum 8124M CPU @ 3.00GHz
[23:50:53.317] [Part 08] WARNING: CPU mismatch! Expected Intel(R) Xeon(R) Platinum 8275CL CPU @ 3.00GHz, got Intel(R) Xeon(R) Platinum 8124M CPU @ 3.00GHz
[23:50:53.351] [Part 09] CPU: Intel(R) Xeon(R) Platinum 8275CL CPU @ 3.00GHz
[23:50:53.782] [Part 08] Uploading segment...
[23:50:53.828] [Part 09] Uploading segment...
[23:50:55.165] [Part 08] Running compression...
[23:50:55.293] [Part 09] Running compression...
[23:51:04.031] [Part 05] Done!
[23:51:04.065] [Part 06] Done!
[23:51:04.990] [Part 06] Instance terminated.
[23:51:05.021] [Part 05] Instance terminated.
[23:51:06.563] [Part 07] Done!
[23:51:06.900] [Part 08] Done!
[23:51:07.463] [Part 07] Instance terminated.
[23:51:07.799] [Part 08] Instance terminated.
[23:51:08.120] [Part 09] Done!
[23:51:09.047] [Part 09] Instance terminated.
[23:51:09.051] ============================================================
[23:51:09.051] RESULTS — 10x c5.large Horizontal
[23:51:09.051]   Total Time:    205.54s (3.43 min)
[23:51:09.051]   Split Time:    2.15s
[23:51:09.051]   Parallel Time: 203.40s (3.39 min)
[23:51:09.051] ============================================================
