[11:43:27.411] === Phase 3.2 OPTIMIZED Horizontal: 10x c5.large ===
[11:43:27.411] AMI: ami-06c7c20c67513469a, Max workers: 10
[11:43:27.411] [Setup] Starting video split...
[11:43:27.458] [Setup] Video: 600.0s → 10 parts of 60.0s
[11:43:28.922] [Setup] Video split complete.
[11:43:28.922] [Summary] SPLIT TIME: 1.51s
[11:43:29.905] [Part 04] Launching c5.large...
[11:43:29.908] [Part 08] Launching c5.large...
[11:43:29.912] [Part 01] Launching c5.large...
[11:43:29.922] [Part 09] Launching c5.large...
[11:43:29.933] [Part 02] Launching c5.large...
[11:43:29.941] [Part 07] Launching c5.large...
[11:43:29.949] [Part 05] Launching c5.large...
[11:43:29.959] [Part 06] Launching c5.large...
[11:43:29.971] [Part 00] Launching c5.large...
[11:43:29.975] [Part 03] Launching c5.large...
[11:43:47.556] [Part 08] Instance ready. IP: 3.87.46.127
[11:43:47.560] [Part 07] Instance ready. IP: 34.207.130.76
[11:43:47.565] [Part 05] Instance ready. IP: 107.22.110.36
[11:43:47.570] [Part 02] Instance ready. IP: 54.197.211.25
[11:43:47.575] [Part 01] Instance ready. IP: 3.85.52.13
[11:43:47.580] [Part 04] Instance ready. IP: 34.204.99.81
[11:43:47.597] [Part 03] Instance ready. IP: 54.198.129.228
[11:43:47.601] [Part 06] Instance ready. IP: 54.221.180.118
[11:43:47.611] [Part 00] Instance ready. IP: 54.91.166.45
[11:43:47.616] [Part 09] Instance ready. IP: 100.24.16.129
[11:44:19.197] [Part 01] CPU: Intel(R) Xeon(R) Platinum 8124M CPU @ 3.00GHz
[11:44:19.197] [Part 01] WARNING: CPU mismatch! Expected Intel(R) Xeon(R) Platinum 8275CL CPU @ 3.00GHz, got Intel(R) Xeon(R) Platinum 8124M CPU @ 3.00GHz
[11:44:19.616] [Part 08] CPU: Intel(R) Xeon(R) Platinum 8275CL CPU @ 3.00GHz
[11:44:19.652] [Part 04] CPU: Intel(R) Xeon(R) Platinum 8275CL CPU @ 3.00GHz
[11:44:19.658] [Part 02] CPU: Intel(R) Xeon(R) Platinum 8275CL CPU @ 3.00GHz
[11:44:19.700] [Part 07] CPU: Intel(R) Xeon(R) Platinum 8275CL CPU @ 3.00GHz
[11:44:19.719] [Part 05] CPU: Intel(R) Xeon(R) Platinum 8223CL CPU @ 3.00GHz
[11:44:19.720] [Part 05] WARNING: CPU mismatch! Expected Intel(R) Xeon(R) Platinum 8275CL CPU @ 3.00GHz, got Intel(R) Xeon(R) Platinum 8223CL CPU @ 3.00GHz
[11:44:19.731] [Part 09] CPU: Intel(R) Xeon(R) Platinum 8275CL CPU @ 3.00GHz
[11:44:19.777] [Part 01] Uploading segment...
[11:44:19.801] [Part 03] CPU: Intel(R) Xeon(R) Platinum 8275CL CPU @ 3.00GHz
[11:44:19.850] [Part 00] CPU: Intel(R) Xeon(R) Platinum 8275CL CPU @ 3.00GHz
[11:44:19.893] [Part 06] CPU: Intel(R) Xeon(R) Platinum 8275CL CPU @ 3.00GHz
[11:44:20.200] [Part 08] Uploading segment...
[11:44:20.236] [Part 04] Uploading segment...
[11:44:20.238] [Part 02] Uploading segment...
[11:44:20.283] [Part 07] Uploading segment...
[11:44:20.311] [Part 09] Uploading segment...
[11:44:20.322] [Part 05] Uploading segment...
[11:44:20.403] [Part 03] Uploading segment...
[11:44:20.453] [Part 00] Uploading segment...
[11:44:20.476] [Part 06] Uploading segment...
[11:44:22.396] [Part 08] Running compression...
[11:44:22.716] [Part 04] Running compression...
[11:44:22.810] [Part 01] Running compression...
[11:44:22.986] [Part 05] Running compression...
[11:44:23.004] [Part 02] Running compression...
[11:44:23.094] [Part 06] Running compression...
[11:44:23.143] [Part 07] Running compression...
[11:44:23.159] [Part 00] Running compression...
[11:44:23.174] [Part 09] Running compression...
[11:44:23.374] [Part 03] Running compression...
[11:44:34.202] [Part 01] Done!
[11:44:34.827] [Part 08] Done!
[11:44:34.852] [Part 01] Instance terminated.
[11:44:34.880] [Part 05] Done!
[11:44:35.341] [Part 09] Done!
[11:44:35.419] [Part 08] Instance terminated.
[11:44:35.479] [Part 05] Instance terminated.
[11:44:35.653] [Part 04] Done!
[11:44:35.888] [Part 02] Done!
[11:44:36.067] [Part 09] Instance terminated.
[11:44:36.272] [Part 04] Instance terminated.
[11:44:36.589] [Part 00] Done!
[11:44:36.712] [Part 02] Instance terminated.
[11:44:36.764] [Part 07] Done!
[11:44:36.789] [Part 06] Done!
[11:44:37.074] [Part 03] Done!
[11:44:37.298] [Part 00] Instance terminated.
[11:44:37.388] [Part 07] Instance terminated.
[11:44:37.401] [Part 06] Instance terminated.
[11:44:37.737] [Part 03] Instance terminated.
[11:44:37.745] ============================================================
[11:44:37.745] RESULTS — 10x c5.large Horizontal OPTIMIZED
[11:44:37.745]   Total Time:    70.33s (1.17 min)
[11:44:37.745]   Split Time:    1.51s
[11:44:37.745]   Parallel Time: 68.82s (1.15 min)
[11:44:37.745] ============================================================
