[01:04:34.123] === Phase 3.2 Horizontal Scaling: 10x c5.large ===
[01:04:34.123] Codec: libx264, Threads: 5, Max workers: 5
[01:04:34.123] [Setup] Starting video split...
[01:04:34.176] [Setup] Video: 600.0s → 10 parts of 60.0s
[01:04:35.756] [Setup] Video split complete.
[01:04:35.756] [Summary] SPLIT TIME: 1.63s
[01:04:36.297] [Part 01] Launching c5.large...
[01:04:36.302] [Part 02] Launching c5.large...
[01:04:36.319] [Part 04] Launching c5.large...
[01:04:36.328] [Part 03] Launching c5.large...
[01:04:36.334] [Part 00] Launching c5.large...
[01:04:54.296] [Part 02] Instance ready. IP: 3.86.232.116
[01:04:54.830] [Part 03] Instance ready. IP: 54.204.204.12
[01:04:54.835] [Part 00] Instance ready. IP: 34.205.159.13
[01:04:54.856] [Part 01] Instance ready. IP: 54.89.213.168
[01:04:55.028] [Part 04] Instance ready. IP: 3.80.207.145
[01:05:25.171] [Part 02] Installing ffmpeg...
[01:05:25.706] [Part 00] Installing ffmpeg...
[01:05:25.757] [Part 01] Installing ffmpeg...
[01:05:25.775] [Part 03] Installing ffmpeg...
[01:05:25.910] [Part 04] Installing ffmpeg...
[01:05:59.159] [Part 04] ffmpeg installed.
[01:05:59.188] [Part 03] ffmpeg installed.
[01:05:59.548] [Part 04] CPU: Intel(R) Xeon(R) Platinum 8275CL CPU @ 3.00GHz
[01:05:59.569] [Part 03] CPU: Intel(R) Xeon(R) Platinum 8275CL CPU @ 3.00GHz
[01:05:59.849] [Part 02] ffmpeg installed.
[01:06:00.027] [Part 04] Uploading segment...
[01:06:00.034] [Part 03] Uploading segment...
[01:06:00.235] [Part 02] CPU: Intel(R) Xeon(R) Platinum 8275CL CPU @ 3.00GHz
[01:06:00.711] [Part 02] Uploading segment...
[01:06:00.818] [Part 01] ffmpeg installed.
[01:06:01.055] [Part 00] ffmpeg installed.
[01:06:01.211] [Part 01] CPU: Intel(R) Xeon(R) Platinum 8275CL CPU @ 3.00GHz
[01:06:01.436] [Part 00] CPU: Intel(R) Xeon(R) Platinum 8275CL CPU @ 3.00GHz
[01:06:01.446] [Part 04] Running compression...
[01:06:01.546] [Part 03] Running compression...
[01:06:01.698] [Part 01] Uploading segment...
[01:06:01.901] [Part 00] Uploading segment...
[01:06:02.253] [Part 02] Running compression...
[01:06:03.151] [Part 01] Running compression...
[01:06:03.286] [Part 00] Running compression...
[01:06:14.407] [Part 04] Done!
[01:06:14.560] [Part 03] Done!
[01:06:15.335] [Part 04] Instance terminated.
[01:06:15.344] [Part 05] Launching c5.large...
[01:06:15.520] [Part 03] Instance terminated.
[01:06:15.539] [Part 06] Launching c5.large...
[01:06:15.705] [Part 02] Done!
[01:06:15.979] [Part 01] Done!
[01:06:16.085] [Part 00] Done!
[01:06:16.658] [Part 02] Instance terminated.
[01:06:16.673] [Part 07] Launching c5.large...
[01:06:16.890] [Part 01] Instance terminated.
[01:06:16.896] [Part 08] Launching c5.large...
[01:06:17.020] [Part 00] Instance terminated.
[01:06:17.028] [Part 09] Launching c5.large...
[01:06:33.082] [Part 06] Instance ready. IP: 18.205.106.156
[01:06:33.255] [Part 05] Instance ready. IP: 54.163.10.167
[01:06:34.533] [Part 07] Instance ready. IP: 18.212.169.233
[01:06:34.815] [Part 08] Instance ready. IP: 34.205.16.60
[01:06:34.938] [Part 09] Instance ready. IP: 100.26.201.130
[01:07:03.936] [Part 06] Installing ffmpeg...
[01:07:04.073] [Part 05] Installing ffmpeg...
[01:07:05.390] [Part 07] Installing ffmpeg...
[01:07:05.747] [Part 08] Installing ffmpeg...
[01:07:05.787] [Part 09] Installing ffmpeg...
[01:07:38.757] [Part 06] ffmpeg installed.
[01:07:39.137] [Part 06] CPU: Intel(R) Xeon(R) Platinum 8275CL CPU @ 3.00GHz
[01:07:39.600] [Part 06] Uploading segment...
[01:07:39.967] [Part 05] ffmpeg installed.
[01:07:40.328] [Part 05] CPU: Intel(R) Xeon(R) Platinum 8124M CPU @ 3.00GHz
[01:07:40.328] [Part 05] WARNING: CPU mismatch! Expected Intel(R) Xeon(R) Platinum 8275CL CPU @ 3.00GHz, got Intel(R) Xeon(R) Platinum 8124M CPU @ 3.00GHz
[01:07:40.668] [Part 09] ffmpeg installed.
[01:07:40.766] [Part 05] Uploading segment...
[01:07:41.049] [Part 09] CPU: Intel(R) Xeon(R) Platinum 8275CL CPU @ 3.00GHz
[01:07:41.132] [Part 06] Running compression...
[01:07:41.231] [Part 08] ffmpeg installed.
[01:07:41.512] [Part 09] Uploading segment...
[01:07:41.518] [Part 07] ffmpeg installed.
[01:07:41.625] [Part 08] CPU: Intel(R) Xeon(R) Platinum 8275CL CPU @ 3.00GHz
[01:07:41.902] [Part 07] CPU: Intel(R) Xeon(R) Platinum 8275CL CPU @ 3.00GHz
[01:07:42.109] [Part 08] Uploading segment...
[01:07:42.179] [Part 05] Running compression...
[01:07:42.370] [Part 07] Uploading segment...
[01:07:43.016] [Part 09] Running compression...
[01:07:43.560] [Part 08] Running compression...
[01:07:43.915] [Part 07] Running compression...
[01:07:54.073] [Part 05] Done!
[01:07:54.362] [Part 06] Done!
[01:07:55.023] [Part 05] Instance terminated.
[01:07:55.324] [Part 06] Instance terminated.
[01:07:55.783] [Part 09] Done!
[01:07:56.211] [Part 08] Done!
[01:07:56.643] [Part 09] Instance terminated.
[01:07:57.105] [Part 08] Instance terminated.
[01:07:57.853] [Part 07] Done!
[01:07:58.764] [Part 07] Instance terminated.
[01:07:58.768] ============================================================
[01:07:58.768] RESULTS — 10x c5.large Horizontal
[01:07:58.768]   Total Time:    204.64s (3.41 min)
[01:07:58.768]   Split Time:    1.63s
[01:07:58.768]   Parallel Time: 203.01s (3.38 min)
[01:07:58.768] ============================================================
