[02:15:58.925] === Phase 3.2 Serial Baseline: 1x c5.large ===
[02:15:58.925] Codec: libx264, Threads: 5, Preset: slow
[02:15:58.925] [c5.large-Serial] Launching EC2 instance...
[02:16:00.827] [c5.large-Serial] Instance i-0ad215abcac9ff3f3 launched. Waiting...
[02:16:16.514] [c5.large-Serial] Instance ready. IP: 18.204.209.196
[02:16:47.373] [c5.large-Serial] SSH connected.
[02:16:47.373] [c5.large-Serial] Installing ffmpeg...
[02:17:22.491] [c5.large-Serial] ffmpeg installed.
[02:17:22.872] [c5.large-Serial] CPU: Intel(R) Xeon(R) Platinum 8275CL CPU @ 3.00GHz
[02:17:22.873] [c5.large-Serial] Uploading 10-minute video...
[02:17:29.272] [c5.large-Serial] Upload complete.
[02:17:29.272] [c5.large-Serial] SETUP TIME: 90.35s (1.51 min)
[02:17:29.272] [c5.large-Serial] Running: ffmpeg -i /home/ubuntu/input.mp4 -c:v libx264 -preset slow -b:v 2M -threads 5 -max_muxing_queue_size 1024 -y /home/ubuntu/output.mp4
[02:19:11.533] [c5.large-Serial] ENCODING TIME: 102.26s (1.70 min)
[02:19:12.534] [c5.large-Serial] Instance terminated.
[02:19:12.534] [c5.large-Serial] ============================================================
[02:19:12.534] [c5.large-Serial] RESULTS — c5.large Serial
[02:19:12.534] [c5.large-Serial]   Total Time:    192.61s (3.21 min)
[02:19:12.534] [c5.large-Serial]   Setup Time:    90.35s (1.51 min)
[02:19:12.535] [c5.large-Serial]   Encoding Time: 102.26s (1.70 min)
[02:19:12.535] [c5.large-Serial]   Setup %:       46.9%
[02:19:12.535] [c5.large-Serial] ============================================================
