[12:27:32.642] === Phase 3.2 OPTIMIZED Horizontal: 10x c5.large ===
[12:27:32.642] AMI: ami-06c7c20c67513469a, Max workers: 10
[12:27:32.642] [Setup] Starting video split...
[12:27:32.689] [Setup] Video: 600.0s → 10 parts of 60.0s
[12:27:34.158] [Setup] Video split complete.
[12:27:34.158] [Summary] SPLIT TIME: 1.52s
[12:27:35.052] [Part 00] Launching c5.large...
[12:27:35.089] [Part 02] Launching c5.large...
[12:27:35.105] [Part 09] Launching c5.large...
[12:27:35.114] [Part 04] Launching c5.large...
[12:27:35.129] [Part 08] Launching c5.large...
[12:27:35.140] [Part 05] Launching c5.large...
[12:27:35.150] [Part 07] Launching c5.large...
[12:27:35.161] [Part 03] Launching c5.large...
[12:27:35.168] [Part 01] Launching c5.large...
[12:27:35.175] [Part 06] Launching c5.large...
[12:27:52.744] [Part 00] Instance ready. IP: 54.160.215.93
[12:27:52.779] [Part 01] Instance ready. IP: 34.201.152.94
[12:27:52.797] [Part 07] Instance ready. IP: 54.165.67.29
[12:27:52.817] [Part 08] Instance ready. IP: 3.86.51.60
[12:27:52.838] [Part 09] Instance ready. IP: 52.90.38.249
[12:27:52.850] [Part 02] Instance ready. IP: 54.89.39.179
[12:27:52.854] [Part 04] Instance ready. IP: 3.87.29.238
[12:27:52.886] [Part 05] Instance ready. IP: 34.239.142.49
[12:27:52.916] [Part 06] Instance ready. IP: 3.93.19.152
[12:27:53.019] [Part 03] Instance ready. IP: 3.81.164.71
[12:28:24.493] [Part 00] CPU: Intel(R) Xeon(R) Platinum 8275CL CPU @ 3.00GHz
[12:28:24.868] [Part 04] CPU: Intel(R) Xeon(R) Platinum 8275CL CPU @ 3.00GHz
[12:28:24.874] [Part 01] CPU: Intel(R) Xeon(R) Platinum 8275CL CPU @ 3.00GHz
[12:28:24.877] [Part 07] CPU: Intel(R) Xeon(R) Platinum 8124M CPU @ 3.00GHz
[12:28:24.878] [Part 07] WARNING: CPU mismatch! Expected Intel(R) Xeon(R) Platinum 8275CL CPU @ 3.00GHz, got Intel(R) Xeon(R) Platinum 8124M CPU @ 3.00GHz
[12:28:24.935] [Part 00] Uploading segment...
[12:28:24.976] [Part 05] CPU: Intel(R) Xeon(R) Platinum 8275CL CPU @ 3.00GHz
[12:28:24.992] [Part 02] CPU: Intel(R) Xeon(R) Platinum 8275CL CPU @ 3.00GHz
[12:28:25.018] [Part 09] CPU: Intel(R) Xeon(R) Platinum 8124M CPU @ 3.00GHz
[12:28:25.018] [Part 09] WARNING: CPU mismatch! Expected Intel(R) Xeon(R) Platinum 8275CL CPU @ 3.00GHz, got Intel(R) Xeon(R) Platinum 8124M CPU @ 3.00GHz
[12:28:25.061] [Part 06] CPU: Intel(R) Xeon(R) Platinum 8275CL CPU @ 3.00GHz
[12:28:25.071] [Part 08] CPU: Intel(R) Xeon(R) Platinum 8124M CPU @ 3.00GHz
[12:28:25.072] [Part 08] WARNING: CPU mismatch! Expected Intel(R) Xeon(R) Platinum 8275CL CPU @ 3.00GHz, got Intel(R) Xeon(R) Platinum 8124M CPU @ 3.00GHz
[12:28:25.158] [Part 03] CPU: Intel(R) Xeon(R) Platinum 8223CL CPU @ 3.00GHz
[12:28:25.159] [Part 03] WARNING: CPU mismatch! Expected Intel(R) Xeon(R) Platinum 8275CL CPU @ 3.00GHz, got Intel(R) Xeon(R) Platinum 8223CL CPU @ 3.00GHz
[12:28:25.449] [Part 04] Uploading segment...
[12:28:25.456] [Part 01] Uploading segment...
[12:28:25.479] [Part 07] Uploading segment...
[12:28:25.556] [Part 05] Uploading segment...
[12:28:25.575] [Part 02] Uploading segment...
[12:28:25.622] [Part 09] Uploading segment...
[12:28:25.661] [Part 06] Uploading segment...
[12:28:25.675] [Part 08] Uploading segment...
[12:28:25.761] [Part 03] Uploading segment...
[12:28:26.340] [Part 00] Running compression...
[12:28:27.373] [Part 01] Running compression...
[12:28:27.377] [Part 05] Running compression...
[12:28:27.457] [Part 07] Running compression...
[12:28:27.592] [Part 09] Running compression...
[12:28:27.623] [Part 04] Running compression...
[12:28:27.660] [Part 08] Running compression...
[12:28:27.747] [Part 03] Running compression...
[12:28:27.760] [Part 02] Running compression...
[12:28:27.781] [Part 06] Running compression...
[12:28:39.291] [Part 09] Done!
[12:28:39.322] [Part 01] Done!
[12:28:39.587] [Part 00] Done!
[12:28:39.864] [Part 09] Instance terminated.
[12:28:39.965] [Part 01] Instance terminated.
[12:28:40.198] [Part 00] Instance terminated.
[12:28:40.327] [Part 08] Done!
[12:28:40.337] [Part 04] Done!
[12:28:40.424] [Part 05] Done!
[12:28:40.524] [Part 03] Done!
[12:28:40.921] [Part 06] Done!
[12:28:40.946] [Part 08] Instance terminated.
[12:28:40.946] [Part 07] Done!
[12:28:40.955] [Part 04] Instance terminated.
[12:28:41.090] [Part 05] Instance terminated.
[12:28:41.160] [Part 03] Instance terminated.
[12:28:41.483] [Part 06] Instance terminated.
[12:28:41.656] [Part 07] Instance terminated.
[12:28:41.817] [Part 02] Done!
[12:28:42.423] [Part 02] Instance terminated.
[12:28:42.430] ============================================================
[12:28:42.431] RESULTS — 10x c5.large Horizontal OPTIMIZED
[12:28:42.431]   Total Time:    69.79s (1.16 min)
[12:28:42.431]   Split Time:    1.52s
[12:28:42.431]   Parallel Time: 68.27s (1.14 min)
[12:28:42.431] ============================================================
