[12:32:57.088] === Phase 3.2 OPTIMIZED Horizontal: 10x c5.large ===
[12:32:57.088] AMI: ami-06c7c20c67513469a, Max workers: 10
[12:32:57.088] [Setup] Starting video split...
[12:32:57.136] [Setup] Video: 600.0s → 10 parts of 60.0s
[12:32:58.644] [Setup] Video split complete.
[12:32:58.644] [Summary] SPLIT TIME: 1.56s
[12:32:59.629] [Part 05] Launching c5.large...
[12:32:59.679] [Part 06] Launching c5.large...
[12:32:59.693] [Part 07] Launching c5.large...
[12:32:59.703] [Part 01] Launching c5.large...
[12:32:59.715] [Part 02] Launching c5.large...
[12:32:59.724] [Part 08] Launching c5.large...
[12:32:59.734] [Part 03] Launching c5.large...
[12:32:59.746] [Part 00] Launching c5.large...
[12:32:59.757] [Part 04] Launching c5.large...
[12:32:59.762] [Part 09] Launching c5.large...
[12:33:17.607] [Part 08] Instance ready. IP: 54.92.148.188
[12:33:17.620] [Part 00] Instance ready. IP: 54.162.134.174
[12:33:17.649] [Part 05] Instance ready. IP: 54.208.180.169
[12:33:17.661] [Part 03] Instance ready. IP: 54.80.43.183
[12:33:17.680] [Part 06] Instance ready. IP: 54.91.63.253
[12:33:17.689] [Part 01] Instance ready. IP: 54.196.93.221
[12:33:17.694] [Part 09] Instance ready. IP: 3.91.36.17
[12:33:17.705] [Part 02] Instance ready. IP: 50.16.34.175
[12:33:17.725] [Part 04] Instance ready. IP: 54.81.24.203
[12:33:17.783] [Part 07] Instance ready. IP: 54.165.118.208
[12:33:49.380] [Part 00] CPU: Intel(R) Xeon(R) Platinum 8275CL CPU @ 3.00GHz
[12:33:49.684] [Part 08] CPU: Intel(R) Xeon(R) Platinum 8275CL CPU @ 3.00GHz
[12:33:49.710] [Part 05] CPU: Intel(R) Xeon(R) Platinum 8275CL CPU @ 3.00GHz
[12:33:49.756] [Part 06] CPU: Intel(R) Xeon(R) Platinum 8275CL CPU @ 3.00GHz
[12:33:49.840] [Part 03] CPU: Intel(R) Xeon(R) Platinum 8275CL CPU @ 3.00GHz
[12:33:49.843] [Part 00] Uploading segment...
[12:33:49.844] [Part 01] CPU: Intel(R) Xeon(R) Platinum 8275CL CPU @ 3.00GHz
[12:33:49.848] [Part 07] CPU: Intel(R) Xeon(R) Platinum 8275CL CPU @ 3.00GHz
[12:33:49.854] [Part 02] CPU: Intel(R) Xeon(R) Platinum 8124M CPU @ 3.00GHz
[12:33:49.854] [Part 02] WARNING: CPU mismatch! Expected Intel(R) Xeon(R) Platinum 8275CL CPU @ 3.00GHz, got Intel(R) Xeon(R) Platinum 8124M CPU @ 3.00GHz
[12:33:49.882] [Part 09] CPU: Intel(R) Xeon(R) Platinum 8124M CPU @ 3.00GHz
[12:33:49.882] [Part 09] WARNING: CPU mismatch! Expected Intel(R) Xeon(R) Platinum 8275CL CPU @ 3.00GHz, got Intel(R) Xeon(R) Platinum 8124M CPU @ 3.00GHz
[12:33:49.902] [Part 04] CPU: Intel(R) Xeon(R) Platinum 8124M CPU @ 3.00GHz
[12:33:49.902] [Part 04] WARNING: CPU mismatch! Expected Intel(R) Xeon(R) Platinum 8275CL CPU @ 3.00GHz, got Intel(R) Xeon(R) Platinum 8124M CPU @ 3.00GHz
[12:33:50.263] [Part 08] Uploading segment...
[12:33:50.294] [Part 05] Uploading segment...
[12:33:50.337] [Part 06] Uploading segment...
[12:33:50.428] [Part 07] Uploading segment...
[12:33:50.434] [Part 02] Uploading segment...
[12:33:50.443] [Part 03] Uploading segment...
[12:33:50.443] [Part 01] Uploading segment...
[12:33:50.485] [Part 09] Uploading segment...
[12:33:50.505] [Part 04] Uploading segment...
[12:33:51.223] [Part 00] Running compression...
[12:33:52.087] [Part 05] Running compression...
[12:33:52.160] [Part 08] Running compression...
[12:33:52.253] [Part 06] Running compression...
[12:33:52.291] [Part 03] Running compression...
[12:33:52.296] [Part 01] Running compression...
[12:33:52.339] [Part 07] Running compression...
[12:33:52.359] [Part 02] Running compression...
[12:33:52.528] [Part 04] Running compression...
[12:33:52.886] [Part 09] Running compression...
[12:34:03.053] [Part 00] Done!
[12:34:03.680] [Part 00] Instance terminated.
[12:34:04.112] [Part 01] Done!
[12:34:04.420] [Part 09] Done!
[12:34:04.746] [Part 01] Instance terminated.
[12:34:04.907] [Part 08] Done!
[12:34:05.120] [Part 09] Instance terminated.
[12:34:05.162] [Part 05] Done!
[12:34:05.582] [Part 08] Instance terminated.
[12:34:05.694] [Part 04] Done!
[12:34:05.841] [Part 05] Instance terminated.
[12:34:06.119] [Part 07] Done!
[12:34:06.128] [Part 02] Done!
[12:34:06.257] [Part 03] Done!
[12:34:06.308] [Part 04] Instance terminated.
[12:34:06.713] [Part 07] Instance terminated.
[12:34:06.720] [Part 02] Instance terminated.
[12:34:06.864] [Part 03] Instance terminated.
[12:34:07.423] [Part 06] Done!
[12:34:08.022] [Part 06] Instance terminated.
[12:34:08.031] ============================================================
[12:34:08.032] RESULTS — 10x c5.large Horizontal OPTIMIZED
[12:34:08.032]   Total Time:    70.94s (1.18 min)
[12:34:08.032]   Split Time:    1.56s
[12:34:08.032]   Parallel Time: 69.39s (1.16 min)
[12:34:08.032] ============================================================
