[10:31:31.343] === Phase 3.2 OPTIMIZED Horizontal: 10x c5.large ===
[10:31:31.343] AMI: ami-06c7c20c67513469a, Max workers: 10
[10:31:31.343] [Setup] Starting video split...
[10:31:31.390] [Setup] Video: 600.0s → 10 parts of 60.0s
[10:31:32.864] [Setup] Video split complete.
[10:31:32.864] [Summary] SPLIT TIME: 1.52s
[10:31:33.844] [Part 08] Launching c5.large...
[10:31:33.888] [Part 02] Launching c5.large...
[10:31:33.900] [Part 03] Launching c5.large...
[10:31:33.908] [Part 06] Launching c5.large...
[10:31:33.919] [Part 00] Launching c5.large...
[10:31:33.926] [Part 07] Launching c5.large...
[10:31:33.935] [Part 01] Launching c5.large...
[10:31:33.943] [Part 04] Launching c5.large...
[10:31:33.955] [Part 09] Launching c5.large...
[10:31:33.959] [Part 05] Launching c5.large...
[10:31:51.500] [Part 09] Instance ready. IP: 98.93.110.204
[10:31:51.505] [Part 06] Instance ready. IP: 23.22.200.97
[10:31:51.528] [Part 08] Instance ready. IP: 3.87.29.158
[10:31:51.584] [Part 03] Instance ready. IP: 54.152.69.139
[10:31:51.590] [Part 01] Instance ready. IP: 18.208.173.99
[10:31:51.602] [Part 07] Instance ready. IP: 100.31.247.172
[10:31:51.606] [Part 00] Instance ready. IP: 52.23.151.237
[10:31:51.620] [Part 04] Instance ready. IP: 18.215.247.180
[10:31:51.629] [Part 02] Instance ready. IP: 54.161.25.150
[10:31:51.634] [Part 05] Instance ready. IP: 3.81.162.155
[10:32:23.460] [Part 02] CPU: Intel(R) Xeon(R) Platinum 8124M CPU @ 3.00GHz
[10:32:23.460] [Part 02] WARNING: CPU mismatch! Expected Intel(R) Xeon(R) Platinum 8275CL CPU @ 3.00GHz, got Intel(R) Xeon(R) Platinum 8124M CPU @ 3.00GHz
[10:32:23.634] [Part 09] CPU: Intel(R) Xeon(R) Platinum 8124M CPU @ 3.00GHz
[10:32:23.635] [Part 09] WARNING: CPU mismatch! Expected Intel(R) Xeon(R) Platinum 8275CL CPU @ 3.00GHz, got Intel(R) Xeon(R) Platinum 8124M CPU @ 3.00GHz
[10:32:23.675] [Part 06] CPU: Intel(R) Xeon(R) Platinum 8124M CPU @ 3.00GHz
[10:32:23.675] [Part 06] WARNING: CPU mismatch! Expected Intel(R) Xeon(R) Platinum 8275CL CPU @ 3.00GHz, got Intel(R) Xeon(R) Platinum 8124M CPU @ 3.00GHz
[10:32:23.684] [Part 03] CPU: Intel(R) Xeon(R) Platinum 8223CL CPU @ 3.00GHz
[10:32:23.684] [Part 03] WARNING: CPU mismatch! Expected Intel(R) Xeon(R) Platinum 8275CL CPU @ 3.00GHz, got Intel(R) Xeon(R) Platinum 8223CL CPU @ 3.00GHz
[10:32:23.693] [Part 08] CPU: Intel(R) Xeon(R) Platinum 8275CL CPU @ 3.00GHz
[10:32:23.751] [Part 07] CPU: Intel(R) Xeon(R) Platinum 8124M CPU @ 3.00GHz
[10:32:23.752] [Part 07] WARNING: CPU mismatch! Expected Intel(R) Xeon(R) Platinum 8275CL CPU @ 3.00GHz, got Intel(R) Xeon(R) Platinum 8124M CPU @ 3.00GHz
[10:32:23.777] [Part 05] CPU: Intel(R) Xeon(R) Platinum 8275CL CPU @ 3.00GHz
[10:32:23.890] [Part 00] CPU: Intel(R) Xeon(R) Platinum 8124M CPU @ 3.00GHz
[10:32:23.890] [Part 00] WARNING: CPU mismatch! Expected Intel(R) Xeon(R) Platinum 8275CL CPU @ 3.00GHz, got Intel(R) Xeon(R) Platinum 8124M CPU @ 3.00GHz
[10:32:23.896] [Part 04] CPU: Intel(R) Xeon(R) Platinum 8124M CPU @ 3.00GHz
[10:32:23.896] [Part 04] WARNING: CPU mismatch! Expected Intel(R) Xeon(R) Platinum 8275CL CPU @ 3.00GHz, got Intel(R) Xeon(R) Platinum 8124M CPU @ 3.00GHz
[10:32:23.912] [Part 02] Uploading segment...
[10:32:23.919] [Part 01] CPU: Intel(R) Xeon(R) Platinum 8124M CPU @ 3.00GHz
[10:32:23.919] [Part 01] WARNING: CPU mismatch! Expected Intel(R) Xeon(R) Platinum 8275CL CPU @ 3.00GHz, got Intel(R) Xeon(R) Platinum 8124M CPU @ 3.00GHz
[10:32:24.216] [Part 09] Uploading segment...
[10:32:24.255] [Part 06] Uploading segment...
[10:32:24.265] [Part 03] Uploading segment...
[10:32:24.294] [Part 08] Uploading segment...
[10:32:24.333] [Part 07] Uploading segment...
[10:32:24.376] [Part 05] Uploading segment...
[10:32:24.491] [Part 00] Uploading segment...
[10:32:24.499] [Part 04] Uploading segment...
[10:32:24.519] [Part 01] Uploading segment...
[10:32:25.444] [Part 02] Running compression...
[10:32:26.386] [Part 09] Running compression...
[10:32:26.408] [Part 08] Running compression...
[10:32:26.421] [Part 06] Running compression...
[10:32:26.438] [Part 03] Running compression...
[10:32:26.512] [Part 04] Running compression...
[10:32:26.590] [Part 00] Running compression...
[10:32:26.621] [Part 05] Running compression...
[10:32:26.623] [Part 01] Running compression...
[10:32:26.633] [Part 07] Running compression...
[10:32:37.314] [Part 02] Done!
[10:32:37.838] [Part 09] Done!
[10:32:37.962] [Part 02] Instance terminated.
[10:32:37.975] [Part 01] Done!
[10:32:38.446] [Part 09] Instance terminated.
[10:32:38.566] [Part 01] Instance terminated.
[10:32:38.755] [Part 03] Done!
[10:32:38.799] [Part 00] Done!
[10:32:38.838] [Part 04] Done!
[10:32:38.919] [Part 05] Done!
[10:32:39.105] [Part 06] Done!
[10:32:39.351] [Part 08] Done!
[10:32:39.377] [Part 03] Instance terminated.
[10:32:39.394] [Part 00] Instance terminated.
[10:32:39.436] [Part 04] Instance terminated.
[10:32:39.559] [Part 05] Instance terminated.
[10:32:39.562] [Part 07] Done!
[10:32:39.755] [Part 06] Instance terminated.
[10:32:39.992] [Part 08] Instance terminated.
[10:32:40.137] [Part 07] Instance terminated.
[10:32:40.141] ============================================================
[10:32:40.141] RESULTS — 10x c5.large Horizontal OPTIMIZED
[10:32:40.142]   Total Time:    68.80s (1.15 min)
[10:32:40.142]   Split Time:    1.52s
[10:32:40.142]   Parallel Time: 67.28s (1.12 min)
[10:32:40.142] ============================================================
