[00:19:30.968] === Phase 3.2 Horizontal Scaling: 10x c5.large ===
[00:19:30.969] Codec: libx264, Threads: 5, Max workers: 5
[00:19:30.969] [Setup] Starting video split...
[00:19:31.119] [Setup] Video: 600.0s → 10 parts of 60.0s
[00:19:34.784] [Setup] Video split complete.
[00:19:34.784] [Summary] SPLIT TIME: 3.82s
[00:19:36.161] [Part 04] Launching c5.large...
[00:19:36.214] [Part 01] Launching c5.large...
[00:19:36.254] [Part 03] Launching c5.large...
[00:19:36.282] [Part 00] Launching c5.large...
[00:19:36.304] [Part 02] Launching c5.large...
[00:19:53.714] [Part 04] Instance ready. IP: 13.222.220.4
[00:19:53.787] [Part 03] Instance ready. IP: 44.210.115.211
[00:19:53.872] [Part 00] Instance ready. IP: 52.23.206.237
[00:19:54.180] [Part 01] Instance ready. IP: 54.89.245.100
[00:19:54.204] [Part 02] Instance ready. IP: 3.88.60.33
[00:20:24.567] [Part 04] Installing ffmpeg...
[00:20:24.683] [Part 03] Installing ffmpeg...
[00:20:24.837] [Part 00] Installing ffmpeg...
[00:20:25.012] [Part 01] Installing ffmpeg...
[00:20:25.174] [Part 02] Installing ffmpeg...
[00:20:58.480] [Part 01] ffmpeg installed.
[00:20:58.860] [Part 01] CPU: Intel(R) Xeon(R) Platinum 8275CL CPU @ 3.00GHz
[00:20:59.143] [Part 02] ffmpeg installed.
[00:20:59.206] [Part 00] ffmpeg installed.
[00:20:59.278] [Part 03] ffmpeg installed.
[00:20:59.327] [Part 01] Uploading segment...
[00:20:59.547] [Part 02] CPU: Intel(R) Xeon(R) Platinum 8275CL CPU @ 3.00GHz
[00:20:59.606] [Part 00] CPU: Intel(R) Xeon(R) Platinum 8275CL CPU @ 3.00GHz
[00:20:59.664] [Part 03] CPU: Intel(R) Xeon(R) Platinum 8275CL CPU @ 3.00GHz
[00:21:00.042] [Part 02] Uploading segment...
[00:21:00.088] [Part 00] Uploading segment...
[00:21:00.100] [Part 04] ffmpeg installed.
[00:21:00.142] [Part 03] Uploading segment...
[00:21:00.477] [Part 04] CPU: Intel(R) Xeon(R) Platinum 8275CL CPU @ 3.00GHz
[00:21:00.715] [Part 01] Running compression...
[00:21:00.942] [Part 04] Uploading segment...
[00:21:01.534] [Part 00] Running compression...
[00:21:01.653] [Part 02] Running compression...
[00:21:01.716] [Part 03] Running compression...
[00:21:02.330] [Part 04] Running compression...
[00:21:13.259] [Part 01] Done!
[00:21:14.219] [Part 01] Instance terminated.
[00:21:14.226] [Part 05] Launching c5.large...
[00:21:14.665] [Part 00] Done!
[00:21:14.930] [Part 03] Done!
[00:21:15.209] [Part 02] Done!
[00:21:15.419] [Part 04] Done!
[00:21:15.622] [Part 00] Instance terminated.
[00:21:15.654] [Part 06] Launching c5.large...
[00:21:15.881] [Part 03] Instance terminated.
[00:21:15.907] [Part 07] Launching c5.large...
[00:21:16.113] [Part 02] Instance terminated.
[00:21:16.119] [Part 08] Launching c5.large...
[00:21:16.383] [Part 04] Instance terminated.
[00:21:16.412] [Part 09] Launching c5.large...
[00:21:31.683] [Part 05] Instance ready. IP: 34.201.244.122
[00:21:33.360] [Part 07] Instance ready. IP: 18.212.60.137
[00:21:33.501] [Part 06] Instance ready. IP: 54.91.201.235
[00:21:33.858] [Part 08] Instance ready. IP: 54.175.169.102
[00:21:33.906] [Part 09] Instance ready. IP: 54.87.134.174
[00:22:02.544] [Part 05] Installing ffmpeg...
[00:22:04.250] [Part 07] Installing ffmpeg...
[00:22:04.346] [Part 06] Installing ffmpeg...
[00:22:04.749] [Part 08] Installing ffmpeg...
[00:22:04.822] [Part 09] Installing ffmpeg...
[00:22:37.397] [Part 05] ffmpeg installed.
[00:22:37.778] [Part 05] CPU: Intel(R) Xeon(R) Platinum 8275CL CPU @ 3.00GHz
[00:22:37.932] [Part 07] ffmpeg installed.
[00:22:38.244] [Part 05] Uploading segment...
[00:22:38.324] [Part 07] CPU: Intel(R) Xeon(R) Platinum 8275CL CPU @ 3.00GHz
[00:22:38.808] [Part 07] Uploading segment...
[00:22:39.171] [Part 08] ffmpeg installed.
[00:22:39.561] [Part 06] ffmpeg installed.
[00:22:39.570] [Part 08] CPU: Intel(R) Xeon(R) Platinum 8275CL CPU @ 3.00GHz
[00:22:39.758] [Part 05] Running compression...
[00:22:39.786] [Part 09] ffmpeg installed.
[00:22:39.943] [Part 06] CPU: Intel(R) Xeon(R) Platinum 8275CL CPU @ 3.00GHz
[00:22:40.063] [Part 08] Uploading segment...
[00:22:40.183] [Part 09] CPU: Intel(R) Xeon(R) Platinum 8275CL CPU @ 3.00GHz
[00:22:40.379] [Part 07] Running compression...
[00:22:40.408] [Part 06] Uploading segment...
[00:22:40.672] [Part 09] Uploading segment...
[00:22:41.574] [Part 08] Running compression...
[00:22:41.955] [Part 06] Running compression...
[00:22:42.284] [Part 09] Running compression...
[00:22:52.454] [Part 05] Done!
[00:22:53.402] [Part 05] Instance terminated.
[00:22:54.028] [Part 08] Done!
[00:22:54.440] [Part 07] Done!
[00:22:54.961] [Part 08] Instance terminated.
[00:22:55.114] [Part 09] Done!
[00:22:55.287] [Part 06] Done!
[00:22:55.414] [Part 07] Instance terminated.
[00:22:56.003] [Part 09] Instance terminated.
[00:22:56.209] [Part 06] Instance terminated.
[00:22:56.214] ============================================================
[00:22:56.214] RESULTS — 10x c5.large Horizontal
[00:22:56.214]   Total Time:    205.24s (3.42 min)
[00:22:56.214]   Split Time:    3.82s
[00:22:56.214]   Parallel Time: 201.43s (3.36 min)
[00:22:56.214] ============================================================
