[02:59:10.997] === Phase 3.2 Horizontal Scaling: 10x c5.large ===
[02:59:10.997] Codec: libx264, Threads: 5, Max workers: 5
[02:59:10.997] [Setup] Starting video split...
[02:59:11.048] [Setup] Video: 600.0s → 10 parts of 60.0s
[02:59:12.599] [Setup] Video split complete.
[02:59:12.599] [Summary] SPLIT TIME: 1.60s
[02:59:13.140] [Part 03] Launching c5.large...
[02:59:13.153] [Part 00] Launching c5.large...
[02:59:13.164] [Part 02] Launching c5.large...
[02:59:13.173] [Part 04] Launching c5.large...
[02:59:13.181] [Part 01] Launching c5.large...
[02:59:30.652] [Part 01] Instance ready. IP: 35.173.239.89
[02:59:30.655] [Part 03] Instance ready. IP: 54.166.224.57
[02:59:30.656] [Part 02] Instance ready. IP: 34.239.186.179
[02:59:30.665] [Part 00] Instance ready. IP: 35.153.69.62
[02:59:30.667] [Part 04] Instance ready. IP: 52.23.216.238
[03:00:01.524] [Part 02] Installing ffmpeg...
[03:00:01.595] [Part 00] Installing ffmpeg...
[03:00:01.602] [Part 04] Installing ffmpeg...
[03:00:01.612] [Part 03] Installing ffmpeg...
[03:00:01.625] [Part 01] Installing ffmpeg...
[03:00:37.275] [Part 02] ffmpeg installed.
[03:00:37.658] [Part 02] CPU: Intel(R) Xeon(R) Platinum 8124M CPU @ 3.00GHz
[03:00:37.658] [Part 02] WARNING: CPU mismatch! Expected Intel(R) Xeon(R) Platinum 8275CL CPU @ 3.00GHz, got Intel(R) Xeon(R) Platinum 8124M CPU @ 3.00GHz
[03:00:38.125] [Part 02] Uploading segment...
[03:00:38.689] [Part 04] ffmpeg installed.
[03:00:39.073] [Part 04] CPU: Intel(R) Xeon(R) Platinum 8124M CPU @ 3.00GHz
[03:00:39.073] [Part 04] WARNING: CPU mismatch! Expected Intel(R) Xeon(R) Platinum 8275CL CPU @ 3.00GHz, got Intel(R) Xeon(R) Platinum 8124M CPU @ 3.00GHz
[03:00:39.476] [Part 01] ffmpeg installed.
[03:00:39.530] [Part 02] Running compression...
[03:00:39.539] [Part 04] Uploading segment...
[03:00:39.864] [Part 03] ffmpeg installed.
[03:00:39.881] [Part 01] CPU: Intel(R) Xeon(R) Platinum 8124M CPU @ 3.00GHz
[03:00:39.881] [Part 01] WARNING: CPU mismatch! Expected Intel(R) Xeon(R) Platinum 8275CL CPU @ 3.00GHz, got Intel(R) Xeon(R) Platinum 8124M CPU @ 3.00GHz
[03:00:40.160] [Part 00] ffmpeg installed.
[03:00:40.255] [Part 03] CPU: Intel(R) Xeon(R) Platinum 8275CL CPU @ 3.00GHz
[03:00:40.378] [Part 01] Uploading segment...
[03:00:40.540] [Part 00] CPU: Intel(R) Xeon(R) Platinum 8124M CPU @ 3.00GHz
[03:00:40.540] [Part 00] WARNING: CPU mismatch! Expected Intel(R) Xeon(R) Platinum 8275CL CPU @ 3.00GHz, got Intel(R) Xeon(R) Platinum 8124M CPU @ 3.00GHz
[03:00:40.741] [Part 03] Uploading segment...
[03:00:40.936] [Part 04] Running compression...
[03:00:41.007] [Part 00] Uploading segment...
[03:00:42.049] [Part 01] Running compression...
[03:00:42.323] [Part 03] Running compression...
[03:00:42.407] [Part 00] Running compression...
[03:00:52.241] [Part 02] Done!
[03:00:53.153] [Part 02] Instance terminated.
[03:00:53.179] [Part 05] Launching c5.large...
[03:00:53.490] [Part 04] Done!
[03:00:54.378] [Part 01] Done!
[03:00:54.412] [Part 04] Instance terminated.
[03:00:54.442] [Part 06] Launching c5.large...
[03:00:54.790] [Part 00] Done!
[03:00:55.299] [Part 01] Instance terminated.
[03:00:55.319] [Part 07] Launching c5.large...
[03:00:55.681] [Part 03] Done!
[03:00:55.705] [Part 00] Instance terminated.
[03:00:55.730] [Part 08] Launching c5.large...
[03:00:56.685] [Part 03] Instance terminated.
[03:00:56.694] [Part 09] Launching c5.large...
[03:01:11.216] [Part 05] Instance ready. IP: 3.87.19.8
[03:01:12.037] [Part 06] Instance ready. IP: 13.220.224.245
[03:01:13.319] [Part 07] Instance ready. IP: 52.207.154.90
[03:01:13.589] [Part 08] Instance ready. IP: 3.94.126.39
[03:01:14.527] [Part 09] Instance ready. IP: 54.159.123.21
[03:01:42.129] [Part 05] Installing ffmpeg...
[03:01:42.899] [Part 06] Installing ffmpeg...
[03:01:44.201] [Part 07] Installing ffmpeg...
[03:01:44.517] [Part 08] Installing ffmpeg...
[03:01:45.388] [Part 09] Installing ffmpeg...
[03:02:18.000] [Part 05] ffmpeg installed.
[03:02:18.062] [Part 07] ffmpeg installed.
[03:02:18.290] [Part 06] ffmpeg installed.
[03:02:18.411] [Part 05] CPU: Intel(R) Xeon(R) Platinum 8275CL CPU @ 3.00GHz
[03:02:18.450] [Part 07] CPU: Intel(R) Xeon(R) Platinum 8275CL CPU @ 3.00GHz
[03:02:18.671] [Part 06] CPU: Intel(R) Xeon(R) Platinum 8275CL CPU @ 3.00GHz
[03:02:18.678] [Part 08] ffmpeg installed.
[03:02:18.908] [Part 05] Uploading segment...
[03:02:18.928] [Part 07] Uploading segment...
[03:02:19.088] [Part 08] CPU: Intel(R) Xeon(R) Platinum 8275CL CPU @ 3.00GHz
[03:02:19.138] [Part 06] Uploading segment...
[03:02:19.583] [Part 08] Uploading segment...
[03:02:20.465] [Part 07] Running compression...
[03:02:20.512] [Part 05] Running compression...
[03:02:20.646] [Part 06] Running compression...
[03:02:21.074] [Part 08] Running compression...
[03:02:21.431] [Part 09] ffmpeg installed.
[03:02:21.812] [Part 09] CPU: Intel(R) Xeon(R) Platinum 8275CL CPU @ 3.00GHz
[03:02:22.277] [Part 09] Uploading segment...
[03:02:23.818] [Part 09] Running compression...
[03:02:33.386] [Part 05] Done!
[03:02:33.651] [Part 08] Done!
[03:02:33.953] [Part 06] Done!
[03:02:34.345] [Part 05] Instance terminated.
[03:02:34.422] [Part 07] Done!
[03:02:34.577] [Part 08] Instance terminated.
[03:02:34.927] [Part 06] Instance terminated.
[03:02:35.313] [Part 07] Instance terminated.
[03:02:36.701] [Part 09] Done!
[03:02:37.685] [Part 09] Instance terminated.
[03:02:37.690] ============================================================
[03:02:37.690] RESULTS — 10x c5.large Horizontal
[03:02:37.690]   Total Time:    206.69s (3.44 min)
[03:02:37.690]   Split Time:    1.60s
[03:02:37.690]   Parallel Time: 205.09s (3.42 min)
[03:02:37.690] ============================================================
