[11:04:52.046] === Phase 3.2 OPTIMIZED Horizontal: 10x c5.large ===
[11:04:52.046] AMI: ami-06c7c20c67513469a, Max workers: 10
[11:04:52.046] [Setup] Starting video split...
[11:04:52.094] [Setup] Video: 600.0s → 10 parts of 60.0s
[11:04:53.547] [Setup] Video split complete.
[11:04:53.547] [Summary] SPLIT TIME: 1.50s
[11:04:54.497] [Part 09] Launching c5.large...
[11:04:54.503] [Part 06] Launching c5.large...
[11:04:54.527] [Part 04] Launching c5.large...
[11:04:54.541] [Part 01] Launching c5.large...
[11:04:54.554] [Part 02] Launching c5.large...
[11:04:54.555] [Part 07] Launching c5.large...
[11:04:54.566] [Part 03] Launching c5.large...
[11:04:54.575] [Part 05] Launching c5.large...
[11:04:54.586] [Part 08] Launching c5.large...
[11:04:54.590] [Part 00] Launching c5.large...
[11:05:12.208] [Part 08] Instance ready. IP: 54.145.203.242
[11:05:12.213] [Part 05] Instance ready. IP: 52.90.245.211[11:05:12.218] [Part 07] Instance ready. IP: 23.22.96.38

[11:05:12.229] [Part 00] Instance ready. IP: 54.162.118.247
[11:05:12.264] [Part 04] Instance ready. IP: 32.192.211.253
[11:05:12.268] [Part 06] Instance ready. IP: 54.175.232.5
[11:05:12.302] [Part 02] Instance ready. IP: 54.165.55.155
[11:05:12.308] [Part 03] Instance ready. IP: 54.87.116.22
[11:05:12.319] [Part 01] Instance ready. IP: 54.173.131.139
[11:05:12.324] [Part 09] Instance ready. IP: 32.192.48.76
[11:05:43.920] [Part 08] CPU: Intel(R) Xeon(R) Platinum 8275CL CPU @ 3.00GHz
[11:05:44.055] [Part 04] CPU: Intel(R) Xeon(R) Platinum 8275CL CPU @ 3.00GHz
[11:05:44.099] [Part 05] CPU: Intel(R) Xeon(R) Platinum 8124M CPU @ 3.00GHz
[11:05:44.099] [Part 05] WARNING: CPU mismatch! Expected Intel(R) Xeon(R) Platinum 8275CL CPU @ 3.00GHz, got Intel(R) Xeon(R) Platinum 8124M CPU @ 3.00GHz
[11:05:44.108] [Part 00] CPU: Intel(R) Xeon(R) Platinum 8223CL CPU @ 3.00GHz
[11:05:44.108] [Part 00] WARNING: CPU mismatch! Expected Intel(R) Xeon(R) Platinum 8275CL CPU @ 3.00GHz, got Intel(R) Xeon(R) Platinum 8223CL CPU @ 3.00GHz
[11:05:44.131] [Part 07] CPU: Intel(R) Xeon(R) Platinum 8124M CPU @ 3.00GHz
[11:05:44.131] [Part 07] WARNING: CPU mismatch! Expected Intel(R) Xeon(R) Platinum 8275CL CPU @ 3.00GHz, got Intel(R) Xeon(R) Platinum 8124M CPU @ 3.00GHz
[11:05:44.144] [Part 02] CPU: Intel(R) Xeon(R) Platinum 8275CL CPU @ 3.00GHz
[11:05:44.151] [Part 06] CPU: Intel(R) Xeon(R) Platinum 8124M CPU @ 3.00GHz
[11:05:44.152] [Part 06] WARNING: CPU mismatch! Expected Intel(R) Xeon(R) Platinum 8275CL CPU @ 3.00GHz, got Intel(R) Xeon(R) Platinum 8124M CPU @ 3.00GHz
[11:05:44.157] [Part 09] CPU: Intel(R) Xeon(R) Platinum 8124M CPU @ 3.00GHz
[11:05:44.157] [Part 09] WARNING: CPU mismatch! Expected Intel(R) Xeon(R) Platinum 8275CL CPU @ 3.00GHz, got Intel(R) Xeon(R) Platinum 8124M CPU @ 3.00GHz
[11:05:44.186] [Part 01] CPU: Intel(R) Xeon(R) Platinum 8124M CPU @ 3.00GHz
[11:05:44.186] [Part 01] WARNING: CPU mismatch! Expected Intel(R) Xeon(R) Platinum 8275CL CPU @ 3.00GHz, got Intel(R) Xeon(R) Platinum 8124M CPU @ 3.00GHz
[11:05:44.257] [Part 03] CPU: Intel(R) Xeon(R) Platinum 8124M CPU @ 3.00GHz
[11:05:44.258] [Part 03] WARNING: CPU mismatch! Expected Intel(R) Xeon(R) Platinum 8275CL CPU @ 3.00GHz, got Intel(R) Xeon(R) Platinum 8124M CPU @ 3.00GHz
[11:05:44.367] [Part 08] Uploading segment...
[11:05:44.499] [Part 04] Uploading segment...
[11:05:44.544] [Part 05] Uploading segment...
[11:05:44.549] [Part 00] Uploading segment...
[11:05:44.573] [Part 07] Uploading segment...
[11:05:44.603] [Part 09] Uploading segment...
[11:05:44.609] [Part 02] Uploading segment...
[11:05:44.619] [Part 06] Uploading segment...
[11:05:44.635] [Part 01] Uploading segment...
[11:05:44.706] [Part 03] Uploading segment...
[11:05:46.213] [Part 08] Running compression...
[11:05:46.735] [Part 07] Running compression...
[11:05:46.778] [Part 04] Running compression...
[11:05:46.792] [Part 00] Running compression...
[11:05:47.045] [Part 09] Running compression...
[11:05:47.078] [Part 06] Running compression...
[11:05:47.106] [Part 05] Running compression...
[11:05:47.140] [Part 03] Running compression...
[11:05:47.145] [Part 01] Running compression...
[11:05:47.168] [Part 02] Running compression...
[11:05:57.236] [Part 05] Done!
[11:05:57.695] [Part 01] Done!
[11:05:57.850] [Part 05] Instance terminated.
[11:05:58.121] [Part 09] Done!
[11:05:58.251] [Part 00] Done!
[11:05:58.329] [Part 08] Done!
[11:05:58.338] [Part 01] Instance terminated.
[11:05:58.611] [Part 04] Done!
[11:05:58.664] [Part 09] Instance terminated.
[11:05:58.710] [Part 03] Done!
[11:05:58.952] [Part 08] Instance terminated.
[11:05:59.001] [Part 00] Instance terminated.
[11:05:59.183] [Part 04] Instance terminated.
[11:05:59.226] [Part 07] Done!
[11:05:59.297] [Part 03] Instance terminated.
[11:05:59.625] [Part 06] Done!
[11:05:59.825] [Part 07] Instance terminated.
[11:06:00.077] [Part 02] Done!
[11:06:00.235] [Part 06] Instance terminated.
[11:06:00.649] [Part 02] Instance terminated.
[11:06:00.653] ============================================================
[11:06:00.653] RESULTS — 10x c5.large Horizontal OPTIMIZED
[11:06:00.653]   Total Time:    68.61s (1.14 min)
[11:06:00.653]   Split Time:    1.50s
[11:06:00.653]   Parallel Time: 67.11s (1.12 min)
[11:06:00.653] ============================================================
