[11:54:27.240] === Phase 3.2 OPTIMIZED Serial: 1x c5.large ===
[11:54:27.240] AMI: ami-06c7c20c67513469a (ffmpeg pre-installed)
[11:54:27.240] [c5.large-Serial-OPT] Launching EC2 instance...
[11:54:29.103] [c5.large-Serial-OPT] Instance i-064565565b2b71642 launched. Waiting...
[11:54:44.920] [c5.large-Serial-OPT] Instance ready. IP: 3.90.144.239
[11:55:16.003] [c5.large-Serial-OPT] SSH connected.
[11:55:16.985] [c5.large-Serial-OPT] CPU: Intel(R) Xeon(R) Platinum 8275CL CPU @ 3.00GHz
[11:55:16.986] [c5.large-Serial-OPT] Uploading 10-minute video...
[11:55:25.171] [c5.large-Serial-OPT] Upload complete.
[11:55:25.171] [c5.large-Serial-OPT] SETUP TIME: 57.93s (0.97 min)
[11:55:25.171] [c5.large-Serial-OPT] Running: ffmpeg -i /home/ubuntu/input.mp4 -c:v libx264 -preset slow -b:v 2M -threads 5 -y /home/ubuntu/output.mp4
[11:56:52.203] [c5.large-Serial-OPT] ENCODING TIME: 87.03s (1.45 min)
[11:56:53.461] [c5.large-Serial-OPT] Instance terminated.
[11:56:53.461] [c5.large-Serial-OPT] ============================================================
[11:56:53.461] [c5.large-Serial-OPT] RESULTS — c5.large Serial OPTIMIZED
[11:56:53.461] [c5.large-Serial-OPT]   Total Time:    144.96s (2.42 min)
[11:56:53.461] [c5.large-Serial-OPT]   Setup Time:    57.93s (0.97 min)
[11:56:53.461] [c5.large-Serial-OPT]   Encoding Time: 87.03s (1.45 min)
[11:56:53.461] [c5.large-Serial-OPT]   Setup %:       40.0%
[11:56:53.461] [c5.large-Serial-OPT] ============================================================
