[01:46:13.023] === Phase 3.2 Horizontal Scaling: 10x c5.large ===
[01:46:13.023] Codec: libx264, Threads: 5, Max workers: 5
[01:46:13.023] [Setup] Starting video split...
[01:46:13.073] [Setup] Video: 600.0s → 10 parts of 60.0s
[01:46:14.618] [Setup] Video split complete.
[01:46:14.618] [Summary] SPLIT TIME: 1.59s
[01:46:15.114] [Part 00] Launching c5.large...
[01:46:15.136] [Part 01] Launching c5.large...
[01:46:15.147] [Part 03] Launching c5.large...
[01:46:15.156] [Part 04] Launching c5.large...
[01:46:15.165] [Part 02] Launching c5.large...
[01:46:32.781] [Part 00] Instance ready. IP: 3.92.194.208
[01:46:32.786] [Part 02] Instance ready. IP: 98.94.36.44
[01:46:32.801] [Part 04] Instance ready. IP: 44.210.122.129
[01:46:32.808] [Part 03] Instance ready. IP: 44.212.5.225
[01:46:32.812] [Part 01] Instance ready. IP: 13.221.241.112
[01:47:03.641] [Part 02] Installing ffmpeg...
[01:47:03.726] [Part 00] Installing ffmpeg...
[01:47:03.745] [Part 01] Installing ffmpeg...
[01:47:03.754] [Part 04] Installing ffmpeg...
[01:47:03.770] [Part 03] Installing ffmpeg...
[01:47:36.685] [Part 04] ffmpeg installed.
[01:47:37.071] [Part 04] CPU: Intel(R) Xeon(R) Platinum 8275CL CPU @ 3.00GHz
[01:47:37.548] [Part 04] Uploading segment...
[01:47:37.700] [Part 02] ffmpeg installed.
[01:47:38.083] [Part 02] CPU: Intel(R) Xeon(R) Platinum 8275CL CPU @ 3.00GHz
[01:47:38.546] [Part 02] Uploading segment...
[01:47:39.015] [Part 04] Running compression...
[01:47:39.425] [Part 03] ffmpeg installed.
[01:47:39.596] [Part 00] ffmpeg installed.
[01:47:39.791] [Part 01] ffmpeg installed.
[01:47:39.830] [Part 03] CPU: Intel(R) Xeon(R) Platinum 8275CL CPU @ 3.00GHz
[01:47:39.988] [Part 00] CPU: Intel(R) Xeon(R) Platinum 8275CL CPU @ 3.00GHz
[01:47:40.073] [Part 02] Running compression...
[01:47:40.172] [Part 01] CPU: Intel(R) Xeon(R) Platinum 8124M CPU @ 3.00GHz
[01:47:40.172] [Part 01] WARNING: CPU mismatch! Expected Intel(R) Xeon(R) Platinum 8275CL CPU @ 3.00GHz, got Intel(R) Xeon(R) Platinum 8124M CPU @ 3.00GHz
[01:47:40.326] [Part 03] Uploading segment...
[01:47:40.467] [Part 00] Uploading segment...
[01:47:40.637] [Part 01] Uploading segment...
[01:47:41.903] [Part 00] Running compression...
[01:47:42.027] [Part 01] Running compression...
[01:47:42.037] [Part 03] Running compression...
[01:47:52.174] [Part 04] Done!
[01:47:53.106] [Part 04] Instance terminated.
[01:47:53.135] [Part 05] Launching c5.large...
[01:47:53.475] [Part 02] Done!
[01:47:54.087] [Part 01] Done!
[01:47:54.398] [Part 02] Instance terminated.
[01:47:54.427] [Part 06] Launching c5.large...
[01:47:54.874] [Part 00] Done!
[01:47:54.950] [Part 01] Instance terminated.
[01:47:54.982] [Part 07] Launching c5.large...
[01:47:55.252] [Part 03] Done!
[01:47:55.736] [Part 00] Instance terminated.
[01:47:55.763] [Part 08] Launching c5.large...
[01:47:56.123] [Part 03] Instance terminated.
[01:47:56.151] [Part 09] Launching c5.large...
[01:48:10.555] [Part 05] Instance ready. IP: 54.89.59.177
[01:48:12.050] [Part 06] Instance ready. IP: 44.212.65.92
[01:48:12.483] [Part 07] Instance ready. IP: 44.203.99.92
[01:48:13.335] [Part 08] Instance ready. IP: 3.87.143.83
[01:48:13.693] [Part 09] Instance ready. IP: 44.212.27.15
[01:48:41.453] [Part 05] Installing ffmpeg...
[01:48:42.961] [Part 06] Installing ffmpeg...
[01:48:44.252] [Part 08] Installing ffmpeg...
[01:48:44.399] [Part 07] Installing ffmpeg...
[01:48:44.567] [Part 09] Installing ffmpeg...
[01:49:16.588] [Part 05] ffmpeg installed.
[01:49:16.980] [Part 05] CPU: Intel(R) Xeon(R) Platinum 8275CL CPU @ 3.00GHz
[01:49:17.466] [Part 05] Uploading segment...
[01:49:17.533] [Part 06] ffmpeg installed.
[01:49:17.936] [Part 06] CPU: Intel(R) Xeon(R) Platinum 8275CL CPU @ 3.00GHz
[01:49:18.198] [Part 07] ffmpeg installed.
[01:49:18.431] [Part 06] Uploading segment...
[01:49:18.603] [Part 07] CPU: Intel(R) Xeon(R) Platinum 8275CL CPU @ 3.00GHz
[01:49:19.033] [Part 05] Running compression...
[01:49:19.098] [Part 07] Uploading segment...
[01:49:19.878] [Part 09] ffmpeg installed.
[01:49:19.937] [Part 06] Running compression...
[01:49:20.266] [Part 09] CPU: Intel(R) Xeon(R) Platinum 8275CL CPU @ 3.00GHz
[01:49:20.699] [Part 07] Running compression...
[01:49:20.742] [Part 09] Uploading segment...
[01:49:21.446] [Part 08] ffmpeg installed.
[01:49:21.845] [Part 08] CPU: Intel(R) Xeon(R) Platinum 8124M CPU @ 3.00GHz
[01:49:21.845] [Part 08] WARNING: CPU mismatch! Expected Intel(R) Xeon(R) Platinum 8275CL CPU @ 3.00GHz, got Intel(R) Xeon(R) Platinum 8124M CPU @ 3.00GHz
[01:49:22.279] [Part 09] Running compression...
[01:49:22.340] [Part 08] Uploading segment...
[01:49:23.871] [Part 08] Running compression...
[01:49:31.774] [Part 05] Done!
[01:49:32.712] [Part 05] Instance terminated.
[01:49:33.386] [Part 06] Done!
[01:49:34.287] [Part 06] Instance terminated.
[01:49:34.790] [Part 07] Done!
[01:49:35.281] [Part 09] Done!
[01:49:35.708] [Part 07] Instance terminated.
[01:49:35.907] [Part 08] Done!
[01:49:36.216] [Part 09] Instance terminated.
[01:49:36.829] [Part 08] Instance terminated.
[01:49:36.834] ============================================================
[01:49:36.834] RESULTS — 10x c5.large Horizontal
[01:49:36.834]   Total Time:    203.81s (3.40 min)
[01:49:36.834]   Split Time:    1.59s
[01:49:36.834]   Parallel Time: 202.22s (3.37 min)
[01:49:36.834] ============================================================
