[11:21:26.975] === Phase 3.2 OPTIMIZED Serial: 1x c5.large ===
[11:21:26.975] AMI: ami-06c7c20c67513469a (ffmpeg pre-installed)
[11:21:26.975] [c5.large-Serial-OPT] Launching EC2 instance...
[11:21:31.381] [c5.large-Serial-OPT] Instance i-057920aeba8c18416 launched. Waiting...
[11:21:47.095] [c5.large-Serial-OPT] Instance ready. IP: 98.80.68.180
[11:22:17.966] [c5.large-Serial-OPT] SSH connected.
[11:22:18.845] [c5.large-Serial-OPT] CPU: Intel(R) Xeon(R) Platinum 8275CL CPU @ 3.00GHz
[11:22:18.845] [c5.large-Serial-OPT] Uploading 10-minute video...
[11:22:25.294] [c5.large-Serial-OPT] Upload complete.
[11:22:25.294] [c5.large-Serial-OPT] SETUP TIME: 58.32s (0.97 min)
[11:22:25.294] [c5.large-Serial-OPT] Running: ffmpeg -i /home/ubuntu/input.mp4 -c:v libx264 -preset slow -b:v 2M -threads 5 -y /home/ubuntu/output.mp4
[11:23:56.579] [c5.large-Serial-OPT] ENCODING TIME: 91.28s (1.52 min)
[11:23:57.673] [c5.large-Serial-OPT] Instance terminated.
[11:23:57.673] [c5.large-Serial-OPT] ============================================================
[11:23:57.673] [c5.large-Serial-OPT] RESULTS — c5.large Serial OPTIMIZED
[11:23:57.673] [c5.large-Serial-OPT]   Total Time:    149.60s (2.49 min)
[11:23:57.674] [c5.large-Serial-OPT]   Setup Time:    58.32s (0.97 min)
[11:23:57.674] [c5.large-Serial-OPT]   Encoding Time: 91.28s (1.52 min)
[11:23:57.674] [c5.large-Serial-OPT]   Setup %:       39.0%
[11:23:57.674] [c5.large-Serial-OPT] ============================================================
