[02:57:24.776] === Phase 3.2 Serial Baseline: 1x c5.large ===
[02:57:24.777] Codec: libx264, Threads: 5, Preset: slow
[02:57:24.777] [c5.large-Serial] Launching EC2 instance...
[02:57:26.616] [c5.large-Serial] Instance i-026d94cf6fba54788 launched. Waiting...
[02:57:42.340] [c5.large-Serial] Instance ready. IP: 3.93.43.112
[02:58:13.226] [c5.large-Serial] SSH connected.
[02:58:13.226] [c5.large-Serial] Installing ffmpeg...
[02:58:48.496] [c5.large-Serial] ffmpeg installed.
[02:58:48.893] [c5.large-Serial] CPU: Intel(R) Xeon(R) Platinum 8124M CPU @ 3.00GHz
[02:58:48.893] [c5.large-Serial] WARNING: CPU mismatch! Expected Intel(R) Xeon(R) Platinum 8275CL CPU @ 3.00GHz, got Intel(R) Xeon(R) Platinum 8124M CPU @ 3.00GHz
[02:58:48.894] [c5.large-Serial] Uploading 10-minute video...
[02:58:55.517] [c5.large-Serial] Upload complete.
[02:58:55.517] [c5.large-Serial] SETUP TIME: 90.74s (1.51 min)
[02:58:55.517] [c5.large-Serial] Running: ffmpeg -i /home/ubuntu/input.mp4 -c:v libx264 -preset slow -b:v 2M -threads 5 -max_muxing_queue_size 1024 -y /home/ubuntu/output.mp4
[03:00:30.841] [c5.large-Serial] ENCODING TIME: 95.32s (1.59 min)
[03:00:31.892] [c5.large-Serial] Instance terminated.
[03:00:31.892] [c5.large-Serial] ============================================================
[03:00:31.892] [c5.large-Serial] RESULTS — c5.large Serial
[03:00:31.892] [c5.large-Serial]   Total Time:    186.06s (3.10 min)
[03:00:31.892] [c5.large-Serial]   Setup Time:    90.74s (1.51 min)
[03:00:31.892] [c5.large-Serial]   Encoding Time: 95.32s (1.59 min)
[03:00:31.892] [c5.large-Serial]   Setup %:       48.8%
[03:00:31.892] [c5.large-Serial] ============================================================
