[11:59:54.439] === Phase 3.2 OPTIMIZED Horizontal: 10x c5.large ===
[11:59:54.439] AMI: ami-06c7c20c67513469a, Max workers: 10
[11:59:54.439] [Setup] Starting video split...
[11:59:54.486] [Setup] Video: 600.0s → 10 parts of 60.0s
[11:59:55.952] [Setup] Video split complete.
[11:59:55.952] [Summary] SPLIT TIME: 1.51s
[11:59:56.969] [Part 03] Launching c5.large...
[11:59:56.972] [Part 01] Launching c5.large...
[11:59:56.976] [Part 09] Launching c5.large...
[11:59:56.988] [Part 06] Launching c5.large...
[11:59:57.000] [Part 05] Launching c5.large...
[11:59:57.011] [Part 07] Launching c5.large...
[11:59:57.018] [Part 02] Launching c5.large...
[11:59:57.029] [Part 00] Launching c5.large...
[11:59:57.033] [Part 04] Launching c5.large...
[11:59:57.042] [Part 08] Launching c5.large...
[12:00:14.630] [Part 01] Instance ready. IP: 13.217.47.116
[12:00:14.649] [Part 05] Instance ready. IP: 35.175.205.232
[12:00:14.700] [Part 07] Instance ready. IP: 107.22.127.21
[12:00:14.718] [Part 09] Instance ready. IP: 54.173.240.255
[12:00:14.749] [Part 08] Instance ready. IP: 34.235.144.138
[12:00:14.767] [Part 00] Instance ready. IP: 100.30.225.147
[12:00:14.829] [Part 04] Instance ready. IP: 54.144.14.101
[12:00:15.012] [Part 02] Instance ready. IP: 100.31.37.107
[12:00:15.122] [Part 06] Instance ready. IP: 34.235.120.8
[12:00:15.126] [Part 03] Instance ready. IP: 54.83.155.202
[12:00:46.737] [Part 01] CPU: Intel(R) Xeon(R) Platinum 8124M CPU @ 3.00GHz
[12:00:46.737] [Part 01] WARNING: CPU mismatch! Expected Intel(R) Xeon(R) Platinum 8275CL CPU @ 3.00GHz, got Intel(R) Xeon(R) Platinum 8124M CPU @ 3.00GHz
[12:00:46.740] [Part 05] CPU: Intel(R) Xeon(R) Platinum 8124M CPU @ 3.00GHz
[12:00:46.740] [Part 05] WARNING: CPU mismatch! Expected Intel(R) Xeon(R) Platinum 8275CL CPU @ 3.00GHz, got Intel(R) Xeon(R) Platinum 8124M CPU @ 3.00GHz
[12:00:46.783] [Part 07] CPU: Intel(R) Xeon(R) Platinum 8275CL CPU @ 3.00GHz
[12:00:46.808] [Part 08] CPU: Intel(R) Xeon(R) Platinum 8124M CPU @ 3.00GHz
[12:00:46.809] [Part 08] WARNING: CPU mismatch! Expected Intel(R) Xeon(R) Platinum 8275CL CPU @ 3.00GHz, got Intel(R) Xeon(R) Platinum 8124M CPU @ 3.00GHz
[12:00:46.873] [Part 09] CPU: Intel(R) Xeon(R) Platinum 8124M CPU @ 3.00GHz
[12:00:46.873] [Part 09] WARNING: CPU mismatch! Expected Intel(R) Xeon(R) Platinum 8275CL CPU @ 3.00GHz, got Intel(R) Xeon(R) Platinum 8124M CPU @ 3.00GHz
[12:00:46.951] [Part 00] CPU: Intel(R) Xeon(R) Platinum 8124M CPU @ 3.00GHz
[12:00:46.951] [Part 00] WARNING: CPU mismatch! Expected Intel(R) Xeon(R) Platinum 8275CL CPU @ 3.00GHz, got Intel(R) Xeon(R) Platinum 8124M CPU @ 3.00GHz
[12:00:47.034] [Part 04] CPU: Intel(R) Xeon(R) Platinum 8124M CPU @ 3.00GHz
[12:00:47.035] [Part 04] WARNING: CPU mismatch! Expected Intel(R) Xeon(R) Platinum 8275CL CPU @ 3.00GHz, got Intel(R) Xeon(R) Platinum 8124M CPU @ 3.00GHz
[12:00:47.154] [Part 02] CPU: Intel(R) Xeon(R) Platinum 8223CL CPU @ 3.00GHz
[12:00:47.154] [Part 02] WARNING: CPU mismatch! Expected Intel(R) Xeon(R) Platinum 8275CL CPU @ 3.00GHz, got Intel(R) Xeon(R) Platinum 8223CL CPU @ 3.00GHz
[12:00:47.239] [Part 03] CPU: Intel(R) Xeon(R) Platinum 8275CL CPU @ 3.00GHz
[12:00:47.319] [Part 01] Uploading segment...
[12:00:47.322] [Part 05] Uploading segment...
[12:00:47.365] [Part 07] Uploading segment...
[12:00:47.385] [Part 06] CPU: Intel(R) Xeon(R) Platinum 8124M CPU @ 3.00GHz
[12:00:47.386] [Part 06] WARNING: CPU mismatch! Expected Intel(R) Xeon(R) Platinum 8275CL CPU @ 3.00GHz, got Intel(R) Xeon(R) Platinum 8124M CPU @ 3.00GHz
[12:00:47.390] [Part 08] Uploading segment...
[12:00:47.474] [Part 09] Uploading segment...
[12:00:47.534] [Part 00] Uploading segment...
[12:00:47.616] [Part 04] Uploading segment...
[12:00:47.737] [Part 02] Uploading segment...
[12:00:47.822] [Part 03] Uploading segment...
[12:00:47.987] [Part 06] Uploading segment...
[12:00:49.082] [Part 01] Running compression...
[12:00:49.252] [Part 05] Running compression...
[12:00:49.269] [Part 07] Running compression...
[12:00:49.309] [Part 09] Running compression...
[12:00:49.422] [Part 04] Running compression...
[12:00:49.439] [Part 00] Running compression...
[12:00:49.580] [Part 08] Running compression...
[12:00:49.665] [Part 02] Running compression...
[12:00:49.982] [Part 06] Running compression...
[12:00:50.262] [Part 03] Running compression...
[12:01:00.359] [Part 05] Done!
[12:01:00.448] [Part 01] Done!
[12:01:00.968] [Part 05] Instance terminated.
[12:01:01.044] [Part 01] Instance terminated.
[12:01:01.499] [Part 09] Done!
[12:01:01.662] [Part 08] Done!
[12:01:01.756] [Part 04] Done!
[12:01:02.142] [Part 09] Instance terminated.
[12:01:02.312] [Part 08] Instance terminated.
[12:01:02.430] [Part 04] Instance terminated.
[12:01:02.510] [Part 00] Done!
[12:01:02.911] [Part 07] Done!
[12:01:03.104] [Part 00] Instance terminated.
[12:01:03.181] [Part 02] Done!
[12:01:03.294] [Part 06] Done!
[12:01:03.592] [Part 07] Instance terminated.
[12:01:03.811] [Part 02] Instance terminated.
[12:01:03.812] [Part 03] Done!
[12:01:03.940] [Part 06] Instance terminated.
[12:01:04.496] [Part 03] Instance terminated.
[12:01:04.499] ============================================================
[12:01:04.500] RESULTS — 10x c5.large Horizontal OPTIMIZED
[12:01:04.500]   Total Time:    70.06s (1.17 min)
[12:01:04.500]   Split Time:    1.51s
[12:01:04.500]   Parallel Time: 68.55s (1.14 min)
[12:01:04.500] ============================================================
