[13:40:44.332] === Phase 3.2 OPTIMIZED Horizontal: 10x c5.large ===
[13:40:44.332] AMI: ami-06c7c20c67513469a, Max workers: 10
[13:40:44.332] [Setup] Starting video split...
[13:40:44.381] [Setup] Video: 600.0s → 10 parts of 60.0s
[13:40:45.946] [Setup] Video split complete.
[13:40:45.946] [Summary] SPLIT TIME: 1.61s
[13:40:46.957] [Part 05] Launching c5.large...
[13:40:46.997] [Part 09] Launching c5.large...
[13:40:47.014] [Part 06] Launching c5.large...
[13:40:47.019] [Part 04] Launching c5.large...
[13:40:47.033] [Part 01] Launching c5.large...
[13:40:47.050] [Part 00] Launching c5.large...
[13:40:47.054] [Part 08] Launching c5.large...
[13:40:47.060] [Part 03] Launching c5.large...
[13:40:47.068] [Part 07] Launching c5.large...
[13:40:47.079] [Part 02] Launching c5.large...
[13:41:04.801] [Part 09] Instance ready. IP: 54.224.92.73
[13:41:04.808] [Part 04] Instance ready. IP: 3.91.229.122
[13:41:04.832] [Part 03] Instance ready. IP: 52.206.58.48[13:41:04.837] [Part 06] Instance ready. IP: 54.145.32.8

[13:41:04.868] [Part 02] Instance ready. IP: 52.23.255.3
[13:41:04.938] [Part 05] Instance ready. IP: 54.211.86.45
[13:41:05.013] [Part 08] Instance ready. IP: 34.229.250.154
[13:41:05.230] [Part 01] Instance ready. IP: 54.84.78.45
[13:41:05.298] [Part 07] Instance ready. IP: 3.89.132.125
[13:41:05.319] [Part 00] Instance ready. IP: 54.196.108.202
[13:41:36.881] [Part 04] CPU: Intel(R) Xeon(R) Platinum 8275CL CPU @ 3.00GHz
[13:41:36.922] [Part 02] CPU: Intel(R) Xeon(R) Platinum 8275CL CPU @ 3.00GHz
[13:41:37.007] [Part 06] CPU: Intel(R) Xeon(R) Platinum 8124M CPU @ 3.00GHz
[13:41:37.007] [Part 06] WARNING: CPU mismatch! Expected Intel(R) Xeon(R) Platinum 8275CL CPU @ 3.00GHz, got Intel(R) Xeon(R) Platinum 8124M CPU @ 3.00GHz
[13:41:37.016] [Part 09] CPU: Intel(R) Xeon(R) Platinum 8124M CPU @ 3.00GHz
[13:41:37.016] [Part 09] WARNING: CPU mismatch! Expected Intel(R) Xeon(R) Platinum 8275CL CPU @ 3.00GHz, got Intel(R) Xeon(R) Platinum 8124M CPU @ 3.00GHz
[13:41:37.067] [Part 03] CPU: Intel(R) Xeon(R) Platinum 8275CL CPU @ 3.00GHz
[13:41:37.102] [Part 08] CPU: Intel(R) Xeon(R) Platinum 8275CL CPU @ 3.00GHz
[13:41:37.149] [Part 05] CPU: Intel(R) Xeon(R) Platinum 8275CL CPU @ 3.00GHz
[13:41:37.358] [Part 07] CPU: Intel(R) Xeon(R) Platinum 8275CL CPU @ 3.00GHz
[13:41:37.440] [Part 00] CPU: Intel(R) Xeon(R) Platinum 8124M CPU @ 3.00GHz
[13:41:37.440] [Part 00] WARNING: CPU mismatch! Expected Intel(R) Xeon(R) Platinum 8275CL CPU @ 3.00GHz, got Intel(R) Xeon(R) Platinum 8124M CPU @ 3.00GHz
[13:41:37.444] [Part 01] CPU: Intel(R) Xeon(R) Platinum 8275CL CPU @ 3.00GHz
[13:41:37.464] [Part 04] Uploading segment...
[13:41:37.504] [Part 02] Uploading segment...
[13:41:37.603] [Part 09] Uploading segment...
[13:41:37.608] [Part 06] Uploading segment...
[13:41:37.684] [Part 03] Uploading segment...
[13:41:37.686] [Part 08] Uploading segment...
[13:41:37.753] [Part 05] Uploading segment...
[13:41:37.940] [Part 07] Uploading segment...
[13:41:38.027] [Part 00] Uploading segment...
[13:41:38.048] [Part 01] Uploading segment...
[13:41:39.262] [Part 04] Running compression...
[13:41:39.524] [Part 09] Running compression...
[13:41:39.554] [Part 02] Running compression...
[13:41:39.633] [Part 06] Running compression...
[13:41:39.721] [Part 07] Running compression...
[13:41:39.731] [Part 05] Running compression...
[13:41:39.732] [Part 08] Running compression...
[13:41:39.845] [Part 00] Running compression...
[13:41:39.889] [Part 01] Running compression...
[13:41:40.133] [Part 03] Running compression...
[13:41:51.744] [Part 09] Done!
[13:41:52.377] [Part 04] Done!
[13:41:52.400] [Part 09] Instance terminated.
[13:41:52.481] [Part 00] Done!
[13:41:52.604] [Part 05] Done!
[13:41:52.663] [Part 01] Done!
[13:41:53.066] [Part 04] Instance terminated.
[13:41:53.080] [Part 07] Done!
[13:41:53.083] [Part 02] Done!
[13:41:53.124] [Part 00] Instance terminated.
[13:41:53.126] [Part 08] Done!
[13:41:53.159] [Part 05] Instance terminated.
[13:41:53.217] [Part 01] Instance terminated.
[13:41:53.498] [Part 06] Done!
[13:41:53.672] [Part 02] Instance terminated.
[13:41:53.682] [Part 07] Instance terminated.
[13:41:53.840] [Part 08] Instance terminated.
[13:41:54.117] [Part 06] Instance terminated.
[13:41:54.707] [Part 03] Done!
[13:41:55.318] [Part 03] Instance terminated.
[13:41:55.326] ============================================================
[13:41:55.326] RESULTS — 10x c5.large Horizontal OPTIMIZED
[13:41:55.326]   Total Time:    70.99s (1.18 min)
[13:41:55.326]   Split Time:    1.61s
[13:41:55.326]   Parallel Time: 69.38s (1.16 min)
[13:41:55.327] ============================================================
