[12:49:31.870] === Phase 3.2 OPTIMIZED Serial: 1x c5.large ===
[12:49:31.870] AMI: ami-06c7c20c67513469a (ffmpeg pre-installed)
[12:49:31.871] [c5.large-Serial-OPT] Launching EC2 instance...
[12:49:33.741] [c5.large-Serial-OPT] Instance i-0e0bbe3bb9c23bf6a launched. Waiting...
[12:49:49.537] [c5.large-Serial-OPT] Instance ready. IP: 3.93.62.51
[12:50:20.653] [c5.large-Serial-OPT] SSH connected.
[12:50:21.644] [c5.large-Serial-OPT] CPU: Intel(R) Xeon(R) Platinum 8124M CPU @ 3.00GHz
[12:50:21.645] [c5.large-Serial-OPT] WARNING: CPU mismatch! Expected Intel(R) Xeon(R) Platinum 8275CL CPU @ 3.00GHz, got Intel(R) Xeon(R) Platinum 8124M CPU @ 3.00GHz
[12:50:21.645] [c5.large-Serial-OPT] Uploading 10-minute video...
[12:50:30.135] [c5.large-Serial-OPT] Upload complete.
[12:50:30.135] [c5.large-Serial-OPT] SETUP TIME: 58.26s (0.97 min)
[12:50:30.135] [c5.large-Serial-OPT] Running: ffmpeg -i /home/ubuntu/input.mp4 -c:v libx264 -preset slow -b:v 2M -threads 5 -y /home/ubuntu/output.mp4
[12:51:55.718] [c5.large-Serial-OPT] ENCODING TIME: 85.58s (1.43 min)
[12:51:56.804] [c5.large-Serial-OPT] Instance terminated.
[12:51:56.804] [c5.large-Serial-OPT] ============================================================
[12:51:56.804] [c5.large-Serial-OPT] RESULTS — c5.large Serial OPTIMIZED
[12:51:56.805] [c5.large-Serial-OPT]   Total Time:    143.85s (2.40 min)
[12:51:56.805] [c5.large-Serial-OPT]   Setup Time:    58.26s (0.97 min)
[12:51:56.805] [c5.large-Serial-OPT]   Encoding Time: 85.58s (1.43 min)
[12:51:56.805] [c5.large-Serial-OPT]   Setup %:       40.5%
[12:51:56.805] [c5.large-Serial-OPT] ============================================================
