[10:17:52.004] === Phase 3.2 OPTIMIZED Serial: 1x c5.large ===
[10:17:52.004] AMI: ami-06c7c20c67513469a (ffmpeg pre-installed)
[10:17:52.004] [c5.large-Serial-OPT] Launching EC2 instance...
[10:17:53.910] [c5.large-Serial-OPT] Instance i-0d204db5f5cd25123 launched. Waiting...
[10:18:09.772] [c5.large-Serial-OPT] Instance ready. IP: 98.91.227.43
[10:18:40.854] [c5.large-Serial-OPT] SSH connected.
[10:18:41.856] [c5.large-Serial-OPT] CPU: Intel(R) Xeon(R) Platinum 8275CL CPU @ 3.00GHz
[10:18:41.856] [c5.large-Serial-OPT] Uploading 10-minute video...
[10:18:50.043] [c5.large-Serial-OPT] Upload complete.
[10:18:50.043] [c5.large-Serial-OPT] SETUP TIME: 58.04s (0.97 min)
[10:18:50.043] [c5.large-Serial-OPT] Running: ffmpeg -i /home/ubuntu/input.mp4 -c:v libx264 -preset slow -b:v 2M -threads 5 -y /home/ubuntu/output.mp4
[10:20:21.006] [c5.large-Serial-OPT] ENCODING TIME: 90.96s (1.52 min)
[10:20:22.122] [c5.large-Serial-OPT] Instance terminated.
[10:20:22.122] [c5.large-Serial-OPT] ============================================================
[10:20:22.122] [c5.large-Serial-OPT] RESULTS — c5.large Serial OPTIMIZED
[10:20:22.122] [c5.large-Serial-OPT]   Total Time:    149.00s (2.48 min)
[10:20:22.122] [c5.large-Serial-OPT]   Setup Time:    58.04s (0.97 min)
[10:20:22.122] [c5.large-Serial-OPT]   Encoding Time: 90.96s (1.52 min)
[10:20:22.122] [c5.large-Serial-OPT]   Setup %:       39.0%
[10:20:22.122] [c5.large-Serial-OPT] ============================================================
