[10:36:58.345] === Phase 3.2 OPTIMIZED Horizontal: 10x c5.large ===
[10:36:58.345] AMI: ami-06c7c20c67513469a, Max workers: 10
[10:36:58.345] [Setup] Starting video split...
[10:36:58.393] [Setup] Video: 600.0s → 10 parts of 60.0s
[10:36:59.926] [Setup] Video split complete.
[10:36:59.926] [Summary] SPLIT TIME: 1.58s
[10:37:00.875] [Part 07] Launching c5.large...
[10:37:00.893] [Part 01] Launching c5.large...
[10:37:00.907] [Part 00] Launching c5.large...
[10:37:00.909] [Part 05] Launching c5.large...
[10:37:00.920] [Part 09] Launching c5.large...
[10:37:00.930] [Part 02] Launching c5.large...
[10:37:00.940] [Part 04] Launching c5.large...
[10:37:00.948] [Part 06] Launching c5.large...
[10:37:00.956] [Part 03] Launching c5.large...
[10:37:00.964] [Part 08] Launching c5.large...
[10:37:18.883] [Part 05] Instance ready. IP: 100.30.178.173
[10:37:18.933] [Part 04] Instance ready. IP: 3.89.233.73
[10:37:18.948] [Part 08] Instance ready. IP: 54.166.245.12
[10:37:18.970] [Part 00] Instance ready. IP: 98.86.235.209
[10:37:19.077] [Part 07] Instance ready. IP: 54.224.236.184
[10:37:19.093] [Part 06] Instance ready. IP: 52.201.119.49
[10:37:19.215] [Part 02] Instance ready. IP: 13.222.197.116
[10:37:19.377] [Part 01] Instance ready. IP: 54.196.79.110
[10:37:19.445] [Part 03] Instance ready. IP: 3.92.165.229
[10:37:19.450] [Part 09] Instance ready. IP: 34.230.63.159
[10:37:50.945] [Part 05] CPU: Intel(R) Xeon(R) Platinum 8275CL CPU @ 3.00GHz
[10:37:51.068] [Part 08] CPU: Intel(R) Xeon(R) Platinum 8275CL CPU @ 3.00GHz
[10:37:51.078] [Part 04] CPU: Intel(R) Xeon(R) Platinum 8124M CPU @ 3.00GHz
[10:37:51.079] [Part 04] WARNING: CPU mismatch! Expected Intel(R) Xeon(R) Platinum 8275CL CPU @ 3.00GHz, got Intel(R) Xeon(R) Platinum 8124M CPU @ 3.00GHz
[10:37:51.115] [Part 00] CPU: Intel(R) Xeon(R) Platinum 8275CL CPU @ 3.00GHz
[10:37:51.190] [Part 07] CPU: Intel(R) Xeon(R) Platinum 8275CL CPU @ 3.00GHz
[10:37:51.276] [Part 06] CPU: Intel(R) Xeon(R) Platinum 8275CL CPU @ 3.00GHz
[10:37:51.380] [Part 02] CPU: Intel(R) Xeon(R) Platinum 8124M CPU @ 3.00GHz
[10:37:51.381] [Part 02] WARNING: CPU mismatch! Expected Intel(R) Xeon(R) Platinum 8275CL CPU @ 3.00GHz, got Intel(R) Xeon(R) Platinum 8124M CPU @ 3.00GHz
[10:37:51.476] [Part 01] CPU: Intel(R) Xeon(R) Platinum 8124M CPU @ 3.00GHz
[10:37:51.476] [Part 01] WARNING: CPU mismatch! Expected Intel(R) Xeon(R) Platinum 8275CL CPU @ 3.00GHz, got Intel(R) Xeon(R) Platinum 8124M CPU @ 3.00GHz
[10:37:51.527] [Part 05] Uploading segment...
[10:37:51.536] [Part 09] CPU: Intel(R) Xeon(R) Platinum 8275CL CPU @ 3.00GHz
[10:37:51.582] [Part 03] CPU: Intel(R) Xeon(R) Platinum 8124M CPU @ 3.00GHz
[10:37:51.582] [Part 03] WARNING: CPU mismatch! Expected Intel(R) Xeon(R) Platinum 8275CL CPU @ 3.00GHz, got Intel(R) Xeon(R) Platinum 8124M CPU @ 3.00GHz
[10:37:51.650] [Part 08] Uploading segment...
[10:37:51.660] [Part 04] Uploading segment...
[10:37:51.718] [Part 00] Uploading segment...
[10:37:51.773] [Part 07] Uploading segment...
[10:37:51.872] [Part 06] Uploading segment...
[10:37:51.960] [Part 02] Uploading segment...
[10:37:52.061] [Part 01] Uploading segment...
[10:37:52.120] [Part 09] Uploading segment...
[10:37:52.166] [Part 03] Uploading segment...
[10:37:53.979] [Part 05] Running compression...
[10:37:54.083] [Part 07] Running compression...
[10:37:54.091] [Part 06] Running compression...
[10:37:54.104] [Part 08] Running compression...
[10:37:54.112] [Part 00] Running compression...
[10:37:54.210] [Part 03] Running compression...
[10:37:54.268] [Part 02] Running compression...
[10:37:54.371] [Part 01] Running compression...
[10:37:54.375] [Part 04] Running compression...
[10:37:54.418] [Part 09] Running compression...
[10:38:05.672] [Part 01] Done!
[10:38:06.302] [Part 01] Instance terminated.
[10:38:06.425] [Part 05] Done!
[10:38:06.894] [Part 09] Done!
[10:38:07.003] [Part 05] Instance terminated.
[10:38:07.179] [Part 04] Done!
[10:38:07.235] [Part 08] Done!
[10:38:07.475] [Part 03] Done!
[10:38:07.501] [Part 09] Instance terminated.
[10:38:07.722] [Part 02] Done!
[10:38:07.795] [Part 00] Done!
[10:38:07.815] [Part 04] Instance terminated.
[10:38:07.860] [Part 08] Instance terminated.
[10:38:07.984] [Part 07] Done!
[10:38:08.142] [Part 03] Instance terminated.
[10:38:08.235] [Part 06] Done!
[10:38:08.361] [Part 02] Instance terminated.
[10:38:08.367] [Part 00] Instance terminated.
[10:38:08.568] [Part 07] Instance terminated.
[10:38:08.835] [Part 06] Instance terminated.
[10:38:08.840] ============================================================
[10:38:08.840] RESULTS — 10x c5.large Horizontal OPTIMIZED
[10:38:08.840]   Total Time:    70.49s (1.17 min)
[10:38:08.840]   Split Time:    1.58s
[10:38:08.840]   Parallel Time: 68.91s (1.15 min)
[10:38:08.840] ============================================================
