[13:25:49.165] === Phase 3.2 OPTIMIZED Horizontal: 10x c5.large ===
[13:25:49.165] AMI: ami-06c7c20c67513469a, Max workers: 10
[13:25:49.165] [Setup] Starting video split...
[13:25:49.216] [Setup] Video: 600.0s → 10 parts of 60.0s
[13:25:50.736] [Setup] Video split complete.
[13:25:50.736] [Summary] SPLIT TIME: 1.57s
[13:25:51.812] [Part 09] Launching c5.large...
[13:25:51.829] [Part 05] Launching c5.large...
[13:25:51.834] [Part 02] Launching c5.large...
[13:25:51.844] [Part 06] Launching c5.large...
[13:25:51.850] [Part 08] Launching c5.large...
[13:25:51.859] [Part 07] Launching c5.large...
[13:25:51.872] [Part 00] Launching c5.large...
[13:25:51.881] [Part 04] Launching c5.large...
[13:25:51.891] [Part 03] Launching c5.large...
[13:25:51.899] [Part 01] Launching c5.large...
[13:26:09.451] [Part 02] Instance ready. IP: 35.173.228.166
[13:26:09.502] [Part 08] Instance ready. IP: 100.30.211.220
[13:26:09.541] [Part 00] Instance ready. IP: 54.198.168.185
[13:26:09.559] [Part 03] Instance ready. IP: 3.81.140.238
[13:26:09.572] [Part 07] Instance ready. IP: 34.235.122.139
[13:26:09.649] [Part 09] Instance ready. IP: 52.87.198.178
[13:26:09.655] [Part 04] Instance ready. IP: 54.159.65.245
[13:26:10.001] [Part 06] Instance ready. IP: 54.161.91.73
[13:26:10.006] [Part 01] Instance ready. IP: 54.82.230.185[13:26:10.011] [Part 05] Instance ready. IP: 54.175.39.72

[13:26:41.060] [Part 02] CPU: Intel(R) Xeon(R) Platinum 8223CL CPU @ 3.00GHz
[13:26:41.061] [Part 02] WARNING: CPU mismatch! Expected Intel(R) Xeon(R) Platinum 8275CL CPU @ 3.00GHz, got Intel(R) Xeon(R) Platinum 8223CL CPU @ 3.00GHz
[13:26:41.594] [Part 00] CPU: Intel(R) Xeon(R) Platinum 8275CL CPU @ 3.00GHz
[13:26:41.595] [Part 08] CPU: Intel(R) Xeon(R) Platinum 8275CL CPU @ 3.00GHz
[13:26:41.634] [Part 07] CPU: Intel(R) Xeon(R) Platinum 8275CL CPU @ 3.00GHz
[13:26:41.643] [Part 02] Uploading segment...
[13:26:41.719] [Part 09] CPU: Intel(R) Xeon(R) Platinum 8275CL CPU @ 3.00GHz
[13:26:41.753] [Part 06] CPU: Intel(R) Xeon(R) Platinum 8124M CPU @ 3.00GHz
[13:26:41.753] [Part 06] WARNING: CPU mismatch! Expected Intel(R) Xeon(R) Platinum 8275CL CPU @ 3.00GHz, got Intel(R) Xeon(R) Platinum 8124M CPU @ 3.00GHz
[13:26:41.810] [Part 03] CPU: Intel(R) Xeon(R) Platinum 8124M CPU @ 3.00GHz
[13:26:41.810] [Part 03] WARNING: CPU mismatch! Expected Intel(R) Xeon(R) Platinum 8275CL CPU @ 3.00GHz, got Intel(R) Xeon(R) Platinum 8124M CPU @ 3.00GHz
[13:26:41.870] [Part 04] CPU: Intel(R) Xeon(R) Platinum 8124M CPU @ 3.00GHz
[13:26:41.870] [Part 04] WARNING: CPU mismatch! Expected Intel(R) Xeon(R) Platinum 8275CL CPU @ 3.00GHz, got Intel(R) Xeon(R) Platinum 8124M CPU @ 3.00GHz
[13:26:42.077] [Part 01] CPU: Intel(R) Xeon(R) Platinum 8223CL CPU @ 3.00GHz
[13:26:42.077] [Part 01] WARNING: CPU mismatch! Expected Intel(R) Xeon(R) Platinum 8275CL CPU @ 3.00GHz, got Intel(R) Xeon(R) Platinum 8223CL CPU @ 3.00GHz
[13:26:42.176] [Part 00] Uploading segment...
[13:26:42.177] [Part 08] Uploading segment...
[13:26:42.193] [Part 06] Uploading segment...
[13:26:42.215] [Part 07] Uploading segment...
[13:26:42.241] [Part 05] CPU: Intel(R) Xeon(R) Platinum 8124M CPU @ 3.00GHz
[13:26:42.242] [Part 05] WARNING: CPU mismatch! Expected Intel(R) Xeon(R) Platinum 8275CL CPU @ 3.00GHz, got Intel(R) Xeon(R) Platinum 8124M CPU @ 3.00GHz
[13:26:42.299] [Part 09] Uploading segment...
[13:26:42.391] [Part 03] Uploading segment...
[13:26:42.452] [Part 04] Uploading segment...
[13:26:42.657] [Part 01] Uploading segment...
[13:26:42.828] [Part 05] Uploading segment...
[13:26:43.610] [Part 06] Running compression...
[13:26:43.675] [Part 02] Running compression...
[13:26:43.976] [Part 00] Running compression...
[13:26:44.067] [Part 09] Running compression...
[13:26:44.094] [Part 08] Running compression...
[13:26:44.237] [Part 04] Running compression...
[13:26:44.257] [Part 07] Running compression...
[13:26:44.292] [Part 03] Running compression...
[13:26:44.437] [Part 01] Running compression...
[13:26:44.598] [Part 05] Running compression...
[13:26:56.357] [Part 01] Done!
[13:26:56.449] [Part 05] Done!
[13:26:56.592] [Part 06] Done!
[13:26:56.680] [Part 00] Done!
[13:26:56.877] [Part 09] Done!
[13:26:56.956] [Part 01] Instance terminated.
[13:26:56.972] [Part 02] Done!
[13:26:57.052] [Part 05] Instance terminated.
[13:26:57.089] [Part 04] Done!
[13:26:57.222] [Part 06] Instance terminated.
[13:26:57.286] [Part 00] Instance terminated.
[13:26:57.420] [Part 08] Done!
[13:26:57.487] [Part 09] Instance terminated.
[13:26:57.564] [Part 02] Instance terminated.
[13:26:57.733] [Part 04] Instance terminated.
[13:26:58.070] [Part 08] Instance terminated.
[13:26:58.373] [Part 07] Done!
[13:26:58.393] [Part 03] Done!
[13:26:58.960] [Part 07] Instance terminated.
[13:26:58.968] [Part 03] Instance terminated.
[13:26:58.979] ============================================================
[13:26:58.980] RESULTS — 10x c5.large Horizontal OPTIMIZED
[13:26:58.980]   Total Time:    69.81s (1.16 min)
[13:26:58.980]   Split Time:    1.57s
[13:26:58.980]   Parallel Time: 68.24s (1.14 min)
[13:26:58.980] ============================================================
