[21:48:46.254] === Phase 3.2 Horizontal Scaling: 10x c5.large ===
[21:48:46.254] Codec: libx264, Threads: 5, Max workers: 5
[21:48:46.254] [Setup] Starting video split...
[21:48:46.311] [Setup] Video: 600.0s → 10 parts of 60.0s
[21:48:48.101] [Setup] Video split complete.
[21:48:48.101] [Summary] SPLIT TIME: 1.85s
[21:48:48.764] [Part 02] Launching c5.large...
[21:48:48.769] [Part 03] Launching c5.large...
[21:48:48.782] [Part 04] Launching c5.large...
[21:48:48.798] [Part 00] Launching c5.large...
[21:48:48.807] [Part 01] Launching c5.large...
[21:49:06.207] [Part 02] Instance ready. IP: 18.212.10.222
[21:49:06.290] [Part 03] Instance ready. IP: 54.210.246.200
[21:49:06.314] [Part 01] Instance ready. IP: 98.81.251.103
[21:49:06.326] [Part 00] Instance ready. IP: 35.170.244.126
[21:49:06.483] [Part 04] Instance ready. IP: 44.212.64.134
[21:49:37.090] [Part 02] Installing ffmpeg...
[21:49:37.176] [Part 03] Installing ffmpeg...
[21:49:37.214] [Part 01] Installing ffmpeg...
[21:49:37.345] [Part 00] Installing ffmpeg...
[21:49:37.498] [Part 04] Installing ffmpeg...
[21:50:11.248] [Part 00] ffmpeg installed.
[21:50:11.436] [Part 04] ffmpeg installed.
[21:50:11.699] [Part 00] CPU: Intel(R) Xeon(R) Platinum 8275CL CPU @ 3.00GHz
[21:50:11.892] [Part 04] CPU: Intel(R) Xeon(R) Platinum 8275CL CPU @ 3.00GHz
[21:50:12.258] [Part 00] Uploading segment...
[21:50:12.323] [Part 01] ffmpeg installed.
[21:50:12.450] [Part 04] Uploading segment...
[21:50:12.702] [Part 02] ffmpeg installed.
[21:50:12.703] [Part 01] CPU: Intel(R) Xeon(R) Platinum 8275CL CPU @ 3.00GHz
[21:50:13.082] [Part 02] CPU: Intel(R) Xeon(R) Platinum 8275CL CPU @ 3.00GHz
[21:50:13.166] [Part 01] Uploading segment...
[21:50:13.252] [Part 03] ffmpeg installed.
[21:50:13.545] [Part 02] Uploading segment...
[21:50:13.643] [Part 03] CPU: Intel(R) Xeon(R) Platinum 8275CL CPU @ 3.00GHz
[21:50:13.946] [Part 00] Running compression...
[21:50:14.130] [Part 03] Uploading segment...
[21:50:14.145] [Part 04] Running compression...
[21:50:14.655] [Part 01] Running compression...
[21:50:14.937] [Part 02] Running compression...
[21:50:15.579] [Part 03] Running compression...
[21:50:26.349] [Part 01] Done!
[21:50:27.223] [Part 01] Instance terminated.
[21:50:27.233] [Part 05] Launching c5.large...
[21:50:27.382] [Part 00] Done!
[21:50:27.917] [Part 04] Done!
[21:50:28.236] [Part 00] Instance terminated.
[21:50:28.245] [Part 06] Launching c5.large...
[21:50:28.252] [Part 02] Done!
[21:50:28.813] [Part 04] Instance terminated.
[21:50:28.823] [Part 07] Launching c5.large...
[21:50:28.846] [Part 03] Done!
[21:50:29.163] [Part 02] Instance terminated.
[21:50:29.169] [Part 08] Launching c5.large...
[21:50:29.750] [Part 03] Instance terminated.
[21:50:29.759] [Part 09] Launching c5.large...
[21:50:45.015] [Part 05] Instance ready. IP: 54.166.127.69
[21:50:45.912] [Part 06] Instance ready. IP: 18.206.57.142
[21:50:46.229] [Part 07] Instance ready. IP: 18.212.200.49
[21:50:46.775] [Part 08] Instance ready. IP: 54.167.159.85
[21:50:47.169] [Part 09] Instance ready. IP: 54.161.243.63
[21:51:15.874] [Part 05] Installing ffmpeg...
[21:51:16.762] [Part 06] Installing ffmpeg...
[21:51:17.086] [Part 07] Installing ffmpeg...
[21:51:17.633] [Part 08] Installing ffmpeg...
[21:51:17.971] [Part 09] Installing ffmpeg...
[21:51:48.839] [Part 05] ffmpeg installed.
[21:51:49.221] [Part 05] CPU: Intel(R) Xeon(R) Platinum 8275CL CPU @ 3.00GHz
[21:51:49.689] [Part 05] Uploading segment...
[21:51:50.892] [Part 07] ffmpeg installed.
[21:51:51.087] [Part 05] Running compression...
[21:51:51.271] [Part 07] CPU: Intel(R) Xeon(R) Platinum 8275CL CPU @ 3.00GHz
[21:51:51.739] [Part 07] Uploading segment...
[21:51:52.229] [Part 06] ffmpeg installed.
[21:51:52.607] [Part 06] CPU: Intel(R) Xeon(R) Platinum 8275CL CPU @ 3.00GHz
[21:51:52.816] [Part 09] ffmpeg installed.
[21:51:53.072] [Part 06] Uploading segment...
[21:51:53.140] [Part 07] Running compression...
[21:51:53.193] [Part 09] CPU: Intel(R) Xeon(R) Platinum 8275CL CPU @ 3.00GHz
[21:51:53.654] [Part 09] Uploading segment...
[21:51:54.464] [Part 06] Running compression...
[21:51:54.594] [Part 08] ffmpeg installed.
[21:51:54.972] [Part 08] CPU: Intel(R) Xeon(R) Platinum 8275CL CPU @ 3.00GHz
[21:51:55.064] [Part 09] Running compression...
[21:51:55.438] [Part 08] Uploading segment...
[21:51:56.829] [Part 08] Running compression...
[21:52:03.197] [Part 05] Done!
[21:52:04.145] [Part 05] Instance terminated.
[21:52:07.089] [Part 07] Done!
[21:52:07.731] [Part 06] Done!
[21:52:07.865] [Part 09] Done!
[21:52:08.056] [Part 07] Instance terminated.
[21:52:08.642] [Part 06] Instance terminated.
[21:52:08.739] [Part 09] Instance terminated.
[21:52:09.172] [Part 08] Done!
[21:52:10.172] [Part 08] Instance terminated.
[21:52:10.174] ============================================================
[21:52:10.174] RESULTS — 10x c5.large Horizontal
[21:52:10.174]   Total Time:    203.92s (3.40 min)
[21:52:10.174]   Split Time:    1.85s
[21:52:10.174]   Parallel Time: 202.07s (3.37 min)
[21:52:10.174] ============================================================
