[12:16:22.018] === Phase 3.2 OPTIMIZED Serial: 1x c5.large ===
[12:16:22.018] AMI: ami-06c7c20c67513469a (ffmpeg pre-installed)
[12:16:22.018] [c5.large-Serial-OPT] Launching EC2 instance...
[12:16:24.048] [c5.large-Serial-OPT] Instance i-0f81e0c516324fc69 launched. Waiting...
[12:16:39.868] [c5.large-Serial-OPT] Instance ready. IP: 35.153.70.223
[12:17:10.925] [c5.large-Serial-OPT] SSH connected.
[12:17:11.942] [c5.large-Serial-OPT] CPU: Intel(R) Xeon(R) Platinum 8124M CPU @ 3.00GHz
[12:17:11.942] [c5.large-Serial-OPT] WARNING: CPU mismatch! Expected Intel(R) Xeon(R) Platinum 8275CL CPU @ 3.00GHz, got Intel(R) Xeon(R) Platinum 8124M CPU @ 3.00GHz
[12:17:11.942] [c5.large-Serial-OPT] Uploading 10-minute video...
[12:17:20.159] [c5.large-Serial-OPT] Upload complete.
[12:17:20.159] [c5.large-Serial-OPT] SETUP TIME: 58.14s (0.97 min)
[12:17:20.163] [c5.large-Serial-OPT] Running: ffmpeg -i /home/ubuntu/input.mp4 -c:v libx264 -preset slow -b:v 2M -threads 5 -y /home/ubuntu/output.mp4
[12:18:45.658] [c5.large-Serial-OPT] ENCODING TIME: 85.49s (1.42 min)
[12:18:46.691] [c5.large-Serial-OPT] Instance terminated.
[12:18:46.691] [c5.large-Serial-OPT] ============================================================
[12:18:46.692] [c5.large-Serial-OPT] RESULTS — c5.large Serial OPTIMIZED
[12:18:46.692] [c5.large-Serial-OPT]   Total Time:    143.64s (2.39 min)
[12:18:46.692] [c5.large-Serial-OPT]   Setup Time:    58.14s (0.97 min)
[12:18:46.692] [c5.large-Serial-OPT]   Encoding Time: 85.49s (1.42 min)
[12:18:46.692] [c5.large-Serial-OPT]   Setup %:       40.5%
[12:18:46.692] [c5.large-Serial-OPT] ============================================================
