[12:41:17.238] === Phase 3.2 OPTIMIZED Horizontal: 10x c5.large ===
[12:41:17.238] AMI: ami-06c7c20c67513469a, Max workers: 10
[12:41:17.238] [Setup] Starting video split...
[12:41:17.287] [Setup] Video: 600.0s → 10 parts of 60.0s
[12:41:18.808] [Setup] Video split complete.
[12:41:18.808] [Summary] SPLIT TIME: 1.57s
[12:41:19.876] [Part 02] Launching c5.large...
[12:41:19.886] [Part 03] Launching c5.large...
[12:41:19.891] [Part 01] Launching c5.large...
[12:41:19.908] [Part 06] Launching c5.large...
[12:41:19.920] [Part 07] Launching c5.large...
[12:41:19.929] [Part 09] Launching c5.large...
[12:41:19.943] [Part 00] Launching c5.large...
[12:41:19.948] [Part 04] Launching c5.large...
[12:41:19.957] [Part 08] Launching c5.large...
[12:41:19.964] [Part 05] Launching c5.large...
[12:41:38.020] [Part 06] Instance ready. IP: 3.92.238.159
[12:41:38.086] [Part 08] Instance ready. IP: 3.89.154.211
[12:41:38.103] [Part 00] Instance ready. IP: 35.173.188.186
[12:41:38.120] [Part 02] Instance ready. IP: 98.82.188.198
[12:41:38.126] [Part 07] Instance ready. IP: 52.54.172.234
[12:41:38.131] [Part 03] Instance ready. IP: 54.85.124.121
[12:41:38.136] [Part 04] Instance ready. IP: 54.80.79.179
[12:41:38.142] [Part 01] Instance ready. IP: 18.206.217.60[12:41:38.146] [Part 05] Instance ready. IP: 54.198.122.205

[12:41:38.265] [Part 09] Instance ready. IP: 52.90.249.137
[12:42:10.087] [Part 06] CPU: Intel(R) Xeon(R) Platinum 8275CL CPU @ 3.00GHz
[12:42:10.170] [Part 08] CPU: Intel(R) Xeon(R) Platinum 8275CL CPU @ 3.00GHz
[12:42:10.208] [Part 02] CPU: Intel(R) Xeon(R) Platinum 8124M CPU @ 3.00GHz
[12:42:10.209] [Part 02] WARNING: CPU mismatch! Expected Intel(R) Xeon(R) Platinum 8275CL CPU @ 3.00GHz, got Intel(R) Xeon(R) Platinum 8124M CPU @ 3.00GHz
[12:42:10.239] [Part 00] CPU: Intel(R) Xeon(R) Platinum 8223CL CPU @ 3.00GHz
[12:42:10.240] [Part 00] WARNING: CPU mismatch! Expected Intel(R) Xeon(R) Platinum 8275CL CPU @ 3.00GHz, got Intel(R) Xeon(R) Platinum 8223CL CPU @ 3.00GHz
[12:42:10.246] [Part 07] CPU: Intel(R) Xeon(R) Platinum 8275CL CPU @ 3.00GHz
[12:42:10.271] [Part 03] CPU: Intel(R) Xeon(R) Platinum 8275CL CPU @ 3.00GHz
[12:42:10.330] [Part 05] CPU: Intel(R) Xeon(R) Platinum 8124M CPU @ 3.00GHz
[12:42:10.330] [Part 05] WARNING: CPU mismatch! Expected Intel(R) Xeon(R) Platinum 8275CL CPU @ 3.00GHz, got Intel(R) Xeon(R) Platinum 8124M CPU @ 3.00GHz
[12:42:10.332] [Part 01] CPU: Intel(R) Xeon(R) Platinum 8223CL CPU @ 3.00GHz
[12:42:10.332] [Part 01] WARNING: CPU mismatch! Expected Intel(R) Xeon(R) Platinum 8275CL CPU @ 3.00GHz, got Intel(R) Xeon(R) Platinum 8223CL CPU @ 3.00GHz
[12:42:10.347] [Part 04] CPU: Intel(R) Xeon(R) Platinum 8124M CPU @ 3.00GHz
[12:42:10.348] [Part 04] WARNING: CPU mismatch! Expected Intel(R) Xeon(R) Platinum 8275CL CPU @ 3.00GHz, got Intel(R) Xeon(R) Platinum 8124M CPU @ 3.00GHz
[12:42:10.571] [Part 09] CPU: Intel(R) Xeon(R) Platinum 8124M CPU @ 3.00GHz
[12:42:10.571] [Part 09] WARNING: CPU mismatch! Expected Intel(R) Xeon(R) Platinum 8275CL CPU @ 3.00GHz, got Intel(R) Xeon(R) Platinum 8124M CPU @ 3.00GHz
[12:42:10.669] [Part 06] Uploading segment...
[12:42:10.753] [Part 08] Uploading segment...
[12:42:10.792] [Part 02] Uploading segment...
[12:42:10.842] [Part 00] Uploading segment...
[12:42:10.844] [Part 07] Uploading segment...
[12:42:10.852] [Part 03] Uploading segment...
[12:42:10.915] [Part 05] Uploading segment...
[12:42:10.929] [Part 04] Uploading segment...
[12:42:10.933] [Part 01] Uploading segment...
[12:42:11.172] [Part 09] Uploading segment...
[12:42:12.539] [Part 08] Running compression...
[12:42:12.626] [Part 03] Running compression...
[12:42:12.683] [Part 00] Running compression...
[12:42:12.690] [Part 07] Running compression...
[12:42:12.697] [Part 05] Running compression...
[12:42:12.707] [Part 02] Running compression...
[12:42:12.769] [Part 01] Running compression...
[12:42:12.869] [Part 04] Running compression...
[12:42:13.007] [Part 06] Running compression...
[12:42:13.060] [Part 09] Running compression...
[12:42:24.675] [Part 01] Done!
[12:42:24.953] [Part 02] Done!
[12:42:25.182] [Part 00] Done!
[12:42:25.301] [Part 05] Done!
[12:42:25.315] [Part 08] Done!
[12:42:25.345] [Part 03] Done!
[12:42:25.368] [Part 01] Instance terminated.
[12:42:25.465] [Part 04] Done!
[12:42:25.571] [Part 02] Instance terminated.
[12:42:25.737] [Part 09] Done!
[12:42:25.769] [Part 00] Instance terminated.
[12:42:25.891] [Part 05] Instance terminated.
[12:42:25.921] [Part 03] Instance terminated.
[12:42:25.999] [Part 08] Instance terminated.
[12:42:26.111] [Part 04] Instance terminated.
[12:42:26.329] [Part 09] Instance terminated.
[12:42:26.538] [Part 07] Done!
[12:42:27.088] [Part 06] Done!
[12:42:27.160] [Part 07] Instance terminated.
[12:42:27.702] [Part 06] Instance terminated.
[12:42:27.710] ============================================================
[12:42:27.710] RESULTS — 10x c5.large Horizontal OPTIMIZED
[12:42:27.711]   Total Time:    70.47s (1.17 min)
[12:42:27.711]   Split Time:    1.57s
[12:42:27.711]   Parallel Time: 68.90s (1.15 min)
[12:42:27.711] ============================================================
