[13:00:31.738] === Phase 3.2 OPTIMIZED Serial: 1x c5.large ===
[13:00:31.738] AMI: ami-06c7c20c67513469a (ffmpeg pre-installed)
[13:00:31.738] [c5.large-Serial-OPT] Launching EC2 instance...
[13:00:33.813] [c5.large-Serial-OPT] Instance i-00fe156cfb73349c0 launched. Waiting...
[13:00:50.070] [c5.large-Serial-OPT] Instance ready. IP: 98.91.250.242
[13:01:21.141] [c5.large-Serial-OPT] SSH connected.
[13:01:22.120] [c5.large-Serial-OPT] CPU: Intel(R) Xeon(R) Platinum 8223CL CPU @ 3.00GHz
[13:01:22.120] [c5.large-Serial-OPT] WARNING: CPU mismatch! Expected Intel(R) Xeon(R) Platinum 8275CL CPU @ 3.00GHz, got Intel(R) Xeon(R) Platinum 8223CL CPU @ 3.00GHz
[13:01:22.120] [c5.large-Serial-OPT] Uploading 10-minute video...
[13:01:32.083] [c5.large-Serial-OPT] Upload complete.
[13:01:32.083] [c5.large-Serial-OPT] SETUP TIME: 60.35s (1.01 min)
[13:01:32.083] [c5.large-Serial-OPT] Running: ffmpeg -i /home/ubuntu/input.mp4 -c:v libx264 -preset slow -b:v 2M -threads 5 -y /home/ubuntu/output.mp4
[13:02:58.141] [c5.large-Serial-OPT] ENCODING TIME: 86.06s (1.43 min)
[13:02:59.348] [c5.large-Serial-OPT] Instance terminated.
[13:02:59.348] [c5.large-Serial-OPT] ============================================================
[13:02:59.348] [c5.large-Serial-OPT] RESULTS — c5.large Serial OPTIMIZED
[13:02:59.349] [c5.large-Serial-OPT]   Total Time:    146.40s (2.44 min)
[13:02:59.349] [c5.large-Serial-OPT]   Setup Time:    60.35s (1.01 min)
[13:02:59.349] [c5.large-Serial-OPT]   Encoding Time: 86.06s (1.43 min)
[13:02:59.349] [c5.large-Serial-OPT]   Setup %:       41.2%
[13:02:59.349] [c5.large-Serial-OPT] ============================================================
