[13:43:09.956] === Phase 3.2 OPTIMIZED Horizontal: 10x c5.large ===
[13:43:09.956] AMI: ami-06c7c20c67513469a, Max workers: 10
[13:43:09.956] [Setup] Starting video split...
[13:43:10.006] [Setup] Video: 600.0s → 10 parts of 60.0s
[13:43:11.513] [Setup] Video split complete.
[13:43:11.513] [Summary] SPLIT TIME: 1.56s
[13:43:12.503] [Part 08] Launching c5.large...
[13:43:12.539] [Part 04] Launching c5.large...
[13:43:12.553] [Part 07] Launching c5.large...
[13:43:12.563] [Part 01] Launching c5.large...
[13:43:12.575] [Part 06] Launching c5.large...
[13:43:12.584] [Part 00] Launching c5.large...
[13:43:12.595] [Part 03] Launching c5.large...
[13:43:12.606] [Part 02] Launching c5.large...
[13:43:12.614] [Part 09] Launching c5.large...
[13:43:12.618] [Part 05] Launching c5.large...
[13:43:30.223] [Part 08] Instance ready. IP: 3.95.254.93
[13:43:30.305] [Part 04] Instance ready. IP: 3.81.117.241
[13:43:30.311] [Part 06] Instance ready. IP: 54.224.66.24
[13:43:30.599] [Part 07] Instance ready. IP: 54.80.254.38
[13:43:30.631] [Part 03] Instance ready. IP: 34.204.88.233
[13:43:30.655] [Part 05] Instance ready. IP: 34.201.121.12
[13:43:30.712] [Part 01] Instance ready. IP: 100.30.202.145
[13:43:30.731] [Part 09] Instance ready. IP: 54.158.218.17
[13:43:30.740] [Part 00] Instance ready. IP: 18.232.108.81
[13:43:30.782] [Part 02] Instance ready. IP: 34.235.147.185
[13:44:02.201] [Part 08] CPU: Intel(R) Xeon(R) Platinum 8275CL CPU @ 3.00GHz
[13:44:02.457] [Part 06] CPU: Intel(R) Xeon(R) Platinum 8124M CPU @ 3.00GHz
[13:44:02.458] [Part 06] WARNING: CPU mismatch! Expected Intel(R) Xeon(R) Platinum 8275CL CPU @ 3.00GHz, got Intel(R) Xeon(R) Platinum 8124M CPU @ 3.00GHz
[13:44:02.529] [Part 04] CPU: Intel(R) Xeon(R) Platinum 8124M CPU @ 3.00GHz
[13:44:02.529] [Part 04] WARNING: CPU mismatch! Expected Intel(R) Xeon(R) Platinum 8275CL CPU @ 3.00GHz, got Intel(R) Xeon(R) Platinum 8124M CPU @ 3.00GHz
[13:44:02.702] [Part 07] CPU: Intel(R) Xeon(R) Platinum 8275CL CPU @ 3.00GHz
[13:44:02.760] [Part 03] CPU: Intel(R) Xeon(R) Platinum 8275CL CPU @ 3.00GHz
[13:44:02.780] [Part 01] CPU: Intel(R) Xeon(R) Platinum 8275CL CPU @ 3.00GHz
[13:44:02.785] [Part 08] Uploading segment...
[13:44:02.788] [Part 05] CPU: Intel(R) Xeon(R) Platinum 8275CL CPU @ 3.00GHz
[13:44:02.789] [Part 00] CPU: Intel(R) Xeon(R) Platinum 8275CL CPU @ 3.00GHz
[13:44:02.845] [Part 09] CPU: Intel(R) Xeon(R) Platinum 8275CL CPU @ 3.00GHz
[13:44:03.011] [Part 02] CPU: Intel(R) Xeon(R) Platinum 8275CL CPU @ 3.00GHz
[13:44:03.040] [Part 06] Uploading segment...
[13:44:03.113] [Part 04] Uploading segment...
[13:44:03.284] [Part 07] Uploading segment...
[13:44:03.344] [Part 03] Uploading segment...
[13:44:03.362] [Part 01] Uploading segment...
[13:44:03.372] [Part 05] Uploading segment...
[13:44:03.373] [Part 00] Uploading segment...
[13:44:03.446] [Part 09] Uploading segment...
[13:44:03.595] [Part 02] Uploading segment...
[13:44:04.822] [Part 08] Running compression...
[13:44:05.062] [Part 07] Running compression...
[13:44:05.243] [Part 03] Running compression...
[13:44:05.291] [Part 04] Running compression...
[13:44:05.302] [Part 00] Running compression...
[13:44:05.447] [Part 05] Running compression...
[13:44:05.498] [Part 02] Running compression...
[13:44:05.715] [Part 09] Running compression...
[13:44:05.717] [Part 01] Running compression...
[13:44:06.043] [Part 06] Running compression...
[13:44:17.654] [Part 08] Done!
[13:44:17.692] [Part 05] Done!
[13:44:17.926] [Part 09] Done!
[13:44:17.955] [Part 00] Done!
[13:44:18.228] [Part 08] Instance terminated.
[13:44:18.290] [Part 05] Instance terminated.
[13:44:18.424] [Part 01] Done!
[13:44:18.507] [Part 09] Instance terminated.
[13:44:18.517] [Part 00] Instance terminated.
[13:44:18.952] [Part 07] Done!
[13:44:19.020] [Part 01] Instance terminated.
[13:44:19.348] [Part 04] Done!
[13:44:19.472] [Part 06] Done!
[13:44:19.479] [Part 03] Done!
[13:44:19.846] [Part 07] Instance terminated.
[13:44:20.025] [Part 04] Instance terminated.
[13:44:20.040] [Part 03] Instance terminated.
[13:44:20.104] [Part 06] Instance terminated.
[13:44:20.587] [Part 02] Done!
[13:44:21.195] [Part 02] Instance terminated.
[13:44:21.200] ============================================================
[13:44:21.200] RESULTS — 10x c5.large Horizontal OPTIMIZED
[13:44:21.200]   Total Time:    71.24s (1.19 min)
[13:44:21.200]   Split Time:    1.56s
[13:44:21.200]   Parallel Time: 69.69s (1.16 min)
[13:44:21.200] ============================================================
