[13:34:04.268] === Phase 3.2 OPTIMIZED Serial: 1x c5.large ===
[13:34:04.268] AMI: ami-06c7c20c67513469a (ffmpeg pre-installed)
[13:34:04.268] [c5.large-Serial-OPT] Launching EC2 instance...
[13:34:06.315] [c5.large-Serial-OPT] Instance i-07a061e592953b39a launched. Waiting...
[13:34:22.078] [c5.large-Serial-OPT] Instance ready. IP: 3.82.49.28
[13:34:53.158] [c5.large-Serial-OPT] SSH connected.
[13:34:54.191] [c5.large-Serial-OPT] CPU: Intel(R) Xeon(R) Platinum 8124M CPU @ 3.00GHz
[13:34:54.191] [c5.large-Serial-OPT] WARNING: CPU mismatch! Expected Intel(R) Xeon(R) Platinum 8275CL CPU @ 3.00GHz, got Intel(R) Xeon(R) Platinum 8124M CPU @ 3.00GHz
[13:34:54.191] [c5.large-Serial-OPT] Uploading 10-minute video...
[13:35:02.903] [c5.large-Serial-OPT] Upload complete.
[13:35:02.903] [c5.large-Serial-OPT] SETUP TIME: 58.63s (0.98 min)
[13:35:02.903] [c5.large-Serial-OPT] Running: ffmpeg -i /home/ubuntu/input.mp4 -c:v libx264 -preset slow -b:v 2M -threads 5 -y /home/ubuntu/output.mp4
[13:36:29.888] [c5.large-Serial-OPT] ENCODING TIME: 86.98s (1.45 min)
[13:36:30.986] [c5.large-Serial-OPT] Instance terminated.
[13:36:30.986] [c5.large-Serial-OPT] ============================================================
[13:36:30.987] [c5.large-Serial-OPT] RESULTS — c5.large Serial OPTIMIZED
[13:36:30.987] [c5.large-Serial-OPT]   Total Time:    145.62s (2.43 min)
[13:36:30.987] [c5.large-Serial-OPT]   Setup Time:    58.63s (0.98 min)
[13:36:30.987] [c5.large-Serial-OPT]   Encoding Time: 86.98s (1.45 min)
[13:36:30.987] [c5.large-Serial-OPT]   Setup %:       40.3%
[13:36:30.987] [c5.large-Serial-OPT] ============================================================
