[13:12:07.348] === Phase 3.2 OPTIMIZED Serial: 1x c5.large ===
[13:12:07.348] AMI: ami-06c7c20c67513469a (ffmpeg pre-installed)
[13:12:07.348] [c5.large-Serial-OPT] Launching EC2 instance...
[13:12:09.251] [c5.large-Serial-OPT] Instance i-095263c208883668d launched. Waiting...
[13:12:25.065] [c5.large-Serial-OPT] Instance ready. IP: 3.80.37.50
[13:12:56.136] [c5.large-Serial-OPT] SSH connected.
[13:12:57.150] [c5.large-Serial-OPT] CPU: Intel(R) Xeon(R) Platinum 8124M CPU @ 3.00GHz
[13:12:57.150] [c5.large-Serial-OPT] WARNING: CPU mismatch! Expected Intel(R) Xeon(R) Platinum 8275CL CPU @ 3.00GHz, got Intel(R) Xeon(R) Platinum 8124M CPU @ 3.00GHz
[13:12:57.151] [c5.large-Serial-OPT] Uploading 10-minute video...
[13:13:05.622] [c5.large-Serial-OPT] Upload complete.
[13:13:05.622] [c5.large-Serial-OPT] SETUP TIME: 58.27s (0.97 min)
[13:13:05.622] [c5.large-Serial-OPT] Running: ffmpeg -i /home/ubuntu/input.mp4 -c:v libx264 -preset slow -b:v 2M -threads 5 -y /home/ubuntu/output.mp4
[13:14:31.472] [c5.large-Serial-OPT] ENCODING TIME: 85.85s (1.43 min)
[13:14:32.495] [c5.large-Serial-OPT] Instance terminated.
[13:14:32.496] [c5.large-Serial-OPT] ============================================================
[13:14:32.496] [c5.large-Serial-OPT] RESULTS — c5.large Serial OPTIMIZED
[13:14:32.496] [c5.large-Serial-OPT]   Total Time:    144.12s (2.40 min)
[13:14:32.496] [c5.large-Serial-OPT]   Setup Time:    58.27s (0.97 min)
[13:14:32.496] [c5.large-Serial-OPT]   Encoding Time: 85.85s (1.43 min)
[13:14:32.496] [c5.large-Serial-OPT]   Setup %:       40.4%
[13:14:32.496] [c5.large-Serial-OPT] ============================================================
