[11:59:54.543] === Phase 3.2 OPTIMIZED Serial: 1x c5.large ===
[11:59:54.543] AMI: ami-06c7c20c67513469a (ffmpeg pre-installed)
[11:59:54.543] [c5.large-Serial-OPT] Launching EC2 instance...
[11:59:56.516] [c5.large-Serial-OPT] Instance i-015cd954c454d9c4a launched. Waiting...
[12:00:12.299] [c5.large-Serial-OPT] Instance ready. IP: 54.235.17.235
[12:00:43.376] [c5.large-Serial-OPT] SSH connected.
[12:00:44.389] [c5.large-Serial-OPT] CPU: Intel(R) Xeon(R) Platinum 8275CL CPU @ 3.00GHz
[12:00:44.389] [c5.large-Serial-OPT] Uploading 10-minute video...
[12:00:52.601] [c5.large-Serial-OPT] Upload complete.
[12:00:52.601] [c5.large-Serial-OPT] SETUP TIME: 58.06s (0.97 min)
[12:00:52.601] [c5.large-Serial-OPT] Running: ffmpeg -i /home/ubuntu/input.mp4 -c:v libx264 -preset slow -b:v 2M -threads 5 -y /home/ubuntu/output.mp4
[12:02:20.777] [c5.large-Serial-OPT] ENCODING TIME: 88.18s (1.47 min)
[12:02:21.935] [c5.large-Serial-OPT] Instance terminated.
[12:02:21.935] [c5.large-Serial-OPT] ============================================================
[12:02:21.935] [c5.large-Serial-OPT] RESULTS — c5.large Serial OPTIMIZED
[12:02:21.936] [c5.large-Serial-OPT]   Total Time:    146.23s (2.44 min)
[12:02:21.936] [c5.large-Serial-OPT]   Setup Time:    58.06s (0.97 min)
[12:02:21.936] [c5.large-Serial-OPT]   Encoding Time: 88.18s (1.47 min)
[12:02:21.936] [c5.large-Serial-OPT]   Setup %:       39.7%
[12:02:21.936] [c5.large-Serial-OPT] ============================================================
