[20:55:00.928] === Phase 3.2 Horizontal Scaling: 10x c5.large ===
[20:55:00.928] Codec: libx264, Threads: 5, Max workers: 5
[20:55:00.928] [Setup] Starting video split...
[20:55:00.986] [Setup] Video: 600.0s → 10 parts of 60.0s
[20:55:02.900] [Setup] Video split complete.
[20:55:02.900] [Summary] SPLIT TIME: 1.97s
[20:55:03.594] [Part 01] Launching c5.large...
[20:55:03.622] [Part 02] Launching c5.large...
[20:55:03.642] [Part 00] Launching c5.large...
[20:55:03.656] [Part 04] Launching c5.large...
[20:55:03.672] [Part 03] Launching c5.large...
[20:55:21.192] [Part 01] Instance ready. IP: 35.175.153.113
[20:55:21.196] [Part 03] Instance ready. IP: 34.239.118.80
[20:55:21.261] [Part 04] Instance ready. IP: 3.93.148.112
[20:55:21.274] [Part 00] Instance ready. IP: 44.204.0.211
[20:55:21.294] [Part 02] Instance ready. IP: 34.227.106.237
[20:55:52.088] [Part 03] Installing ffmpeg...
[20:55:52.177] [Part 01] Installing ffmpeg...
[20:55:52.184] [Part 02] Installing ffmpeg...
[20:55:52.253] [Part 04] Installing ffmpeg...
[20:55:52.259] [Part 00] Installing ffmpeg...
[20:56:27.247] [Part 03] ffmpeg installed.
[20:56:27.274] [Part 02] ffmpeg installed.
[20:56:27.543] [Part 01] ffmpeg installed.
[20:56:27.641] [Part 03] CPU: Intel(R) Xeon(R) Platinum 8275CL CPU @ 3.00GHz
[20:56:27.668] [Part 02] CPU: Intel(R) Xeon(R) Platinum 8275CL CPU @ 3.00GHz
[20:56:27.754] [Part 00] ffmpeg installed.
[20:56:27.823] [Part 04] ffmpeg installed.
[20:56:27.977] [Part 01] CPU: Intel(R) Xeon(R) Platinum 8275CL CPU @ 3.00GHz
[20:56:28.123] [Part 03] Uploading segment...
[20:56:28.150] [Part 02] Uploading segment...
[20:56:28.188] [Part 00] CPU: Intel(R) Xeon(R) Platinum 8124M CPU @ 3.00GHz
[20:56:28.188] [Part 00] WARNING: CPU mismatch! Expected Intel(R) Xeon(R) Platinum 8275CL CPU @ 3.00GHz, got Intel(R) Xeon(R) Platinum 8124M CPU @ 3.00GHz
[20:56:28.257] [Part 04] CPU: Intel(R) Xeon(R) Platinum 8275CL CPU @ 3.00GHz
[20:56:28.517] [Part 01] Uploading segment...
[20:56:28.728] [Part 00] Uploading segment...
[20:56:28.797] [Part 04] Uploading segment...
[20:56:29.572] [Part 03] Running compression...
[20:56:29.601] [Part 02] Running compression...
[20:56:30.198] [Part 01] Running compression...
[20:56:30.365] [Part 00] Running compression...
[20:56:30.463] [Part 04] Running compression...
[20:56:42.801] [Part 03] Done!
[20:56:43.037] [Part 00] Done!
[20:56:43.083] [Part 02] Done!
[20:56:43.444] [Part 01] Done!
[20:56:43.728] [Part 03] Instance terminated.
[20:56:43.735] [Part 05] Launching c5.large...
[20:56:43.934] [Part 00] Instance terminated.
[20:56:43.943] [Part 06] Launching c5.large...
[20:56:43.990] [Part 02] Instance terminated.
[20:56:43.998] [Part 07] Launching c5.large...
[20:56:44.214] [Part 04] Done!
[20:56:44.427] [Part 01] Instance terminated.
[20:56:44.434] [Part 08] Launching c5.large...
[20:56:45.158] [Part 04] Instance terminated.
[20:56:45.174] [Part 09] Launching c5.large...
[20:57:01.260] [Part 05] Instance ready. IP: 3.83.141.24
[20:57:01.441] [Part 07] Instance ready. IP: 54.235.228.73
[20:57:01.885] [Part 06] Instance ready. IP: 13.222.55.85
[20:57:01.924] [Part 08] Instance ready. IP: 34.227.108.223
[20:57:02.598] [Part 09] Instance ready. IP: 52.205.253.236
[20:57:32.249] [Part 05] Installing ffmpeg...
[20:57:32.296] [Part 07] Installing ffmpeg...
[20:57:32.737] [Part 06] Installing ffmpeg...
[20:57:32.803] [Part 08] Installing ffmpeg...
[20:57:33.582] [Part 09] Installing ffmpeg...
[20:58:06.563] [Part 05] ffmpeg installed.
[20:58:06.997] [Part 05] CPU: Intel(R) Xeon(R) Platinum 8275CL CPU @ 3.00GHz
[20:58:07.433] [Part 06] ffmpeg installed.
[20:58:07.538] [Part 05] Uploading segment...
[20:58:07.812] [Part 06] CPU: Intel(R) Xeon(R) Platinum 8275CL CPU @ 3.00GHz
[20:58:07.983] [Part 07] ffmpeg installed.
[20:58:08.276] [Part 06] Uploading segment...
[20:58:08.363] [Part 07] CPU: Intel(R) Xeon(R) Platinum 8275CL CPU @ 3.00GHz
[20:58:08.829] [Part 07] Uploading segment...
[20:58:09.135] [Part 08] ffmpeg installed.
[20:58:09.169] [Part 05] Running compression...
[20:58:09.202] [Part 09] ffmpeg installed.
[20:58:09.519] [Part 08] CPU: Intel(R) Xeon(R) Platinum 8275CL CPU @ 3.00GHz
[20:58:09.638] [Part 09] CPU: Intel(R) Xeon(R) Platinum 8275CL CPU @ 3.00GHz
[20:58:09.665] [Part 06] Running compression...
[20:58:09.982] [Part 08] Uploading segment...
[20:58:10.180] [Part 09] Uploading segment...
[20:58:10.211] [Part 07] Running compression...
[20:58:11.271] [Part 08] Running compression...
[20:58:11.702] [Part 09] Running compression...
[20:58:22.264] [Part 05] Done!
[20:58:23.142] [Part 05] Instance terminated.
[20:58:23.221] [Part 06] Done!
[20:58:23.735] [Part 08] Done!
[20:58:24.101] [Part 06] Instance terminated.
[20:58:24.298] [Part 07] Done!
[20:58:24.605] [Part 08] Instance terminated.
[20:58:24.968] [Part 09] Done!
[20:58:25.188] [Part 07] Instance terminated.
[20:58:25.844] [Part 09] Instance terminated.
[20:58:25.845] ============================================================
[20:58:25.845] RESULTS — 10x c5.large Horizontal
[20:58:25.845]   Total Time:    204.92s (3.42 min)
[20:58:25.845]   Split Time:    1.97s
[20:58:25.845]   Parallel Time: 202.94s (3.38 min)
[20:58:25.845] ============================================================
