[12:49:31.061] === Phase 3.2 OPTIMIZED Horizontal: 10x c5.large ===
[12:49:31.061] AMI: ami-06c7c20c67513469a, Max workers: 10
[12:49:31.061] [Setup] Starting video split...
[12:49:31.110] [Setup] Video: 600.0s → 10 parts of 60.0s
[12:49:32.636] [Setup] Video split complete.
[12:49:32.636] [Summary] SPLIT TIME: 1.58s
[12:49:33.657] [Part 06] Launching c5.large...
[12:49:33.699] [Part 08] Launching c5.large...
[12:49:33.710] [Part 04] Launching c5.large...
[12:49:33.720] [Part 09] Launching c5.large...
[12:49:33.730] [Part 03] Launching c5.large...
[12:49:33.739] [Part 00] Launching c5.large...
[12:49:33.755] [Part 02] Launching c5.large...
[12:49:33.759] [Part 05] Launching c5.large...
[12:49:33.772] [Part 07] Launching c5.large...
[12:49:33.777] [Part 01] Launching c5.large...
[12:49:51.898] [Part 07] Instance ready. IP: 3.94.83.35
[12:49:51.914] [Part 08] Instance ready. IP: 98.91.253.226
[12:49:51.928] [Part 06] Instance ready. IP: 13.223.53.119
[12:49:51.951] [Part 03] Instance ready. IP: 98.93.117.3
[12:49:51.974] [Part 02] Instance ready. IP: 23.22.192.153
[12:49:51.986] [Part 04] Instance ready. IP: 54.208.50.127
[12:49:51.997] [Part 01] Instance ready. IP: 100.54.237.128
[12:49:52.002] [Part 00] Instance ready. IP: 3.82.28.204
[12:49:52.024] [Part 05] Instance ready. IP: 13.217.41.127
[12:49:52.147] [Part 09] Instance ready. IP: 3.81.1.119
[12:50:23.700] [Part 02] CPU: Intel(R) Xeon(R) Platinum 8124M CPU @ 3.00GHz
[12:50:23.700] [Part 02] WARNING: CPU mismatch! Expected Intel(R) Xeon(R) Platinum 8275CL CPU @ 3.00GHz, got Intel(R) Xeon(R) Platinum 8124M CPU @ 3.00GHz
[12:50:24.022] [Part 06] CPU: Intel(R) Xeon(R) Platinum 8275CL CPU @ 3.00GHz
[12:50:24.034] [Part 07] CPU: Intel(R) Xeon(R) Platinum 8124M CPU @ 3.00GHz
[12:50:24.034] [Part 07] WARNING: CPU mismatch! Expected Intel(R) Xeon(R) Platinum 8275CL CPU @ 3.00GHz, got Intel(R) Xeon(R) Platinum 8124M CPU @ 3.00GHz
[12:50:24.064] [Part 08] CPU: Intel(R) Xeon(R) Platinum 8275CL CPU @ 3.00GHz
[12:50:24.078] [Part 03] CPU: Intel(R) Xeon(R) Platinum 8124M CPU @ 3.00GHz
[12:50:24.078] [Part 03] WARNING: CPU mismatch! Expected Intel(R) Xeon(R) Platinum 8275CL CPU @ 3.00GHz, got Intel(R) Xeon(R) Platinum 8124M CPU @ 3.00GHz
[12:50:24.131] [Part 05] CPU: Intel(R) Xeon(R) Platinum 8124M CPU @ 3.00GHz
[12:50:24.131] [Part 05] WARNING: CPU mismatch! Expected Intel(R) Xeon(R) Platinum 8275CL CPU @ 3.00GHz, got Intel(R) Xeon(R) Platinum 8124M CPU @ 3.00GHz
[12:50:24.137] [Part 04] CPU: Intel(R) Xeon(R) Platinum 8275CL CPU @ 3.00GHz
[12:50:24.140] [Part 00] CPU: Intel(R) Xeon(R) Platinum 8223CL CPU @ 3.00GHz
[12:50:24.140] [Part 00] WARNING: CPU mismatch! Expected Intel(R) Xeon(R) Platinum 8275CL CPU @ 3.00GHz, got Intel(R) Xeon(R) Platinum 8223CL CPU @ 3.00GHz
[12:50:24.144] [Part 01] CPU: Intel(R) Xeon(R) Platinum 8275CL CPU @ 3.00GHz
[12:50:24.285] [Part 02] Uploading segment...
[12:50:24.286] [Part 09] CPU: Intel(R) Xeon(R) Platinum 8275CL CPU @ 3.00GHz
[12:50:24.604] [Part 06] Uploading segment...
[12:50:24.614] [Part 07] Uploading segment...
[12:50:24.647] [Part 08] Uploading segment...
[12:50:24.659] [Part 03] Uploading segment...
[12:50:24.714] [Part 05] Uploading segment...
[12:50:24.720] [Part 04] Uploading segment...
[12:50:24.722] [Part 00] Uploading segment...
[12:50:24.746] [Part 01] Uploading segment...
[12:50:24.870] [Part 09] Uploading segment...
[12:50:26.332] [Part 02] Running compression...
[12:50:26.379] [Part 07] Running compression...
[12:50:26.415] [Part 08] Running compression...
[12:50:26.486] [Part 05] Running compression...
[12:50:26.501] [Part 00] Running compression...
[12:50:26.516] [Part 06] Running compression...
[12:50:26.574] [Part 03] Running compression...
[12:50:26.588] [Part 01] Running compression...
[12:50:26.621] [Part 04] Running compression...
[12:50:27.177] [Part 09] Running compression...
[12:50:38.348] [Part 01] Done!
[12:50:38.549] [Part 05] Done!
[12:50:39.003] [Part 01] Instance terminated.
[12:50:39.023] [Part 08] Done!
[12:50:39.156] [Part 05] Instance terminated.
[12:50:39.225] [Part 09] Done!
[12:50:39.375] [Part 03] Done!
[12:50:39.444] [Part 00] Done!
[12:50:39.592] [Part 02] Done!
[12:50:39.628] [Part 08] Instance terminated.
[12:50:39.828] [Part 04] Done!
[12:50:39.836] [Part 09] Instance terminated.
[12:50:39.993] [Part 03] Instance terminated.
[12:50:40.034] [Part 00] Instance terminated.
[12:50:40.057] [Part 07] Done!
[12:50:40.303] [Part 02] Instance terminated.
[12:50:40.383] [Part 04] Instance terminated.
[12:50:40.531] [Part 06] Done!
[12:50:40.684] [Part 07] Instance terminated.
[12:50:41.199] [Part 06] Instance terminated.
[12:50:41.206] ============================================================
[12:50:41.206] RESULTS — 10x c5.large Horizontal OPTIMIZED
[12:50:41.207]   Total Time:    70.15s (1.17 min)
[12:50:41.207]   Split Time:    1.58s
[12:50:41.207]   Parallel Time: 68.57s (1.14 min)
[12:50:41.207] ============================================================
