[03:09:40.797] === Phase 3.2 Horizontal Scaling: 10x c5.large ===
[03:09:40.797] Codec: libx264, Threads: 5, Max workers: 5
[03:09:40.797] [Setup] Starting video split...
[03:09:40.850] [Setup] Video: 600.0s → 10 parts of 60.0s
[03:09:42.380] [Setup] Video split complete.
[03:09:42.380] [Summary] SPLIT TIME: 1.58s
[03:09:42.911] [Part 01] Launching c5.large...
[03:09:42.929] [Part 04] Launching c5.large...
[03:09:42.932] [Part 03] Launching c5.large...
[03:09:42.947] [Part 00] Launching c5.large...
[03:09:42.955] [Part 02] Launching c5.large...
[03:10:00.459] [Part 04] Instance ready. IP: 52.87.249.77
[03:10:00.640] [Part 02] Instance ready. IP: 44.204.188.236
[03:10:00.722] [Part 03] Instance ready. IP: 13.218.11.79
[03:10:00.738] [Part 01] Instance ready. IP: 3.94.55.90
[03:10:01.295] [Part 00] Instance ready. IP: 18.208.109.58
[03:10:31.368] [Part 04] Installing ffmpeg...
[03:10:31.519] [Part 02] Installing ffmpeg...
[03:10:31.589] [Part 03] Installing ffmpeg...
[03:10:31.685] [Part 01] Installing ffmpeg...
[03:10:32.198] [Part 00] Installing ffmpeg...
[03:11:06.456] [Part 01] ffmpeg installed.
[03:11:06.841] [Part 01] CPU: Intel(R) Xeon(R) Platinum 8275CL CPU @ 3.00GHz
[03:11:07.037] [Part 04] ffmpeg installed.
[03:11:07.104] [Part 00] ffmpeg installed.
[03:11:07.319] [Part 01] Uploading segment...
[03:11:07.431] [Part 04] CPU: Intel(R) Xeon(R) Platinum 8124M CPU @ 3.00GHz
[03:11:07.432] [Part 04] WARNING: CPU mismatch! Expected Intel(R) Xeon(R) Platinum 8275CL CPU @ 3.00GHz, got Intel(R) Xeon(R) Platinum 8124M CPU @ 3.00GHz
[03:11:07.488] [Part 00] CPU: Intel(R) Xeon(R) Platinum 8124M CPU @ 3.00GHz
[03:11:07.488] [Part 00] WARNING: CPU mismatch! Expected Intel(R) Xeon(R) Platinum 8275CL CPU @ 3.00GHz, got Intel(R) Xeon(R) Platinum 8124M CPU @ 3.00GHz
[03:11:07.718] [Part 02] ffmpeg installed.
[03:11:07.917] [Part 04] Uploading segment...
[03:11:07.953] [Part 00] Uploading segment...
[03:11:08.111] [Part 02] CPU: Intel(R) Xeon(R) Platinum 8124M CPU @ 3.00GHz
[03:11:08.111] [Part 02] WARNING: CPU mismatch! Expected Intel(R) Xeon(R) Platinum 8275CL CPU @ 3.00GHz, got Intel(R) Xeon(R) Platinum 8124M CPU @ 3.00GHz
[03:11:08.522] [Part 03] ffmpeg installed.
[03:11:08.589] [Part 02] Uploading segment...
[03:11:08.746] [Part 01] Running compression...
[03:11:08.902] [Part 03] CPU: Intel(R) Xeon(R) Platinum 8124M CPU @ 3.00GHz
[03:11:08.902] [Part 03] WARNING: CPU mismatch! Expected Intel(R) Xeon(R) Platinum 8275CL CPU @ 3.00GHz, got Intel(R) Xeon(R) Platinum 8124M CPU @ 3.00GHz
[03:11:09.355] [Part 00] Running compression...
[03:11:09.368] [Part 03] Uploading segment...
[03:11:09.397] [Part 04] Running compression...
[03:11:10.127] [Part 02] Running compression...
[03:11:10.869] [Part 03] Running compression...
[03:11:21.433] [Part 01] Done!
[03:11:21.756] [Part 00] Done!
[03:11:22.063] [Part 04] Done!
[03:11:22.384] [Part 01] Instance terminated.
[03:11:22.420] [Part 05] Launching c5.large...
[03:11:22.836] [Part 00] Instance terminated.
[03:11:22.864] [Part 06] Launching c5.large...
[03:11:22.969] [Part 04] Instance terminated.
[03:11:23.007] [Part 07] Launching c5.large...
[03:11:23.063] [Part 02] Done!
[03:11:23.468] [Part 03] Done!
[03:11:23.986] [Part 02] Instance terminated.
[03:11:24.010] [Part 08] Launching c5.large...
[03:11:24.366] [Part 03] Instance terminated.
[03:11:24.371] [Part 09] Launching c5.large...
[03:11:40.106] [Part 05] Instance ready. IP: 54.89.88.92
[03:11:40.467] [Part 06] Instance ready. IP: 54.92.229.172
[03:11:40.478] [Part 07] Instance ready. IP: 34.201.72.232
[03:11:41.479] [Part 08] Instance ready. IP: 44.210.131.214
[03:11:41.925] [Part 09] Instance ready. IP: 13.217.150.58
[03:12:11.021] [Part 05] Installing ffmpeg...
[03:12:11.333] [Part 06] Installing ffmpeg...
[03:12:11.404] [Part 07] Installing ffmpeg...
[03:12:12.361] [Part 08] Installing ffmpeg...
[03:12:12.791] [Part 09] Installing ffmpeg...
[03:12:45.932] [Part 06] ffmpeg installed.
[03:12:46.269] [Part 05] ffmpeg installed.
[03:12:46.312] [Part 06] CPU: Intel(R) Xeon(R) Platinum 8275CL CPU @ 3.00GHz
[03:12:46.663] [Part 05] CPU: Intel(R) Xeon(R) Platinum 8275CL CPU @ 3.00GHz
[03:12:46.699] [Part 07] ffmpeg installed.
[03:12:46.778] [Part 06] Uploading segment...
[03:12:46.889] [Part 08] ffmpeg installed.
[03:12:47.083] [Part 07] CPU: Intel(R) Xeon(R) Platinum 8275CL CPU @ 3.00GHz
[03:12:47.147] [Part 05] Uploading segment...
[03:12:47.277] [Part 08] CPU: Intel(R) Xeon(R) Platinum 8275CL CPU @ 3.00GHz
[03:12:47.546] [Part 07] Uploading segment...
[03:12:47.753] [Part 08] Uploading segment...
[03:12:48.287] [Part 06] Running compression...
[03:12:48.727] [Part 05] Running compression...
[03:12:49.038] [Part 07] Running compression...
[03:12:49.181] [Part 08] Running compression...
[03:12:51.199] [Part 09] ffmpeg installed.
[03:12:51.579] [Part 09] CPU: Intel(R) Xeon(R) Platinum 8275CL CPU @ 3.00GHz
[03:12:52.044] [Part 09] Uploading segment...
[03:12:53.447] [Part 09] Running compression...
[03:13:01.585] [Part 06] Done!
[03:13:01.591] [Part 08] Done!
[03:13:01.616] [Part 05] Done!
[03:13:02.598] [Part 05] Instance terminated.
[03:13:02.673] [Part 06] Instance terminated.
[03:13:02.680] [Part 08] Instance terminated.
[03:13:02.979] [Part 07] Done!
[03:13:03.955] [Part 07] Instance terminated.
[03:13:06.158] [Part 09] Done!
[03:13:07.081] [Part 09] Instance terminated.
[03:13:07.086] ============================================================
[03:13:07.086] RESULTS — 10x c5.large Horizontal
[03:13:07.086]   Total Time:    206.29s (3.44 min)
[03:13:07.086]   Split Time:    1.58s
[03:13:07.086]   Parallel Time: 204.71s (3.41 min)
[03:13:07.086] ============================================================
