[22:23:40.247] === Phase 3.2 Horizontal Scaling: 10x c5.large ===
[22:23:40.247] Codec: libx264, Threads: 5, Max workers: 5
[22:23:40.247] [Setup] Starting video split...
[22:23:40.306] [Setup] Video: 600.0s → 10 parts of 60.0s
[22:23:42.081] [Setup] Video split complete.
[22:23:42.081] [Summary] SPLIT TIME: 1.83s
[22:23:42.951] [Part 00] Launching c5.large...
[22:23:42.973] [Part 02] Launching c5.large...
[22:23:42.985] [Part 04] Launching c5.large...
[22:23:42.998] [Part 01] Launching c5.large...
[22:23:43.017] [Part 03] Launching c5.large...
[22:24:00.393] [Part 02] Instance ready. IP: 54.173.121.82
[22:24:00.528] [Part 03] Instance ready. IP: 44.204.148.33
[22:24:00.534] [Part 01] Instance ready. IP: 54.165.226.10
[22:24:00.535] [Part 04] Instance ready. IP: 54.227.207.0
[22:24:00.542] [Part 00] Instance ready. IP: 52.202.113.211
[22:24:31.277] [Part 02] Installing ffmpeg...
[22:24:31.396] [Part 04] Installing ffmpeg...
[22:24:31.454] [Part 01] Installing ffmpeg...
[22:24:31.563] [Part 03] Installing ffmpeg...
[22:24:31.586] [Part 00] Installing ffmpeg...
[22:25:03.627] [Part 02] ffmpeg installed.
[22:25:04.007] [Part 02] CPU: Intel(R) Xeon(R) Platinum 8275CL CPU @ 3.00GHz
[22:25:04.472] [Part 02] Uploading segment...
[22:25:05.661] [Part 00] ffmpeg installed.
[22:25:06.008] [Part 02] Running compression...
[22:25:06.096] [Part 00] CPU: Intel(R) Xeon(R) Platinum 8275CL CPU @ 3.00GHz
[22:25:06.637] [Part 00] Uploading segment...
[22:25:06.714] [Part 04] ffmpeg installed.
[22:25:07.096] [Part 04] CPU: Intel(R) Xeon(R) Platinum 8275CL CPU @ 3.00GHz
[22:25:07.099] [Part 01] ffmpeg installed.
[22:25:07.478] [Part 01] CPU: Intel(R) Xeon(R) Platinum 8124M CPU @ 3.00GHz
[22:25:07.478] [Part 01] WARNING: CPU mismatch! Expected Intel(R) Xeon(R) Platinum 8275CL CPU @ 3.00GHz, got Intel(R) Xeon(R) Platinum 8124M CPU @ 3.00GHz
[22:25:07.536] [Part 03] ffmpeg installed.
[22:25:07.563] [Part 04] Uploading segment...
[22:25:07.944] [Part 01] Uploading segment...
[22:25:07.982] [Part 03] CPU: Intel(R) Xeon(R) Platinum 8124M CPU @ 3.00GHz
[22:25:07.982] [Part 03] WARNING: CPU mismatch! Expected Intel(R) Xeon(R) Platinum 8275CL CPU @ 3.00GHz, got Intel(R) Xeon(R) Platinum 8124M CPU @ 3.00GHz
[22:25:08.259] [Part 00] Running compression...
[22:25:08.541] [Part 03] Uploading segment...
[22:25:08.957] [Part 04] Running compression...
[22:25:09.338] [Part 01] Running compression...
[22:25:10.235] [Part 03] Running compression...
[22:25:19.205] [Part 02] Done!
[22:25:20.144] [Part 02] Instance terminated.
[22:25:20.152] [Part 05] Launching c5.large...
[22:25:21.392] [Part 01] Done!
[22:25:21.404] [Part 00] Done!
[22:25:21.952] [Part 04] Done!
[22:25:22.288] [Part 00] Instance terminated.
[22:25:22.295] [Part 06] Launching c5.large...
[22:25:22.300] [Part 01] Instance terminated.
[22:25:22.317] [Part 07] Launching c5.large...
[22:25:22.902] [Part 04] Instance terminated.
[22:25:22.909] [Part 08] Launching c5.large...
[22:25:23.135] [Part 03] Done!
[22:25:24.068] [Part 03] Instance terminated.
[22:25:24.076] [Part 09] Launching c5.large...
[22:25:37.684] [Part 05] Instance ready. IP: 13.221.68.181
[22:25:39.787] [Part 06] Instance ready. IP: 54.235.239.126
[22:25:39.805] [Part 07] Instance ready. IP: 3.91.177.26
[22:25:40.453] [Part 08] Instance ready. IP: 34.201.126.44
[22:25:41.571] [Part 09] Instance ready. IP: 13.220.204.19
[22:26:08.532] [Part 05] Installing ffmpeg...
[22:26:10.678] [Part 06] Installing ffmpeg...
[22:26:10.822] [Part 07] Installing ffmpeg...
[22:26:11.308] [Part 08] Installing ffmpeg...
[22:26:12.425] [Part 09] Installing ffmpeg...
[22:26:42.372] [Part 05] ffmpeg installed.
[22:26:42.747] [Part 05] CPU: Intel(R) Xeon(R) Platinum 8275CL CPU @ 3.00GHz
[22:26:43.210] [Part 05] Uploading segment...
[22:26:43.850] [Part 07] ffmpeg installed.
[22:26:44.298] [Part 07] CPU: Intel(R) Xeon(R) Platinum 8275CL CPU @ 3.00GHz
[22:26:44.592] [Part 05] Running compression...
[22:26:44.855] [Part 07] Uploading segment...
[22:26:45.530] [Part 06] ffmpeg installed.
[22:26:45.927] [Part 06] CPU: Intel(R) Xeon(R) Platinum 8275CL CPU @ 3.00GHz
[22:26:46.410] [Part 06] Uploading segment...
[22:26:46.539] [Part 07] Running compression...
[22:26:47.112] [Part 08] ffmpeg installed.
[22:26:47.494] [Part 08] CPU: Intel(R) Xeon(R) Platinum 8275CL CPU @ 3.00GHz
[22:26:47.907] [Part 06] Running compression...
[22:26:47.957] [Part 08] Uploading segment...
[22:26:49.230] [Part 09] ffmpeg installed.
[22:26:49.340] [Part 08] Running compression...
[22:26:49.608] [Part 09] CPU: Intel(R) Xeon(R) Platinum 8124M CPU @ 3.00GHz
[22:26:49.608] [Part 09] WARNING: CPU mismatch! Expected Intel(R) Xeon(R) Platinum 8275CL CPU @ 3.00GHz, got Intel(R) Xeon(R) Platinum 8124M CPU @ 3.00GHz
[22:26:50.072] [Part 09] Uploading segment...
[22:26:51.459] [Part 09] Running compression...
[22:26:57.245] [Part 05] Done!
[22:26:58.203] [Part 05] Instance terminated.
[22:27:00.795] [Part 06] Done!
[22:27:00.890] [Part 07] Done!
[22:27:01.706] [Part 08] Done!
[22:27:01.788] [Part 06] Instance terminated.
[22:27:02.651] [Part 08] Instance terminated.
[22:27:02.673] [Part 07] Instance terminated.
[22:27:03.725] [Part 09] Done!
[22:27:04.690] [Part 09] Instance terminated.
[22:27:04.692] ============================================================
[22:27:04.692] RESULTS — 10x c5.large Horizontal
[22:27:04.692]   Total Time:    204.45s (3.41 min)
[22:27:04.692]   Split Time:    1.83s
[22:27:04.692]   Parallel Time: 202.61s (3.38 min)
[22:27:04.692] ============================================================
