[14:09:00.503] === Phase 3.2 OPTIMIZED Horizontal: 10x c5.large ===
[14:09:00.503] AMI: ami-06c7c20c67513469a, Max workers: 10
[14:09:00.503] [Setup] Starting video split...
[14:09:00.552] [Setup] Video: 600.0s → 10 parts of 60.0s
[14:09:02.068] [Setup] Video split complete.
[14:09:02.068] [Summary] SPLIT TIME: 1.57s
[14:09:03.100] [Part 00] Launching c5.large...
[14:09:03.152] [Part 02] Launching c5.large...
[14:09:03.177] [Part 07] Launching c5.large...
[14:09:03.179] [Part 01] Launching c5.large...
[14:09:03.193] [Part 05] Launching c5.large...
[14:09:03.204] [Part 09] Launching c5.large...
[14:09:03.206] [Part 06] Launching c5.large...
[14:09:03.210] [Part 03] Launching c5.large...
[14:09:03.214] [Part 08] Launching c5.large...
[14:09:03.225] [Part 04] Launching c5.large...
[14:09:21.026] [Part 08] Instance ready. IP: 3.88.185.253
[14:09:21.051] [Part 02] Instance ready. IP: 54.164.124.165
[14:09:21.082] [Part 04] Instance ready. IP: 54.226.210.130
[14:09:21.095] [Part 01] Instance ready. IP: 54.211.27.113
[14:09:21.100] [Part 05] Instance ready. IP: 54.226.154.29
[14:09:21.115] [Part 09] Instance ready. IP: 44.223.51.246
[14:09:21.131] [Part 00] Instance ready. IP: 54.147.16.107
[14:09:21.144] [Part 07] Instance ready. IP: 34.234.94.23
[14:09:21.161] [Part 06] Instance ready. IP: 54.167.190.255
[14:09:21.190] [Part 03] Instance ready. IP: 34.229.6.142
[14:09:52.847] [Part 09] CPU: Intel(R) Xeon(R) Platinum 8124M CPU @ 3.00GHz
[14:09:52.848] [Part 09] WARNING: CPU mismatch! Expected Intel(R) Xeon(R) Platinum 8275CL CPU @ 3.00GHz, got Intel(R) Xeon(R) Platinum 8124M CPU @ 3.00GHz
[14:09:53.141] [Part 04] CPU: Intel(R) Xeon(R) Platinum 8275CL CPU @ 3.00GHz
[14:09:53.206] [Part 01] CPU: Intel(R) Xeon(R) Platinum 8124M CPU @ 3.00GHz
[14:09:53.207] [Part 01] WARNING: CPU mismatch! Expected Intel(R) Xeon(R) Platinum 8275CL CPU @ 3.00GHz, got Intel(R) Xeon(R) Platinum 8124M CPU @ 3.00GHz
[14:09:53.244] [Part 08] CPU: Intel(R) Xeon(R) Platinum 8124M CPU @ 3.00GHz
[14:09:53.245] [Part 08] WARNING: CPU mismatch! Expected Intel(R) Xeon(R) Platinum 8275CL CPU @ 3.00GHz, got Intel(R) Xeon(R) Platinum 8124M CPU @ 3.00GHz
[14:09:53.268] [Part 00] CPU: Intel(R) Xeon(R) Platinum 8124M CPU @ 3.00GHz
[14:09:53.269] [Part 00] WARNING: CPU mismatch! Expected Intel(R) Xeon(R) Platinum 8275CL CPU @ 3.00GHz, got Intel(R) Xeon(R) Platinum 8124M CPU @ 3.00GHz
[14:09:53.275] [Part 02] CPU: Intel(R) Xeon(R) Platinum 8124M CPU @ 3.00GHz
[14:09:53.275] [Part 02] WARNING: CPU mismatch! Expected Intel(R) Xeon(R) Platinum 8275CL CPU @ 3.00GHz, got Intel(R) Xeon(R) Platinum 8124M CPU @ 3.00GHz
[14:09:53.282] [Part 07] CPU: Intel(R) Xeon(R) Platinum 8275CL CPU @ 3.00GHz
[14:09:53.329] [Part 05] CPU: Intel(R) Xeon(R) Platinum 8124M CPU @ 3.00GHz
[14:09:53.330] [Part 05] WARNING: CPU mismatch! Expected Intel(R) Xeon(R) Platinum 8275CL CPU @ 3.00GHz, got Intel(R) Xeon(R) Platinum 8124M CPU @ 3.00GHz
[14:09:53.362] [Part 03] CPU: Intel(R) Xeon(R) Platinum 8124M CPU @ 3.00GHz
[14:09:53.363] [Part 03] WARNING: CPU mismatch! Expected Intel(R) Xeon(R) Platinum 8275CL CPU @ 3.00GHz, got Intel(R) Xeon(R) Platinum 8124M CPU @ 3.00GHz
[14:09:53.371] [Part 06] CPU: Intel(R) Xeon(R) Platinum 8275CL CPU @ 3.00GHz
[14:09:53.458] [Part 09] Uploading segment...
[14:09:53.724] [Part 04] Uploading segment...
[14:09:53.789] [Part 01] Uploading segment...
[14:09:53.824] [Part 08] Uploading segment...
[14:09:53.849] [Part 00] Uploading segment...
[14:09:53.876] [Part 02] Uploading segment...
[14:09:53.883] [Part 07] Uploading segment...
[14:09:53.931] [Part 05] Uploading segment...
[14:09:53.941] [Part 03] Uploading segment...
[14:09:53.971] [Part 06] Uploading segment...
[14:09:55.460] [Part 09] Running compression...
[14:09:55.726] [Part 08] Running compression...
[14:09:55.742] [Part 07] Running compression...
[14:09:55.827] [Part 05] Running compression...
[14:09:55.865] [Part 02] Running compression...
[14:09:55.896] [Part 00] Running compression...
[14:09:55.994] [Part 03] Running compression...
[14:09:55.999] [Part 01] Running compression...
[14:09:56.052] [Part 04] Running compression...
[14:09:56.086] [Part 06] Running compression...
[14:10:07.087] [Part 05] Done!
[14:10:07.472] [Part 01] Done!
[14:10:07.723] [Part 05] Instance terminated.
[14:10:07.810] [Part 09] Done!
[14:10:08.088] [Part 01] Instance terminated.
[14:10:08.176] [Part 08] Done!
[14:10:08.394] [Part 09] Instance terminated.
[14:10:08.749] [Part 00] Done!
[14:10:08.795] [Part 08] Instance terminated.
[14:10:08.796] [Part 02] Done!
[14:10:09.303] [Part 00] Instance terminated.
[14:10:09.388] [Part 02] Instance terminated.
[14:10:09.413] [Part 04] Done!
[14:10:09.600] [Part 03] Done!
[14:10:09.888] [Part 07] Done!
[14:10:10.002] [Part 04] Instance terminated.
[14:10:10.160] [Part 03] Instance terminated.
[14:10:10.250] [Part 06] Done!
[14:10:10.500] [Part 07] Instance terminated.
[14:10:10.860] [Part 06] Instance terminated.
[14:10:10.868] ============================================================
[14:10:10.868] RESULTS — 10x c5.large Horizontal OPTIMIZED
[14:10:10.868]   Total Time:    70.37s (1.17 min)
[14:10:10.869]   Split Time:    1.57s
[14:10:10.869]   Parallel Time: 68.80s (1.15 min)
[14:10:10.869] ============================================================
