[20:54:49.195] === Phase 3.2 Horizontal Scaling: 10x c5.large ===
[20:54:49.195] Codec: libx264, Threads: 5, Max workers: 5
[20:54:49.195] [Setup] Starting video split...
[20:54:49.260] [Setup] Video: 600.0s → 10 parts of 60.0s
[20:54:51.184] [Setup] Video split complete.
[20:54:51.184] [Summary] SPLIT TIME: 1.99s
[20:54:51.973] [Part 04] Launching c5.large...
[20:54:51.992] [Part 03] Launching c5.large...
[20:54:52.004] [Part 02] Launching c5.large...
[20:54:52.024] [Part 01] Launching c5.large...
[20:54:52.034] [Part 00] Launching c5.large...
[20:55:09.584] [Part 03] Instance ready. IP: 54.88.77.20
[20:55:09.611] [Part 02] Instance ready. IP: 3.87.141.213
[20:55:09.686] [Part 04] Instance ready. IP: 18.205.105.126
[20:55:09.788] [Part 00] Instance ready. IP: 44.202.2.112
[20:55:09.882] [Part 01] Instance ready. IP: 44.210.139.210
[20:55:40.504] [Part 03] Installing ffmpeg...
[20:55:40.598] [Part 04] Installing ffmpeg...
[20:55:40.614] [Part 02] Installing ffmpeg...
[20:55:40.776] [Part 00] Installing ffmpeg...
[20:55:40.870] [Part 01] Installing ffmpeg...
[20:56:15.421] [Part 00] ffmpeg installed.
[20:56:15.423] [Part 04] ffmpeg installed.
[20:56:15.816] [Part 04] CPU: Intel(R) Xeon(R) Platinum 8275CL CPU @ 3.00GHz
[20:56:15.854] [Part 00] CPU: Intel(R) Xeon(R) Platinum 8275CL CPU @ 3.00GHz
[20:56:16.046] [Part 03] ffmpeg installed.
[20:56:16.205] [Part 01] ffmpeg installed.
[20:56:16.301] [Part 04] Uploading segment...
[20:56:16.395] [Part 00] Uploading segment...
[20:56:16.439] [Part 03] CPU: Intel(R) Xeon(R) Platinum 8275CL CPU @ 3.00GHz
[20:56:16.641] [Part 01] CPU: Intel(R) Xeon(R) Platinum 8275CL CPU @ 3.00GHz
[20:56:16.824] [Part 02] ffmpeg installed.
[20:56:16.924] [Part 03] Uploading segment...
[20:56:17.182] [Part 01] Uploading segment...
[20:56:17.258] [Part 02] CPU: Intel(R) Xeon(R) Platinum 8124M CPU @ 3.00GHz
[20:56:17.258] [Part 02] WARNING: CPU mismatch! Expected Intel(R) Xeon(R) Platinum 8275CL CPU @ 3.00GHz, got Intel(R) Xeon(R) Platinum 8124M CPU @ 3.00GHz
[20:56:17.794] [Part 02] Uploading segment...
[20:56:17.794] [Part 04] Running compression...
[20:56:18.020] [Part 00] Running compression...
[20:56:18.372] [Part 03] Running compression...
[20:56:18.811] [Part 01] Running compression...
[20:56:19.424] [Part 02] Running compression...
[20:56:30.967] [Part 04] Done!
[20:56:31.108] [Part 00] Done!
[20:56:31.511] [Part 03] Done!
[20:56:31.872] [Part 01] Done!
[20:56:31.933] [Part 04] Instance terminated.
[20:56:31.942] [Part 05] Launching c5.large...
[20:56:32.028] [Part 00] Instance terminated.
[20:56:32.036] [Part 06] Launching c5.large...
[20:56:32.425] [Part 03] Instance terminated.
[20:56:32.435] [Part 07] Launching c5.large...
[20:56:32.556] [Part 02] Done!
[20:56:32.760] [Part 01] Instance terminated.
[20:56:32.767] [Part 08] Launching c5.large...
[20:56:33.464] [Part 02] Instance terminated.
[20:56:33.471] [Part 09] Launching c5.large...
[20:56:49.499] [Part 05] Instance ready. IP: 44.202.88.170
[20:56:49.552] [Part 06] Instance ready. IP: 34.205.30.168
[20:56:49.970] [Part 07] Instance ready. IP: 18.208.182.113
[20:56:50.262] [Part 08] Instance ready. IP: 34.238.136.169
[20:56:50.979] [Part 09] Instance ready. IP: 3.86.97.244
[20:57:20.442] [Part 06] Installing ffmpeg...
[20:57:20.507] [Part 05] Installing ffmpeg...
[20:57:20.827] [Part 07] Installing ffmpeg...
[20:57:21.120] [Part 08] Installing ffmpeg...
[20:57:21.966] [Part 09] Installing ffmpeg...
[20:57:55.483] [Part 08] ffmpeg installed.
[20:57:55.726] [Part 06] ffmpeg installed.
[20:57:55.865] [Part 08] CPU: Intel(R) Xeon(R) Platinum 8275CL CPU @ 3.00GHz
[20:57:56.010] [Part 07] ffmpeg installed.
[20:57:56.118] [Part 06] CPU: Intel(R) Xeon(R) Platinum 8275CL CPU @ 3.00GHz
[20:57:56.200] [Part 05] ffmpeg installed.
[20:57:56.331] [Part 08] Uploading segment...
[20:57:56.392] [Part 07] CPU: Intel(R) Xeon(R) Platinum 8275CL CPU @ 3.00GHz
[20:57:56.601] [Part 06] Uploading segment...
[20:57:56.640] [Part 05] CPU: Intel(R) Xeon(R) Platinum 8275CL CPU @ 3.00GHz
[20:57:56.855] [Part 07] Uploading segment...
[20:57:57.178] [Part 05] Uploading segment...
[20:57:57.594] [Part 09] ffmpeg installed.
[20:57:57.755] [Part 08] Running compression...
[20:57:58.027] [Part 09] CPU: Intel(R) Xeon(R) Platinum 8275CL CPU @ 3.00GHz
[20:57:58.049] [Part 06] Running compression...
[20:57:58.295] [Part 07] Running compression...
[20:57:58.567] [Part 09] Uploading segment...
[20:57:58.798] [Part 05] Running compression...
[20:58:00.187] [Part 09] Running compression...
[20:58:10.161] [Part 08] Done!
[20:58:11.291] [Part 08] Instance terminated.
[20:58:11.534] [Part 06] Done!
[20:58:11.942] [Part 05] Done!
[20:58:12.236] [Part 07] Done!
[20:58:12.418] [Part 06] Instance terminated.
[20:58:12.836] [Part 05] Instance terminated.
[20:58:13.125] [Part 07] Instance terminated.
[20:58:13.397] [Part 09] Done!
[20:58:14.260] [Part 09] Instance terminated.
[20:58:14.265] ============================================================
[20:58:14.265] RESULTS — 10x c5.large Horizontal
[20:58:14.265]   Total Time:    205.07s (3.42 min)
[20:58:14.265]   Split Time:    1.99s
[20:58:14.265]   Parallel Time: 203.08s (3.38 min)
[20:58:14.265] ============================================================
