[11:26:53.855] === Phase 3.2 OPTIMIZED Serial: 1x c5.large ===
[11:26:53.855] AMI: ami-06c7c20c67513469a (ffmpeg pre-installed)
[11:26:53.855] [c5.large-Serial-OPT] Launching EC2 instance...
[11:26:55.819] [c5.large-Serial-OPT] Instance i-090f36a71bf3a23bd launched. Waiting...
[11:27:11.586] [c5.large-Serial-OPT] Instance ready. IP: 100.48.8.21
[11:27:42.676] [c5.large-Serial-OPT] SSH connected.
[11:27:43.693] [c5.large-Serial-OPT] CPU: Intel(R) Xeon(R) Platinum 8275CL CPU @ 3.00GHz
[11:27:43.694] [c5.large-Serial-OPT] Uploading 10-minute video...
[11:27:53.785] [c5.large-Serial-OPT] Upload complete.
[11:27:53.786] [c5.large-Serial-OPT] SETUP TIME: 59.93s (1.00 min)
[11:27:53.786] [c5.large-Serial-OPT] Running: ffmpeg -i /home/ubuntu/input.mp4 -c:v libx264 -preset slow -b:v 2M -threads 5 -y /home/ubuntu/output.mp4
[11:29:25.963] [c5.large-Serial-OPT] ENCODING TIME: 92.18s (1.54 min)
[11:29:27.058] [c5.large-Serial-OPT] Instance terminated.
[11:29:27.058] [c5.large-Serial-OPT] ============================================================
[11:29:27.059] [c5.large-Serial-OPT] RESULTS — c5.large Serial OPTIMIZED
[11:29:27.059] [c5.large-Serial-OPT]   Total Time:    152.11s (2.54 min)
[11:29:27.059] [c5.large-Serial-OPT]   Setup Time:    59.93s (1.00 min)
[11:29:27.059] [c5.large-Serial-OPT]   Encoding Time: 92.18s (1.54 min)
[11:29:27.059] [c5.large-Serial-OPT]   Setup %:       39.4%
[11:29:27.059] [c5.large-Serial-OPT] ============================================================
