[13:17:31.810] === Phase 3.2 OPTIMIZED Horizontal: 10x c5.large ===
[13:17:31.810] AMI: ami-06c7c20c67513469a, Max workers: 10
[13:17:31.810] [Setup] Starting video split...
[13:17:31.859] [Setup] Video: 600.0s → 10 parts of 60.0s
[13:17:33.370] [Setup] Video split complete.
[13:17:33.370] [Summary] SPLIT TIME: 1.56s
[13:17:34.440] [Part 01] Launching c5.large...
[13:17:34.443] [Part 05] Launching c5.large...
[13:17:34.460] [Part 00] Launching c5.large...
[13:17:34.472] [Part 03] Launching c5.large...
[13:17:34.490] [Part 07] Launching c5.large...
[13:17:34.494] [Part 02] Launching c5.large...
[13:17:34.502] [Part 08] Launching c5.large...
[13:17:34.510] [Part 04] Launching c5.large...
[13:17:34.523] [Part 06] Launching c5.large...
[13:17:34.526] [Part 09] Launching c5.large...
[13:17:52.581] [Part 08] Instance ready. IP: 184.72.67.2
[13:17:52.622] [Part 05] Instance ready. IP: 34.203.193.4
[13:17:52.627] [Part 07] Instance ready. IP: 18.234.179.232
[13:17:52.642] [Part 00] Instance ready. IP: 54.84.96.5
[13:17:52.658] [Part 06] Instance ready. IP: 34.230.9.72
[13:17:52.663] [Part 04] Instance ready. IP: 3.94.247.179
[13:17:52.677] [Part 02] Instance ready. IP: 34.207.103.23
[13:17:52.684] [Part 03] Instance ready. IP: 34.229.60.248
[13:17:52.713] [Part 09] Instance ready. IP: 32.192.207.50
[13:17:52.771] [Part 01] Instance ready. IP: 54.157.28.75
[13:18:24.649] [Part 08] CPU: Intel(R) Xeon(R) Platinum 8275CL CPU @ 3.00GHz
[13:18:24.722] [Part 07] CPU: Intel(R) Xeon(R) Platinum 8275CL CPU @ 3.00GHz
[13:18:24.737] [Part 04] CPU: Intel(R) Xeon(R) Platinum 8275CL CPU @ 3.00GHz
[13:18:24.757] [Part 05] CPU: Intel(R) Xeon(R) Platinum 8275CL CPU @ 3.00GHz
[13:18:24.759] [Part 00] CPU: Intel(R) Xeon(R) Platinum 8124M CPU @ 3.00GHz
[13:18:24.759] [Part 00] WARNING: CPU mismatch! Expected Intel(R) Xeon(R) Platinum 8275CL CPU @ 3.00GHz, got Intel(R) Xeon(R) Platinum 8124M CPU @ 3.00GHz
[13:18:24.862] [Part 03] CPU: Intel(R) Xeon(R) Platinum 8275CL CPU @ 3.00GHz
[13:18:24.886] [Part 09] CPU: Intel(R) Xeon(R) Platinum 8223CL CPU @ 3.00GHz[13:18:24.888] [Part 01] CPU: Intel(R) Xeon(R) Platinum 8275CL CPU @ 3.00GHz
[13:18:24.889] [Part 09] WARNING: CPU mismatch! Expected Intel(R) Xeon(R) Platinum 8275CL CPU @ 3.00GHz, got Intel(R) Xeon(R) Platinum 8223CL CPU @ 3.00GHz

[13:18:24.899] [Part 02] CPU: Intel(R) Xeon(R) Platinum 8124M CPU @ 3.00GHz
[13:18:24.900] [Part 02] WARNING: CPU mismatch! Expected Intel(R) Xeon(R) Platinum 8275CL CPU @ 3.00GHz, got Intel(R) Xeon(R) Platinum 8124M CPU @ 3.00GHz
[13:18:24.933] [Part 06] CPU: Intel(R) Xeon(R) Platinum 8124M CPU @ 3.00GHz
[13:18:24.933] [Part 06] WARNING: CPU mismatch! Expected Intel(R) Xeon(R) Platinum 8275CL CPU @ 3.00GHz, got Intel(R) Xeon(R) Platinum 8124M CPU @ 3.00GHz
[13:18:25.248] [Part 08] Uploading segment...
[13:18:25.305] [Part 07] Uploading segment...
[13:18:25.318] [Part 04] Uploading segment...
[13:18:25.340] [Part 05] Uploading segment...
[13:18:25.361] [Part 00] Uploading segment...
[13:18:25.442] [Part 03] Uploading segment...
[13:18:25.469] [Part 01] Uploading segment...
[13:18:25.470] [Part 09] Uploading segment...
[13:18:25.503] [Part 02] Uploading segment...
[13:18:25.514] [Part 06] Uploading segment...
[13:18:27.163] [Part 05] Running compression...
[13:18:27.199] [Part 00] Running compression...
[13:18:27.203] [Part 07] Running compression...
[13:18:27.206] [Part 08] Running compression...
[13:18:27.223] [Part 04] Running compression...
[13:18:27.356] [Part 03] Running compression...
[13:18:27.389] [Part 09] Running compression...
[13:18:27.439] [Part 06] Running compression...
[13:18:27.528] [Part 02] Running compression...
[13:18:27.683] [Part 01] Running compression...
[13:18:39.737] [Part 09] Done!
[13:18:40.085] [Part 00] Done!
[13:18:40.144] [Part 04] Done!
[13:18:40.298] [Part 01] Done!
[13:18:40.329] [Part 09] Instance terminated.
[13:18:40.645] [Part 05] Done!
[13:18:40.686] [Part 00] Instance terminated.
[13:18:40.750] [Part 08] Done!
[13:18:40.775] [Part 04] Instance terminated.
[13:18:40.879] [Part 01] Instance terminated.
[13:18:40.956] [Part 07] Done!
[13:18:41.402] [Part 08] Instance terminated.
[13:18:41.427] [Part 03] Done!
[13:18:41.557] [Part 05] Instance terminated.
[13:18:41.569] [Part 07] Instance terminated.
[13:18:41.614] [Part 06] Done!
[13:18:41.715] [Part 02] Done!
[13:18:42.010] [Part 03] Instance terminated.
[13:18:42.198] [Part 06] Instance terminated.
[13:18:42.365] [Part 02] Instance terminated.
[13:18:42.372] ============================================================
[13:18:42.373] RESULTS — 10x c5.large Horizontal OPTIMIZED
[13:18:42.373]   Total Time:    70.56s (1.18 min)
[13:18:42.373]   Split Time:    1.56s
[13:18:42.373]   Parallel Time: 69.00s (1.15 min)
[13:18:42.373] ============================================================
