[11:15:59.670] === Phase 3.2 OPTIMIZED Horizontal: 10x c5.large ===
[11:15:59.670] AMI: ami-06c7c20c67513469a, Max workers: 10
[11:15:59.670] [Setup] Starting video split...
[11:15:59.716] [Setup] Video: 600.0s → 10 parts of 60.0s
[11:16:01.168] [Setup] Video split complete.
[11:16:01.168] [Summary] SPLIT TIME: 1.50s
[11:16:02.102] [Part 08] Launching c5.large...
[11:16:02.108] [Part 06] Launching c5.large...
[11:16:02.136] [Part 03] Launching c5.large...
[11:16:02.152] [Part 04] Launching c5.large...
[11:16:02.153] [Part 02] Launching c5.large...
[11:16:02.162] [Part 00] Launching c5.large...
[11:16:02.170] [Part 07] Launching c5.large...
[11:16:02.183] [Part 09] Launching c5.large...
[11:16:02.192] [Part 01] Launching c5.large...
[11:16:02.199] [Part 05] Launching c5.large...
[11:16:19.979] [Part 06] Instance ready. IP: 54.224.170.252
[11:16:19.983] [Part 03] Instance ready. IP: 54.146.167.87
[11:16:19.988] [Part 09] Instance ready. IP: 18.212.128.168
[11:16:20.001] [Part 04] Instance ready. IP: 54.80.183.44
[11:16:20.013] [Part 05] Instance ready. IP: 34.229.43.212
[11:16:20.033] [Part 00] Instance ready. IP: 54.204.150.195
[11:16:20.044] [Part 02] Instance ready. IP: 54.164.118.38
[11:16:20.050] [Part 07] Instance ready. IP: 3.87.135.174
[11:16:20.100] [Part 08] Instance ready. IP: 54.211.115.179
[11:16:20.396] [Part 01] Instance ready. IP: 54.81.103.192
[11:16:52.063] [Part 03] CPU: Intel(R) Xeon(R) Platinum 8124M CPU @ 3.00GHz
[11:16:52.068] [Part 03] WARNING: CPU mismatch! Expected Intel(R) Xeon(R) Platinum 8275CL CPU @ 3.00GHz, got Intel(R) Xeon(R) Platinum 8124M CPU @ 3.00GHz
[11:16:52.118] [Part 09] CPU: Intel(R) Xeon(R) Platinum 8124M CPU @ 3.00GHz
[11:16:52.118] [Part 09] WARNING: CPU mismatch! Expected Intel(R) Xeon(R) Platinum 8275CL CPU @ 3.00GHz, got Intel(R) Xeon(R) Platinum 8124M CPU @ 3.00GHz
[11:16:52.152] [Part 06] CPU: Intel(R) Xeon(R) Platinum 8124M CPU @ 3.00GHz
[11:16:52.152] [Part 06] WARNING: CPU mismatch! Expected Intel(R) Xeon(R) Platinum 8275CL CPU @ 3.00GHz, got Intel(R) Xeon(R) Platinum 8124M CPU @ 3.00GHz
[11:16:52.172] [Part 02] CPU: Intel(R) Xeon(R) Platinum 8223CL CPU @ 3.00GHz
[11:16:52.172] [Part 02] WARNING: CPU mismatch! Expected Intel(R) Xeon(R) Platinum 8275CL CPU @ 3.00GHz, got Intel(R) Xeon(R) Platinum 8223CL CPU @ 3.00GHz
[11:16:52.176] [Part 04] CPU: Intel(R) Xeon(R) Platinum 8124M CPU @ 3.00GHz
[11:16:52.177] [Part 04] WARNING: CPU mismatch! Expected Intel(R) Xeon(R) Platinum 8275CL CPU @ 3.00GHz, got Intel(R) Xeon(R) Platinum 8124M CPU @ 3.00GHz
[11:16:52.219] [Part 00] CPU: Intel(R) Xeon(R) Platinum 8124M CPU @ 3.00GHz
[11:16:52.219] [Part 00] WARNING: CPU mismatch! Expected Intel(R) Xeon(R) Platinum 8275CL CPU @ 3.00GHz, got Intel(R) Xeon(R) Platinum 8124M CPU @ 3.00GHz
[11:16:52.222] [Part 07] CPU: Intel(R) Xeon(R) Platinum 8124M CPU @ 3.00GHz
[11:16:52.222] [Part 07] WARNING: CPU mismatch! Expected Intel(R) Xeon(R) Platinum 8275CL CPU @ 3.00GHz, got Intel(R) Xeon(R) Platinum 8124M CPU @ 3.00GHz
[11:16:52.238] [Part 05] CPU: Intel(R) Xeon(R) Platinum 8223CL CPU @ 3.00GHz
[11:16:52.238] [Part 05] WARNING: CPU mismatch! Expected Intel(R) Xeon(R) Platinum 8275CL CPU @ 3.00GHz, got Intel(R) Xeon(R) Platinum 8223CL CPU @ 3.00GHz
[11:16:52.320] [Part 08] CPU: Intel(R) Xeon(R) Platinum 8124M CPU @ 3.00GHz
[11:16:52.321] [Part 08] WARNING: CPU mismatch! Expected Intel(R) Xeon(R) Platinum 8275CL CPU @ 3.00GHz, got Intel(R) Xeon(R) Platinum 8124M CPU @ 3.00GHz
[11:16:52.435] [Part 01] CPU: Intel(R) Xeon(R) Platinum 8124M CPU @ 3.00GHz
[11:16:52.435] [Part 01] WARNING: CPU mismatch! Expected Intel(R) Xeon(R) Platinum 8275CL CPU @ 3.00GHz, got Intel(R) Xeon(R) Platinum 8124M CPU @ 3.00GHz
[11:16:52.646] [Part 03] Uploading segment...
[11:16:52.721] [Part 09] Uploading segment...
[11:16:52.753] [Part 02] Uploading segment...
[11:16:52.755] [Part 06] Uploading segment...
[11:16:52.762] [Part 04] Uploading segment...
[11:16:52.800] [Part 00] Uploading segment...
[11:16:52.823] [Part 07] Uploading segment...
[11:16:52.839] [Part 05] Uploading segment...
[11:16:52.903] [Part 08] Uploading segment...
[11:16:53.017] [Part 01] Uploading segment...
[11:16:55.111] [Part 03] Running compression...
[11:16:55.374] [Part 02] Running compression...
[11:16:55.398] [Part 00] Running compression...
[11:16:55.442] [Part 06] Running compression...
[11:16:55.540] [Part 09] Running compression...
[11:16:55.640] [Part 08] Running compression...
[11:16:55.672] [Part 05] Running compression...
[11:16:55.740] [Part 01] Running compression...
[11:16:55.782] [Part 04] Running compression...
[11:16:55.814] [Part 07] Running compression...
[11:17:06.208] [Part 01] Done!
[11:17:06.576] [Part 09] Done!
[11:17:06.829] [Part 01] Instance terminated.
[11:17:07.170] [Part 03] Done!
[11:17:07.227] [Part 08] Done!
[11:17:07.228] [Part 04] Done![11:17:07.240] [Part 09] Instance terminated.

[11:17:07.412] [Part 05] Done!
[11:17:07.802] [Part 03] Instance terminated.
[11:17:07.816] [Part 02] Done!
[11:17:07.915] [Part 08] Instance terminated.
[11:17:07.921] [Part 04] Instance terminated.
[11:17:08.074] [Part 05] Instance terminated.
[11:17:08.106] [Part 00] Done!
[11:17:08.316] [Part 07] Done!
[11:17:08.431] [Part 02] Instance terminated.
[11:17:08.612] [Part 06] Done!
[11:17:08.716] [Part 00] Instance terminated.
[11:17:09.001] [Part 07] Instance terminated.
[11:17:09.298] [Part 06] Instance terminated.
[11:17:09.302] ============================================================
[11:17:09.303] RESULTS — 10x c5.large Horizontal OPTIMIZED
[11:17:09.303]   Total Time:    69.63s (1.16 min)
[11:17:09.303]   Split Time:    1.50s
[11:17:09.303]   Parallel Time: 68.13s (1.14 min)
[11:17:09.303] ============================================================
