[23:45:44.772] === Phase 3.2 Serial Baseline: 1x c5.large ===
[23:45:44.772] Codec: libx264, Threads: 5, Preset: slow
[23:45:44.772] [c5.large-Serial] Launching EC2 instance...
[23:45:46.589] [c5.large-Serial] Instance i-099e7b61183136975 launched. Waiting...
[23:46:02.298] [c5.large-Serial] Instance ready. IP: 44.204.194.149
[23:46:33.210] [c5.large-Serial] SSH connected.
[23:46:33.210] [c5.large-Serial] Installing ffmpeg...
[23:47:10.355] [c5.large-Serial] ffmpeg installed.
[23:47:10.764] [c5.large-Serial] CPU: Intel(R) Xeon(R) Platinum 8275CL CPU @ 3.00GHz
[23:47:10.764] [c5.large-Serial] Uploading 10-minute video...
[23:47:18.065] [c5.large-Serial] Upload complete.
[23:47:18.065] [c5.large-Serial] SETUP TIME: 93.29s (1.55 min)
[23:47:18.065] [c5.large-Serial] Running: ffmpeg -i /home/ubuntu/input.mp4 -c:v libx264 -preset slow -b:v 2M -threads 5 -max_muxing_queue_size 1024 -y /home/ubuntu/output.mp4
[23:48:59.298] [c5.large-Serial] ENCODING TIME: 101.23s (1.69 min)
[23:49:00.286] [c5.large-Serial] Instance terminated.
[23:49:00.286] [c5.large-Serial] ============================================================
[23:49:00.287] [c5.large-Serial] RESULTS — c5.large Serial
[23:49:00.287] [c5.large-Serial]   Total Time:    194.53s (3.24 min)
[23:49:00.287] [c5.large-Serial]   Setup Time:    93.29s (1.55 min)
[23:49:00.287] [c5.large-Serial]   Encoding Time: 101.23s (1.69 min)
[23:49:00.287] [c5.large-Serial]   Setup %:       48.0%
[23:49:00.287] [c5.large-Serial] ============================================================
