[01:15:01.515] === Phase 3.2 Horizontal Scaling: 10x c5.large ===
[01:15:01.515] Codec: libx264, Threads: 5, Max workers: 5
[01:15:01.515] [Setup] Starting video split...
[01:15:01.566] [Setup] Video: 600.0s → 10 parts of 60.0s
[01:15:03.114] [Setup] Video split complete.
[01:15:03.114] [Summary] SPLIT TIME: 1.60s
[01:15:03.658] [Part 00] Launching c5.large...
[01:15:03.671] [Part 03] Launching c5.large...
[01:15:03.676] [Part 01] Launching c5.large...
[01:15:03.692] [Part 02] Launching c5.large...
[01:15:03.701] [Part 04] Launching c5.large...
[01:15:21.950] [Part 01] Instance ready. IP: 35.171.18.207
[01:15:21.990] [Part 04] Instance ready. IP: 184.72.111.224
[01:15:22.013] [Part 02] Instance ready. IP: 44.204.38.118
[01:15:22.107] [Part 03] Instance ready. IP: 54.161.192.134
[01:15:22.116] [Part 00] Instance ready. IP: 3.95.163.161
[01:15:52.827] [Part 01] Installing ffmpeg...
[01:15:52.848] [Part 04] Installing ffmpeg...
[01:15:52.892] [Part 02] Installing ffmpeg...
[01:15:52.957] [Part 03] Installing ffmpeg...
[01:15:53.040] [Part 00] Installing ffmpeg...
[01:16:26.185] [Part 00] ffmpeg installed.
[01:16:26.571] [Part 00] CPU: Intel(R) Xeon(R) Platinum 8275CL CPU @ 3.00GHz
[01:16:26.643] [Part 02] ffmpeg installed.
[01:16:27.035] [Part 02] CPU: Intel(R) Xeon(R) Platinum 8275CL CPU @ 3.00GHz
[01:16:27.048] [Part 00] Uploading segment...
[01:16:27.516] [Part 02] Uploading segment...
[01:16:27.807] [Part 04] ffmpeg installed.
[01:16:28.046] [Part 01] ffmpeg installed.
[01:16:28.185] [Part 04] CPU: Intel(R) Xeon(R) Platinum 8275CL CPU @ 3.00GHz
[01:16:28.432] [Part 01] CPU: Intel(R) Xeon(R) Platinum 8275CL CPU @ 3.00GHz
[01:16:28.469] [Part 00] Running compression...
[01:16:28.605] [Part 03] ffmpeg installed.
[01:16:28.652] [Part 04] Uploading segment...
[01:16:28.911] [Part 01] Uploading segment...
[01:16:28.954] [Part 02] Running compression...
[01:16:28.977] [Part 03] CPU: Intel(R) Xeon(R) Platinum 8275CL CPU @ 3.00GHz
[01:16:29.440] [Part 03] Uploading segment...
[01:16:30.082] [Part 04] Running compression...
[01:16:30.339] [Part 01] Running compression...
[01:16:30.809] [Part 03] Running compression...
[01:16:41.433] [Part 00] Done!
[01:16:42.332] [Part 00] Instance terminated.
[01:16:42.342] [Part 05] Launching c5.large...
[01:16:42.460] [Part 02] Done!
[01:16:42.648] [Part 03] Done!
[01:16:42.902] [Part 01] Done!
[01:16:43.116] [Part 04] Done!
[01:16:43.363] [Part 02] Instance terminated.
[01:16:43.390] [Part 06] Launching c5.large...
[01:16:43.510] [Part 03] Instance terminated.
[01:16:43.540] [Part 07] Launching c5.large...
[01:16:43.754] [Part 01] Instance terminated.
[01:16:43.760] [Part 08] Launching c5.large...
[01:16:44.003] [Part 04] Instance terminated.
[01:16:44.021] [Part 09] Launching c5.large...
[01:16:59.958] [Part 05] Instance ready. IP: 54.205.53.0
[01:17:00.831] [Part 06] Instance ready. IP: 44.212.63.230
[01:17:01.380] [Part 07] Instance ready. IP: 13.218.27.99
[01:17:01.524] [Part 09] Instance ready. IP: 3.88.226.196
[01:17:01.557] [Part 08] Instance ready. IP: 34.201.116.141
[01:17:30.818] [Part 05] Installing ffmpeg...
[01:17:31.707] [Part 06] Installing ffmpeg...
[01:17:32.283] [Part 07] Installing ffmpeg...
[01:17:32.397] [Part 09] Installing ffmpeg...
[01:17:32.475] [Part 08] Installing ffmpeg...
[01:18:06.053] [Part 05] ffmpeg installed.
[01:18:06.431] [Part 05] CPU: Intel(R) Xeon(R) Platinum 8124M CPU @ 3.00GHz
[01:18:06.431] [Part 05] WARNING: CPU mismatch! Expected Intel(R) Xeon(R) Platinum 8275CL CPU @ 3.00GHz, got Intel(R) Xeon(R) Platinum 8124M CPU @ 3.00GHz
[01:18:06.458] [Part 08] ffmpeg installed.
[01:18:06.601] [Part 09] ffmpeg installed.
[01:18:06.844] [Part 08] CPU: Intel(R) Xeon(R) Platinum 8275CL CPU @ 3.00GHz
[01:18:06.895] [Part 05] Uploading segment...
[01:18:06.918] [Part 06] ffmpeg installed.
[01:18:06.992] [Part 09] CPU: Intel(R) Xeon(R) Platinum 8275CL CPU @ 3.00GHz
[01:18:07.303] [Part 06] CPU: Intel(R) Xeon(R) Platinum 8275CL CPU @ 3.00GHz
[01:18:07.310] [Part 08] Uploading segment...
[01:18:07.468] [Part 09] Uploading segment...
[01:18:07.779] [Part 06] Uploading segment...
[01:18:08.006] [Part 07] ffmpeg installed.
[01:18:08.292] [Part 05] Running compression...
[01:18:08.400] [Part 07] CPU: Intel(R) Xeon(R) Platinum 8275CL CPU @ 3.00GHz
[01:18:08.691] [Part 08] Running compression...
[01:18:08.885] [Part 07] Uploading segment...
[01:18:09.037] [Part 09] Running compression...
[01:18:09.222] [Part 06] Running compression...
[01:18:10.448] [Part 07] Running compression...
[01:18:20.133] [Part 05] Done!
[01:18:20.962] [Part 08] Done!
[01:18:21.097] [Part 05] Instance terminated.
[01:18:21.878] [Part 08] Instance terminated.
[01:18:21.917] [Part 09] Done!
[01:18:22.559] [Part 06] Done!
[01:18:22.784] [Part 09] Instance terminated.
[01:18:23.531] [Part 06] Instance terminated.
[01:18:24.608] [Part 07] Done!
[01:18:25.507] [Part 07] Instance terminated.
[01:18:25.508] ============================================================
[01:18:25.508] RESULTS — 10x c5.large Horizontal
[01:18:25.508]   Total Time:    203.99s (3.40 min)
[01:18:25.508]   Split Time:    1.60s
[01:18:25.508]   Parallel Time: 202.39s (3.37 min)
[01:18:25.508] ============================================================
