[12:38:29.385] === Phase 3.2 OPTIMIZED Serial: 1x c5.large ===
[12:38:29.386] AMI: ami-06c7c20c67513469a (ffmpeg pre-installed)
[12:38:29.386] [c5.large-Serial-OPT] Launching EC2 instance...
[12:38:31.293] [c5.large-Serial-OPT] Instance i-0b6c1b7cf9a52c03c launched. Waiting...
[12:38:47.059] [c5.large-Serial-OPT] Instance ready. IP: 100.54.199.192
[12:39:18.163] [c5.large-Serial-OPT] SSH connected.
[12:39:19.226] [c5.large-Serial-OPT] CPU: Intel(R) Xeon(R) Platinum 8124M CPU @ 3.00GHz
[12:39:19.227] [c5.large-Serial-OPT] WARNING: CPU mismatch! Expected Intel(R) Xeon(R) Platinum 8275CL CPU @ 3.00GHz, got Intel(R) Xeon(R) Platinum 8124M CPU @ 3.00GHz
[12:39:19.227] [c5.large-Serial-OPT] Uploading 10-minute video...
[12:39:27.457] [c5.large-Serial-OPT] Upload complete.
[12:39:27.458] [c5.large-Serial-OPT] SETUP TIME: 58.07s (0.97 min)
[12:39:27.458] [c5.large-Serial-OPT] Running: ffmpeg -i /home/ubuntu/input.mp4 -c:v libx264 -preset slow -b:v 2M -threads 5 -y /home/ubuntu/output.mp4
[12:40:53.908] [c5.large-Serial-OPT] ENCODING TIME: 86.45s (1.44 min)
[12:40:54.992] [c5.large-Serial-OPT] Instance terminated.
[12:40:54.993] [c5.large-Serial-OPT] ============================================================
[12:40:54.993] [c5.large-Serial-OPT] RESULTS — c5.large Serial OPTIMIZED
[12:40:54.993] [c5.large-Serial-OPT]   Total Time:    144.52s (2.41 min)
[12:40:54.993] [c5.large-Serial-OPT]   Setup Time:    58.07s (0.97 min)
[12:40:54.993] [c5.large-Serial-OPT]   Encoding Time: 86.45s (1.44 min)
[12:40:54.993] [c5.large-Serial-OPT]   Setup %:       40.2%
[12:40:54.993] [c5.large-Serial-OPT] ============================================================
