[02:48:43.016] === Phase 3.2 Horizontal Scaling: 10x c5.large ===
[02:48:43.016] Codec: libx264, Threads: 5, Max workers: 5
[02:48:43.016] [Setup] Starting video split...
[02:48:43.066] [Setup] Video: 600.0s → 10 parts of 60.0s
[02:48:44.657] [Setup] Video split complete.
[02:48:44.657] [Summary] SPLIT TIME: 1.64s
[02:48:45.158] [Part 04] Launching c5.large...
[02:48:45.202] [Part 01] Launching c5.large...
[02:48:45.212] [Part 00] Launching c5.large...
[02:48:45.221] [Part 02] Launching c5.large...
[02:48:45.227] [Part 03] Launching c5.large...
[02:49:02.681] [Part 01] Instance ready. IP: 13.218.168.232
[02:49:02.746] [Part 04] Instance ready. IP: 100.54.254.189
[02:49:02.866] [Part 03] Instance ready. IP: 52.87.158.249
[02:49:02.969] [Part 00] Instance ready. IP: 54.175.131.30
[02:49:03.046] [Part 02] Instance ready. IP: 34.230.81.131
[02:49:33.562] [Part 01] Installing ffmpeg...
[02:49:33.688] [Part 04] Installing ffmpeg...
[02:49:33.751] [Part 03] Installing ffmpeg...
[02:49:33.869] [Part 00] Installing ffmpeg...
[02:49:33.960] [Part 02] Installing ffmpeg...
[02:50:08.870] [Part 03] ffmpeg installed.
[02:50:09.012] [Part 02] ffmpeg installed.
[02:50:09.016] [Part 01] ffmpeg installed.
[02:50:09.097] [Part 04] ffmpeg installed.
[02:50:09.265] [Part 03] CPU: Intel(R) Xeon(R) Platinum 8275CL CPU @ 3.00GHz
[02:50:09.283] [Part 00] ffmpeg installed.
[02:50:09.395] [Part 01] CPU: Intel(R) Xeon(R) Platinum 8275CL CPU @ 3.00GHz
[02:50:09.409] [Part 02] CPU: Intel(R) Xeon(R) Platinum 8275CL CPU @ 3.00GHz
[02:50:09.491] [Part 04] CPU: Intel(R) Xeon(R) Platinum 8275CL CPU @ 3.00GHz
[02:50:09.662] [Part 00] CPU: Intel(R) Xeon(R) Platinum 8275CL CPU @ 3.00GHz
[02:50:09.748] [Part 03] Uploading segment...
[02:50:09.858] [Part 01] Uploading segment...
[02:50:09.892] [Part 02] Uploading segment...
[02:50:09.975] [Part 04] Uploading segment...
[02:50:10.129] [Part 00] Uploading segment...
[02:50:11.266] [Part 03] Running compression...
[02:50:11.350] [Part 01] Running compression...
[02:50:11.429] [Part 04] Running compression...
[02:50:11.454] [Part 02] Running compression...
[02:50:11.550] [Part 00] Running compression...
[02:50:24.085] [Part 01] Done!
[02:50:24.428] [Part 03] Done!
[02:50:24.519] [Part 04] Done!
[02:50:24.605] [Part 00] Done!
[02:50:24.896] [Part 02] Done!
[02:50:25.003] [Part 01] Instance terminated.
[02:50:25.009] [Part 05] Launching c5.large...
[02:50:25.378] [Part 03] Instance terminated.
[02:50:25.404] [Part 06] Launching c5.large...
[02:50:25.437] [Part 04] Instance terminated.
[02:50:25.451] [Part 07] Launching c5.large...
[02:50:25.515] [Part 00] Instance terminated.
[02:50:25.541] [Part 08] Launching c5.large...
[02:50:25.794] [Part 02] Instance terminated.
[02:50:25.823] [Part 09] Launching c5.large...
[02:50:42.728] [Part 05] Instance ready. IP: 3.86.115.9
[02:50:43.062] [Part 07] Instance ready. IP: 44.206.236.129
[02:50:43.229] [Part 06] Instance ready. IP: 44.201.219.5
[02:50:43.390] [Part 08] Instance ready. IP: 3.87.201.74
[02:50:43.600] [Part 09] Instance ready. IP: 44.202.168.41
[02:51:13.623] [Part 05] Installing ffmpeg...
[02:51:13.953] [Part 07] Installing ffmpeg...
[02:51:14.201] [Part 06] Installing ffmpeg...
[02:51:14.318] [Part 08] Installing ffmpeg...
[02:51:14.504] [Part 09] Installing ffmpeg...
[02:51:46.841] [Part 05] ffmpeg installed.
[02:51:47.227] [Part 05] CPU: Intel(R) Xeon(R) Platinum 8275CL CPU @ 3.00GHz
[02:51:47.703] [Part 05] Uploading segment...
[02:51:47.831] [Part 07] ffmpeg installed.
[02:51:47.842] [Part 06] ffmpeg installed.
[02:51:48.219] [Part 07] CPU: Intel(R) Xeon(R) Platinum 8275CL CPU @ 3.00GHz
[02:51:48.240] [Part 06] CPU: Intel(R) Xeon(R) Platinum 8275CL CPU @ 3.00GHz
[02:51:48.696] [Part 07] Uploading segment...
[02:51:48.735] [Part 06] Uploading segment...
[02:51:49.333] [Part 05] Running compression...
[02:51:49.636] [Part 08] ffmpeg installed.
[02:51:50.042] [Part 08] CPU: Intel(R) Xeon(R) Platinum 8275CL CPU @ 3.00GHz
[02:51:50.227] [Part 07] Running compression...
[02:51:50.341] [Part 06] Running compression...
[02:51:50.539] [Part 08] Uploading segment...
[02:51:51.519] [Part 09] ffmpeg installed.
[02:51:51.905] [Part 09] CPU: Intel(R) Xeon(R) Platinum 8275CL CPU @ 3.00GHz
[02:51:52.025] [Part 08] Running compression...
[02:51:52.384] [Part 09] Uploading segment...
[02:51:53.817] [Part 09] Running compression...
[02:52:01.092] [Part 05] Done!
[02:52:02.073] [Part 05] Instance terminated.
[02:52:03.861] [Part 06] Done!
[02:52:03.961] [Part 07] Done!
[02:52:04.636] [Part 08] Done!
[02:52:04.775] [Part 06] Instance terminated.
[02:52:04.899] [Part 07] Instance terminated.
[02:52:05.580] [Part 08] Instance terminated.
[02:52:06.769] [Part 09] Done!
[02:52:07.699] [Part 09] Instance terminated.
[02:52:07.703] ============================================================
[02:52:07.704] RESULTS — 10x c5.large Horizontal
[02:52:07.704]   Total Time:    204.69s (3.41 min)
[02:52:07.704]   Split Time:    1.64s
[02:52:07.704]   Parallel Time: 203.05s (3.38 min)
[02:52:07.704] ============================================================
