[10:16:42.074] === Phase 3.2 OPTIMIZED Horizontal: 10x c5.large ===
[10:16:42.074] AMI: ami-06c7c20c67513469a, Max workers: 10
[10:16:42.074] [Setup] Starting video split...
[10:16:42.121] [Setup] Video: 600.0s → 10 parts of 60.0s
[10:16:43.590] [Setup] Video split complete.
[10:16:43.590] [Summary] SPLIT TIME: 1.52s
[10:16:44.550] [Part 05] Launching c5.large...
[10:16:44.563] [Part 01] Launching c5.large...
[10:16:44.588] [Part 06] Launching c5.large...
[10:16:44.598] [Part 00] Launching c5.large...
[10:16:44.609] [Part 07] Launching c5.large...
[10:16:44.617] [Part 09] Launching c5.large...
[10:16:44.625] [Part 08] Launching c5.large...
[10:16:44.637] [Part 03] Launching c5.large...
[10:16:44.650] [Part 02] Launching c5.large...
[10:16:44.654] [Part 04] Launching c5.large...
[10:17:02.231] [Part 07] Instance ready. IP: 3.88.129.242
[10:17:02.246] [Part 06] Instance ready. IP: 107.20.60.241
[10:17:02.279] [Part 00] Instance ready. IP: 3.84.202.251
[10:17:02.331] [Part 02] Instance ready. IP: 100.48.2.213
[10:17:02.350] [Part 05] Instance ready. IP: 3.87.120.242
[10:17:02.352] [Part 03] Instance ready. IP: 50.17.59.148
[10:17:02.418] [Part 04] Instance ready. IP: 13.217.94.48
[10:17:02.423] [Part 01] Instance ready. IP: 18.232.79.131
[10:17:02.470] [Part 09] Instance ready. IP: 3.85.192.219
[10:17:02.954] [Part 08] Instance ready. IP: 3.81.174.19
[10:17:34.265] [Part 06] CPU: Intel(R) Xeon(R) Platinum 8275CL CPU @ 3.00GHz
[10:17:34.291] [Part 07] CPU: Intel(R) Xeon(R) Platinum 8275CL CPU @ 3.00GHz
[10:17:34.375] [Part 00] CPU: Intel(R) Xeon(R) Platinum 8124M CPU @ 3.00GHz
[10:17:34.376] [Part 00] WARNING: CPU mismatch! Expected Intel(R) Xeon(R) Platinum 8275CL CPU @ 3.00GHz, got Intel(R) Xeon(R) Platinum 8124M CPU @ 3.00GHz
[10:17:34.409] [Part 05] CPU: Intel(R) Xeon(R) Platinum 8275CL CPU @ 3.00GHz
[10:17:34.415] [Part 02] CPU: Intel(R) Xeon(R) Platinum 8124M CPU @ 3.00GHz
[10:17:34.415] [Part 02] WARNING: CPU mismatch! Expected Intel(R) Xeon(R) Platinum 8275CL CPU @ 3.00GHz, got Intel(R) Xeon(R) Platinum 8124M CPU @ 3.00GHz
[10:17:34.456] [Part 03] CPU: Intel(R) Xeon(R) Platinum 8124M CPU @ 3.00GHz
[10:17:34.456] [Part 03] WARNING: CPU mismatch! Expected Intel(R) Xeon(R) Platinum 8275CL CPU @ 3.00GHz, got Intel(R) Xeon(R) Platinum 8124M CPU @ 3.00GHz
[10:17:34.474] [Part 04] CPU: Intel(R) Xeon(R) Platinum 8275CL CPU @ 3.00GHz
[10:17:34.552] [Part 01] CPU: Intel(R) Xeon(R) Platinum 8124M CPU @ 3.00GHz
[10:17:34.552] [Part 01] WARNING: CPU mismatch! Expected Intel(R) Xeon(R) Platinum 8275CL CPU @ 3.00GHz, got Intel(R) Xeon(R) Platinum 8124M CPU @ 3.00GHz
[10:17:34.594] [Part 09] CPU: Intel(R) Xeon(R) Platinum 8124M CPU @ 3.00GHz
[10:17:34.594] [Part 09] WARNING: CPU mismatch! Expected Intel(R) Xeon(R) Platinum 8275CL CPU @ 3.00GHz, got Intel(R) Xeon(R) Platinum 8124M CPU @ 3.00GHz
[10:17:34.846] [Part 06] Uploading segment...
[10:17:34.873] [Part 07] Uploading segment...
[10:17:34.958] [Part 00] Uploading segment...
[10:17:34.992] [Part 05] Uploading segment...
[10:17:34.999] [Part 02] Uploading segment...
[10:17:35.007] [Part 08] CPU: Intel(R) Xeon(R) Platinum 8124M CPU @ 3.00GHz
[10:17:35.007] [Part 08] WARNING: CPU mismatch! Expected Intel(R) Xeon(R) Platinum 8275CL CPU @ 3.00GHz, got Intel(R) Xeon(R) Platinum 8124M CPU @ 3.00GHz
[10:17:35.037] [Part 03] Uploading segment...
[10:17:35.075] [Part 04] Uploading segment...
[10:17:35.153] [Part 01] Uploading segment...
[10:17:35.177] [Part 09] Uploading segment...
[10:17:35.590] [Part 08] Uploading segment...
[10:17:36.831] [Part 03] Running compression...
[10:17:36.852] [Part 00] Running compression...
[10:17:36.895] [Part 05] Running compression...
[10:17:36.899] [Part 07] Running compression...
[10:17:36.953] [Part 09] Running compression...
[10:17:37.024] [Part 06] Running compression...
[10:17:37.040] [Part 04] Running compression...
[10:17:37.180] [Part 02] Running compression...
[10:17:37.256] [Part 01] Running compression...
[10:17:37.360] [Part 08] Running compression...
[10:17:48.281] [Part 01] Done!
[10:17:48.302] [Part 09] Done!
[10:17:48.378] [Part 05] Done!
[10:17:48.919] [Part 09] Instance terminated.
[10:17:48.934] [Part 01] Instance terminated.
[10:17:48.963] [Part 05] Instance terminated.
[10:17:48.994] [Part 03] Done!
[10:17:49.084] [Part 04] Done!
[10:17:49.101] [Part 00] Done!
[10:17:49.487] [Part 08] Done!
[10:17:49.600] [Part 03] Instance terminated.
[10:17:49.661] [Part 04] Instance terminated.
[10:17:49.745] [Part 00] Instance terminated.
[10:17:50.019] [Part 02] Done!
[10:17:50.083] [Part 08] Instance terminated.
[10:17:50.631] [Part 02] Instance terminated.
[10:17:50.634] [Part 07] Done!
[10:17:50.711] [Part 06] Done!
[10:17:51.300] [Part 07] Instance terminated.
[10:17:51.368] [Part 06] Instance terminated.
[10:17:51.376] ============================================================
[10:17:51.376] RESULTS — 10x c5.large Horizontal OPTIMIZED
[10:17:51.376]   Total Time:    69.30s (1.16 min)
[10:17:51.376]   Split Time:    1.52s
[10:17:51.376]   Parallel Time: 67.79s (1.13 min)
[10:17:51.376] ============================================================
