[13:23:02.788] === Phase 3.2 OPTIMIZED Horizontal: 10x c5.large ===
[13:23:02.788] AMI: ami-06c7c20c67513469a, Max workers: 10
[13:23:02.788] [Setup] Starting video split...
[13:23:02.837] [Setup] Video: 600.0s → 10 parts of 60.0s
[13:23:04.377] [Setup] Video split complete.
[13:23:04.377] [Summary] SPLIT TIME: 1.59s
[13:23:05.393] [Part 08] Launching c5.large...
[13:23:05.396] [Part 03] Launching c5.large...
[13:23:05.430] [Part 00] Launching c5.large...
[13:23:05.444] [Part 01] Launching c5.large...
[13:23:05.457] [Part 05] Launching c5.large...
[13:23:05.463] [Part 09] Launching c5.large...
[13:23:05.472] [Part 04] Launching c5.large...
[13:23:05.481] [Part 02] Launching c5.large...
[13:23:05.489] [Part 07] Launching c5.large...
[13:23:05.498] [Part 06] Launching c5.large...
[13:23:23.179] [Part 09] Instance ready. IP: 54.80.200.243
[13:23:23.227] [Part 00] Instance ready. IP: 35.168.13.235
[13:23:23.241] [Part 06] Instance ready. IP: 3.85.174.7
[13:23:23.288] [Part 08] Instance ready. IP: 54.205.159.214
[13:23:23.298] [Part 04] Instance ready. IP: 23.20.28.136
[13:23:23.307] [Part 05] Instance ready. IP: 18.232.58.142
[13:23:23.322] [Part 07] Instance ready. IP: 184.73.81.211
[13:23:23.345] [Part 01] Instance ready. IP: 54.242.62.30
[13:23:23.351] [Part 02] Instance ready. IP: 13.221.201.33
[13:23:23.381] [Part 03] Instance ready. IP: 3.80.255.11
[13:23:55.308] [Part 06] CPU: Intel(R) Xeon(R) Platinum 8124M CPU @ 3.00GHz
[13:23:55.309] [Part 06] WARNING: CPU mismatch! Expected Intel(R) Xeon(R) Platinum 8275CL CPU @ 3.00GHz, got Intel(R) Xeon(R) Platinum 8124M CPU @ 3.00GHz
[13:23:55.349] [Part 09] CPU: Intel(R) Xeon(R) Platinum 8124M CPU @ 3.00GHz
[13:23:55.350] [Part 09] WARNING: CPU mismatch! Expected Intel(R) Xeon(R) Platinum 8275CL CPU @ 3.00GHz, got Intel(R) Xeon(R) Platinum 8124M CPU @ 3.00GHz
[13:23:55.352] [Part 00] CPU: Intel(R) Xeon(R) Platinum 8275CL CPU @ 3.00GHz
[13:23:55.456] [Part 08] CPU: Intel(R) Xeon(R) Platinum 8124M CPU @ 3.00GHz
[13:23:55.457] [Part 08] WARNING: CPU mismatch! Expected Intel(R) Xeon(R) Platinum 8275CL CPU @ 3.00GHz, got Intel(R) Xeon(R) Platinum 8124M CPU @ 3.00GHz
[13:23:55.492] [Part 07] CPU: Intel(R) Xeon(R) Platinum 8124M CPU @ 3.00GHz
[13:23:55.493] [Part 07] WARNING: CPU mismatch! Expected Intel(R) Xeon(R) Platinum 8275CL CPU @ 3.00GHz, got Intel(R) Xeon(R) Platinum 8124M CPU @ 3.00GHz
[13:23:55.503] [Part 05] CPU: Intel(R) Xeon(R) Platinum 8124M CPU @ 3.00GHz
[13:23:55.503] [Part 05] WARNING: CPU mismatch! Expected Intel(R) Xeon(R) Platinum 8275CL CPU @ 3.00GHz, got Intel(R) Xeon(R) Platinum 8124M CPU @ 3.00GHz
[13:23:55.506] [Part 04] CPU: Intel(R) Xeon(R) Platinum 8275CL CPU @ 3.00GHz
[13:23:55.516] [Part 01] CPU: Intel(R) Xeon(R) Platinum 8124M CPU @ 3.00GHz
[13:23:55.517] [Part 01] WARNING: CPU mismatch! Expected Intel(R) Xeon(R) Platinum 8275CL CPU @ 3.00GHz, got Intel(R) Xeon(R) Platinum 8124M CPU @ 3.00GHz
[13:23:55.544] [Part 03] CPU: Intel(R) Xeon(R) Platinum 8124M CPU @ 3.00GHz
[13:23:55.545] [Part 03] WARNING: CPU mismatch! Expected Intel(R) Xeon(R) Platinum 8275CL CPU @ 3.00GHz, got Intel(R) Xeon(R) Platinum 8124M CPU @ 3.00GHz
[13:23:55.546] [Part 02] CPU: Intel(R) Xeon(R) Platinum 8275CL CPU @ 3.00GHz
[13:23:55.891] [Part 06] Uploading segment...
[13:23:55.934] [Part 00] Uploading segment...
[13:23:55.950] [Part 09] Uploading segment...
[13:23:56.038] [Part 08] Uploading segment...
[13:23:56.075] [Part 07] Uploading segment...
[13:23:56.087] [Part 05] Uploading segment...
[13:23:56.088] [Part 04] Uploading segment...
[13:23:56.101] [Part 01] Uploading segment...
[13:23:56.146] [Part 03] Uploading segment...
[13:23:56.150] [Part 02] Uploading segment...
[13:23:57.716] [Part 00] Running compression...
[13:23:57.772] [Part 09] Running compression...
[13:23:57.796] [Part 06] Running compression...
[13:23:57.805] [Part 08] Running compression...
[13:23:57.894] [Part 07] Running compression...
[13:23:57.996] [Part 05] Running compression...
[13:23:58.024] [Part 01] Running compression...
[13:23:58.026] [Part 04] Running compression...
[13:23:58.126] [Part 03] Running compression...
[13:23:58.269] [Part 02] Running compression...
[13:24:08.966] [Part 09] Done!
[13:24:09.593] [Part 09] Instance terminated.
[13:24:09.949] [Part 06] Done!
[13:24:10.079] [Part 03] Done!
[13:24:10.238] [Part 01] Done!
[13:24:10.468] [Part 05] Done!
[13:24:10.568] [Part 06] Instance terminated.
[13:24:10.727] [Part 03] Instance terminated.
[13:24:10.850] [Part 01] Instance terminated.
[13:24:10.904] [Part 08] Done!
[13:24:11.073] [Part 07] Done!
[13:24:11.130] [Part 05] Instance terminated.
[13:24:11.317] [Part 00] Done!
[13:24:11.428] [Part 04] Done!
[13:24:11.537] [Part 08] Instance terminated.
[13:24:11.880] [Part 07] Instance terminated.
[13:24:11.919] [Part 00] Instance terminated.
[13:24:12.062] [Part 04] Instance terminated.
[13:24:12.284] [Part 02] Done!
[13:24:12.900] [Part 02] Instance terminated.
[13:24:12.908] ============================================================
[13:24:12.908] RESULTS — 10x c5.large Horizontal OPTIMIZED
[13:24:12.908]   Total Time:    70.12s (1.17 min)
[13:24:12.908]   Split Time:    1.59s
[13:24:12.908]   Parallel Time: 68.53s (1.14 min)
[13:24:12.908] ============================================================
