[21:05:15.749] === Phase 3.2 Horizontal Scaling: 10x c5.large ===
[21:05:15.749] Codec: libx264, Threads: 5, Max workers: 5
[21:05:15.750] [Setup] Starting video split...
[21:05:15.803] [Setup] Video: 600.0s → 10 parts of 60.0s
[21:05:17.591] [Setup] Video split complete.
[21:05:17.591] [Summary] SPLIT TIME: 1.84s
[21:05:18.251] [Part 00] Launching c5.large...
[21:05:18.262] [Part 03] Launching c5.large...
[21:05:18.277] [Part 04] Launching c5.large...
[21:05:18.286] [Part 02] Launching c5.large...
[21:05:18.296] [Part 01] Launching c5.large...
[21:05:36.021] [Part 04] Instance ready. IP: 18.212.195.159
[21:05:36.186] [Part 00] Instance ready. IP: 3.84.115.85
[21:05:36.214] [Part 01] Instance ready. IP: 3.85.110.132
[21:05:36.232] [Part 03] Instance ready. IP: 3.86.167.98
[21:05:36.292] [Part 02] Instance ready. IP: 3.94.82.38
[21:06:06.904] [Part 04] Installing ffmpeg...
[21:06:07.175] [Part 00] Installing ffmpeg...
[21:06:07.206] [Part 01] Installing ffmpeg...
[21:06:07.244] [Part 03] Installing ffmpeg...
[21:06:07.285] [Part 02] Installing ffmpeg...
[21:06:39.425] [Part 00] ffmpeg installed.
[21:06:39.860] [Part 00] CPU: Intel(R) Xeon(R) Platinum 8275CL CPU @ 3.00GHz
[21:06:40.396] [Part 00] Uploading segment...
[21:06:40.749] [Part 01] ffmpeg installed.
[21:06:41.182] [Part 01] CPU: Intel(R) Xeon(R) Platinum 8275CL CPU @ 3.00GHz
[21:06:41.380] [Part 03] ffmpeg installed.
[21:06:41.716] [Part 01] Uploading segment...
[21:06:41.814] [Part 03] CPU: Intel(R) Xeon(R) Platinum 8275CL CPU @ 3.00GHz
[21:06:42.012] [Part 00] Running compression...
[21:06:42.350] [Part 03] Uploading segment...
[21:06:42.911] [Part 02] ffmpeg installed.
[21:06:43.346] [Part 02] CPU: Intel(R) Xeon(R) Platinum 8275CL CPU @ 3.00GHz
[21:06:43.378] [Part 01] Running compression...
[21:06:43.497] [Part 04] ffmpeg installed.
[21:06:43.878] [Part 04] CPU: Intel(R) Xeon(R) Platinum 8124M CPU @ 3.00GHz
[21:06:43.878] [Part 04] WARNING: CPU mismatch! Expected Intel(R) Xeon(R) Platinum 8275CL CPU @ 3.00GHz, got Intel(R) Xeon(R) Platinum 8124M CPU @ 3.00GHz
[21:06:43.886] [Part 02] Uploading segment...
[21:06:44.025] [Part 03] Running compression...
[21:06:44.342] [Part 04] Uploading segment...
[21:06:45.513] [Part 02] Running compression...
[21:06:45.767] [Part 04] Running compression...
[21:06:55.351] [Part 00] Done!
[21:06:56.130] [Part 01] Done!
[21:06:56.263] [Part 00] Instance terminated.
[21:06:56.277] [Part 05] Launching c5.large...
[21:06:57.049] [Part 01] Instance terminated.
[21:06:57.060] [Part 06] Launching c5.large...
[21:06:57.727] [Part 03] Done!
[21:06:58.272] [Part 04] Done!
[21:06:58.642] [Part 03] Instance terminated.
[21:06:58.649] [Part 07] Launching c5.large...
[21:06:59.190] [Part 04] Instance terminated.
[21:06:59.196] [Part 08] Launching c5.large...
[21:06:59.454] [Part 02] Done!
[21:07:00.367] [Part 02] Instance terminated.
[21:07:00.374] [Part 09] Launching c5.large...
[21:07:14.055] [Part 05] Instance ready. IP: 54.209.64.48
[21:07:14.964] [Part 06] Instance ready. IP: 3.84.220.240
[21:07:16.424] [Part 07] Instance ready. IP: 44.211.37.160
[21:07:17.018] [Part 08] Instance ready. IP: 18.207.190.6
[21:07:18.222] [Part 09] Instance ready. IP: 34.203.188.90
[21:07:44.948] [Part 05] Installing ffmpeg...
[21:07:45.983] [Part 06] Installing ffmpeg...
[21:07:47.410] [Part 07] Installing ffmpeg...
[21:07:47.883] [Part 08] Installing ffmpeg...
[21:07:49.077] [Part 09] Installing ffmpeg...
[21:08:18.844] [Part 05] ffmpeg installed.
[21:08:19.237] [Part 05] CPU: Intel(R) Xeon(R) Platinum 8275CL CPU @ 3.00GHz
[21:08:19.723] [Part 05] Uploading segment...
[21:08:21.219] [Part 05] Running compression...
[21:08:21.716] [Part 06] ffmpeg installed.
[21:08:22.163] [Part 06] CPU: Intel(R) Xeon(R) Platinum 8275CL CPU @ 3.00GHz
[21:08:22.279] [Part 08] ffmpeg installed.
[21:08:22.659] [Part 08] CPU: Intel(R) Xeon(R) Platinum 8275CL CPU @ 3.00GHz
[21:08:22.722] [Part 06] Uploading segment...
[21:08:23.123] [Part 08] Uploading segment...
[21:08:23.149] [Part 07] ffmpeg installed.
[21:08:23.583] [Part 07] CPU: Intel(R) Xeon(R) Platinum 8275CL CPU @ 3.00GHz
[21:08:23.976] [Part 09] ffmpeg installed.
[21:08:24.124] [Part 07] Uploading segment...
[21:08:24.355] [Part 09] CPU: Intel(R) Xeon(R) Platinum 8124M CPU @ 3.00GHz
[21:08:24.355] [Part 09] WARNING: CPU mismatch! Expected Intel(R) Xeon(R) Platinum 8275CL CPU @ 3.00GHz, got Intel(R) Xeon(R) Platinum 8124M CPU @ 3.00GHz
[21:08:24.408] [Part 08] Running compression...
[21:08:24.408] [Part 06] Running compression...
[21:08:24.818] [Part 09] Uploading segment...
[21:08:25.755] [Part 07] Running compression...
[21:08:26.198] [Part 09] Running compression...
[21:08:33.930] [Part 05] Done!
[21:08:34.811] [Part 05] Instance terminated.
[21:08:36.691] [Part 08] Done!
[21:08:37.574] [Part 08] Instance terminated.
[21:08:38.186] [Part 06] Done!
[21:08:38.405] [Part 09] Done!
[21:08:39.077] [Part 06] Instance terminated.
[21:08:39.327] [Part 09] Instance terminated.
[21:08:40.172] [Part 07] Done!
[21:08:41.074] [Part 07] Instance terminated.
[21:08:41.075] ============================================================
[21:08:41.075] RESULTS — 10x c5.large Horizontal
[21:08:41.075]   Total Time:    205.33s (3.42 min)
[21:08:41.075]   Split Time:    1.84s
[21:08:41.075]   Parallel Time: 203.48s (3.39 min)
[21:08:41.075] ============================================================
