[21:28:28.296] === Phase 3.2 Horizontal Scaling: 10x c5.large ===
[21:28:28.296] Codec: libx264, Threads: 5, Max workers: 5
[21:28:28.296] [Setup] Starting video split...
[21:28:28.354] [Setup] Video: 600.0s → 10 parts of 60.0s
[21:28:30.276] [Setup] Video split complete.
[21:28:30.276] [Summary] SPLIT TIME: 1.98s
[21:28:31.072] [Part 03] Launching c5.large...
[21:28:31.087] [Part 01] Launching c5.large...
[21:28:31.100] [Part 02] Launching c5.large...
[21:28:31.116] [Part 00] Launching c5.large...
[21:28:31.127] [Part 04] Launching c5.large...
[21:28:48.722] [Part 04] Instance ready. IP: 35.173.187.110
[21:28:48.786] [Part 02] Instance ready. IP: 3.84.57.78
[21:28:48.917] [Part 01] Instance ready. IP: 44.211.125.7
[21:28:48.927] [Part 00] Instance ready. IP: 52.4.81.226
[21:28:49.212] [Part 03] Instance ready. IP: 54.172.75.91
[21:29:19.708] [Part 04] Installing ffmpeg...
[21:29:19.772] [Part 02] Installing ffmpeg...
[21:29:19.899] [Part 01] Installing ffmpeg...
[21:29:19.929] [Part 00] Installing ffmpeg...
[21:29:20.026] [Part 03] Installing ffmpeg...
[21:29:53.507] [Part 01] ffmpeg installed.
[21:29:53.746] [Part 03] ffmpeg installed.
[21:29:53.940] [Part 01] CPU: Intel(R) Xeon(R) Platinum 8275CL CPU @ 3.00GHz
[21:29:54.129] [Part 03] CPU: Intel(R) Xeon(R) Platinum 8275CL CPU @ 3.00GHz
[21:29:54.476] [Part 01] Uploading segment...
[21:29:54.595] [Part 03] Uploading segment...
[21:29:54.733] [Part 00] ffmpeg installed.
[21:29:54.953] [Part 04] ffmpeg installed.
[21:29:55.166] [Part 00] CPU: Intel(R) Xeon(R) Platinum 8275CL CPU @ 3.00GHz
[21:29:55.388] [Part 04] CPU: Intel(R) Xeon(R) Platinum 8275CL CPU @ 3.00GHz
[21:29:55.707] [Part 00] Uploading segment...
[21:29:55.924] [Part 04] Uploading segment...
[21:29:55.927] [Part 03] Running compression...
[21:29:56.133] [Part 01] Running compression...
[21:29:56.690] [Part 02] ffmpeg installed.
[21:29:57.138] [Part 02] CPU: Intel(R) Xeon(R) Platinum 8275CL CPU @ 3.00GHz
[21:29:57.336] [Part 00] Running compression...
[21:29:57.549] [Part 04] Running compression...
[21:29:57.676] [Part 02] Uploading segment...
[21:29:59.309] [Part 02] Running compression...
[21:30:09.019] [Part 03] Done!
[21:30:09.132] [Part 01] Done!
[21:30:09.954] [Part 03] Instance terminated.
[21:30:09.961] [Part 05] Launching c5.large...
[21:30:09.992] [Part 01] Instance terminated.
[21:30:09.998] [Part 06] Launching c5.large...
[21:30:10.885] [Part 00] Done!
[21:30:11.030] [Part 04] Done!
[21:30:11.748] [Part 00] Instance terminated.
[21:30:11.769] [Part 07] Launching c5.large...
[21:30:11.912] [Part 04] Instance terminated.
[21:30:11.922] [Part 08] Launching c5.large...
[21:30:13.059] [Part 02] Done!
[21:30:13.947] [Part 02] Instance terminated.
[21:30:13.960] [Part 09] Launching c5.large...
[21:30:27.497] [Part 05] Instance ready. IP: 52.91.185.222
[21:30:27.746] [Part 06] Instance ready. IP: 3.95.187.184
[21:30:29.546] [Part 07] Instance ready. IP: 3.84.150.193
[21:30:29.635] [Part 08] Instance ready. IP: 3.92.136.124
[21:30:31.647] [Part 09] Instance ready. IP: 3.83.15.27
[21:30:58.357] [Part 05] Installing ffmpeg...
[21:30:58.741] [Part 06] Installing ffmpeg...
[21:31:00.524] [Part 07] Installing ffmpeg...
[21:31:00.622] [Part 08] Installing ffmpeg...
[21:31:02.629] [Part 09] Installing ffmpeg...
[21:31:30.928] [Part 05] ffmpeg installed.
[21:31:31.311] [Part 05] CPU: Intel(R) Xeon(R) Platinum 8275CL CPU @ 3.00GHz
[21:31:31.774] [Part 05] Uploading segment...
[21:31:33.160] [Part 06] ffmpeg installed.
[21:31:33.160] [Part 05] Running compression...
[21:31:33.595] [Part 06] CPU: Intel(R) Xeon(R) Platinum 8275CL CPU @ 3.00GHz
[21:31:34.135] [Part 06] Uploading segment...
[21:31:35.607] [Part 07] ffmpeg installed.
[21:31:35.713] [Part 08] ffmpeg installed.
[21:31:35.762] [Part 06] Running compression...
[21:31:36.043] [Part 07] CPU: Intel(R) Xeon(R) Platinum 8275CL CPU @ 3.00GHz
[21:31:36.145] [Part 08] CPU: Intel(R) Xeon(R) Platinum 8275CL CPU @ 3.00GHz
[21:31:36.584] [Part 07] Uploading segment...
[21:31:36.682] [Part 08] Uploading segment...
[21:31:37.741] [Part 09] ffmpeg installed.
[21:31:38.177] [Part 09] CPU: Intel(R) Xeon(R) Platinum 8275CL CPU @ 3.00GHz
[21:31:38.214] [Part 07] Running compression...
[21:31:38.309] [Part 08] Running compression...
[21:31:38.717] [Part 09] Uploading segment...
[21:31:40.389] [Part 09] Running compression...
[21:31:45.699] [Part 05] Done!
[21:31:46.639] [Part 05] Instance terminated.
[21:31:49.560] [Part 06] Done!
[21:31:50.495] [Part 06] Instance terminated.
[21:31:51.165] [Part 08] Done!
[21:31:52.112] [Part 08] Instance terminated.
[21:31:52.591] [Part 07] Done!
[21:31:53.492] [Part 07] Instance terminated.
[21:31:53.531] [Part 09] Done!
[21:31:54.418] [Part 09] Instance terminated.
[21:31:54.420] ============================================================
[21:31:54.420] RESULTS — 10x c5.large Horizontal
[21:31:54.420]   Total Time:    206.12s (3.44 min)
[21:31:54.420]   Split Time:    1.98s
[21:31:54.420]   Parallel Time: 204.14s (3.40 min)
[21:31:54.420] ============================================================
