[12:54:57.525] === Phase 3.2 OPTIMIZED Serial: 1x c5.large ===
[12:54:57.525] AMI: ami-06c7c20c67513469a (ffmpeg pre-installed)
[12:54:57.525] [c5.large-Serial-OPT] Launching EC2 instance...
[12:54:59.367] [c5.large-Serial-OPT] Instance i-0d64ba4d9e08bb454 launched. Waiting...
[12:55:15.147] [c5.large-Serial-OPT] Instance ready. IP: 3.89.189.16
[12:55:46.231] [c5.large-Serial-OPT] SSH connected.
[12:55:47.235] [c5.large-Serial-OPT] CPU: Intel(R) Xeon(R) Platinum 8275CL CPU @ 3.00GHz
[12:55:47.235] [c5.large-Serial-OPT] Uploading 10-minute video...
[12:55:55.292] [c5.large-Serial-OPT] Upload complete.
[12:55:55.292] [c5.large-Serial-OPT] SETUP TIME: 57.77s (0.96 min)
[12:55:55.292] [c5.large-Serial-OPT] Running: ffmpeg -i /home/ubuntu/input.mp4 -c:v libx264 -preset slow -b:v 2M -threads 5 -y /home/ubuntu/output.mp4
[12:57:26.812] [c5.large-Serial-OPT] ENCODING TIME: 91.52s (1.53 min)
[12:57:27.854] [c5.large-Serial-OPT] Instance terminated.
[12:57:27.855] [c5.large-Serial-OPT] ============================================================
[12:57:27.855] [c5.large-Serial-OPT] RESULTS — c5.large Serial OPTIMIZED
[12:57:27.855] [c5.large-Serial-OPT]   Total Time:    149.29s (2.49 min)
[12:57:27.855] [c5.large-Serial-OPT]   Setup Time:    57.77s (0.96 min)
[12:57:27.855] [c5.large-Serial-OPT]   Encoding Time: 91.52s (1.53 min)
[12:57:27.855] [c5.large-Serial-OPT]   Setup %:       38.7%
[12:57:27.855] [c5.large-Serial-OPT] ============================================================
