[00:43:24.466] === Phase 3.2 Horizontal Scaling: 10x c5.large ===
[00:43:24.466] Codec: libx264, Threads: 5, Max workers: 5
[00:43:24.466] [Setup] Starting video split...
[00:43:24.518] [Setup] Video: 600.0s → 10 parts of 60.0s
[00:43:26.038] [Setup] Video split complete.
[00:43:26.038] [Summary] SPLIT TIME: 1.57s
[00:43:26.577] [Part 00] Launching c5.large...
[00:43:26.584] [Part 03] Launching c5.large...
[00:43:26.593] [Part 04] Launching c5.large...
[00:43:26.605] [Part 02] Launching c5.large...
[00:43:26.612] [Part 01] Launching c5.large...
[00:43:44.075] [Part 02] Instance ready. IP: 34.238.152.62
[00:43:44.152] [Part 01] Instance ready. IP: 107.20.72.5
[00:43:44.159] [Part 04] Instance ready. IP: 3.82.156.246
[00:43:44.163] [Part 00] Instance ready. IP: 34.203.228.207
[00:43:44.196] [Part 03] Instance ready. IP: 3.83.228.42
[00:44:14.934] [Part 02] Installing ffmpeg...
[00:44:15.026] [Part 00] Installing ffmpeg...
[00:44:15.077] [Part 04] Installing ffmpeg...
[00:44:15.099] [Part 01] Installing ffmpeg...
[00:44:15.135] [Part 03] Installing ffmpeg...
[00:44:47.667] [Part 03] ffmpeg installed.
[00:44:48.069] [Part 03] CPU: Intel(R) Xeon(R) Platinum 8275CL CPU @ 3.00GHz
[00:44:48.564] [Part 03] Uploading segment...
[00:44:49.955] [Part 03] Running compression...
[00:44:50.125] [Part 00] ffmpeg installed.
[00:44:50.295] [Part 02] ffmpeg installed.
[00:44:50.504] [Part 00] CPU: Intel(R) Xeon(R) Platinum 8275CL CPU @ 3.00GHz
[00:44:50.584] [Part 01] ffmpeg installed.
[00:44:50.675] [Part 02] CPU: Intel(R) Xeon(R) Platinum 8275CL CPU @ 3.00GHz
[00:44:50.791] [Part 04] ffmpeg installed.
[00:44:50.967] [Part 00] Uploading segment...
[00:44:50.983] [Part 01] CPU: Intel(R) Xeon(R) Platinum 8275CL CPU @ 3.00GHz
[00:44:51.143] [Part 02] Uploading segment...
[00:44:51.191] [Part 04] CPU: Intel(R) Xeon(R) Platinum 8275CL CPU @ 3.00GHz
[00:44:51.469] [Part 01] Uploading segment...
[00:44:51.686] [Part 04] Uploading segment...
[00:44:52.344] [Part 00] Running compression...
[00:44:52.654] [Part 02] Running compression...
[00:44:52.935] [Part 01] Running compression...
[00:44:53.165] [Part 04] Running compression...
[00:45:03.258] [Part 03] Done!
[00:45:04.247] [Part 03] Instance terminated.
[00:45:04.289] [Part 05] Launching c5.large...
[00:45:05.345] [Part 00] Done!
[00:45:05.716] [Part 01] Done!
[00:45:05.891] [Part 02] Done!
[00:45:06.280] [Part 00] Instance terminated.
[00:45:06.307] [Part 06] Launching c5.large...
[00:45:06.483] [Part 04] Done!
[00:45:06.610] [Part 01] Instance terminated.
[00:45:06.642] [Part 07] Launching c5.large...
[00:45:06.806] [Part 02] Instance terminated.
[00:45:06.834] [Part 08] Launching c5.large...
[00:45:07.470] [Part 04] Instance terminated.
[00:45:07.497] [Part 09] Launching c5.large...
[00:45:22.118] [Part 05] Instance ready. IP: 18.205.149.59
[00:45:24.215] [Part 06] Instance ready. IP: 3.91.214.62
[00:45:24.401] [Part 08] Instance ready. IP: 35.175.243.157
[00:45:24.416] [Part 07] Instance ready. IP: 52.201.223.161
[00:45:25.056] [Part 09] Instance ready. IP: 52.90.85.17
[00:45:52.975] [Part 05] Installing ffmpeg...
[00:45:55.085] [Part 06] Installing ffmpeg...
[00:45:55.279] [Part 08] Installing ffmpeg...
[00:45:55.319] [Part 07] Installing ffmpeg...
[00:45:55.953] [Part 09] Installing ffmpeg...
[00:46:28.526] [Part 05] ffmpeg installed.
[00:46:28.906] [Part 05] CPU: Intel(R) Xeon(R) Platinum 8275CL CPU @ 3.00GHz
[00:46:29.370] [Part 05] Uploading segment...
[00:46:30.189] [Part 06] ffmpeg installed.
[00:46:30.575] [Part 06] CPU: Intel(R) Xeon(R) Platinum 8275CL CPU @ 3.00GHz
[00:46:30.875] [Part 05] Running compression...
[00:46:31.051] [Part 06] Uploading segment...
[00:46:31.396] [Part 09] ffmpeg installed.
[00:46:31.794] [Part 09] CPU: Intel(R) Xeon(R) Platinum 8124M CPU @ 3.00GHz
[00:46:31.794] [Part 09] WARNING: CPU mismatch! Expected Intel(R) Xeon(R) Platinum 8275CL CPU @ 3.00GHz, got Intel(R) Xeon(R) Platinum 8124M CPU @ 3.00GHz
[00:46:32.278] [Part 09] Uploading segment...
[00:46:32.600] [Part 06] Running compression...
[00:46:32.735] [Part 08] ffmpeg installed.
[00:46:33.125] [Part 08] CPU: Intel(R) Xeon(R) Platinum 8275CL CPU @ 3.00GHz
[00:46:33.604] [Part 08] Uploading segment...
[00:46:33.763] [Part 07] ffmpeg installed.
[00:46:33.968] [Part 09] Running compression...
[00:46:34.149] [Part 07] CPU: Intel(R) Xeon(R) Platinum 8124M CPU @ 3.00GHz
[00:46:34.149] [Part 07] WARNING: CPU mismatch! Expected Intel(R) Xeon(R) Platinum 8275CL CPU @ 3.00GHz, got Intel(R) Xeon(R) Platinum 8124M CPU @ 3.00GHz
[00:46:34.626] [Part 07] Uploading segment...
[00:46:35.039] [Part 08] Running compression...
[00:46:35.956] [Part 07] Running compression...
[00:46:43.431] [Part 05] Done!
[00:46:44.405] [Part 05] Instance terminated.
[00:46:44.831] [Part 06] Done!
[00:46:45.716] [Part 06] Instance terminated.
[00:46:46.392] [Part 09] Done!
[00:46:47.311] [Part 09] Instance terminated.
[00:46:47.811] [Part 08] Done!
[00:46:48.763] [Part 08] Instance terminated.
[00:46:49.547] [Part 07] Done!
[00:46:50.469] [Part 07] Instance terminated.
[00:46:50.470] ============================================================
[00:46:50.470] RESULTS — 10x c5.large Horizontal
[00:46:50.470]   Total Time:    206.00s (3.43 min)
[00:46:50.470]   Split Time:    1.57s
[00:46:50.470]   Parallel Time: 204.43s (3.41 min)
[00:46:50.470] ============================================================
