[11:32:28.037] === Phase 3.2 OPTIMIZED Serial: 1x c5.large ===
[11:32:28.037] AMI: ami-06c7c20c67513469a (ffmpeg pre-installed)
[11:32:28.037] [c5.large-Serial-OPT] Launching EC2 instance...
[11:32:29.895] [c5.large-Serial-OPT] Instance i-0f5b386ad129a5b67 launched. Waiting...
[11:32:45.674] [c5.large-Serial-OPT] Instance ready. IP: 54.237.185.94
[11:33:16.745] [c5.large-Serial-OPT] SSH connected.
[11:33:17.727] [c5.large-Serial-OPT] CPU: Intel(R) Xeon(R) Platinum 8124M CPU @ 3.00GHz
[11:33:17.728] [c5.large-Serial-OPT] WARNING: CPU mismatch! Expected Intel(R) Xeon(R) Platinum 8275CL CPU @ 3.00GHz, got Intel(R) Xeon(R) Platinum 8124M CPU @ 3.00GHz
[11:33:17.728] [c5.large-Serial-OPT] Uploading 10-minute video...
[11:33:25.806] [c5.large-Serial-OPT] Upload complete.
[11:33:25.806] [c5.large-Serial-OPT] SETUP TIME: 57.77s (0.96 min)
[11:33:25.806] [c5.large-Serial-OPT] Running: ffmpeg -i /home/ubuntu/input.mp4 -c:v libx264 -preset slow -b:v 2M -threads 5 -y /home/ubuntu/output.mp4
[11:34:50.960] [c5.large-Serial-OPT] ENCODING TIME: 85.15s (1.42 min)
[11:34:52.041] [c5.large-Serial-OPT] Instance terminated.
[11:34:52.042] [c5.large-Serial-OPT] ============================================================
[11:34:52.042] [c5.large-Serial-OPT] RESULTS — c5.large Serial OPTIMIZED
[11:34:52.042] [c5.large-Serial-OPT]   Total Time:    142.92s (2.38 min)
[11:34:52.042] [c5.large-Serial-OPT]   Setup Time:    57.77s (0.96 min)
[11:34:52.042] [c5.large-Serial-OPT]   Encoding Time: 85.15s (1.42 min)
[11:34:52.042] [c5.large-Serial-OPT]   Setup %:       40.4%
[11:34:52.043] [c5.large-Serial-OPT] ============================================================
