[22:55:41.681] === Phase 3.2 Horizontal Scaling: 10x c5.large ===
[22:55:41.681] Codec: libx264, Threads: 5, Max workers: 5
[22:55:41.681] [Setup] Starting video split...
[22:55:41.762] [Setup] Video: 600.0s → 10 parts of 60.0s
[22:55:44.367] [Setup] Video split complete.
[22:55:44.367] [Summary] SPLIT TIME: 2.69s
[22:55:45.215] [Part 02] Launching c5.large...
[22:55:45.239] [Part 00] Launching c5.large...
[22:55:45.251] [Part 04] Launching c5.large...
[22:55:45.275] [Part 01] Launching c5.large...
[22:55:45.282] [Part 03] Launching c5.large...
[22:56:02.722] [Part 02] Instance ready. IP: 54.209.140.175
[22:56:02.739] [Part 03] Instance ready. IP: 3.95.16.55
[22:56:02.743] [Part 01] Instance ready. IP: 3.84.165.56
[22:56:02.778] [Part 04] Instance ready. IP: 3.94.179.76
[22:56:02.786] [Part 00] Instance ready. IP: 3.94.125.210
[22:56:33.581] [Part 02] Installing ffmpeg...
[22:56:33.721] [Part 03] Installing ffmpeg...
[22:56:33.754] [Part 01] Installing ffmpeg...
[22:56:33.798] [Part 04] Installing ffmpeg...
[22:56:33.835] [Part 00] Installing ffmpeg...
[22:57:07.496] [Part 03] ffmpeg installed.
[22:57:07.930] [Part 03] CPU: Intel(R) Xeon(R) Platinum 8275CL CPU @ 3.00GHz
[22:57:08.470] [Part 03] Uploading segment...
[22:57:08.527] [Part 02] ffmpeg installed.
[22:57:08.728] [Part 00] ffmpeg installed.
[22:57:08.742] [Part 01] ffmpeg installed.
[22:57:08.907] [Part 02] CPU: Intel(R) Xeon(R) Platinum 8124M CPU @ 3.00GHz
[22:57:08.907] [Part 02] WARNING: CPU mismatch! Expected Intel(R) Xeon(R) Platinum 8275CL CPU @ 3.00GHz, got Intel(R) Xeon(R) Platinum 8124M CPU @ 3.00GHz
[22:57:09.162] [Part 00] CPU: Intel(R) Xeon(R) Platinum 8275CL CPU @ 3.00GHz
[22:57:09.175] [Part 01] CPU: Intel(R) Xeon(R) Platinum 8275CL CPU @ 3.00GHz
[22:57:09.370] [Part 02] Uploading segment...
[22:57:09.698] [Part 00] Uploading segment...
[22:57:09.716] [Part 01] Uploading segment...
[22:57:10.098] [Part 03] Running compression...
[22:57:10.755] [Part 02] Running compression...
[22:57:11.320] [Part 00] Running compression...
[22:57:11.340] [Part 01] Running compression...
[22:57:11.451] [Part 04] ffmpeg installed.
[22:57:11.887] [Part 04] CPU: Intel(R) Xeon(R) Platinum 8124M CPU @ 3.00GHz
[22:57:11.887] [Part 04] WARNING: CPU mismatch! Expected Intel(R) Xeon(R) Platinum 8275CL CPU @ 3.00GHz, got Intel(R) Xeon(R) Platinum 8124M CPU @ 3.00GHz
[22:57:12.427] [Part 04] Uploading segment...
[22:57:14.051] [Part 04] Running compression...
[22:57:23.397] [Part 02] Done!
[22:57:23.680] [Part 03] Done!
[22:57:24.262] [Part 02] Instance terminated.
[22:57:24.270] [Part 05] Launching c5.large...
[22:57:24.343] [Part 01] Done!
[22:57:24.536] [Part 03] Instance terminated.
[22:57:24.544] [Part 06] Launching c5.large...
[22:57:24.631] [Part 00] Done!
[22:57:25.208] [Part 01] Instance terminated.
[22:57:25.217] [Part 07] Launching c5.large...
[22:57:25.509] [Part 00] Instance terminated.
[22:57:25.516] [Part 08] Launching c5.large...
[22:57:27.125] [Part 04] Done!
[22:57:27.985] [Part 04] Instance terminated.
[22:57:27.994] [Part 09] Launching c5.large...
[22:57:41.693] [Part 05] Instance ready. IP: 13.221.66.122
[22:57:41.936] [Part 06] Instance ready. IP: 34.238.82.249
[22:57:42.799] [Part 07] Instance ready. IP: 44.212.15.135
[22:57:43.048] [Part 08] Instance ready. IP: 98.94.37.243
[22:57:45.496] [Part 09] Instance ready. IP: 3.84.253.54
[22:58:12.545] [Part 05] Installing ffmpeg...
[22:58:12.826] [Part 06] Installing ffmpeg...
[22:58:13.781] [Part 07] Installing ffmpeg...
[22:58:13.937] [Part 08] Installing ffmpeg...
[22:58:16.510] [Part 09] Installing ffmpeg...
[22:58:47.156] [Part 05] ffmpeg installed.
[22:58:47.535] [Part 05] CPU: Intel(R) Xeon(R) Platinum 8275CL CPU @ 3.00GHz
[22:58:47.998] [Part 05] Uploading segment...
[22:58:49.018] [Part 06] ffmpeg installed.
[22:58:49.394] [Part 07] ffmpeg installed.
[22:58:49.395] [Part 05] Running compression...
[22:58:49.411] [Part 06] CPU: Intel(R) Xeon(R) Platinum 8124M CPU @ 3.00GHz
[22:58:49.411] [Part 06] WARNING: CPU mismatch! Expected Intel(R) Xeon(R) Platinum 8275CL CPU @ 3.00GHz, got Intel(R) Xeon(R) Platinum 8124M CPU @ 3.00GHz
[22:58:49.590] [Part 08] ffmpeg installed.
[22:58:49.827] [Part 07] CPU: Intel(R) Xeon(R) Platinum 8275CL CPU @ 3.00GHz
[22:58:49.894] [Part 06] Uploading segment...
[22:58:49.981] [Part 08] CPU: Intel(R) Xeon(R) Platinum 8275CL CPU @ 3.00GHz
[22:58:50.367] [Part 07] Uploading segment...
[22:58:50.464] [Part 08] Uploading segment...
[22:58:50.533] [Part 09] ffmpeg installed.
[22:58:50.979] [Part 09] CPU: Intel(R) Xeon(R) Platinum 8275CL CPU @ 3.00GHz
[22:58:51.343] [Part 06] Running compression...
[22:58:51.538] [Part 09] Uploading segment...
[22:58:51.850] [Part 08] Running compression...
[22:58:51.923] [Part 07] Running compression...
[22:58:53.221] [Part 09] Running compression...
[22:59:01.934] [Part 05] Done!
[22:59:02.904] [Part 05] Instance terminated.
[22:59:04.015] [Part 06] Done!
[22:59:04.277] [Part 08] Done!
[22:59:04.995] [Part 06] Instance terminated.
[22:59:05.189] [Part 08] Instance terminated.
[22:59:06.331] [Part 07] Done!
[22:59:06.491] [Part 09] Done!
[22:59:07.224] [Part 07] Instance terminated.
[22:59:07.416] [Part 09] Instance terminated.
[22:59:07.417] ============================================================
[22:59:07.417] RESULTS — 10x c5.large Horizontal
[22:59:07.417]   Total Time:    205.74s (3.43 min)
[22:59:07.417]   Split Time:    2.69s
[22:59:07.418]   Parallel Time: 203.05s (3.38 min)
[22:59:07.418] ============================================================
