[21:01:49.098] === Phase 3.2 Horizontal Scaling: 10x c5.large ===
[21:01:49.098] Codec: libx264, Threads: 5, Max workers: 5
[21:01:49.098] [Setup] Starting video split...
[21:01:49.155] [Setup] Video: 600.0s → 10 parts of 60.0s
[21:01:51.072] [Setup] Video split complete.
[21:01:51.072] [Summary] SPLIT TIME: 1.97s
[21:01:51.705] [Part 04] Launching c5.large...
[21:01:51.722] [Part 03] Launching c5.large...
[21:01:51.738] [Part 00] Launching c5.large...
[21:01:51.756] [Part 01] Launching c5.large...
[21:01:51.758] [Part 02] Launching c5.large...
[21:02:09.197] [Part 04] Instance ready. IP: 13.221.94.136
[21:02:09.267] [Part 03] Instance ready. IP: 34.226.245.251
[21:02:09.295] [Part 01] Instance ready. IP: 34.201.38.167
[21:02:09.414] [Part 02] Instance ready. IP: 54.163.176.32
[21:02:09.664] [Part 00] Instance ready. IP: 3.91.252.165
[21:02:40.047] [Part 04] Installing ffmpeg...
[21:02:40.130] [Part 03] Installing ffmpeg...
[21:02:40.164] [Part 01] Installing ffmpeg...
[21:02:40.219] [Part 02] Installing ffmpeg...
[21:02:40.673] [Part 00] Installing ffmpeg...
[21:03:13.264] [Part 04] ffmpeg installed.
[21:03:13.559] [Part 00] ffmpeg installed.
[21:03:13.641] [Part 04] CPU: Intel(R) Xeon(R) Platinum 8275CL CPU @ 3.00GHz
[21:03:13.756] [Part 03] ffmpeg installed.
[21:03:14.010] [Part 00] CPU: Intel(R) Xeon(R) Platinum 8275CL CPU @ 3.00GHz
[21:03:14.104] [Part 04] Uploading segment...
[21:03:14.136] [Part 03] CPU: Intel(R) Xeon(R) Platinum 8275CL CPU @ 3.00GHz
[21:03:14.568] [Part 00] Uploading segment...
[21:03:14.599] [Part 03] Uploading segment...
[21:03:15.486] [Part 04] Running compression...
[21:03:15.641] [Part 02] ffmpeg installed.
[21:03:15.994] [Part 03] Running compression...
[21:03:16.002] [Part 02] CPU: Intel(R) Xeon(R) Platinum 8275CL CPU @ 3.00GHz
[21:03:16.142] [Part 00] Running compression...
[21:03:16.440] [Part 02] Uploading segment...
[21:03:17.749] [Part 02] Running compression...
[21:03:17.804] [Part 01] ffmpeg installed.
[21:03:18.187] [Part 01] CPU: Intel(R) Xeon(R) Platinum 8124M CPU @ 3.00GHz
[21:03:18.187] [Part 01] WARNING: CPU mismatch! Expected Intel(R) Xeon(R) Platinum 8275CL CPU @ 3.00GHz, got Intel(R) Xeon(R) Platinum 8124M CPU @ 3.00GHz
[21:03:18.652] [Part 01] Uploading segment...
[21:03:20.090] [Part 01] Running compression...
[21:03:28.541] [Part 04] Done!
[21:03:29.410] [Part 04] Instance terminated.
[21:03:29.417] [Part 05] Launching c5.large...
[21:03:29.684] [Part 03] Done!
[21:03:30.290] [Part 00] Done!
[21:03:30.587] [Part 03] Instance terminated.
[21:03:30.594] [Part 06] Launching c5.large...
[21:03:31.144] [Part 02] Done!
[21:03:31.165] [Part 00] Instance terminated.
[21:03:31.172] [Part 07] Launching c5.large...
[21:03:32.039] [Part 02] Instance terminated.
[21:03:32.047] [Part 08] Launching c5.large...
[21:03:32.574] [Part 01] Done!
[21:03:33.501] [Part 01] Instance terminated.
[21:03:33.509] [Part 09] Launching c5.large...
[21:03:47.260] [Part 05] Instance ready. IP: 13.219.79.222
[21:03:48.045] [Part 06] Instance ready. IP: 13.221.227.24
[21:03:48.768] [Part 07] Instance ready. IP: 54.235.234.197
[21:03:49.802] [Part 08] Instance ready. IP: 54.89.22.30
[21:03:51.305] [Part 09] Instance ready. IP: 44.204.171.86
[21:04:18.109] [Part 05] Installing ffmpeg...
[21:04:18.898] [Part 06] Installing ffmpeg...
[21:04:19.661] [Part 07] Installing ffmpeg...
[21:04:20.663] [Part 08] Installing ffmpeg...
[21:04:22.322] [Part 09] Installing ffmpeg...
[21:04:51.323] [Part 06] ffmpeg installed.
[21:04:51.703] [Part 06] CPU: Intel(R) Xeon(R) Platinum 8275CL CPU @ 3.00GHz
[21:04:52.167] [Part 06] Uploading segment...
[21:04:52.660] [Part 07] ffmpeg installed.
[21:04:53.054] [Part 07] CPU: Intel(R) Xeon(R) Platinum 8275CL CPU @ 3.00GHz
[21:04:53.537] [Part 07] Uploading segment...
[21:04:53.655] [Part 06] Running compression...
[21:04:54.190] [Part 05] ffmpeg installed.
[21:04:54.568] [Part 05] CPU: Intel(R) Xeon(R) Platinum 8124M CPU @ 3.00GHz
[21:04:54.568] [Part 05] WARNING: CPU mismatch! Expected Intel(R) Xeon(R) Platinum 8275CL CPU @ 3.00GHz, got Intel(R) Xeon(R) Platinum 8124M CPU @ 3.00GHz
[21:04:55.031] [Part 05] Uploading segment...
[21:04:55.032] [Part 07] Running compression...
[21:04:56.045] [Part 08] ffmpeg installed.
[21:04:56.415] [Part 05] Running compression...
[21:04:56.427] [Part 08] CPU: Intel(R) Xeon(R) Platinum 8275CL CPU @ 3.00GHz
[21:04:56.893] [Part 08] Uploading segment...
[21:04:58.164] [Part 09] ffmpeg installed.
[21:04:58.385] [Part 08] Running compression...
[21:04:58.612] [Part 09] CPU: Intel(R) Xeon(R) Platinum 8275CL CPU @ 3.00GHz
[21:04:59.168] [Part 09] Uploading segment...
[21:05:00.900] [Part 09] Running compression...
[21:05:06.983] [Part 06] Done!
[21:05:07.950] [Part 06] Instance terminated.
[21:05:08.392] [Part 07] Done!
[21:05:08.564] [Part 05] Done!
[21:05:09.404] [Part 07] Instance terminated.
[21:05:09.468] [Part 05] Instance terminated.
[21:05:10.748] [Part 08] Done!
[21:05:11.773] [Part 08] Instance terminated.
[21:05:14.284] [Part 09] Done!
[21:05:15.276] [Part 09] Instance terminated.
[21:05:15.277] ============================================================
[21:05:15.277] RESULTS — 10x c5.large Horizontal
[21:05:15.277]   Total Time:    206.18s (3.44 min)
[21:05:15.277]   Split Time:    1.97s
[21:05:15.278]   Parallel Time: 204.21s (3.40 min)
[21:05:15.278] ============================================================
