[01:25:27.353] === Phase 3.2 Horizontal Scaling: 10x c5.large ===
[01:25:27.353] Codec: libx264, Threads: 5, Max workers: 5
[01:25:27.353] [Setup] Starting video split...
[01:25:27.405] [Setup] Video: 600.0s → 10 parts of 60.0s
[01:25:28.965] [Setup] Video split complete.
[01:25:28.965] [Summary] SPLIT TIME: 1.61s
[01:25:29.511] [Part 00] Launching c5.large...
[01:25:29.525] [Part 03] Launching c5.large...
[01:25:29.532] [Part 01] Launching c5.large...
[01:25:29.547] [Part 04] Launching c5.large...
[01:25:29.551] [Part 02] Launching c5.large...
[01:25:47.116] [Part 01] Instance ready. IP: 3.83.156.45
[01:25:47.130] [Part 00] Instance ready. IP: 3.86.35.106
[01:25:47.134] [Part 04] Instance ready. IP: 13.222.243.146
[01:25:47.149] [Part 02] Instance ready. IP: 54.167.43.19
[01:25:47.189] [Part 03] Instance ready. IP: 44.202.41.28
[01:26:18.004] [Part 00] Installing ffmpeg...
[01:26:18.045] [Part 02] Installing ffmpeg...
[01:26:18.056] [Part 04] Installing ffmpeg...
[01:26:18.066] [Part 01] Installing ffmpeg...
[01:26:18.120] [Part 03] Installing ffmpeg...
[01:26:51.321] [Part 04] ffmpeg installed.
[01:26:51.715] [Part 04] CPU: Intel(R) Xeon(R) Platinum 8275CL CPU @ 3.00GHz
[01:26:52.197] [Part 04] Uploading segment...
[01:26:52.952] [Part 01] ffmpeg installed.
[01:26:53.131] [Part 02] ffmpeg installed.
[01:26:53.358] [Part 01] CPU: Intel(R) Xeon(R) Platinum 8275CL CPU @ 3.00GHz
[01:26:53.510] [Part 02] CPU: Intel(R) Xeon(R) Platinum 8275CL CPU @ 3.00GHz
[01:26:53.685] [Part 04] Running compression...
[01:26:53.852] [Part 01] Uploading segment...
[01:26:53.978] [Part 02] Uploading segment...
[01:26:54.398] [Part 00] ffmpeg installed.
[01:26:54.417] [Part 03] ffmpeg installed.
[01:26:54.790] [Part 00] CPU: Intel(R) Xeon(R) Platinum 8275CL CPU @ 3.00GHz
[01:26:54.804] [Part 03] CPU: Intel(R) Xeon(R) Platinum 8275CL CPU @ 3.00GHz
[01:26:55.268] [Part 00] Uploading segment...
[01:26:55.284] [Part 03] Uploading segment...
[01:26:55.340] [Part 01] Running compression...
[01:26:55.487] [Part 02] Running compression...
[01:26:56.697] [Part 00] Running compression...
[01:26:56.821] [Part 03] Running compression...
[01:27:06.740] [Part 04] Done!
[01:27:06.907] [Part 01] Done!
[01:27:07.670] [Part 04] Instance terminated.
[01:27:07.690] [Part 05] Launching c5.large...
[01:27:07.849] [Part 01] Instance terminated.
[01:27:07.860] [Part 06] Launching c5.large...
[01:27:08.809] [Part 02] Done!
[01:27:09.693] [Part 00] Done!
[01:27:09.869] [Part 02] Instance terminated.
[01:27:09.880] [Part 07] Launching c5.large...
[01:27:10.088] [Part 03] Done!
[01:27:10.596] [Part 00] Instance terminated.
[01:27:10.627] [Part 08] Launching c5.large...
[01:27:10.964] [Part 03] Instance terminated.
[01:27:10.983] [Part 09] Launching c5.large...
[01:27:25.191] [Part 05] Instance ready. IP: 3.86.164.7
[01:27:25.331] [Part 06] Instance ready. IP: 44.201.219.82
[01:27:27.653] [Part 07] Instance ready. IP: 3.83.204.62
[01:27:28.219] [Part 08] Instance ready. IP: 13.221.157.225
[01:27:28.570] [Part 09] Instance ready. IP: 44.212.24.112
[01:27:56.060] [Part 05] Installing ffmpeg...
[01:27:56.206] [Part 06] Installing ffmpeg...
[01:27:58.532] [Part 07] Installing ffmpeg...
[01:27:59.116] [Part 08] Installing ffmpeg...
[01:27:59.443] [Part 09] Installing ffmpeg...
[01:28:30.470] [Part 06] ffmpeg installed.
[01:28:30.667] [Part 05] ffmpeg installed.
[01:28:30.860] [Part 06] CPU: Intel(R) Xeon(R) Platinum 8275CL CPU @ 3.00GHz
[01:28:31.058] [Part 05] CPU: Intel(R) Xeon(R) Platinum 8275CL CPU @ 3.00GHz
[01:28:31.335] [Part 06] Uploading segment...
[01:28:31.533] [Part 05] Uploading segment...
[01:28:32.867] [Part 06] Running compression...
[01:28:32.957] [Part 05] Running compression...
[01:28:33.181] [Part 09] ffmpeg installed.
[01:28:33.567] [Part 09] CPU: Intel(R) Xeon(R) Platinum 8275CL CPU @ 3.00GHz
[01:28:33.709] [Part 07] ffmpeg installed.
[01:28:34.042] [Part 09] Uploading segment...
[01:28:34.095] [Part 07] CPU: Intel(R) Xeon(R) Platinum 8275CL CPU @ 3.00GHz
[01:28:34.572] [Part 07] Uploading segment...
[01:28:34.973] [Part 08] ffmpeg installed.
[01:28:35.366] [Part 08] CPU: Intel(R) Xeon(R) Platinum 8275CL CPU @ 3.00GHz
[01:28:35.511] [Part 09] Running compression...
[01:28:35.850] [Part 08] Uploading segment...
[01:28:36.121] [Part 07] Running compression...
[01:28:37.335] [Part 08] Running compression...
[01:28:45.497] [Part 05] Done!
[01:28:46.207] [Part 06] Done!
[01:28:46.438] [Part 05] Instance terminated.
[01:28:47.122] [Part 06] Instance terminated.
[01:28:47.458] [Part 09] Done!
[01:28:48.347] [Part 09] Instance terminated.
[01:28:49.777] [Part 08] Done!
[01:28:50.146] [Part 07] Done!
[01:28:50.687] [Part 08] Instance terminated.
[01:28:51.111] [Part 07] Instance terminated.
[01:28:51.114] ============================================================
[01:28:51.114] RESULTS — 10x c5.large Horizontal
[01:28:51.114]   Total Time:    203.76s (3.40 min)
[01:28:51.114]   Split Time:    1.61s
[01:28:51.114]   Parallel Time: 202.15s (3.37 min)
[01:28:51.114] ============================================================
