[12:54:57.416] === Phase 3.2 OPTIMIZED Horizontal: 10x c5.large ===
[12:54:57.416] AMI: ami-06c7c20c67513469a, Max workers: 10
[12:54:57.416] [Setup] Starting video split...
[12:54:57.466] [Setup] Video: 600.0s → 10 parts of 60.0s
[12:54:58.972] [Setup] Video split complete.
[12:54:58.972] [Summary] SPLIT TIME: 1.56s
[12:55:00.013] [Part 09] Launching c5.large...
[12:55:00.016] [Part 08] Launching c5.large...
[12:55:00.021] [Part 06] Launching c5.large...
[12:55:00.037] [Part 03] Launching c5.large...
[12:55:00.049] [Part 05] Launching c5.large...
[12:55:00.060] [Part 07] Launching c5.large...
[12:55:00.075] [Part 00] Launching c5.large...
[12:55:00.078] [Part 04] Launching c5.large...
[12:55:00.090] [Part 02] Launching c5.large...
[12:55:00.094] [Part 01] Launching c5.large...
[12:55:18.017] [Part 05] Instance ready. IP: 3.84.147.92
[12:55:18.032] [Part 08] Instance ready. IP: 3.87.179.91
[12:55:18.036] [Part 00] Instance ready. IP: 184.72.196.183
[12:55:18.050] [Part 04] Instance ready. IP: 54.166.208.14
[12:55:18.065] [Part 03] Instance ready. IP: 34.229.209.28
[12:55:18.079] [Part 09] Instance ready. IP: 107.21.90.178
[12:55:18.088] [Part 01] Instance ready. IP: 54.91.154.195
[12:55:18.104] [Part 07] Instance ready. IP: 35.168.18.144
[12:55:18.108] [Part 06] Instance ready. IP: 3.84.102.22
[12:55:18.164] [Part 02] Instance ready. IP: 18.232.68.124
[12:55:50.082] [Part 08] CPU: Intel(R) Xeon(R) Platinum 8124M CPU @ 3.00GHz
[12:55:50.082] [Part 08] WARNING: CPU mismatch! Expected Intel(R) Xeon(R) Platinum 8275CL CPU @ 3.00GHz, got Intel(R) Xeon(R) Platinum 8124M CPU @ 3.00GHz
[12:55:50.200] [Part 01] CPU: Intel(R) Xeon(R) Platinum 8275CL CPU @ 3.00GHz
[12:55:50.202] [Part 06] CPU: Intel(R) Xeon(R) Platinum 8275CL CPU @ 3.00GHz
[12:55:50.203] [Part 03] CPU: Intel(R) Xeon(R) Platinum 8275CL CPU @ 3.00GHz
[12:55:50.212] [Part 09] CPU: Intel(R) Xeon(R) Platinum 8124M CPU @ 3.00GHz
[12:55:50.212] [Part 09] WARNING: CPU mismatch! Expected Intel(R) Xeon(R) Platinum 8275CL CPU @ 3.00GHz, got Intel(R) Xeon(R) Platinum 8124M CPU @ 3.00GHz
[12:55:50.235] [Part 04] CPU: Intel(R) Xeon(R) Platinum 8275CL CPU @ 3.00GHz
[12:55:50.248] [Part 07] CPU: Intel(R) Xeon(R) Platinum 8275CL CPU @ 3.00GHz
[12:55:50.251] [Part 00] CPU: Intel(R) Xeon(R) Platinum 8275CL CPU @ 3.00GHz
[12:55:50.306] [Part 05] CPU: Intel(R) Xeon(R) Platinum 8275CL CPU @ 3.00GHz
[12:55:50.371] [Part 02] CPU: Intel(R) Xeon(R) Platinum 8124M CPU @ 3.00GHz
[12:55:50.371] [Part 02] WARNING: CPU mismatch! Expected Intel(R) Xeon(R) Platinum 8275CL CPU @ 3.00GHz, got Intel(R) Xeon(R) Platinum 8124M CPU @ 3.00GHz
[12:55:50.664] [Part 08] Uploading segment...
[12:55:50.784] [Part 01] Uploading segment...
[12:55:50.785] [Part 06] Uploading segment...
[12:55:50.788] [Part 03] Uploading segment...
[12:55:50.792] [Part 09] Uploading segment...
[12:55:50.833] [Part 07] Uploading segment...
[12:55:50.837] [Part 04] Uploading segment...
[12:55:50.852] [Part 00] Uploading segment...
[12:55:50.909] [Part 05] Uploading segment...
[12:55:50.951] [Part 02] Uploading segment...
[12:55:52.564] [Part 08] Running compression...
[12:55:52.668] [Part 04] Running compression...
[12:55:52.687] [Part 03] Running compression...
[12:55:52.689] [Part 09] Running compression...
[12:55:52.741] [Part 07] Running compression...
[12:55:52.831] [Part 00] Running compression...
[12:55:52.835] [Part 01] Running compression...
[12:55:52.839] [Part 06] Running compression...
[12:55:52.896] [Part 05] Running compression...
[12:55:53.120] [Part 02] Running compression...
[12:56:04.313] [Part 01] Done!
[12:56:04.383] [Part 09] Done!
[12:56:04.923] [Part 01] Instance terminated.
[12:56:04.949] [Part 09] Instance terminated.
[12:56:04.955] [Part 08] Done!
[12:56:05.553] [Part 08] Instance terminated.
[12:56:05.608] [Part 06] Done!
[12:56:05.776] [Part 05] Done!
[12:56:05.803] [Part 04] Done!
[12:56:06.201] [Part 06] Instance terminated.
[12:56:06.374] [Part 00] Done!
[12:56:06.386] [Part 04] Instance terminated.
[12:56:06.398] [Part 05] Instance terminated.
[12:56:06.647] [Part 03] Done!
[12:56:06.815] [Part 07] Done!
[12:56:06.994] [Part 00] Instance terminated.
[12:56:07.225] [Part 03] Instance terminated.
[12:56:07.482] [Part 07] Instance terminated.
[12:56:09.766] [Part 02] Done!
[12:56:10.467] [Part 02] Instance terminated.
[12:56:10.475] ============================================================
[12:56:10.475] RESULTS — 10x c5.large Horizontal OPTIMIZED
[12:56:10.475]   Total Time:    73.06s (1.22 min)
[12:56:10.475]   Split Time:    1.56s
[12:56:10.475]   Parallel Time: 71.50s (1.19 min)
[12:56:10.476] ============================================================
