[11:38:00.015] === Phase 3.2 OPTIMIZED Horizontal: 10x c5.large ===
[11:38:00.015] AMI: ami-06c7c20c67513469a, Max workers: 10
[11:38:00.015] [Setup] Starting video split...
[11:38:00.061] [Setup] Video: 600.0s → 10 parts of 60.0s
[11:38:01.525] [Setup] Video split complete.
[11:38:01.526] [Summary] SPLIT TIME: 1.51s
[11:38:02.448] [Part 05] Launching c5.large...[11:38:02.449] [Part 04] Launching c5.large...

[11:38:02.468] [Part 07] Launching c5.large...
[11:38:02.480] [Part 01] Launching c5.large...
[11:38:02.494] [Part 09] Launching c5.large...
[11:38:02.505] [Part 02] Launching c5.large...
[11:38:02.513] [Part 08] Launching c5.large...
[11:38:02.521] [Part 00] Launching c5.large...
[11:38:02.532] [Part 03] Launching c5.large...
[11:38:02.536] [Part 06] Launching c5.large...
[11:38:20.157] [Part 06] Instance ready. IP: 13.218.133.25
[11:38:20.212] [Part 05] Instance ready. IP: 54.166.199.110
[11:38:20.217] [Part 08] Instance ready. IP: 3.89.5.230
[11:38:20.221] [Part 09] Instance ready. IP: 54.162.49.12
[11:38:20.232] [Part 04] Instance ready. IP: 3.89.182.101
[11:38:20.264] [Part 07] Instance ready. IP: 13.218.18.166
[11:38:20.278] [Part 02] Instance ready. IP: 35.172.115.120
[11:38:20.325] [Part 03] Instance ready. IP: 54.173.56.66
[11:38:20.615] [Part 00] Instance ready. IP: 100.29.9.136
[11:38:20.689] [Part 01] Instance ready. IP: 23.20.10.45
[11:38:52.013] [Part 09] CPU: Intel(R) Xeon(R) Platinum 8275CL CPU @ 3.00GHz
[11:38:52.174] [Part 06] CPU: Intel(R) Xeon(R) Platinum 8275CL CPU @ 3.00GHz
[11:38:52.245] [Part 08] CPU: Intel(R) Xeon(R) Platinum 8275CL CPU @ 3.00GHz
[11:38:52.321] [Part 04] CPU: Intel(R) Xeon(R) Platinum 8275CL CPU @ 3.00GHz
[11:38:52.337] [Part 05] CPU: Intel(R) Xeon(R) Platinum 8124M CPU @ 3.00GHz
[11:38:52.337] [Part 05] WARNING: CPU mismatch! Expected Intel(R) Xeon(R) Platinum 8275CL CPU @ 3.00GHz, got Intel(R) Xeon(R) Platinum 8124M CPU @ 3.00GHz
[11:38:52.359] [Part 07] CPU: Intel(R) Xeon(R) Platinum 8275CL CPU @ 3.00GHz
[11:38:52.451] [Part 02] CPU: Intel(R) Xeon(R) Platinum 8275CL CPU @ 3.00GHz
[11:38:52.456] [Part 09] Uploading segment...
[11:38:52.488] [Part 03] CPU: Intel(R) Xeon(R) Platinum 8275CL CPU @ 3.00GHz
[11:38:52.677] [Part 00] CPU: Intel(R) Xeon(R) Platinum 8275CL CPU @ 3.00GHz
[11:38:52.754] [Part 06] Uploading segment...
[11:38:52.828] [Part 01] CPU: Intel(R) Xeon(R) Platinum 8275CL CPU @ 3.00GHz
[11:38:52.829] [Part 08] Uploading segment...
[11:38:52.905] [Part 04] Uploading segment...
[11:38:52.918] [Part 05] Uploading segment...
[11:38:52.938] [Part 07] Uploading segment...
[11:38:53.053] [Part 02] Uploading segment...
[11:38:53.069] [Part 03] Uploading segment...
[11:38:53.261] [Part 00] Uploading segment...
[11:38:53.432] [Part 01] Uploading segment...
[11:38:54.058] [Part 09] Running compression...
[11:38:54.818] [Part 04] Running compression...
[11:38:55.112] [Part 05] Running compression...
[11:38:55.116] [Part 07] Running compression...
[11:38:55.261] [Part 03] Running compression...
[11:38:55.283] [Part 06] Running compression...
[11:38:55.400] [Part 08] Running compression...
[11:38:55.424] [Part 00] Running compression...
[11:38:55.600] [Part 02] Running compression...
[11:38:55.637] [Part 01] Running compression...
[11:39:05.411] [Part 09] Done!
[11:39:06.227] [Part 09] Instance terminated.
[11:39:06.607] [Part 01] Done!
[11:39:06.626] [Part 05] Done!
[11:39:07.209] [Part 01] Instance terminated.
[11:39:07.335] [Part 05] Instance terminated.
[11:39:07.811] [Part 04] Done!
[11:39:07.997] [Part 08] Done!
[11:39:08.372] [Part 07] Done!
[11:39:08.403] [Part 00] Done!
[11:39:08.464] [Part 04] Instance terminated.
[11:39:08.514] [Part 03] Done!
[11:39:08.623] [Part 08] Instance terminated.
[11:39:08.676] [Part 06] Done!
[11:39:09.021] [Part 07] Instance terminated.
[11:39:09.025] [Part 00] Instance terminated.
[11:39:09.157] [Part 03] Instance terminated.
[11:39:09.234] [Part 02] Done!
[11:39:09.317] [Part 06] Instance terminated.
[11:39:09.874] [Part 02] Instance terminated.
[11:39:09.883] ============================================================
[11:39:09.883] RESULTS — 10x c5.large Horizontal OPTIMIZED
[11:39:09.883]   Total Time:    69.87s (1.16 min)
[11:39:09.883]   Split Time:    1.51s
[11:39:09.883]   Parallel Time: 68.36s (1.14 min)
[11:39:09.883] ============================================================
