[21:02:25.830] === Phase 3.2 Horizontal Scaling: 10x c5.large ===
[21:02:25.830] Codec: libx264, Threads: 5, Max workers: 5
[21:02:25.830] [Setup] Starting video split...
[21:02:25.896] [Setup] Video: 600.0s → 10 parts of 60.0s
[21:02:27.939] [Setup] Video split complete.
[21:02:27.939] [Summary] SPLIT TIME: 2.11s
[21:02:28.607] [Part 00] Launching c5.large...
[21:02:28.623] [Part 03] Launching c5.large...
[21:02:28.634] [Part 02] Launching c5.large...
[21:02:28.650] [Part 04] Launching c5.large...
[21:02:28.654] [Part 01] Launching c5.large...
[21:02:46.126] [Part 03] Instance ready. IP: 54.210.106.137
[21:02:46.170] [Part 02] Instance ready. IP: 3.92.194.193
[21:02:46.257] [Part 04] Instance ready. IP: 44.204.30.82
[21:02:46.331] [Part 00] Instance ready. IP: 100.53.89.97
[21:02:46.574] [Part 01] Instance ready. IP: 98.82.2.205
[21:03:17.018] [Part 03] Installing ffmpeg...
[21:03:17.154] [Part 02] Installing ffmpeg...
[21:03:17.224] [Part 00] Installing ffmpeg...
[21:03:17.236] [Part 04] Installing ffmpeg...
[21:03:17.427] [Part 01] Installing ffmpeg...
[21:03:52.092] [Part 02] ffmpeg installed.
[21:03:52.216] [Part 04] ffmpeg installed.
[21:03:52.524] [Part 02] CPU: Intel(R) Xeon(R) Platinum 8275CL CPU @ 3.00GHz
[21:03:52.615] [Part 01] ffmpeg installed.
[21:03:52.655] [Part 04] CPU: Intel(R) Xeon(R) Platinum 8275CL CPU @ 3.00GHz
[21:03:52.993] [Part 01] CPU: Intel(R) Xeon(R) Platinum 8275CL CPU @ 3.00GHz
[21:03:53.061] [Part 02] Uploading segment...
[21:03:53.190] [Part 04] Uploading segment...
[21:03:53.456] [Part 01] Uploading segment...
[21:03:53.499] [Part 03] ffmpeg installed.
[21:03:53.892] [Part 03] CPU: Intel(R) Xeon(R) Platinum 8124M CPU @ 3.00GHz
[21:03:53.892] [Part 03] WARNING: CPU mismatch! Expected Intel(R) Xeon(R) Platinum 8275CL CPU @ 3.00GHz, got Intel(R) Xeon(R) Platinum 8124M CPU @ 3.00GHz
[21:03:54.008] [Part 00] ffmpeg installed.
[21:03:54.376] [Part 03] Uploading segment...
[21:03:54.388] [Part 00] CPU: Intel(R) Xeon(R) Platinum 8124M CPU @ 3.00GHz
[21:03:54.388] [Part 00] WARNING: CPU mismatch! Expected Intel(R) Xeon(R) Platinum 8275CL CPU @ 3.00GHz, got Intel(R) Xeon(R) Platinum 8124M CPU @ 3.00GHz
[21:03:54.698] [Part 04] Running compression...
[21:03:54.814] [Part 02] Running compression...
[21:03:54.842] [Part 01] Running compression...
[21:03:54.851] [Part 00] Uploading segment...
[21:03:55.828] [Part 03] Running compression...
[21:03:56.186] [Part 00] Running compression...
[21:04:07.454] [Part 01] Done!
[21:04:08.320] [Part 04] Done!
[21:04:08.425] [Part 01] Instance terminated.
[21:04:08.432] [Part 05] Launching c5.large...
[21:04:08.562] [Part 03] Done!
[21:04:08.575] [Part 02] Done!
[21:04:08.593] [Part 00] Done!
[21:04:09.252] [Part 04] Instance terminated.
[21:04:09.260] [Part 06] Launching c5.large...
[21:04:09.459] [Part 02] Instance terminated.
[21:04:09.466] [Part 07] Launching c5.large...
[21:04:09.508] [Part 03] Instance terminated.
[21:04:09.513] [Part 08] Launching c5.large...
[21:04:09.526] [Part 00] Instance terminated.
[21:04:09.532] [Part 09] Launching c5.large...
[21:04:26.128] [Part 05] Instance ready. IP: 44.206.232.199
[21:04:26.861] [Part 06] Instance ready. IP: 18.208.137.188
[21:04:27.152] [Part 08] Instance ready. IP: 3.82.145.63
[21:04:27.445] [Part 07] Instance ready. IP: 18.212.174.9
[21:04:27.488] [Part 09] Instance ready. IP: 44.201.246.245
[21:04:57.122] [Part 05] Installing ffmpeg...
[21:04:57.715] [Part 06] Installing ffmpeg...
[21:04:58.170] [Part 08] Installing ffmpeg...
[21:04:58.296] [Part 07] Installing ffmpeg...
[21:04:58.503] [Part 09] Installing ffmpeg...
[21:05:30.754] [Part 06] ffmpeg installed.
[21:05:31.137] [Part 06] CPU: Intel(R) Xeon(R) Platinum 8275CL CPU @ 3.00GHz
[21:05:31.602] [Part 06] Uploading segment...
[21:05:32.155] [Part 09] ffmpeg installed.
[21:05:32.590] [Part 09] CPU: Intel(R) Xeon(R) Platinum 8275CL CPU @ 3.00GHz
[21:05:33.008] [Part 06] Running compression...
[21:05:33.129] [Part 09] Uploading segment...
[21:05:33.507] [Part 07] ffmpeg installed.
[21:05:33.602] [Part 05] ffmpeg installed.
[21:05:33.884] [Part 07] CPU: Intel(R) Xeon(R) Platinum 8275CL CPU @ 3.00GHz
[21:05:34.036] [Part 05] CPU: Intel(R) Xeon(R) Platinum 8275CL CPU @ 3.00GHz
[21:05:34.139] [Part 08] ffmpeg installed.
[21:05:34.348] [Part 07] Uploading segment...
[21:05:34.570] [Part 05] Uploading segment...
[21:05:34.587] [Part 08] CPU: Intel(R) Xeon(R) Platinum 8275CL CPU @ 3.00GHz
[21:05:34.751] [Part 09] Running compression...
[21:05:35.147] [Part 08] Uploading segment...
[21:05:35.836] [Part 07] Running compression...
[21:05:36.238] [Part 05] Running compression...
[21:05:36.845] [Part 08] Running compression...
[21:05:45.790] [Part 06] Done!
[21:05:46.749] [Part 06] Instance terminated.
[21:05:48.069] [Part 09] Done!
[21:05:48.949] [Part 09] Instance terminated.
[21:05:49.166] [Part 05] Done!
[21:05:49.656] [Part 07] Done!
[21:05:49.721] [Part 08] Done!
[21:05:50.089] [Part 05] Instance terminated.
[21:05:50.568] [Part 07] Instance terminated.
[21:05:50.620] [Part 08] Instance terminated.
[21:05:50.621] ============================================================
[21:05:50.621] RESULTS — 10x c5.large Horizontal
[21:05:50.621]   Total Time:    204.79s (3.41 min)
[21:05:50.621]   Split Time:    2.11s
[21:05:50.621]   Parallel Time: 202.68s (3.38 min)
[21:05:50.621] ============================================================
