[10:53:36.835] === Phase 3.2 OPTIMIZED Horizontal: 10x c5.large ===
[10:53:36.835] AMI: ami-06c7c20c67513469a, Max workers: 10
[10:53:36.835] [Setup] Starting video split...
[10:53:36.883] [Setup] Video: 600.0s → 10 parts of 60.0s
[10:53:38.345] [Setup] Video split complete.
[10:53:38.345] [Summary] SPLIT TIME: 1.51s
[10:53:39.335] [Part 05] Launching c5.large...
[10:53:39.382] [Part 03] Launching c5.large...
[10:53:39.394] [Part 02] Launching c5.large...
[10:53:39.402] [Part 06] Launching c5.large...
[10:53:39.413] [Part 09] Launching c5.large...
[10:53:39.423] [Part 00] Launching c5.large...
[10:53:39.432] [Part 08] Launching c5.large...
[10:53:39.445] [Part 07] Launching c5.large...
[10:53:39.446] [Part 01] Launching c5.large...
[10:53:39.456] [Part 04] Launching c5.large...
[10:53:57.011] [Part 07] Instance ready. IP: 3.90.175.248
[10:53:57.025] [Part 05] Instance ready. IP: 100.31.50.118
[10:53:57.041] [Part 03] Instance ready. IP: 54.86.91.234
[10:53:57.046] [Part 08] Instance ready. IP: 54.236.22.14
[10:53:57.071] [Part 00] Instance ready. IP: 13.223.254.157
[10:53:57.077] [Part 04] Instance ready. IP: 34.229.113.183
[10:53:57.099] [Part 06] Instance ready. IP: 3.92.43.197
[10:53:57.103] [Part 01] Instance ready. IP: 52.72.95.29
[10:53:57.108] [Part 09] Instance ready. IP: 54.196.175.97
[10:53:57.113] [Part 02] Instance ready. IP: 13.217.46.205
[10:54:29.018] [Part 07] CPU: Intel(R) Xeon(R) Platinum 8275CL CPU @ 3.00GHz
[10:54:29.133] [Part 00] CPU: Intel(R) Xeon(R) Platinum 8275CL CPU @ 3.00GHz
[10:54:29.185] [Part 06] CPU: Intel(R) Xeon(R) Platinum 8275CL CPU @ 3.00GHz
[10:54:29.196] [Part 05] CPU: Intel(R) Xeon(R) Platinum 8124M CPU @ 3.00GHz
[10:54:29.197] [Part 05] WARNING: CPU mismatch! Expected Intel(R) Xeon(R) Platinum 8275CL CPU @ 3.00GHz, got Intel(R) Xeon(R) Platinum 8124M CPU @ 3.00GHz
[10:54:29.202] [Part 08] CPU: Intel(R) Xeon(R) Platinum 8275CL CPU @ 3.00GHz
[10:54:29.205] [Part 02] CPU: Intel(R) Xeon(R) Platinum 8275CL CPU @ 3.00GHz
[10:54:29.255] [Part 03] CPU: Intel(R) Xeon(R) Platinum 8124M CPU @ 3.00GHz
[10:54:29.256] [Part 03] WARNING: CPU mismatch! Expected Intel(R) Xeon(R) Platinum 8275CL CPU @ 3.00GHz, got Intel(R) Xeon(R) Platinum 8124M CPU @ 3.00GHz
[10:54:29.265] [Part 04] CPU: Intel(R) Xeon(R) Platinum 8275CL CPU @ 3.00GHz
[10:54:29.281] [Part 09] CPU: Intel(R) Xeon(R) Platinum 8124M CPU @ 3.00GHz
[10:54:29.282] [Part 09] WARNING: CPU mismatch! Expected Intel(R) Xeon(R) Platinum 8275CL CPU @ 3.00GHz, got Intel(R) Xeon(R) Platinum 8124M CPU @ 3.00GHz
[10:54:29.394] [Part 01] CPU: Intel(R) Xeon(R) Platinum 8275CL CPU @ 3.00GHz
[10:54:29.600] [Part 07] Uploading segment...
[10:54:29.712] [Part 00] Uploading segment...
[10:54:29.778] [Part 05] Uploading segment...
[10:54:29.787] [Part 06] Uploading segment...
[10:54:29.788] [Part 02] Uploading segment...
[10:54:29.804] [Part 08] Uploading segment...
[10:54:29.855] [Part 03] Uploading segment...
[10:54:29.862] [Part 09] Uploading segment...
[10:54:29.867] [Part 04] Uploading segment...
[10:54:29.993] [Part 01] Uploading segment...
[10:54:31.547] [Part 00] Running compression...
[10:54:31.643] [Part 09] Running compression...
[10:54:31.697] [Part 07] Running compression...
[10:54:31.850] [Part 05] Running compression...
[10:54:31.867] [Part 01] Running compression...
[10:54:31.870] [Part 03] Running compression...
[10:54:31.971] [Part 02] Running compression...
[10:54:32.036] [Part 06] Running compression...
[10:54:32.154] [Part 04] Running compression...
[10:54:32.236] [Part 08] Running compression...
[10:54:42.928] [Part 01] Done!
[10:54:42.959] [Part 09] Done!
[10:54:43.538] [Part 01] Instance terminated.
[10:54:43.549] [Part 09] Instance terminated.
[10:54:43.657] [Part 05] Done!
[10:54:43.700] [Part 00] Done!
[10:54:44.203] [Part 08] Done!
[10:54:44.209] [Part 03] Done!
[10:54:44.243] [Part 05] Instance terminated.
[10:54:44.301] [Part 00] Instance terminated.
[10:54:44.793] [Part 08] Instance terminated.
[10:54:44.797] [Part 03] Instance terminated.
[10:54:45.079] [Part 07] Done!
[10:54:45.122] [Part 04] Done!
[10:54:45.370] [Part 02] Done!
[10:54:45.652] [Part 07] Instance terminated.
[10:54:45.729] [Part 04] Instance terminated.
[10:54:45.919] [Part 06] Done!
[10:54:45.968] [Part 02] Instance terminated.
[10:54:46.547] [Part 06] Instance terminated.
[10:54:46.551] ============================================================
[10:54:46.551] RESULTS — 10x c5.large Horizontal OPTIMIZED
[10:54:46.551]   Total Time:    69.72s (1.16 min)
[10:54:46.551]   Split Time:    1.51s
[10:54:46.551]   Parallel Time: 68.21s (1.14 min)
[10:54:46.551] ============================================================
