[13:55:32.994] === Phase 3.2 OPTIMIZED Horizontal: 10x c5.large ===
[13:55:32.994] AMI: ami-06c7c20c67513469a, Max workers: 10
[13:55:32.994] [Setup] Starting video split...
[13:55:33.044] [Setup] Video: 600.0s → 10 parts of 60.0s
[13:55:34.556] [Setup] Video split complete.
[13:55:34.556] [Summary] SPLIT TIME: 1.56s
[13:55:35.576] [Part 09] Launching c5.large...
[13:55:35.584] [Part 02] Launching c5.large...
[13:55:35.589] [Part 07] Launching c5.large...
[13:55:35.599] [Part 03] Launching c5.large...
[13:55:35.613] [Part 00] Launching c5.large...
[13:55:35.620] [Part 01] Launching c5.large...
[13:55:35.629] [Part 05] Launching c5.large...
[13:55:35.641] [Part 04] Launching c5.large...
[13:55:35.654] [Part 08] Launching c5.large...
[13:55:35.658] [Part 06] Launching c5.large...
[13:55:53.481] [Part 05] Instance ready. IP: 18.232.158.13
[13:55:53.488] [Part 02] Instance ready. IP: 13.217.12.84
[13:55:53.493] [Part 04] Instance ready. IP: 174.129.75.12
[13:55:53.498] [Part 07] Instance ready. IP: 50.17.65.148
[13:55:53.509] [Part 01] Instance ready. IP: 54.221.132.189
[13:55:53.520] [Part 03] Instance ready. IP: 13.221.201.138
[13:55:53.533] [Part 09] Instance ready. IP: 98.81.125.71
[13:55:53.545] [Part 08] Instance ready. IP: 100.30.239.190
[13:55:53.562] [Part 06] Instance ready. IP: 52.90.137.156
[13:55:53.568] [Part 00] Instance ready. IP: 54.198.7.1
[13:56:25.221] [Part 01] CPU: Intel(R) Xeon(R) Platinum 8124M CPU @ 3.00GHz
[13:56:25.221] [Part 01] WARNING: CPU mismatch! Expected Intel(R) Xeon(R) Platinum 8275CL CPU @ 3.00GHz, got Intel(R) Xeon(R) Platinum 8124M CPU @ 3.00GHz
[13:56:25.375] [Part 00] CPU: Intel(R) Xeon(R) Platinum 8124M CPU @ 3.00GHz
[13:56:25.375] [Part 00] WARNING: CPU mismatch! Expected Intel(R) Xeon(R) Platinum 8275CL CPU @ 3.00GHz, got Intel(R) Xeon(R) Platinum 8124M CPU @ 3.00GHz
[13:56:25.560] [Part 05] CPU: Intel(R) Xeon(R) Platinum 8275CL CPU @ 3.00GHz
[13:56:25.607] [Part 02] CPU: Intel(R) Xeon(R) Platinum 8275CL CPU @ 3.00GHz
[13:56:25.620] [Part 04] CPU: Intel(R) Xeon(R) Platinum 8275CL CPU @ 3.00GHz
[13:56:25.633] [Part 07] CPU: Intel(R) Xeon(R) Platinum 8275CL CPU @ 3.00GHz
[13:56:25.677] [Part 08] CPU: Intel(R) Xeon(R) Platinum 8275CL CPU @ 3.00GHz
[13:56:25.719] [Part 03] CPU: Intel(R) Xeon(R) Platinum 8275CL CPU @ 3.00GHz
[13:56:25.722] [Part 09] CPU: Intel(R) Xeon(R) Platinum 8275CL CPU @ 3.00GHz
[13:56:25.756] [Part 06] CPU: Intel(R) Xeon(R) Platinum 8275CL CPU @ 3.00GHz
[13:56:25.823] [Part 01] Uploading segment...
[13:56:25.958] [Part 00] Uploading segment...
[13:56:26.144] [Part 05] Uploading segment...
[13:56:26.188] [Part 02] Uploading segment...
[13:56:26.204] [Part 04] Uploading segment...
[13:56:26.217] [Part 07] Uploading segment...
[13:56:26.258] [Part 08] Uploading segment...
[13:56:26.300] [Part 03] Uploading segment...
[13:56:26.325] [Part 09] Uploading segment...
[13:56:26.338] [Part 06] Uploading segment...
[13:56:27.769] [Part 01] Running compression...
[13:56:28.049] [Part 05] Running compression...
[13:56:28.051] [Part 04] Running compression...
[13:56:28.167] [Part 07] Running compression...
[13:56:28.189] [Part 02] Running compression...
[13:56:28.240] [Part 03] Running compression...
[13:56:28.247] [Part 06] Running compression...
[13:56:28.627] [Part 00] Running compression...
[13:56:28.865] [Part 08] Running compression...
[13:56:29.272] [Part 09] Running compression...
[13:56:39.017] [Part 01] Done!
[13:56:39.619] [Part 01] Instance terminated.
[13:56:40.688] [Part 05] Done!
[13:56:41.007] [Part 04] Done!
[13:56:41.271] [Part 05] Instance terminated.
[13:56:41.524] [Part 08] Done!
[13:56:41.584] [Part 00] Done!
[13:56:41.627] [Part 04] Instance terminated.
[13:56:42.114] [Part 08] Instance terminated.
[13:56:42.134] [Part 07] Done!
[13:56:42.149] [Part 06] Done![13:56:42.151] [Part 00] Instance terminated.

[13:56:42.679] [Part 09] Done!
[13:56:42.733] [Part 07] Instance terminated.
[13:56:42.737] [Part 02] Done!
[13:56:42.760] [Part 06] Instance terminated.
[13:56:43.195] [Part 03] Done!
[13:56:43.259] [Part 09] Instance terminated.
[13:56:43.316] [Part 02] Instance terminated.
[13:56:43.820] [Part 03] Instance terminated.
[13:56:43.825] ============================================================
[13:56:43.825] RESULTS — 10x c5.large Horizontal OPTIMIZED
[13:56:43.825]   Total Time:    70.83s (1.18 min)
[13:56:43.825]   Split Time:    1.56s
[13:56:43.825]   Parallel Time: 69.27s (1.15 min)
[13:56:43.825] ============================================================
