[13:17:32.615] === Phase 3.2 OPTIMIZED Serial: 1x c5.large ===
[13:17:32.615] AMI: ami-06c7c20c67513469a (ffmpeg pre-installed)
[13:17:32.615] [c5.large-Serial-OPT] Launching EC2 instance...
[13:17:34.501] [c5.large-Serial-OPT] Instance i-09f6a375f916e05c1 launched. Waiting...
[13:17:50.343] [c5.large-Serial-OPT] Instance ready. IP: 18.206.179.73
[13:18:21.427] [c5.large-Serial-OPT] SSH connected.
[13:18:22.470] [c5.large-Serial-OPT] CPU: Intel(R) Xeon(R) Platinum 8124M CPU @ 3.00GHz
[13:18:22.470] [c5.large-Serial-OPT] WARNING: CPU mismatch! Expected Intel(R) Xeon(R) Platinum 8275CL CPU @ 3.00GHz, got Intel(R) Xeon(R) Platinum 8124M CPU @ 3.00GHz
[13:18:22.470] [c5.large-Serial-OPT] Uploading 10-minute video...
[13:18:30.691] [c5.large-Serial-OPT] Upload complete.
[13:18:30.691] [c5.large-Serial-OPT] SETUP TIME: 58.08s (0.97 min)
[13:18:30.691] [c5.large-Serial-OPT] Running: ffmpeg -i /home/ubuntu/input.mp4 -c:v libx264 -preset slow -b:v 2M -threads 5 -y /home/ubuntu/output.mp4
[13:19:57.700] [c5.large-Serial-OPT] ENCODING TIME: 87.01s (1.45 min)
[13:19:58.810] [c5.large-Serial-OPT] Instance terminated.
[13:19:58.810] [c5.large-Serial-OPT] ============================================================
[13:19:58.810] [c5.large-Serial-OPT] RESULTS — c5.large Serial OPTIMIZED
[13:19:58.810] [c5.large-Serial-OPT]   Total Time:    145.09s (2.42 min)
[13:19:58.810] [c5.large-Serial-OPT]   Setup Time:    58.08s (0.97 min)
[13:19:58.811] [c5.large-Serial-OPT]   Encoding Time: 87.01s (1.45 min)
[13:19:58.811] [c5.large-Serial-OPT]   Setup %:       40.0%
[13:19:58.811] [c5.large-Serial-OPT] ============================================================
