[11:48:55.190] === Phase 3.2 OPTIMIZED Horizontal: 10x c5.large ===
[11:48:55.190] AMI: ami-06c7c20c67513469a, Max workers: 10
[11:48:55.190] [Setup] Starting video split...
[11:48:55.238] [Setup] Video: 600.0s → 10 parts of 60.0s
[11:48:56.691] [Setup] Video split complete.
[11:48:56.691] [Summary] SPLIT TIME: 1.50s
[11:48:57.645] [Part 07] Launching c5.large...
[11:48:57.678] [Part 03] Launching c5.large...
[11:48:57.688] [Part 04] Launching c5.large...
[11:48:57.698] [Part 00] Launching c5.large...
[11:48:57.712] [Part 01] Launching c5.large...
[11:48:57.718] [Part 06] Launching c5.large...
[11:48:57.725] [Part 09] Launching c5.large...
[11:48:57.735] [Part 05] Launching c5.large...
[11:48:57.743] [Part 08] Launching c5.large...
[11:48:57.751] [Part 02] Launching c5.large...
[11:49:15.380] [Part 01] Instance ready. IP: 18.208.185.89
[11:49:15.399] [Part 07] Instance ready. IP: 100.30.234.170
[11:49:15.409] [Part 03] Instance ready. IP: 35.175.236.190
[11:49:15.472] [Part 04] Instance ready. IP: 18.234.30.7
[11:49:15.819] [Part 06] Instance ready. IP: 100.55.44.123
[11:49:15.824] [Part 09] Instance ready. IP: 54.197.102.105
[11:49:15.830] [Part 08] Instance ready. IP: 54.165.110.124
[11:49:15.836] [Part 02] Instance ready. IP: 54.162.2.209
[11:49:15.838] [Part 05] Instance ready. IP: 98.81.4.165
[11:49:15.849] [Part 00] Instance ready. IP: 184.72.91.248
[11:49:47.479] [Part 07] CPU: Intel(R) Xeon(R) Platinum 8275CL CPU @ 3.00GHz
[11:49:47.509] [Part 03] CPU: Intel(R) Xeon(R) Platinum 8275CL CPU @ 3.00GHz
[11:49:47.570] [Part 01] CPU: Intel(R) Xeon(R) Platinum 8275CL CPU @ 3.00GHz
[11:49:47.590] [Part 04] CPU: Intel(R) Xeon(R) Platinum 8275CL CPU @ 3.00GHz
[11:49:47.623] [Part 02] CPU: Intel(R) Xeon(R) Platinum 8275CL CPU @ 3.00GHz
[11:49:47.896] [Part 08] CPU: Intel(R) Xeon(R) Platinum 8275CL CPU @ 3.00GHz
[11:49:47.925] [Part 00] CPU: Intel(R) Xeon(R) Platinum 8275CL CPU @ 3.00GHz
[11:49:47.961] [Part 09] CPU: Intel(R) Xeon(R) Platinum 8275CL CPU @ 3.00GHz
[11:49:47.994] [Part 06] CPU: Intel(R) Xeon(R) Platinum 8124M CPU @ 3.00GHz
[11:49:47.994] [Part 06] WARNING: CPU mismatch! Expected Intel(R) Xeon(R) Platinum 8275CL CPU @ 3.00GHz, got Intel(R) Xeon(R) Platinum 8124M CPU @ 3.00GHz
[11:49:48.062] [Part 05] CPU: Intel(R) Xeon(R) Platinum 8275CL CPU @ 3.00GHz
[11:49:48.064] [Part 07] Uploading segment...
[11:49:48.086] [Part 02] Uploading segment...
[11:49:48.092] [Part 03] Uploading segment...
[11:49:48.170] [Part 01] Uploading segment...
[11:49:48.171] [Part 04] Uploading segment...
[11:49:48.479] [Part 08] Uploading segment...
[11:49:48.506] [Part 00] Uploading segment...
[11:49:48.564] [Part 09] Uploading segment...
[11:49:48.598] [Part 06] Uploading segment...
[11:49:48.664] [Part 05] Uploading segment...
[11:49:49.683] [Part 02] Running compression...
[11:49:49.937] [Part 04] Running compression...
[11:49:50.041] [Part 07] Running compression...
[11:49:50.139] [Part 01] Running compression...
[11:49:50.251] [Part 08] Running compression...
[11:49:50.277] [Part 03] Running compression...
[11:49:50.317] [Part 00] Running compression...
[11:49:50.512] [Part 05] Running compression...
[11:49:50.531] [Part 09] Running compression...
[11:49:50.726] [Part 06] Running compression...
[11:50:02.267] [Part 01] Done!
[11:50:02.721] [Part 04] Done!
[11:50:02.856] [Part 02] Done!
[11:50:02.987] [Part 01] Instance terminated.
[11:50:03.019] [Part 05] Done!
[11:50:03.053] [Part 09] Done!
[11:50:03.159] [Part 08] Done!
[11:50:03.372] [Part 04] Instance terminated.
[11:50:03.480] [Part 02] Instance terminated.
[11:50:03.688] [Part 05] Instance terminated.
[11:50:03.726] [Part 00] Done!
[11:50:03.735] [Part 09] Instance terminated.
[11:50:03.752] [Part 07] Done!
[11:50:03.759] [Part 03] Done!
[11:50:03.767] [Part 08] Instance terminated.
[11:50:04.379] [Part 07] Instance terminated.
[11:50:04.408] [Part 03] Instance terminated.
[11:50:04.469] [Part 00] Instance terminated.
[11:50:07.394] [Part 06] Done!
[11:50:07.986] [Part 06] Instance terminated.
[11:50:07.989] ============================================================
[11:50:07.989] RESULTS — 10x c5.large Horizontal OPTIMIZED
[11:50:07.989]   Total Time:    72.80s (1.21 min)
[11:50:07.989]   Split Time:    1.50s
[11:50:07.990]   Parallel Time: 71.30s (1.19 min)
[11:50:07.990] ============================================================
