[13:00:30.739] === Phase 3.2 OPTIMIZED Horizontal: 10x c5.large ===
[13:00:30.739] AMI: ami-06c7c20c67513469a, Max workers: 10
[13:00:30.739] [Setup] Starting video split...
[13:00:30.798] [Setup] Video: 600.0s → 10 parts of 60.0s
[13:00:32.355] [Setup] Video split complete.
[13:00:32.356] [Summary] SPLIT TIME: 1.62s
[13:00:33.309] [Part 03] Launching c5.large...
[13:00:33.325] [Part 07] Launching c5.large...
[13:00:33.347] [Part 02] Launching c5.large...
[13:00:33.350] [Part 06] Launching c5.large...
[13:00:33.360] [Part 05] Launching c5.large...
[13:00:33.372] [Part 09] Launching c5.large...
[13:00:33.381] [Part 08] Launching c5.large...
[13:00:33.390] [Part 00] Launching c5.large...
[13:00:33.397] [Part 04] Launching c5.large...
[13:00:33.405] [Part 01] Launching c5.large...
[13:00:51.630] [Part 07] Instance ready. IP: 54.224.198.176
[13:00:51.643] [Part 03] Instance ready. IP: 34.229.244.6
[13:00:51.663] [Part 04] Instance ready. IP: 100.48.11.175
[13:00:51.668] [Part 00] Instance ready. IP: 54.196.26.146
[13:00:51.699] [Part 02] Instance ready. IP: 3.90.169.38
[13:00:52.044] [Part 01] Instance ready. IP: 54.82.66.175
[13:00:52.069] [Part 09] Instance ready. IP: 18.207.198.240
[13:00:52.080] [Part 08] Instance ready. IP: 3.92.57.187
[13:00:52.147] [Part 06] Instance ready. IP: 54.164.241.152
[13:00:52.152] [Part 05] Instance ready. IP: 54.166.201.39
[13:01:23.698] [Part 07] CPU: Intel(R) Xeon(R) Platinum 8124M CPU @ 3.00GHz
[13:01:23.699] [Part 07] WARNING: CPU mismatch! Expected Intel(R) Xeon(R) Platinum 8275CL CPU @ 3.00GHz, got Intel(R) Xeon(R) Platinum 8124M CPU @ 3.00GHz
[13:01:23.767] [Part 04] CPU: Intel(R) Xeon(R) Platinum 8124M CPU @ 3.00GHz
[13:01:23.767] [Part 04] WARNING: CPU mismatch! Expected Intel(R) Xeon(R) Platinum 8275CL CPU @ 3.00GHz, got Intel(R) Xeon(R) Platinum 8124M CPU @ 3.00GHz
[13:01:23.790] [Part 02] CPU: Intel(R) Xeon(R) Platinum 8223CL CPU @ 3.00GHz
[13:01:23.790] [Part 02] WARNING: CPU mismatch! Expected Intel(R) Xeon(R) Platinum 8275CL CPU @ 3.00GHz, got Intel(R) Xeon(R) Platinum 8223CL CPU @ 3.00GHz
[13:01:23.809] [Part 03] CPU: Intel(R) Xeon(R) Platinum 8275CL CPU @ 3.00GHz
[13:01:23.839] [Part 00] CPU: Intel(R) Xeon(R) Platinum 8223CL CPU @ 3.00GHz
[13:01:23.839] [Part 00] WARNING: CPU mismatch! Expected Intel(R) Xeon(R) Platinum 8275CL CPU @ 3.00GHz, got Intel(R) Xeon(R) Platinum 8223CL CPU @ 3.00GHz
[13:01:24.265] [Part 08] CPU: Intel(R) Xeon(R) Platinum 8124M CPU @ 3.00GHz
[13:01:24.267] [Part 08] WARNING: CPU mismatch! Expected Intel(R) Xeon(R) Platinum 8275CL CPU @ 3.00GHz, got Intel(R) Xeon(R) Platinum 8124M CPU @ 3.00GHz
[13:01:24.273] [Part 01] CPU: Intel(R) Xeon(R) Platinum 8275CL CPU @ 3.00GHz
[13:01:24.278] [Part 09] CPU: Intel(R) Xeon(R) Platinum 8275CL CPU @ 3.00GHz
[13:01:24.281] [Part 07] Uploading segment...
[13:01:24.322] [Part 05] CPU: Intel(R) Xeon(R) Platinum 8275CL CPU @ 3.00GHz
[13:01:24.349] [Part 04] Uploading segment...
[13:01:24.350] [Part 06] CPU: Intel(R) Xeon(R) Platinum 8124M CPU @ 3.00GHz
[13:01:24.351] [Part 06] WARNING: CPU mismatch! Expected Intel(R) Xeon(R) Platinum 8275CL CPU @ 3.00GHz, got Intel(R) Xeon(R) Platinum 8124M CPU @ 3.00GHz
[13:01:24.374] [Part 02] Uploading segment...
[13:01:24.395] [Part 03] Uploading segment...
[13:01:24.440] [Part 00] Uploading segment...
[13:01:24.850] [Part 08] Uploading segment...
[13:01:24.854] [Part 01] Uploading segment...
[13:01:24.880] [Part 09] Uploading segment...
[13:01:24.927] [Part 05] Uploading segment...
[13:01:24.955] [Part 06] Uploading segment...
[13:01:26.167] [Part 03] Running compression...
[13:01:26.176] [Part 07] Running compression...
[13:01:26.180] [Part 00] Running compression...
[13:01:26.246] [Part 04] Running compression...
[13:01:26.419] [Part 02] Running compression...
[13:01:26.629] [Part 08] Running compression...
[13:01:26.716] [Part 09] Running compression...
[13:01:27.030] [Part 01] Running compression...
[13:01:27.049] [Part 05] Running compression...
[13:01:27.197] [Part 06] Running compression...
[13:01:38.170] [Part 09] Done!
[13:01:38.560] [Part 01] Done!
[13:01:38.745] [Part 08] Done!
[13:01:38.841] [Part 09] Instance terminated.
[13:01:39.068] [Part 00] Done!
[13:01:39.198] [Part 01] Instance terminated.
[13:01:39.329] [Part 07] Done!
[13:01:39.337] [Part 04] Done!
[13:01:39.416] [Part 08] Instance terminated.
[13:01:39.700] [Part 00] Instance terminated.
[13:01:39.751] [Part 02] Done!
[13:01:39.930] [Part 04] Instance terminated.
[13:01:39.945] [Part 05] Done!
[13:01:40.000] [Part 03] Done!
[13:01:40.025] [Part 07] Instance terminated.
[13:01:40.401] [Part 02] Instance terminated.
[13:01:40.528] [Part 05] Instance terminated.
[13:01:40.640] [Part 03] Instance terminated.
[13:01:41.113] [Part 06] Done!
[13:01:41.728] [Part 06] Instance terminated.
[13:01:41.733] ============================================================
[13:01:41.733] RESULTS — 10x c5.large Horizontal OPTIMIZED
[13:01:41.733]   Total Time:    70.99s (1.18 min)
[13:01:41.733]   Split Time:    1.62s
[13:01:41.733]   Parallel Time: 69.38s (1.16 min)
[13:01:41.733] ============================================================
