[04:02:11.622] === Phase 3.2 Horizontal Scaling: 10x c5.large ===
[04:02:11.622] Codec: libx264, Threads: 5, Max workers: 5
[04:02:11.622] [Setup] Starting video split...
[04:02:11.674] [Setup] Video: 600.0s → 10 parts of 60.0s
[04:02:13.242] [Setup] Video split complete.
[04:02:13.242] [Summary] SPLIT TIME: 1.62s
[04:02:13.694] [Part 03] Launching c5.large...
[04:02:13.740] [Part 00] Launching c5.large...
[04:02:13.748] [Part 01] Launching c5.large...
[04:02:13.761] [Part 02] Launching c5.large...
[04:02:13.767] [Part 04] Launching c5.large...
[04:02:31.296] [Part 01] Instance ready. IP: 3.84.191.107
[04:02:31.355] [Part 02] Instance ready. IP: 44.201.139.156
[04:02:31.393] [Part 04] Instance ready. IP: 3.86.228.216
[04:02:31.459] [Part 03] Instance ready. IP: 3.86.108.156
[04:02:31.556] [Part 00] Instance ready. IP: 3.92.210.34
[04:03:02.171] [Part 01] Installing ffmpeg...
[04:03:02.241] [Part 02] Installing ffmpeg...
[04:03:02.277] [Part 04] Installing ffmpeg...
[04:03:02.363] [Part 03] Installing ffmpeg...
[04:03:02.431] [Part 00] Installing ffmpeg...
[04:03:37.268] [Part 00] ffmpeg installed.
[04:03:37.489] [Part 03] ffmpeg installed.
[04:03:37.653] [Part 00] CPU: Intel(R) Xeon(R) Platinum 8275CL CPU @ 3.00GHz
[04:03:37.767] [Part 01] ffmpeg installed.
[04:03:37.874] [Part 03] CPU: Intel(R) Xeon(R) Platinum 8275CL CPU @ 3.00GHz
[04:03:38.127] [Part 00] Uploading segment...
[04:03:38.152] [Part 01] CPU: Intel(R) Xeon(R) Platinum 8275CL CPU @ 3.00GHz
[04:03:38.351] [Part 03] Uploading segment...
[04:03:38.504] [Part 02] ffmpeg installed.
[04:03:38.630] [Part 01] Uploading segment...
[04:03:38.892] [Part 02] CPU: Intel(R) Xeon(R) Platinum 8275CL CPU @ 3.00GHz
[04:03:39.375] [Part 02] Uploading segment...
[04:03:39.563] [Part 00] Running compression...
[04:03:39.588] [Part 04] ffmpeg installed.
[04:03:39.773] [Part 03] Running compression...
[04:03:39.981] [Part 04] CPU: Intel(R) Xeon(R) Platinum 8275CL CPU @ 3.00GHz
[04:03:40.054] [Part 01] Running compression...
[04:03:40.459] [Part 04] Uploading segment...
[04:03:40.952] [Part 02] Running compression...
[04:03:41.881] [Part 04] Running compression...
[04:03:52.598] [Part 00] Done!
[04:03:52.915] [Part 03] Done!
[04:03:52.944] [Part 01] Done!
[04:03:53.473] [Part 00] Instance terminated.
[04:03:53.506] [Part 05] Launching c5.large...
[04:03:53.854] [Part 03] Instance terminated.
[04:03:53.871] [Part 06] Launching c5.large...
[04:03:53.942] [Part 01] Instance terminated.
[04:03:53.950] [Part 07] Launching c5.large...
[04:03:54.556] [Part 02] Done!
[04:03:55.138] [Part 04] Done!
[04:03:55.466] [Part 02] Instance terminated.
[04:03:55.491] [Part 08] Launching c5.large...
[04:03:56.091] [Part 04] Instance terminated.
[04:03:56.114] [Part 09] Launching c5.large...
[04:04:11.112] [Part 05] Instance ready. IP: 54.210.221.195
[04:04:11.360] [Part 06] Instance ready. IP: 3.92.212.88
[04:04:11.477] [Part 07] Instance ready. IP: 44.201.215.47
[04:04:13.113] [Part 08] Instance ready. IP: 44.212.76.145
[04:04:13.651] [Part 09] Instance ready. IP: 34.201.72.62
[04:04:42.036] [Part 05] Installing ffmpeg...
[04:04:42.251] [Part 06] Installing ffmpeg...
[04:04:42.354] [Part 07] Installing ffmpeg...
[04:04:43.993] [Part 08] Installing ffmpeg...
[04:04:44.530] [Part 09] Installing ffmpeg...
[04:05:15.244] [Part 06] ffmpeg installed.
[04:05:15.632] [Part 06] CPU: Intel(R) Xeon(R) Platinum 8275CL CPU @ 3.00GHz
[04:05:15.992] [Part 05] ffmpeg installed.
[04:05:16.109] [Part 06] Uploading segment...
[04:05:16.373] [Part 05] CPU: Intel(R) Xeon(R) Platinum 8275CL CPU @ 3.00GHz
[04:05:16.840] [Part 05] Uploading segment...
[04:05:17.163] [Part 07] ffmpeg installed.
[04:05:17.526] [Part 06] Running compression...
[04:05:17.552] [Part 07] CPU: Intel(R) Xeon(R) Platinum 8275CL CPU @ 3.00GHz
[04:05:18.032] [Part 07] Uploading segment...
[04:05:18.341] [Part 05] Running compression...
[04:05:19.176] [Part 08] ffmpeg installed.
[04:05:19.449] [Part 09] ffmpeg installed.
[04:05:19.460] [Part 07] Running compression...
[04:05:19.567] [Part 08] CPU: Intel(R) Xeon(R) Platinum 8275CL CPU @ 3.00GHz
[04:05:19.827] [Part 09] CPU: Intel(R) Xeon(R) Platinum 8275CL CPU @ 3.00GHz
[04:05:20.045] [Part 08] Uploading segment...
[04:05:20.292] [Part 09] Uploading segment...
[04:05:21.467] [Part 08] Running compression...
[04:05:21.789] [Part 09] Running compression...
[04:05:30.867] [Part 06] Done!
[04:05:30.963] [Part 05] Done!
[04:05:31.849] [Part 05] Instance terminated.
[04:05:31.856] [Part 06] Instance terminated.
[04:05:33.342] [Part 07] Done!
[04:05:33.865] [Part 08] Done!
[04:05:34.222] [Part 07] Instance terminated.
[04:05:34.517] [Part 09] Done!
[04:05:34.758] [Part 08] Instance terminated.
[04:05:35.422] [Part 09] Instance terminated.
[04:05:35.423] ============================================================
[04:05:35.423] RESULTS — 10x c5.large Horizontal
[04:05:35.423]   Total Time:    203.80s (3.40 min)
[04:05:35.423]   Split Time:    1.62s
[04:05:35.423]   Parallel Time: 202.18s (3.37 min)
[04:05:35.423] ============================================================
