[23:03:50.695] === Phase 3.2 Serial Baseline: 1x c5.large ===
[23:03:50.695] Codec: libx264, Threads: 5, Preset: slow
[23:03:50.695] [c5.large-Serial] Launching EC2 instance...
[23:03:52.619] [c5.large-Serial] Instance i-0856cbe231a658722 launched. Waiting...
[23:04:08.301] [c5.large-Serial] Instance ready. IP: 3.83.52.34
[23:04:39.277] [c5.large-Serial] SSH connected.
[23:04:39.277] [c5.large-Serial] Installing ffmpeg...
[23:05:12.608] [c5.large-Serial] ffmpeg installed.
[23:05:13.042] [c5.large-Serial] CPU: Intel(R) Xeon(R) Platinum 8275CL CPU @ 3.00GHz
[23:05:13.042] [c5.large-Serial] Uploading 10-minute video...
[23:05:20.640] [c5.large-Serial] Upload complete.
[23:05:20.640] [c5.large-Serial] SETUP TIME: 89.94s (1.50 min)
[23:05:20.640] [c5.large-Serial] Running: ffmpeg -i /home/ubuntu/input.mp4 -c:v libx264 -preset slow -b:v 2M -threads 5 -max_muxing_queue_size 1024 -y /home/ubuntu/output.mp4
[23:07:02.577] [c5.large-Serial] ENCODING TIME: 101.94s (1.70 min)
[23:07:03.521] [c5.large-Serial] Instance terminated.
[23:07:03.521] [c5.large-Serial] ============================================================
[23:07:03.521] [c5.large-Serial] RESULTS — c5.large Serial
[23:07:03.521] [c5.large-Serial]   Total Time:    191.88s (3.20 min)
[23:07:03.521] [c5.large-Serial]   Setup Time:    89.94s (1.50 min)
[23:07:03.521] [c5.large-Serial]   Encoding Time: 101.94s (1.70 min)
[23:07:03.521] [c5.large-Serial]   Setup %:       46.9%
[23:07:03.521] [c5.large-Serial] ============================================================
