[23:16:56.623] === Phase 3.2 Horizontal Scaling: 10x c5.large ===
[23:16:56.623] Codec: libx264, Threads: 5, Max workers: 5
[23:16:56.623] [Setup] Starting video split...
[23:16:56.770] [Setup] Video: 600.0s → 10 parts of 60.0s
[23:17:00.599] [Setup] Video split complete.
[23:17:00.599] [Summary] SPLIT TIME: 3.98s
[23:17:02.403] [Part 00] Launching c5.large...
[23:17:02.535] [Part 01] Launching c5.large...
[23:17:02.562] [Part 04] Launching c5.large...
[23:17:02.594] [Part 03] Launching c5.large...
[23:17:02.624] [Part 02] Launching c5.large...
[23:17:19.939] [Part 00] Instance ready. IP: 3.91.199.206
[23:17:20.063] [Part 04] Instance ready. IP: 52.23.228.173
[23:17:20.201] [Part 01] Instance ready. IP: 3.82.117.195
[23:17:20.226] [Part 03] Instance ready. IP: 100.53.83.156
[23:17:20.262] [Part 02] Instance ready. IP: 52.90.77.137
[23:17:50.980] [Part 04] Installing ffmpeg...
[23:17:51.012] [Part 00] Installing ffmpeg...
[23:17:51.093] [Part 03] Installing ffmpeg...
[23:17:51.176] [Part 02] Installing ffmpeg...
[23:17:51.233] [Part 01] Installing ffmpeg...
[23:18:23.760] [Part 04] ffmpeg installed.
[23:18:24.137] [Part 04] CPU: Intel(R) Xeon(R) Platinum 8275CL CPU @ 3.00GHz
[23:18:24.475] [Part 03] ffmpeg installed.
[23:18:24.587] [Part 02] ffmpeg installed.
[23:18:24.603] [Part 04] Uploading segment...
[23:18:24.857] [Part 03] CPU: Intel(R) Xeon(R) Platinum 8275CL CPU @ 3.00GHz
[23:18:24.979] [Part 02] CPU: Intel(R) Xeon(R) Platinum 8275CL CPU @ 3.00GHz
[23:18:25.144] [Part 01] ffmpeg installed.
[23:18:25.323] [Part 03] Uploading segment...
[23:18:25.463] [Part 02] Uploading segment...
[23:18:25.576] [Part 01] CPU: Intel(R) Xeon(R) Platinum 8275CL CPU @ 3.00GHz
[23:18:25.993] [Part 04] Running compression...
[23:18:26.111] [Part 01] Uploading segment...
[23:18:26.332] [Part 00] ffmpeg installed.
[23:18:26.724] [Part 03] Running compression...
[23:18:26.786] [Part 00] CPU: Intel(R) Xeon(R) Platinum 8275CL CPU @ 3.00GHz
[23:18:26.926] [Part 02] Running compression...
[23:18:27.345] [Part 00] Uploading segment...
[23:18:27.735] [Part 01] Running compression...
[23:18:29.124] [Part 00] Running compression...
[23:18:39.035] [Part 04] Done!
[23:18:39.741] [Part 03] Done!
[23:18:40.051] [Part 04] Instance terminated.
[23:18:40.069] [Part 05] Launching c5.large...
[23:18:40.394] [Part 02] Done!
[23:18:40.746] [Part 03] Instance terminated.
[23:18:40.767] [Part 01] Done![23:18:40.770] [Part 06] Launching c5.large...

[23:18:41.296] [Part 02] Instance terminated.
[23:18:41.317] [Part 07] Launching c5.large...
[23:18:41.686] [Part 01] Instance terminated.
[23:18:41.707] [Part 08] Launching c5.large...
[23:18:42.652] [Part 00] Done!
[23:18:43.584] [Part 00] Instance terminated.
[23:18:43.604] [Part 09] Launching c5.large...
[23:18:57.550] [Part 05] Instance ready. IP: 18.207.216.212
[23:18:58.523] [Part 06] Instance ready. IP: 18.234.187.6
[23:18:58.768] [Part 07] Instance ready. IP: 13.222.227.218
[23:18:59.234] [Part 08] Instance ready. IP: 3.86.196.155
[23:19:01.375] [Part 09] Instance ready. IP: 52.91.213.23
[23:19:28.446] [Part 05] Installing ffmpeg...
[23:19:29.383] [Part 06] Installing ffmpeg...
[23:19:29.661] [Part 07] Installing ffmpeg...
[23:19:30.260] [Part 08] Installing ffmpeg...
[23:19:32.267] [Part 09] Installing ffmpeg...
[23:20:03.097] [Part 08] ffmpeg installed.
[23:20:03.542] [Part 08] CPU: Intel(R) Xeon(R) Platinum 8275CL CPU @ 3.00GHz
[23:20:04.098] [Part 08] Uploading segment...
[23:20:04.634] [Part 06] ffmpeg installed.
[23:20:04.778] [Part 07] ffmpeg installed.
[23:20:04.887] [Part 09] ffmpeg installed.
[23:20:05.019] [Part 06] CPU: Intel(R) Xeon(R) Platinum 8275CL CPU @ 3.00GHz
[23:20:05.173] [Part 07] CPU: Intel(R) Xeon(R) Platinum 8275CL CPU @ 3.00GHz
[23:20:05.285] [Part 09] CPU: Intel(R) Xeon(R) Platinum 8275CL CPU @ 3.00GHz
[23:20:05.484] [Part 06] Uploading segment...
[23:20:05.658] [Part 07] Uploading segment...
[23:20:05.769] [Part 09] Uploading segment...
[23:20:05.786] [Part 08] Running compression...
[23:20:06.973] [Part 05] ffmpeg installed.
[23:20:07.094] [Part 06] Running compression...
[23:20:07.241] [Part 07] Running compression...
[23:20:07.353] [Part 09] Running compression...
[23:20:07.367] [Part 05] CPU: Intel(R) Xeon(R) Platinum 8124M CPU @ 3.00GHz
[23:20:07.367] [Part 05] WARNING: CPU mismatch! Expected Intel(R) Xeon(R) Platinum 8275CL CPU @ 3.00GHz, got Intel(R) Xeon(R) Platinum 8124M CPU @ 3.00GHz
[23:20:07.850] [Part 05] Uploading segment...
[23:20:09.322] [Part 05] Running compression...
[23:20:18.654] [Part 08] Done!
[23:20:19.601] [Part 08] Instance terminated.
[23:20:20.530] [Part 06] Done!
[23:20:20.584] [Part 09] Done!
[23:20:21.351] [Part 07] Done!
[23:20:21.437] [Part 06] Instance terminated.
[23:20:21.503] [Part 09] Instance terminated.
[23:20:21.873] [Part 05] Done!
[23:20:22.270] [Part 07] Instance terminated.
[23:20:22.863] [Part 05] Instance terminated.
[23:20:22.867] ============================================================
[23:20:22.867] RESULTS — 10x c5.large Horizontal
[23:20:22.867]   Total Time:    206.24s (3.44 min)
[23:20:22.867]   Split Time:    3.98s
[23:20:22.867]   Parallel Time: 202.27s (3.37 min)
[23:20:22.867] ============================================================
