[02:38:26.328] === Phase 3.2 Horizontal Scaling: 10x c5.large ===
[02:38:26.328] Codec: libx264, Threads: 5, Max workers: 5
[02:38:26.328] [Setup] Starting video split...
[02:38:26.379] [Setup] Video: 600.0s → 10 parts of 60.0s
[02:38:27.897] [Setup] Video split complete.
[02:38:27.897] [Summary] SPLIT TIME: 1.57s
[02:38:28.452] [Part 00] Launching c5.large...
[02:38:28.464] [Part 04] Launching c5.large...
[02:38:28.474] [Part 01] Launching c5.large...
[02:38:28.484] [Part 02] Launching c5.large...
[02:38:28.489] [Part 03] Launching c5.large...
[02:38:45.989] [Part 00] Instance ready. IP: 3.83.131.102
[02:38:46.009] [Part 04] Instance ready. IP: 3.92.207.20
[02:38:46.036] [Part 01] Instance ready. IP: 54.161.173.21[02:38:46.041] [Part 02] Instance ready. IP: 13.220.202.182

[02:38:46.056] [Part 03] Instance ready. IP: 3.82.171.219
[02:39:16.854] [Part 01] Installing ffmpeg...
[02:39:16.919] [Part 02] Installing ffmpeg...
[02:39:16.943] [Part 04] Installing ffmpeg...
[02:39:16.955] [Part 03] Installing ffmpeg...
[02:39:16.974] [Part 00] Installing ffmpeg...
[02:39:50.802] [Part 02] ffmpeg installed.
[02:39:51.181] [Part 02] CPU: Intel(R) Xeon(R) Platinum 8275CL CPU @ 3.00GHz
[02:39:51.645] [Part 02] Uploading segment...
[02:39:52.039] [Part 00] ffmpeg installed.
[02:39:52.046] [Part 03] ffmpeg installed.
[02:39:52.094] [Part 01] ffmpeg installed.
[02:39:52.295] [Part 04] ffmpeg installed.
[02:39:52.434] [Part 03] CPU: Intel(R) Xeon(R) Platinum 8275CL CPU @ 3.00GHz
[02:39:52.449] [Part 00] CPU: Intel(R) Xeon(R) Platinum 8275CL CPU @ 3.00GHz
[02:39:52.452] [Part 01] CPU: Intel(R) Xeon(R) Platinum 8275CL CPU @ 3.00GHz
[02:39:52.698] [Part 04] CPU: Intel(R) Xeon(R) Platinum 8275CL CPU @ 3.00GHz
[02:39:52.894] [Part 01] Uploading segment...
[02:39:52.910] [Part 03] Uploading segment...
[02:39:52.947] [Part 00] Uploading segment...
[02:39:53.193] [Part 04] Uploading segment...
[02:39:53.248] [Part 02] Running compression...
[02:39:54.249] [Part 01] Running compression...
[02:39:54.405] [Part 03] Running compression...
[02:39:54.443] [Part 00] Running compression...
[02:39:54.696] [Part 04] Running compression...
[02:40:06.511] [Part 02] Done!
[02:40:06.676] [Part 01] Done!
[02:40:07.086] [Part 03] Done!
[02:40:07.396] [Part 00] Done!
[02:40:07.421] [Part 02] Instance terminated.
[02:40:07.446] [Part 05] Launching c5.large...
[02:40:07.609] [Part 01] Instance terminated.
[02:40:07.614] [Part 06] Launching c5.large...
[02:40:07.784] [Part 04] Done!
[02:40:08.019] [Part 03] Instance terminated.
[02:40:08.046] [Part 07] Launching c5.large...
[02:40:08.381] [Part 00] Instance terminated.
[02:40:08.406] [Part 08] Launching c5.large...
[02:40:08.739] [Part 04] Instance terminated.
[02:40:08.750] [Part 09] Launching c5.large...
[02:40:24.926] [Part 05] Instance ready. IP: 44.204.228.235
[02:40:25.042] [Part 06] Instance ready. IP: 3.87.30.63
[02:40:25.626] [Part 07] Instance ready. IP: 3.85.32.147
[02:40:25.850] [Part 08] Instance ready. IP: 54.243.10.193
[02:40:26.312] [Part 09] Instance ready. IP: 44.201.220.91
[02:40:55.802] [Part 05] Installing ffmpeg...
[02:40:55.958] [Part 06] Installing ffmpeg...
[02:40:56.511] [Part 07] Installing ffmpeg...
[02:40:56.702] [Part 08] Installing ffmpeg...
[02:40:57.192] [Part 09] Installing ffmpeg...
[02:41:29.991] [Part 07] ffmpeg installed.
[02:41:30.379] [Part 07] CPU: Intel(R) Xeon(R) Platinum 8275CL CPU @ 3.00GHz
[02:41:30.750] [Part 06] ffmpeg installed.
[02:41:30.855] [Part 07] Uploading segment...
[02:41:31.026] [Part 05] ffmpeg installed.
[02:41:31.151] [Part 06] CPU: Intel(R) Xeon(R) Platinum 8275CL CPU @ 3.00GHz
[02:41:31.414] [Part 05] CPU: Intel(R) Xeon(R) Platinum 8275CL CPU @ 3.00GHz
[02:41:31.648] [Part 06] Uploading segment...
[02:41:31.706] [Part 09] ffmpeg installed.
[02:41:31.803] [Part 08] ffmpeg installed.
[02:41:31.892] [Part 05] Uploading segment...
[02:41:32.094] [Part 09] CPU: Intel(R) Xeon(R) Platinum 8275CL CPU @ 3.00GHz
[02:41:32.181] [Part 08] CPU: Intel(R) Xeon(R) Platinum 8275CL CPU @ 3.00GHz
[02:41:32.395] [Part 07] Running compression...
[02:41:32.569] [Part 09] Uploading segment...
[02:41:32.643] [Part 08] Uploading segment...
[02:41:33.034] [Part 06] Running compression...
[02:41:33.468] [Part 05] Running compression...
[02:41:34.043] [Part 08] Running compression...
[02:41:34.102] [Part 09] Running compression...
[02:41:45.334] [Part 07] Done!
[02:41:46.171] [Part 05] Done!
[02:41:46.274] [Part 07] Instance terminated.
[02:41:46.382] [Part 08] Done!
[02:41:46.532] [Part 06] Done!
[02:41:46.848] [Part 09] Done!
[02:41:47.048] [Part 05] Instance terminated.
[02:41:47.321] [Part 08] Instance terminated.
[02:41:47.439] [Part 06] Instance terminated.
[02:41:47.752] [Part 09] Instance terminated.
[02:41:47.761] ============================================================
[02:41:47.761] RESULTS — 10x c5.large Horizontal
[02:41:47.761]   Total Time:    201.43s (3.36 min)
[02:41:47.761]   Split Time:    1.57s
[02:41:47.761]   Parallel Time: 199.86s (3.33 min)
[02:41:47.761] ============================================================
