[11:32:21.611] === Phase 3.2 OPTIMIZED Vertical: 1x m5.4xlarge ===
[11:32:21.611] AMI: ami-06c7c20c67513469a (ffmpeg pre-installed)
[11:32:21.611] [m5.4xlarge-Vertical-OPT] Launching EC2 instance...
[11:32:23.538] [m5.4xlarge-Vertical-OPT] Instance i-0ced98f3255b98406 launched. Waiting...
[11:32:39.327] [m5.4xlarge-Vertical-OPT] Instance ready. IP: 52.90.97.56
[11:33:10.413] [m5.4xlarge-Vertical-OPT] SSH connected.
[11:33:11.476] [m5.4xlarge-Vertical-OPT] CPU: Intel(R) Xeon(R) Platinum 8259CL CPU @ 2.50GHz
[11:33:11.477] [m5.4xlarge-Vertical-OPT] Uploading 10-minute video...
[11:33:20.064] [m5.4xlarge-Vertical-OPT] Upload complete.
[11:33:20.064] [m5.4xlarge-Vertical-OPT] SETUP TIME: 58.45s (0.97 min)
[11:33:20.064] [m5.4xlarge-Vertical-OPT] Running: ffmpeg -i /home/ubuntu/input.mp4 -c:v libx264 -preset slow -b:v 2M -threads 10 -y /home/ubuntu/output.mp4
[11:33:55.657] [m5.4xlarge-Vertical-OPT] ENCODING TIME: 35.59s (0.59 min)
[11:33:56.754] [m5.4xlarge-Vertical-OPT] Instance terminated.
[11:33:56.754] [m5.4xlarge-Vertical-OPT] ============================================================
[11:33:56.759] [m5.4xlarge-Vertical-OPT] RESULTS — m5.4xlarge Vertical OPTIMIZED
[11:33:56.759] [m5.4xlarge-Vertical-OPT]   Total Time:    94.05s (1.57 min)
[11:33:56.759] [m5.4xlarge-Vertical-OPT]   Setup Time:    58.45s (0.97 min)
[11:33:56.759] [m5.4xlarge-Vertical-OPT]   Encoding Time: 35.59s (0.59 min)
[11:33:56.759] [m5.4xlarge-Vertical-OPT]   Setup %:       62.2%
[11:33:56.759] [m5.4xlarge-Vertical-OPT] ============================================================
