[13:13:12.142] === Phase 3.2 OPTIMIZED Vertical: 1x m5.4xlarge ===
[13:13:12.142] AMI: ami-06c7c20c67513469a (ffmpeg pre-installed)
[13:13:12.142] [m5.4xlarge-Vertical-OPT] Launching EC2 instance...
[13:13:14.099] [m5.4xlarge-Vertical-OPT] Instance i-0dde3dacdc3308351 launched. Waiting...
[13:13:29.935] [m5.4xlarge-Vertical-OPT] Instance ready. IP: 54.86.52.117
[13:14:01.055] [m5.4xlarge-Vertical-OPT] SSH connected.
[13:14:02.150] [m5.4xlarge-Vertical-OPT] CPU: Intel(R) Xeon(R) Platinum 8259CL CPU @ 2.50GHz
[13:14:02.150] [m5.4xlarge-Vertical-OPT] Uploading 10-minute video...
[13:14:10.777] [m5.4xlarge-Vertical-OPT] Upload complete.
[13:14:10.777] [m5.4xlarge-Vertical-OPT] SETUP TIME: 58.64s (0.98 min)
[13:14:10.777] [m5.4xlarge-Vertical-OPT] Running: ffmpeg -i /home/ubuntu/input.mp4 -c:v libx264 -preset slow -b:v 2M -threads 10 -y /home/ubuntu/output.mp4
[13:14:46.840] [m5.4xlarge-Vertical-OPT] ENCODING TIME: 36.06s (0.60 min)
[13:14:47.896] [m5.4xlarge-Vertical-OPT] Instance terminated.
[13:14:47.896] [m5.4xlarge-Vertical-OPT] ============================================================
[13:14:47.896] [m5.4xlarge-Vertical-OPT] RESULTS — m5.4xlarge Vertical OPTIMIZED
[13:14:47.896] [m5.4xlarge-Vertical-OPT]   Total Time:    94.70s (1.58 min)
[13:14:47.896] [m5.4xlarge-Vertical-OPT]   Setup Time:    58.64s (0.98 min)
[13:14:47.896] [m5.4xlarge-Vertical-OPT]   Encoding Time: 36.06s (0.60 min)
[13:14:47.896] [m5.4xlarge-Vertical-OPT]   Setup %:       61.9%
[13:14:47.897] [m5.4xlarge-Vertical-OPT] ============================================================
