[10:27:12.766] === Phase 3.2 OPTIMIZED Vertical: 1x m5.4xlarge ===
[10:27:12.766] AMI: ami-06c7c20c67513469a (ffmpeg pre-installed)
[10:27:12.766] [m5.4xlarge-Vertical-OPT] Launching EC2 instance...
[10:27:14.717] [m5.4xlarge-Vertical-OPT] Instance i-0f23e6ff9d6ebd553 launched. Waiting...
[10:27:30.545] [m5.4xlarge-Vertical-OPT] Instance ready. IP: 54.145.12.215
[10:28:01.669] [m5.4xlarge-Vertical-OPT] SSH connected.
[10:28:02.738] [m5.4xlarge-Vertical-OPT] CPU: Intel(R) Xeon(R) Platinum 8259CL CPU @ 2.50GHz
[10:28:02.739] [m5.4xlarge-Vertical-OPT] Uploading 10-minute video...
[10:28:11.260] [m5.4xlarge-Vertical-OPT] Upload complete.
[10:28:11.260] [m5.4xlarge-Vertical-OPT] SETUP TIME: 58.49s (0.97 min)
[10:28:11.261] [m5.4xlarge-Vertical-OPT] Running: ffmpeg -i /home/ubuntu/input.mp4 -c:v libx264 -preset slow -b:v 2M -threads 10 -y /home/ubuntu/output.mp4
[10:28:46.610] [m5.4xlarge-Vertical-OPT] ENCODING TIME: 35.35s (0.59 min)
[10:28:47.683] [m5.4xlarge-Vertical-OPT] Instance terminated.
[10:28:47.683] [m5.4xlarge-Vertical-OPT] ============================================================
[10:28:47.683] [m5.4xlarge-Vertical-OPT] RESULTS — m5.4xlarge Vertical OPTIMIZED
[10:28:47.683] [m5.4xlarge-Vertical-OPT]   Total Time:    93.84s (1.56 min)
[10:28:47.683] [m5.4xlarge-Vertical-OPT]   Setup Time:    58.49s (0.97 min)
[10:28:47.683] [m5.4xlarge-Vertical-OPT]   Encoding Time: 35.35s (0.59 min)
[10:28:47.683] [m5.4xlarge-Vertical-OPT]   Setup %:       62.3%
[10:28:47.683] [m5.4xlarge-Vertical-OPT] ============================================================
