[12:23:15.781] === Phase 3.2 OPTIMIZED Vertical: 1x m5.4xlarge ===
[12:23:15.781] AMI: ami-06c7c20c67513469a (ffmpeg pre-installed)
[12:23:15.781] [m5.4xlarge-Vertical-OPT] Launching EC2 instance...
[12:23:17.802] [m5.4xlarge-Vertical-OPT] Instance i-094511db8dbcbe011 launched. Waiting...
[12:23:33.606] [m5.4xlarge-Vertical-OPT] Instance ready. IP: 54.82.116.237
[12:24:04.729] [m5.4xlarge-Vertical-OPT] SSH connected.
[12:24:05.796] [m5.4xlarge-Vertical-OPT] CPU: Intel(R) Xeon(R) Platinum 8175M CPU @ 2.50GHz
[12:24:05.796] [m5.4xlarge-Vertical-OPT] WARNING: CPU mismatch! Expected Intel(R) Xeon(R) Platinum 8259CL CPU @ 2.50GHz, got Intel(R) Xeon(R) Platinum 8175M CPU @ 2.50GHz
[12:24:05.796] [m5.4xlarge-Vertical-OPT] Uploading 10-minute video...
[12:24:14.283] [m5.4xlarge-Vertical-OPT] Upload complete.
[12:24:14.283] [m5.4xlarge-Vertical-OPT] SETUP TIME: 58.50s (0.98 min)
[12:24:14.284] [m5.4xlarge-Vertical-OPT] Running: ffmpeg -i /home/ubuntu/input.mp4 -c:v libx264 -preset slow -b:v 2M -threads 10 -y /home/ubuntu/output.mp4
[12:24:50.029] [m5.4xlarge-Vertical-OPT] ENCODING TIME: 35.75s (0.60 min)
[12:24:51.177] [m5.4xlarge-Vertical-OPT] Instance terminated.
[12:24:51.178] [m5.4xlarge-Vertical-OPT] ============================================================
[12:24:51.178] [m5.4xlarge-Vertical-OPT] RESULTS — m5.4xlarge Vertical OPTIMIZED
[12:24:51.178] [m5.4xlarge-Vertical-OPT]   Total Time:    94.25s (1.57 min)
[12:24:51.178] [m5.4xlarge-Vertical-OPT]   Setup Time:    58.50s (0.98 min)
[12:24:51.178] [m5.4xlarge-Vertical-OPT]   Encoding Time: 35.75s (0.60 min)
[12:24:51.178] [m5.4xlarge-Vertical-OPT]   Setup %:       62.1%
[12:24:51.178] [m5.4xlarge-Vertical-OPT] ============================================================
