[22:33:31.000] === Phase 3.2 Vertical Scaling: 1x m5.4xlarge ===
[22:33:31.001] Codec: libx264, Threads: 10, Preset: slow
[22:33:31.001] Video: /home/breno/doutorado/ec2sweetspot_noms/ec2sweetspot_noms/artifacts/test_videos/video_repetido_10min.mp4
[22:33:31.001] [m5.4xlarge-Vertical] Launching EC2 instance...
[22:33:32.826] [m5.4xlarge-Vertical] Instance i-06462f7035f3fb93f launched. Waiting...
[22:33:48.503] [m5.4xlarge-Vertical] Instance ready. IP: 107.23.156.255
[22:34:19.393] [m5.4xlarge-Vertical] SSH connected.
[22:34:19.393] [m5.4xlarge-Vertical] Installing ffmpeg...
[22:34:54.065] [m5.4xlarge-Vertical] ffmpeg installed.
[22:34:54.460] [m5.4xlarge-Vertical] CPU: Intel(R) Xeon(R) Platinum 8259CL CPU @ 2.50GHz
[22:34:54.460] [m5.4xlarge-Vertical] Uploading 10-minute video...
[22:35:01.457] [m5.4xlarge-Vertical] Upload complete.
[22:35:01.457] [m5.4xlarge-Vertical] SETUP TIME: 90.46s (1.51 min)
[22:35:01.457] [m5.4xlarge-Vertical] Running: ffmpeg -i /home/ubuntu/input.mp4 -c:v libx264 -preset slow -b:v 2M -threads 10 -y /home/ubuntu/output.mp4
[22:35:43.010] [m5.4xlarge-Vertical] ENCODING TIME: 41.55s (0.69 min)
[22:35:43.879] [m5.4xlarge-Vertical] Instance terminated.
[22:35:43.879] [m5.4xlarge-Vertical] ============================================================
[22:35:43.879] [m5.4xlarge-Vertical] RESULTS — m5.4xlarge Vertical
[22:35:43.879] [m5.4xlarge-Vertical]   Total Time:    132.01s (2.20 min)
[22:35:43.879] [m5.4xlarge-Vertical]   Setup Time:    90.46s (1.51 min)
[22:35:43.879] [m5.4xlarge-Vertical]   Encoding Time: 41.55s (0.69 min)
[22:35:43.879] [m5.4xlarge-Vertical]   Setup %:       68.5%
[22:35:43.879] [m5.4xlarge-Vertical] ============================================================
