[10:49:30.854] === Phase 3.2 OPTIMIZED Vertical: 1x m5.4xlarge ===
[10:49:30.854] AMI: ami-06c7c20c67513469a (ffmpeg pre-installed)
[10:49:30.854] [m5.4xlarge-Vertical-OPT] Launching EC2 instance...
[10:49:32.784] [m5.4xlarge-Vertical-OPT] Instance i-07fb7e62668a92d78 launched. Waiting...
[10:49:48.551] [m5.4xlarge-Vertical-OPT] Instance ready. IP: 3.90.111.99
[10:50:19.666] [m5.4xlarge-Vertical-OPT] SSH connected.
[10:50:20.782] [m5.4xlarge-Vertical-OPT] CPU: Intel(R) Xeon(R) Platinum 8259CL CPU @ 2.50GHz
[10:50:20.782] [m5.4xlarge-Vertical-OPT] Uploading 10-minute video...
[10:50:29.945] [m5.4xlarge-Vertical-OPT] Upload complete.
[10:50:29.945] [m5.4xlarge-Vertical-OPT] SETUP TIME: 59.09s (0.98 min)
[10:50:29.945] [m5.4xlarge-Vertical-OPT] Running: ffmpeg -i /home/ubuntu/input.mp4 -c:v libx264 -preset slow -b:v 2M -threads 10 -y /home/ubuntu/output.mp4
[10:51:05.501] [m5.4xlarge-Vertical-OPT] ENCODING TIME: 35.56s (0.59 min)
[10:51:07.235] [m5.4xlarge-Vertical-OPT] Instance terminated.
[10:51:07.235] [m5.4xlarge-Vertical-OPT] ============================================================
[10:51:07.235] [m5.4xlarge-Vertical-OPT] RESULTS — m5.4xlarge Vertical OPTIMIZED
[10:51:07.235] [m5.4xlarge-Vertical-OPT]   Total Time:    94.65s (1.58 min)
[10:51:07.235] [m5.4xlarge-Vertical-OPT]   Setup Time:    59.09s (0.98 min)
[10:51:07.235] [m5.4xlarge-Vertical-OPT]   Encoding Time: 35.56s (0.59 min)
[10:51:07.236] [m5.4xlarge-Vertical-OPT]   Setup %:       62.4%
[10:51:07.236] [m5.4xlarge-Vertical-OPT] ============================================================
