[21:51:00.935] === Phase 3.2 Vertical Scaling: 1x m5.4xlarge ===
[21:51:00.935] Codec: libx264, Threads: 10, Preset: slow
[21:51:00.935] Video: /home/breno/doutorado/ec2sweetspot_noms/ec2sweetspot_noms/artifacts/test_videos/video_repetido_10min.mp4
[21:51:00.935] [m5.4xlarge-Vertical] Launching EC2 instance...
[21:51:02.735] [m5.4xlarge-Vertical] Instance i-015af2a2b2176fffd launched. Waiting...
[21:51:18.440] [m5.4xlarge-Vertical] Instance ready. IP: 18.234.233.242
[21:51:49.297] [m5.4xlarge-Vertical] SSH connected.
[21:51:49.297] [m5.4xlarge-Vertical] Installing ffmpeg...
[21:52:25.736] [m5.4xlarge-Vertical] ffmpeg installed.
[21:52:26.116] [m5.4xlarge-Vertical] CPU: Intel(R) Xeon(R) Platinum 8259CL CPU @ 2.50GHz
[21:52:26.116] [m5.4xlarge-Vertical] Uploading 10-minute video...
[21:52:32.937] [m5.4xlarge-Vertical] Upload complete.
[21:52:32.937] [m5.4xlarge-Vertical] SETUP TIME: 92.00s (1.53 min)
[21:52:32.937] [m5.4xlarge-Vertical] Running: ffmpeg -i /home/ubuntu/input.mp4 -c:v libx264 -preset slow -b:v 2M -threads 10 -y /home/ubuntu/output.mp4
[21:53:14.451] [m5.4xlarge-Vertical] ENCODING TIME: 41.51s (0.69 min)
[21:53:15.348] [m5.4xlarge-Vertical] Instance terminated.
[21:53:15.348] [m5.4xlarge-Vertical] ============================================================
[21:53:15.348] [m5.4xlarge-Vertical] RESULTS — m5.4xlarge Vertical
[21:53:15.348] [m5.4xlarge-Vertical]   Total Time:    133.52s (2.23 min)
[21:53:15.348] [m5.4xlarge-Vertical]   Setup Time:    92.00s (1.53 min)
[21:53:15.348] [m5.4xlarge-Vertical]   Encoding Time: 41.51s (0.69 min)
[21:53:15.348] [m5.4xlarge-Vertical]   Setup %:       68.9%
[21:53:15.348] [m5.4xlarge-Vertical] ============================================================
