[00:45:30.437] === Phase 3.2 Vertical Scaling: 1x m5.4xlarge ===
[00:45:30.438] Codec: libx264, Threads: 10, Preset: slow
[00:45:30.438] Video: /home/breno/doutorado/ec2sweetspot_noms/ec2sweetspot_noms/artifacts/test_videos/video_repetido_10min.mp4
[00:45:30.438] [m5.4xlarge-Vertical] Launching EC2 instance...
[00:45:32.219] [m5.4xlarge-Vertical] Instance i-0c85018cd6a654d1f launched. Waiting...
[00:45:47.916] [m5.4xlarge-Vertical] Instance ready. IP: 3.80.70.77
[00:46:18.830] [m5.4xlarge-Vertical] SSH connected.
[00:46:18.831] [m5.4xlarge-Vertical] Installing ffmpeg...
[00:46:54.813] [m5.4xlarge-Vertical] ffmpeg installed.
[00:46:55.223] [m5.4xlarge-Vertical] CPU: Intel(R) Xeon(R) Platinum 8259CL CPU @ 2.50GHz
[00:46:55.224] [m5.4xlarge-Vertical] Uploading 10-minute video...
[00:47:02.191] [m5.4xlarge-Vertical] Upload complete.
[00:47:02.191] [m5.4xlarge-Vertical] SETUP TIME: 91.75s (1.53 min)
[00:47:02.191] [m5.4xlarge-Vertical] Running: ffmpeg -i /home/ubuntu/input.mp4 -c:v libx264 -preset slow -b:v 2M -threads 10 -y /home/ubuntu/output.mp4
[00:47:43.880] [m5.4xlarge-Vertical] ENCODING TIME: 41.69s (0.69 min)
[00:47:44.818] [m5.4xlarge-Vertical] Instance terminated.
[00:47:44.818] [m5.4xlarge-Vertical] ============================================================
[00:47:44.818] [m5.4xlarge-Vertical] RESULTS — m5.4xlarge Vertical
[00:47:44.819] [m5.4xlarge-Vertical]   Total Time:    133.44s (2.22 min)
[00:47:44.819] [m5.4xlarge-Vertical]   Setup Time:    91.75s (1.53 min)
[00:47:44.819] [m5.4xlarge-Vertical]   Encoding Time: 41.69s (0.69 min)
[00:47:44.819] [m5.4xlarge-Vertical]   Setup %:       68.8%
[00:47:44.819] [m5.4xlarge-Vertical] ============================================================
