[00:21:04.372] === Phase 3.2 Vertical Scaling: 1x m5.4xlarge ===
[00:21:04.372] Codec: libx264, Threads: 10, Preset: slow
[00:21:04.372] Video: /home/breno/doutorado/ec2sweetspot_noms/ec2sweetspot_noms/artifacts/test_videos/video_repetido_10min.mp4
[00:21:04.372] [m5.4xlarge-Vertical] Launching EC2 instance...
[00:21:06.242] [m5.4xlarge-Vertical] Instance i-0ef9cd268bc00539a launched. Waiting...
[00:21:21.959] [m5.4xlarge-Vertical] Instance ready. IP: 54.221.162.34
[00:21:52.819] [m5.4xlarge-Vertical] SSH connected.
[00:21:52.820] [m5.4xlarge-Vertical] Installing ffmpeg...
[00:22:28.730] [m5.4xlarge-Vertical] ffmpeg installed.
[00:22:29.115] [m5.4xlarge-Vertical] CPU: Intel(R) Xeon(R) Platinum 8175M CPU @ 2.50GHz
[00:22:29.115] [m5.4xlarge-Vertical] WARNING: CPU mismatch! Expected Intel(R) Xeon(R) Platinum 8259CL CPU @ 2.50GHz, got Intel(R) Xeon(R) Platinum 8175M CPU @ 2.50GHz
[00:22:29.115] [m5.4xlarge-Vertical] Uploading 10-minute video...
[00:22:35.712] [m5.4xlarge-Vertical] Upload complete.
[00:22:35.712] [m5.4xlarge-Vertical] SETUP TIME: 91.34s (1.52 min)
[00:22:35.712] [m5.4xlarge-Vertical] Running: ffmpeg -i /home/ubuntu/input.mp4 -c:v libx264 -preset slow -b:v 2M -threads 10 -y /home/ubuntu/output.mp4
[00:23:17.696] [m5.4xlarge-Vertical] ENCODING TIME: 41.98s (0.70 min)
[00:23:18.650] [m5.4xlarge-Vertical] Instance terminated.
[00:23:18.650] [m5.4xlarge-Vertical] ============================================================
[00:23:18.650] [m5.4xlarge-Vertical] RESULTS — m5.4xlarge Vertical
[00:23:18.650] [m5.4xlarge-Vertical]   Total Time:    133.32s (2.22 min)
[00:23:18.650] [m5.4xlarge-Vertical]   Setup Time:    91.34s (1.52 min)
[00:23:18.650] [m5.4xlarge-Vertical]   Encoding Time: 41.98s (0.70 min)
[00:23:18.650] [m5.4xlarge-Vertical]   Setup %:       68.5%
[00:23:18.650] [m5.4xlarge-Vertical] ============================================================
