[12:50:41.839] === Phase 3.2 OPTIMIZED Vertical: 1x m5.4xlarge ===
[12:50:41.839] AMI: ami-06c7c20c67513469a (ffmpeg pre-installed)
[12:50:41.839] [m5.4xlarge-Vertical-OPT] Launching EC2 instance...
[12:50:43.778] [m5.4xlarge-Vertical-OPT] Instance i-0dcb4552ec4a38d14 launched. Waiting...
[12:50:59.618] [m5.4xlarge-Vertical-OPT] Instance ready. IP: 13.222.166.200
[12:51:30.738] [m5.4xlarge-Vertical-OPT] SSH connected.
[12:51:31.825] [m5.4xlarge-Vertical-OPT] CPU: Intel(R) Xeon(R) Platinum 8175M CPU @ 2.50GHz
[12:51:31.825] [m5.4xlarge-Vertical-OPT] WARNING: CPU mismatch! Expected Intel(R) Xeon(R) Platinum 8259CL CPU @ 2.50GHz, got Intel(R) Xeon(R) Platinum 8175M CPU @ 2.50GHz
[12:51:31.826] [m5.4xlarge-Vertical-OPT] Uploading 10-minute video...
[12:51:40.298] [m5.4xlarge-Vertical-OPT] Upload complete.
[12:51:40.298] [m5.4xlarge-Vertical-OPT] SETUP TIME: 58.46s (0.97 min)
[12:51:40.298] [m5.4xlarge-Vertical-OPT] Running: ffmpeg -i /home/ubuntu/input.mp4 -c:v libx264 -preset slow -b:v 2M -threads 10 -y /home/ubuntu/output.mp4
[12:52:15.995] [m5.4xlarge-Vertical-OPT] ENCODING TIME: 35.70s (0.59 min)
[12:52:17.044] [m5.4xlarge-Vertical-OPT] Instance terminated.
[12:52:17.044] [m5.4xlarge-Vertical-OPT] ============================================================
[12:52:17.044] [m5.4xlarge-Vertical-OPT] RESULTS — m5.4xlarge Vertical OPTIMIZED
[12:52:17.044] [m5.4xlarge-Vertical-OPT]   Total Time:    94.16s (1.57 min)
[12:52:17.044] [m5.4xlarge-Vertical-OPT]   Setup Time:    58.46s (0.97 min)
[12:52:17.044] [m5.4xlarge-Vertical-OPT]   Encoding Time: 35.70s (0.59 min)
[12:52:17.044] [m5.4xlarge-Vertical-OPT]   Setup %:       62.1%
[12:52:17.044] [m5.4xlarge-Vertical-OPT] ============================================================
