[03:21:40.305] === Phase 3.2 Vertical Scaling: 1x m5.4xlarge ===
[03:21:40.305] Codec: libx264, Threads: 10, Preset: slow
[03:21:40.305] Video: /home/breno/doutorado/ec2sweetspot_noms/ec2sweetspot_noms/artifacts/test_videos/video_repetido_10min.mp4
[03:21:40.305] [m5.4xlarge-Vertical] Launching EC2 instance...
[03:21:42.222] [m5.4xlarge-Vertical] Instance i-0222b306a5fa25a7d launched. Waiting...
[03:21:57.950] [m5.4xlarge-Vertical] Instance ready. IP: 54.227.96.39
[03:22:28.846] [m5.4xlarge-Vertical] SSH connected.
[03:22:28.846] [m5.4xlarge-Vertical] Installing ffmpeg...
[03:23:04.962] [m5.4xlarge-Vertical] ffmpeg installed.
[03:23:05.359] [m5.4xlarge-Vertical] CPU: Intel(R) Xeon(R) Platinum 8259CL CPU @ 2.50GHz
[03:23:05.359] [m5.4xlarge-Vertical] Uploading 10-minute video...
[03:23:12.259] [m5.4xlarge-Vertical] Upload complete.
[03:23:12.259] [m5.4xlarge-Vertical] SETUP TIME: 91.95s (1.53 min)
[03:23:12.260] [m5.4xlarge-Vertical] Running: ffmpeg -i /home/ubuntu/input.mp4 -c:v libx264 -preset slow -b:v 2M -threads 10 -y /home/ubuntu/output.mp4
[03:23:53.154] [m5.4xlarge-Vertical] ENCODING TIME: 40.89s (0.68 min)
[03:23:54.050] [m5.4xlarge-Vertical] Instance terminated.
[03:23:54.050] [m5.4xlarge-Vertical] ============================================================
[03:23:54.050] [m5.4xlarge-Vertical] RESULTS — m5.4xlarge Vertical
[03:23:54.051] [m5.4xlarge-Vertical]   Total Time:    132.85s (2.21 min)
[03:23:54.051] [m5.4xlarge-Vertical]   Setup Time:    91.95s (1.53 min)
[03:23:54.051] [m5.4xlarge-Vertical]   Encoding Time: 40.89s (0.68 min)
[03:23:54.051] [m5.4xlarge-Vertical]   Setup %:       69.2%
[03:23:54.051] [m5.4xlarge-Vertical] ============================================================
