[10:43:37.624] === Phase 3.2 OPTIMIZED Vertical: 1x m5.4xlarge ===
[10:43:37.625] AMI: ami-06c7c20c67513469a (ffmpeg pre-installed)
[10:43:37.625] [m5.4xlarge-Vertical-OPT] Launching EC2 instance...
[10:43:39.530] [m5.4xlarge-Vertical-OPT] Instance i-0aedad5850dfa255d launched. Waiting...
[10:43:55.319] [m5.4xlarge-Vertical-OPT] Instance ready. IP: 54.167.121.69
[10:44:26.399] [m5.4xlarge-Vertical-OPT] SSH connected.
[10:44:27.459] [m5.4xlarge-Vertical-OPT] CPU: Intel(R) Xeon(R) Platinum 8175M CPU @ 2.50GHz
[10:44:27.459] [m5.4xlarge-Vertical-OPT] WARNING: CPU mismatch! Expected Intel(R) Xeon(R) Platinum 8259CL CPU @ 2.50GHz, got Intel(R) Xeon(R) Platinum 8175M CPU @ 2.50GHz
[10:44:27.459] [m5.4xlarge-Vertical-OPT] Uploading 10-minute video...
[10:44:35.639] [m5.4xlarge-Vertical-OPT] Upload complete.
[10:44:35.640] [m5.4xlarge-Vertical-OPT] SETUP TIME: 58.02s (0.97 min)
[10:44:35.640] [m5.4xlarge-Vertical-OPT] Running: ffmpeg -i /home/ubuntu/input.mp4 -c:v libx264 -preset slow -b:v 2M -threads 10 -y /home/ubuntu/output.mp4
[10:45:11.343] [m5.4xlarge-Vertical-OPT] ENCODING TIME: 35.70s (0.60 min)
[10:45:12.396] [m5.4xlarge-Vertical-OPT] Instance terminated.
[10:45:12.396] [m5.4xlarge-Vertical-OPT] ============================================================
[10:45:12.396] [m5.4xlarge-Vertical-OPT] RESULTS — m5.4xlarge Vertical OPTIMIZED
[10:45:12.396] [m5.4xlarge-Vertical-OPT]   Total Time:    93.72s (1.56 min)
[10:45:12.396] [m5.4xlarge-Vertical-OPT]   Setup Time:    58.02s (0.97 min)
[10:45:12.396] [m5.4xlarge-Vertical-OPT]   Encoding Time: 35.70s (0.60 min)
[10:45:12.396] [m5.4xlarge-Vertical-OPT]   Setup %:       61.9%
[10:45:12.396] [m5.4xlarge-Vertical-OPT] ============================================================
