[13:29:41.888] === Phase 3.2 OPTIMIZED Vertical: 1x m5.4xlarge ===
[13:29:41.888] AMI: ami-06c7c20c67513469a (ffmpeg pre-installed)
[13:29:41.888] [m5.4xlarge-Vertical-OPT] Launching EC2 instance...
[13:29:43.784] [m5.4xlarge-Vertical-OPT] Instance i-0c57c5fe759671e15 launched. Waiting...
[13:29:59.743] [m5.4xlarge-Vertical-OPT] Instance ready. IP: 98.94.87.65
[13:30:30.856] [m5.4xlarge-Vertical-OPT] SSH connected.
[13:30:31.901] [m5.4xlarge-Vertical-OPT] CPU: Intel(R) Xeon(R) Platinum 8259CL CPU @ 2.50GHz
[13:30:31.902] [m5.4xlarge-Vertical-OPT] Uploading 10-minute video...
[13:30:40.520] [m5.4xlarge-Vertical-OPT] Upload complete.
[13:30:40.520] [m5.4xlarge-Vertical-OPT] SETUP TIME: 58.63s (0.98 min)
[13:30:40.520] [m5.4xlarge-Vertical-OPT] Running: ffmpeg -i /home/ubuntu/input.mp4 -c:v libx264 -preset slow -b:v 2M -threads 10 -y /home/ubuntu/output.mp4
[13:31:16.475] [m5.4xlarge-Vertical-OPT] ENCODING TIME: 35.96s (0.60 min)
[13:31:17.617] [m5.4xlarge-Vertical-OPT] Instance terminated.
[13:31:17.617] [m5.4xlarge-Vertical-OPT] ============================================================
[13:31:17.617] [m5.4xlarge-Vertical-OPT] RESULTS — m5.4xlarge Vertical OPTIMIZED
[13:31:17.617] [m5.4xlarge-Vertical-OPT]   Total Time:    94.59s (1.58 min)
[13:31:17.617] [m5.4xlarge-Vertical-OPT]   Setup Time:    58.63s (0.98 min)
[13:31:17.618] [m5.4xlarge-Vertical-OPT]   Encoding Time: 35.96s (0.60 min)
[13:31:17.618] [m5.4xlarge-Vertical-OPT]   Setup %:       62.0%
[13:31:17.618] [m5.4xlarge-Vertical-OPT] ============================================================
