[11:44:38.344] === Phase 3.2 OPTIMIZED Vertical: 1x m5.4xlarge ===
[11:44:38.344] AMI: ami-06c7c20c67513469a (ffmpeg pre-installed)
[11:44:38.344] [m5.4xlarge-Vertical-OPT] Launching EC2 instance...
[11:44:40.316] [m5.4xlarge-Vertical-OPT] Instance i-08ba3bcae5d8ca8cb launched. Waiting...
[11:44:56.110] [m5.4xlarge-Vertical-OPT] Instance ready. IP: 54.236.66.220
[11:45:27.187] [m5.4xlarge-Vertical-OPT] SSH connected.
[11:45:28.242] [m5.4xlarge-Vertical-OPT] CPU: Intel(R) Xeon(R) Platinum 8175M CPU @ 2.50GHz
[11:45:28.242] [m5.4xlarge-Vertical-OPT] WARNING: CPU mismatch! Expected Intel(R) Xeon(R) Platinum 8259CL CPU @ 2.50GHz, got Intel(R) Xeon(R) Platinum 8175M CPU @ 2.50GHz
[11:45:28.242] [m5.4xlarge-Vertical-OPT] Uploading 10-minute video...
[11:45:37.101] [m5.4xlarge-Vertical-OPT] Upload complete.
[11:45:37.101] [m5.4xlarge-Vertical-OPT] SETUP TIME: 58.76s (0.98 min)
[11:45:37.106] [m5.4xlarge-Vertical-OPT] Running: ffmpeg -i /home/ubuntu/input.mp4 -c:v libx264 -preset slow -b:v 2M -threads 10 -y /home/ubuntu/output.mp4
[11:46:13.012] [m5.4xlarge-Vertical-OPT] ENCODING TIME: 35.91s (0.60 min)
[11:46:14.088] [m5.4xlarge-Vertical-OPT] Instance terminated.
[11:46:14.088] [m5.4xlarge-Vertical-OPT] ============================================================
[11:46:14.088] [m5.4xlarge-Vertical-OPT] RESULTS — m5.4xlarge Vertical OPTIMIZED
[11:46:14.088] [m5.4xlarge-Vertical-OPT]   Total Time:    94.67s (1.58 min)
[11:46:14.088] [m5.4xlarge-Vertical-OPT]   Setup Time:    58.76s (0.98 min)
[11:46:14.089] [m5.4xlarge-Vertical-OPT]   Encoding Time: 35.91s (0.60 min)
[11:46:14.089] [m5.4xlarge-Vertical-OPT]   Setup %:       62.1%
[11:46:14.089] [m5.4xlarge-Vertical-OPT] ============================================================
