[01:27:01.540] === Phase 3.2 Vertical Scaling: 1x m5.4xlarge ===
[01:27:01.540] Codec: libx264, Threads: 10, Preset: slow
[01:27:01.540] Video: /home/breno/doutorado/ec2sweetspot_noms/ec2sweetspot_noms/artifacts/test_videos/video_repetido_10min.mp4
[01:27:01.540] [m5.4xlarge-Vertical] Launching EC2 instance...
[01:27:03.405] [m5.4xlarge-Vertical] Instance i-0e93190019be12027 launched. Waiting...
[01:27:19.179] [m5.4xlarge-Vertical] Instance ready. IP: 54.221.163.209
[01:27:50.069] [m5.4xlarge-Vertical] SSH connected.
[01:27:50.069] [m5.4xlarge-Vertical] Installing ffmpeg...
[01:28:25.557] [m5.4xlarge-Vertical] ffmpeg installed.
[01:28:25.955] [m5.4xlarge-Vertical] CPU: Intel(R) Xeon(R) Platinum 8259CL CPU @ 2.50GHz
[01:28:25.956] [m5.4xlarge-Vertical] Uploading 10-minute video...
[01:28:32.901] [m5.4xlarge-Vertical] Upload complete.
[01:28:32.902] [m5.4xlarge-Vertical] SETUP TIME: 91.36s (1.52 min)
[01:28:32.902] [m5.4xlarge-Vertical] Running: ffmpeg -i /home/ubuntu/input.mp4 -c:v libx264 -preset slow -b:v 2M -threads 10 -y /home/ubuntu/output.mp4
[01:29:14.499] [m5.4xlarge-Vertical] ENCODING TIME: 41.60s (0.69 min)
[01:29:15.403] [m5.4xlarge-Vertical] Instance terminated.
[01:29:15.403] [m5.4xlarge-Vertical] ============================================================
[01:29:15.403] [m5.4xlarge-Vertical] RESULTS — m5.4xlarge Vertical
[01:29:15.403] [m5.4xlarge-Vertical]   Total Time:    132.96s (2.22 min)
[01:29:15.403] [m5.4xlarge-Vertical]   Setup Time:    91.36s (1.52 min)
[01:29:15.404] [m5.4xlarge-Vertical]   Encoding Time: 41.60s (0.69 min)
[01:29:15.404] [m5.4xlarge-Vertical]   Setup %:       68.7%
[01:29:15.404] [m5.4xlarge-Vertical] ============================================================
