[21:15:10.329] === Phase 3.2 Vertical Scaling: 1x m5.4xlarge ===
[21:15:10.329] Codec: libx264, Threads: 10, Preset: slow
[21:15:10.329] Video: /home/breno/doutorado/ec2sweetspot_noms/ec2sweetspot_noms/artifacts/test_videos/video_repetido_10min.mp4
[21:15:10.329] [m5.4xlarge-Vertical] Launching EC2 instance...
[21:15:12.209] [m5.4xlarge-Vertical] Instance i-04397dd989ca1df1b launched. Waiting...
[21:15:27.889] [m5.4xlarge-Vertical] Instance ready. IP: 54.236.22.206
[21:15:58.777] [m5.4xlarge-Vertical] SSH connected.
[21:15:58.777] [m5.4xlarge-Vertical] Installing ffmpeg...
[21:16:35.493] [m5.4xlarge-Vertical] ffmpeg installed.
[21:16:35.887] [m5.4xlarge-Vertical] CPU: Intel(R) Xeon(R) Platinum 8259CL CPU @ 2.50GHz
[21:16:35.887] [m5.4xlarge-Vertical] Uploading 10-minute video...
[21:16:42.957] [m5.4xlarge-Vertical] Upload complete.
[21:16:42.957] [m5.4xlarge-Vertical] SETUP TIME: 92.63s (1.54 min)
[21:16:42.957] [m5.4xlarge-Vertical] Running: ffmpeg -i /home/ubuntu/input.mp4 -c:v libx264 -preset slow -b:v 2M -threads 10 -y /home/ubuntu/output.mp4
[21:17:24.699] [m5.4xlarge-Vertical] ENCODING TIME: 41.74s (0.70 min)
[21:17:25.583] [m5.4xlarge-Vertical] Instance terminated.
[21:17:25.583] [m5.4xlarge-Vertical] ============================================================
[21:17:25.583] [m5.4xlarge-Vertical] RESULTS — m5.4xlarge Vertical
[21:17:25.583] [m5.4xlarge-Vertical]   Total Time:    134.37s (2.24 min)
[21:17:25.583] [m5.4xlarge-Vertical]   Setup Time:    92.63s (1.54 min)
[21:17:25.583] [m5.4xlarge-Vertical]   Encoding Time: 41.74s (0.70 min)
[21:17:25.583] [m5.4xlarge-Vertical]   Setup %:       68.9%
[21:17:25.583] [m5.4xlarge-Vertical] ============================================================
