[21:18:46.029] === Phase 3.2 Vertical Scaling: 1x m5.4xlarge ===
[21:18:46.029] Codec: libx264, Threads: 10, Preset: slow
[21:18:46.029] Video: /home/breno/doutorado/ec2sweetspot_noms/ec2sweetspot_noms/artifacts/test_videos/video_repetido_10min.mp4
[21:18:46.030] [m5.4xlarge-Vertical] Launching EC2 instance...
[21:18:47.817] [m5.4xlarge-Vertical] Instance i-06a8551ffe88f2032 launched. Waiting...
[21:19:03.810] [m5.4xlarge-Vertical] Instance ready. IP: 98.93.21.126
[21:19:34.701] [m5.4xlarge-Vertical] SSH connected.
[21:19:34.701] [m5.4xlarge-Vertical] Installing ffmpeg...
[21:20:11.370] [m5.4xlarge-Vertical] ffmpeg installed.
[21:20:11.764] [m5.4xlarge-Vertical] CPU: Intel(R) Xeon(R) Platinum 8175M CPU @ 2.50GHz
[21:20:11.764] [m5.4xlarge-Vertical] WARNING: CPU mismatch! Expected Intel(R) Xeon(R) Platinum 8259CL CPU @ 2.50GHz, got Intel(R) Xeon(R) Platinum 8175M CPU @ 2.50GHz
[21:20:11.764] [m5.4xlarge-Vertical] Uploading 10-minute video...
[21:20:18.745] [m5.4xlarge-Vertical] Upload complete.
[21:20:18.745] [m5.4xlarge-Vertical] SETUP TIME: 92.72s (1.55 min)
[21:20:18.745] [m5.4xlarge-Vertical] Running: ffmpeg -i /home/ubuntu/input.mp4 -c:v libx264 -preset slow -b:v 2M -threads 10 -y /home/ubuntu/output.mp4
[21:21:00.495] [m5.4xlarge-Vertical] ENCODING TIME: 41.75s (0.70 min)
[21:21:01.451] [m5.4xlarge-Vertical] Instance terminated.
[21:21:01.451] [m5.4xlarge-Vertical] ============================================================
[21:21:01.451] [m5.4xlarge-Vertical] RESULTS — m5.4xlarge Vertical
[21:21:01.451] [m5.4xlarge-Vertical]   Total Time:    134.47s (2.24 min)
[21:21:01.451] [m5.4xlarge-Vertical]   Setup Time:    92.72s (1.55 min)
[21:21:01.451] [m5.4xlarge-Vertical]   Encoding Time: 41.75s (0.70 min)
[21:21:01.451] [m5.4xlarge-Vertical]   Setup %:       69.0%
[21:21:01.451] [m5.4xlarge-Vertical] ============================================================
