[03:11:16.496] === Phase 3.2 Vertical Scaling: 1x m5.4xlarge ===
[03:11:16.496] Codec: libx264, Threads: 10, Preset: slow
[03:11:16.496] Video: /home/breno/doutorado/ec2sweetspot_noms/ec2sweetspot_noms/artifacts/test_videos/video_repetido_10min.mp4
[03:11:16.496] [m5.4xlarge-Vertical] Launching EC2 instance...
[03:11:18.268] [m5.4xlarge-Vertical] Instance i-040b0ce4178c8e752 launched. Waiting...
[03:11:33.945] [m5.4xlarge-Vertical] Instance ready. IP: 3.95.238.109
[03:12:04.821] [m5.4xlarge-Vertical] SSH connected.
[03:12:04.821] [m5.4xlarge-Vertical] Installing ffmpeg...
[03:12:40.387] [m5.4xlarge-Vertical] ffmpeg installed.
[03:12:40.773] [m5.4xlarge-Vertical] CPU: Intel(R) Xeon(R) Platinum 8259CL CPU @ 2.50GHz
[03:12:40.773] [m5.4xlarge-Vertical] Uploading 10-minute video...
[03:12:47.519] [m5.4xlarge-Vertical] Upload complete.
[03:12:47.519] [m5.4xlarge-Vertical] SETUP TIME: 91.02s (1.52 min)
[03:12:47.519] [m5.4xlarge-Vertical] Running: ffmpeg -i /home/ubuntu/input.mp4 -c:v libx264 -preset slow -b:v 2M -threads 10 -y /home/ubuntu/output.mp4
[03:13:29.454] [m5.4xlarge-Vertical] ENCODING TIME: 41.93s (0.70 min)
[03:13:30.362] [m5.4xlarge-Vertical] Instance terminated.
[03:13:30.362] [m5.4xlarge-Vertical] ============================================================
[03:13:30.362] [m5.4xlarge-Vertical] RESULTS — m5.4xlarge Vertical
[03:13:30.362] [m5.4xlarge-Vertical]   Total Time:    132.96s (2.22 min)
[03:13:30.362] [m5.4xlarge-Vertical]   Setup Time:    91.02s (1.52 min)
[03:13:30.363] [m5.4xlarge-Vertical]   Encoding Time: 41.93s (0.70 min)
[03:13:30.363] [m5.4xlarge-Vertical]   Setup %:       68.5%
[03:13:30.363] [m5.4xlarge-Vertical] ============================================================
