[11:28:16.548] === Phase 3.2 OPTIMIZED Vertical: 1x m5.4xlarge ===
[11:28:16.548] AMI: ami-06c7c20c67513469a (ffmpeg pre-installed)
[11:28:16.548] [m5.4xlarge-Vertical-OPT] Launching EC2 instance...
[11:28:18.633] [m5.4xlarge-Vertical-OPT] Instance i-0e901b5e9a5d973a9 launched. Waiting...
[11:28:34.428] [m5.4xlarge-Vertical-OPT] Instance ready. IP: 3.95.55.77
[11:29:05.542] [m5.4xlarge-Vertical-OPT] SSH connected.
[11:29:06.569] [m5.4xlarge-Vertical-OPT] CPU: Intel(R) Xeon(R) Platinum 8259CL CPU @ 2.50GHz
[11:29:06.570] [m5.4xlarge-Vertical-OPT] Uploading 10-minute video...
[11:29:14.906] [m5.4xlarge-Vertical-OPT] Upload complete.
[11:29:14.906] [m5.4xlarge-Vertical-OPT] SETUP TIME: 58.36s (0.97 min)
[11:29:14.907] [m5.4xlarge-Vertical-OPT] Running: ffmpeg -i /home/ubuntu/input.mp4 -c:v libx264 -preset slow -b:v 2M -threads 10 -y /home/ubuntu/output.mp4
[11:29:50.418] [m5.4xlarge-Vertical-OPT] ENCODING TIME: 35.51s (0.59 min)
[11:29:51.491] [m5.4xlarge-Vertical-OPT] Instance terminated.
[11:29:51.492] [m5.4xlarge-Vertical-OPT] ============================================================
[11:29:51.492] [m5.4xlarge-Vertical-OPT] RESULTS — m5.4xlarge Vertical OPTIMIZED
[11:29:51.492] [m5.4xlarge-Vertical-OPT]   Total Time:    93.87s (1.56 min)
[11:29:51.492] [m5.4xlarge-Vertical-OPT]   Setup Time:    58.36s (0.97 min)
[11:29:51.492] [m5.4xlarge-Vertical-OPT]   Encoding Time: 35.51s (0.59 min)
[11:29:51.492] [m5.4xlarge-Vertical-OPT]   Setup %:       62.2%
[11:29:51.492] [m5.4xlarge-Vertical-OPT] ============================================================
