[22:01:26.553] === Phase 3.2 Vertical Scaling: 1x m5.4xlarge ===
[22:01:26.553] Codec: libx264, Threads: 10, Preset: slow
[22:01:26.553] Video: /home/breno/doutorado/ec2sweetspot_noms/ec2sweetspot_noms/artifacts/test_videos/video_repetido_10min.mp4
[22:01:26.553] [m5.4xlarge-Vertical] Launching EC2 instance...
[22:01:28.403] [m5.4xlarge-Vertical] Instance i-09bc31a0e5fb75ea8 launched. Waiting...
[22:01:44.445] [m5.4xlarge-Vertical] Instance ready. IP: 18.212.223.50
[22:02:15.292] [m5.4xlarge-Vertical] SSH connected.
[22:02:15.292] [m5.4xlarge-Vertical] Installing ffmpeg...
[22:02:50.814] [m5.4xlarge-Vertical] ffmpeg installed.
[22:02:51.197] [m5.4xlarge-Vertical] CPU: Intel(R) Xeon(R) Platinum 8259CL CPU @ 2.50GHz
[22:02:51.197] [m5.4xlarge-Vertical] Uploading 10-minute video...
[22:02:57.978] [m5.4xlarge-Vertical] Upload complete.
[22:02:57.978] [m5.4xlarge-Vertical] SETUP TIME: 91.42s (1.52 min)
[22:02:57.978] [m5.4xlarge-Vertical] Running: ffmpeg -i /home/ubuntu/input.mp4 -c:v libx264 -preset slow -b:v 2M -threads 10 -y /home/ubuntu/output.mp4
[22:03:39.502] [m5.4xlarge-Vertical] ENCODING TIME: 41.52s (0.69 min)
[22:03:40.385] [m5.4xlarge-Vertical] Instance terminated.
[22:03:40.385] [m5.4xlarge-Vertical] ============================================================
[22:03:40.385] [m5.4xlarge-Vertical] RESULTS — m5.4xlarge Vertical
[22:03:40.385] [m5.4xlarge-Vertical]   Total Time:    132.95s (2.22 min)
[22:03:40.385] [m5.4xlarge-Vertical]   Setup Time:    91.42s (1.52 min)
[22:03:40.385] [m5.4xlarge-Vertical]   Encoding Time: 41.52s (0.69 min)
[22:03:40.385] [m5.4xlarge-Vertical]   Setup %:       68.8%
[22:03:40.385] [m5.4xlarge-Vertical] ============================================================
