[21:48:46.404] === Phase 3.2 Vertical Scaling: 1x m5.4xlarge ===
[21:48:46.404] Codec: libx264, Threads: 10, Preset: slow
[21:48:46.404] Video: /home/breno/doutorado/ec2sweetspot_noms/ec2sweetspot_noms/artifacts/test_videos/video_repetido_10min.mp4
[21:48:46.404] [m5.4xlarge-Vertical] Launching EC2 instance...
[21:48:48.116] [m5.4xlarge-Vertical] Instance i-00dd43ad6ebbec1f7 launched. Waiting...
[21:49:03.803] [m5.4xlarge-Vertical] Instance ready. IP: 98.88.78.124
[21:49:34.668] [m5.4xlarge-Vertical] SSH connected.
[21:49:34.668] [m5.4xlarge-Vertical] Installing ffmpeg...
[21:50:10.711] [m5.4xlarge-Vertical] ffmpeg installed.
[21:50:11.090] [m5.4xlarge-Vertical] CPU: Intel(R) Xeon(R) Platinum 8259CL CPU @ 2.50GHz
[21:50:11.090] [m5.4xlarge-Vertical] Uploading 10-minute video...
[21:50:17.981] [m5.4xlarge-Vertical] Upload complete.
[21:50:17.981] [m5.4xlarge-Vertical] SETUP TIME: 91.58s (1.53 min)
[21:50:17.981] [m5.4xlarge-Vertical] Running: ffmpeg -i /home/ubuntu/input.mp4 -c:v libx264 -preset slow -b:v 2M -threads 10 -y /home/ubuntu/output.mp4
[21:50:59.612] [m5.4xlarge-Vertical] ENCODING TIME: 41.63s (0.69 min)
[21:51:00.472] [m5.4xlarge-Vertical] Instance terminated.
[21:51:00.472] [m5.4xlarge-Vertical] ============================================================
[21:51:00.472] [m5.4xlarge-Vertical] RESULTS — m5.4xlarge Vertical
[21:51:00.472] [m5.4xlarge-Vertical]   Total Time:    133.21s (2.22 min)
[21:51:00.472] [m5.4xlarge-Vertical]   Setup Time:    91.58s (1.53 min)
[21:51:00.472] [m5.4xlarge-Vertical]   Encoding Time: 41.63s (0.69 min)
[21:51:00.472] [m5.4xlarge-Vertical]   Setup %:       68.7%
[21:51:00.472] [m5.4xlarge-Vertical] ============================================================
