[22:35:44.435] === Phase 3.2 Vertical Scaling: 1x m5.4xlarge ===
[22:35:44.435] Codec: libx264, Threads: 10, Preset: slow
[22:35:44.435] Video: /home/breno/doutorado/ec2sweetspot_noms/ec2sweetspot_noms/artifacts/test_videos/video_repetido_10min.mp4
[22:35:44.435] [m5.4xlarge-Vertical] Launching EC2 instance...
[22:35:46.081] [m5.4xlarge-Vertical] Instance i-08214af9259ecf09d launched. Waiting...
[22:36:01.765] [m5.4xlarge-Vertical] Instance ready. IP: 54.221.53.58
[22:36:32.618] [m5.4xlarge-Vertical] SSH connected.
[22:36:32.618] [m5.4xlarge-Vertical] Installing ffmpeg...
[22:37:07.859] [m5.4xlarge-Vertical] ffmpeg installed.
[22:37:08.242] [m5.4xlarge-Vertical] CPU: Intel(R) Xeon(R) Platinum 8259CL CPU @ 2.50GHz
[22:37:08.242] [m5.4xlarge-Vertical] Uploading 10-minute video...
[22:37:14.864] [m5.4xlarge-Vertical] Upload complete.
[22:37:14.864] [m5.4xlarge-Vertical] SETUP TIME: 90.43s (1.51 min)
[22:37:14.864] [m5.4xlarge-Vertical] Running: ffmpeg -i /home/ubuntu/input.mp4 -c:v libx264 -preset slow -b:v 2M -threads 10 -y /home/ubuntu/output.mp4
[22:37:56.257] [m5.4xlarge-Vertical] ENCODING TIME: 41.39s (0.69 min)
[22:37:57.211] [m5.4xlarge-Vertical] Instance terminated.
[22:37:57.211] [m5.4xlarge-Vertical] ============================================================
[22:37:57.211] [m5.4xlarge-Vertical] RESULTS — m5.4xlarge Vertical
[22:37:57.211] [m5.4xlarge-Vertical]   Total Time:    131.82s (2.20 min)
[22:37:57.211] [m5.4xlarge-Vertical]   Setup Time:    90.43s (1.51 min)
[22:37:57.211] [m5.4xlarge-Vertical]   Encoding Time: 41.39s (0.69 min)
[22:37:57.211] [m5.4xlarge-Vertical]   Setup %:       68.6%
[22:37:57.211] [m5.4xlarge-Vertical] ============================================================
