[21:30:01.031] === Phase 3.2 Vertical Scaling: 1x m5.4xlarge ===
[21:30:01.031] Codec: libx264, Threads: 10, Preset: slow
[21:30:01.031] Video: /home/breno/doutorado/ec2sweetspot_noms/ec2sweetspot_noms/artifacts/test_videos/video_repetido_10min.mp4
[21:30:01.031] [m5.4xlarge-Vertical] Launching EC2 instance...
[21:30:02.971] [m5.4xlarge-Vertical] Instance i-08ea540576ccd79cd launched. Waiting...
[21:30:18.752] [m5.4xlarge-Vertical] Instance ready. IP: 18.215.155.66
[21:30:49.603] [m5.4xlarge-Vertical] SSH connected.
[21:30:49.603] [m5.4xlarge-Vertical] Installing ffmpeg...
[21:31:27.184] [m5.4xlarge-Vertical] ffmpeg installed.
[21:31:27.564] [m5.4xlarge-Vertical] CPU: Intel(R) Xeon(R) Platinum 8175M CPU @ 2.50GHz
[21:31:27.564] [m5.4xlarge-Vertical] WARNING: CPU mismatch! Expected Intel(R) Xeon(R) Platinum 8259CL CPU @ 2.50GHz, got Intel(R) Xeon(R) Platinum 8175M CPU @ 2.50GHz
[21:31:27.564] [m5.4xlarge-Vertical] Uploading 10-minute video...
[21:31:34.300] [m5.4xlarge-Vertical] Upload complete.
[21:31:34.300] [m5.4xlarge-Vertical] SETUP TIME: 93.27s (1.55 min)
[21:31:34.301] [m5.4xlarge-Vertical] Running: ffmpeg -i /home/ubuntu/input.mp4 -c:v libx264 -preset slow -b:v 2M -threads 10 -y /home/ubuntu/output.mp4
[21:32:16.674] [m5.4xlarge-Vertical] ENCODING TIME: 42.37s (0.71 min)
[21:32:17.621] [m5.4xlarge-Vertical] Instance terminated.
[21:32:17.621] [m5.4xlarge-Vertical] ============================================================
[21:32:17.621] [m5.4xlarge-Vertical] RESULTS — m5.4xlarge Vertical
[21:32:17.621] [m5.4xlarge-Vertical]   Total Time:    135.64s (2.26 min)
[21:32:17.621] [m5.4xlarge-Vertical]   Setup Time:    93.27s (1.55 min)
[21:32:17.621] [m5.4xlarge-Vertical]   Encoding Time: 42.37s (0.71 min)
[21:32:17.621] [m5.4xlarge-Vertical]   Setup %:       68.8%
[21:32:17.621] [m5.4xlarge-Vertical] ============================================================
