[12:06:33.298] === Phase 3.2 OPTIMIZED Vertical: 1x m5.4xlarge ===
[12:06:33.298] AMI: ami-06c7c20c67513469a (ffmpeg pre-installed)
[12:06:33.298] [m5.4xlarge-Vertical-OPT] Launching EC2 instance...
[12:06:35.355] [m5.4xlarge-Vertical-OPT] Instance i-0bddbcbd3dbab82ac launched. Waiting...
[12:06:51.526] [m5.4xlarge-Vertical-OPT] Instance ready. IP: 100.27.232.245
[12:07:22.608] [m5.4xlarge-Vertical-OPT] SSH connected.
[12:07:23.680] [m5.4xlarge-Vertical-OPT] CPU: Intel(R) Xeon(R) Platinum 8259CL CPU @ 2.50GHz
[12:07:23.680] [m5.4xlarge-Vertical-OPT] Uploading 10-minute video...
[12:07:32.016] [m5.4xlarge-Vertical-OPT] Upload complete.
[12:07:32.016] [m5.4xlarge-Vertical-OPT] SETUP TIME: 58.72s (0.98 min)
[12:07:32.017] [m5.4xlarge-Vertical-OPT] Running: ffmpeg -i /home/ubuntu/input.mp4 -c:v libx264 -preset slow -b:v 2M -threads 10 -y /home/ubuntu/output.mp4
[12:08:07.761] [m5.4xlarge-Vertical-OPT] ENCODING TIME: 35.74s (0.60 min)
[12:08:08.827] [m5.4xlarge-Vertical-OPT] Instance terminated.
[12:08:08.827] [m5.4xlarge-Vertical-OPT] ============================================================
[12:08:08.827] [m5.4xlarge-Vertical-OPT] RESULTS — m5.4xlarge Vertical OPTIMIZED
[12:08:08.827] [m5.4xlarge-Vertical-OPT]   Total Time:    94.46s (1.57 min)
[12:08:08.827] [m5.4xlarge-Vertical-OPT]   Setup Time:    58.72s (0.98 min)
[12:08:08.828] [m5.4xlarge-Vertical-OPT]   Encoding Time: 35.74s (0.60 min)
[12:08:08.828] [m5.4xlarge-Vertical-OPT]   Setup %:       62.2%
[12:08:08.828] [m5.4xlarge-Vertical-OPT] ============================================================
