[12:57:47.112] === Phase 3.2 OPTIMIZED Horizontal: 10x m5.large ===
[12:57:47.112] AMI: ami-06c7c20c67513469a (ffmpeg pre-installed)
[12:57:47.112] Codec: libx264, Threads: 5, Max workers: 10
[12:57:47.112] [Setup] Starting video split...
[12:57:47.162] [Setup] Video: 600.0s → 10 parts of 60.0s
[12:57:48.770] [Setup] Video split complete.
[12:57:48.770] [Summary] SPLIT TIME: 1.66s
[12:57:49.844] [Part 05] Launching m5.large...
[12:57:49.851] [Part 06] Launching m5.large...
[12:57:49.862] [Part 04] Launching m5.large...
[12:57:49.878] [Part 03] Launching m5.large...
[12:57:49.890] [Part 00] Launching m5.large...
[12:57:49.901] [Part 01] Launching m5.large...
[12:57:49.911] [Part 02] Launching m5.large...
[12:57:49.920] [Part 08] Launching m5.large...
[12:57:49.932] [Part 09] Launching m5.large...
[12:57:49.934] [Part 07] Launching m5.large...
[12:58:08.048] [Part 09] Instance ready. IP: 3.90.174.126
[12:58:08.087] [Part 03] Instance ready. IP: 3.81.124.154
[12:58:08.112] [Part 08] Instance ready. IP: 35.173.182.27
[12:58:08.127] [Part 04] Instance ready. IP: 34.229.23.132
[12:58:08.136] [Part 02] Instance ready. IP: 54.81.81.139
[12:58:08.142] [Part 05] Instance ready. IP: 3.92.232.47
[12:58:08.162] [Part 00] Instance ready. IP: 54.81.139.42
[12:58:08.167] [Part 06] Instance ready. IP: 13.217.213.11
[12:58:08.173] [Part 01] Instance ready. IP: 100.30.177.204
[12:58:08.189] [Part 07] Instance ready. IP: 3.87.137.243
[12:58:40.235] [Part 08] CPU: Intel(R) Xeon(R) Platinum 8259CL CPU @ 2.50GHz
[12:58:40.250] [Part 02] CPU: Intel(R) Xeon(R) Platinum 8259CL CPU @ 2.50GHz
[12:58:40.258] [Part 03] CPU: Intel(R) Xeon(R) Platinum 8259CL CPU @ 2.50GHz
[12:58:40.271] [Part 09] CPU: Intel(R) Xeon(R) Platinum 8259CL CPU @ 2.50GHz
[12:58:40.298] [Part 04] CPU: Intel(R) Xeon(R) Platinum 8175M CPU @ 2.50GHz
[12:58:40.299] [Part 04] WARNING: CPU mismatch! Expected Intel(R) Xeon(R) Platinum 8259CL CPU @ 2.50GHz, got Intel(R) Xeon(R) Platinum 8175M CPU @ 2.50GHz
[12:58:40.360] [Part 05] CPU: Intel(R) Xeon(R) Platinum 8259CL CPU @ 2.50GHz
[12:58:40.381] [Part 07] CPU: Intel(R) Xeon(R) Platinum 8175M CPU @ 2.50GHz
[12:58:40.382] [Part 07] WARNING: CPU mismatch! Expected Intel(R) Xeon(R) Platinum 8259CL CPU @ 2.50GHz, got Intel(R) Xeon(R) Platinum 8175M CPU @ 2.50GHz
[12:58:40.427] [Part 01] CPU: Intel(R) Xeon(R) Platinum 8259CL CPU @ 2.50GHz
[12:58:40.439] [Part 06] CPU: Intel(R) Xeon(R) Platinum 8259CL CPU @ 2.50GHz
[12:58:40.449] [Part 00] CPU: Intel(R) Xeon(R) Platinum 8259CL CPU @ 2.50GHz
[12:58:40.817] [Part 08] Uploading segment...
[12:58:40.833] [Part 02] Uploading segment...
[12:58:40.842] [Part 03] Uploading segment...
[12:58:40.873] [Part 09] Uploading segment...
[12:58:40.881] [Part 04] Uploading segment...
[12:58:40.941] [Part 05] Uploading segment...
[12:58:40.980] [Part 07] Uploading segment...
[12:58:41.007] [Part 01] Uploading segment...
[12:58:41.038] [Part 06] Uploading segment...
[12:58:41.051] [Part 00] Uploading segment...
[12:58:42.603] [Part 02] Running compression...
[12:58:42.647] [Part 04] Running compression...
[12:58:42.714] [Part 05] Running compression...
[12:58:42.783] [Part 01] Running compression...
[12:58:42.983] [Part 09] Running compression...
[12:58:43.022] [Part 03] Running compression...
[12:58:43.052] [Part 08] Running compression...
[12:58:43.114] [Part 07] Running compression...
[12:58:43.155] [Part 06] Running compression...
[12:58:43.207] [Part 00] Running compression...
[12:58:55.191] [Part 04] Done!
[12:58:55.605] [Part 08] Done!
[12:58:55.762] [Part 04] Instance terminated.
[12:58:56.103] [Part 02] Done!
[12:58:56.175] [Part 08] Instance terminated.
[12:58:56.251] [Part 00] Done!
[12:58:56.287] [Part 01] Done!
[12:58:56.560] [Part 09] Done!
[12:58:56.651] [Part 05] Done!
[12:58:56.691] [Part 02] Instance terminated.
[12:58:56.832] [Part 00] Instance terminated.
[12:58:56.914] [Part 01] Instance terminated.
[12:58:56.963] [Part 06] Done!
[12:58:57.184] [Part 09] Instance terminated.
[12:58:57.257] [Part 05] Instance terminated.
[12:58:57.564] [Part 06] Instance terminated.
[12:58:58.222] [Part 03] Done!
[12:58:58.382] [Part 07] Done!
[12:58:58.842] [Part 03] Instance terminated.
[12:58:58.957] [Part 07] Instance terminated.
[12:58:58.965] ============================================================
[12:58:58.966] RESULTS — 10x m5.large Horizontal OPTIMIZED
[12:58:58.966]   Total Time:    71.85s (1.20 min)
[12:58:58.966]   Split Time:    1.66s
[12:58:58.966]   Parallel Time: 70.19s (1.17 min)
[12:58:58.966] ============================================================
