[12:08:09.117] === Phase 3.2 OPTIMIZED Horizontal: 10x m5.large ===
[12:08:09.117] AMI: ami-06c7c20c67513469a (ffmpeg pre-installed)
[12:08:09.117] Codec: libx264, Threads: 5, Max workers: 10
[12:08:09.117] [Setup] Starting video split...
[12:08:09.165] [Setup] Video: 600.0s → 10 parts of 60.0s
[12:08:10.613] [Setup] Video split complete.
[12:08:10.613] [Summary] SPLIT TIME: 1.50s
[12:08:11.627] [Part 04] Launching m5.large...[12:08:11.628] [Part 07] Launching m5.large...[12:08:11.631] [Part 05] Launching m5.large...


[12:08:11.646] [Part 03] Launching m5.large...
[12:08:11.663] [Part 06] Launching m5.large...
[12:08:11.667] [Part 01] Launching m5.large...
[12:08:11.676] [Part 00] Launching m5.large...
[12:08:11.684] [Part 02] Launching m5.large...
[12:08:11.691] [Part 09] Launching m5.large...
[12:08:11.704] [Part 08] Launching m5.large...
[12:08:29.280] [Part 05] Instance ready. IP: 34.230.15.24
[12:08:29.349] [Part 04] Instance ready. IP: 100.54.247.26
[12:08:29.355] [Part 02] Instance ready. IP: 23.20.188.201
[12:08:29.364] [Part 09] Instance ready. IP: 54.81.162.123
[12:08:29.373] [Part 08] Instance ready. IP: 3.93.0.248
[12:08:29.414] [Part 06] Instance ready. IP: 13.221.43.138
[12:08:29.469] [Part 01] Instance ready. IP: 18.212.110.38
[12:08:29.532] [Part 03] Instance ready. IP: 184.73.65.57
[12:08:29.554] [Part 00] Instance ready. IP: 54.81.137.189
[12:08:29.624] [Part 07] Instance ready. IP: 52.23.252.3
[12:09:01.177] [Part 03] CPU: Intel(R) Xeon(R) Platinum 8259CL CPU @ 2.50GHz
[12:09:01.419] [Part 02] CPU: Intel(R) Xeon(R) Platinum 8259CL CPU @ 2.50GHz
[12:09:01.495] [Part 05] CPU: Intel(R) Xeon(R) Platinum 8259CL CPU @ 2.50GHz
[12:09:01.501] [Part 08] CPU: Intel(R) Xeon(R) Platinum 8259CL CPU @ 2.50GHz
[12:09:01.534] [Part 04] CPU: Intel(R) Xeon(R) Platinum 8259CL CPU @ 2.50GHz
[12:09:01.586] [Part 06] CPU: Intel(R) Xeon(R) Platinum 8259CL CPU @ 2.50GHz
[12:09:01.626] [Part 01] CPU: Intel(R) Xeon(R) Platinum 8175M CPU @ 2.50GHz
[12:09:01.626] [Part 01] WARNING: CPU mismatch! Expected Intel(R) Xeon(R) Platinum 8259CL CPU @ 2.50GHz, got Intel(R) Xeon(R) Platinum 8175M CPU @ 2.50GHz
[12:09:01.636] [Part 09] CPU: Intel(R) Xeon(R) Platinum 8175M CPU @ 2.50GHz
[12:09:01.636] [Part 09] WARNING: CPU mismatch! Expected Intel(R) Xeon(R) Platinum 8259CL CPU @ 2.50GHz, got Intel(R) Xeon(R) Platinum 8175M CPU @ 2.50GHz
[12:09:01.738] [Part 00] CPU: Intel(R) Xeon(R) Platinum 8259CL CPU @ 2.50GHz
[12:09:01.778] [Part 03] Uploading segment...
[12:09:01.817] [Part 07] CPU: Intel(R) Xeon(R) Platinum 8259CL CPU @ 2.50GHz
[12:09:01.999] [Part 02] Uploading segment...
[12:09:02.080] [Part 05] Uploading segment...
[12:09:02.083] [Part 08] Uploading segment...
[12:09:02.135] [Part 04] Uploading segment...
[12:09:02.169] [Part 06] Uploading segment...
[12:09:02.206] [Part 01] Uploading segment...
[12:09:02.238] [Part 09] Uploading segment...
[12:09:02.338] [Part 00] Uploading segment...
[12:09:02.400] [Part 07] Uploading segment...
[12:09:03.764] [Part 03] Running compression...
[12:09:03.986] [Part 01] Running compression...
[12:09:03.988] [Part 04] Running compression...
[12:09:04.105] [Part 06] Running compression...
[12:09:04.164] [Part 02] Running compression...
[12:09:04.220] [Part 09] Running compression...
[12:09:04.222] [Part 07] Running compression...
[12:09:04.234] [Part 00] Running compression...
[12:09:04.405] [Part 08] Running compression...
[12:09:04.429] [Part 05] Running compression...
[12:09:16.986] [Part 01] Done!
[12:09:17.258] [Part 06] Done!
[12:09:17.597] [Part 01] Instance terminated.
[12:09:17.858] [Part 06] Instance terminated.
[12:09:18.102] [Part 04] Done!
[12:09:18.164] [Part 09] Done!
[12:09:18.610] [Part 05] Done!
[12:09:18.654] [Part 08] Done!
[12:09:18.671] [Part 03] Done!
[12:09:18.696] [Part 04] Instance terminated.
[12:09:18.757] [Part 09] Instance terminated.
[12:09:18.819] [Part 00] Done!
[12:09:19.179] [Part 02] Done!
[12:09:19.216] [Part 07] Done!
[12:09:19.254] [Part 05] Instance terminated.
[12:09:19.297] [Part 08] Instance terminated.
[12:09:19.335] [Part 03] Instance terminated.
[12:09:19.809] [Part 02] Instance terminated.
[12:09:19.841] [Part 07] Instance terminated.
[12:09:20.480] [Part 00] Instance terminated.
[12:09:20.484] ============================================================
[12:09:20.484] RESULTS — 10x m5.large Horizontal OPTIMIZED
[12:09:20.484]   Total Time:    71.37s (1.19 min)
[12:09:20.484]   Split Time:    1.50s
[12:09:20.484]   Parallel Time: 69.87s (1.16 min)
[12:09:20.484] ============================================================
