[03:34:27.908] === Phase 3.2 Serial Baseline: 1x m5.large ===
[03:34:27.908] Codec: libx264, Threads: 5, Preset: slow
[03:34:27.908] Video: /home/breno/doutorado/ec2sweetspot_noms/ec2sweetspot_noms/artifacts/test_videos/video_repetido_10min.mp4
[03:34:27.908] [m5.large-Serial] Launching EC2 instance...
[03:34:29.896] [m5.large-Serial] Instance i-004b68312a568989a launched. Waiting...
[03:34:45.931] [m5.large-Serial] Instance ready. IP: 34.228.237.50
[03:35:16.796] [m5.large-Serial] SSH connected.
[03:35:16.796] [m5.large-Serial] Installing ffmpeg...
[03:35:53.827] [m5.large-Serial] ffmpeg installed.
[03:35:54.212] [m5.large-Serial] CPU: Intel(R) Xeon(R) Platinum 8259CL CPU @ 2.50GHz
[03:35:54.213] [m5.large-Serial] Uploading 10-minute video...
[03:36:00.823] [m5.large-Serial] Upload complete.
[03:36:00.823] [m5.large-Serial] SETUP TIME: 92.91s (1.55 min)
[03:36:00.823] [m5.large-Serial] Running: ffmpeg -i /home/ubuntu/input.mp4 -c:v libx264 -preset slow -b:v 2M -threads 5 -y /home/ubuntu/output.mp4
[03:37:55.699] [m5.large-Serial] ENCODING TIME: 114.88s (1.91 min)
[03:37:56.696] [m5.large-Serial] Instance terminated.
[03:37:56.696] [m5.large-Serial] ============================================================
[03:37:56.697] [m5.large-Serial] RESULTS — m5.large Serial
[03:37:56.697] [m5.large-Serial]   Total Time:    207.79s (3.46 min)
[03:37:56.697] [m5.large-Serial]   Setup Time:    92.91s (1.55 min)
[03:37:56.697] [m5.large-Serial]   Encoding Time: 114.88s (1.91 min)
[03:37:56.697] [m5.large-Serial]   Setup %:       44.7%
[03:37:56.697] [m5.large-Serial] ============================================================
