[23:31:03.130] === Phase 3.2 Serial Baseline: 1x m5.large ===
[23:31:03.130] Codec: libx264, Threads: 5, Preset: slow
[23:31:03.130] Video: /home/breno/doutorado/ec2sweetspot_noms/ec2sweetspot_noms/artifacts/test_videos/video_repetido_10min.mp4
[23:31:03.130] [m5.large-Serial] Launching EC2 instance...
[23:31:05.092] [m5.large-Serial] Instance i-00fce6d22ab56cfe5 launched. Waiting...
[23:31:21.040] [m5.large-Serial] Instance ready. IP: 3.81.114.179
[23:31:51.917] [m5.large-Serial] SSH connected.
[23:31:51.917] [m5.large-Serial] Installing ffmpeg...
[23:32:28.753] [m5.large-Serial] ffmpeg installed.
[23:32:29.139] [m5.large-Serial] CPU: Intel(R) Xeon(R) Platinum 8175M CPU @ 2.50GHz
[23:32:29.139] [m5.large-Serial] WARNING: CPU mismatch! Expected Intel(R) Xeon(R) Platinum 8259CL CPU @ 2.50GHz, got Intel(R) Xeon(R) Platinum 8175M CPU @ 2.50GHz
[23:32:29.139] [m5.large-Serial] Uploading 10-minute video...
[23:32:36.065] [m5.large-Serial] Upload complete.
[23:32:36.065] [m5.large-Serial] SETUP TIME: 92.94s (1.55 min)
[23:32:36.066] [m5.large-Serial] Running: ffmpeg -i /home/ubuntu/input.mp4 -c:v libx264 -preset slow -b:v 2M -threads 5 -y /home/ubuntu/output.mp4
[23:34:31.019] [m5.large-Serial] ENCODING TIME: 114.95s (1.92 min)
[23:34:32.001] [m5.large-Serial] Instance terminated.
[23:34:32.001] [m5.large-Serial] ============================================================
[23:34:32.001] [m5.large-Serial] RESULTS — m5.large Serial
[23:34:32.001] [m5.large-Serial]   Total Time:    207.89s (3.46 min)
[23:34:32.001] [m5.large-Serial]   Setup Time:    92.94s (1.55 min)
[23:34:32.001] [m5.large-Serial]   Encoding Time: 114.95s (1.92 min)
[23:34:32.001] [m5.large-Serial]   Setup %:       44.7%
[23:34:32.001] [m5.large-Serial] ============================================================
