[10:39:52.460] === Phase 3.2 OPTIMIZED Serial: 1x m5.large ===
[10:39:52.460] AMI: ami-06c7c20c67513469a (ffmpeg pre-installed)
[10:39:52.460] Codec: libx264, Threads: 5, Preset: slow
[10:39:52.460] [m5.large-Serial-OPT] Launching EC2 instance...
[10:39:54.347] [m5.large-Serial-OPT] Instance i-006363220fa798198 launched. Waiting...
[10:40:10.159] [m5.large-Serial-OPT] Instance ready. IP: 3.90.233.193
[10:40:41.240] [m5.large-Serial-OPT] SSH connected.
[10:40:42.302] [m5.large-Serial-OPT] CPU: Intel(R) Xeon(R) Platinum 8175M CPU @ 2.50GHz
[10:40:42.303] [m5.large-Serial-OPT] WARNING: CPU mismatch! Expected Intel(R) Xeon(R) Platinum 8259CL CPU @ 2.50GHz, got Intel(R) Xeon(R) Platinum 8175M CPU @ 2.50GHz
[10:40:42.303] [m5.large-Serial-OPT] Uploading 10-minute video...
[10:40:50.498] [m5.large-Serial-OPT] Upload complete.
[10:40:50.498] [m5.large-Serial-OPT] SETUP TIME: 58.04s (0.97 min)
[10:40:50.499] [m5.large-Serial-OPT] Running: ffmpeg -i /home/ubuntu/input.mp4 -c:v libx264 -preset slow -b:v 2M -threads 5 -y /home/ubuntu/output.mp4
[10:42:33.205] [m5.large-Serial-OPT] ENCODING TIME: 102.71s (1.71 min)
[10:42:34.261] [m5.large-Serial-OPT] Instance terminated.
[10:42:34.261] [m5.large-Serial-OPT] ============================================================
[10:42:34.262] [m5.large-Serial-OPT] RESULTS — m5.large Serial OPTIMIZED
[10:42:34.262] [m5.large-Serial-OPT]   Total Time:    160.75s (2.68 min)
[10:42:34.262] [m5.large-Serial-OPT]   Setup Time:    58.04s (0.97 min)
[10:42:34.262] [m5.large-Serial-OPT]   Encoding Time: 102.71s (1.71 min)
[10:42:34.262] [m5.large-Serial-OPT]   Setup %:       36.1%
[10:42:34.262] [m5.large-Serial-OPT] ============================================================
