[02:53:53.460] === Phase 3.2 Horizontal Scaling: 10x m5.large ===
[02:53:53.460] Codec: libx264, Threads: 5, Preset: slow
[02:53:53.460] Max concurrent workers: 5
[02:53:53.460] [Setup] Starting video split...
[02:53:53.512] [Setup] Video duration: 600.0s, splitting into 10 parts of 60.0s each
[02:53:53.584] [Setup]   Part 00 created
[02:53:53.687] [Setup]   Part 01 created
[02:53:53.801] [Setup]   Part 02 created
[02:53:53.943] [Setup]   Part 03 created
[02:53:54.092] [Setup]   Part 04 created
[02:53:54.250] [Setup]   Part 05 created
[02:53:54.427] [Setup]   Part 06 created
[02:53:54.624] [Setup]   Part 07 created
[02:53:54.841] [Setup]   Part 08 created
[02:53:55.090] [Setup]   Part 09 created
[02:53:55.090] [Setup] Video split complete.
[02:53:55.090] [Summary] SPLIT TIME: 1.63s
[02:53:55.633] [Part 03] Launching m5.large...
[02:53:55.642] [Part 02] Launching m5.large...
[02:53:55.657] [Part 04] Launching m5.large...
[02:53:55.669] [Part 00] Launching m5.large...
[02:53:55.676] [Part 01] Launching m5.large...
[02:54:13.357] [Part 01] Instance ready. IP: 18.206.185.120
[02:54:13.459] [Part 02] Instance ready. IP: 34.228.184.34
[02:54:13.464] [Part 03] Instance ready. IP: 54.81.176.132
[02:54:13.632] [Part 04] Instance ready. IP: 107.21.91.101
[02:54:13.642] [Part 00] Instance ready. IP: 3.80.245.23
[02:54:44.289] [Part 01] Installing ffmpeg...
[02:54:44.335] [Part 02] Installing ffmpeg...
[02:54:44.351] [Part 03] Installing ffmpeg...
[02:54:44.500] [Part 04] Installing ffmpeg...
[02:54:44.583] [Part 00] Installing ffmpeg...
[02:55:21.397] [Part 03] ffmpeg installed.
[02:55:21.488] [Part 01] ffmpeg installed.
[02:55:21.653] [Part 02] ffmpeg installed.
[02:55:21.768] [Part 04] ffmpeg installed.
[02:55:21.783] [Part 03] CPU: Intel(R) Xeon(R) Platinum 8259CL CPU @ 2.50GHz
[02:55:21.887] [Part 01] CPU: Intel(R) Xeon(R) Platinum 8175M CPU @ 2.50GHz
[02:55:21.888] [Part 01] WARNING: CPU mismatch! Expected Intel(R) Xeon(R) Platinum 8259CL CPU @ 2.50GHz, got Intel(R) Xeon(R) Platinum 8175M CPU @ 2.50GHz
[02:55:22.034] [Part 02] CPU: Intel(R) Xeon(R) Platinum 8259CL CPU @ 2.50GHz
[02:55:22.153] [Part 04] CPU: Intel(R) Xeon(R) Platinum 8259CL CPU @ 2.50GHz
[02:55:22.264] [Part 03] Uploading segment...
[02:55:22.376] [Part 01] Uploading segment...
[02:55:22.500] [Part 02] Uploading segment...
[02:55:22.621] [Part 04] Uploading segment...
[02:55:22.985] [Part 00] ffmpeg installed.
[02:55:23.391] [Part 00] CPU: Intel(R) Xeon(R) Platinum 8175M CPU @ 2.50GHz
[02:55:23.397] [Part 00] WARNING: CPU mismatch! Expected Intel(R) Xeon(R) Platinum 8259CL CPU @ 2.50GHz, got Intel(R) Xeon(R) Platinum 8175M CPU @ 2.50GHz
[02:55:23.768] [Part 03] Running compression...
[02:55:23.830] [Part 01] Running compression...
[02:55:23.892] [Part 00] Uploading segment...
[02:55:24.071] [Part 04] Running compression...
[02:55:24.117] [Part 02] Running compression...
[02:55:24.506] [Part 01] ERROR: FFmpeg failed: )
Press [q] to stop, [?] for help
Too many packets buffered for output stream 0:1.
[aac @ 0x563377fa0820] Qavg: 205.539
[aac @ 0x563377fa0820] 2 frames left in the queue on closing
Conversion failed!

[02:55:24.734] [Part 04] ERROR: FFmpeg failed: )
Press [q] to stop, [?] for help
Too many packets buffered for output stream 0:1.
[aac @ 0x55f94aa15280] Qavg: 218.592
[aac @ 0x55f94aa15280] 2 frames left in the queue on closing
Conversion failed!

[02:55:25.389] [Part 00] Running compression...
[02:55:25.475] [Part 01] Instance terminated.
[02:55:25.501] [Part 05] Launching m5.large...
[02:55:25.651] [Part 04] Instance terminated.
[02:55:25.668] [Part 06] Launching m5.large...
[02:55:38.197] [Part 03] Done!
[02:55:38.817] [Part 02] Done!
[02:55:39.058] [Part 03] Instance terminated.
[02:55:39.064] [Part 07] Launching m5.large...
[02:55:39.715] [Part 02] Instance terminated.
[02:55:39.720] [Part 08] Launching m5.large...
[02:55:40.114] [Part 00] Done!
[02:55:41.023] [Part 00] Instance terminated.
[02:55:41.036] [Part 09] Launching m5.large...
[02:55:43.061] [Part 05] Instance ready. IP: 54.159.15.152
[02:55:43.520] [Part 06] Instance ready. IP: 54.80.181.211
[02:55:56.502] [Part 07] Instance ready. IP: 18.206.189.145
[02:55:57.281] [Part 08] Instance ready. IP: 100.55.30.255
[02:55:58.769] [Part 09] Instance ready. IP: 98.83.117.65
[02:56:13.959] [Part 05] Installing ffmpeg...
[02:56:14.385] [Part 06] Installing ffmpeg...
[02:56:27.370] [Part 07] Installing ffmpeg...
[02:56:28.182] [Part 08] Installing ffmpeg...
[02:56:29.662] [Part 09] Installing ffmpeg...
[02:56:50.738] [Part 06] ffmpeg installed.
[02:56:51.117] [Part 06] CPU: Intel(R) Xeon(R) Platinum 8259CL CPU @ 2.50GHz
[02:56:51.405] [Part 05] ffmpeg installed.
[02:56:51.581] [Part 06] Uploading segment...
[02:56:51.803] [Part 05] CPU: Intel(R) Xeon(R) Platinum 8259CL CPU @ 2.50GHz
[02:56:52.292] [Part 05] Uploading segment...
[02:56:53.088] [Part 06] Running compression...
[02:56:53.873] [Part 05] Running compression...
[02:57:04.716] [Part 07] ffmpeg installed.
[02:57:05.095] [Part 07] CPU: Intel(R) Xeon(R) Platinum 8259CL CPU @ 2.50GHz
[02:57:05.561] [Part 07] Uploading segment...
[02:57:05.755] [Part 08] ffmpeg installed.
[02:57:06.153] [Part 08] CPU: Intel(R) Xeon(R) Platinum 8259CL CPU @ 2.50GHz
[02:57:06.646] [Part 08] Uploading segment...
[02:57:06.652] [Part 09] ffmpeg installed.
[02:57:07.055] [Part 09] CPU: Intel(R) Xeon(R) Platinum 8175M CPU @ 2.50GHz
[02:57:07.056] [Part 09] WARNING: CPU mismatch! Expected Intel(R) Xeon(R) Platinum 8259CL CPU @ 2.50GHz, got Intel(R) Xeon(R) Platinum 8175M CPU @ 2.50GHz
[02:57:07.154] [Part 07] Running compression...
[02:57:07.544] [Part 09] Uploading segment...
[02:57:07.828] [Part 06] Done!
[02:57:07.856] [Part 05] Done!
[02:57:08.099] [Part 08] Running compression...
[02:57:08.714] [Part 06] Instance terminated.
[02:57:08.813] [Part 05] Instance terminated.
[02:57:09.006] [Part 09] Running compression...
[02:57:21.944] [Part 08] Done!
[02:57:22.642] [Part 07] Done!
[02:57:22.910] [Part 08] Instance terminated.
[02:57:23.311] [Part 09] Done!
[02:57:23.562] [Part 07] Instance terminated.
[02:57:24.216] [Part 09] Instance terminated.
[02:57:24.220] ============================================================
[02:57:24.221] RESULTS — 10x m5.large Horizontal
[02:57:24.222]   Total Time:    210.76s (3.51 min)
[02:57:24.222]   Split Time:    1.63s
[02:57:24.222]   Parallel Time: 209.13s (3.49 min)
[02:57:24.222] ============================================================
