[03:25:12.944] === Phase 3.2 Horizontal Scaling: 10x m5.large ===
[03:25:12.944] Codec: libx264, Threads: 5, Preset: slow
[03:25:12.944] Max concurrent workers: 5
[03:25:12.944] [Setup] Starting video split...
[03:25:12.995] [Setup] Video duration: 600.0s, splitting into 10 parts of 60.0s each
[03:25:13.080] [Setup]   Part 00 created
[03:25:13.175] [Setup]   Part 01 created
[03:25:13.280] [Setup]   Part 02 created
[03:25:13.404] [Setup]   Part 03 created
[03:25:13.546] [Setup]   Part 04 created
[03:25:13.704] [Setup]   Part 05 created
[03:25:13.882] [Setup]   Part 06 created
[03:25:14.079] [Setup]   Part 07 created
[03:25:14.293] [Setup]   Part 08 created
[03:25:14.534] [Setup]   Part 09 created
[03:25:14.535] [Setup] Video split complete.
[03:25:14.535] [Summary] SPLIT TIME: 1.59s
[03:25:15.100] [Part 04] Launching m5.large...
[03:25:15.109] [Part 00] Launching m5.large...
[03:25:15.130] [Part 01] Launching m5.large...
[03:25:15.132] [Part 02] Launching m5.large...
[03:25:15.139] [Part 03] Launching m5.large...
[03:25:32.615] [Part 04] Instance ready. IP: 54.196.121.210
[03:25:33.021] [Part 02] Instance ready. IP: 54.82.55.192
[03:25:33.028] [Part 00] Instance ready. IP: 34.228.224.176
[03:25:33.032] [Part 01] Instance ready. IP: 18.232.76.11
[03:25:33.053] [Part 03] Instance ready. IP: 18.209.94.177
[03:26:03.483] [Part 04] Installing ffmpeg...
[03:26:03.891] [Part 00] Installing ffmpeg...
[03:26:03.891] [Part 02] Installing ffmpeg...
[03:26:03.970] [Part 03] Installing ffmpeg...
[03:26:04.003] [Part 01] Installing ffmpeg...
[03:26:42.635] [Part 03] ffmpeg installed.
[03:26:43.031] [Part 03] CPU: Intel(R) Xeon(R) Platinum 8259CL CPU @ 2.50GHz
[03:26:43.517] [Part 03] Uploading segment...
[03:26:44.392] [Part 04] ffmpeg installed.
[03:26:44.770] [Part 04] CPU: Intel(R) Xeon(R) Platinum 8259CL CPU @ 2.50GHz
[03:26:44.995] [Part 03] Running compression...
[03:26:45.240] [Part 04] Uploading segment...
[03:26:46.654] [Part 04] Running compression...
[03:26:47.009] [Part 01] ffmpeg installed.
[03:26:47.317] [Part 04] ERROR: FFmpeg failed: )
Press [q] to stop, [?] for help
Too many packets buffered for output stream 0:1.
[aac @ 0x55afa5250280] Qavg: 218.592
[aac @ 0x55afa5250280] 2 frames left in the queue on closing
Conversion failed!

[03:26:47.407] [Part 01] CPU: Intel(R) Xeon(R) Platinum 8259CL CPU @ 2.50GHz
[03:26:47.897] [Part 01] Uploading segment...
[03:26:48.365] [Part 04] Instance terminated.
[03:26:48.375] [Part 05] Launching m5.large...
[03:26:49.362] [Part 01] Running compression...
[03:26:50.042] [Part 01] ERROR: FFmpeg failed: )
Press [q] to stop, [?] for help
Too many packets buffered for output stream 0:1.
[aac @ 0x556394b68820] Qavg: 205.539
[aac @ 0x556394b68820] 2 frames left in the queue on closing
Conversion failed!

[03:26:51.018] [Part 01] Instance terminated.
[03:26:51.029] [Part 06] Launching m5.large...
[03:26:59.674] [Part 03] Done!
[03:27:00.630] [Part 03] Instance terminated.
[03:27:00.647] [Part 07] Launching m5.large...
[03:27:05.160] [Part 02] ffmpeg installed.
[03:27:05.545] [Part 02] CPU: Intel(R) Xeon(R) Platinum 8259CL CPU @ 2.50GHz
[03:27:06.011] [Part 02] Uploading segment...
[03:27:06.221] [Part 05] Instance ready. IP: 34.229.48.80
[03:27:07.512] [Part 02] Running compression...
[03:27:08.493] [Part 06] Instance ready. IP: 34.203.220.195
[03:27:18.544] [Part 07] Instance ready. IP: 35.153.105.6
[03:27:22.308] [Part 02] Done!
[03:27:23.280] [Part 02] Instance terminated.
[03:27:23.306] [Part 08] Launching m5.large...
[03:27:37.126] [Part 05] Installing ffmpeg...
[03:27:38.576] [Part 00] ffmpeg installed.
[03:27:38.962] [Part 00] CPU: Intel(R) Xeon(R) Platinum 8259CL CPU @ 2.50GHz
[03:27:39.355] [Part 06] Installing ffmpeg...
[03:27:39.428] [Part 00] Uploading segment...
[03:27:40.861] [Part 00] Running compression...
[03:27:40.999] [Part 08] Instance ready. IP: 100.54.215.243
[03:27:49.412] [Part 07] Installing ffmpeg...
[03:27:55.271] [Part 00] Done!
[03:27:56.181] [Part 00] Instance terminated.
[03:27:56.211] [Part 09] Launching m5.large...
[03:28:11.895] [Part 08] Installing ffmpeg...
[03:28:13.969] [Part 09] Instance ready. IP: 18.206.201.206
[03:28:17.823] [Part 05] ffmpeg installed.
[03:28:18.220] [Part 05] CPU: Intel(R) Xeon(R) Platinum 8259CL CPU @ 2.50GHz
[03:28:18.705] [Part 05] Uploading segment...
[03:28:20.197] [Part 05] Running compression...
[03:28:34.145] [Part 05] Done!
[03:28:35.065] [Part 05] Instance terminated.
[03:28:44.865] [Part 09] Installing ffmpeg...
[03:28:45.302] [Part 07] ffmpeg installed.
[03:28:45.682] [Part 07] CPU: Intel(R) Xeon(R) Platinum 8259CL CPU @ 2.50GHz
[03:28:46.147] [Part 07] Uploading segment...
[03:28:47.586] [Part 07] Running compression...
[03:29:02.950] [Part 07] Done!
[03:29:03.940] [Part 07] Instance terminated.
[03:29:22.363] [Part 09] ffmpeg installed.
[03:29:22.761] [Part 09] CPU: Intel(R) Xeon(R) Platinum 8259CL CPU @ 2.50GHz
[03:29:23.251] [Part 09] Uploading segment...
[03:29:24.760] [Part 09] Running compression...
[03:29:37.756] [Part 09] Done!
[03:29:38.683] [Part 09] Instance terminated.
[03:29:43.465] [Part 06] ffmpeg installed.
[03:29:43.846] [Part 06] CPU: Intel(R) Xeon(R) Platinum 8259CL CPU @ 2.50GHz
[03:29:44.312] [Part 06] Uploading segment...
[03:29:45.724] [Part 06] Running compression...
[03:30:00.379] [Part 06] Done!
[03:30:01.522] [Part 06] Instance terminated.
[03:30:15.080] [Part 08] ffmpeg installed.
[03:30:15.475] [Part 08] CPU: Intel(R) Xeon(R) Platinum 8175M CPU @ 2.50GHz
[03:30:15.475] [Part 08] WARNING: CPU mismatch! Expected Intel(R) Xeon(R) Platinum 8259CL CPU @ 2.50GHz, got Intel(R) Xeon(R) Platinum 8175M CPU @ 2.50GHz
[03:30:15.961] [Part 08] Uploading segment...
[03:30:17.420] [Part 08] Running compression...
[03:30:31.170] [Part 08] Done!
[03:30:32.113] [Part 08] Instance terminated.
[03:30:32.115] ============================================================
[03:30:32.115] RESULTS — 10x m5.large Horizontal
[03:30:32.115]   Total Time:    319.17s (5.32 min)
[03:30:32.115]   Split Time:    1.59s
[03:30:32.115]   Parallel Time: 317.58s (5.29 min)
[03:30:32.115] ============================================================
