[00:12:28.760] === Phase 3.2 Serial Baseline: 1x m5.large ===
[00:12:28.760] Codec: libx264, Threads: 5, Preset: slow
[00:12:28.760] Video: /home/breno/doutorado/ec2sweetspot_noms/ec2sweetspot_noms/artifacts/test_videos/video_repetido_10min.mp4
[00:12:28.760] [m5.large-Serial] Launching EC2 instance...
[00:12:30.593] [m5.large-Serial] Instance i-0e155fc4f1836f999 launched. Waiting...
[00:12:46.301] [m5.large-Serial] Instance ready. IP: 35.173.183.142
[00:13:17.187] [m5.large-Serial] SSH connected.
[00:13:17.187] [m5.large-Serial] Installing ffmpeg...
[00:13:55.489] [m5.large-Serial] ffmpeg installed.
[00:13:55.880] [m5.large-Serial] CPU: Intel(R) Xeon(R) Platinum 8259CL CPU @ 2.50GHz
[00:13:55.880] [m5.large-Serial] Uploading 10-minute video...
[00:14:02.640] [m5.large-Serial] Upload complete.
[00:14:02.640] [m5.large-Serial] SETUP TIME: 93.88s (1.56 min)
[00:14:02.640] [m5.large-Serial] Running: ffmpeg -i /home/ubuntu/input.mp4 -c:v libx264 -preset slow -b:v 2M -threads 5 -y /home/ubuntu/output.mp4
[00:15:58.382] [m5.large-Serial] ENCODING TIME: 115.74s (1.93 min)
[00:15:59.282] [m5.large-Serial] Instance terminated.
[00:15:59.282] [m5.large-Serial] ============================================================
[00:15:59.282] [m5.large-Serial] RESULTS — m5.large Serial
[00:15:59.282] [m5.large-Serial]   Total Time:    209.62s (3.49 min)
[00:15:59.282] [m5.large-Serial]   Setup Time:    93.88s (1.56 min)
[00:15:59.282] [m5.large-Serial]   Encoding Time: 115.74s (1.93 min)
[00:15:59.282] [m5.large-Serial]   Setup %:       44.8%
[00:15:59.282] [m5.large-Serial] ============================================================
