[13:14:48.225] === Phase 3.2 OPTIMIZED Horizontal: 10x m5.large ===
[13:14:48.225] AMI: ami-06c7c20c67513469a (ffmpeg pre-installed)
[13:14:48.225] Codec: libx264, Threads: 5, Max workers: 10
[13:14:48.225] [Setup] Starting video split...
[13:14:48.275] [Setup] Video: 600.0s → 10 parts of 60.0s
[13:14:49.794] [Setup] Video split complete.
[13:14:49.794] [Summary] SPLIT TIME: 1.57s
[13:14:50.800] [Part 08] Launching m5.large...[13:14:50.803] [Part 03] Launching m5.large...

[13:14:50.805] [Part 07] Launching m5.large...[13:14:50.817] [Part 00] Launching m5.large...
[13:14:50.824] [Part 06] Launching m5.large...

[13:14:50.842] [Part 02] Launching m5.large...
[13:14:50.849] [Part 01] Launching m5.large...
[13:14:50.862] [Part 05] Launching m5.large...
[13:14:50.869] [Part 09] Launching m5.large...
[13:14:50.878] [Part 04] Launching m5.large...
[13:15:08.816] [Part 02] Instance ready. IP: 32.192.206.44
[13:15:08.825] [Part 03] Instance ready. IP: 3.82.45.78
[13:15:08.842] [Part 06] Instance ready. IP: 52.91.32.196
[13:15:08.847] [Part 00] Instance ready. IP: 54.87.19.103
[13:15:08.859] [Part 07] Instance ready. IP: 52.90.146.240
[13:15:08.889] [Part 05] Instance ready. IP: 54.224.80.217
[13:15:08.901] [Part 09] Instance ready. IP: 13.221.34.234
[13:15:08.902] [Part 01] Instance ready. IP: 13.223.43.222
[13:15:08.909] [Part 04] Instance ready. IP: 54.166.220.66
[13:15:08.924] [Part 08] Instance ready. IP: 18.206.100.248
[13:15:40.992] [Part 06] CPU: Intel(R) Xeon(R) Platinum 8259CL CPU @ 2.50GHz
[13:15:40.998] [Part 03] CPU: Intel(R) Xeon(R) Platinum 8259CL CPU @ 2.50GHz
[13:15:41.024] [Part 00] CPU: Intel(R) Xeon(R) Platinum 8259CL CPU @ 2.50GHz
[13:15:41.033] [Part 01] CPU: Intel(R) Xeon(R) Platinum 8259CL CPU @ 2.50GHz
[13:15:41.048] [Part 07] CPU: Intel(R) Xeon(R) Platinum 8175M CPU @ 2.50GHz
[13:15:41.048] [Part 07] WARNING: CPU mismatch! Expected Intel(R) Xeon(R) Platinum 8259CL CPU @ 2.50GHz, got Intel(R) Xeon(R) Platinum 8175M CPU @ 2.50GHz
[13:15:41.050] [Part 05] CPU: Intel(R) Xeon(R) Platinum 8259CL CPU @ 2.50GHz
[13:15:41.069] [Part 04] CPU: Intel(R) Xeon(R) Platinum 8259CL CPU @ 2.50GHz
[13:15:41.112] [Part 02] CPU: Intel(R) Xeon(R) Platinum 8259CL CPU @ 2.50GHz
[13:15:41.138] [Part 09] CPU: Intel(R) Xeon(R) Platinum 8175M CPU @ 2.50GHz
[13:15:41.139] [Part 09] WARNING: CPU mismatch! Expected Intel(R) Xeon(R) Platinum 8259CL CPU @ 2.50GHz, got Intel(R) Xeon(R) Platinum 8175M CPU @ 2.50GHz
[13:15:41.160] [Part 08] CPU: Intel(R) Xeon(R) Platinum 8175M CPU @ 2.50GHz
[13:15:41.160] [Part 08] WARNING: CPU mismatch! Expected Intel(R) Xeon(R) Platinum 8259CL CPU @ 2.50GHz, got Intel(R) Xeon(R) Platinum 8175M CPU @ 2.50GHz
[13:15:41.576] [Part 06] Uploading segment...
[13:15:41.579] [Part 03] Uploading segment...
[13:15:41.607] [Part 00] Uploading segment...
[13:15:41.618] [Part 01] Uploading segment...
[13:15:41.633] [Part 05] Uploading segment...
[13:15:41.650] [Part 04] Uploading segment...
[13:15:41.651] [Part 07] Uploading segment...
[13:15:41.693] [Part 02] Uploading segment...
[13:15:41.739] [Part 09] Uploading segment...
[13:15:41.741] [Part 08] Uploading segment...
[13:15:43.429] [Part 00] Running compression...
[13:15:43.439] [Part 01] Running compression...
[13:15:43.445] [Part 04] Running compression...
[13:15:43.485] [Part 03] Running compression...
[13:15:43.523] [Part 08] Running compression...
[13:15:43.532] [Part 07] Running compression...
[13:15:43.590] [Part 09] Running compression...
[13:15:43.621] [Part 06] Running compression...
[13:15:43.686] [Part 02] Running compression...
[13:15:43.806] [Part 05] Running compression...
[13:15:56.335] [Part 01] Done!
[13:15:56.913] [Part 01] Instance terminated.
[13:15:57.435] [Part 05] Done!
[13:15:57.455] [Part 04] Done!
[13:15:58.006] [Part 09] Done!
[13:15:58.070] [Part 05] Instance terminated.
[13:15:58.092] [Part 04] Instance terminated.
[13:15:58.256] [Part 07] Done!
[13:15:58.323] [Part 08] Done!
[13:15:58.641] [Part 09] Instance terminated.
[13:15:58.763] [Part 06] Done!
[13:15:58.839] [Part 00] Done!
[13:15:58.902] [Part 08] Instance terminated.
[13:15:58.905] [Part 07] Instance terminated.
[13:15:58.935] [Part 03] Done!
[13:15:59.376] [Part 06] Instance terminated.
[13:15:59.455] [Part 02] Done!
[13:15:59.495] [Part 00] Instance terminated.
[13:15:59.556] [Part 03] Instance terminated.
[13:16:00.034] [Part 02] Instance terminated.
[13:16:00.042] ============================================================
[13:16:00.043] RESULTS — 10x m5.large Horizontal OPTIMIZED
[13:16:00.043]   Total Time:    71.82s (1.20 min)
[13:16:00.043]   Split Time:    1.57s
[13:16:00.043]   Parallel Time: 70.25s (1.17 min)
[13:16:00.043] ============================================================
