[22:04:51.656] === Phase 3.2 Serial Baseline: 1x m5.large ===
[22:04:51.657] Codec: libx264, Threads: 5, Preset: slow
[22:04:51.657] Video: /home/breno/doutorado/ec2sweetspot_noms/ec2sweetspot_noms/artifacts/test_videos/video_repetido_10min.mp4
[22:04:51.657] [m5.large-Serial] Launching EC2 instance...
[22:04:53.657] [m5.large-Serial] Instance i-0d959f1fd36b409ab launched. Waiting...
[22:05:09.606] [m5.large-Serial] Instance ready. IP: 34.229.225.116
[22:05:40.474] [m5.large-Serial] SSH connected.
[22:05:40.474] [m5.large-Serial] Installing ffmpeg...
[22:06:18.103] [m5.large-Serial] ffmpeg installed.
[22:06:18.485] [m5.large-Serial] CPU: Intel(R) Xeon(R) Platinum 8175M CPU @ 2.50GHz
[22:06:18.485] [m5.large-Serial] WARNING: CPU mismatch! Expected Intel(R) Xeon(R) Platinum 8259CL CPU @ 2.50GHz, got Intel(R) Xeon(R) Platinum 8175M CPU @ 2.50GHz
[22:06:18.485] [m5.large-Serial] Uploading 10-minute video...
[22:06:25.214] [m5.large-Serial] Upload complete.
[22:06:25.214] [m5.large-Serial] SETUP TIME: 93.56s (1.56 min)
[22:06:25.214] [m5.large-Serial] Running: ffmpeg -i /home/ubuntu/input.mp4 -c:v libx264 -preset slow -b:v 2M -threads 5 -y /home/ubuntu/output.mp4
[22:08:20.706] [m5.large-Serial] ENCODING TIME: 115.49s (1.92 min)
[22:08:21.580] [m5.large-Serial] Instance terminated.
[22:08:21.580] [m5.large-Serial] ============================================================
[22:08:21.580] [m5.large-Serial] RESULTS — m5.large Serial
[22:08:21.580] [m5.large-Serial]   Total Time:    209.05s (3.48 min)
[22:08:21.580] [m5.large-Serial]   Setup Time:    93.56s (1.56 min)
[22:08:21.580] [m5.large-Serial]   Encoding Time: 115.49s (1.92 min)
[22:08:21.580] [m5.large-Serial]   Setup %:       44.8%
[22:08:21.580] [m5.large-Serial] ============================================================
