[11:51:43.570] === Phase 3.2 OPTIMIZED Serial: 1x m5.large ===
[11:51:43.570] AMI: ami-06c7c20c67513469a (ffmpeg pre-installed)
[11:51:43.570] Codec: libx264, Threads: 5, Preset: slow
[11:51:43.570] [m5.large-Serial-OPT] Launching EC2 instance...
[11:51:45.416] [m5.large-Serial-OPT] Instance i-0a6b0d6919a50e1f8 launched. Waiting...
[11:52:01.593] [m5.large-Serial-OPT] Instance ready. IP: 100.54.196.24
[11:52:32.667] [m5.large-Serial-OPT] SSH connected.
[11:52:33.639] [m5.large-Serial-OPT] CPU: Intel(R) Xeon(R) Platinum 8259CL CPU @ 2.50GHz
[11:52:33.640] [m5.large-Serial-OPT] Uploading 10-minute video...
[11:52:42.787] [m5.large-Serial-OPT] Upload complete.
[11:52:42.787] [m5.large-Serial-OPT] SETUP TIME: 59.22s (0.99 min)
[11:52:42.788] [m5.large-Serial-OPT] Running: ffmpeg -i /home/ubuntu/input.mp4 -c:v libx264 -preset slow -b:v 2M -threads 5 -y /home/ubuntu/output.mp4
[11:54:25.756] [m5.large-Serial-OPT] ENCODING TIME: 102.97s (1.72 min)
[11:54:26.753] [m5.large-Serial-OPT] Instance terminated.
[11:54:26.753] [m5.large-Serial-OPT] ============================================================
[11:54:26.753] [m5.large-Serial-OPT] RESULTS — m5.large Serial OPTIMIZED
[11:54:26.753] [m5.large-Serial-OPT]   Total Time:    162.19s (2.70 min)
[11:54:26.753] [m5.large-Serial-OPT]   Setup Time:    59.22s (0.99 min)
[11:54:26.753] [m5.large-Serial-OPT]   Encoding Time: 102.97s (1.72 min)
[11:54:26.753] [m5.large-Serial-OPT]   Setup %:       36.5%
[11:54:26.753] [m5.large-Serial-OPT] ============================================================
