[13:51:49.342] === Phase 3.2 OPTIMIZED Horizontal: 10x m5.large ===
[13:51:49.342] AMI: ami-06c7c20c67513469a (ffmpeg pre-installed)
[13:51:49.342] Codec: libx264, Threads: 5, Max workers: 10
[13:51:49.342] [Setup] Starting video split...
[13:51:49.391] [Setup] Video: 600.0s → 10 parts of 60.0s
[13:51:50.930] [Setup] Video split complete.
[13:51:50.930] [Summary] SPLIT TIME: 1.59s
[13:51:51.924] [Part 03] Launching m5.large...
[13:51:51.926] [Part 07] Launching m5.large...
[13:51:51.950] [Part 06] Launching m5.large...
[13:51:51.968] [Part 08] Launching m5.large...
[13:51:51.978] [Part 09] Launching m5.large...
[13:51:51.992] [Part 05] Launching m5.large...
[13:51:51.999] [Part 04] Launching m5.large...
[13:51:52.010] [Part 02] Launching m5.large...
[13:51:52.016] [Part 01] Launching m5.large...
[13:51:52.025] [Part 00] Launching m5.large...
[13:52:10.002] [Part 08] Instance ready. IP: 98.81.9.83
[13:52:10.022] [Part 01] Instance ready. IP: 54.224.194.192
[13:52:10.026] [Part 00] Instance ready. IP: 100.54.224.124
[13:52:10.042] [Part 09] Instance ready. IP: 52.201.249.244
[13:52:10.053] [Part 07] Instance ready. IP: 54.237.31.75
[13:52:10.058] [Part 03] Instance ready. IP: 13.221.174.153
[13:52:10.065] [Part 04] Instance ready. IP: 100.55.27.137
[13:52:10.082] [Part 06] Instance ready. IP: 3.81.138.28
[13:52:10.087] [Part 05] Instance ready. IP: 54.208.15.43
[13:52:10.092] [Part 02] Instance ready. IP: 54.86.23.15
[13:52:42.183] [Part 08] CPU: Intel(R) Xeon(R) Platinum 8259CL CPU @ 2.50GHz
[13:52:42.201] [Part 06] CPU: Intel(R) Xeon(R) Platinum 8259CL CPU @ 2.50GHz
[13:52:42.210] [Part 01] CPU: Intel(R) Xeon(R) Platinum 8259CL CPU @ 2.50GHz
[13:52:42.216] [Part 03] CPU: Intel(R) Xeon(R) Platinum 8259CL CPU @ 2.50GHz
[13:52:42.219] [Part 00] CPU: Intel(R) Xeon(R) Platinum 8175M CPU @ 2.50GHz
[13:52:42.219] [Part 00] WARNING: CPU mismatch! Expected Intel(R) Xeon(R) Platinum 8259CL CPU @ 2.50GHz, got Intel(R) Xeon(R) Platinum 8175M CPU @ 2.50GHz
[13:52:42.239] [Part 09] CPU: Intel(R) Xeon(R) Platinum 8259CL CPU @ 2.50GHz
[13:52:42.253] [Part 05] CPU: Intel(R) Xeon(R) Platinum 8259CL CPU @ 2.50GHz
[13:52:42.318] [Part 07] CPU: Intel(R) Xeon(R) Platinum 8259CL CPU @ 2.50GHz
[13:52:42.534] [Part 04] CPU: Intel(R) Xeon(R) Platinum 8259CL CPU @ 2.50GHz
[13:52:42.783] [Part 08] Uploading segment...
[13:52:42.787] [Part 06] Uploading segment...
[13:52:42.792] [Part 01] Uploading segment...
[13:52:42.799] [Part 03] Uploading segment...
[13:52:42.800] [Part 00] Uploading segment...
[13:52:42.807] [Part 02] CPU: Intel(R) Xeon(R) Platinum 8259CL CPU @ 2.50GHz
[13:52:42.834] [Part 09] Uploading segment...
[13:52:42.835] [Part 05] Uploading segment...
[13:52:42.901] [Part 07] Uploading segment...
[13:52:43.136] [Part 04] Uploading segment...
[13:52:43.392] [Part 02] Uploading segment...
[13:52:44.600] [Part 03] Running compression...
[13:52:44.641] [Part 08] Running compression...
[13:52:44.643] [Part 09] Running compression...
[13:52:44.710] [Part 00] Running compression...
[13:52:44.834] [Part 06] Running compression...
[13:52:44.836] [Part 07] Running compression...
[13:52:45.146] [Part 01] Running compression...
[13:52:45.386] [Part 04] Running compression...
[13:52:45.441] [Part 02] Running compression...
[13:52:45.985] [Part 05] Running compression...
[13:52:58.614] [Part 08] Done!
[13:52:58.789] [Part 01] Done!
[13:52:58.898] [Part 09] Done!
[13:52:59.254] [Part 08] Instance terminated.
[13:52:59.391] [Part 00] Done!
[13:52:59.407] [Part 01] Instance terminated.
[13:52:59.495] [Part 09] Instance terminated.
[13:52:59.619] [Part 03] Done!
[13:52:59.746] [Part 05] Done!
[13:52:59.980] [Part 00] Instance terminated.
[13:53:00.196] [Part 07] Done!
[13:53:00.214] [Part 03] Instance terminated.
[13:53:00.242] [Part 04] Done!
[13:53:00.388] [Part 05] Instance terminated.
[13:53:00.816] [Part 07] Instance terminated.
[13:53:00.832] [Part 04] Instance terminated.
[13:53:00.840] [Part 06] Done!
[13:53:00.940] [Part 02] Done!
[13:53:01.506] [Part 06] Instance terminated.
[13:53:01.609] [Part 02] Instance terminated.
[13:53:01.620] ============================================================
[13:53:01.620] RESULTS — 10x m5.large Horizontal OPTIMIZED
[13:53:01.620]   Total Time:    72.28s (1.20 min)
[13:53:01.620]   Split Time:    1.59s
[13:53:01.620]   Parallel Time: 70.69s (1.18 min)
[13:53:01.621] ============================================================
