[22:28:23.079] === Phase 3.2 Horizontal Scaling: 10x m5.large ===
[22:28:23.079] Codec: libx264, Threads: 5, Preset: slow
[22:28:23.079] Max concurrent workers: 5
[22:28:23.079] [Setup] Starting video split...
[22:28:23.138] [Setup] Video duration: 600.0s, splitting into 10 parts of 60.0s each
[22:28:23.220] [Setup]   Part 00 created
[22:28:23.320] [Setup]   Part 01 created
[22:28:23.441] [Setup]   Part 02 created
[22:28:23.595] [Setup]   Part 03 created
[22:28:23.758] [Setup]   Part 04 created
[22:28:23.954] [Setup]   Part 05 created
[22:28:24.165] [Setup]   Part 06 created
[22:28:24.387] [Setup]   Part 07 created
[22:28:24.632] [Setup]   Part 08 created
[22:28:24.944] [Setup]   Part 09 created
[22:28:24.944] [Setup] Video split complete.
[22:28:24.944] [Summary] SPLIT TIME: 1.86s
[22:28:25.626] [Part 03] Launching m5.large...
[22:28:25.641] [Part 04] Launching m5.large...
[22:28:25.654] [Part 00] Launching m5.large...
[22:28:25.675] [Part 01] Launching m5.large...
[22:28:25.683] [Part 02] Launching m5.large...
[22:28:43.432] [Part 00] Instance ready. IP: 54.225.38.224
[22:28:43.436] [Part 01] Instance ready. IP: 34.230.69.250
[22:28:43.475] [Part 03] Instance ready. IP: 54.210.254.91
[22:28:43.504] [Part 02] Instance ready. IP: 54.175.232.130
[22:28:43.828] [Part 04] Instance ready. IP: 3.84.246.130
[22:29:14.295] [Part 00] Installing ffmpeg...
[22:29:14.347] [Part 03] Installing ffmpeg...
[22:29:14.398] [Part 01] Installing ffmpeg...
[22:29:14.430] [Part 02] Installing ffmpeg...
[22:29:14.777] [Part 04] Installing ffmpeg...
[22:29:49.675] [Part 02] ffmpeg installed.
[22:29:50.056] [Part 02] CPU: Intel(R) Xeon(R) Platinum 8259CL CPU @ 2.50GHz
[22:29:50.524] [Part 02] Uploading segment...
[22:29:51.133] [Part 00] ffmpeg installed.
[22:29:51.516] [Part 00] CPU: Intel(R) Xeon(R) Platinum 8259CL CPU @ 2.50GHz
[22:29:51.665] [Part 01] ffmpeg installed.
[22:29:51.794] [Part 04] ffmpeg installed.
[22:29:51.926] [Part 02] Running compression...
[22:29:51.987] [Part 00] Uploading segment...
[22:29:52.051] [Part 01] CPU: Intel(R) Xeon(R) Platinum 8259CL CPU @ 2.50GHz
[22:29:52.227] [Part 04] CPU: Intel(R) Xeon(R) Platinum 8259CL CPU @ 2.50GHz
[22:29:52.517] [Part 01] Uploading segment...
[22:29:52.767] [Part 04] Uploading segment...
[22:29:53.374] [Part 00] Running compression...
[22:29:53.819] [Part 03] ffmpeg installed.
[22:29:53.910] [Part 01] Running compression...
[22:29:54.201] [Part 03] CPU: Intel(R) Xeon(R) Platinum 8259CL CPU @ 2.50GHz
[22:29:54.390] [Part 04] Running compression...
[22:29:54.578] [Part 01] ERROR: FFmpeg failed: )
Press [q] to stop, [?] for help
Too many packets buffered for output stream 0:1.
[aac @ 0x556d06d6f820] Qavg: 205.539
[aac @ 0x556d06d6f820] 2 frames left in the queue on closing
Conversion failed!

[22:29:54.668] [Part 03] Uploading segment...
[22:29:55.086] [Part 04] ERROR: FFmpeg failed: )
Press [q] to stop, [?] for help
Too many packets buffered for output stream 0:1.
[aac @ 0x557da7dc2280] Qavg: 218.592
[aac @ 0x557da7dc2280] 2 frames left in the queue on closing
Conversion failed!

[22:29:55.499] [Part 01] Instance terminated.
[22:29:55.509] [Part 05] Launching m5.large...
[22:29:55.968] [Part 03] Running compression...
[22:29:56.002] [Part 04] Instance terminated.
[22:29:56.009] [Part 06] Launching m5.large...
[22:30:06.386] [Part 02] Done!
[22:30:07.290] [Part 02] Instance terminated.
[22:30:07.298] [Part 07] Launching m5.large...
[22:30:07.718] [Part 00] Done!
[22:30:08.674] [Part 00] Instance terminated.
[22:30:08.680] [Part 08] Launching m5.large...
[22:30:10.687] [Part 03] Done!
[22:30:11.681] [Part 03] Instance terminated.
[22:30:11.690] [Part 09] Launching m5.large...
[22:30:13.141] [Part 05] Instance ready. IP: 100.24.41.99
[22:30:13.841] [Part 06] Instance ready. IP: 3.81.40.140
[22:30:25.263] [Part 07] Instance ready. IP: 100.29.7.241
[22:30:26.541] [Part 08] Instance ready. IP: 54.175.35.105
[22:30:29.885] [Part 09] Instance ready. IP: 54.224.86.208
[22:30:44.029] [Part 05] Installing ffmpeg...
[22:30:44.862] [Part 06] Installing ffmpeg...
[22:30:56.123] [Part 07] Installing ffmpeg...
[22:30:57.436] [Part 08] Installing ffmpeg...
[22:31:00.748] [Part 09] Installing ffmpeg...
[22:31:20.307] [Part 05] ffmpeg installed.
[22:31:20.706] [Part 05] CPU: Intel(R) Xeon(R) Platinum 8175M CPU @ 2.50GHz
[22:31:20.706] [Part 05] WARNING: CPU mismatch! Expected Intel(R) Xeon(R) Platinum 8259CL CPU @ 2.50GHz, got Intel(R) Xeon(R) Platinum 8175M CPU @ 2.50GHz
[22:31:21.190] [Part 05] Uploading segment...
[22:31:22.540] [Part 05] Running compression...
[22:31:22.815] [Part 06] ffmpeg installed.
[22:31:23.270] [Part 06] CPU: Intel(R) Xeon(R) Platinum 8175M CPU @ 2.50GHz
[22:31:23.270] [Part 06] WARNING: CPU mismatch! Expected Intel(R) Xeon(R) Platinum 8259CL CPU @ 2.50GHz, got Intel(R) Xeon(R) Platinum 8175M CPU @ 2.50GHz
[22:31:23.829] [Part 06] Uploading segment...
[22:31:25.576] [Part 06] Running compression...
[22:31:32.778] [Part 07] ffmpeg installed.
[22:31:33.157] [Part 07] CPU: Intel(R) Xeon(R) Platinum 8175M CPU @ 2.50GHz
[22:31:33.157] [Part 07] WARNING: CPU mismatch! Expected Intel(R) Xeon(R) Platinum 8259CL CPU @ 2.50GHz, got Intel(R) Xeon(R) Platinum 8175M CPU @ 2.50GHz
[22:31:33.626] [Part 07] Uploading segment...
[22:31:34.962] [Part 07] Running compression...
[22:31:36.557] [Part 05] Done!
[22:31:37.441] [Part 05] Instance terminated.
[22:31:38.193] [Part 09] ffmpeg installed.
[22:31:38.572] [Part 09] CPU: Intel(R) Xeon(R) Platinum 8175M CPU @ 2.50GHz
[22:31:38.572] [Part 09] WARNING: CPU mismatch! Expected Intel(R) Xeon(R) Platinum 8259CL CPU @ 2.50GHz, got Intel(R) Xeon(R) Platinum 8175M CPU @ 2.50GHz
[22:31:38.989] [Part 08] ffmpeg installed.
[22:31:39.037] [Part 09] Uploading segment...
[22:31:39.384] [Part 08] CPU: Intel(R) Xeon(R) Platinum 8175M CPU @ 2.50GHz
[22:31:39.384] [Part 08] WARNING: CPU mismatch! Expected Intel(R) Xeon(R) Platinum 8259CL CPU @ 2.50GHz, got Intel(R) Xeon(R) Platinum 8175M CPU @ 2.50GHz
[22:31:39.868] [Part 08] Uploading segment...
[22:31:40.435] [Part 09] Running compression...
[22:31:41.013] [Part 06] Done!
[22:31:41.316] [Part 08] Running compression...
[22:31:41.901] [Part 06] Instance terminated.
[22:31:50.402] [Part 07] Done!
[22:31:51.248] [Part 07] Instance terminated.
[22:31:54.594] [Part 09] Done!
[22:31:55.004] [Part 08] Done!
[22:31:55.474] [Part 09] Instance terminated.
[22:31:55.918] [Part 08] Instance terminated.
[22:31:55.919] ============================================================
[22:31:55.919] RESULTS — 10x m5.large Horizontal
[22:31:55.919]   Total Time:    212.84s (3.55 min)
[22:31:55.919]   Split Time:    1.86s
[22:31:55.919]   Parallel Time: 210.97s (3.52 min)
[22:31:55.919] ============================================================
