[10:45:12.786] === Phase 3.2 OPTIMIZED Serial: 1x m5.large ===
[10:45:12.787] AMI: ami-06c7c20c67513469a (ffmpeg pre-installed)
[10:45:12.787] Codec: libx264, Threads: 5, Preset: slow
[10:45:12.787] [m5.large-Serial-OPT] Launching EC2 instance...
[10:45:14.659] [m5.large-Serial-OPT] Instance i-0bee8dff250df83e1 launched. Waiting...
[10:45:30.648] [m5.large-Serial-OPT] Instance ready. IP: 54.197.215.16
[10:46:01.729] [m5.large-Serial-OPT] SSH connected.
[10:46:02.768] [m5.large-Serial-OPT] CPU: Intel(R) Xeon(R) Platinum 8259CL CPU @ 2.50GHz
[10:46:02.769] [m5.large-Serial-OPT] Uploading 10-minute video...
[10:46:11.119] [m5.large-Serial-OPT] Upload complete.
[10:46:11.120] [m5.large-Serial-OPT] SETUP TIME: 58.33s (0.97 min)
[10:46:11.120] [m5.large-Serial-OPT] Running: ffmpeg -i /home/ubuntu/input.mp4 -c:v libx264 -preset slow -b:v 2M -threads 5 -y /home/ubuntu/output.mp4
[10:47:54.272] [m5.large-Serial-OPT] ENCODING TIME: 103.15s (1.72 min)
[10:47:55.377] [m5.large-Serial-OPT] Instance terminated.
[10:47:55.377] [m5.large-Serial-OPT] ============================================================
[10:47:55.377] [m5.large-Serial-OPT] RESULTS — m5.large Serial OPTIMIZED
[10:47:55.377] [m5.large-Serial-OPT]   Total Time:    161.49s (2.69 min)
[10:47:55.378] [m5.large-Serial-OPT]   Setup Time:    58.33s (0.97 min)
[10:47:55.378] [m5.large-Serial-OPT]   Encoding Time: 103.15s (1.72 min)
[10:47:55.378] [m5.large-Serial-OPT]   Setup %:       36.1%
[10:47:55.378] [m5.large-Serial-OPT] ============================================================
