[00:46:50.975] === Phase 3.2 Serial Baseline: 1x m5.large ===
[00:46:50.975] Codec: libx264, Threads: 5, Preset: slow
[00:46:50.975] Video: /home/breno/doutorado/ec2sweetspot_noms/ec2sweetspot_noms/artifacts/test_videos/video_repetido_10min.mp4
[00:46:50.975] [m5.large-Serial] Launching EC2 instance...
[00:46:52.944] [m5.large-Serial] Instance i-0a10f133f08f4ce86 launched. Waiting...
[00:47:08.669] [m5.large-Serial] Instance ready. IP: 13.223.255.2
[00:47:39.560] [m5.large-Serial] SSH connected.
[00:47:39.560] [m5.large-Serial] Installing ffmpeg...
[00:48:17.346] [m5.large-Serial] ffmpeg installed.
[00:48:17.739] [m5.large-Serial] CPU: Intel(R) Xeon(R) Platinum 8175M CPU @ 2.50GHz
[00:48:17.739] [m5.large-Serial] WARNING: CPU mismatch! Expected Intel(R) Xeon(R) Platinum 8259CL CPU @ 2.50GHz, got Intel(R) Xeon(R) Platinum 8175M CPU @ 2.50GHz
[00:48:17.739] [m5.large-Serial] Uploading 10-minute video...
[00:48:24.654] [m5.large-Serial] Upload complete.
[00:48:24.654] [m5.large-Serial] SETUP TIME: 93.68s (1.56 min)
[00:48:24.654] [m5.large-Serial] Running: ffmpeg -i /home/ubuntu/input.mp4 -c:v libx264 -preset slow -b:v 2M -threads 5 -y /home/ubuntu/output.mp4
[00:50:21.474] [m5.large-Serial] ENCODING TIME: 116.82s (1.95 min)
[00:50:22.481] [m5.large-Serial] Instance terminated.
[00:50:22.481] [m5.large-Serial] ============================================================
[00:50:22.482] [m5.large-Serial] RESULTS — m5.large Serial
[00:50:22.482] [m5.large-Serial]   Total Time:    210.50s (3.51 min)
[00:50:22.482] [m5.large-Serial]   Setup Time:    93.68s (1.56 min)
[00:50:22.482] [m5.large-Serial]   Encoding Time: 116.82s (1.95 min)
[00:50:22.482] [m5.large-Serial]   Setup %:       44.5%
[00:50:22.482] [m5.large-Serial] ============================================================
