[00:47:45.435] === Phase 3.2 Horizontal Scaling: 10x m5.large ===
[00:47:45.435] Codec: libx264, Threads: 5, Preset: slow
[00:47:45.435] Max concurrent workers: 5
[00:47:45.436] [Setup] Starting video split...
[00:47:45.486] [Setup] Video duration: 600.0s, splitting into 10 parts of 60.0s each
[00:47:45.557] [Setup]   Part 00 created
[00:47:45.645] [Setup]   Part 01 created
[00:47:45.752] [Setup]   Part 02 created
[00:47:45.876] [Setup]   Part 03 created
[00:47:46.018] [Setup]   Part 04 created
[00:47:46.189] [Setup]   Part 05 created
[00:47:46.370] [Setup]   Part 06 created
[00:47:46.563] [Setup]   Part 07 created
[00:47:46.779] [Setup]   Part 08 created
[00:47:47.025] [Setup]   Part 09 created
[00:47:47.025] [Setup] Video split complete.
[00:47:47.025] [Summary] SPLIT TIME: 1.59s
[00:47:47.574] [Part 04] Launching m5.large...
[00:47:47.601] [Part 00] Launching m5.large...
[00:47:47.604] [Part 01] Launching m5.large...
[00:47:47.611] [Part 03] Launching m5.large...
[00:47:47.619] [Part 02] Launching m5.large...
[00:48:05.014] [Part 04] Instance ready. IP: 18.212.147.192
[00:48:05.045] [Part 03] Instance ready. IP: 34.203.238.181
[00:48:05.057] [Part 01] Instance ready. IP: 54.161.13.20
[00:48:05.399] [Part 00] Instance ready. IP: 54.145.81.114
[00:48:20.355] [Part 02] Instance ready. IP: 34.229.41.95
[00:48:35.923] [Part 04] Installing ffmpeg...
[00:48:35.923] [Part 03] Installing ffmpeg...
[00:48:35.935] [Part 01] Installing ffmpeg...
[00:48:36.270] [Part 00] Installing ffmpeg...
[00:48:51.258] [Part 02] Installing ffmpeg...
[00:49:12.875] [Part 01] ffmpeg installed.
[00:49:12.941] [Part 03] ffmpeg installed.
[00:49:13.250] [Part 01] CPU: Intel(R) Xeon(R) Platinum 8175M CPU @ 2.50GHz
[00:49:13.250] [Part 01] WARNING: CPU mismatch! Expected Intel(R) Xeon(R) Platinum 8259CL CPU @ 2.50GHz, got Intel(R) Xeon(R) Platinum 8175M CPU @ 2.50GHz
[00:49:13.321] [Part 03] CPU: Intel(R) Xeon(R) Platinum 8175M CPU @ 2.50GHz
[00:49:13.321] [Part 03] WARNING: CPU mismatch! Expected Intel(R) Xeon(R) Platinum 8259CL CPU @ 2.50GHz, got Intel(R) Xeon(R) Platinum 8175M CPU @ 2.50GHz
[00:49:13.712] [Part 01] Uploading segment...
[00:49:13.738] [Part 04] ffmpeg installed.
[00:49:13.790] [Part 03] Uploading segment...
[00:49:14.119] [Part 04] CPU: Intel(R) Xeon(R) Platinum 8175M CPU @ 2.50GHz
[00:49:14.119] [Part 04] WARNING: CPU mismatch! Expected Intel(R) Xeon(R) Platinum 8259CL CPU @ 2.50GHz, got Intel(R) Xeon(R) Platinum 8175M CPU @ 2.50GHz
[00:49:14.585] [Part 04] Uploading segment...
[00:49:14.966] [Part 00] ffmpeg installed.
[00:49:15.193] [Part 03] Running compression...
[00:49:15.226] [Part 01] Running compression...
[00:49:15.366] [Part 00] CPU: Intel(R) Xeon(R) Platinum 8259CL CPU @ 2.50GHz
[00:49:15.851] [Part 00] Uploading segment...
[00:49:15.890] [Part 01] ERROR: FFmpeg failed: )
Press [q] to stop, [?] for help
Too many packets buffered for output stream 0:1.
[aac @ 0x5634fe9d3820] Qavg: 205.539
[aac @ 0x5634fe9d3820] 2 frames left in the queue on closing
Conversion failed!

[00:49:15.984] [Part 04] Running compression...
[00:49:16.642] [Part 04] ERROR: FFmpeg failed: )
Press [q] to stop, [?] for help
Too many packets buffered for output stream 0:1.
[aac @ 0x556a00cdc280] Qavg: 218.592
[aac @ 0x556a00cdc280] 2 frames left in the queue on closing
Conversion failed!

[00:49:16.830] [Part 01] Instance terminated.
[00:49:16.835] [Part 05] Launching m5.large...
[00:49:17.243] [Part 00] Running compression...
[00:49:17.820] [Part 04] Instance terminated.
[00:49:17.830] [Part 06] Launching m5.large...
[00:49:28.851] [Part 02] ffmpeg installed.
[00:49:29.255] [Part 02] CPU: Intel(R) Xeon(R) Platinum 8175M CPU @ 2.50GHz
[00:49:29.255] [Part 02] WARNING: CPU mismatch! Expected Intel(R) Xeon(R) Platinum 8259CL CPU @ 2.50GHz, got Intel(R) Xeon(R) Platinum 8175M CPU @ 2.50GHz
[00:49:29.679] [Part 03] Done!
[00:49:29.739] [Part 02] Uploading segment...
[00:49:30.574] [Part 03] Instance terminated.
[00:49:30.592] [Part 07] Launching m5.large...
[00:49:31.314] [Part 02] Running compression...
[00:49:31.814] [Part 00] Done!
[00:49:32.649] [Part 00] Instance terminated.
[00:49:32.676] [Part 08] Launching m5.large...
[00:49:34.686] [Part 05] Instance ready. IP: 34.229.229.26
[00:49:35.534] [Part 06] Instance ready. IP: 3.89.157.195
[00:49:46.295] [Part 02] Done!
[00:49:47.303] [Part 02] Instance terminated.
[00:49:47.309] [Part 09] Launching m5.large...
[00:49:48.016] [Part 07] Instance ready. IP: 54.83.191.55
[00:49:50.239] [Part 08] Instance ready. IP: 54.166.191.191
[00:50:05.047] [Part 09] Instance ready. IP: 52.90.74.129
[00:50:05.598] [Part 05] Installing ffmpeg...
[00:50:06.414] [Part 06] Installing ffmpeg...
[00:50:18.886] [Part 07] Installing ffmpeg...
[00:50:21.105] [Part 08] Installing ffmpeg...
[00:50:35.917] [Part 09] Installing ffmpeg...
[00:50:43.900] [Part 05] ffmpeg installed.
[00:50:44.300] [Part 05] CPU: Intel(R) Xeon(R) Platinum 8175M CPU @ 2.50GHz
[00:50:44.300] [Part 05] WARNING: CPU mismatch! Expected Intel(R) Xeon(R) Platinum 8259CL CPU @ 2.50GHz, got Intel(R) Xeon(R) Platinum 8175M CPU @ 2.50GHz
[00:50:44.425] [Part 06] ffmpeg installed.
[00:50:44.785] [Part 05] Uploading segment...
[00:50:44.815] [Part 06] CPU: Intel(R) Xeon(R) Platinum 8259CL CPU @ 2.50GHz
[00:50:45.293] [Part 06] Uploading segment...
[00:50:46.373] [Part 05] Running compression...
[00:50:46.831] [Part 06] Running compression...
[00:50:57.599] [Part 07] ffmpeg installed.
[00:50:57.710] [Part 08] ffmpeg installed.
[00:50:57.982] [Part 07] CPU: Intel(R) Xeon(R) Platinum 8175M CPU @ 2.50GHz
[00:50:57.982] [Part 07] WARNING: CPU mismatch! Expected Intel(R) Xeon(R) Platinum 8259CL CPU @ 2.50GHz, got Intel(R) Xeon(R) Platinum 8175M CPU @ 2.50GHz
[00:50:58.089] [Part 08] CPU: Intel(R) Xeon(R) Platinum 8175M CPU @ 2.50GHz
[00:50:58.089] [Part 08] WARNING: CPU mismatch! Expected Intel(R) Xeon(R) Platinum 8259CL CPU @ 2.50GHz, got Intel(R) Xeon(R) Platinum 8175M CPU @ 2.50GHz
[00:50:58.450] [Part 07] Uploading segment...
[00:50:58.556] [Part 08] Uploading segment...
[00:50:59.958] [Part 08] Running compression...
[00:50:59.977] [Part 07] Running compression...
[00:51:00.552] [Part 05] Done!
[00:51:01.552] [Part 05] Instance terminated.
[00:51:01.769] [Part 06] Done!
[00:51:02.719] [Part 06] Instance terminated.
[00:51:12.565] [Part 09] ffmpeg installed.
[00:51:12.947] [Part 09] CPU: Intel(R) Xeon(R) Platinum 8259CL CPU @ 2.50GHz
[00:51:13.416] [Part 09] Uploading segment...
[00:51:13.633] [Part 08] Done!
[00:51:14.530] [Part 08] Instance terminated.
[00:51:14.839] [Part 09] Running compression...
[00:51:15.402] [Part 07] Done!
[00:51:16.275] [Part 07] Instance terminated.
[00:51:28.859] [Part 09] Done!
[00:51:30.055] [Part 09] Instance terminated.
[00:51:30.063] ============================================================
[00:51:30.063] RESULTS — 10x m5.large Horizontal
[00:51:30.064]   Total Time:    224.63s (3.74 min)
[00:51:30.064]   Split Time:    1.59s
[00:51:30.064]   Parallel Time: 223.04s (3.72 min)
[00:51:30.064] ============================================================
