[02:43:35.126] === Phase 3.2 Horizontal Scaling: 10x m5.large ===
[02:43:35.126] Codec: libx264, Threads: 5, Preset: slow
[02:43:35.126] Max concurrent workers: 5
[02:43:35.126] [Setup] Starting video split...
[02:43:35.177] [Setup] Video duration: 600.0s, splitting into 10 parts of 60.0s each
[02:43:35.262] [Setup]   Part 00 created
[02:43:35.351] [Setup]   Part 01 created
[02:43:35.457] [Setup]   Part 02 created
[02:43:35.582] [Setup]   Part 03 created
[02:43:35.727] [Setup]   Part 04 created
[02:43:35.889] [Setup]   Part 05 created
[02:43:36.069] [Setup]   Part 06 created
[02:43:36.276] [Setup]   Part 07 created
[02:43:36.491] [Setup]   Part 08 created
[02:43:36.721] [Setup]   Part 09 created
[02:43:36.721] [Setup] Video split complete.
[02:43:36.721] [Summary] SPLIT TIME: 1.59s
[02:43:37.236] [Part 00] Launching m5.large...
[02:43:37.249] [Part 01] Launching m5.large...
[02:43:37.259] [Part 03] Launching m5.large...
[02:43:37.269] [Part 02] Launching m5.large...
[02:43:37.277] [Part 04] Launching m5.large...
[02:43:54.649] [Part 04] Instance ready. IP: 35.171.188.71
[02:43:54.811] [Part 01] Instance ready. IP: 98.91.238.163
[02:43:54.882] [Part 03] Instance ready. IP: 34.238.158.72
[02:43:55.087] [Part 00] Instance ready. IP: 98.82.186.196
[02:43:55.090] [Part 02] Instance ready. IP: 54.84.80.236
[02:44:25.631] [Part 04] Installing ffmpeg...
[02:44:25.662] [Part 01] Installing ffmpeg...
[02:44:25.756] [Part 03] Installing ffmpeg...
[02:44:25.940] [Part 00] Installing ffmpeg...
[02:44:26.011] [Part 02] Installing ffmpeg...
[02:45:02.761] [Part 04] ffmpeg installed.
[02:45:02.885] [Part 03] ffmpeg installed.
[02:45:02.945] [Part 00] ffmpeg installed.
[02:45:03.168] [Part 04] CPU: Intel(R) Xeon(R) Platinum 8175M CPU @ 2.50GHz
[02:45:03.173] [Part 04] WARNING: CPU mismatch! Expected Intel(R) Xeon(R) Platinum 8259CL CPU @ 2.50GHz, got Intel(R) Xeon(R) Platinum 8175M CPU @ 2.50GHz
[02:45:03.265] [Part 03] CPU: Intel(R) Xeon(R) Platinum 8175M CPU @ 2.50GHz
[02:45:03.265] [Part 03] WARNING: CPU mismatch! Expected Intel(R) Xeon(R) Platinum 8259CL CPU @ 2.50GHz, got Intel(R) Xeon(R) Platinum 8175M CPU @ 2.50GHz
[02:45:03.324] [Part 00] CPU: Intel(R) Xeon(R) Platinum 8175M CPU @ 2.50GHz
[02:45:03.324] [Part 00] WARNING: CPU mismatch! Expected Intel(R) Xeon(R) Platinum 8259CL CPU @ 2.50GHz, got Intel(R) Xeon(R) Platinum 8175M CPU @ 2.50GHz
[02:45:03.666] [Part 04] Uploading segment...
[02:45:03.732] [Part 03] Uploading segment...
[02:45:03.789] [Part 00] Uploading segment...
[02:45:04.231] [Part 01] ffmpeg installed.
[02:45:04.620] [Part 01] CPU: Intel(R) Xeon(R) Platinum 8175M CPU @ 2.50GHz
[02:45:04.622] [Part 01] WARNING: CPU mismatch! Expected Intel(R) Xeon(R) Platinum 8259CL CPU @ 2.50GHz, got Intel(R) Xeon(R) Platinum 8175M CPU @ 2.50GHz
[02:45:05.087] [Part 01] Uploading segment...
[02:45:05.151] [Part 04] Running compression...
[02:45:05.227] [Part 00] Running compression...
[02:45:05.296] [Part 03] Running compression...
[02:45:05.323] [Part 02] ffmpeg installed.
[02:45:05.707] [Part 02] CPU: Intel(R) Xeon(R) Platinum 8175M CPU @ 2.50GHz
[02:45:05.708] [Part 02] WARNING: CPU mismatch! Expected Intel(R) Xeon(R) Platinum 8259CL CPU @ 2.50GHz, got Intel(R) Xeon(R) Platinum 8175M CPU @ 2.50GHz
[02:45:05.827] [Part 04] ERROR: FFmpeg failed: )
Press [q] to stop, [?] for help
Too many packets buffered for output stream 0:1.
[aac @ 0x555aa5672280] Qavg: 218.592
[aac @ 0x555aa5672280] 2 frames left in the queue on closing
Conversion failed!

[02:45:06.179] [Part 02] Uploading segment...
[02:45:06.477] [Part 01] Running compression...
[02:45:06.784] [Part 04] Instance terminated.
[02:45:06.811] [Part 05] Launching m5.large...
[02:45:07.151] [Part 01] ERROR: FFmpeg failed: )
Press [q] to stop, [?] for help
Too many packets buffered for output stream 0:1.
[aac @ 0x564b141f1820] Qavg: 205.539
[aac @ 0x564b141f1820] 2 frames left in the queue on closing
Conversion failed!

[02:45:07.586] [Part 02] Running compression...
[02:45:08.030] [Part 01] Instance terminated.
[02:45:08.056] [Part 06] Launching m5.large...
[02:45:19.670] [Part 00] Done!
[02:45:19.822] [Part 03] Done!
[02:45:20.563] [Part 00] Instance terminated.
[02:45:20.593] [Part 07] Launching m5.large...
[02:45:20.703] [Part 03] Instance terminated.
[02:45:20.730] [Part 08] Launching m5.large...
[02:45:22.544] [Part 02] Done!
[02:45:23.439] [Part 02] Instance terminated.
[02:45:23.448] [Part 09] Launching m5.large...
[02:45:24.460] [Part 05] Instance ready. IP: 98.93.130.147
[02:45:25.796] [Part 06] Instance ready. IP: 18.209.30.169
[02:45:38.113] [Part 08] Instance ready. IP: 107.23.248.58
[02:45:38.121] [Part 07] Instance ready. IP: 98.83.134.42
[02:45:40.965] [Part 09] Instance ready. IP: 3.85.230.157
[02:45:55.325] [Part 05] Installing ffmpeg...
[02:45:56.659] [Part 06] Installing ffmpeg...
[02:46:08.969] [Part 08] Installing ffmpeg...
[02:46:09.039] [Part 07] Installing ffmpeg...
[02:46:11.851] [Part 09] Installing ffmpeg...
[02:46:31.738] [Part 05] ffmpeg installed.
[02:46:32.121] [Part 05] CPU: Intel(R) Xeon(R) Platinum 8175M CPU @ 2.50GHz
[02:46:32.121] [Part 05] WARNING: CPU mismatch! Expected Intel(R) Xeon(R) Platinum 8259CL CPU @ 2.50GHz, got Intel(R) Xeon(R) Platinum 8175M CPU @ 2.50GHz
[02:46:32.588] [Part 05] Uploading segment...
[02:46:34.132] [Part 05] Running compression...
[02:46:34.142] [Part 06] ffmpeg installed.
[02:46:34.520] [Part 06] CPU: Intel(R) Xeon(R) Platinum 8175M CPU @ 2.50GHz
[02:46:34.520] [Part 06] WARNING: CPU mismatch! Expected Intel(R) Xeon(R) Platinum 8259CL CPU @ 2.50GHz, got Intel(R) Xeon(R) Platinum 8175M CPU @ 2.50GHz
[02:46:34.986] [Part 06] Uploading segment...
[02:46:36.499] [Part 06] Running compression...
[02:46:45.782] [Part 05] Done!
[02:46:46.276] [Part 07] ffmpeg installed.
[02:46:46.670] [Part 07] CPU: Intel(R) Xeon(R) Platinum 8175M CPU @ 2.50GHz
[02:46:46.670] [Part 07] WARNING: CPU mismatch! Expected Intel(R) Xeon(R) Platinum 8259CL CPU @ 2.50GHz, got Intel(R) Xeon(R) Platinum 8175M CPU @ 2.50GHz
[02:46:46.734] [Part 05] Instance terminated.
[02:46:47.155] [Part 07] Uploading segment...
[02:46:47.452] [Part 08] ffmpeg installed.
[02:46:47.833] [Part 08] CPU: Intel(R) Xeon(R) Platinum 8175M CPU @ 2.50GHz
[02:46:47.833] [Part 08] WARNING: CPU mismatch! Expected Intel(R) Xeon(R) Platinum 8259CL CPU @ 2.50GHz, got Intel(R) Xeon(R) Platinum 8175M CPU @ 2.50GHz
[02:46:48.301] [Part 08] Uploading segment...
[02:46:48.499] [Part 09] ffmpeg installed.
[02:46:48.720] [Part 07] Running compression...
[02:46:48.889] [Part 09] CPU: Intel(R) Xeon(R) Platinum 8175M CPU @ 2.50GHz
[02:46:48.890] [Part 09] WARNING: CPU mismatch! Expected Intel(R) Xeon(R) Platinum 8259CL CPU @ 2.50GHz, got Intel(R) Xeon(R) Platinum 8175M CPU @ 2.50GHz
[02:46:49.371] [Part 09] Uploading segment...
[02:46:49.686] [Part 08] Running compression...
[02:46:50.748] [Part 09] Running compression...
[02:46:51.205] [Part 06] Done!
[02:46:52.189] [Part 06] Instance terminated.
[02:47:03.450] [Part 08] Done!
[02:47:04.339] [Part 08] Instance terminated.
[02:47:04.414] [Part 07] Done!
[02:47:04.958] [Part 09] Done!
[02:47:05.335] [Part 07] Instance terminated.
[02:47:06.118] [Part 09] Instance terminated.
[02:47:06.123] ============================================================
[02:47:06.123] RESULTS — 10x m5.large Horizontal
[02:47:06.123]   Total Time:    211.00s (3.52 min)
[02:47:06.123]   Split Time:    1.59s
[02:47:06.123]   Parallel Time: 209.40s (3.49 min)
[02:47:06.123] ============================================================
