[00:25:00.428] === Phase 3.2 Horizontal Scaling: 10x m5.large ===
[00:25:00.428] Codec: libx264, Threads: 5, Preset: slow
[00:25:00.428] Max concurrent workers: 5
[00:25:00.428] [Setup] Starting video split...
[00:25:00.478] [Setup] Video duration: 600.0s, splitting into 10 parts of 60.0s each
[00:25:00.547] [Setup]   Part 00 created
[00:25:00.637] [Setup]   Part 01 created
[00:25:00.750] [Setup]   Part 02 created
[00:25:00.875] [Setup]   Part 03 created
[00:25:01.019] [Setup]   Part 04 created
[00:25:01.179] [Setup]   Part 05 created
[00:25:01.361] [Setup]   Part 06 created
[00:25:01.557] [Setup]   Part 07 created
[00:25:01.776] [Setup]   Part 08 created
[00:25:02.010] [Setup]   Part 09 created
[00:25:02.010] [Setup] Video split complete.
[00:25:02.010] [Summary] SPLIT TIME: 1.58s
[00:25:02.564] [Part 00] Launching m5.large...
[00:25:02.569] [Part 04] Launching m5.large...
[00:25:02.571] [Part 01] Launching m5.large...
[00:25:02.585] [Part 02] Launching m5.large...
[00:25:02.591] [Part 03] Launching m5.large...
[00:25:20.291] [Part 02] Instance ready. IP: 13.221.36.192
[00:25:20.300] [Part 04] Instance ready. IP: 54.210.243.53
[00:25:20.332] [Part 00] Instance ready. IP: 23.20.110.234
[00:25:20.358] [Part 03] Instance ready. IP: 184.73.148.233
[00:25:20.364] [Part 01] Instance ready. IP: 3.84.100.69
[00:25:51.150] [Part 02] Installing ffmpeg...
[00:25:51.227] [Part 04] Installing ffmpeg...
[00:25:51.235] [Part 03] Installing ffmpeg...
[00:25:51.248] [Part 00] Installing ffmpeg...
[00:25:51.327] [Part 01] Installing ffmpeg...
[00:26:27.077] [Part 02] ffmpeg installed.
[00:26:27.457] [Part 02] CPU: Intel(R) Xeon(R) Platinum 8259CL CPU @ 2.50GHz
[00:26:27.691] [Part 04] ffmpeg installed.
[00:26:27.923] [Part 02] Uploading segment...
[00:26:28.075] [Part 04] CPU: Intel(R) Xeon(R) Platinum 8259CL CPU @ 2.50GHz
[00:26:28.477] [Part 03] ffmpeg installed.
[00:26:28.544] [Part 04] Uploading segment...
[00:26:28.862] [Part 03] CPU: Intel(R) Xeon(R) Platinum 8259CL CPU @ 2.50GHz
[00:26:28.889] [Part 01] ffmpeg installed.
[00:26:29.281] [Part 01] CPU: Intel(R) Xeon(R) Platinum 8259CL CPU @ 2.50GHz
[00:26:29.311] [Part 02] Running compression...
[00:26:29.331] [Part 03] Uploading segment...
[00:26:29.722] [Part 00] ffmpeg installed.
[00:26:29.769] [Part 01] Uploading segment...
[00:26:29.947] [Part 04] Running compression...
[00:26:30.125] [Part 00] CPU: Intel(R) Xeon(R) Platinum 8259CL CPU @ 2.50GHz
[00:26:30.608] [Part 04] ERROR: FFmpeg failed: )
Press [q] to stop, [?] for help
Too many packets buffered for output stream 0:1.
[aac @ 0x55d754501280] Qavg: 218.592
[aac @ 0x55d754501280] 2 frames left in the queue on closing
Conversion failed!

[00:26:30.614] [Part 00] Uploading segment...
[00:26:30.737] [Part 03] Running compression...
[00:26:31.200] [Part 01] Running compression...
[00:26:31.602] [Part 04] Instance terminated.
[00:26:31.618] [Part 05] Launching m5.large...
[00:26:31.873] [Part 01] ERROR: FFmpeg failed: )
Press [q] to stop, [?] for help
Too many packets buffered for output stream 0:1.
[aac @ 0x55d1bbe46820] Qavg: 205.539
[aac @ 0x55d1bbe46820] 2 frames left in the queue on closing
Conversion failed!

[00:26:32.079] [Part 00] Running compression...
[00:26:32.879] [Part 01] Instance terminated.
[00:26:32.906] [Part 06] Launching m5.large...
[00:26:45.126] [Part 03] Done!
[00:26:46.098] [Part 03] Instance terminated.
[00:26:46.128] [Part 07] Launching m5.large...
[00:26:46.642] [Part 00] Done!
[00:26:47.632] [Part 00] Instance terminated.
[00:26:47.661] [Part 08] Launching m5.large...
[00:26:50.747] [Part 06] Instance ready. IP: 100.24.17.72
[00:26:51.852] [Part 05] Instance ready. IP: 3.81.234.84
[00:26:52.559] [Part 02] Done!
[00:26:53.512] [Part 02] Instance terminated.
[00:26:53.537] [Part 09] Launching m5.large...
[00:27:03.552] [Part 07] Instance ready. IP: 98.91.245.26
[00:27:05.181] [Part 08] Instance ready. IP: 54.167.201.138
[00:27:11.414] [Part 09] Instance ready. IP: 3.90.25.210
[00:27:21.611] [Part 06] Installing ffmpeg...
[00:27:22.736] [Part 05] Installing ffmpeg...
[00:27:34.440] [Part 07] Installing ffmpeg...
[00:27:36.048] [Part 08] Installing ffmpeg...
[00:27:42.305] [Part 09] Installing ffmpeg...
[00:27:56.596] [Part 06] ffmpeg installed.
[00:27:56.977] [Part 06] CPU: Intel(R) Xeon(R) Platinum 8259CL CPU @ 2.50GHz
[00:27:57.444] [Part 06] Uploading segment...
[00:27:58.856] [Part 06] Running compression...
[00:28:00.092] [Part 05] ffmpeg installed.
[00:28:00.482] [Part 05] CPU: Intel(R) Xeon(R) Platinum 8175M CPU @ 2.50GHz
[00:28:00.482] [Part 05] WARNING: CPU mismatch! Expected Intel(R) Xeon(R) Platinum 8259CL CPU @ 2.50GHz, got Intel(R) Xeon(R) Platinum 8175M CPU @ 2.50GHz
[00:28:00.961] [Part 05] Uploading segment...
[00:28:02.548] [Part 05] Running compression...
[00:28:10.465] [Part 07] ffmpeg installed.
[00:28:10.862] [Part 07] CPU: Intel(R) Xeon(R) Platinum 8175M CPU @ 2.50GHz
[00:28:10.862] [Part 07] WARNING: CPU mismatch! Expected Intel(R) Xeon(R) Platinum 8259CL CPU @ 2.50GHz, got Intel(R) Xeon(R) Platinum 8175M CPU @ 2.50GHz
[00:28:11.214] [Part 06] Done!
[00:28:11.345] [Part 07] Uploading segment...
[00:28:12.116] [Part 06] Instance terminated.
[00:28:12.913] [Part 07] Running compression...
[00:28:16.624] [Part 05] Done!
[00:28:17.643] [Part 05] Instance terminated.
[00:28:17.780] [Part 08] ffmpeg installed.
[00:28:18.159] [Part 08] CPU: Intel(R) Xeon(R) Platinum 8175M CPU @ 2.50GHz
[00:28:18.160] [Part 08] WARNING: CPU mismatch! Expected Intel(R) Xeon(R) Platinum 8259CL CPU @ 2.50GHz, got Intel(R) Xeon(R) Platinum 8175M CPU @ 2.50GHz
[00:28:18.625] [Part 08] Uploading segment...
[00:28:20.039] [Part 08] Running compression...
[00:28:21.837] [Part 09] ffmpeg installed.
[00:28:22.228] [Part 09] CPU: Intel(R) Xeon(R) Platinum 8175M CPU @ 2.50GHz
[00:28:22.229] [Part 09] WARNING: CPU mismatch! Expected Intel(R) Xeon(R) Platinum 8259CL CPU @ 2.50GHz, got Intel(R) Xeon(R) Platinum 8175M CPU @ 2.50GHz
[00:28:22.709] [Part 09] Uploading segment...
[00:28:24.168] [Part 09] Running compression...
[00:28:28.392] [Part 07] Done!
[00:28:29.359] [Part 07] Instance terminated.
[00:28:33.676] [Part 08] Done!
[00:28:34.597] [Part 08] Instance terminated.
[00:28:38.477] [Part 09] Done!
[00:28:39.502] [Part 09] Instance terminated.
[00:28:39.506] ============================================================
[00:28:39.506] RESULTS — 10x m5.large Horizontal
[00:28:39.506]   Total Time:    219.08s (3.65 min)
[00:28:39.506]   Split Time:    1.58s
[00:28:39.506]   Parallel Time: 217.50s (3.62 min)
[00:28:39.507] ============================================================
