[21:07:56.449] === Phase 3.2 Serial Baseline: 1x m5.large ===
[21:07:56.449] Codec: libx264, Threads: 5, Preset: slow
[21:07:56.449] Video: /home/breno/doutorado/ec2sweetspot_noms/ec2sweetspot_noms/artifacts/test_videos/video_repetido_10min.mp4
[21:07:56.449] [m5.large-Serial] Launching EC2 instance...
[21:07:58.205] [m5.large-Serial] Instance i-098d25696eaa97e93 launched. Waiting...
[21:08:14.152] [m5.large-Serial] Instance ready. IP: 3.85.144.68
[21:08:45.175] [m5.large-Serial] SSH connected.
[21:08:45.175] [m5.large-Serial] Installing ffmpeg...
[21:09:22.805] [m5.large-Serial] ffmpeg installed.
[21:09:23.258] [m5.large-Serial] CPU: Intel(R) Xeon(R) Platinum 8175M CPU @ 2.50GHz
[21:09:23.258] [m5.large-Serial] WARNING: CPU mismatch! Expected Intel(R) Xeon(R) Platinum 8259CL CPU @ 2.50GHz, got Intel(R) Xeon(R) Platinum 8175M CPU @ 2.50GHz
[21:09:23.258] [m5.large-Serial] Uploading 10-minute video...
[21:09:31.286] [m5.large-Serial] Upload complete.
[21:09:31.286] [m5.large-Serial] SETUP TIME: 94.84s (1.58 min)
[21:09:31.286] [m5.large-Serial] Running: ffmpeg -i /home/ubuntu/input.mp4 -c:v libx264 -preset slow -b:v 2M -threads 5 -y /home/ubuntu/output.mp4
[21:11:27.620] [m5.large-Serial] ENCODING TIME: 116.33s (1.94 min)
[21:11:28.537] [m5.large-Serial] Instance terminated.
[21:11:28.537] [m5.large-Serial] ============================================================
[21:11:28.537] [m5.large-Serial] RESULTS — m5.large Serial
[21:11:28.537] [m5.large-Serial]   Total Time:    211.17s (3.52 min)
[21:11:28.538] [m5.large-Serial]   Setup Time:    94.84s (1.58 min)
[21:11:28.538] [m5.large-Serial]   Encoding Time: 116.33s (1.94 min)
[21:11:28.538] [m5.large-Serial]   Setup %:       44.9%
[21:11:28.538] [m5.large-Serial] ============================================================
