[21:31:55.032] === Phase 3.2 Serial Baseline: 1x m5.large ===
[21:31:55.032] Codec: libx264, Threads: 5, Preset: slow
[21:31:55.032] Video: /home/breno/doutorado/ec2sweetspot_noms/ec2sweetspot_noms/artifacts/test_videos/video_repetido_10min.mp4
[21:31:55.032] [m5.large-Serial] Launching EC2 instance...
[21:31:56.845] [m5.large-Serial] Instance i-022ae216aa141e1fa launched. Waiting...
[21:32:12.548] [m5.large-Serial] Instance ready. IP: 34.207.180.22
[21:32:43.405] [m5.large-Serial] SSH connected.
[21:32:43.405] [m5.large-Serial] Installing ffmpeg...
[21:33:21.482] [m5.large-Serial] ffmpeg installed.
[21:33:21.861] [m5.large-Serial] CPU: Intel(R) Xeon(R) Platinum 8175M CPU @ 2.50GHz
[21:33:21.861] [m5.large-Serial] WARNING: CPU mismatch! Expected Intel(R) Xeon(R) Platinum 8259CL CPU @ 2.50GHz, got Intel(R) Xeon(R) Platinum 8175M CPU @ 2.50GHz
[21:33:21.861] [m5.large-Serial] Uploading 10-minute video...
[21:33:28.518] [m5.large-Serial] Upload complete.
[21:33:28.518] [m5.large-Serial] SETUP TIME: 93.49s (1.56 min)
[21:33:28.518] [m5.large-Serial] Running: ffmpeg -i /home/ubuntu/input.mp4 -c:v libx264 -preset slow -b:v 2M -threads 5 -y /home/ubuntu/output.mp4
[21:35:25.195] [m5.large-Serial] ENCODING TIME: 116.68s (1.94 min)
[21:35:26.186] [m5.large-Serial] Instance terminated.
[21:35:26.186] [m5.large-Serial] ============================================================
[21:35:26.186] [m5.large-Serial] RESULTS — m5.large Serial
[21:35:26.186] [m5.large-Serial]   Total Time:    210.16s (3.50 min)
[21:35:26.186] [m5.large-Serial]   Setup Time:    93.49s (1.56 min)
[21:35:26.186] [m5.large-Serial]   Encoding Time: 116.68s (1.94 min)
[21:35:26.186] [m5.large-Serial]   Setup %:       44.5%
[21:35:26.186] [m5.large-Serial] ============================================================
