[02:12:26.767] === Phase 3.2 Horizontal Scaling: 10x m5.large ===
[02:12:26.767] Codec: libx264, Threads: 5, Preset: slow
[02:12:26.767] Max concurrent workers: 5
[02:12:26.767] [Setup] Starting video split...
[02:12:26.819] [Setup] Video duration: 600.0s, splitting into 10 parts of 60.0s each
[02:12:26.903] [Setup]   Part 00 created
[02:12:26.994] [Setup]   Part 01 created
[02:12:27.100] [Setup]   Part 02 created
[02:12:27.225] [Setup]   Part 03 created
[02:12:27.368] [Setup]   Part 04 created
[02:12:27.527] [Setup]   Part 05 created
[02:12:27.702] [Setup]   Part 06 created
[02:12:27.897] [Setup]   Part 07 created
[02:12:28.129] [Setup]   Part 08 created
[02:12:28.379] [Setup]   Part 09 created
[02:12:28.379] [Setup] Video split complete.
[02:12:28.379] [Summary] SPLIT TIME: 1.61s
[02:12:28.933] [Part 02] Launching m5.large...
[02:12:28.939] [Part 04] Launching m5.large...
[02:12:28.953] [Part 01] Launching m5.large...
[02:12:28.962] [Part 00] Launching m5.large...
[02:12:28.970] [Part 03] Launching m5.large...
[02:12:46.375] [Part 02] Instance ready. IP: 3.90.112.116
[02:12:46.404] [Part 00] Instance ready. IP: 52.71.215.24
[02:12:46.478] [Part 01] Instance ready. IP: 34.227.96.189
[02:12:46.785] [Part 04] Instance ready. IP: 3.90.144.20
[02:12:46.848] [Part 03] Instance ready. IP: 18.208.198.9
[02:13:17.258] [Part 02] Installing ffmpeg...
[02:13:17.336] [Part 00] Installing ffmpeg...
[02:13:17.367] [Part 01] Installing ffmpeg...
[02:13:17.670] [Part 04] Installing ffmpeg...
[02:13:17.719] [Part 03] Installing ffmpeg...
[02:13:53.532] [Part 04] ffmpeg installed.
[02:13:53.935] [Part 04] CPU: Intel(R) Xeon(R) Platinum 8259CL CPU @ 2.50GHz
[02:13:54.152] [Part 00] ffmpeg installed.
[02:13:54.432] [Part 04] Uploading segment...
[02:13:54.532] [Part 00] CPU: Intel(R) Xeon(R) Platinum 8175M CPU @ 2.50GHz
[02:13:54.533] [Part 00] WARNING: CPU mismatch! Expected Intel(R) Xeon(R) Platinum 8259CL CPU @ 2.50GHz, got Intel(R) Xeon(R) Platinum 8175M CPU @ 2.50GHz
[02:13:54.576] [Part 01] ffmpeg installed.
[02:13:54.594] [Part 02] ffmpeg installed.
[02:13:54.910] [Part 03] ffmpeg installed.
[02:13:54.974] [Part 01] CPU: Intel(R) Xeon(R) Platinum 8175M CPU @ 2.50GHz
[02:13:54.974] [Part 01] WARNING: CPU mismatch! Expected Intel(R) Xeon(R) Platinum 8259CL CPU @ 2.50GHz, got Intel(R) Xeon(R) Platinum 8175M CPU @ 2.50GHz
[02:13:54.981] [Part 02] CPU: Intel(R) Xeon(R) Platinum 8175M CPU @ 2.50GHz
[02:13:54.981] [Part 02] WARNING: CPU mismatch! Expected Intel(R) Xeon(R) Platinum 8259CL CPU @ 2.50GHz, got Intel(R) Xeon(R) Platinum 8175M CPU @ 2.50GHz
[02:13:54.997] [Part 00] Uploading segment...
[02:13:55.289] [Part 03] CPU: Intel(R) Xeon(R) Platinum 8175M CPU @ 2.50GHz
[02:13:55.289] [Part 03] WARNING: CPU mismatch! Expected Intel(R) Xeon(R) Platinum 8259CL CPU @ 2.50GHz, got Intel(R) Xeon(R) Platinum 8175M CPU @ 2.50GHz
[02:13:55.462] [Part 02] Uploading segment...
[02:13:55.464] [Part 01] Uploading segment...
[02:13:55.756] [Part 03] Uploading segment...
[02:13:55.930] [Part 04] Running compression...
[02:13:56.395] [Part 00] Running compression...
[02:13:56.606] [Part 04] ERROR: FFmpeg failed: )
Press [q] to stop, [?] for help
Too many packets buffered for output stream 0:1.
[aac @ 0x5587970e6280] Qavg: 218.592
[aac @ 0x5587970e6280] 2 frames left in the queue on closing
Conversion failed!

[02:13:56.902] [Part 02] Running compression...
[02:13:57.027] [Part 01] Running compression...
[02:13:57.158] [Part 03] Running compression...
[02:13:57.511] [Part 04] Instance terminated.
[02:13:57.537] [Part 05] Launching m5.large...
[02:13:57.717] [Part 01] ERROR: FFmpeg failed: )
Press [q] to stop, [?] for help
Too many packets buffered for output stream 0:1.
[aac @ 0x5632b417a820] Qavg: 205.539
[aac @ 0x5632b417a820] 2 frames left in the queue on closing
Conversion failed!

[02:13:58.643] [Part 01] Instance terminated.
[02:13:58.649] [Part 06] Launching m5.large...
[02:14:10.570] [Part 00] Done!
[02:14:11.563] [Part 00] Instance terminated.
[02:14:11.594] [Part 07] Launching m5.large...
[02:14:11.636] [Part 03] Done!
[02:14:11.745] [Part 02] Done!
[02:14:12.566] [Part 03] Instance terminated.
[02:14:12.575] [Part 08] Launching m5.large...
[02:14:12.690] [Part 02] Instance terminated.
[02:14:12.716] [Part 09] Launching m5.large...
[02:14:15.490] [Part 05] Instance ready. IP: 100.54.253.47
[02:14:16.446] [Part 06] Instance ready. IP: 54.242.20.58
[02:14:29.418] [Part 07] Instance ready. IP: 52.90.71.159
[02:14:30.035] [Part 08] Instance ready. IP: 98.91.235.252
[02:14:30.554] [Part 09] Instance ready. IP: 18.206.188.83
[02:14:46.353] [Part 05] Installing ffmpeg...
[02:14:47.309] [Part 06] Installing ffmpeg...
[02:15:00.286] [Part 07] Installing ffmpeg...
[02:15:00.933] [Part 08] Installing ffmpeg...
[02:15:01.496] [Part 09] Installing ffmpeg...
[02:15:23.532] [Part 05] ffmpeg installed.
[02:15:23.917] [Part 05] CPU: Intel(R) Xeon(R) Platinum 8175M CPU @ 2.50GHz
[02:15:23.918] [Part 05] WARNING: CPU mismatch! Expected Intel(R) Xeon(R) Platinum 8259CL CPU @ 2.50GHz, got Intel(R) Xeon(R) Platinum 8175M CPU @ 2.50GHz
[02:15:24.387] [Part 05] Uploading segment...
[02:15:24.447] [Part 06] ffmpeg installed.
[02:15:24.832] [Part 06] CPU: Intel(R) Xeon(R) Platinum 8175M CPU @ 2.50GHz
[02:15:24.832] [Part 06] WARNING: CPU mismatch! Expected Intel(R) Xeon(R) Platinum 8259CL CPU @ 2.50GHz, got Intel(R) Xeon(R) Platinum 8175M CPU @ 2.50GHz
[02:15:25.298] [Part 06] Uploading segment...
[02:15:25.901] [Part 05] Running compression...
[02:15:26.842] [Part 06] Running compression...
[02:15:37.003] [Part 07] ffmpeg installed.
[02:15:37.383] [Part 07] CPU: Intel(R) Xeon(R) Platinum 8175M CPU @ 2.50GHz
[02:15:37.384] [Part 07] WARNING: CPU mismatch! Expected Intel(R) Xeon(R) Platinum 8259CL CPU @ 2.50GHz, got Intel(R) Xeon(R) Platinum 8175M CPU @ 2.50GHz
[02:15:37.849] [Part 07] Uploading segment...
[02:15:38.081] [Part 08] ffmpeg installed.
[02:15:38.477] [Part 08] CPU: Intel(R) Xeon(R) Platinum 8175M CPU @ 2.50GHz
[02:15:38.478] [Part 08] WARNING: CPU mismatch! Expected Intel(R) Xeon(R) Platinum 8259CL CPU @ 2.50GHz, got Intel(R) Xeon(R) Platinum 8175M CPU @ 2.50GHz
[02:15:38.962] [Part 08] Uploading segment...
[02:15:39.361] [Part 07] Running compression...
[02:15:39.925] [Part 05] Done!
[02:15:40.426] [Part 08] Running compression...
[02:15:40.674] [Part 09] ffmpeg installed.
[02:15:40.967] [Part 05] Instance terminated.
[02:15:41.073] [Part 09] CPU: Intel(R) Xeon(R) Platinum 8175M CPU @ 2.50GHz
[02:15:41.073] [Part 09] WARNING: CPU mismatch! Expected Intel(R) Xeon(R) Platinum 8259CL CPU @ 2.50GHz, got Intel(R) Xeon(R) Platinum 8175M CPU @ 2.50GHz
[02:15:41.557] [Part 09] Uploading segment...
[02:15:41.758] [Part 06] Done!
[02:15:42.721] [Part 06] Instance terminated.
[02:15:43.132] [Part 09] Running compression...
[02:15:54.151] [Part 08] Done!
[02:15:54.808] [Part 07] Done!
[02:15:55.082] [Part 08] Instance terminated.
[02:15:55.757] [Part 07] Instance terminated.
[02:15:57.449] [Part 09] Done!
[02:15:58.394] [Part 09] Instance terminated.
[02:15:58.397] ============================================================
[02:15:58.397] RESULTS — 10x m5.large Horizontal
[02:15:58.397]   Total Time:    211.63s (3.53 min)
[02:15:58.398]   Split Time:    1.61s
[02:15:58.398]   Parallel Time: 210.02s (3.50 min)
[02:15:58.398] ============================================================
