[13:48:11.533] === Phase 3.2 OPTIMIZED Horizontal: 10x m5.large ===
[13:48:11.533] AMI: ami-06c7c20c67513469a (ffmpeg pre-installed)
[13:48:11.533] Codec: libx264, Threads: 5, Max workers: 10
[13:48:11.533] [Setup] Starting video split...
[13:48:11.583] [Setup] Video: 600.0s → 10 parts of 60.0s
[13:48:13.167] [Setup] Video split complete.
[13:48:13.167] [Summary] SPLIT TIME: 1.63s
[13:48:14.153] [Part 09] Launching m5.large...
[13:48:14.164] [Part 05] Launching m5.large...
[13:48:14.189] [Part 06] Launching m5.large...
[13:48:14.198] [Part 07] Launching m5.large...
[13:48:14.211] [Part 00] Launching m5.large...
[13:48:14.219] [Part 02] Launching m5.large...
[13:48:14.228] [Part 01] Launching m5.large...
[13:48:14.243] [Part 04] Launching m5.large...
[13:48:14.245] [Part 08] Launching m5.large...
[13:48:14.255] [Part 03] Launching m5.large...
[13:48:32.091] [Part 07] Instance ready. IP: 54.162.100.148
[13:48:32.110] [Part 01] Instance ready. IP: 32.192.198.65
[13:48:32.141] [Part 03] Instance ready. IP: 54.167.242.181
[13:48:32.145] [Part 06] Instance ready. IP: 204.236.243.51
[13:48:32.151] [Part 04] Instance ready. IP: 18.209.159.75
[13:48:32.156] [Part 08] Instance ready. IP: 54.145.152.226
[13:48:32.170] [Part 02] Instance ready. IP: 107.23.206.135
[13:48:32.183] [Part 05] Instance ready. IP: 54.198.77.23
[13:48:32.189] [Part 00] Instance ready. IP: 34.230.67.242
[13:48:32.284] [Part 09] Instance ready. IP: 52.202.175.64
[13:49:03.934] [Part 07] CPU: Intel(R) Xeon(R) Platinum 8259CL CPU @ 2.50GHz
[13:49:04.214] [Part 01] CPU: Intel(R) Xeon(R) Platinum 8259CL CPU @ 2.50GHz
[13:49:04.314] [Part 04] CPU: Intel(R) Xeon(R) Platinum 8259CL CPU @ 2.50GHz
[13:49:04.339] [Part 03] CPU: Intel(R) Xeon(R) Platinum 8259CL CPU @ 2.50GHz
[13:49:04.354] [Part 00] CPU: Intel(R) Xeon(R) Platinum 8259CL CPU @ 2.50GHz
[13:49:04.374] [Part 07] Uploading segment...
[13:49:04.401] [Part 02] CPU: Intel(R) Xeon(R) Platinum 8259CL CPU @ 2.50GHz
[13:49:04.412] [Part 08] CPU: Intel(R) Xeon(R) Platinum 8259CL CPU @ 2.50GHz
[13:49:04.413] [Part 05] CPU: Intel(R) Xeon(R) Platinum 8259CL CPU @ 2.50GHz
[13:49:04.445] [Part 06] CPU: Intel(R) Xeon(R) Platinum 8175M CPU @ 2.50GHz
[13:49:04.445] [Part 06] WARNING: CPU mismatch! Expected Intel(R) Xeon(R) Platinum 8259CL CPU @ 2.50GHz, got Intel(R) Xeon(R) Platinum 8175M CPU @ 2.50GHz
[13:49:04.588] [Part 09] CPU: Intel(R) Xeon(R) Platinum 8175M CPU @ 2.50GHz
[13:49:04.588] [Part 09] WARNING: CPU mismatch! Expected Intel(R) Xeon(R) Platinum 8259CL CPU @ 2.50GHz, got Intel(R) Xeon(R) Platinum 8175M CPU @ 2.50GHz
[13:49:04.817] [Part 01] Uploading segment...
[13:49:04.896] [Part 04] Uploading segment...
[13:49:04.927] [Part 03] Uploading segment...
[13:49:04.936] [Part 00] Uploading segment...
[13:49:04.986] [Part 02] Uploading segment...
[13:49:04.995] [Part 08] Uploading segment...
[13:49:05.015] [Part 05] Uploading segment...
[13:49:05.047] [Part 06] Uploading segment...
[13:49:05.184] [Part 09] Uploading segment...
[13:49:06.161] [Part 07] Running compression...
[13:49:06.934] [Part 02] Running compression...[13:49:06.935] [Part 04] Running compression...

[13:49:06.947] [Part 00] Running compression...
[13:49:07.038] [Part 06] Running compression...
[13:49:07.053] [Part 05] Running compression...
[13:49:07.063] [Part 01] Running compression...
[13:49:07.103] [Part 03] Running compression...
[13:49:07.123] [Part 08] Running compression...
[13:49:08.644] [Part 09] Running compression...
[13:49:19.948] [Part 07] Done!
[13:49:19.980] [Part 04] Done!
[13:49:20.530] [Part 07] Instance terminated.
[13:49:20.632] [Part 05] Done!
[13:49:20.642] [Part 04] Instance terminated.
[13:49:21.117] [Part 00] Done!
[13:49:21.170] [Part 01] Done!
[13:49:21.215] [Part 05] Instance terminated.
[13:49:21.663] [Part 09] Done!
[13:49:21.731] [Part 00] Instance terminated.
[13:49:21.800] [Part 01] Instance terminated.
[13:49:21.879] [Part 08] Done!
[13:49:22.282] [Part 09] Instance terminated.
[13:49:22.395] [Part 06] Done!
[13:49:22.564] [Part 08] Instance terminated.
[13:49:22.662] [Part 03] Done!
[13:49:22.698] [Part 02] Done!
[13:49:23.037] [Part 06] Instance terminated.
[13:49:23.261] [Part 03] Instance terminated.
[13:49:23.269] [Part 02] Instance terminated.
[13:49:23.274] ============================================================
[13:49:23.274] RESULTS — 10x m5.large Horizontal OPTIMIZED
[13:49:23.274]   Total Time:    71.74s (1.20 min)
[13:49:23.274]   Split Time:    1.63s
[13:49:23.274]   Parallel Time: 70.11s (1.17 min)
[13:49:23.274] ============================================================
