[03:55:13.439] === Phase 3.2 Serial Baseline: 1x m5.large ===
[03:55:13.439] Codec: libx264, Threads: 5, Preset: slow
[03:55:13.439] Video: /home/breno/doutorado/ec2sweetspot_noms/ec2sweetspot_noms/artifacts/test_videos/video_repetido_10min.mp4
[03:55:13.439] [m5.large-Serial] Launching EC2 instance...
[03:55:15.297] [m5.large-Serial] Instance i-09b878754e6e868ce launched. Waiting...
[03:55:31.016] [m5.large-Serial] Instance ready. IP: 54.166.203.181
[03:56:01.888] [m5.large-Serial] SSH connected.
[03:56:01.888] [m5.large-Serial] Installing ffmpeg...
[03:56:39.104] [m5.large-Serial] ffmpeg installed.
[03:56:39.487] [m5.large-Serial] CPU: Intel(R) Xeon(R) Platinum 8175M CPU @ 2.50GHz
[03:56:39.488] [m5.large-Serial] WARNING: CPU mismatch! Expected Intel(R) Xeon(R) Platinum 8259CL CPU @ 2.50GHz, got Intel(R) Xeon(R) Platinum 8175M CPU @ 2.50GHz
[03:56:39.488] [m5.large-Serial] Uploading 10-minute video...
[03:56:45.943] [m5.large-Serial] Upload complete.
[03:56:45.943] [m5.large-Serial] SETUP TIME: 92.50s (1.54 min)
[03:56:45.943] [m5.large-Serial] Running: ffmpeg -i /home/ubuntu/input.mp4 -c:v libx264 -preset slow -b:v 2M -threads 5 -y /home/ubuntu/output.mp4
[03:58:40.728] [m5.large-Serial] ENCODING TIME: 114.78s (1.91 min)
[03:58:41.766] [m5.large-Serial] Instance terminated.
[03:58:41.767] [m5.large-Serial] ============================================================
[03:58:41.767] [m5.large-Serial] RESULTS — m5.large Serial
[03:58:41.767] [m5.large-Serial]   Total Time:    207.29s (3.45 min)
[03:58:41.767] [m5.large-Serial]   Setup Time:    92.50s (1.54 min)
[03:58:41.767] [m5.large-Serial]   Encoding Time: 114.78s (1.91 min)
[03:58:41.767] [m5.large-Serial]   Setup %:       44.6%
[03:58:41.767] [m5.large-Serial] ============================================================
