[20:54:24.615] === Phase 3.2 Serial Baseline: 1x m5.large ===
[20:54:24.615] Codec: libx264, Threads: 5, Preset: slow
[20:54:24.615] Video: /home/breno/doutorado/ec2sweetspot_noms/ec2sweetspot_noms/artifacts/test_videos/video_repetido_10min.mp4
[20:54:24.615] [m5.large-Serial] Launching EC2 instance...
[20:54:26.297] [m5.large-Serial] Instance i-080a79f9a5050d3de launched. Waiting...
[20:54:41.963] [m5.large-Serial] Instance ready. IP: 35.171.185.47
[20:55:12.954] [m5.large-Serial] SSH connected.
[20:55:12.954] [m5.large-Serial] Installing ffmpeg...
[20:55:50.217] [m5.large-Serial] ffmpeg installed.
[20:55:50.650] [m5.large-Serial] CPU: Intel(R) Xeon(R) Platinum 8175M CPU @ 2.50GHz
[20:55:50.650] [m5.large-Serial] WARNING: CPU mismatch! Expected Intel(R) Xeon(R) Platinum 8259CL CPU @ 2.50GHz, got Intel(R) Xeon(R) Platinum 8175M CPU @ 2.50GHz
[20:55:50.650] [m5.large-Serial] Uploading 10-minute video...
[20:55:58.550] [m5.large-Serial] Upload complete.
[20:55:58.550] [m5.large-Serial] SETUP TIME: 93.93s (1.57 min)
[20:55:58.550] [m5.large-Serial] Running: ffmpeg -i /home/ubuntu/input.mp4 -c:v libx264 -preset slow -b:v 2M -threads 5 -y /home/ubuntu/output.mp4
[20:57:52.027] [m5.large-Serial] ENCODING TIME: 113.48s (1.89 min)
[20:57:52.965] [m5.large-Serial] Instance terminated.
[20:57:52.965] [m5.large-Serial] ============================================================
[20:57:52.965] [m5.large-Serial] RESULTS — m5.large Serial
[20:57:52.965] [m5.large-Serial]   Total Time:    207.41s (3.46 min)
[20:57:52.965] [m5.large-Serial]   Setup Time:    93.93s (1.57 min)
[20:57:52.965] [m5.large-Serial]   Encoding Time: 113.48s (1.89 min)
[20:57:52.965] [m5.large-Serial]   Setup %:       45.3%
[20:57:52.965] [m5.large-Serial] ============================================================
