[13:56:44.367] === Phase 3.2 OPTIMIZED Horizontal: 10x m5.large ===
[13:56:44.367] AMI: ami-06c7c20c67513469a (ffmpeg pre-installed)
[13:56:44.367] Codec: libx264, Threads: 5, Max workers: 10
[13:56:44.367] [Setup] Starting video split...
[13:56:44.417] [Setup] Video: 600.0s → 10 parts of 60.0s
[13:56:45.989] [Setup] Video split complete.
[13:56:45.989] [Summary] SPLIT TIME: 1.62s
[13:56:46.971] [Part 04] Launching m5.large...
[13:56:46.980] [Part 09] Launching m5.large...
[13:56:47.000] [Part 01] Launching m5.large...
[13:56:47.010] [Part 07] Launching m5.large...
[13:56:47.021] [Part 05] Launching m5.large...
[13:56:47.034] [Part 06] Launching m5.large...
[13:56:47.040] [Part 02] Launching m5.large...
[13:56:47.051] [Part 00] Launching m5.large...
[13:56:47.058] [Part 03] Launching m5.large...
[13:56:47.068] [Part 08] Launching m5.large...
[13:57:04.793] [Part 05] Instance ready. IP: 54.198.17.12
[13:57:04.818] [Part 06] Instance ready. IP: 3.81.136.69
[13:57:04.822] [Part 03] Instance ready. IP: 54.144.40.224
[13:57:04.829] [Part 02] Instance ready. IP: 54.198.122.225
[13:57:04.836] [Part 01] Instance ready. IP: 54.144.10.124
[13:57:04.866] [Part 04] Instance ready. IP: 35.153.99.1
[13:57:04.871] [Part 08] Instance ready. IP: 54.196.52.196
[13:57:04.906] [Part 07] Instance ready. IP: 3.92.142.131
[13:57:04.932] [Part 00] Instance ready. IP: 34.235.160.133
[13:57:05.364] [Part 09] Instance ready. IP: 34.207.77.56
[13:57:36.899] [Part 05] CPU: Intel(R) Xeon(R) Platinum 8259CL CPU @ 2.50GHz
[13:57:36.988] [Part 03] CPU: Intel(R) Xeon(R) Platinum 8175M CPU @ 2.50GHz
[13:57:36.989] [Part 03] WARNING: CPU mismatch! Expected Intel(R) Xeon(R) Platinum 8259CL CPU @ 2.50GHz, got Intel(R) Xeon(R) Platinum 8175M CPU @ 2.50GHz
[13:57:36.991] [Part 04] CPU: Intel(R) Xeon(R) Platinum 8259CL CPU @ 2.50GHz
[13:57:36.994] [Part 01] CPU: Intel(R) Xeon(R) Platinum 8259CL CPU @ 2.50GHz
[13:57:37.028] [Part 06] CPU: Intel(R) Xeon(R) Platinum 8259CL CPU @ 2.50GHz
[13:57:37.038] [Part 02] CPU: Intel(R) Xeon(R) Platinum 8175M CPU @ 2.50GHz
[13:57:37.038] [Part 02] WARNING: CPU mismatch! Expected Intel(R) Xeon(R) Platinum 8259CL CPU @ 2.50GHz, got Intel(R) Xeon(R) Platinum 8175M CPU @ 2.50GHz
[13:57:37.104] [Part 00] CPU: Intel(R) Xeon(R) Platinum 8259CL CPU @ 2.50GHz
[13:57:37.214] [Part 08] CPU: Intel(R) Xeon(R) Platinum 8175M CPU @ 2.50GHz
[13:57:37.214] [Part 08] WARNING: CPU mismatch! Expected Intel(R) Xeon(R) Platinum 8259CL CPU @ 2.50GHz, got Intel(R) Xeon(R) Platinum 8175M CPU @ 2.50GHz
[13:57:37.302] [Part 07] CPU: Intel(R) Xeon(R) Platinum 8259CL CPU @ 2.50GHz
[13:57:37.483] [Part 05] Uploading segment...
[13:57:37.570] [Part 09] CPU: Intel(R) Xeon(R) Platinum 8175M CPU @ 2.50GHz
[13:57:37.571] [Part 09] WARNING: CPU mismatch! Expected Intel(R) Xeon(R) Platinum 8259CL CPU @ 2.50GHz, got Intel(R) Xeon(R) Platinum 8175M CPU @ 2.50GHz[13:57:37.572] [Part 04] Uploading segment...

[13:57:37.575] [Part 01] Uploading segment...
[13:57:37.576] [Part 03] Uploading segment...
[13:57:37.614] [Part 06] Uploading segment...
[13:57:37.639] [Part 02] Uploading segment...
[13:57:37.687] [Part 00] Uploading segment...
[13:57:37.798] [Part 08] Uploading segment...
[13:57:37.906] [Part 07] Uploading segment...
[13:57:38.154] [Part 09] Uploading segment...
[13:57:39.441] [Part 05] Running compression...
[13:57:39.493] [Part 01] Running compression...
[13:57:39.527] [Part 03] Running compression...
[13:57:39.529] [Part 04] Running compression...
[13:57:39.579] [Part 08] Running compression...
[13:57:39.594] [Part 00] Running compression...
[13:57:39.627] [Part 02] Running compression...
[13:57:39.719] [Part 06] Running compression...
[13:57:39.974] [Part 09] Running compression...
[13:57:40.162] [Part 07] Running compression...
[13:57:53.170] [Part 01] Done!
[13:57:53.351] [Part 04] Done!
[13:57:53.592] [Part 08] Done!
[13:57:53.788] [Part 01] Instance terminated.
[13:57:53.986] [Part 04] Instance terminated.
[13:57:54.192] [Part 08] Instance terminated.
[13:57:54.282] [Part 05] Done!
[13:57:54.388] [Part 09] Done!
[13:57:54.858] [Part 05] Instance terminated.
[13:57:54.969] [Part 09] Instance terminated.
[13:57:55.155] [Part 00] Done!
[13:57:55.683] [Part 02] Done!
[13:57:55.712] [Part 00] Instance terminated.
[13:57:55.811] [Part 07] Done!
[13:57:55.924] [Part 03] Done!
[13:57:55.950] [Part 06] Done!
[13:57:56.303] [Part 02] Instance terminated.
[13:57:56.424] [Part 07] Instance terminated.
[13:57:56.507] [Part 06] Instance terminated.
[13:57:56.549] [Part 03] Instance terminated.
[13:57:56.558] ============================================================
[13:57:56.558] RESULTS — 10x m5.large Horizontal OPTIMIZED
[13:57:56.558]   Total Time:    72.19s (1.20 min)
[13:57:56.558]   Split Time:    1.62s
[13:57:56.558]   Parallel Time: 70.57s (1.18 min)
[13:57:56.558] ============================================================
