[02:21:02.481] === Phase 3.2 Serial Baseline: 1x m5.large ===
[02:21:02.481] Codec: libx264, Threads: 5, Preset: slow
[02:21:02.481] Video: /home/breno/doutorado/ec2sweetspot_noms/ec2sweetspot_noms/artifacts/test_videos/video_repetido_10min.mp4
[02:21:02.481] [m5.large-Serial] Launching EC2 instance...
[02:21:04.434] [m5.large-Serial] Instance i-04952327eeb62925d launched. Waiting...
[02:21:20.210] [m5.large-Serial] Instance ready. IP: 13.222.205.131
[02:21:51.109] [m5.large-Serial] SSH connected.
[02:21:51.109] [m5.large-Serial] Installing ffmpeg...
[02:22:29.306] [m5.large-Serial] ffmpeg installed.
[02:22:29.703] [m5.large-Serial] CPU: Intel(R) Xeon(R) Platinum 8175M CPU @ 2.50GHz
[02:22:29.703] [m5.large-Serial] WARNING: CPU mismatch! Expected Intel(R) Xeon(R) Platinum 8259CL CPU @ 2.50GHz, got Intel(R) Xeon(R) Platinum 8175M CPU @ 2.50GHz
[02:22:29.703] [m5.large-Serial] Uploading 10-minute video...
[02:22:36.511] [m5.large-Serial] Upload complete.
[02:22:36.511] [m5.large-Serial] SETUP TIME: 94.03s (1.57 min)
[02:22:36.511] [m5.large-Serial] Running: ffmpeg -i /home/ubuntu/input.mp4 -c:v libx264 -preset slow -b:v 2M -threads 5 -y /home/ubuntu/output.mp4
[02:24:32.788] [m5.large-Serial] ENCODING TIME: 116.28s (1.94 min)
[02:24:33.749] [m5.large-Serial] Instance terminated.
[02:24:33.749] [m5.large-Serial] ============================================================
[02:24:33.749] [m5.large-Serial] RESULTS — m5.large Serial
[02:24:33.750] [m5.large-Serial]   Total Time:    210.31s (3.51 min)
[02:24:33.750] [m5.large-Serial]   Setup Time:    94.03s (1.57 min)
[02:24:33.750] [m5.large-Serial]   Encoding Time: 116.28s (1.94 min)
[02:24:33.750] [m5.large-Serial]   Setup %:       44.7%
[02:24:33.750] [m5.large-Serial] ============================================================
