[23:11:50.295] === Phase 3.2 Horizontal Scaling: 10x m5.large ===
[23:11:50.295] Codec: libx264, Threads: 5, Preset: slow
[23:11:50.295] Max concurrent workers: 5
[23:11:50.296] [Setup] Starting video split...
[23:11:50.389] [Setup] Video duration: 600.0s, splitting into 10 parts of 60.0s each
[23:11:50.513] [Setup]   Part 00 created
[23:11:50.687] [Setup]   Part 01 created
[23:11:50.886] [Setup]   Part 02 created
[23:11:51.151] [Setup]   Part 03 created
[23:11:51.502] [Setup]   Part 04 created
[23:11:51.918] [Setup]   Part 05 created
[23:11:52.329] [Setup]   Part 06 created
[23:11:52.824] [Setup]   Part 07 created
[23:11:53.409] [Setup]   Part 08 created
[23:11:54.043] [Setup]   Part 09 created
[23:11:54.043] [Setup] Video split complete.
[23:11:54.043] [Summary] SPLIT TIME: 3.75s
[23:11:56.086] [Part 01] Launching m5.large...
[23:11:56.125] [Part 04] Launching m5.large...
[23:11:56.153] [Part 00] Launching m5.large...
[23:11:56.183] [Part 03] Launching m5.large...
[23:11:56.214] [Part 02] Launching m5.large...
[23:12:13.599] [Part 01] Instance ready. IP: 54.172.214.201
[23:12:13.621] [Part 03] Instance ready. IP: 54.224.133.111
[23:12:13.691] [Part 00] Instance ready. IP: 13.217.21.184
[23:12:13.703] [Part 02] Instance ready. IP: 13.221.33.239
[23:12:13.837] [Part 04] Instance ready. IP: 54.80.51.206
[23:12:44.516] [Part 01] Installing ffmpeg...
[23:12:44.634] [Part 00] Installing ffmpeg...
[23:12:44.635] [Part 03] Installing ffmpeg...
[23:12:44.682] [Part 02] Installing ffmpeg...
[23:12:44.816] [Part 04] Installing ffmpeg...
[23:13:20.986] [Part 03] ffmpeg installed.
[23:13:21.383] [Part 03] CPU: Intel(R) Xeon(R) Platinum 8175M CPU @ 2.50GHz
[23:13:21.383] [Part 03] WARNING: CPU mismatch! Expected Intel(R) Xeon(R) Platinum 8259CL CPU @ 2.50GHz, got Intel(R) Xeon(R) Platinum 8175M CPU @ 2.50GHz
[23:13:21.760] [Part 00] ffmpeg installed.
[23:13:21.868] [Part 03] Uploading segment...
[23:13:22.141] [Part 00] CPU: Intel(R) Xeon(R) Platinum 8259CL CPU @ 2.50GHz
[23:13:22.605] [Part 00] Uploading segment...
[23:13:22.938] [Part 04] ffmpeg installed.
[23:13:23.325] [Part 03] Running compression...
[23:13:23.334] [Part 04] CPU: Intel(R) Xeon(R) Platinum 8175M CPU @ 2.50GHz
[23:13:23.335] [Part 04] WARNING: CPU mismatch! Expected Intel(R) Xeon(R) Platinum 8259CL CPU @ 2.50GHz, got Intel(R) Xeon(R) Platinum 8175M CPU @ 2.50GHz
[23:13:23.492] [Part 01] ffmpeg installed.
[23:13:23.819] [Part 04] Uploading segment...
[23:13:23.871] [Part 01] CPU: Intel(R) Xeon(R) Platinum 8175M CPU @ 2.50GHz
[23:13:23.872] [Part 01] WARNING: CPU mismatch! Expected Intel(R) Xeon(R) Platinum 8259CL CPU @ 2.50GHz, got Intel(R) Xeon(R) Platinum 8175M CPU @ 2.50GHz
[23:13:23.992] [Part 00] Running compression...
[23:13:24.341] [Part 01] Uploading segment...
[23:13:25.276] [Part 04] Running compression...
[23:13:25.482] [Part 02] ffmpeg installed.
[23:13:25.749] [Part 01] Running compression...
[23:13:25.862] [Part 02] CPU: Intel(R) Xeon(R) Platinum 8259CL CPU @ 2.50GHz
[23:13:25.950] [Part 04] ERROR: FFmpeg failed: )
Press [q] to stop, [?] for help
Too many packets buffered for output stream 0:1.
[aac @ 0x559210228280] Qavg: 218.592
[aac @ 0x559210228280] 2 frames left in the queue on closing
Conversion failed!

[23:13:26.330] [Part 02] Uploading segment...
[23:13:26.439] [Part 01] ERROR: FFmpeg failed: )
Press [q] to stop, [?] for help
Too many packets buffered for output stream 0:1.
[aac @ 0x563d8ebd5820] Qavg: 205.539
[aac @ 0x563d8ebd5820] 2 frames left in the queue on closing
Conversion failed!

[23:13:26.886] [Part 04] Instance terminated.
[23:13:26.932] [Part 05] Launching m5.large...
[23:13:27.460] [Part 01] Instance terminated.
[23:13:27.491] [Part 06] Launching m5.large...
[23:13:27.830] [Part 02] Running compression...
[23:13:37.998] [Part 03] Done!
[23:13:38.249] [Part 00] Done!
[23:13:38.912] [Part 03] Instance terminated.
[23:13:38.943] [Part 07] Launching m5.large...
[23:13:39.193] [Part 00] Instance terminated.
[23:13:39.221] [Part 08] Launching m5.large...
[23:13:42.508] [Part 02] Done!
[23:13:43.376] [Part 02] Instance terminated.
[23:13:43.395] [Part 09] Launching m5.large...
[23:13:44.459] [Part 05] Instance ready. IP: 3.91.36.17
[23:13:45.379] [Part 06] Instance ready. IP: 18.212.131.30
[23:13:56.774] [Part 07] Instance ready. IP: 100.30.173.185
[23:13:57.059] [Part 08] Instance ready. IP: 23.20.11.81
[23:14:01.129] [Part 09] Instance ready. IP: 18.234.117.178
[23:14:15.493] [Part 05] Installing ffmpeg...
[23:14:16.247] [Part 06] Installing ffmpeg...
[23:14:27.638] [Part 07] Installing ffmpeg...
[23:14:28.039] [Part 08] Installing ffmpeg...
[23:14:31.991] [Part 09] Installing ffmpeg...
[23:14:54.044] [Part 06] ffmpeg installed.
[23:14:54.425] [Part 06] CPU: Intel(R) Xeon(R) Platinum 8175M CPU @ 2.50GHz
[23:14:54.425] [Part 06] WARNING: CPU mismatch! Expected Intel(R) Xeon(R) Platinum 8259CL CPU @ 2.50GHz, got Intel(R) Xeon(R) Platinum 8175M CPU @ 2.50GHz
[23:14:54.894] [Part 06] Uploading segment...
[23:14:56.410] [Part 06] Running compression...
[23:14:58.883] [Part 05] ffmpeg installed.
[23:14:59.334] [Part 05] CPU: Intel(R) Xeon(R) Platinum 8259CL CPU @ 2.50GHz
[23:14:59.895] [Part 05] Uploading segment...
[23:15:01.598] [Part 05] Running compression...
[23:15:04.776] [Part 08] ffmpeg installed.
[23:15:05.155] [Part 08] CPU: Intel(R) Xeon(R) Platinum 8175M CPU @ 2.50GHz
[23:15:05.156] [Part 08] WARNING: CPU mismatch! Expected Intel(R) Xeon(R) Platinum 8259CL CPU @ 2.50GHz, got Intel(R) Xeon(R) Platinum 8175M CPU @ 2.50GHz
[23:15:05.624] [Part 08] Uploading segment...
[23:15:05.811] [Part 07] ffmpeg installed.
[23:15:06.191] [Part 07] CPU: Intel(R) Xeon(R) Platinum 8175M CPU @ 2.50GHz
[23:15:06.191] [Part 07] WARNING: CPU mismatch! Expected Intel(R) Xeon(R) Platinum 8259CL CPU @ 2.50GHz, got Intel(R) Xeon(R) Platinum 8175M CPU @ 2.50GHz
[23:15:06.657] [Part 07] Uploading segment...
[23:15:07.021] [Part 08] Running compression...
[23:15:08.055] [Part 07] Running compression...
[23:15:09.440] [Part 09] ffmpeg installed.
[23:15:09.820] [Part 09] CPU: Intel(R) Xeon(R) Platinum 8259CL CPU @ 2.50GHz
[23:15:10.287] [Part 09] Uploading segment...
[23:15:11.328] [Part 06] Done!
[23:15:11.692] [Part 09] Running compression...
[23:15:12.231] [Part 06] Instance terminated.
[23:15:16.256] [Part 05] Done!
[23:15:17.190] [Part 05] Instance terminated.
[23:15:20.640] [Part 08] Done!
[23:15:21.571] [Part 08] Instance terminated.
[23:15:23.686] [Part 07] Done!
[23:15:24.545] [Part 07] Instance terminated.
[23:15:25.732] [Part 09] Done!
[23:15:26.643] [Part 09] Instance terminated.
[23:15:26.646] ============================================================
[23:15:26.646] RESULTS — 10x m5.large Horizontal
[23:15:26.646]   Total Time:    216.35s (3.61 min)
[23:15:26.646]   Split Time:    3.75s
[23:15:26.646]   Parallel Time: 212.60s (3.54 min)
[23:15:26.646] ============================================================
