[14:07:46.592] === Phase 3.2 OPTIMIZED Horizontal: 10x m5.large ===
[14:07:46.592] AMI: ami-06c7c20c67513469a (ffmpeg pre-installed)
[14:07:46.592] Codec: libx264, Threads: 5, Max workers: 10
[14:07:46.592] [Setup] Starting video split...
[14:07:46.640] [Setup] Video: 600.0s → 10 parts of 60.0s
[14:07:48.147] [Setup] Video split complete.
[14:07:48.147] [Summary] SPLIT TIME: 1.56s
[14:07:49.204] [Part 05] Launching m5.large...
[14:07:49.212] [Part 06] Launching m5.large...
[14:07:49.226] [Part 07] Launching m5.large...
[14:07:49.230] [Part 00] Launching m5.large...
[14:07:49.244] [Part 08] Launching m5.large...
[14:07:49.251] [Part 03] Launching m5.large...
[14:07:49.261] [Part 01] Launching m5.large...
[14:07:49.269] [Part 02] Launching m5.large...
[14:07:49.280] [Part 04] Launching m5.large...
[14:07:49.285] [Part 09] Launching m5.large...
[14:08:06.940] [Part 03] Instance ready. IP: 34.230.51.2
[14:08:06.953] [Part 05] Instance ready. IP: 54.92.144.83
[14:08:06.969] [Part 01] Instance ready. IP: 54.85.74.174
[14:08:06.985] [Part 06] Instance ready. IP: 13.217.114.255
[14:08:07.032] [Part 04] Instance ready. IP: 98.93.158.40
[14:08:07.044] [Part 02] Instance ready. IP: 98.82.176.219
[14:08:07.098] [Part 09] Instance ready. IP: 18.208.174.241
[14:08:07.199] [Part 07] Instance ready. IP: 54.88.79.184
[14:08:07.373] [Part 00] Instance ready. IP: 52.87.188.247
[14:08:07.412] [Part 08] Instance ready. IP: 54.163.79.88
[14:08:39.176] [Part 08] CPU: Intel(R) Xeon(R) Platinum 8259CL CPU @ 2.50GHz
[14:08:39.210] [Part 01] CPU: Intel(R) Xeon(R) Platinum 8259CL CPU @ 2.50GHz
[14:08:39.216] [Part 06] CPU: Intel(R) Xeon(R) Platinum 8175M CPU @ 2.50GHz
[14:08:39.216] [Part 06] WARNING: CPU mismatch! Expected Intel(R) Xeon(R) Platinum 8259CL CPU @ 2.50GHz, got Intel(R) Xeon(R) Platinum 8175M CPU @ 2.50GHz
[14:08:39.226] [Part 05] CPU: Intel(R) Xeon(R) Platinum 8175M CPU @ 2.50GHz
[14:08:39.226] [Part 05] WARNING: CPU mismatch! Expected Intel(R) Xeon(R) Platinum 8259CL CPU @ 2.50GHz, got Intel(R) Xeon(R) Platinum 8175M CPU @ 2.50GHz
[14:08:39.261] [Part 07] CPU: Intel(R) Xeon(R) Platinum 8259CL CPU @ 2.50GHz
[14:08:39.265] [Part 04] CPU: Intel(R) Xeon(R) Platinum 8259CL CPU @ 2.50GHz
[14:08:39.268] [Part 02] CPU: Intel(R) Xeon(R) Platinum 8175M CPU @ 2.50GHz
[14:08:39.268] [Part 02] WARNING: CPU mismatch! Expected Intel(R) Xeon(R) Platinum 8259CL CPU @ 2.50GHz, got Intel(R) Xeon(R) Platinum 8175M CPU @ 2.50GHz
[14:08:39.271] [Part 03] CPU: Intel(R) Xeon(R) Platinum 8175M CPU @ 2.50GHz
[14:08:39.271] [Part 03] WARNING: CPU mismatch! Expected Intel(R) Xeon(R) Platinum 8259CL CPU @ 2.50GHz, got Intel(R) Xeon(R) Platinum 8175M CPU @ 2.50GHz
[14:08:39.306] [Part 09] CPU: Intel(R) Xeon(R) Platinum 8175M CPU @ 2.50GHz
[14:08:39.306] [Part 09] WARNING: CPU mismatch! Expected Intel(R) Xeon(R) Platinum 8259CL CPU @ 2.50GHz, got Intel(R) Xeon(R) Platinum 8175M CPU @ 2.50GHz
[14:08:39.581] [Part 00] CPU: Intel(R) Xeon(R) Platinum 8175M CPU @ 2.50GHz
[14:08:39.581] [Part 00] WARNING: CPU mismatch! Expected Intel(R) Xeon(R) Platinum 8259CL CPU @ 2.50GHz, got Intel(R) Xeon(R) Platinum 8175M CPU @ 2.50GHz
[14:08:39.617] [Part 08] Uploading segment...
[14:08:39.814] [Part 01] Uploading segment...
[14:08:39.816] [Part 06] Uploading segment...
[14:08:39.828] [Part 05] Uploading segment...
[14:08:39.845] [Part 07] Uploading segment...
[14:08:39.847] [Part 04] Uploading segment...
[14:08:39.850] [Part 02] Uploading segment...
[14:08:39.872] [Part 03] Uploading segment...
[14:08:39.884] [Part 09] Uploading segment...
[14:08:40.162] [Part 00] Uploading segment...
[14:08:41.029] [Part 08] Running compression...
[14:08:41.784] [Part 04] Running compression...
[14:08:41.801] [Part 05] Running compression...
[14:08:41.818] [Part 03] Running compression...
[14:08:41.850] [Part 09] Running compression...
[14:08:41.852] [Part 06] Running compression...
[14:08:41.889] [Part 02] Running compression...
[14:08:41.907] [Part 07] Running compression...
[14:08:42.012] [Part 01] Running compression...
[14:08:43.690] [Part 00] Running compression...
[14:08:53.506] [Part 08] Done!
[14:08:54.151] [Part 08] Instance terminated.
[14:08:54.375] [Part 07] Done!
[14:08:54.391] [Part 09] Done!
[14:08:54.885] [Part 06] Done!
[14:08:54.993] [Part 07] Instance terminated.
[14:08:55.169] [Part 09] Instance terminated.
[14:08:55.543] [Part 06] Instance terminated.
[14:08:55.843] [Part 01] Done!
[14:08:56.447] [Part 04] Done!
[14:08:56.470] [Part 01] Instance terminated.
[14:08:56.727] [Part 05] Done!
[14:08:56.860] [Part 03] Done!
[14:08:57.049] [Part 04] Instance terminated.
[14:08:57.341] [Part 05] Instance terminated.
[14:08:57.606] [Part 03] Instance terminated.
[14:08:57.861] [Part 02] Done!
[14:08:58.503] [Part 02] Instance terminated.
[14:08:59.342] [Part 00] Done!
[14:08:59.950] [Part 00] Instance terminated.
[14:08:59.957] ============================================================
[14:08:59.958] RESULTS — 10x m5.large Horizontal OPTIMIZED
[14:08:59.958]   Total Time:    73.37s (1.22 min)
[14:08:59.958]   Split Time:    1.56s
[14:08:59.958]   Parallel Time: 71.81s (1.20 min)
[14:08:59.958] ============================================================
