[10:10:55.260] === Phase 3.2 OPTIMIZED Serial: 1x m5.large ===
[10:10:55.260] AMI: ami-06c7c20c67513469a (ffmpeg pre-installed)
[10:10:55.260] Codec: libx264, Threads: 5, Preset: slow
[10:10:55.260] [m5.large-Serial-OPT] Launching EC2 instance...
[10:10:57.275] [m5.large-Serial-OPT] Instance i-02e83543fbb79e9f8 launched. Waiting...
[10:11:13.208] [m5.large-Serial-OPT] Instance ready. IP: 3.91.51.141
[10:11:44.280] [m5.large-Serial-OPT] SSH connected.
[10:11:45.335] [m5.large-Serial-OPT] CPU: Intel(R) Xeon(R) Platinum 8259CL CPU @ 2.50GHz
[10:11:45.335] [m5.large-Serial-OPT] Uploading 10-minute video...
[10:11:53.535] [m5.large-Serial-OPT] Upload complete.
[10:11:53.535] [m5.large-Serial-OPT] SETUP TIME: 58.27s (0.97 min)
[10:11:53.535] [m5.large-Serial-OPT] Running: ffmpeg -i /home/ubuntu/input.mp4 -c:v libx264 -preset slow -b:v 2M -threads 5 -y /home/ubuntu/output.mp4
[10:13:37.227] [m5.large-Serial-OPT] ENCODING TIME: 103.69s (1.73 min)
[10:13:38.334] [m5.large-Serial-OPT] Instance terminated.
[10:13:38.334] [m5.large-Serial-OPT] ============================================================
[10:13:38.334] [m5.large-Serial-OPT] RESULTS — m5.large Serial OPTIMIZED
[10:13:38.334] [m5.large-Serial-OPT]   Total Time:    161.97s (2.70 min)
[10:13:38.334] [m5.large-Serial-OPT]   Setup Time:    58.27s (0.97 min)
[10:13:38.334] [m5.large-Serial-OPT]   Encoding Time: 103.69s (1.73 min)
[10:13:38.334] [m5.large-Serial-OPT]   Setup %:       36.0%
[10:13:38.334] [m5.large-Serial-OPT] ============================================================
