[14:01:35.674] === Phase 3.2 OPTIMIZED Horizontal: 10x m5.large ===
[14:01:35.674] AMI: ami-06c7c20c67513469a (ffmpeg pre-installed)
[14:01:35.674] Codec: libx264, Threads: 5, Max workers: 10
[14:01:35.674] [Setup] Starting video split...
[14:01:35.723] [Setup] Video: 600.0s → 10 parts of 60.0s
[14:01:37.247] [Setup] Video split complete.
[14:01:37.247] [Summary] SPLIT TIME: 1.57s
[14:01:38.250] [Part 03] Launching m5.large...
[14:01:38.274] [Part 01] Launching m5.large...
[14:01:38.277] [Part 00] Launching m5.large...
[14:01:38.288] [Part 07] Launching m5.large...
[14:01:38.304] [Part 08] Launching m5.large...
[14:01:38.310] [Part 06] Launching m5.large...
[14:01:38.317] [Part 09] Launching m5.large...
[14:01:38.331] [Part 05] Launching m5.large...
[14:01:38.335] [Part 02] Launching m5.large...
[14:01:38.341] [Part 04] Launching m5.large...
[14:01:56.444] [Part 07] Instance ready. IP: 3.81.50.205
[14:01:56.450] [Part 08] Instance ready. IP: 3.89.191.196
[14:01:56.460] [Part 01] Instance ready. IP: 3.84.169.244
[14:01:56.483] [Part 06] Instance ready. IP: 52.71.255.89
[14:01:56.504] [Part 04] Instance ready. IP: 3.86.3.17
[14:01:56.524] [Part 03] Instance ready. IP: 98.87.147.242
[14:01:56.529] [Part 05] Instance ready. IP: 54.89.234.106
[14:01:56.535] [Part 00] Instance ready. IP: 107.23.248.44[14:01:56.539] [Part 02] Instance ready. IP: 35.172.116.211
[14:01:56.544] [Part 09] Instance ready. IP: 54.210.202.120

[14:02:28.563] [Part 01] CPU: Intel(R) Xeon(R) Platinum 8259CL CPU @ 2.50GHz
[14:02:28.573] [Part 07] CPU: Intel(R) Xeon(R) Platinum 8259CL CPU @ 2.50GHz
[14:02:28.646] [Part 06] CPU: Intel(R) Xeon(R) Platinum 8259CL CPU @ 2.50GHz
[14:02:28.649] [Part 08] CPU: Intel(R) Xeon(R) Platinum 8259CL CPU @ 2.50GHz
[14:02:28.678] [Part 09] CPU: Intel(R) Xeon(R) Platinum 8175M CPU @ 2.50GHz
[14:02:28.678] [Part 09] WARNING: CPU mismatch! Expected Intel(R) Xeon(R) Platinum 8259CL CPU @ 2.50GHz, got Intel(R) Xeon(R) Platinum 8175M CPU @ 2.50GHz
[14:02:28.696] [Part 00] CPU: Intel(R) Xeon(R) Platinum 8259CL CPU @ 2.50GHz
[14:02:28.719] [Part 03] CPU: Intel(R) Xeon(R) Platinum 8259CL CPU @ 2.50GHz
[14:02:28.726] [Part 04] CPU: Intel(R) Xeon(R) Platinum 8259CL CPU @ 2.50GHz
[14:02:28.745] [Part 02] CPU: Intel(R) Xeon(R) Platinum 8259CL CPU @ 2.50GHz
[14:02:28.779] [Part 05] CPU: Intel(R) Xeon(R) Platinum 8175M CPU @ 2.50GHz
[14:02:28.779] [Part 05] WARNING: CPU mismatch! Expected Intel(R) Xeon(R) Platinum 8259CL CPU @ 2.50GHz, got Intel(R) Xeon(R) Platinum 8175M CPU @ 2.50GHz
[14:02:29.142] [Part 01] Uploading segment...
[14:02:29.154] [Part 07] Uploading segment...
[14:02:29.232] [Part 08] Uploading segment...
[14:02:29.251] [Part 06] Uploading segment...
[14:02:29.275] [Part 00] Uploading segment...
[14:02:29.284] [Part 09] Uploading segment...
[14:02:29.298] [Part 03] Uploading segment...
[14:02:29.325] [Part 04] Uploading segment...
[14:02:29.337] [Part 02] Uploading segment...
[14:02:29.360] [Part 05] Uploading segment...
[14:02:30.986] [Part 09] Running compression...
[14:02:31.045] [Part 00] Running compression...
[14:02:31.136] [Part 05] Running compression...
[14:02:31.166] [Part 08] Running compression...
[14:02:31.200] [Part 02] Running compression...
[14:02:31.204] [Part 07] Running compression...
[14:02:31.468] [Part 04] Running compression...
[14:02:31.596] [Part 01] Running compression...
[14:02:31.613] [Part 03] Running compression...
[14:02:31.646] [Part 06] Running compression...
[14:02:43.665] [Part 05] Done!
[14:02:43.727] [Part 01] Done!
[14:02:43.930] [Part 09] Done!
[14:02:44.271] [Part 05] Instance terminated.
[14:02:44.363] [Part 01] Instance terminated.
[14:02:44.548] [Part 09] Instance terminated.
[14:02:44.794] [Part 07] Done!
[14:02:45.049] [Part 02] Done!
[14:02:45.396] [Part 08] Done!
[14:02:45.450] [Part 07] Instance terminated.
[14:02:45.479] [Part 04] Done!
[14:02:45.685] [Part 02] Instance terminated.
[14:02:45.735] [Part 06] Done!
[14:02:46.072] [Part 08] Instance terminated.
[14:02:46.193] [Part 04] Instance terminated.
[14:02:46.264] [Part 00] Done!
[14:02:46.324] [Part 06] Instance terminated.
[14:02:46.898] [Part 00] Instance terminated.
[14:02:49.163] [Part 03] Done!
[14:02:49.772] [Part 03] Instance terminated.
[14:02:49.776] ============================================================
[14:02:49.777] RESULTS — 10x m5.large Horizontal OPTIMIZED
[14:02:49.777]   Total Time:    74.10s (1.24 min)
[14:02:49.777]   Split Time:    1.57s
[14:02:49.777]   Parallel Time: 72.53s (1.21 min)
[14:02:49.777] ============================================================
