[02:31:28.674] === Phase 3.2 Serial Baseline: 1x m5.large ===
[02:31:28.674] Codec: libx264, Threads: 5, Preset: slow
[02:31:28.674] Video: /home/breno/doutorado/ec2sweetspot_noms/ec2sweetspot_noms/artifacts/test_videos/video_repetido_10min.mp4
[02:31:28.674] [m5.large-Serial] Launching EC2 instance...
[02:31:30.430] [m5.large-Serial] Instance i-0c322feffbabe8cf7 launched. Waiting...
[02:31:46.462] [m5.large-Serial] Instance ready. IP: 3.84.132.142
[02:32:17.346] [m5.large-Serial] SSH connected.
[02:32:17.346] [m5.large-Serial] Installing ffmpeg...
[02:32:54.923] [m5.large-Serial] ffmpeg installed.
[02:32:55.311] [m5.large-Serial] CPU: Intel(R) Xeon(R) Platinum 8259CL CPU @ 2.50GHz
[02:32:55.312] [m5.large-Serial] Uploading 10-minute video...
[02:33:01.924] [m5.large-Serial] Upload complete.
[02:33:01.925] [m5.large-Serial] SETUP TIME: 93.25s (1.55 min)
[02:33:01.925] [m5.large-Serial] Running: ffmpeg -i /home/ubuntu/input.mp4 -c:v libx264 -preset slow -b:v 2M -threads 5 -y /home/ubuntu/output.mp4
[02:34:57.458] [m5.large-Serial] ENCODING TIME: 115.53s (1.93 min)
[02:34:58.391] [m5.large-Serial] Instance terminated.
[02:34:58.391] [m5.large-Serial] ============================================================
[02:34:58.391] [m5.large-Serial] RESULTS — m5.large Serial
[02:34:58.391] [m5.large-Serial]   Total Time:    208.78s (3.48 min)
[02:34:58.391] [m5.large-Serial]   Setup Time:    93.25s (1.55 min)
[02:34:58.391] [m5.large-Serial]   Encoding Time: 115.53s (1.93 min)
[02:34:58.391] [m5.large-Serial]   Setup %:       44.7%
[02:34:58.391] [m5.large-Serial] ============================================================
