[13:49:23.795] === Phase 3.2 OPTIMIZED Horizontal: 10x m5.large ===
[13:49:23.795] AMI: ami-06c7c20c67513469a (ffmpeg pre-installed)
[13:49:23.795] Codec: libx264, Threads: 5, Max workers: 10
[13:49:23.795] [Setup] Starting video split...
[13:49:23.844] [Setup] Video: 600.0s → 10 parts of 60.0s
[13:49:25.369] [Setup] Video split complete.
[13:49:25.370] [Summary] SPLIT TIME: 1.57s
[13:49:26.358] [Part 06] Launching m5.large...
[13:49:26.402] [Part 03] Launching m5.large...
[13:49:26.415] [Part 05] Launching m5.large...
[13:49:26.426] [Part 01] Launching m5.large...
[13:49:26.438] [Part 09] Launching m5.large...
[13:49:26.447] [Part 08] Launching m5.large...
[13:49:26.455] [Part 00] Launching m5.large...
[13:49:26.465] [Part 07] Launching m5.large...
[13:49:26.477] [Part 02] Launching m5.large...[13:49:26.480] [Part 04] Launching m5.large...

[13:49:44.048] [Part 08] Instance ready. IP: 34.228.222.246
[13:49:44.102] [Part 01] Instance ready. IP: 98.87.12.157
[13:49:44.116] [Part 05] Instance ready. IP: 3.89.134.194
[13:49:44.182] [Part 07] Instance ready. IP: 54.224.67.83
[13:49:44.187] [Part 02] Instance ready. IP: 35.153.184.39
[13:49:44.238] [Part 00] Instance ready. IP: 3.92.161.56
[13:49:44.498] [Part 06] Instance ready. IP: 54.242.236.41
[13:49:44.523] [Part 09] Instance ready. IP: 34.239.131.15
[13:49:44.575] [Part 03] Instance ready. IP: 184.73.142.99
[13:49:44.958] [Part 04] Instance ready. IP: 100.30.220.128
[13:50:16.243] [Part 05] CPU: Intel(R) Xeon(R) Platinum 8175M CPU @ 2.50GHz
[13:50:16.244] [Part 05] WARNING: CPU mismatch! Expected Intel(R) Xeon(R) Platinum 8259CL CPU @ 2.50GHz, got Intel(R) Xeon(R) Platinum 8175M CPU @ 2.50GHz
[13:50:16.254] [Part 01] CPU: Intel(R) Xeon(R) Platinum 8259CL CPU @ 2.50GHz
[13:50:16.257] [Part 08] CPU: Intel(R) Xeon(R) Platinum 8259CL CPU @ 2.50GHz
[13:50:16.399] [Part 07] CPU: Intel(R) Xeon(R) Platinum 8259CL CPU @ 2.50GHz
[13:50:16.418] [Part 00] CPU: Intel(R) Xeon(R) Platinum 8175M CPU @ 2.50GHz
[13:50:16.418] [Part 00] WARNING: CPU mismatch! Expected Intel(R) Xeon(R) Platinum 8259CL CPU @ 2.50GHz, got Intel(R) Xeon(R) Platinum 8175M CPU @ 2.50GHz
[13:50:16.428] [Part 02] CPU: Intel(R) Xeon(R) Platinum 8259CL CPU @ 2.50GHz
[13:50:16.639] [Part 06] CPU: Intel(R) Xeon(R) Platinum 8175M CPU @ 2.50GHz
[13:50:16.639] [Part 06] WARNING: CPU mismatch! Expected Intel(R) Xeon(R) Platinum 8259CL CPU @ 2.50GHz, got Intel(R) Xeon(R) Platinum 8175M CPU @ 2.50GHz
[13:50:16.748] [Part 09] CPU: Intel(R) Xeon(R) Platinum 8175M CPU @ 2.50GHz
[13:50:16.748] [Part 09] WARNING: CPU mismatch! Expected Intel(R) Xeon(R) Platinum 8259CL CPU @ 2.50GHz, got Intel(R) Xeon(R) Platinum 8175M CPU @ 2.50GHz
[13:50:16.776] [Part 03] CPU: Intel(R) Xeon(R) Platinum 8175M CPU @ 2.50GHz
[13:50:16.777] [Part 03] WARNING: CPU mismatch! Expected Intel(R) Xeon(R) Platinum 8259CL CPU @ 2.50GHz, got Intel(R) Xeon(R) Platinum 8175M CPU @ 2.50GHz
[13:50:16.837] [Part 01] Uploading segment...
[13:50:16.843] [Part 05] Uploading segment...
[13:50:16.861] [Part 08] Uploading segment...
[13:50:17.001] [Part 00] Uploading segment...
[13:50:17.004] [Part 07] Uploading segment...
[13:50:17.028] [Part 02] Uploading segment...
[13:50:17.097] [Part 04] CPU: Intel(R) Xeon(R) Platinum 8175M CPU @ 2.50GHz
[13:50:17.098] [Part 04] WARNING: CPU mismatch! Expected Intel(R) Xeon(R) Platinum 8259CL CPU @ 2.50GHz, got Intel(R) Xeon(R) Platinum 8175M CPU @ 2.50GHz
[13:50:17.222] [Part 06] Uploading segment...
[13:50:17.330] [Part 09] Uploading segment...
[13:50:17.380] [Part 03] Uploading segment...
[13:50:17.702] [Part 04] Uploading segment...
[13:50:18.674] [Part 05] Running compression...
[13:50:18.739] [Part 01] Running compression...
[13:50:18.984] [Part 00] Running compression...
[13:50:19.247] [Part 08] Running compression...
[13:50:19.253] [Part 07] Running compression...
[13:50:19.270] [Part 09] Running compression...
[13:50:19.276] [Part 02] Running compression...
[13:50:19.372] [Part 03] Running compression...
[13:50:19.691] [Part 06] Running compression...
[13:50:19.701] [Part 04] Running compression...
[13:50:30.865] [Part 05] Done!
[13:50:31.504] [Part 05] Instance terminated.
[13:50:31.714] [Part 01] Done!
[13:50:32.287] [Part 01] Instance terminated.
[13:50:32.959] [Part 09] Done!
[13:50:33.366] [Part 07] Done!
[13:50:33.423] [Part 00] Done!
[13:50:33.564] [Part 09] Instance terminated.
[13:50:33.578] [Part 08] Done!
[13:50:33.691] [Part 04] Done!
[13:50:34.042] [Part 07] Instance terminated.
[13:50:34.055] [Part 00] Instance terminated.
[13:50:34.189] [Part 08] Instance terminated.
[13:50:34.302] [Part 02] Done!
[13:50:34.309] [Part 04] Instance terminated.
[13:50:34.516] [Part 03] Done!
[13:50:34.970] [Part 02] Instance terminated.
[13:50:35.101] [Part 03] Instance terminated.
[13:50:35.921] [Part 06] Done!
[13:50:36.525] [Part 06] Instance terminated.
[13:50:36.530] ============================================================
[13:50:36.530] RESULTS — 10x m5.large Horizontal OPTIMIZED
[13:50:36.531]   Total Time:    72.73s (1.21 min)
[13:50:36.531]   Split Time:    1.57s
[13:50:36.531]   Parallel Time: 71.16s (1.19 min)
[13:50:36.531] ============================================================
