[03:36:07.511] === Phase 3.2 Horizontal Scaling: 10x m5.large ===
[03:36:07.511] Codec: libx264, Threads: 5, Preset: slow
[03:36:07.511] Max concurrent workers: 5
[03:36:07.511] [Setup] Starting video split...
[03:36:07.562] [Setup] Video duration: 600.0s, splitting into 10 parts of 60.0s each
[03:36:07.633] [Setup]   Part 00 created
[03:36:07.721] [Setup]   Part 01 created
[03:36:07.827] [Setup]   Part 02 created
[03:36:07.950] [Setup]   Part 03 created
[03:36:08.091] [Setup]   Part 04 created
[03:36:08.250] [Setup]   Part 05 created
[03:36:08.436] [Setup]   Part 06 created
[03:36:08.647] [Setup]   Part 07 created
[03:36:08.876] [Setup]   Part 08 created
[03:36:09.111] [Setup]   Part 09 created
[03:36:09.111] [Setup] Video split complete.
[03:36:09.111] [Summary] SPLIT TIME: 1.60s
[03:36:09.630] [Part 00] Launching m5.large...
[03:36:09.634] [Part 02] Launching m5.large...
[03:36:09.652] [Part 03] Launching m5.large...
[03:36:09.654] [Part 04] Launching m5.large...
[03:36:09.660] [Part 01] Launching m5.large...
[03:36:27.138] [Part 03] Instance ready. IP: 13.217.35.52
[03:36:27.252] [Part 02] Instance ready. IP: 3.81.69.69
[03:36:27.511] [Part 00] Instance ready. IP: 3.87.97.132
[03:36:27.517] [Part 01] Instance ready. IP: 3.89.199.88
[03:36:27.522] [Part 04] Instance ready. IP: 100.31.82.158
[03:36:58.009] [Part 03] Installing ffmpeg...
[03:36:58.210] [Part 02] Installing ffmpeg...
[03:36:58.403] [Part 00] Installing ffmpeg...
[03:36:58.475] [Part 01] Installing ffmpeg...
[03:36:58.482] [Part 04] Installing ffmpeg...
[03:37:35.127] [Part 02] ffmpeg installed.
[03:37:35.520] [Part 02] CPU: Intel(R) Xeon(R) Platinum 8259CL CPU @ 2.50GHz
[03:37:35.630] [Part 04] ffmpeg installed.
[03:37:35.765] [Part 01] ffmpeg installed.
[03:37:36.001] [Part 02] Uploading segment...
[03:37:36.030] [Part 04] CPU: Intel(R) Xeon(R) Platinum 8175M CPU @ 2.50GHz
[03:37:36.030] [Part 04] WARNING: CPU mismatch! Expected Intel(R) Xeon(R) Platinum 8259CL CPU @ 2.50GHz, got Intel(R) Xeon(R) Platinum 8175M CPU @ 2.50GHz
[03:37:36.154] [Part 01] CPU: Intel(R) Xeon(R) Platinum 8175M CPU @ 2.50GHz
[03:37:36.155] [Part 01] WARNING: CPU mismatch! Expected Intel(R) Xeon(R) Platinum 8259CL CPU @ 2.50GHz, got Intel(R) Xeon(R) Platinum 8175M CPU @ 2.50GHz
[03:37:36.515] [Part 04] Uploading segment...
[03:37:36.633] [Part 01] Uploading segment...
[03:37:36.966] [Part 03] ffmpeg installed.
[03:37:37.345] [Part 03] CPU: Intel(R) Xeon(R) Platinum 8175M CPU @ 2.50GHz
[03:37:37.347] [Part 03] WARNING: CPU mismatch! Expected Intel(R) Xeon(R) Platinum 8259CL CPU @ 2.50GHz, got Intel(R) Xeon(R) Platinum 8175M CPU @ 2.50GHz
[03:37:37.452] [Part 02] Running compression...
[03:37:37.815] [Part 03] Uploading segment...
[03:37:37.975] [Part 04] Running compression...
[03:37:38.070] [Part 01] Running compression...
[03:37:38.647] [Part 04] ERROR: FFmpeg failed: )
Press [q] to stop, [?] for help
Too many packets buffered for output stream 0:1.
[aac @ 0x55ab98a5f280] Qavg: 218.592
[aac @ 0x55ab98a5f280] 2 frames left in the queue on closing
Conversion failed!

[03:37:38.742] [Part 01] ERROR: FFmpeg failed: )
Press [q] to stop, [?] for help
Too many packets buffered for output stream 0:1.
[aac @ 0x558080642820] Qavg: 205.539
[aac @ 0x558080642820] 2 frames left in the queue on closing
Conversion failed!

[03:37:38.794] [Part 00] ffmpeg installed.
[03:37:39.186] [Part 00] CPU: Intel(R) Xeon(R) Platinum 8175M CPU @ 2.50GHz
[03:37:39.186] [Part 00] WARNING: CPU mismatch! Expected Intel(R) Xeon(R) Platinum 8259CL CPU @ 2.50GHz, got Intel(R) Xeon(R) Platinum 8175M CPU @ 2.50GHz
[03:37:39.199] [Part 03] Running compression...
[03:37:39.558] [Part 04] Instance terminated.
[03:37:39.573] [Part 05] Launching m5.large...
[03:37:39.665] [Part 00] Uploading segment...
[03:37:39.679] [Part 01] Instance terminated.
[03:37:39.710] [Part 06] Launching m5.large...
[03:37:41.001] [Part 00] Running compression...
[03:37:52.388] [Part 02] Done!
[03:37:53.374] [Part 02] Instance terminated.
[03:37:53.383] [Part 07] Launching m5.large...
[03:37:53.936] [Part 03] Done!
[03:37:54.881] [Part 03] Instance terminated.
[03:37:54.905] [Part 08] Launching m5.large...
[03:37:55.307] [Part 00] Done!
[03:37:56.327] [Part 00] Instance terminated.
[03:37:56.354] [Part 09] Launching m5.large...
[03:37:57.095] [Part 05] Instance ready. IP: 98.87.155.16
[03:37:57.266] [Part 06] Instance ready. IP: 3.89.184.80
[03:38:11.218] [Part 07] Instance ready. IP: 3.89.227.217
[03:38:12.444] [Part 08] Instance ready. IP: 54.237.237.35
[03:38:13.840] [Part 09] Instance ready. IP: 54.91.108.136
[03:38:27.959] [Part 05] Installing ffmpeg...
[03:38:28.187] [Part 06] Installing ffmpeg...
[03:38:42.095] [Part 07] Installing ffmpeg...
[03:38:43.303] [Part 08] Installing ffmpeg...
[03:38:44.698] [Part 09] Installing ffmpeg...
[03:39:05.889] [Part 06] ffmpeg installed.
[03:39:06.300] [Part 06] CPU: Intel(R) Xeon(R) Platinum 8175M CPU @ 2.50GHz
[03:39:06.300] [Part 06] WARNING: CPU mismatch! Expected Intel(R) Xeon(R) Platinum 8259CL CPU @ 2.50GHz, got Intel(R) Xeon(R) Platinum 8175M CPU @ 2.50GHz
[03:39:06.800] [Part 06] Uploading segment...
[03:39:08.413] [Part 06] Running compression...
[03:39:08.555] [Part 05] ffmpeg installed.
[03:39:08.937] [Part 05] CPU: Intel(R) Xeon(R) Platinum 8175M CPU @ 2.50GHz
[03:39:08.937] [Part 05] WARNING: CPU mismatch! Expected Intel(R) Xeon(R) Platinum 8259CL CPU @ 2.50GHz, got Intel(R) Xeon(R) Platinum 8175M CPU @ 2.50GHz
[03:39:09.402] [Part 05] Uploading segment...
[03:39:10.894] [Part 05] Running compression...
[03:39:20.640] [Part 08] ffmpeg installed.
[03:39:20.662] [Part 07] ffmpeg installed.
[03:39:21.020] [Part 08] CPU: Intel(R) Xeon(R) Platinum 8175M CPU @ 2.50GHz
[03:39:21.021] [Part 08] WARNING: CPU mismatch! Expected Intel(R) Xeon(R) Platinum 8259CL CPU @ 2.50GHz, got Intel(R) Xeon(R) Platinum 8175M CPU @ 2.50GHz
[03:39:21.052] [Part 07] CPU: Intel(R) Xeon(R) Platinum 8175M CPU @ 2.50GHz
[03:39:21.052] [Part 07] WARNING: CPU mismatch! Expected Intel(R) Xeon(R) Platinum 8259CL CPU @ 2.50GHz, got Intel(R) Xeon(R) Platinum 8175M CPU @ 2.50GHz
[03:39:21.371] [Part 09] ffmpeg installed.
[03:39:21.487] [Part 08] Uploading segment...
[03:39:21.531] [Part 07] Uploading segment...
[03:39:21.752] [Part 09] CPU: Intel(R) Xeon(R) Platinum 8259CL CPU @ 2.50GHz
[03:39:22.219] [Part 09] Uploading segment...
[03:39:22.890] [Part 08] Running compression...
[03:39:23.072] [Part 07] Running compression...
[03:39:23.469] [Part 06] Done!
[03:39:23.728] [Part 09] Running compression...
[03:39:24.427] [Part 06] Instance terminated.
[03:39:25.206] [Part 05] Done!
[03:39:26.105] [Part 05] Instance terminated.
[03:39:36.543] [Part 08] Done!
[03:39:37.500] [Part 08] Instance terminated.
[03:39:37.744] [Part 09] Done!
[03:39:38.218] [Part 07] Done!
[03:39:38.628] [Part 09] Instance terminated.
[03:39:39.145] [Part 07] Instance terminated.
[03:39:39.148] ============================================================
[03:39:39.148] RESULTS — 10x m5.large Horizontal
[03:39:39.148]   Total Time:    211.64s (3.53 min)
[03:39:39.148]   Split Time:    1.60s
[03:39:39.148]   Parallel Time: 210.04s (3.50 min)
[03:39:39.148] ============================================================
