[01:20:10.855] === Phase 3.2 Horizontal Scaling: 10x m5.large ===
[01:20:10.855] Codec: libx264, Threads: 5, Preset: slow
[01:20:10.855] Max concurrent workers: 5
[01:20:10.855] [Setup] Starting video split...
[01:20:10.907] [Setup] Video duration: 600.0s, splitting into 10 parts of 60.0s each
[01:20:10.979] [Setup]   Part 00 created
[01:20:11.069] [Setup]   Part 01 created
[01:20:11.176] [Setup]   Part 02 created
[01:20:11.301] [Setup]   Part 03 created
[01:20:11.453] [Setup]   Part 04 created
[01:20:11.611] [Setup]   Part 05 created
[01:20:11.786] [Setup]   Part 06 created
[01:20:11.983] [Setup]   Part 07 created
[01:20:12.199] [Setup]   Part 08 created
[01:20:12.431] [Setup]   Part 09 created
[01:20:12.431] [Setup] Video split complete.
[01:20:12.431] [Summary] SPLIT TIME: 1.58s
[01:20:12.880] [Part 01] Launching m5.large...
[01:20:12.938] [Part 04] Launching m5.large...
[01:20:12.946] [Part 02] Launching m5.large...
[01:20:12.957] [Part 03] Launching m5.large...
[01:20:12.964] [Part 00] Launching m5.large...
[01:20:30.495] [Part 04] Instance ready. IP: 52.91.56.219
[01:20:30.512] [Part 03] Instance ready. IP: 18.212.124.36
[01:20:30.526] [Part 01] Instance ready. IP: 18.234.177.247
[01:20:30.532] [Part 00] Instance ready. IP: 54.198.217.10
[01:20:30.797] [Part 02] Instance ready. IP: 3.92.28.148
[01:21:01.356] [Part 04] Installing ffmpeg...
[01:21:01.423] [Part 01] Installing ffmpeg...
[01:21:01.430] [Part 00] Installing ffmpeg...
[01:21:01.438] [Part 03] Installing ffmpeg...
[01:21:01.702] [Part 02] Installing ffmpeg...
[01:21:38.069] [Part 01] ffmpeg installed.
[01:21:38.448] [Part 01] CPU: Intel(R) Xeon(R) Platinum 8175M CPU @ 2.50GHz
[01:21:38.448] [Part 01] WARNING: CPU mismatch! Expected Intel(R) Xeon(R) Platinum 8259CL CPU @ 2.50GHz, got Intel(R) Xeon(R) Platinum 8175M CPU @ 2.50GHz
[01:21:38.835] [Part 03] ffmpeg installed.
[01:21:38.917] [Part 01] Uploading segment...
[01:21:39.231] [Part 03] CPU: Intel(R) Xeon(R) Platinum 8175M CPU @ 2.50GHz
[01:21:39.232] [Part 03] WARNING: CPU mismatch! Expected Intel(R) Xeon(R) Platinum 8259CL CPU @ 2.50GHz, got Intel(R) Xeon(R) Platinum 8175M CPU @ 2.50GHz
[01:21:39.612] [Part 02] ffmpeg installed.
[01:21:39.716] [Part 03] Uploading segment...
[01:21:40.003] [Part 02] CPU: Intel(R) Xeon(R) Platinum 8175M CPU @ 2.50GHz
[01:21:40.004] [Part 02] WARNING: CPU mismatch! Expected Intel(R) Xeon(R) Platinum 8259CL CPU @ 2.50GHz, got Intel(R) Xeon(R) Platinum 8175M CPU @ 2.50GHz
[01:21:40.315] [Part 01] Running compression...
[01:21:40.484] [Part 02] Uploading segment...
[01:21:40.519] [Part 04] ffmpeg installed.
[01:21:40.698] [Part 00] ffmpeg installed.
[01:21:40.905] [Part 04] CPU: Intel(R) Xeon(R) Platinum 8175M CPU @ 2.50GHz
[01:21:40.905] [Part 04] WARNING: CPU mismatch! Expected Intel(R) Xeon(R) Platinum 8259CL CPU @ 2.50GHz, got Intel(R) Xeon(R) Platinum 8175M CPU @ 2.50GHz
[01:21:40.985] [Part 01] ERROR: FFmpeg failed: )
Press [q] to stop, [?] for help
Too many packets buffered for output stream 0:1.
[aac @ 0x562d2d2e4820] Qavg: 205.539
[aac @ 0x562d2d2e4820] 2 frames left in the queue on closing
Conversion failed!

[01:21:41.083] [Part 00] CPU: Intel(R) Xeon(R) Platinum 8175M CPU @ 2.50GHz
[01:21:41.083] [Part 00] WARNING: CPU mismatch! Expected Intel(R) Xeon(R) Platinum 8259CL CPU @ 2.50GHz, got Intel(R) Xeon(R) Platinum 8175M CPU @ 2.50GHz
[01:21:41.287] [Part 03] Running compression...
[01:21:41.371] [Part 04] Uploading segment...
[01:21:41.551] [Part 00] Uploading segment...
[01:21:41.941] [Part 01] Instance terminated.
[01:21:41.974] [Part 05] Launching m5.large...
[01:21:42.017] [Part 02] Running compression...
[01:21:42.801] [Part 04] Running compression...
[01:21:42.884] [Part 00] Running compression...
[01:21:43.465] [Part 04] ERROR: FFmpeg failed: )
Press [q] to stop, [?] for help
Too many packets buffered for output stream 0:1.
[aac @ 0x5592c45f5280] Qavg: 218.592
[aac @ 0x5592c45f5280] 2 frames left in the queue on closing
Conversion failed!

[01:21:44.385] [Part 04] Instance terminated.
[01:21:44.421] [Part 06] Launching m5.large...
[01:21:56.028] [Part 03] Done!
[01:21:57.013] [Part 02] Done!
[01:21:57.033] [Part 03] Instance terminated.
[01:21:57.062] [Part 07] Launching m5.large...
[01:21:57.381] [Part 00] Done!
[01:21:57.936] [Part 02] Instance terminated.
[01:21:57.951] [Part 08] Launching m5.large...
[01:21:58.294] [Part 00] Instance terminated.
[01:21:58.301] [Part 09] Launching m5.large...
[01:21:59.462] [Part 05] Instance ready. IP: 98.91.203.113
[01:22:01.979] [Part 06] Instance ready. IP: 50.17.37.211
[01:22:14.941] [Part 07] Instance ready. IP: 35.173.254.80
[01:22:15.550] [Part 08] Instance ready. IP: 54.173.183.180
[01:22:15.851] [Part 09] Instance ready. IP: 18.209.34.4
[01:22:30.333] [Part 05] Installing ffmpeg...
[01:22:32.842] [Part 06] Installing ffmpeg...
[01:22:45.855] [Part 07] Installing ffmpeg...
[01:22:46.454] [Part 08] Installing ffmpeg...
[01:22:46.744] [Part 09] Installing ffmpeg...
[01:23:07.805] [Part 05] ffmpeg installed.
[01:23:08.184] [Part 05] CPU: Intel(R) Xeon(R) Platinum 8175M CPU @ 2.50GHz
[01:23:08.185] [Part 05] WARNING: CPU mismatch! Expected Intel(R) Xeon(R) Platinum 8259CL CPU @ 2.50GHz, got Intel(R) Xeon(R) Platinum 8175M CPU @ 2.50GHz
[01:23:08.651] [Part 05] Uploading segment...
[01:23:10.067] [Part 06] ffmpeg installed.
[01:23:10.257] [Part 05] Running compression...
[01:23:10.448] [Part 06] CPU: Intel(R) Xeon(R) Platinum 8175M CPU @ 2.50GHz
[01:23:10.448] [Part 06] WARNING: CPU mismatch! Expected Intel(R) Xeon(R) Platinum 8259CL CPU @ 2.50GHz, got Intel(R) Xeon(R) Platinum 8175M CPU @ 2.50GHz
[01:23:10.914] [Part 06] Uploading segment...
[01:23:12.355] [Part 06] Running compression...
[01:23:22.666] [Part 08] ffmpeg installed.
[01:23:23.065] [Part 08] CPU: Intel(R) Xeon(R) Platinum 8175M CPU @ 2.50GHz
[01:23:23.065] [Part 08] WARNING: CPU mismatch! Expected Intel(R) Xeon(R) Platinum 8259CL CPU @ 2.50GHz, got Intel(R) Xeon(R) Platinum 8175M CPU @ 2.50GHz
[01:23:23.552] [Part 07] ffmpeg installed.
[01:23:23.554] [Part 08] Uploading segment...
[01:23:23.960] [Part 07] CPU: Intel(R) Xeon(R) Platinum 8175M CPU @ 2.50GHz
[01:23:23.960] [Part 07] WARNING: CPU mismatch! Expected Intel(R) Xeon(R) Platinum 8259CL CPU @ 2.50GHz, got Intel(R) Xeon(R) Platinum 8175M CPU @ 2.50GHz
[01:23:24.397] [Part 05] Done!
[01:23:24.461] [Part 07] Uploading segment...
[01:23:25.122] [Part 08] Running compression...
[01:23:25.165] [Part 09] ffmpeg installed.
[01:23:25.304] [Part 05] Instance terminated.
[01:23:25.544] [Part 09] CPU: Intel(R) Xeon(R) Platinum 8259CL CPU @ 2.50GHz
[01:23:26.011] [Part 09] Uploading segment...
[01:23:26.067] [Part 07] Running compression...
[01:23:27.184] [Part 06] Done!
[01:23:27.520] [Part 09] Running compression...
[01:23:28.105] [Part 06] Instance terminated.
[01:23:38.789] [Part 08] Done!
[01:23:39.674] [Part 08] Instance terminated.
[01:23:41.787] [Part 09] Done!
[01:23:41.802] [Part 07] Done!
[01:23:42.676] [Part 09] Instance terminated.
[01:23:42.712] [Part 07] Instance terminated.
[01:23:42.713] ============================================================
[01:23:42.713] RESULTS — 10x m5.large Horizontal
[01:23:42.713]   Total Time:    211.86s (3.53 min)
[01:23:42.713]   Split Time:    1.58s
[01:23:42.713]   Parallel Time: 210.28s (3.50 min)
[01:23:42.713] ============================================================
