[21:10:04.339] === Phase 3.2 Horizontal Scaling: 10x m5.large ===
[21:10:04.339] Codec: libx264, Threads: 5, Preset: slow
[21:10:04.339] Max concurrent workers: 5
[21:10:04.339] [Setup] Starting video split...
[21:10:04.397] [Setup] Video duration: 600.0s, splitting into 10 parts of 60.0s each
[21:10:04.502] [Setup]   Part 00 created
[21:10:04.651] [Setup]   Part 01 created
[21:10:04.793] [Setup]   Part 02 created
[21:10:04.954] [Setup]   Part 03 created
[21:10:05.164] [Setup]   Part 04 created
[21:10:05.369] [Setup]   Part 05 created
[21:10:05.620] [Setup]   Part 06 created
[21:10:05.853] [Setup]   Part 07 created
[21:10:06.110] [Setup]   Part 08 created
[21:10:06.387] [Setup]   Part 09 created
[21:10:06.387] [Setup] Video split complete.
[21:10:06.388] [Summary] SPLIT TIME: 2.05s
[21:10:07.062] [Part 02] Launching m5.large...
[21:10:07.111] [Part 03] Launching m5.large...
[21:10:07.121] [Part 00] Launching m5.large...
[21:10:07.135] [Part 04] Launching m5.large...
[21:10:07.143] [Part 01] Launching m5.large...
[21:10:25.001] [Part 02] Instance ready. IP: 54.174.221.101
[21:10:25.006] [Part 03] Instance ready. IP: 100.31.56.24
[21:10:25.018] [Part 04] Instance ready. IP: 52.55.2.29
[21:10:25.027] [Part 00] Instance ready. IP: 18.232.156.65
[21:10:25.036] [Part 01] Instance ready. IP: 3.81.94.188
[21:10:55.862] [Part 02] Installing ffmpeg...
[21:10:55.898] [Part 03] Installing ffmpeg...
[21:10:55.960] [Part 00] Installing ffmpeg...
[21:10:55.963] [Part 04] Installing ffmpeg...
[21:10:56.071] [Part 01] Installing ffmpeg...
[21:11:31.563] [Part 03] ffmpeg installed.
[21:11:31.948] [Part 03] CPU: Intel(R) Xeon(R) Platinum 8259CL CPU @ 2.50GHz
[21:11:32.042] [Part 02] ffmpeg installed.
[21:11:32.413] [Part 03] Uploading segment...
[21:11:32.425] [Part 02] CPU: Intel(R) Xeon(R) Platinum 8175M CPU @ 2.50GHz
[21:11:32.425] [Part 02] WARNING: CPU mismatch! Expected Intel(R) Xeon(R) Platinum 8259CL CPU @ 2.50GHz, got Intel(R) Xeon(R) Platinum 8175M CPU @ 2.50GHz
[21:11:32.891] [Part 02] Uploading segment...
[21:11:33.779] [Part 00] ffmpeg installed.
[21:11:33.807] [Part 03] Running compression...
[21:11:34.177] [Part 00] CPU: Intel(R) Xeon(R) Platinum 8175M CPU @ 2.50GHz
[21:11:34.178] [Part 00] WARNING: CPU mismatch! Expected Intel(R) Xeon(R) Platinum 8259CL CPU @ 2.50GHz, got Intel(R) Xeon(R) Platinum 8175M CPU @ 2.50GHz
[21:11:34.195] [Part 01] ffmpeg installed.
[21:11:34.232] [Part 04] ffmpeg installed.
[21:11:34.285] [Part 02] Running compression...
[21:11:34.628] [Part 04] CPU: Intel(R) Xeon(R) Platinum 8259CL CPU @ 2.50GHz
[21:11:34.630] [Part 01] CPU: Intel(R) Xeon(R) Platinum 8259CL CPU @ 2.50GHz
[21:11:34.662] [Part 00] Uploading segment...
[21:11:35.111] [Part 04] Uploading segment...
[21:11:35.170] [Part 01] Uploading segment...
[21:11:36.607] [Part 04] Running compression...
[21:11:36.675] [Part 00] Running compression...
[21:11:36.814] [Part 01] Running compression...
[21:11:37.279] [Part 04] ERROR: FFmpeg failed: )
Press [q] to stop, [?] for help
Too many packets buffered for output stream 0:1.
[aac @ 0x55dd32cdb280] Qavg: 218.592
[aac @ 0x55dd32cdb280] 2 frames left in the queue on closing
Conversion failed!

[21:11:37.517] [Part 01] ERROR: FFmpeg failed: )
Press [q] to stop, [?] for help
Too many packets buffered for output stream 0:1.
[aac @ 0x55f36bc37820] Qavg: 205.539
[aac @ 0x55f36bc37820] 2 frames left in the queue on closing
Conversion failed!

[21:11:38.207] [Part 04] Instance terminated.
[21:11:38.217] [Part 05] Launching m5.large...
[21:11:38.396] [Part 01] Instance terminated.
[21:11:38.404] [Part 06] Launching m5.large...
[21:11:48.108] [Part 03] Done!
[21:11:49.068] [Part 03] Instance terminated.
[21:11:49.078] [Part 07] Launching m5.large...
[21:11:49.079] [Part 02] Done!
[21:11:49.969] [Part 02] Instance terminated.
[21:11:49.977] [Part 08] Launching m5.large...
[21:11:51.129] [Part 00] Done!
[21:11:52.000] [Part 00] Instance terminated.
[21:11:52.013] [Part 09] Launching m5.large...
[21:11:55.992] [Part 05] Instance ready. IP: 3.91.75.236
[21:11:56.070] [Part 06] Instance ready. IP: 54.88.76.105
[21:12:06.808] [Part 07] Instance ready. IP: 3.91.250.57
[21:12:07.539] [Part 08] Instance ready. IP: 98.94.103.9
[21:12:09.745] [Part 09] Instance ready. IP: 3.89.4.77
[21:12:26.979] [Part 05] Installing ffmpeg...
[21:12:26.999] [Part 06] Installing ffmpeg...
[21:12:37.825] [Part 07] Installing ffmpeg...
[21:12:38.397] [Part 08] Installing ffmpeg...
[21:12:40.762] [Part 09] Installing ffmpeg...
[21:13:03.118] [Part 05] ffmpeg installed.
[21:13:03.557] [Part 05] CPU: Intel(R) Xeon(R) Platinum 8175M CPU @ 2.50GHz
[21:13:03.558] [Part 05] WARNING: CPU mismatch! Expected Intel(R) Xeon(R) Platinum 8259CL CPU @ 2.50GHz, got Intel(R) Xeon(R) Platinum 8175M CPU @ 2.50GHz
[21:13:04.098] [Part 05] Uploading segment...
[21:13:05.068] [Part 06] ffmpeg installed.
[21:13:05.468] [Part 06] CPU: Intel(R) Xeon(R) Platinum 8175M CPU @ 2.50GHz
[21:13:05.468] [Part 06] WARNING: CPU mismatch! Expected Intel(R) Xeon(R) Platinum 8259CL CPU @ 2.50GHz, got Intel(R) Xeon(R) Platinum 8175M CPU @ 2.50GHz
[21:13:05.732] [Part 05] Running compression...
[21:13:05.958] [Part 06] Uploading segment...
[21:13:07.419] [Part 06] Running compression...
[21:13:13.566] [Part 08] ffmpeg installed.
[21:13:13.946] [Part 08] CPU: Intel(R) Xeon(R) Platinum 8175M CPU @ 2.50GHz
[21:13:13.946] [Part 08] WARNING: CPU mismatch! Expected Intel(R) Xeon(R) Platinum 8259CL CPU @ 2.50GHz, got Intel(R) Xeon(R) Platinum 8175M CPU @ 2.50GHz
[21:13:14.130] [Part 07] ffmpeg installed.
[21:13:14.412] [Part 08] Uploading segment...
[21:13:14.581] [Part 07] CPU: Intel(R) Xeon(R) Platinum 8175M CPU @ 2.50GHz
[21:13:14.581] [Part 07] WARNING: CPU mismatch! Expected Intel(R) Xeon(R) Platinum 8259CL CPU @ 2.50GHz, got Intel(R) Xeon(R) Platinum 8175M CPU @ 2.50GHz
[21:13:15.140] [Part 07] Uploading segment...
[21:13:15.709] [Part 08] Running compression...
[21:13:16.362] [Part 09] ffmpeg installed.
[21:13:16.810] [Part 09] CPU: Intel(R) Xeon(R) Platinum 8259CL CPU @ 2.50GHz
[21:13:16.852] [Part 07] Running compression...
[21:13:17.370] [Part 09] Uploading segment...
[21:13:19.063] [Part 09] Running compression...
[21:13:20.032] [Part 05] Done!
[21:13:21.231] [Part 05] Instance terminated.
[21:13:22.361] [Part 06] Done!
[21:13:23.256] [Part 06] Instance terminated.
[21:13:29.430] [Part 08] Done!
[21:13:30.382] [Part 08] Instance terminated.
[21:13:31.314] [Part 09] Done!
[21:13:32.210] [Part 09] Instance terminated.
[21:13:32.704] [Part 07] Done!
[21:13:33.602] [Part 07] Instance terminated.
[21:13:33.603] ============================================================
[21:13:33.603] RESULTS — 10x m5.large Horizontal
[21:13:33.603]   Total Time:    209.26s (3.49 min)
[21:13:33.603]   Split Time:    2.05s
[21:13:33.603]   Parallel Time: 207.22s (3.45 min)
[21:13:33.603] ============================================================
