[03:56:56.116] === Phase 3.2 Horizontal Scaling: 10x m5.large ===
[03:56:56.116] Codec: libx264, Threads: 5, Preset: slow
[03:56:56.116] Max concurrent workers: 5
[03:56:56.116] [Setup] Starting video split...
[03:56:56.166] [Setup] Video duration: 600.0s, splitting into 10 parts of 60.0s each
[03:56:56.250] [Setup]   Part 00 created
[03:56:56.349] [Setup]   Part 01 created
[03:56:56.456] [Setup]   Part 02 created
[03:56:56.582] [Setup]   Part 03 created
[03:56:56.725] [Setup]   Part 04 created
[03:56:56.895] [Setup]   Part 05 created
[03:56:57.069] [Setup]   Part 06 created
[03:56:57.266] [Setup]   Part 07 created
[03:56:57.479] [Setup]   Part 08 created
[03:56:57.715] [Setup]   Part 09 created
[03:56:57.715] [Setup] Video split complete.
[03:56:57.715] [Summary] SPLIT TIME: 1.60s
[03:56:58.241] [Part 04] Launching m5.large...
[03:56:58.255] [Part 03] Launching m5.large...
[03:56:58.267] [Part 01] Launching m5.large...
[03:56:58.275] [Part 00] Launching m5.large...
[03:56:58.283] [Part 02] Launching m5.large...
[03:57:15.719] [Part 04] Instance ready. IP: 98.93.102.46
[03:57:15.749] [Part 00] Instance ready. IP: 54.211.167.51
[03:57:16.074] [Part 01] Instance ready. IP: 3.94.89.140
[03:57:16.092] [Part 03] Instance ready. IP: 98.87.14.179
[03:57:16.103] [Part 02] Instance ready. IP: 100.54.233.156
[03:57:46.649] [Part 04] Installing ffmpeg...
[03:57:46.682] [Part 00] Installing ffmpeg...
[03:57:46.965] [Part 03] Installing ffmpeg...
[03:57:47.033] [Part 02] Installing ffmpeg...
[03:57:47.054] [Part 01] Installing ffmpeg...
[03:58:23.712] [Part 02] ffmpeg installed.
[03:58:24.034] [Part 01] ffmpeg installed.
[03:58:24.093] [Part 02] CPU: Intel(R) Xeon(R) Platinum 8259CL CPU @ 2.50GHz
[03:58:24.128] [Part 00] ffmpeg installed.
[03:58:24.231] [Part 04] ffmpeg installed.
[03:58:24.437] [Part 01] CPU: Intel(R) Xeon(R) Platinum 8259CL CPU @ 2.50GHz
[03:58:24.524] [Part 00] CPU: Intel(R) Xeon(R) Platinum 8259CL CPU @ 2.50GHz
[03:58:24.560] [Part 02] Uploading segment...
[03:58:24.613] [Part 04] CPU: Intel(R) Xeon(R) Platinum 8259CL CPU @ 2.50GHz
[03:58:24.811] [Part 03] ffmpeg installed.
[03:58:24.934] [Part 01] Uploading segment...
[03:58:25.008] [Part 00] Uploading segment...
[03:58:25.094] [Part 04] Uploading segment...
[03:58:25.192] [Part 03] CPU: Intel(R) Xeon(R) Platinum 8259CL CPU @ 2.50GHz
[03:58:25.661] [Part 03] Uploading segment...
[03:58:25.977] [Part 02] Running compression...
[03:58:26.369] [Part 00] Running compression...
[03:58:26.439] [Part 01] Running compression...
[03:58:26.491] [Part 04] Running compression...
[03:58:27.120] [Part 01] ERROR: FFmpeg failed: )
Press [q] to stop, [?] for help
Too many packets buffered for output stream 0:1.
[aac @ 0x556971fc4820] Qavg: 205.539
[aac @ 0x556971fc4820] 2 frames left in the queue on closing
Conversion failed!

[03:58:27.153] [Part 04] ERROR: FFmpeg failed: )
Press [q] to stop, [?] for help
Too many packets buffered for output stream 0:1.
[aac @ 0x55f332968280] Qavg: 218.592
[aac @ 0x55f332968280] 2 frames left in the queue on closing
Conversion failed!

[03:58:27.278] [Part 03] Running compression...
[03:58:28.044] [Part 04] Instance terminated.
[03:58:28.050] [Part 05] Launching m5.large...
[03:58:28.109] [Part 01] Instance terminated.
[03:58:28.135] [Part 06] Launching m5.large...
[03:58:40.556] [Part 02] Done!
[03:58:40.847] [Part 00] Done!
[03:58:41.436] [Part 02] Instance terminated.
[03:58:41.444] [Part 07] Launching m5.large...
[03:58:41.741] [Part 00] Instance terminated.
[03:58:41.769] [Part 08] Launching m5.large...
[03:58:41.884] [Part 03] Done!
[03:58:42.777] [Part 03] Instance terminated.
[03:58:42.804] [Part 09] Launching m5.large...
[03:58:45.505] [Part 05] Instance ready. IP: 54.174.142.12
[03:58:45.760] [Part 06] Instance ready. IP: 54.174.20.232
[03:58:58.761] [Part 07] Instance ready. IP: 34.204.90.211
[03:58:59.195] [Part 08] Instance ready. IP: 18.212.144.158
[03:59:00.198] [Part 09] Instance ready. IP: 54.167.238.126
[03:59:16.441] [Part 05] Installing ffmpeg...
[03:59:16.621] [Part 06] Installing ffmpeg...
[03:59:29.632] [Part 07] Installing ffmpeg...
[03:59:30.087] [Part 08] Installing ffmpeg...
[03:59:31.094] [Part 09] Installing ffmpeg...
[03:59:53.309] [Part 06] ffmpeg installed.
[03:59:53.690] [Part 06] CPU: Intel(R) Xeon(R) Platinum 8175M CPU @ 2.50GHz
[03:59:53.690] [Part 06] WARNING: CPU mismatch! Expected Intel(R) Xeon(R) Platinum 8259CL CPU @ 2.50GHz, got Intel(R) Xeon(R) Platinum 8175M CPU @ 2.50GHz
[03:59:54.106] [Part 05] ffmpeg installed.
[03:59:54.156] [Part 06] Uploading segment...
[03:59:54.491] [Part 05] CPU: Intel(R) Xeon(R) Platinum 8175M CPU @ 2.50GHz
[03:59:54.491] [Part 05] WARNING: CPU mismatch! Expected Intel(R) Xeon(R) Platinum 8259CL CPU @ 2.50GHz, got Intel(R) Xeon(R) Platinum 8175M CPU @ 2.50GHz
[03:59:54.958] [Part 05] Uploading segment...
[03:59:55.661] [Part 06] Running compression...
[03:59:56.371] [Part 05] Running compression...
[04:00:07.068] [Part 07] ffmpeg installed.
[04:00:07.447] [Part 07] CPU: Intel(R) Xeon(R) Platinum 8175M CPU @ 2.50GHz
[04:00:07.447] [Part 07] WARNING: CPU mismatch! Expected Intel(R) Xeon(R) Platinum 8259CL CPU @ 2.50GHz, got Intel(R) Xeon(R) Platinum 8175M CPU @ 2.50GHz
[04:00:07.914] [Part 07] Uploading segment...
[04:00:08.022] [Part 08] ffmpeg installed.
[04:00:08.421] [Part 08] CPU: Intel(R) Xeon(R) Platinum 8175M CPU @ 2.50GHz
[04:00:08.421] [Part 08] WARNING: CPU mismatch! Expected Intel(R) Xeon(R) Platinum 8259CL CPU @ 2.50GHz, got Intel(R) Xeon(R) Platinum 8175M CPU @ 2.50GHz
[04:00:08.905] [Part 08] Uploading segment...
[04:00:09.324] [Part 07] Running compression...
[04:00:10.293] [Part 06] Done!
[04:00:10.308] [Part 05] Done!
[04:00:10.367] [Part 08] Running compression...
[04:00:10.484] [Part 09] ffmpeg installed.
[04:00:10.881] [Part 09] CPU: Intel(R) Xeon(R) Platinum 8175M CPU @ 2.50GHz
[04:00:10.882] [Part 09] WARNING: CPU mismatch! Expected Intel(R) Xeon(R) Platinum 8259CL CPU @ 2.50GHz, got Intel(R) Xeon(R) Platinum 8175M CPU @ 2.50GHz
[04:00:11.211] [Part 05] Instance terminated.
[04:00:11.298] [Part 06] Instance terminated.
[04:00:11.368] [Part 09] Uploading segment...
[04:00:12.947] [Part 09] Running compression...
[04:00:24.113] [Part 08] Done!
[04:00:24.739] [Part 07] Done!
[04:00:25.029] [Part 08] Instance terminated.
[04:00:25.645] [Part 07] Instance terminated.
[04:00:27.299] [Part 09] Done!
[04:00:28.271] [Part 09] Instance terminated.
[04:00:28.273] ============================================================
[04:00:28.273] RESULTS — 10x m5.large Horizontal
[04:00:28.273]   Total Time:    212.16s (3.54 min)
[04:00:28.273]   Split Time:    1.60s
[04:00:28.273]   Parallel Time: 210.56s (3.51 min)
[04:00:28.273] ============================================================
