[10:39:44.880] === Phase 3.2 OPTIMIZED Horizontal: 10x m5.large ===
[10:39:44.880] AMI: ami-06c7c20c67513469a (ffmpeg pre-installed)
[10:39:44.880] Codec: libx264, Threads: 5, Max workers: 10
[10:39:44.880] [Setup] Starting video split...
[10:39:44.928] [Setup] Video: 600.0s → 10 parts of 60.0s
[10:39:46.415] [Setup] Video split complete.
[10:39:46.415] [Summary] SPLIT TIME: 1.54s
[10:39:47.390] [Part 06] Launching m5.large...
[10:39:47.400] [Part 05] Launching m5.large...
[10:39:47.400] [Part 07] Launching m5.large...
[10:39:47.418] [Part 08] Launching m5.large...
[10:39:47.428] [Part 02] Launching m5.large...
[10:39:47.435] [Part 04] Launching m5.large...
[10:39:47.444] [Part 00] Launching m5.large...
[10:39:47.454] [Part 09] Launching m5.large...
[10:39:47.461] [Part 01] Launching m5.large...
[10:39:47.468] [Part 03] Launching m5.large...
[10:40:05.106] [Part 08] Instance ready. IP: 18.206.239.29
[10:40:05.111] [Part 09] Instance ready. IP: 3.87.49.106
[10:40:05.123] [Part 02] Instance ready. IP: 54.173.194.32
[10:40:05.142] [Part 06] Instance ready. IP: 3.90.47.18
[10:40:05.149] [Part 03] Instance ready. IP: 13.221.4.227
[10:40:05.159] [Part 05] Instance ready. IP: 98.87.14.241
[10:40:05.165] [Part 07] Instance ready. IP: 98.87.6.69
[10:40:05.199] [Part 04] Instance ready. IP: 54.80.54.11
[10:40:05.263] [Part 01] Instance ready. IP: 18.212.116.252
[10:40:05.323] [Part 00] Instance ready. IP: 3.88.129.215
[10:40:37.047] [Part 00] CPU: Intel(R) Xeon(R) Platinum 8175M CPU @ 2.50GHz
[10:40:37.047] [Part 00] WARNING: CPU mismatch! Expected Intel(R) Xeon(R) Platinum 8259CL CPU @ 2.50GHz, got Intel(R) Xeon(R) Platinum 8175M CPU @ 2.50GHz
[10:40:37.283] [Part 09] CPU: Intel(R) Xeon(R) Platinum 8175M CPU @ 2.50GHz
[10:40:37.283] [Part 09] WARNING: CPU mismatch! Expected Intel(R) Xeon(R) Platinum 8259CL CPU @ 2.50GHz, got Intel(R) Xeon(R) Platinum 8175M CPU @ 2.50GHz
[10:40:37.297] [Part 07] CPU: Intel(R) Xeon(R) Platinum 8175M CPU @ 2.50GHz
[10:40:37.298] [Part 07] WARNING: CPU mismatch! Expected Intel(R) Xeon(R) Platinum 8259CL CPU @ 2.50GHz, got Intel(R) Xeon(R) Platinum 8175M CPU @ 2.50GHz
[10:40:37.323] [Part 02] CPU: Intel(R) Xeon(R) Platinum 8259CL CPU @ 2.50GHz
[10:40:37.366] [Part 06] CPU: Intel(R) Xeon(R) Platinum 8259CL CPU @ 2.50GHz
[10:40:37.370] [Part 03] CPU: Intel(R) Xeon(R) Platinum 8259CL CPU @ 2.50GHz
[10:40:37.384] [Part 05] CPU: Intel(R) Xeon(R) Platinum 8175M CPU @ 2.50GHz
[10:40:37.384] [Part 05] WARNING: CPU mismatch! Expected Intel(R) Xeon(R) Platinum 8259CL CPU @ 2.50GHz, got Intel(R) Xeon(R) Platinum 8175M CPU @ 2.50GHz
[10:40:37.400] [Part 04] CPU: Intel(R) Xeon(R) Platinum 8259CL CPU @ 2.50GHz
[10:40:37.427] [Part 08] CPU: Intel(R) Xeon(R) Platinum 8259CL CPU @ 2.50GHz
[10:40:37.544] [Part 01] CPU: Intel(R) Xeon(R) Platinum 8175M CPU @ 2.50GHz
[10:40:37.545] [Part 01] WARNING: CPU mismatch! Expected Intel(R) Xeon(R) Platinum 8259CL CPU @ 2.50GHz, got Intel(R) Xeon(R) Platinum 8175M CPU @ 2.50GHz
[10:40:37.648] [Part 00] Uploading segment...
[10:40:37.864] [Part 09] Uploading segment...
[10:40:37.880] [Part 07] Uploading segment...
[10:40:37.905] [Part 02] Uploading segment...
[10:40:37.951] [Part 06] Uploading segment...
[10:40:37.952] [Part 03] Uploading segment...
[10:40:37.965] [Part 05] Uploading segment...
[10:40:38.004] [Part 04] Uploading segment...
[10:40:38.030] [Part 08] Uploading segment...
[10:40:38.145] [Part 01] Uploading segment...
[10:40:40.240] [Part 00] Running compression...
[10:40:40.438] [Part 06] Running compression...
[10:40:40.527] [Part 07] Running compression...
[10:40:40.572] [Part 03] Running compression...
[10:40:40.843] [Part 04] Running compression...
[10:40:40.884] [Part 08] Running compression...
[10:40:40.954] [Part 05] Running compression...
[10:40:40.967] [Part 01] Running compression...
[10:40:40.986] [Part 09] Running compression...
[10:40:41.022] [Part 02] Running compression...
[10:40:53.831] [Part 01] Done!
[10:40:54.148] [Part 09] Done!
[10:40:54.221] [Part 06] Done!
[10:40:54.416] [Part 00] Done!
[10:40:54.430] [Part 02] Done!
[10:40:54.474] [Part 01] Instance terminated.
[10:40:54.527] [Part 05] Done!
[10:40:54.752] [Part 09] Instance terminated.
[10:40:54.796] [Part 06] Instance terminated.
[10:40:54.819] [Part 08] Done!
[10:40:55.014] [Part 04] Done!
[10:40:55.025] [Part 00] Instance terminated.
[10:40:55.076] [Part 02] Instance terminated.
[10:40:55.116] [Part 07] Done!
[10:40:55.134] [Part 05] Instance terminated.
[10:40:55.214] [Part 03] Done!
[10:40:55.403] [Part 08] Instance terminated.
[10:40:55.591] [Part 04] Instance terminated.
[10:40:55.742] [Part 07] Instance terminated.
[10:40:55.820] [Part 03] Instance terminated.
[10:40:55.827] ============================================================
[10:40:55.827] RESULTS — 10x m5.large Horizontal OPTIMIZED
[10:40:55.827]   Total Time:    70.95s (1.18 min)
[10:40:55.827]   Split Time:    1.54s
[10:40:55.827]   Parallel Time: 69.41s (1.16 min)
[10:40:55.827] ============================================================
