[20:51:14.977] === Phase 3.2 Horizontal Scaling: 10x m5.large ===
[20:51:14.977] Codec: libx264, Threads: 5, Preset: slow
[20:51:14.977] Max concurrent workers: 5
[20:51:14.977] [Setup] Starting video split...
[20:51:15.075] [Setup] Video duration: 600.0s, splitting into 10 parts of 60.0s each
[20:51:15.221] [Setup]   Part 00 created
[20:51:15.359] [Setup]   Part 01 created
[20:51:15.486] [Setup]   Part 02 created
[20:51:15.625] [Setup]   Part 03 created
[20:51:15.790] [Setup]   Part 04 created
[20:51:15.977] [Setup]   Part 05 created
[20:51:16.210] [Setup]   Part 06 created
[20:51:16.492] [Setup]   Part 07 created
[20:51:16.742] [Setup]   Part 08 created
[20:51:17.006] [Setup]   Part 09 created
[20:51:17.006] [Setup] Video split complete.
[20:51:17.006] [Summary] SPLIT TIME: 2.03s
[20:51:17.709] [Part 04] Launching m5.large...
[20:51:17.778] [Part 03] Launching m5.large...
[20:51:17.797] [Part 02] Launching m5.large...[20:51:17.800] [Part 00] Launching m5.large...

[20:51:17.815] [Part 01] Launching m5.large...
[20:51:35.218] [Part 01] Instance ready. IP: 35.173.131.146
[20:51:35.231] [Part 03] Instance ready. IP: 3.85.207.250
[20:51:35.241] [Part 00] Instance ready. IP: 54.158.250.247
[20:51:35.403] [Part 04] Instance ready. IP: 3.82.62.153
[20:51:35.488] [Part 02] Instance ready. IP: 54.145.64.201
[20:52:06.127] [Part 00] Installing ffmpeg...
[20:52:06.223] [Part 03] Installing ffmpeg...
[20:52:06.279] [Part 01] Installing ffmpeg...
[20:52:06.383] [Part 02] Installing ffmpeg...
[20:52:06.392] [Part 04] Installing ffmpeg...
[20:52:43.266] [Part 04] ffmpeg installed.
[20:52:43.704] [Part 04] CPU: Intel(R) Xeon(R) Platinum 8175M CPU @ 2.50GHz
[20:52:43.704] [Part 04] WARNING: CPU mismatch! Expected Intel(R) Xeon(R) Platinum 8259CL CPU @ 2.50GHz, got Intel(R) Xeon(R) Platinum 8175M CPU @ 2.50GHz
[20:52:43.744] [Part 03] ffmpeg installed.
[20:52:43.798] [Part 01] ffmpeg installed.
[20:52:44.179] [Part 03] CPU: Intel(R) Xeon(R) Platinum 8175M CPU @ 2.50GHz
[20:52:44.179] [Part 03] WARNING: CPU mismatch! Expected Intel(R) Xeon(R) Platinum 8259CL CPU @ 2.50GHz, got Intel(R) Xeon(R) Platinum 8175M CPU @ 2.50GHz
[20:52:44.247] [Part 04] Uploading segment...
[20:52:44.249] [Part 01] CPU: Intel(R) Xeon(R) Platinum 8175M CPU @ 2.50GHz
[20:52:44.250] [Part 01] WARNING: CPU mismatch! Expected Intel(R) Xeon(R) Platinum 8259CL CPU @ 2.50GHz, got Intel(R) Xeon(R) Platinum 8175M CPU @ 2.50GHz
[20:52:44.255] [Part 00] ffmpeg installed.
[20:52:44.629] [Part 02] ffmpeg installed.
[20:52:44.637] [Part 00] CPU: Intel(R) Xeon(R) Platinum 8175M CPU @ 2.50GHz
[20:52:44.638] [Part 00] WARNING: CPU mismatch! Expected Intel(R) Xeon(R) Platinum 8259CL CPU @ 2.50GHz, got Intel(R) Xeon(R) Platinum 8175M CPU @ 2.50GHz
[20:52:44.722] [Part 03] Uploading segment...
[20:52:44.813] [Part 01] Uploading segment...
[20:52:45.010] [Part 02] CPU: Intel(R) Xeon(R) Platinum 8175M CPU @ 2.50GHz
[20:52:45.010] [Part 02] WARNING: CPU mismatch! Expected Intel(R) Xeon(R) Platinum 8259CL CPU @ 2.50GHz, got Intel(R) Xeon(R) Platinum 8175M CPU @ 2.50GHz
[20:52:45.108] [Part 00] Uploading segment...
[20:52:45.478] [Part 02] Uploading segment...
[20:52:45.876] [Part 04] Running compression...
[20:52:46.356] [Part 03] Running compression...
[20:52:46.506] [Part 00] Running compression...
[20:52:46.514] [Part 01] Running compression...
[20:52:46.569] [Part 04] ERROR: FFmpeg failed: )
Press [q] to stop, [?] for help
Too many packets buffered for output stream 0:1.
[aac @ 0x564d596e5280] Qavg: 218.592
[aac @ 0x564d596e5280] 2 frames left in the queue on closing
Conversion failed!

[20:52:46.888] [Part 02] Running compression...
[20:52:47.228] [Part 01] ERROR: FFmpeg failed: )
Press [q] to stop, [?] for help
Too many packets buffered for output stream 0:1.
[aac @ 0x56489cb3d820] Qavg: 205.539
[aac @ 0x56489cb3d820] 2 frames left in the queue on closing
Conversion failed!

[20:52:47.528] [Part 04] Instance terminated.
[20:52:47.535] [Part 05] Launching m5.large...
[20:52:48.142] [Part 01] Instance terminated.
[20:52:48.153] [Part 06] Launching m5.large...
[20:53:00.972] [Part 00] Done!
[20:53:01.386] [Part 03] Done!
[20:53:01.602] [Part 02] Done!
[20:53:01.893] [Part 00] Instance terminated.
[20:53:01.903] [Part 07] Launching m5.large...
[20:53:02.351] [Part 03] Instance terminated.
[20:53:02.358] [Part 08] Launching m5.large...
[20:53:02.541] [Part 02] Instance terminated.
[20:53:02.549] [Part 09] Launching m5.large...
[20:53:05.317] [Part 05] Instance ready. IP: 184.72.84.204
[20:53:05.916] [Part 06] Instance ready. IP: 54.157.181.145
[20:53:19.701] [Part 07] Instance ready. IP: 54.243.13.173
[20:53:19.923] [Part 09] Instance ready. IP: 54.234.119.111
[20:53:20.069] [Part 08] Instance ready. IP: 3.94.249.235
[20:53:36.177] [Part 05] Installing ffmpeg...
[20:53:36.779] [Part 06] Installing ffmpeg...
[20:53:50.582] [Part 07] Installing ffmpeg...
[20:53:50.814] [Part 09] Installing ffmpeg...
[20:53:51.034] [Part 08] Installing ffmpeg...
[20:54:12.498] [Part 05] ffmpeg installed.
[20:54:12.878] [Part 05] CPU: Intel(R) Xeon(R) Platinum 8175M CPU @ 2.50GHz
[20:54:12.878] [Part 05] WARNING: CPU mismatch! Expected Intel(R) Xeon(R) Platinum 8259CL CPU @ 2.50GHz, got Intel(R) Xeon(R) Platinum 8175M CPU @ 2.50GHz
[20:54:13.344] [Part 05] Uploading segment...
[20:54:13.466] [Part 06] ffmpeg installed.
[20:54:13.847] [Part 06] CPU: Intel(R) Xeon(R) Platinum 8259CL CPU @ 2.50GHz
[20:54:14.313] [Part 06] Uploading segment...
[20:54:14.743] [Part 05] Running compression...
[20:54:15.714] [Part 06] Running compression...
[20:54:26.379] [Part 05] Done!
[20:54:27.337] [Part 05] Instance terminated.
[20:54:27.905] [Part 08] ffmpeg installed.
[20:54:28.046] [Part 09] ffmpeg installed.
[20:54:28.349] [Part 08] CPU: Intel(R) Xeon(R) Platinum 8175M CPU @ 2.50GHz
[20:54:28.349] [Part 08] WARNING: CPU mismatch! Expected Intel(R) Xeon(R) Platinum 8259CL CPU @ 2.50GHz, got Intel(R) Xeon(R) Platinum 8175M CPU @ 2.50GHz
[20:54:28.443] [Part 09] CPU: Intel(R) Xeon(R) Platinum 8259CL CPU @ 2.50GHz
[20:54:28.893] [Part 08] Uploading segment...
[20:54:28.928] [Part 09] Uploading segment...
[20:54:29.899] [Part 07] ffmpeg installed.
[20:54:30.280] [Part 07] CPU: Intel(R) Xeon(R) Platinum 8259CL CPU @ 2.50GHz
[20:54:30.337] [Part 06] Done!
[20:54:30.397] [Part 09] Running compression...
[20:54:30.544] [Part 08] Running compression...
[20:54:30.744] [Part 07] Uploading segment...
[20:54:31.180] [Part 06] Instance terminated.
[20:54:32.139] [Part 07] Running compression...
[20:54:44.587] [Part 09] Done!
[20:54:44.716] [Part 08] Done!
[20:54:45.476] [Part 09] Instance terminated.
[20:54:45.558] [Part 08] Instance terminated.
[20:54:47.834] [Part 07] Done!
[20:54:48.675] [Part 07] Instance terminated.
[20:54:48.677] ============================================================
[20:54:48.677] RESULTS — 10x m5.large Horizontal
[20:54:48.677]   Total Time:    213.70s (3.56 min)
[20:54:48.677]   Split Time:    2.03s
[20:54:48.677]   Parallel Time: 211.67s (3.53 min)
[20:54:48.677] ============================================================
