[21:21:02.248] === Phase 3.2 Horizontal Scaling: 10x m5.large ===
[21:21:02.248] Codec: libx264, Threads: 5, Preset: slow
[21:21:02.248] Max concurrent workers: 5
[21:21:02.248] [Setup] Starting video split...
[21:21:02.316] [Setup] Video duration: 600.0s, splitting into 10 parts of 60.0s each
[21:21:02.425] [Setup]   Part 00 created
[21:21:02.543] [Setup]   Part 01 created
[21:21:02.704] [Setup]   Part 02 created
[21:21:02.865] [Setup]   Part 03 created
[21:21:03.049] [Setup]   Part 04 created
[21:21:03.323] [Setup]   Part 05 created
[21:21:03.645] [Setup]   Part 06 created
[21:21:04.115] [Setup]   Part 07 created
[21:21:04.471] [Setup]   Part 08 created
[21:21:04.833] [Setup]   Part 09 created
[21:21:04.833] [Setup] Video split complete.
[21:21:04.833] [Summary] SPLIT TIME: 2.59s
[21:21:05.639] [Part 00] Launching m5.large...
[21:21:05.667] [Part 03] Launching m5.large...[21:21:05.670] [Part 04] Launching m5.large...

[21:21:05.683] [Part 01] Launching m5.large...
[21:21:05.702] [Part 02] Launching m5.large...
[21:21:23.102] [Part 01] Instance ready. IP: 54.157.2.137
[21:21:23.227] [Part 03] Instance ready. IP: 54.144.25.238
[21:21:23.451] [Part 00] Instance ready. IP: 72.44.36.216
[21:21:23.490] [Part 04] Instance ready. IP: 35.175.213.90
[21:21:23.508] [Part 02] Instance ready. IP: 52.201.247.65
[21:21:53.996] [Part 01] Installing ffmpeg...
[21:21:54.125] [Part 03] Installing ffmpeg...
[21:21:54.311] [Part 00] Installing ffmpeg...
[21:21:54.464] [Part 04] Installing ffmpeg...
[21:21:54.537] [Part 02] Installing ffmpeg...
[21:22:30.764] [Part 02] ffmpeg installed.
[21:22:31.213] [Part 02] CPU: Intel(R) Xeon(R) Platinum 8259CL CPU @ 2.50GHz
[21:22:31.564] [Part 00] ffmpeg installed.
[21:22:31.772] [Part 02] Uploading segment...
[21:22:31.949] [Part 00] CPU: Intel(R) Xeon(R) Platinum 8259CL CPU @ 2.50GHz
[21:22:32.264] [Part 03] ffmpeg installed.
[21:22:32.415] [Part 00] Uploading segment...
[21:22:32.643] [Part 03] CPU: Intel(R) Xeon(R) Platinum 8175M CPU @ 2.50GHz
[21:22:32.643] [Part 03] WARNING: CPU mismatch! Expected Intel(R) Xeon(R) Platinum 8259CL CPU @ 2.50GHz, got Intel(R) Xeon(R) Platinum 8175M CPU @ 2.50GHz
[21:22:32.742] [Part 04] ffmpeg installed.
[21:22:33.110] [Part 03] Uploading segment...
[21:22:33.182] [Part 04] CPU: Intel(R) Xeon(R) Platinum 8259CL CPU @ 2.50GHz
[21:22:33.470] [Part 02] Running compression...
[21:22:33.607] [Part 01] ffmpeg installed.
[21:22:33.726] [Part 04] Uploading segment...
[21:22:33.812] [Part 00] Running compression...
[21:22:34.004] [Part 01] CPU: Intel(R) Xeon(R) Platinum 8259CL CPU @ 2.50GHz
[21:22:34.412] [Part 03] Running compression...
[21:22:34.489] [Part 01] Uploading segment...
[21:22:35.361] [Part 04] Running compression...
[21:22:35.946] [Part 01] Running compression...
[21:22:36.061] [Part 04] ERROR: FFmpeg failed: )
Press [q] to stop, [?] for help
Too many packets buffered for output stream 0:1.
[aac @ 0x55e445f02280] Qavg: 218.592
[aac @ 0x55e445f02280] 2 frames left in the queue on closing
Conversion failed!

[21:22:36.609] [Part 01] ERROR: FFmpeg failed: )
Press [q] to stop, [?] for help
Too many packets buffered for output stream 0:1.
[aac @ 0x564f2a206820] Qavg: 205.539
[aac @ 0x564f2a206820] 2 frames left in the queue on closing
Conversion failed!

[21:22:36.992] [Part 04] Instance terminated.
[21:22:36.999] [Part 05] Launching m5.large...
[21:22:37.569] [Part 01] Instance terminated.
[21:22:37.575] [Part 06] Launching m5.large...
[21:22:48.179] [Part 00] Done!
[21:22:48.692] [Part 02] Done!
[21:22:49.002] [Part 03] Done!
[21:22:49.087] [Part 00] Instance terminated.
[21:22:49.096] [Part 07] Launching m5.large...
[21:22:49.582] [Part 02] Instance terminated.
[21:22:49.592] [Part 08] Launching m5.large...
[21:22:49.866] [Part 03] Instance terminated.
[21:22:49.871] [Part 09] Launching m5.large...
[21:22:54.694] [Part 05] Instance ready. IP: 100.29.8.168
[21:22:55.312] [Part 06] Instance ready. IP: 3.92.30.62
[21:23:06.616] [Part 07] Instance ready. IP: 54.90.139.206
[21:23:07.153] [Part 08] Instance ready. IP: 54.208.39.46
[21:23:07.264] [Part 09] Instance ready. IP: 34.238.171.229
[21:23:25.590] [Part 05] Installing ffmpeg...
[21:23:26.299] [Part 06] Installing ffmpeg...
[21:23:37.507] [Part 07] Installing ffmpeg...
[21:23:38.015] [Part 08] Installing ffmpeg...
[21:23:38.128] [Part 09] Installing ffmpeg...
[21:24:03.415] [Part 05] ffmpeg installed.
[21:24:03.813] [Part 05] CPU: Intel(R) Xeon(R) Platinum 8259CL CPU @ 2.50GHz
[21:24:04.298] [Part 05] Uploading segment...
[21:24:04.629] [Part 06] ffmpeg installed.
[21:24:05.064] [Part 06] CPU: Intel(R) Xeon(R) Platinum 8259CL CPU @ 2.50GHz
[21:24:05.606] [Part 06] Uploading segment...
[21:24:05.686] [Part 05] Running compression...
[21:24:07.228] [Part 06] Running compression...
[21:24:14.158] [Part 07] ffmpeg installed.
[21:24:14.465] [Part 09] ffmpeg installed.
[21:24:14.556] [Part 07] CPU: Intel(R) Xeon(R) Platinum 8259CL CPU @ 2.50GHz
[21:24:14.849] [Part 09] CPU: Intel(R) Xeon(R) Platinum 8259CL CPU @ 2.50GHz
[21:24:15.039] [Part 07] Uploading segment...
[21:24:15.315] [Part 09] Uploading segment...
[21:24:16.080] [Part 08] ffmpeg installed.
[21:24:16.436] [Part 07] Running compression...
[21:24:16.459] [Part 08] CPU: Intel(R) Xeon(R) Platinum 8259CL CPU @ 2.50GHz
[21:24:16.718] [Part 09] Running compression...
[21:24:16.925] [Part 08] Uploading segment...
[21:24:18.314] [Part 08] Running compression...
[21:24:19.834] [Part 05] Done!
[21:24:20.718] [Part 05] Instance terminated.
[21:24:22.427] [Part 06] Done!
[21:24:23.370] [Part 06] Instance terminated.
[21:24:30.692] [Part 09] Done!
[21:24:31.566] [Part 09] Instance terminated.
[21:24:31.903] [Part 07] Done!
[21:24:32.189] [Part 08] Done!
[21:24:32.789] [Part 07] Instance terminated.
[21:24:33.125] [Part 08] Instance terminated.
[21:24:33.127] ============================================================
[21:24:33.127] RESULTS — 10x m5.large Horizontal
[21:24:33.127]   Total Time:    210.88s (3.51 min)
[21:24:33.127]   Split Time:    2.59s
[21:24:33.127]   Parallel Time: 208.29s (3.47 min)
[21:24:33.127] ============================================================
