[00:22:56.795] === Phase 3.2 Serial Baseline: 1x m5.large ===
[00:22:56.795] Codec: libx264, Threads: 5, Preset: slow
[00:22:56.795] Video: /home/breno/doutorado/ec2sweetspot_noms/ec2sweetspot_noms/artifacts/test_videos/video_repetido_10min.mp4
[00:22:56.795] [m5.large-Serial] Launching EC2 instance...
[00:22:58.542] [m5.large-Serial] Instance i-0588f3d553b754aa0 launched. Waiting...
[00:23:14.284] [m5.large-Serial] Instance ready. IP: 34.230.83.178
[00:23:45.151] [m5.large-Serial] SSH connected.
[00:23:45.152] [m5.large-Serial] Installing ffmpeg...
[00:24:23.078] [m5.large-Serial] ffmpeg installed.
[00:24:23.460] [m5.large-Serial] CPU: Intel(R) Xeon(R) Platinum 8175M CPU @ 2.50GHz
[00:24:23.460] [m5.large-Serial] WARNING: CPU mismatch! Expected Intel(R) Xeon(R) Platinum 8259CL CPU @ 2.50GHz, got Intel(R) Xeon(R) Platinum 8175M CPU @ 2.50GHz
[00:24:23.460] [m5.large-Serial] Uploading 10-minute video...
[00:24:29.917] [m5.large-Serial] Upload complete.
[00:24:29.918] [m5.large-Serial] SETUP TIME: 93.12s (1.55 min)
[00:24:29.918] [m5.large-Serial] Running: ffmpeg -i /home/ubuntu/input.mp4 -c:v libx264 -preset slow -b:v 2M -threads 5 -y /home/ubuntu/output.mp4
[00:26:25.838] [m5.large-Serial] ENCODING TIME: 115.92s (1.93 min)
[00:26:26.772] [m5.large-Serial] Instance terminated.
[00:26:26.772] [m5.large-Serial] ============================================================
[00:26:26.772] [m5.large-Serial] RESULTS — m5.large Serial
[00:26:26.772] [m5.large-Serial]   Total Time:    209.04s (3.48 min)
[00:26:26.772] [m5.large-Serial]   Setup Time:    93.12s (1.55 min)
[00:26:26.772] [m5.large-Serial]   Encoding Time: 115.92s (1.93 min)
[00:26:26.772] [m5.large-Serial]   Setup %:       44.5%
[00:26:26.772] [m5.large-Serial] ============================================================
