[04:07:21.416] === Phase 3.2 Horizontal Scaling: 10x m5.large ===
[04:07:21.416] Codec: libx264, Threads: 5, Preset: slow
[04:07:21.416] Max concurrent workers: 5
[04:07:21.416] [Setup] Starting video split...
[04:07:21.468] [Setup] Video duration: 600.0s, splitting into 10 parts of 60.0s each
[04:07:21.553] [Setup]   Part 00 created
[04:07:21.640] [Setup]   Part 01 created
[04:07:21.748] [Setup]   Part 02 created
[04:07:21.870] [Setup]   Part 03 created
[04:07:22.011] [Setup]   Part 04 created
[04:07:22.171] [Setup]   Part 05 created
[04:07:22.345] [Setup]   Part 06 created
[04:07:22.540] [Setup]   Part 07 created
[04:07:22.753] [Setup]   Part 08 created
[04:07:22.985] [Setup]   Part 09 created
[04:07:22.985] [Setup] Video split complete.
[04:07:22.985] [Summary] SPLIT TIME: 1.57s
[04:07:23.427] [Part 04] Launching m5.large...
[04:07:23.486] [Part 02] Launching m5.large...
[04:07:23.496] [Part 00] Launching m5.large...
[04:07:23.510] [Part 03] Launching m5.large...
[04:07:23.516] [Part 01] Launching m5.large...
[04:07:40.925] [Part 00] Instance ready. IP: 54.80.79.115
[04:07:40.946] [Part 04] Instance ready. IP: 35.153.178.69
[04:07:41.031] [Part 03] Instance ready. IP: 35.173.188.166
[04:07:41.308] [Part 01] Instance ready. IP: 3.86.46.38
[04:07:43.184] [Part 02] Instance ready. IP: 3.85.215.37
[04:08:11.793] [Part 00] Installing ffmpeg...
[04:08:11.891] [Part 04] Installing ffmpeg...
[04:08:11.915] [Part 03] Installing ffmpeg...
[04:08:12.211] [Part 01] Installing ffmpeg...
[04:08:14.066] [Part 02] Installing ffmpeg...
[04:08:47.800] [Part 03] ffmpeg installed.
[04:08:48.188] [Part 03] CPU: Intel(R) Xeon(R) Platinum 8259CL CPU @ 2.50GHz
[04:08:48.438] [Part 00] ffmpeg installed.
[04:08:48.600] [Part 04] ffmpeg installed.
[04:08:48.666] [Part 03] Uploading segment...
[04:08:48.821] [Part 00] CPU: Intel(R) Xeon(R) Platinum 8259CL CPU @ 2.50GHz
[04:08:48.981] [Part 04] CPU: Intel(R) Xeon(R) Platinum 8175M CPU @ 2.50GHz
[04:08:48.982] [Part 04] WARNING: CPU mismatch! Expected Intel(R) Xeon(R) Platinum 8259CL CPU @ 2.50GHz, got Intel(R) Xeon(R) Platinum 8175M CPU @ 2.50GHz
[04:08:49.088] [Part 01] ffmpeg installed.
[04:08:49.294] [Part 00] Uploading segment...
[04:08:49.447] [Part 04] Uploading segment...
[04:08:49.474] [Part 01] CPU: Intel(R) Xeon(R) Platinum 8259CL CPU @ 2.50GHz
[04:08:49.953] [Part 01] Uploading segment...
[04:08:50.112] [Part 03] Running compression...
[04:08:50.676] [Part 02] ffmpeg installed.
[04:08:50.693] [Part 00] Running compression...
[04:08:50.891] [Part 04] Running compression...
[04:08:51.066] [Part 02] CPU: Intel(R) Xeon(R) Platinum 8175M CPU @ 2.50GHz
[04:08:51.066] [Part 02] WARNING: CPU mismatch! Expected Intel(R) Xeon(R) Platinum 8259CL CPU @ 2.50GHz, got Intel(R) Xeon(R) Platinum 8175M CPU @ 2.50GHz
[04:08:51.495] [Part 01] Running compression...
[04:08:51.544] [Part 02] Uploading segment...
[04:08:51.557] [Part 04] ERROR: FFmpeg failed: )
Press [q] to stop, [?] for help
Too many packets buffered for output stream 0:1.
[aac @ 0x5559964b7280] Qavg: 218.592
[aac @ 0x5559964b7280] 2 frames left in the queue on closing
Conversion failed!

[04:08:52.166] [Part 01] ERROR: FFmpeg failed: )
Press [q] to stop, [?] for help
Too many packets buffered for output stream 0:1.
[aac @ 0x555afc920820] Qavg: 205.539
[aac @ 0x555afc920820] 2 frames left in the queue on closing
Conversion failed!

[04:08:52.601] [Part 04] Instance terminated.
[04:08:52.632] [Part 05] Launching m5.large...
[04:08:52.986] [Part 02] Running compression...
[04:08:53.125] [Part 01] Instance terminated.
[04:08:53.147] [Part 06] Launching m5.large...
[04:09:04.547] [Part 03] Done!
[04:09:04.984] [Part 00] Done!
[04:09:05.520] [Part 03] Instance terminated.
[04:09:05.532] [Part 07] Launching m5.large...
[04:09:06.044] [Part 00] Instance terminated.
[04:09:06.058] [Part 08] Launching m5.large...
[04:09:07.613] [Part 02] Done!
[04:09:08.635] [Part 02] Instance terminated.
[04:09:08.666] [Part 09] Launching m5.large...
[04:09:10.146] [Part 05] Instance ready. IP: 34.229.44.178
[04:09:10.975] [Part 06] Instance ready. IP: 13.223.180.133
[04:09:23.100] [Part 07] Instance ready. IP: 54.82.176.218
[04:09:23.594] [Part 08] Instance ready. IP: 54.80.66.76
[04:09:26.212] [Part 09] Instance ready. IP: 54.224.137.86
[04:09:41.007] [Part 05] Installing ffmpeg...
[04:09:41.839] [Part 06] Installing ffmpeg...
[04:09:54.002] [Part 07] Installing ffmpeg...
[04:09:54.464] [Part 08] Installing ffmpeg...
[04:09:57.108] [Part 09] Installing ffmpeg...
[04:10:18.752] [Part 06] ffmpeg installed.
[04:10:18.899] [Part 05] ffmpeg installed.
[04:10:19.134] [Part 06] CPU: Intel(R) Xeon(R) Platinum 8175M CPU @ 2.50GHz
[04:10:19.135] [Part 06] WARNING: CPU mismatch! Expected Intel(R) Xeon(R) Platinum 8259CL CPU @ 2.50GHz, got Intel(R) Xeon(R) Platinum 8175M CPU @ 2.50GHz
[04:10:19.280] [Part 05] CPU: Intel(R) Xeon(R) Platinum 8175M CPU @ 2.50GHz
[04:10:19.280] [Part 05] WARNING: CPU mismatch! Expected Intel(R) Xeon(R) Platinum 8259CL CPU @ 2.50GHz, got Intel(R) Xeon(R) Platinum 8175M CPU @ 2.50GHz
[04:10:19.600] [Part 06] Uploading segment...
[04:10:19.746] [Part 05] Uploading segment...
[04:10:21.032] [Part 06] Running compression...
[04:10:21.259] [Part 05] Running compression...
[04:10:30.597] [Part 07] ffmpeg installed.
[04:10:30.994] [Part 07] CPU: Intel(R) Xeon(R) Platinum 8175M CPU @ 2.50GHz
[04:10:30.994] [Part 07] WARNING: CPU mismatch! Expected Intel(R) Xeon(R) Platinum 8259CL CPU @ 2.50GHz, got Intel(R) Xeon(R) Platinum 8175M CPU @ 2.50GHz
[04:10:31.478] [Part 07] Uploading segment...
[04:10:31.715] [Part 08] ffmpeg installed.
[04:10:32.105] [Part 08] CPU: Intel(R) Xeon(R) Platinum 8175M CPU @ 2.50GHz
[04:10:32.106] [Part 08] WARNING: CPU mismatch! Expected Intel(R) Xeon(R) Platinum 8259CL CPU @ 2.50GHz, got Intel(R) Xeon(R) Platinum 8175M CPU @ 2.50GHz
[04:10:32.573] [Part 08] Uploading segment...
[04:10:32.930] [Part 07] Running compression...
[04:10:33.980] [Part 08] Running compression...
[04:10:34.129] [Part 09] ffmpeg installed.
[04:10:34.532] [Part 09] CPU: Intel(R) Xeon(R) Platinum 8259CL CPU @ 2.50GHz
[04:10:35.017] [Part 09] Uploading segment...
[04:10:35.323] [Part 05] Done!
[04:10:35.690] [Part 06] Done!
[04:10:36.244] [Part 05] Instance terminated.
[04:10:36.492] [Part 09] Running compression...
[04:10:36.636] [Part 06] Instance terminated.
[04:10:47.731] [Part 08] Done!
[04:10:48.382] [Part 07] Done!
[04:10:48.660] [Part 08] Instance terminated.
[04:10:49.316] [Part 07] Instance terminated.
[04:10:50.662] [Part 09] Done!
[04:10:51.628] [Part 09] Instance terminated.
[04:10:51.632] ============================================================
[04:10:51.632] RESULTS — 10x m5.large Horizontal
[04:10:51.632]   Total Time:    210.22s (3.50 min)
[04:10:51.632]   Split Time:    1.57s
[04:10:51.632]   Parallel Time: 208.65s (3.48 min)
[04:10:51.632] ============================================================
