[23:52:55.804] === Phase 3.2 Horizontal Scaling: 10x m5.large ===
[23:52:55.804] Codec: libx264, Threads: 5, Preset: slow
[23:52:55.804] Max concurrent workers: 5
[23:52:55.804] [Setup] Starting video split...
[23:52:55.916] [Setup] Video duration: 600.0s, splitting into 10 parts of 60.0s each
[23:52:56.101] [Setup]   Part 00 created
[23:52:56.328] [Setup]   Part 01 created
[23:52:56.555] [Setup]   Part 02 created
[23:52:56.865] [Setup]   Part 03 created
[23:52:57.210] [Setup]   Part 04 created
[23:52:57.595] [Setup]   Part 05 created
[23:52:57.999] [Setup]   Part 06 created
[23:52:58.442] [Setup]   Part 07 created
[23:52:59.280] [Setup]   Part 08 created
[23:53:00.095] [Setup]   Part 09 created
[23:53:00.095] [Setup] Video split complete.
[23:53:00.095] [Summary] SPLIT TIME: 4.29s
[23:53:01.543] [Part 04] Launching m5.large...
[23:53:01.564] [Part 01] Launching m5.large...
[23:53:01.607] [Part 03] Launching m5.large...
[23:53:01.615] [Part 02] Launching m5.large...
[23:53:01.634] [Part 00] Launching m5.large...
[23:53:19.056] [Part 04] Instance ready. IP: 184.72.92.105
[23:53:19.133] [Part 03] Instance ready. IP: 3.93.2.219
[23:53:19.170] [Part 01] Instance ready. IP: 54.80.9.110
[23:53:19.179] [Part 00] Instance ready. IP: 54.80.193.230
[23:53:19.189] [Part 02] Instance ready. IP: 54.156.93.35
[23:53:50.087] [Part 03] Installing ffmpeg...
[23:53:50.089] [Part 04] Installing ffmpeg...
[23:53:50.108] [Part 00] Installing ffmpeg...
[23:53:50.195] [Part 02] Installing ffmpeg...
[23:53:50.197] [Part 01] Installing ffmpeg...
[23:54:26.940] [Part 00] ffmpeg installed.
[23:54:27.230] [Part 02] ffmpeg installed.
[23:54:27.340] [Part 00] CPU: Intel(R) Xeon(R) Platinum 8175M CPU @ 2.50GHz
[23:54:27.341] [Part 00] WARNING: CPU mismatch! Expected Intel(R) Xeon(R) Platinum 8259CL CPU @ 2.50GHz, got Intel(R) Xeon(R) Platinum 8175M CPU @ 2.50GHz
[23:54:27.368] [Part 01] ffmpeg installed.
[23:54:27.389] [Part 04] ffmpeg installed.
[23:54:27.635] [Part 02] CPU: Intel(R) Xeon(R) Platinum 8259CL CPU @ 2.50GHz
[23:54:27.767] [Part 01] CPU: Intel(R) Xeon(R) Platinum 8259CL CPU @ 2.50GHz
[23:54:27.835] [Part 00] Uploading segment...
[23:54:28.128] [Part 02] Uploading segment...
[23:54:28.165] [Part 03] ffmpeg installed.
[23:54:28.261] [Part 01] Uploading segment...
[23:54:28.386] [Part 04] CPU: Intel(R) Xeon(R) Platinum 8175M CPU @ 2.50GHz
[23:54:28.386] [Part 04] WARNING: CPU mismatch! Expected Intel(R) Xeon(R) Platinum 8259CL CPU @ 2.50GHz, got Intel(R) Xeon(R) Platinum 8175M CPU @ 2.50GHz
[23:54:28.555] [Part 03] CPU: Intel(R) Xeon(R) Platinum 8259CL CPU @ 2.50GHz
[23:54:29.033] [Part 03] Uploading segment...
[23:54:29.301] [Part 00] Running compression...
[23:54:29.694] [Part 04] Uploading segment...
[23:54:29.708] [Part 02] Running compression...
[23:54:30.470] [Part 03] Running compression...
[23:54:30.710] [Part 01] Running compression...
[23:54:31.393] [Part 01] ERROR: FFmpeg failed: )
Press [q] to stop, [?] for help
Too many packets buffered for output stream 0:1.
[aac @ 0x55deeec4a820] Qavg: 205.539
[aac @ 0x55deeec4a820] 2 frames left in the queue on closing
Conversion failed!

[23:54:32.396] [Part 01] Instance terminated.
[23:54:32.417] [Part 05] Launching m5.large...
[23:54:43.615] [Part 00] Done!
[23:54:44.522] [Part 02] Done!
[23:54:44.601] [Part 00] Instance terminated.
[23:54:44.625] [Part 06] Launching m5.large...
[23:54:45.049] [Part 03] Done!
[23:54:45.418] [Part 02] Instance terminated.
[23:54:45.440] [Part 07] Launching m5.large...
[23:54:46.023] [Part 03] Instance terminated.
[23:54:46.040] [Part 08] Launching m5.large...
[23:54:51.763] [Part 05] Instance ready. IP: 54.172.49.150
[23:54:58.467] [Part 04] Running compression...
[23:54:59.563] [Part 04] ERROR: FFmpeg failed: )
Press [q] to stop, [?] for help
Too many packets buffered for output stream 0:1.
[aac @ 0x55ea909c6280] Qavg: 218.592
[aac @ 0x55ea909c6280] 2 frames left in the queue on closing
Conversion failed!

[23:55:01.715] [Part 04] Instance terminated.
[23:55:01.730] [Part 09] Launching m5.large...
[23:55:02.011] [Part 06] Instance ready. IP: 54.175.79.7
[23:55:03.053] [Part 07] Instance ready. IP: 34.207.248.225
[23:55:03.763] [Part 08] Instance ready. IP: 18.209.1.171
[23:55:19.557] [Part 09] Instance ready. IP: 54.224.204.53
[23:55:22.673] [Part 05] Installing ffmpeg...
[23:55:32.883] [Part 06] Installing ffmpeg...
[23:55:33.957] [Part 07] Installing ffmpeg...
[23:55:34.659] [Part 08] Installing ffmpeg...
[23:55:50.416] [Part 09] Installing ffmpeg...
[23:56:00.341] [Part 05] ffmpeg installed.
[23:56:00.723] [Part 05] CPU: Intel(R) Xeon(R) Platinum 8175M CPU @ 2.50GHz
[23:56:00.723] [Part 05] WARNING: CPU mismatch! Expected Intel(R) Xeon(R) Platinum 8259CL CPU @ 2.50GHz, got Intel(R) Xeon(R) Platinum 8175M CPU @ 2.50GHz
[23:56:01.191] [Part 05] Uploading segment...
[23:56:02.592] [Part 05] Running compression...
[23:56:11.314] [Part 06] ffmpeg installed.
[23:56:11.695] [Part 06] CPU: Intel(R) Xeon(R) Platinum 8175M CPU @ 2.50GHz
[23:56:11.695] [Part 06] WARNING: CPU mismatch! Expected Intel(R) Xeon(R) Platinum 8259CL CPU @ 2.50GHz, got Intel(R) Xeon(R) Platinum 8175M CPU @ 2.50GHz
[23:56:12.162] [Part 06] Uploading segment...
[23:56:12.421] [Part 07] ffmpeg installed.
[23:56:12.818] [Part 07] CPU: Intel(R) Xeon(R) Platinum 8259CL CPU @ 2.50GHz
[23:56:13.306] [Part 07] Uploading segment...
[23:56:13.579] [Part 06] Running compression...
[23:56:13.693] [Part 08] ffmpeg installed.
[23:56:14.088] [Part 08] CPU: Intel(R) Xeon(R) Platinum 8175M CPU @ 2.50GHz
[23:56:14.088] [Part 08] WARNING: CPU mismatch! Expected Intel(R) Xeon(R) Platinum 8259CL CPU @ 2.50GHz, got Intel(R) Xeon(R) Platinum 8175M CPU @ 2.50GHz
[23:56:14.577] [Part 08] Uploading segment...
[23:56:14.763] [Part 07] Running compression...
[23:56:16.027] [Part 08] Running compression...
[23:56:16.651] [Part 05] Done!
[23:56:17.571] [Part 05] Instance terminated.
[23:56:27.292] [Part 09] ffmpeg installed.
[23:56:27.673] [Part 09] CPU: Intel(R) Xeon(R) Platinum 8175M CPU @ 2.50GHz
[23:56:27.673] [Part 09] WARNING: CPU mismatch! Expected Intel(R) Xeon(R) Platinum 8259CL CPU @ 2.50GHz, got Intel(R) Xeon(R) Platinum 8175M CPU @ 2.50GHz
[23:56:28.138] [Part 09] Uploading segment...
[23:56:28.468] [Part 06] Done!
[23:56:29.380] [Part 06] Instance terminated.
[23:56:29.535] [Part 09] Running compression...
[23:56:29.985] [Part 08] Done!
[23:56:30.649] [Part 07] Done!
[23:56:30.890] [Part 08] Instance terminated.
[23:56:31.542] [Part 07] Instance terminated.
[23:56:43.586] [Part 09] Done!
[23:56:44.664] [Part 09] Instance terminated.
[23:56:44.666] ============================================================
[23:56:44.666] RESULTS — 10x m5.large Horizontal
[23:56:44.666]   Total Time:    228.86s (3.81 min)
[23:56:44.666]   Split Time:    4.29s
[23:56:44.666]   Parallel Time: 224.57s (3.74 min)
[23:56:44.666] ============================================================
