[02:01:20.852] === Phase 3.2 Horizontal Scaling: 10x m5.large ===
[02:01:20.852] Codec: libx264, Threads: 5, Preset: slow
[02:01:20.852] Max concurrent workers: 5
[02:01:20.852] [Setup] Starting video split...
[02:01:20.902] [Setup] Video duration: 600.0s, splitting into 10 parts of 60.0s each
[02:01:20.976] [Setup]   Part 00 created
[02:01:21.064] [Setup]   Part 01 created
[02:01:21.169] [Setup]   Part 02 created
[02:01:21.294] [Setup]   Part 03 created
[02:01:21.445] [Setup]   Part 04 created
[02:01:21.604] [Setup]   Part 05 created
[02:01:21.793] [Setup]   Part 06 created
[02:01:22.008] [Setup]   Part 07 created
[02:01:22.240] [Setup]   Part 08 created
[02:01:22.471] [Setup]   Part 09 created
[02:01:22.471] [Setup] Video split complete.
[02:01:22.471] [Summary] SPLIT TIME: 1.62s
[02:01:23.026] [Part 00] Launching m5.large...
[02:01:23.039] [Part 04] Launching m5.large...
[02:01:23.045] [Part 02] Launching m5.large...
[02:01:23.054] [Part 03] Launching m5.large...
[02:01:23.062] [Part 01] Launching m5.large...
[02:01:40.722] [Part 01] Instance ready. IP: 54.162.239.68
[02:01:40.734] [Part 04] Instance ready. IP: 54.159.115.161
[02:01:40.938] [Part 00] Instance ready. IP: 34.229.224.248
[02:01:41.008] [Part 03] Instance ready. IP: 35.173.185.160
[02:01:41.117] [Part 02] Instance ready. IP: 34.203.220.146
[02:02:11.574] [Part 01] Installing ffmpeg...
[02:02:11.647] [Part 04] Installing ffmpeg...
[02:02:11.802] [Part 00] Installing ffmpeg...
[02:02:11.932] [Part 03] Installing ffmpeg...
[02:02:12.006] [Part 02] Installing ffmpeg...
[02:02:47.143] [Part 04] ffmpeg installed.
[02:02:47.522] [Part 04] CPU: Intel(R) Xeon(R) Platinum 8259CL CPU @ 2.50GHz
[02:02:47.988] [Part 04] Uploading segment...
[02:02:48.191] [Part 03] ffmpeg installed.
[02:02:48.585] [Part 03] CPU: Intel(R) Xeon(R) Platinum 8259CL CPU @ 2.50GHz
[02:02:48.836] [Part 00] ffmpeg installed.
[02:02:49.070] [Part 03] Uploading segment...
[02:02:49.219] [Part 00] CPU: Intel(R) Xeon(R) Platinum 8175M CPU @ 2.50GHz
[02:02:49.220] [Part 00] WARNING: CPU mismatch! Expected Intel(R) Xeon(R) Platinum 8259CL CPU @ 2.50GHz, got Intel(R) Xeon(R) Platinum 8175M CPU @ 2.50GHz
[02:02:49.420] [Part 04] Running compression...
[02:02:49.684] [Part 00] Uploading segment...
[02:02:50.041] [Part 04] ERROR: FFmpeg failed: )
Press [q] to stop, [?] for help
Too many packets buffered for output stream 0:1.
[aac @ 0x5587e29f2280] Qavg: 218.592
[aac @ 0x5587e29f2280] 2 frames left in the queue on closing
Conversion failed!

[02:02:50.057] [Part 02] ffmpeg installed.
[02:02:50.150] [Part 01] ffmpeg installed.
[02:02:50.453] [Part 02] CPU: Intel(R) Xeon(R) Platinum 8175M CPU @ 2.50GHz
[02:02:50.453] [Part 02] WARNING: CPU mismatch! Expected Intel(R) Xeon(R) Platinum 8259CL CPU @ 2.50GHz, got Intel(R) Xeon(R) Platinum 8175M CPU @ 2.50GHz
[02:02:50.527] [Part 01] CPU: Intel(R) Xeon(R) Platinum 8259CL CPU @ 2.50GHz
[02:02:50.658] [Part 03] Running compression...
[02:02:50.939] [Part 02] Uploading segment...
[02:02:50.991] [Part 01] Uploading segment...
[02:02:51.021] [Part 04] Instance terminated.
[02:02:51.050] [Part 05] Launching m5.large...
[02:02:51.087] [Part 00] Running compression...
[02:02:52.564] [Part 01] Running compression...
[02:02:52.567] [Part 02] Running compression...
[02:02:53.228] [Part 01] ERROR: FFmpeg failed: )
Press [q] to stop, [?] for help
Too many packets buffered for output stream 0:1.
[aac @ 0x557ca51ac820] Qavg: 205.539
[aac @ 0x557ca51ac820] 2 frames left in the queue on closing
Conversion failed!

[02:02:54.165] [Part 01] Instance terminated.
[02:02:54.181] [Part 06] Launching m5.large...
[02:03:04.725] [Part 03] Done!
[02:03:05.375] [Part 00] Done!
[02:03:05.672] [Part 03] Instance terminated.
[02:03:05.706] [Part 07] Launching m5.large...
[02:03:06.305] [Part 00] Instance terminated.
[02:03:06.331] [Part 08] Launching m5.large...
[02:03:07.322] [Part 02] Done!
[02:03:08.308] [Part 02] Instance terminated.
[02:03:08.342] [Part 09] Launching m5.large...
[02:03:08.834] [Part 05] Instance ready. IP: 54.198.227.214
[02:03:12.023] [Part 06] Instance ready. IP: 54.198.180.38
[02:03:23.205] [Part 07] Instance ready. IP: 3.92.29.120
[02:03:24.258] [Part 08] Instance ready. IP: 34.228.229.95
[02:03:26.074] [Part 09] Instance ready. IP: 54.147.88.198
[02:03:39.698] [Part 05] Installing ffmpeg...
[02:03:42.890] [Part 06] Installing ffmpeg...
[02:03:54.124] [Part 07] Installing ffmpeg...
[02:03:55.158] [Part 08] Installing ffmpeg...
[02:03:56.940] [Part 09] Installing ffmpeg...
[02:04:15.477] [Part 05] ffmpeg installed.
[02:04:15.856] [Part 05] CPU: Intel(R) Xeon(R) Platinum 8175M CPU @ 2.50GHz
[02:04:15.856] [Part 05] WARNING: CPU mismatch! Expected Intel(R) Xeon(R) Platinum 8259CL CPU @ 2.50GHz, got Intel(R) Xeon(R) Platinum 8175M CPU @ 2.50GHz
[02:04:16.321] [Part 05] Uploading segment...
[02:04:17.869] [Part 05] Running compression...
[02:04:19.789] [Part 06] ffmpeg installed.
[02:04:20.170] [Part 06] CPU: Intel(R) Xeon(R) Platinum 8175M CPU @ 2.50GHz
[02:04:20.170] [Part 06] WARNING: CPU mismatch! Expected Intel(R) Xeon(R) Platinum 8259CL CPU @ 2.50GHz, got Intel(R) Xeon(R) Platinum 8175M CPU @ 2.50GHz
[02:04:20.635] [Part 06] Uploading segment...
[02:04:22.137] [Part 06] Running compression...
[02:04:28.897] [Part 07] ffmpeg installed.
[02:04:29.301] [Part 07] CPU: Intel(R) Xeon(R) Platinum 8175M CPU @ 2.50GHz
[02:04:29.302] [Part 07] WARNING: CPU mismatch! Expected Intel(R) Xeon(R) Platinum 8259CL CPU @ 2.50GHz, got Intel(R) Xeon(R) Platinum 8175M CPU @ 2.50GHz
[02:04:29.797] [Part 07] Uploading segment...
[02:04:31.414] [Part 07] Running compression...
[02:04:31.799] [Part 05] Done!
[02:04:32.888] [Part 05] Instance terminated.
[02:04:33.651] [Part 09] ffmpeg installed.
[02:04:34.031] [Part 09] CPU: Intel(R) Xeon(R) Platinum 8175M CPU @ 2.50GHz
[02:04:34.031] [Part 09] WARNING: CPU mismatch! Expected Intel(R) Xeon(R) Platinum 8259CL CPU @ 2.50GHz, got Intel(R) Xeon(R) Platinum 8175M CPU @ 2.50GHz
[02:04:34.150] [Part 08] ffmpeg installed.
[02:04:34.498] [Part 09] Uploading segment...
[02:04:34.545] [Part 08] CPU: Intel(R) Xeon(R) Platinum 8175M CPU @ 2.50GHz
[02:04:34.546] [Part 08] WARNING: CPU mismatch! Expected Intel(R) Xeon(R) Platinum 8259CL CPU @ 2.50GHz, got Intel(R) Xeon(R) Platinum 8175M CPU @ 2.50GHz
[02:04:35.032] [Part 08] Uploading segment...
[02:04:35.797] [Part 09] Running compression...
[02:04:36.490] [Part 08] Running compression...
[02:04:37.005] [Part 06] Done!
[02:04:37.894] [Part 06] Instance terminated.
[02:04:44.615] [Part 07] Done!
[02:04:45.633] [Part 07] Instance terminated.
[02:04:49.980] [Part 09] Done!
[02:04:50.448] [Part 08] Done!
[02:04:50.945] [Part 09] Instance terminated.
[02:04:51.376] [Part 08] Instance terminated.
[02:04:51.378] ============================================================
[02:04:51.378] RESULTS — 10x m5.large Horizontal
[02:04:51.378]   Total Time:    210.53s (3.51 min)
[02:04:51.378]   Split Time:    1.62s
[02:04:51.378]   Parallel Time: 208.91s (3.48 min)
[02:04:51.378] ============================================================
