[10:10:55.310] === Phase 3.2 OPTIMIZED Serial: 1x m5.large ===
[10:10:55.310] AMI: ami-06c7c20c67513469a (ffmpeg pre-installed)
[10:10:55.310] Codec: libx264, Threads: 5, Preset: slow
[10:10:55.310] [m5.large-Serial-OPT] Launching EC2 instance...
[10:10:57.221] [m5.large-Serial-OPT] Instance i-02837e102ad197c96 launched. Waiting...
[10:11:13.040] [m5.large-Serial-OPT] Instance ready. IP: 54.236.9.237
[10:11:44.150] [m5.large-Serial-OPT] SSH connected.
[10:11:45.171] [m5.large-Serial-OPT] CPU: Intel(R) Xeon(R) Platinum 8175M CPU @ 2.50GHz
[10:11:45.171] [m5.large-Serial-OPT] WARNING: CPU mismatch! Expected Intel(R) Xeon(R) Platinum 8259CL CPU @ 2.50GHz, got Intel(R) Xeon(R) Platinum 8175M CPU @ 2.50GHz
[10:11:45.171] [m5.large-Serial-OPT] Uploading 10-minute video...
[10:11:53.534] [m5.large-Serial-OPT] Upload complete.
[10:11:53.534] [m5.large-Serial-OPT] SETUP TIME: 58.22s (0.97 min)
[10:11:53.534] [m5.large-Serial-OPT] Running: ffmpeg -i /home/ubuntu/input.mp4 -c:v libx264 -preset slow -b:v 2M -threads 5 -y /home/ubuntu/output.mp4
[10:13:17.087] [m5.large-Serial-OPT] ENCODING TIME: 83.55s (1.39 min)
[10:13:18.167] [m5.large-Serial-OPT] Instance terminated.
[10:13:18.168] [m5.large-Serial-OPT] ============================================================
[10:13:18.168] [m5.large-Serial-OPT] RESULTS — m5.large Serial OPTIMIZED
[10:13:18.168] [m5.large-Serial-OPT]   Total Time:    141.78s (2.36 min)
[10:13:18.168] [m5.large-Serial-OPT]   Setup Time:    58.22s (0.97 min)
[10:13:18.168] [m5.large-Serial-OPT]   Encoding Time: 83.55s (1.39 min)
[10:13:18.168] [m5.large-Serial-OPT]   Setup %:       41.1%
[10:13:18.168] [m5.large-Serial-OPT] ============================================================
