[11:46:14.489] === Phase 3.2 OPTIMIZED Serial: 1x m5.large ===
[11:46:14.489] AMI: ami-06c7c20c67513469a (ffmpeg pre-installed)
[11:46:14.489] Codec: libx264, Threads: 5, Preset: slow
[11:46:14.489] [m5.large-Serial-OPT] Launching EC2 instance...
[11:46:16.371] [m5.large-Serial-OPT] Instance i-0e09035b80592bd6b launched. Waiting...
[11:46:32.155] [m5.large-Serial-OPT] Instance ready. IP: 35.173.237.175
[11:47:03.238] [m5.large-Serial-OPT] SSH connected.
[11:47:04.291] [m5.large-Serial-OPT] CPU: Intel(R) Xeon(R) Platinum 8259CL CPU @ 2.50GHz
[11:47:04.291] [m5.large-Serial-OPT] Uploading 10-minute video...
[11:47:12.488] [m5.large-Serial-OPT] Upload complete.
[11:47:12.488] [m5.large-Serial-OPT] SETUP TIME: 58.00s (0.97 min)
[11:47:12.489] [m5.large-Serial-OPT] Running: ffmpeg -i /home/ubuntu/input.mp4 -c:v libx264 -preset slow -b:v 2M -threads 5 -y /home/ubuntu/output.mp4
[11:48:55.753] [m5.large-Serial-OPT] ENCODING TIME: 103.26s (1.72 min)
[11:48:56.763] [m5.large-Serial-OPT] Instance terminated.
[11:48:56.764] [m5.large-Serial-OPT] ============================================================
[11:48:56.764] [m5.large-Serial-OPT] RESULTS — m5.large Serial OPTIMIZED
[11:48:56.764] [m5.large-Serial-OPT]   Total Time:    161.26s (2.69 min)
[11:48:56.764] [m5.large-Serial-OPT]   Setup Time:    58.00s (0.97 min)
[11:48:56.764] [m5.large-Serial-OPT]   Encoding Time: 103.26s (1.72 min)
[11:48:56.764] [m5.large-Serial-OPT]   Setup %:       36.0%
[11:48:56.764] [m5.large-Serial-OPT] ============================================================
