[14:02:50.309] === Phase 3.2 OPTIMIZED Horizontal: 10x m5.large ===
[14:02:50.309] AMI: ami-06c7c20c67513469a (ffmpeg pre-installed)
[14:02:50.309] Codec: libx264, Threads: 5, Max workers: 10
[14:02:50.309] [Setup] Starting video split...
[14:02:50.358] [Setup] Video: 600.0s → 10 parts of 60.0s
[14:02:51.869] [Setup] Video split complete.
[14:02:51.869] [Summary] SPLIT TIME: 1.56s
[14:02:52.900] [Part 02] Launching m5.large...
[14:02:52.904] [Part 08] Launching m5.large...
[14:02:52.907] [Part 00] Launching m5.large...
[14:02:52.919] [Part 04] Launching m5.large...
[14:02:52.931] [Part 09] Launching m5.large...
[14:02:52.938] [Part 06] Launching m5.large...
[14:02:52.947] [Part 05] Launching m5.large...
[14:02:52.957] [Part 01] Launching m5.large...
[14:02:52.965] [Part 07] Launching m5.large...
[14:02:52.972] [Part 03] Launching m5.large...
[14:03:10.934] [Part 02] Instance ready. IP: 3.93.19.11
[14:03:10.984] [Part 01] Instance ready. IP: 13.217.94.205
[14:03:10.985] [Part 00] Instance ready. IP: 3.81.218.1
[14:03:10.987] [Part 07] Instance ready. IP: 54.80.213.161
[14:03:10.988] [Part 05] Instance ready. IP: 54.81.225.16
[14:03:10.991] [Part 08] Instance ready. IP: 54.224.128.108
[14:03:10.994] [Part 03] Instance ready. IP: 52.90.130.177
[14:03:11.000] [Part 06] Instance ready. IP: 3.81.108.188
[14:03:11.003] [Part 09] Instance ready. IP: 34.203.210.201
[14:03:11.021] [Part 04] Instance ready. IP: 34.229.42.119
[14:03:43.064] [Part 05] CPU: Intel(R) Xeon(R) Platinum 8175M CPU @ 2.50GHz
[14:03:43.064] [Part 05] WARNING: CPU mismatch! Expected Intel(R) Xeon(R) Platinum 8259CL CPU @ 2.50GHz, got Intel(R) Xeon(R) Platinum 8175M CPU @ 2.50GHz
[14:03:43.090] [Part 02] CPU: Intel(R) Xeon(R) Platinum 8259CL CPU @ 2.50GHz
[14:03:43.091] [Part 07] CPU: Intel(R) Xeon(R) Platinum 8175M CPU @ 2.50GHz
[14:03:43.091] [Part 07] WARNING: CPU mismatch! Expected Intel(R) Xeon(R) Platinum 8259CL CPU @ 2.50GHz, got Intel(R) Xeon(R) Platinum 8175M CPU @ 2.50GHz
[14:03:43.126] [Part 00] CPU: Intel(R) Xeon(R) Platinum 8175M CPU @ 2.50GHz
[14:03:43.126] [Part 00] WARNING: CPU mismatch! Expected Intel(R) Xeon(R) Platinum 8259CL CPU @ 2.50GHz, got Intel(R) Xeon(R) Platinum 8175M CPU @ 2.50GHz
[14:03:43.181] [Part 09] CPU: Intel(R) Xeon(R) Platinum 8259CL CPU @ 2.50GHz
[14:03:43.214] [Part 01] CPU: Intel(R) Xeon(R) Platinum 8175M CPU @ 2.50GHz
[14:03:43.214] [Part 01] WARNING: CPU mismatch! Expected Intel(R) Xeon(R) Platinum 8259CL CPU @ 2.50GHz, got Intel(R) Xeon(R) Platinum 8175M CPU @ 2.50GHz
[14:03:43.217] [Part 04] CPU: Intel(R) Xeon(R) Platinum 8259CL CPU @ 2.50GHz
[14:03:43.246] [Part 06] CPU: Intel(R) Xeon(R) Platinum 8259CL CPU @ 2.50GHz
[14:03:43.250] [Part 08] CPU: Intel(R) Xeon(R) Platinum 8259CL CPU @ 2.50GHz
[14:03:43.264] [Part 03] CPU: Intel(R) Xeon(R) Platinum 8259CL CPU @ 2.50GHz
[14:03:43.644] [Part 05] Uploading segment...
[14:03:43.672] [Part 07] Uploading segment...
[14:03:43.689] [Part 02] Uploading segment...
[14:03:43.708] [Part 00] Uploading segment...
[14:03:43.761] [Part 09] Uploading segment...
[14:03:43.792] [Part 01] Uploading segment...
[14:03:43.795] [Part 04] Uploading segment...
[14:03:43.829] [Part 06] Uploading segment...
[14:03:43.851] [Part 08] Uploading segment...
[14:03:43.866] [Part 03] Uploading segment...
[14:03:45.476] [Part 00] Running compression...
[14:03:45.520] [Part 02] Running compression...
[14:03:45.671] [Part 09] Running compression...
[14:03:45.707] [Part 03] Running compression...
[14:03:45.718] [Part 07] Running compression...
[14:03:45.819] [Part 04] Running compression...
[14:03:45.869] [Part 06] Running compression...
[14:03:45.980] [Part 08] Running compression...
[14:03:51.337] [Part 05] Running compression...
[14:03:53.897] [Part 01] Running compression...
[14:03:59.438] [Part 07] Done!
[14:03:59.518] [Part 09] Done!
[14:03:59.757] [Part 03] Done!
[14:04:00.057] [Part 07] Instance terminated.
[14:04:00.182] [Part 09] Instance terminated.
[14:04:00.361] [Part 03] Instance terminated.
[14:04:00.442] [Part 00] Done!
[14:04:01.025] [Part 04] Done!
[14:04:01.043] [Part 02] Done!
[14:04:01.095] [Part 00] Instance terminated.
[14:04:01.626] [Part 02] Instance terminated.
[14:04:01.668] [Part 04] Instance terminated.
[14:04:01.712] [Part 08] Done!
[14:04:01.883] [Part 06] Done!
[14:04:02.417] [Part 08] Instance terminated.
[14:04:02.626] [Part 06] Instance terminated.
[14:04:02.900] [Part 05] Done!
[14:04:03.637] [Part 05] Instance terminated.
[14:04:06.968] [Part 01] Done!
[14:04:07.599] [Part 01] Instance terminated.
[14:04:07.605] ============================================================
[14:04:07.605] RESULTS — 10x m5.large Horizontal OPTIMIZED
[14:04:07.605]   Total Time:    77.30s (1.29 min)
[14:04:07.605]   Split Time:    1.56s
[14:04:07.605]   Parallel Time: 75.74s (1.26 min)
[14:04:07.605] ============================================================
