[12:38:29.274] === Phase 3.2 OPTIMIZED Horizontal: 10x m5.large ===
[12:38:29.274] AMI: ami-06c7c20c67513469a (ffmpeg pre-installed)
[12:38:29.274] Codec: libx264, Threads: 5, Max workers: 10
[12:38:29.274] [Setup] Starting video split...
[12:38:29.323] [Setup] Video: 600.0s → 10 parts of 60.0s
[12:38:30.837] [Setup] Video split complete.
[12:38:30.838] [Summary] SPLIT TIME: 1.56s
[12:38:31.836] [Part 01] Launching m5.large...
[12:38:31.838] [Part 02] Launching m5.large...
[12:38:31.862] [Part 04] Launching m5.large...
[12:38:31.875] [Part 06] Launching m5.large...
[12:38:31.884] [Part 03] Launching m5.large...
[12:38:31.894] [Part 08] Launching m5.large...
[12:38:31.901] [Part 00] Launching m5.large...
[12:38:31.911] [Part 09] Launching m5.large...
[12:38:31.919] [Part 05] Launching m5.large...
[12:38:31.929] [Part 07] Launching m5.large...
[12:38:49.525] [Part 07] Instance ready. IP: 52.90.180.88
[12:38:49.531] [Part 06] Instance ready. IP: 100.29.40.139
[12:38:49.554] [Part 03] Instance ready. IP: 34.207.246.49
[12:38:49.566] [Part 01] Instance ready. IP: 54.236.9.62
[12:38:49.582] [Part 02] Instance ready. IP: 32.192.88.172
[12:38:49.700] [Part 00] Instance ready. IP: 98.81.187.201
[12:38:49.708] [Part 09] Instance ready. IP: 54.221.169.218
[12:38:49.984] [Part 08] Instance ready. IP: 52.90.16.64
[12:38:50.045] [Part 04] Instance ready. IP: 54.173.105.92
[12:38:50.095] [Part 05] Instance ready. IP: 54.224.229.16
[12:39:21.635] [Part 07] CPU: Intel(R) Xeon(R) Platinum 8259CL CPU @ 2.50GHz
[12:39:21.731] [Part 06] CPU: Intel(R) Xeon(R) Platinum 8259CL CPU @ 2.50GHz
[12:39:21.739] [Part 03] CPU: Intel(R) Xeon(R) Platinum 8259CL CPU @ 2.50GHz
[12:39:21.760] [Part 02] CPU: Intel(R) Xeon(R) Platinum 8259CL CPU @ 2.50GHz
[12:39:21.780] [Part 05] CPU: Intel(R) Xeon(R) Platinum 8259CL CPU @ 2.50GHz
[12:39:21.788] [Part 01] CPU: Intel(R) Xeon(R) Platinum 8259CL CPU @ 2.50GHz
[12:39:21.878] [Part 00] CPU: Intel(R) Xeon(R) Platinum 8259CL CPU @ 2.50GHz
[12:39:21.919] [Part 09] CPU: Intel(R) Xeon(R) Platinum 8259CL CPU @ 2.50GHz
[12:39:22.196] [Part 08] CPU: Intel(R) Xeon(R) Platinum 8175M CPU @ 2.50GHz
[12:39:22.196] [Part 08] WARNING: CPU mismatch! Expected Intel(R) Xeon(R) Platinum 8259CL CPU @ 2.50GHz, got Intel(R) Xeon(R) Platinum 8175M CPU @ 2.50GHz
[12:39:22.215] [Part 07] Uploading segment...
[12:39:22.247] [Part 04] CPU: Intel(R) Xeon(R) Platinum 8259CL CPU @ 2.50GHz
[12:39:22.315] [Part 06] Uploading segment...
[12:39:22.318] [Part 03] Uploading segment...
[12:39:22.342] [Part 02] Uploading segment...
[12:39:22.362] [Part 05] Uploading segment...
[12:39:22.370] [Part 01] Uploading segment...
[12:39:22.460] [Part 00] Uploading segment...
[12:39:22.521] [Part 09] Uploading segment...
[12:39:22.779] [Part 08] Uploading segment...
[12:39:22.846] [Part 04] Uploading segment...
[12:39:23.979] [Part 07] Running compression...
[12:39:24.155] [Part 01] Running compression...
[12:39:24.157] [Part 05] Running compression...
[12:39:24.217] [Part 03] Running compression...
[12:39:24.233] [Part 06] Running compression...
[12:39:24.252] [Part 02] Running compression...
[12:39:24.363] [Part 00] Running compression...
[12:39:24.565] [Part 08] Running compression...
[12:39:24.804] [Part 04] Running compression...
[12:39:25.058] [Part 09] Running compression...
[12:39:36.715] [Part 01] Done!
[12:39:37.312] [Part 01] Instance terminated.
[12:39:37.507] [Part 05] Done!
[12:39:38.123] [Part 05] Instance terminated.
[12:39:38.531] [Part 09] Done!
[12:39:39.043] [Part 03] Done!
[12:39:39.090] [Part 00] Done!
[12:39:39.132] [Part 04] Done!
[12:39:39.142] [Part 09] Instance terminated.
[12:39:39.226] [Part 02] Done!
[12:39:39.468] [Part 08] Done!
[12:39:39.483] [Part 07] Done!
[12:39:39.640] [Part 03] Instance terminated.
[12:39:39.663] [Part 06] Done!
[12:39:39.678] [Part 00] Instance terminated.
[12:39:39.741] [Part 04] Instance terminated.
[12:39:39.813] [Part 02] Instance terminated.
[12:39:40.067] [Part 08] Instance terminated.
[12:39:40.109] [Part 07] Instance terminated.
[12:39:40.258] [Part 06] Instance terminated.
[12:39:40.263] ============================================================
[12:39:40.263] RESULTS — 10x m5.large Horizontal OPTIMIZED
[12:39:40.263]   Total Time:    70.99s (1.18 min)
[12:39:40.263]   Split Time:    1.56s
[12:39:40.263]   Parallel Time: 69.43s (1.16 min)
[12:39:40.263] ============================================================
