[03:04:16.155] === Phase 3.2 Horizontal Scaling: 10x m5.large ===
[03:04:16.155] Codec: libx264, Threads: 5, Preset: slow
[03:04:16.155] Max concurrent workers: 5
[03:04:16.155] [Setup] Starting video split...
[03:04:16.206] [Setup] Video duration: 600.0s, splitting into 10 parts of 60.0s each
[03:04:16.292] [Setup]   Part 00 created
[03:04:16.394] [Setup]   Part 01 created
[03:04:16.517] [Setup]   Part 02 created
[03:04:16.653] [Setup]   Part 03 created
[03:04:16.810] [Setup]   Part 04 created
[03:04:16.969] [Setup]   Part 05 created
[03:04:17.148] [Setup]   Part 06 created
[03:04:17.344] [Setup]   Part 07 created
[03:04:17.580] [Setup]   Part 08 created
[03:04:17.838] [Setup]   Part 09 created
[03:04:17.838] [Setup] Video split complete.
[03:04:17.838] [Summary] SPLIT TIME: 1.68s
[03:04:18.315] [Part 00] Launching m5.large...
[03:04:18.376] [Part 03] Launching m5.large...
[03:04:18.398] [Part 04] Launching m5.large...
[03:04:18.408] [Part 02] Launching m5.large...
[03:04:18.416] [Part 01] Launching m5.large...
[03:04:35.882] [Part 02] Instance ready. IP: 54.162.112.34
[03:04:36.198] [Part 00] Instance ready. IP: 18.209.174.119
[03:04:36.258] [Part 04] Instance ready. IP: 54.173.126.13
[03:04:36.335] [Part 03] Instance ready. IP: 3.81.67.0
[03:04:36.554] [Part 01] Instance ready. IP: 35.153.168.139
[03:05:06.754] [Part 02] Installing ffmpeg...
[03:05:07.092] [Part 00] Installing ffmpeg...
[03:05:07.140] [Part 04] Installing ffmpeg...
[03:05:07.221] [Part 03] Installing ffmpeg...
[03:05:07.426] [Part 01] Installing ffmpeg...
[03:05:43.840] [Part 00] ffmpeg installed.
[03:05:44.078] [Part 04] ffmpeg installed.
[03:05:44.221] [Part 00] CPU: Intel(R) Xeon(R) Platinum 8175M CPU @ 2.50GHz
[03:05:44.221] [Part 00] WARNING: CPU mismatch! Expected Intel(R) Xeon(R) Platinum 8259CL CPU @ 2.50GHz, got Intel(R) Xeon(R) Platinum 8175M CPU @ 2.50GHz
[03:05:44.458] [Part 04] CPU: Intel(R) Xeon(R) Platinum 8175M CPU @ 2.50GHz
[03:05:44.458] [Part 04] WARNING: CPU mismatch! Expected Intel(R) Xeon(R) Platinum 8259CL CPU @ 2.50GHz, got Intel(R) Xeon(R) Platinum 8175M CPU @ 2.50GHz
[03:05:44.686] [Part 00] Uploading segment...
[03:05:44.923] [Part 04] Uploading segment...
[03:05:45.471] [Part 03] ffmpeg installed.
[03:05:45.522] [Part 02] ffmpeg installed.
[03:05:45.746] [Part 01] ffmpeg installed.
[03:05:45.864] [Part 03] CPU: Intel(R) Xeon(R) Platinum 8175M CPU @ 2.50GHz
[03:05:45.864] [Part 03] WARNING: CPU mismatch! Expected Intel(R) Xeon(R) Platinum 8259CL CPU @ 2.50GHz, got Intel(R) Xeon(R) Platinum 8175M CPU @ 2.50GHz
[03:05:45.896] [Part 02] CPU: Intel(R) Xeon(R) Platinum 8175M CPU @ 2.50GHz
[03:05:45.898] [Part 02] WARNING: CPU mismatch! Expected Intel(R) Xeon(R) Platinum 8259CL CPU @ 2.50GHz, got Intel(R) Xeon(R) Platinum 8175M CPU @ 2.50GHz
[03:05:46.085] [Part 00] Running compression...
[03:05:46.127] [Part 01] CPU: Intel(R) Xeon(R) Platinum 8175M CPU @ 2.50GHz
[03:05:46.127] [Part 01] WARNING: CPU mismatch! Expected Intel(R) Xeon(R) Platinum 8259CL CPU @ 2.50GHz, got Intel(R) Xeon(R) Platinum 8175M CPU @ 2.50GHz
[03:05:46.315] [Part 04] Running compression...
[03:05:46.342] [Part 03] Uploading segment...
[03:05:46.347] [Part 02] Uploading segment...
[03:05:46.592] [Part 01] Uploading segment...
[03:05:46.975] [Part 04] ERROR: FFmpeg failed: )
Press [q] to stop, [?] for help
Too many packets buffered for output stream 0:1.
[aac @ 0x56305f913280] Qavg: 218.592
[aac @ 0x56305f913280] 2 frames left in the queue on closing
Conversion failed!

[03:05:47.593] [Part 02] Running compression...
[03:05:47.916] [Part 04] Instance terminated.
[03:05:47.940] [Part 03] Running compression...
[03:05:47.943] [Part 05] Launching m5.large...
[03:05:47.998] [Part 01] Running compression...
[03:05:48.665] [Part 01] ERROR: FFmpeg failed: )
Press [q] to stop, [?] for help
Too many packets buffered for output stream 0:1.
[aac @ 0x555ede533820] Qavg: 205.539
[aac @ 0x555ede533820] 2 frames left in the queue on closing
Conversion failed!

[03:05:49.556] [Part 01] Instance terminated.
[03:05:49.582] [Part 06] Launching m5.large...
[03:06:00.531] [Part 00] Done!
[03:06:01.482] [Part 00] Instance terminated.
[03:06:01.491] [Part 07] Launching m5.large...
[03:06:02.374] [Part 02] Done!
[03:06:02.519] [Part 03] Done!
[03:06:03.480] [Part 02] Instance terminated.
[03:06:03.485] [Part 08] Launching m5.large...
[03:06:03.503] [Part 03] Instance terminated.
[03:06:03.509] [Part 09] Launching m5.large...
[03:06:06.047] [Part 05] Instance ready. IP: 13.220.222.233
[03:06:07.738] [Part 06] Instance ready. IP: 54.164.166.218
[03:06:19.467] [Part 07] Instance ready. IP: 54.198.207.55
[03:06:21.439] [Part 09] Instance ready. IP: 98.91.224.3
[03:06:21.750] [Part 08] Instance ready. IP: 18.232.163.196
[03:06:36.915] [Part 05] Installing ffmpeg...
[03:06:38.643] [Part 06] Installing ffmpeg...
[03:06:50.330] [Part 07] Installing ffmpeg...
[03:06:52.302] [Part 09] Installing ffmpeg...
[03:06:52.617] [Part 08] Installing ffmpeg...
[03:07:13.402] [Part 05] ffmpeg installed.
[03:07:13.783] [Part 05] CPU: Intel(R) Xeon(R) Platinum 8175M CPU @ 2.50GHz
[03:07:13.783] [Part 05] WARNING: CPU mismatch! Expected Intel(R) Xeon(R) Platinum 8259CL CPU @ 2.50GHz, got Intel(R) Xeon(R) Platinum 8175M CPU @ 2.50GHz
[03:07:14.249] [Part 05] Uploading segment...
[03:07:15.644] [Part 05] Running compression...
[03:07:16.558] [Part 06] ffmpeg installed.
[03:07:16.954] [Part 06] CPU: Intel(R) Xeon(R) Platinum 8175M CPU @ 2.50GHz
[03:07:16.954] [Part 06] WARNING: CPU mismatch! Expected Intel(R) Xeon(R) Platinum 8259CL CPU @ 2.50GHz, got Intel(R) Xeon(R) Platinum 8175M CPU @ 2.50GHz
[03:07:17.439] [Part 06] Uploading segment...
[03:07:19.028] [Part 06] Running compression...
[03:07:26.444] [Part 07] ffmpeg installed.
[03:07:26.823] [Part 07] CPU: Intel(R) Xeon(R) Platinum 8175M CPU @ 2.50GHz
[03:07:26.824] [Part 07] WARNING: CPU mismatch! Expected Intel(R) Xeon(R) Platinum 8259CL CPU @ 2.50GHz, got Intel(R) Xeon(R) Platinum 8175M CPU @ 2.50GHz
[03:07:27.290] [Part 07] Uploading segment...
[03:07:28.837] [Part 07] Running compression...
[03:07:29.025] [Part 08] ffmpeg installed.
[03:07:29.409] [Part 08] CPU: Intel(R) Xeon(R) Platinum 8175M CPU @ 2.50GHz
[03:07:29.410] [Part 08] WARNING: CPU mismatch! Expected Intel(R) Xeon(R) Platinum 8259CL CPU @ 2.50GHz, got Intel(R) Xeon(R) Platinum 8175M CPU @ 2.50GHz
[03:07:29.576] [Part 05] Done!
[03:07:29.874] [Part 08] Uploading segment...
[03:07:29.902] [Part 09] ffmpeg installed.
[03:07:30.284] [Part 09] CPU: Intel(R) Xeon(R) Platinum 8175M CPU @ 2.50GHz
[03:07:30.285] [Part 09] WARNING: CPU mismatch! Expected Intel(R) Xeon(R) Platinum 8259CL CPU @ 2.50GHz, got Intel(R) Xeon(R) Platinum 8175M CPU @ 2.50GHz
[03:07:30.467] [Part 05] Instance terminated.
[03:07:30.752] [Part 09] Uploading segment...
[03:07:31.296] [Part 08] Running compression...
[03:07:32.203] [Part 09] Running compression...
[03:07:33.856] [Part 06] Done!
[03:07:34.751] [Part 06] Instance terminated.
[03:07:44.155] [Part 07] Done!
[03:07:45.092] [Part 07] Instance terminated.
[03:07:45.447] [Part 08] Done!
[03:07:46.261] [Part 09] Done!
[03:07:46.386] [Part 08] Instance terminated.
[03:07:47.191] [Part 09] Instance terminated.
[03:07:47.193] ============================================================
[03:07:47.193] RESULTS — 10x m5.large Horizontal
[03:07:47.193]   Total Time:    211.04s (3.52 min)
[03:07:47.193]   Split Time:    1.68s
[03:07:47.193]   Parallel Time: 209.35s (3.49 min)
[03:07:47.193] ============================================================
