[03:14:49.431] === Phase 3.2 Horizontal Scaling: 10x m5.large ===
[03:14:49.431] Codec: libx264, Threads: 5, Preset: slow
[03:14:49.431] Max concurrent workers: 5
[03:14:49.432] [Setup] Starting video split...
[03:14:49.481] [Setup] Video duration: 600.0s, splitting into 10 parts of 60.0s each
[03:14:49.554] [Setup]   Part 00 created
[03:14:49.644] [Setup]   Part 01 created
[03:14:49.749] [Setup]   Part 02 created
[03:14:49.874] [Setup]   Part 03 created
[03:14:50.016] [Setup]   Part 04 created
[03:14:50.202] [Setup]   Part 05 created
[03:14:50.378] [Setup]   Part 06 created
[03:14:50.575] [Setup]   Part 07 created
[03:14:50.786] [Setup]   Part 08 created
[03:14:51.025] [Setup]   Part 09 created
[03:14:51.025] [Setup] Video split complete.
[03:14:51.025] [Summary] SPLIT TIME: 1.59s
[03:14:51.561] [Part 00] Launching m5.large...
[03:14:51.588] [Part 01] Launching m5.large...
[03:14:51.591] [Part 02] Launching m5.large...
[03:14:51.603] [Part 03] Launching m5.large...
[03:14:51.610] [Part 04] Launching m5.large...
[03:15:09.356] [Part 01] Instance ready. IP: 3.89.192.165
[03:15:09.379] [Part 00] Instance ready. IP: 3.93.62.238
[03:15:09.442] [Part 04] Instance ready. IP: 54.225.42.41
[03:15:09.490] [Part 02] Instance ready. IP: 54.156.58.205
[03:15:09.525] [Part 03] Instance ready. IP: 18.234.93.127
[03:15:40.260] [Part 00] Installing ffmpeg...
[03:15:40.323] [Part 04] Installing ffmpeg...
[03:15:40.348] [Part 01] Installing ffmpeg...
[03:15:40.387] [Part 02] Installing ffmpeg...
[03:15:40.416] [Part 03] Installing ffmpeg...
[03:16:17.115] [Part 04] ffmpeg installed.
[03:16:17.123] [Part 03] ffmpeg installed.
[03:16:17.170] [Part 00] ffmpeg installed.
[03:16:17.495] [Part 04] CPU: Intel(R) Xeon(R) Platinum 8259CL CPU @ 2.50GHz
[03:16:17.505] [Part 03] CPU: Intel(R) Xeon(R) Platinum 8259CL CPU @ 2.50GHz
[03:16:17.510] [Part 01] ffmpeg installed.
[03:16:17.563] [Part 00] CPU: Intel(R) Xeon(R) Platinum 8259CL CPU @ 2.50GHz
[03:16:17.915] [Part 01] CPU: Intel(R) Xeon(R) Platinum 8175M CPU @ 2.50GHz
[03:16:17.916] [Part 01] WARNING: CPU mismatch! Expected Intel(R) Xeon(R) Platinum 8259CL CPU @ 2.50GHz, got Intel(R) Xeon(R) Platinum 8175M CPU @ 2.50GHz
[03:16:17.924] [Part 02] ffmpeg installed.
[03:16:17.964] [Part 04] Uploading segment...
[03:16:17.976] [Part 03] Uploading segment...
[03:16:18.042] [Part 00] Uploading segment...
[03:16:18.304] [Part 02] CPU: Intel(R) Xeon(R) Platinum 8259CL CPU @ 2.50GHz
[03:16:18.414] [Part 01] Uploading segment...
[03:16:18.777] [Part 02] Uploading segment...
[03:16:19.266] [Part 04] Running compression...
[03:16:19.473] [Part 03] Running compression...
[03:16:19.522] [Part 00] Running compression...
[03:16:19.916] [Part 01] Running compression...
[03:16:19.929] [Part 04] ERROR: FFmpeg failed: )
Press [q] to stop, [?] for help
Too many packets buffered for output stream 0:1.
[aac @ 0x5599ec059280] Qavg: 218.592
[aac @ 0x5599ec059280] 2 frames left in the queue on closing
Conversion failed!

[03:16:20.281] [Part 02] Running compression...
[03:16:20.599] [Part 01] ERROR: FFmpeg failed: )
Press [q] to stop, [?] for help
Too many packets buffered for output stream 0:1.
[aac @ 0x55ab3d85a820] Qavg: 205.539
[aac @ 0x55ab3d85a820] 2 frames left in the queue on closing
Conversion failed!

[03:16:20.929] [Part 04] Instance terminated.
[03:16:20.945] [Part 05] Launching m5.large...
[03:16:21.504] [Part 01] Instance terminated.
[03:16:21.532] [Part 06] Launching m5.large...
[03:16:33.752] [Part 03] Done!
[03:16:33.909] [Part 00] Done!
[03:16:34.652] [Part 03] Instance terminated.
[03:16:34.660] [Part 07] Launching m5.large...
[03:16:34.873] [Part 00] Instance terminated.
[03:16:34.879] [Part 08] Launching m5.large...
[03:16:34.899] [Part 02] Done!
[03:16:35.777] [Part 02] Instance terminated.
[03:16:35.808] [Part 09] Launching m5.large...
[03:16:38.746] [Part 05] Instance ready. IP: 52.207.166.127
[03:16:39.392] [Part 06] Instance ready. IP: 18.209.34.186
[03:16:52.418] [Part 07] Instance ready. IP: 35.173.238.150
[03:16:52.575] [Part 08] Instance ready. IP: 18.234.183.239
[03:16:53.269] [Part 09] Instance ready. IP: 52.91.74.83
[03:17:09.623] [Part 05] Installing ffmpeg...
[03:17:10.284] [Part 06] Installing ffmpeg...
[03:17:23.294] [Part 07] Installing ffmpeg...
[03:17:23.426] [Part 08] Installing ffmpeg...
[03:17:24.160] [Part 09] Installing ffmpeg...
[03:17:46.239] [Part 06] ffmpeg installed.
[03:17:46.635] [Part 06] CPU: Intel(R) Xeon(R) Platinum 8175M CPU @ 2.50GHz
[03:17:46.637] [Part 06] WARNING: CPU mismatch! Expected Intel(R) Xeon(R) Platinum 8259CL CPU @ 2.50GHz, got Intel(R) Xeon(R) Platinum 8175M CPU @ 2.50GHz
[03:17:47.124] [Part 06] Uploading segment...
[03:17:47.475] [Part 05] ffmpeg installed.
[03:17:47.867] [Part 05] CPU: Intel(R) Xeon(R) Platinum 8175M CPU @ 2.50GHz
[03:17:47.868] [Part 05] WARNING: CPU mismatch! Expected Intel(R) Xeon(R) Platinum 8259CL CPU @ 2.50GHz, got Intel(R) Xeon(R) Platinum 8175M CPU @ 2.50GHz
[03:17:48.347] [Part 05] Uploading segment...
[03:17:48.599] [Part 06] Running compression...
[03:17:49.896] [Part 05] Running compression...
[03:18:00.112] [Part 07] ffmpeg installed.
[03:18:00.338] [Part 08] ffmpeg installed.
[03:18:00.504] [Part 07] CPU: Intel(R) Xeon(R) Platinum 8259CL CPU @ 2.50GHz
[03:18:00.719] [Part 08] CPU: Intel(R) Xeon(R) Platinum 8259CL CPU @ 2.50GHz
[03:18:00.983] [Part 07] Uploading segment...
[03:18:01.185] [Part 08] Uploading segment...
[03:18:01.267] [Part 09] ffmpeg installed.
[03:18:01.670] [Part 09] CPU: Intel(R) Xeon(R) Platinum 8175M CPU @ 2.50GHz
[03:18:01.670] [Part 09] WARNING: CPU mismatch! Expected Intel(R) Xeon(R) Platinum 8259CL CPU @ 2.50GHz, got Intel(R) Xeon(R) Platinum 8175M CPU @ 2.50GHz
[03:18:02.156] [Part 09] Uploading segment...
[03:18:02.455] [Part 07] Running compression...
[03:18:02.585] [Part 08] Running compression...
[03:18:03.506] [Part 06] Done!
[03:18:03.617] [Part 09] Running compression...
[03:18:04.123] [Part 05] Done!
[03:18:04.410] [Part 06] Instance terminated.
[03:18:05.107] [Part 05] Instance terminated.
[03:18:16.128] [Part 08] Done!
[03:18:17.069] [Part 08] Instance terminated.
[03:18:17.850] [Part 09] Done!
[03:18:18.003] [Part 07] Done!
[03:18:18.765] [Part 09] Instance terminated.
[03:18:18.878] [Part 07] Instance terminated.
[03:18:18.887] ============================================================
[03:18:18.888] RESULTS — 10x m5.large Horizontal
[03:18:18.888]   Total Time:    209.46s (3.49 min)
[03:18:18.888]   Split Time:    1.59s
[03:18:18.888]   Parallel Time: 207.86s (3.46 min)
[03:18:18.888] ============================================================
