[11:18:45.548] === Phase 3.2 OPTIMIZED Horizontal: 10x m5.large ===
[11:18:45.548] AMI: ami-06c7c20c67513469a (ffmpeg pre-installed)
[11:18:45.548] Codec: libx264, Threads: 5, Max workers: 10
[11:18:45.548] [Setup] Starting video split...
[11:18:45.594] [Setup] Video: 600.0s → 10 parts of 60.0s
[11:18:47.060] [Setup] Video split complete.
[11:18:47.060] [Summary] SPLIT TIME: 1.51s
[11:18:47.966] [Part 06] Launching m5.large...
[11:18:47.980] [Part 04] Launching m5.large...
[11:18:47.992] [Part 02] Launching m5.large...
[11:18:48.002] [Part 08] Launching m5.large...
[11:18:48.011] [Part 01] Launching m5.large...
[11:18:48.021] [Part 03] Launching m5.large...
[11:18:48.034] [Part 07] Launching m5.large...
[11:18:48.037] [Part 00] Launching m5.large...
[11:18:48.045] [Part 05] Launching m5.large...
[11:18:48.051] [Part 09] Launching m5.large...
[11:19:05.407] [Part 02] Instance ready. IP: 98.83.159.25
[11:19:05.466] [Part 05] Instance ready. IP: 54.83.167.125
[11:19:05.484] [Part 09] Instance ready. IP: 3.84.136.82
[11:19:05.489] [Part 08] Instance ready. IP: 98.91.205.21
[11:19:05.508] [Part 04] Instance ready. IP: 54.87.252.148
[11:19:05.534] [Part 03] Instance ready. IP: 34.235.142.140
[11:19:05.545] [Part 00] Instance ready. IP: 34.229.246.119
[11:19:05.549] [Part 01] Instance ready. IP: 54.221.57.225
[11:19:05.752] [Part 06] Instance ready. IP: 13.221.191.18
[11:19:05.848] [Part 07] Instance ready. IP: 52.202.194.214
[11:19:37.247] [Part 02] CPU: Intel(R) Xeon(R) Platinum 8175M CPU @ 2.50GHz
[11:19:37.248] [Part 02] WARNING: CPU mismatch! Expected Intel(R) Xeon(R) Platinum 8259CL CPU @ 2.50GHz, got Intel(R) Xeon(R) Platinum 8175M CPU @ 2.50GHz
[11:19:37.297] [Part 05] CPU: Intel(R) Xeon(R) Platinum 8175M CPU @ 2.50GHz
[11:19:37.297] [Part 05] WARNING: CPU mismatch! Expected Intel(R) Xeon(R) Platinum 8259CL CPU @ 2.50GHz, got Intel(R) Xeon(R) Platinum 8175M CPU @ 2.50GHz
[11:19:37.328] [Part 04] CPU: Intel(R) Xeon(R) Platinum 8175M CPU @ 2.50GHz
[11:19:37.329] [Part 04] WARNING: CPU mismatch! Expected Intel(R) Xeon(R) Platinum 8259CL CPU @ 2.50GHz, got Intel(R) Xeon(R) Platinum 8175M CPU @ 2.50GHz
[11:19:37.335] [Part 08] CPU: Intel(R) Xeon(R) Platinum 8259CL CPU @ 2.50GHz
[11:19:37.339] [Part 09] CPU: Intel(R) Xeon(R) Platinum 8175M CPU @ 2.50GHz
[11:19:37.339] [Part 09] WARNING: CPU mismatch! Expected Intel(R) Xeon(R) Platinum 8259CL CPU @ 2.50GHz, got Intel(R) Xeon(R) Platinum 8175M CPU @ 2.50GHz
[11:19:37.412] [Part 00] CPU: Intel(R) Xeon(R) Platinum 8175M CPU @ 2.50GHz
[11:19:37.412] [Part 00] WARNING: CPU mismatch! Expected Intel(R) Xeon(R) Platinum 8259CL CPU @ 2.50GHz, got Intel(R) Xeon(R) Platinum 8175M CPU @ 2.50GHz
[11:19:37.538] [Part 03] CPU: Intel(R) Xeon(R) Platinum 8175M CPU @ 2.50GHz
[11:19:37.539] [Part 03] WARNING: CPU mismatch! Expected Intel(R) Xeon(R) Platinum 8259CL CPU @ 2.50GHz, got Intel(R) Xeon(R) Platinum 8175M CPU @ 2.50GHz
[11:19:37.562] [Part 01] CPU: Intel(R) Xeon(R) Platinum 8175M CPU @ 2.50GHz
[11:19:37.563] [Part 01] WARNING: CPU mismatch! Expected Intel(R) Xeon(R) Platinum 8259CL CPU @ 2.50GHz, got Intel(R) Xeon(R) Platinum 8175M CPU @ 2.50GHz
[11:19:37.586] [Part 06] CPU: Intel(R) Xeon(R) Platinum 8259CL CPU @ 2.50GHz
[11:19:37.679] [Part 07] CPU: Intel(R) Xeon(R) Platinum 8259CL CPU @ 2.50GHz
[11:19:37.691] [Part 02] Uploading segment...
[11:19:37.742] [Part 05] Uploading segment...
[11:19:37.777] [Part 04] Uploading segment...
[11:19:37.782] [Part 08] Uploading segment...
[11:19:37.785] [Part 09] Uploading segment...
[11:19:37.854] [Part 00] Uploading segment...
[11:19:38.003] [Part 03] Uploading segment...
[11:19:38.030] [Part 01] Uploading segment...
[11:19:38.033] [Part 06] Uploading segment...
[11:19:38.137] [Part 07] Uploading segment...
[11:19:39.121] [Part 08] Running compression...
[11:19:39.126] [Part 09] Running compression...
[11:19:39.169] [Part 05] Running compression...
[11:19:39.183] [Part 00] Running compression...
[11:19:39.198] [Part 04] Running compression...
[11:19:39.456] [Part 01] Running compression...
[11:19:39.515] [Part 07] Running compression...
[11:19:39.545] [Part 02] Running compression...
[11:19:39.588] [Part 06] Running compression...
[11:19:39.727] [Part 03] Running compression...
[11:19:50.628] [Part 00] Done!
[11:19:51.212] [Part 00] Instance terminated.
[11:19:51.391] [Part 07] Done!
[11:19:51.576] [Part 05] Done!
[11:19:51.679] [Part 09] Done!
[11:19:51.968] [Part 07] Instance terminated.
[11:19:52.095] [Part 01] Done!
[11:19:52.227] [Part 05] Instance terminated.
[11:19:52.270] [Part 09] Instance terminated.
[11:19:52.308] [Part 08] Done!
[11:19:52.727] [Part 04] Done!
[11:19:52.825] [Part 01] Instance terminated.
[11:19:52.997] [Part 08] Instance terminated.
[11:19:53.323] [Part 04] Instance terminated.
[11:19:53.561] [Part 02] Done!
[11:19:53.577] [Part 03] Done!
[11:19:53.660] [Part 06] Done!
[11:19:54.097] [Part 02] Instance terminated.
[11:19:54.207] [Part 03] Instance terminated.
[11:19:54.300] [Part 06] Instance terminated.
[11:19:54.303] ============================================================
[11:19:54.303] RESULTS — 10x m5.large Horizontal OPTIMIZED
[11:19:54.303]   Total Time:    68.76s (1.15 min)
[11:19:54.303]   Split Time:    1.51s
[11:19:54.303]   Parallel Time: 67.24s (1.12 min)
[11:19:54.303] ============================================================
