[02:22:52.140] === Phase 3.2 Horizontal Scaling: 10x m5.large ===
[02:22:52.140] Codec: libx264, Threads: 5, Preset: slow
[02:22:52.140] Max concurrent workers: 5
[02:22:52.140] [Setup] Starting video split...
[02:22:52.191] [Setup] Video duration: 600.0s, splitting into 10 parts of 60.0s each
[02:22:52.264] [Setup]   Part 00 created
[02:22:52.353] [Setup]   Part 01 created
[02:22:52.470] [Setup]   Part 02 created
[02:22:52.609] [Setup]   Part 03 created
[02:22:52.767] [Setup]   Part 04 created
[02:22:52.945] [Setup]   Part 05 created
[02:22:53.129] [Setup]   Part 06 created
[02:22:53.324] [Setup]   Part 07 created
[02:22:53.539] [Setup]   Part 08 created
[02:22:53.767] [Setup]   Part 09 created
[02:22:53.767] [Setup] Video split complete.
[02:22:53.767] [Summary] SPLIT TIME: 1.63s
[02:22:54.271] [Part 01] Launching m5.large...
[02:22:54.311] [Part 00] Launching m5.large...
[02:22:54.319] [Part 02] Launching m5.large...
[02:22:54.329] [Part 03] Launching m5.large...
[02:22:54.336] [Part 04] Launching m5.large...
[02:23:11.746] [Part 02] Instance ready. IP: 184.72.129.105
[02:23:11.768] [Part 01] Instance ready. IP: 52.23.180.87
[02:23:11.798] [Part 04] Instance ready. IP: 54.85.31.227
[02:23:12.118] [Part 00] Instance ready. IP: 3.94.252.35
[02:23:12.151] [Part 03] Instance ready. IP: 18.232.120.49
[02:23:42.635] [Part 01] Installing ffmpeg...
[02:23:42.703] [Part 04] Installing ffmpeg...
[02:23:42.734] [Part 02] Installing ffmpeg...
[02:23:43.015] [Part 03] Installing ffmpeg...
[02:23:43.090] [Part 00] Installing ffmpeg...
[02:24:19.225] [Part 02] ffmpeg installed.
[02:24:19.622] [Part 02] CPU: Intel(R) Xeon(R) Platinum 8259CL CPU @ 2.50GHz
[02:24:19.730] [Part 04] ffmpeg installed.
[02:24:19.939] [Part 00] ffmpeg installed.
[02:24:20.110] [Part 02] Uploading segment...
[02:24:20.116] [Part 04] CPU: Intel(R) Xeon(R) Platinum 8259CL CPU @ 2.50GHz
[02:24:20.135] [Part 01] ffmpeg installed.
[02:24:20.332] [Part 00] CPU: Intel(R) Xeon(R) Platinum 8175M CPU @ 2.50GHz
[02:24:20.332] [Part 00] WARNING: CPU mismatch! Expected Intel(R) Xeon(R) Platinum 8259CL CPU @ 2.50GHz, got Intel(R) Xeon(R) Platinum 8175M CPU @ 2.50GHz
[02:24:20.517] [Part 01] CPU: Intel(R) Xeon(R) Platinum 8175M CPU @ 2.50GHz
[02:24:20.518] [Part 01] WARNING: CPU mismatch! Expected Intel(R) Xeon(R) Platinum 8259CL CPU @ 2.50GHz, got Intel(R) Xeon(R) Platinum 8175M CPU @ 2.50GHz
[02:24:20.582] [Part 04] Uploading segment...
[02:24:20.811] [Part 00] Uploading segment...
[02:24:20.983] [Part 01] Uploading segment...
[02:24:21.034] [Part 03] ffmpeg installed.
[02:24:21.413] [Part 03] CPU: Intel(R) Xeon(R) Platinum 8259CL CPU @ 2.50GHz
[02:24:21.685] [Part 02] Running compression...
[02:24:21.880] [Part 03] Uploading segment...
[02:24:21.917] [Part 04] Running compression...
[02:24:22.244] [Part 00] Running compression...
[02:24:22.378] [Part 01] Running compression...
[02:24:22.580] [Part 04] ERROR: FFmpeg failed: )
Press [q] to stop, [?] for help
Too many packets buffered for output stream 0:1.
[aac @ 0x562d7517b280] Qavg: 218.592
[aac @ 0x562d7517b280] 2 frames left in the queue on closing
Conversion failed!

[02:24:23.033] [Part 01] ERROR: FFmpeg failed: )
Press [q] to stop, [?] for help
Too many packets buffered for output stream 0:1.
[aac @ 0x560b94201820] Qavg: 205.539
[aac @ 0x560b94201820] 2 frames left in the queue on closing
Conversion failed!

[02:24:23.284] [Part 03] Running compression...
[02:24:23.542] [Part 04] Instance terminated.
[02:24:23.576] [Part 05] Launching m5.large...
[02:24:23.930] [Part 01] Instance terminated.
[02:24:23.952] [Part 06] Launching m5.large...
[02:24:36.470] [Part 02] Done!
[02:24:36.655] [Part 00] Done!
[02:24:37.352] [Part 02] Instance terminated.
[02:24:37.385] [Part 07] Launching m5.large...
[02:24:37.608] [Part 00] Instance terminated.
[02:24:37.614] [Part 08] Launching m5.large...
[02:24:37.860] [Part 03] Done!
[02:24:38.834] [Part 03] Instance terminated.
[02:24:38.850] [Part 09] Launching m5.large...
[02:24:41.199] [Part 05] Instance ready. IP: 204.236.222.127
[02:24:41.786] [Part 06] Instance ready. IP: 98.81.135.201
[02:24:54.830] [Part 07] Instance ready. IP: 3.81.71.88
[02:24:55.454] [Part 08] Instance ready. IP: 54.161.27.228
[02:24:56.365] [Part 09] Instance ready. IP: 34.228.217.147
[02:25:12.063] [Part 05] Installing ffmpeg...
[02:25:12.656] [Part 06] Installing ffmpeg...
[02:25:25.716] [Part 07] Installing ffmpeg...
[02:25:26.309] [Part 08] Installing ffmpeg...
[02:25:27.230] [Part 09] Installing ffmpeg...
[02:25:49.571] [Part 05] ffmpeg installed.
[02:25:49.954] [Part 05] CPU: Intel(R) Xeon(R) Platinum 8259CL CPU @ 2.50GHz
[02:25:50.420] [Part 05] Uploading segment...
[02:25:51.922] [Part 05] Running compression...
[02:25:52.511] [Part 06] ffmpeg installed.
[02:25:52.889] [Part 06] CPU: Intel(R) Xeon(R) Platinum 8259CL CPU @ 2.50GHz
[02:25:53.357] [Part 06] Uploading segment...
[02:25:54.799] [Part 06] Running compression...
[02:26:01.254] [Part 07] ffmpeg installed.
[02:26:01.642] [Part 07] CPU: Intel(R) Xeon(R) Platinum 8259CL CPU @ 2.50GHz
[02:26:02.120] [Part 07] Uploading segment...
[02:26:02.531] [Part 08] ffmpeg installed.
[02:26:02.906] [Part 08] CPU: Intel(R) Xeon(R) Platinum 8259CL CPU @ 2.50GHz
[02:26:03.368] [Part 08] Uploading segment...
[02:26:03.559] [Part 07] Running compression...
[02:26:04.766] [Part 08] Running compression...
[02:26:05.336] [Part 09] ffmpeg installed.
[02:26:05.722] [Part 09] CPU: Intel(R) Xeon(R) Platinum 8175M CPU @ 2.50GHz
[02:26:05.723] [Part 09] WARNING: CPU mismatch! Expected Intel(R) Xeon(R) Platinum 8259CL CPU @ 2.50GHz, got Intel(R) Xeon(R) Platinum 8175M CPU @ 2.50GHz
[02:26:06.092] [Part 05] Done!
[02:26:06.188] [Part 09] Uploading segment...
[02:26:06.975] [Part 05] Instance terminated.
[02:26:07.696] [Part 09] Running compression...
[02:26:09.567] [Part 06] Done!
[02:26:10.449] [Part 06] Instance terminated.
[02:26:18.304] [Part 08] Done!
[02:26:18.590] [Part 07] Done!
[02:26:19.320] [Part 08] Instance terminated.
[02:26:19.473] [Part 07] Instance terminated.
[02:26:21.881] [Part 09] Done!
[02:26:22.780] [Part 09] Instance terminated.
[02:26:22.782] ============================================================
[02:26:22.782] RESULTS — 10x m5.large Horizontal
[02:26:22.782]   Total Time:    210.64s (3.51 min)
[02:26:22.782]   Split Time:    1.63s
[02:26:22.782]   Parallel Time: 209.02s (3.48 min)
[02:26:22.782] ============================================================
