[12:46:48.404] === Phase 3.2 OPTIMIZED Serial: 1x m5.large ===
[12:46:48.404] AMI: ami-06c7c20c67513469a (ffmpeg pre-installed)
[12:46:48.404] Codec: libx264, Threads: 5, Preset: slow
[12:46:48.404] [m5.large-Serial-OPT] Launching EC2 instance...
[12:46:50.308] [m5.large-Serial-OPT] Instance i-001daff3d06900d1e launched. Waiting...
[12:47:06.073] [m5.large-Serial-OPT] Instance ready. IP: 3.84.78.122
[12:47:37.172] [m5.large-Serial-OPT] SSH connected.
[12:47:38.225] [m5.large-Serial-OPT] CPU: Intel(R) Xeon(R) Platinum 8175M CPU @ 2.50GHz
[12:47:38.226] [m5.large-Serial-OPT] WARNING: CPU mismatch! Expected Intel(R) Xeon(R) Platinum 8259CL CPU @ 2.50GHz, got Intel(R) Xeon(R) Platinum 8175M CPU @ 2.50GHz
[12:47:38.226] [m5.large-Serial-OPT] Uploading 10-minute video...
[12:47:46.409] [m5.large-Serial-OPT] Upload complete.
[12:47:46.409] [m5.large-Serial-OPT] SETUP TIME: 58.00s (0.97 min)
[12:47:46.409] [m5.large-Serial-OPT] Running: ffmpeg -i /home/ubuntu/input.mp4 -c:v libx264 -preset slow -b:v 2M -threads 5 -y /home/ubuntu/output.mp4
[12:49:30.396] [m5.large-Serial-OPT] ENCODING TIME: 103.99s (1.73 min)
[12:49:31.451] [m5.large-Serial-OPT] Instance terminated.
[12:49:31.451] [m5.large-Serial-OPT] ============================================================
[12:49:31.451] [m5.large-Serial-OPT] RESULTS — m5.large Serial OPTIMIZED
[12:49:31.451] [m5.large-Serial-OPT]   Total Time:    161.99s (2.70 min)
[12:49:31.451] [m5.large-Serial-OPT]   Setup Time:    58.00s (0.97 min)
[12:49:31.451] [m5.large-Serial-OPT]   Encoding Time: 103.99s (1.73 min)
[12:49:31.451] [m5.large-Serial-OPT]   Setup %:       35.8%
[12:49:31.451] [m5.large-Serial-OPT] ============================================================
