[10:10:55.326] === Phase 3.2 OPTIMIZED Serial: 1x m5.large ===
[10:10:55.326] AMI: ami-06c7c20c67513469a (ffmpeg pre-installed)
[10:10:55.326] Codec: libx264, Threads: 5, Preset: slow
[10:10:55.326] [m5.large-Serial-OPT] Launching EC2 instance...
[10:10:57.219] [m5.large-Serial-OPT] Instance i-0531f250b5583f93a launched. Waiting...
[10:11:13.044] [m5.large-Serial-OPT] Instance ready. IP: 3.87.105.254
[10:11:44.118] [m5.large-Serial-OPT] SSH connected.
[10:11:45.220] [m5.large-Serial-OPT] CPU: Intel(R) Xeon(R) Platinum 8259CL CPU @ 2.50GHz
[10:11:45.221] [m5.large-Serial-OPT] Uploading 10-minute video...
[10:11:53.301] [m5.large-Serial-OPT] Upload complete.
[10:11:53.301] [m5.large-Serial-OPT] SETUP TIME: 57.98s (0.97 min)
[10:11:53.301] [m5.large-Serial-OPT] Running: ffmpeg -i /home/ubuntu/input.mp4 -c:v libx264 -preset slow -b:v 2M -threads 5 -y /home/ubuntu/output.mp4
[10:13:37.230] [m5.large-Serial-OPT] ENCODING TIME: 103.93s (1.73 min)
[10:13:38.228] [m5.large-Serial-OPT] Instance terminated.
[10:13:38.228] [m5.large-Serial-OPT] ============================================================
[10:13:38.228] [m5.large-Serial-OPT] RESULTS — m5.large Serial OPTIMIZED
[10:13:38.228] [m5.large-Serial-OPT]   Total Time:    161.90s (2.70 min)
[10:13:38.228] [m5.large-Serial-OPT]   Setup Time:    57.98s (0.97 min)
[10:13:38.228] [m5.large-Serial-OPT]   Encoding Time: 103.93s (1.73 min)
[10:13:38.228] [m5.large-Serial-OPT]   Setup %:       35.8%
[10:13:38.228] [m5.large-Serial-OPT] ============================================================
