[13:36:52.213] === Phase 3.2 OPTIMIZED Horizontal: 10x m5.large ===
[13:36:52.213] AMI: ami-06c7c20c67513469a (ffmpeg pre-installed)
[13:36:52.213] Codec: libx264, Threads: 5, Max workers: 10
[13:36:52.213] [Setup] Starting video split...
[13:36:52.263] [Setup] Video: 600.0s → 10 parts of 60.0s
[13:36:53.789] [Setup] Video split complete.
[13:36:53.789] [Summary] SPLIT TIME: 1.58s
[13:36:54.749] [Part 04] Launching m5.large...
[13:36:54.770] [Part 06] Launching m5.large...
[13:36:54.771] [Part 02] Launching m5.large...
[13:36:54.789] [Part 01] Launching m5.large...
[13:36:54.800] [Part 03] Launching m5.large...
[13:36:54.821] [Part 00] Launching m5.large...
[13:36:54.824] [Part 07] Launching m5.large...
[13:36:54.833] [Part 09] Launching m5.large...
[13:36:54.841] [Part 05] Launching m5.large...
[13:36:54.849] [Part 08] Launching m5.large...
[13:37:12.454] [Part 04] Instance ready. IP: 98.92.3.4
[13:37:12.478] [Part 00] Instance ready. IP: 54.80.237.75
[13:37:12.488] [Part 02] Instance ready. IP: 100.55.35.27
[13:37:12.505] [Part 06] Instance ready. IP: 54.92.161.83
[13:37:12.511] [Part 08] Instance ready. IP: 13.221.32.201
[13:37:12.637] [Part 09] Instance ready. IP: 54.158.29.11
[13:37:12.829] [Part 03] Instance ready. IP: 98.94.108.173
[13:37:12.853] [Part 07] Instance ready. IP: 184.73.43.231
[13:37:12.943] [Part 05] Instance ready. IP: 34.238.172.193
[13:37:12.948] [Part 01] Instance ready. IP: 54.82.59.219
[13:37:44.596] [Part 04] CPU: Intel(R) Xeon(R) Platinum 8175M CPU @ 2.50GHz
[13:37:44.597] [Part 04] WARNING: CPU mismatch! Expected Intel(R) Xeon(R) Platinum 8259CL CPU @ 2.50GHz, got Intel(R) Xeon(R) Platinum 8175M CPU @ 2.50GHz
[13:37:44.638] [Part 08] CPU: Intel(R) Xeon(R) Platinum 8259CL CPU @ 2.50GHz
[13:37:44.642] [Part 00] CPU: Intel(R) Xeon(R) Platinum 8175M CPU @ 2.50GHz
[13:37:44.643] [Part 00] WARNING: CPU mismatch! Expected Intel(R) Xeon(R) Platinum 8259CL CPU @ 2.50GHz, got Intel(R) Xeon(R) Platinum 8175M CPU @ 2.50GHz
[13:37:44.717] [Part 02] CPU: Intel(R) Xeon(R) Platinum 8175M CPU @ 2.50GHz
[13:37:44.718] [Part 02] WARNING: CPU mismatch! Expected Intel(R) Xeon(R) Platinum 8259CL CPU @ 2.50GHz, got Intel(R) Xeon(R) Platinum 8175M CPU @ 2.50GHz
[13:37:44.772] [Part 06] CPU: Intel(R) Xeon(R) Platinum 8259CL CPU @ 2.50GHz
[13:37:44.849] [Part 09] CPU: Intel(R) Xeon(R) Platinum 8259CL CPU @ 2.50GHz
[13:37:44.969] [Part 03] CPU: Intel(R) Xeon(R) Platinum 8175M CPU @ 2.50GHz
[13:37:44.970] [Part 03] WARNING: CPU mismatch! Expected Intel(R) Xeon(R) Platinum 8259CL CPU @ 2.50GHz, got Intel(R) Xeon(R) Platinum 8175M CPU @ 2.50GHz
[13:37:45.047] [Part 05] CPU: Intel(R) Xeon(R) Platinum 8259CL CPU @ 2.50GHz
[13:37:45.083] [Part 07] CPU: Intel(R) Xeon(R) Platinum 8175M CPU @ 2.50GHz
[13:37:45.084] [Part 07] WARNING: CPU mismatch! Expected Intel(R) Xeon(R) Platinum 8259CL CPU @ 2.50GHz, got Intel(R) Xeon(R) Platinum 8175M CPU @ 2.50GHz
[13:37:45.098] [Part 01] CPU: Intel(R) Xeon(R) Platinum 8175M CPU @ 2.50GHz
[13:37:45.098] [Part 01] WARNING: CPU mismatch! Expected Intel(R) Xeon(R) Platinum 8259CL CPU @ 2.50GHz, got Intel(R) Xeon(R) Platinum 8175M CPU @ 2.50GHz
[13:37:45.179] [Part 04] Uploading segment...
[13:37:45.221] [Part 08] Uploading segment...
[13:37:45.224] [Part 00] Uploading segment...
[13:37:45.297] [Part 02] Uploading segment...
[13:37:45.376] [Part 06] Uploading segment...
[13:37:45.450] [Part 09] Uploading segment...
[13:37:45.554] [Part 03] Uploading segment...
[13:37:45.632] [Part 05] Uploading segment...
[13:37:45.681] [Part 01] Uploading segment...
[13:37:45.687] [Part 07] Uploading segment...
[13:37:46.957] [Part 04] Running compression...
[13:37:47.137] [Part 00] Running compression...
[13:37:47.298] [Part 09] Running compression...
[13:37:47.304] [Part 08] Running compression...
[13:37:47.324] [Part 03] Running compression...
[13:37:47.331] [Part 02] Running compression...
[13:37:47.466] [Part 01] Running compression...
[13:37:47.495] [Part 06] Running compression...
[13:37:47.663] [Part 07] Running compression...
[13:37:47.669] [Part 05] Running compression...
[13:38:00.982] [Part 04] Done!
[13:38:01.209] [Part 01] Done!
[13:38:01.573] [Part 04] Instance terminated.
[13:38:01.844] [Part 01] Instance terminated.
[13:38:01.969] [Part 08] Done!
[13:38:02.022] [Part 09] Done!
[13:38:02.074] [Part 05] Done!
[13:38:02.441] [Part 00] Done!
[13:38:02.582] [Part 08] Instance terminated.
[13:38:02.603] [Part 09] Instance terminated.
[13:38:02.641] [Part 07] Done!
[13:38:02.709] [Part 05] Instance terminated.
[13:38:02.893] [Part 03] Done!
[13:38:02.916] [Part 06] Done!
[13:38:03.278] [Part 07] Instance terminated.
[13:38:03.291] [Part 00] Instance terminated.
[13:38:03.433] [Part 02] Done!
[13:38:03.524] [Part 06] Instance terminated.
[13:38:03.572] [Part 03] Instance terminated.
[13:38:04.088] [Part 02] Instance terminated.
[13:38:04.092] ============================================================
[13:38:04.092] RESULTS — 10x m5.large Horizontal OPTIMIZED
[13:38:04.092]   Total Time:    71.88s (1.20 min)
[13:38:04.092]   Split Time:    1.58s
[13:38:04.092]   Parallel Time: 70.30s (1.17 min)
[13:38:04.093] ============================================================
