[00:58:17.895] === Phase 3.2 Horizontal Scaling: 10x m5.large ===
[00:58:17.895] Codec: libx264, Threads: 5, Preset: slow
[00:58:17.895] Max concurrent workers: 5
[00:58:17.895] [Setup] Starting video split...
[00:58:17.947] [Setup] Video duration: 600.0s, splitting into 10 parts of 60.0s each
[00:58:18.019] [Setup]   Part 00 created
[00:58:18.109] [Setup]   Part 01 created
[00:58:18.216] [Setup]   Part 02 created
[00:58:18.350] [Setup]   Part 03 created
[00:58:18.510] [Setup]   Part 04 created
[00:58:18.670] [Setup]   Part 05 created
[00:58:18.847] [Setup]   Part 06 created
[00:58:19.043] [Setup]   Part 07 created
[00:58:19.270] [Setup]   Part 08 created
[00:58:19.511] [Setup]   Part 09 created
[00:58:19.511] [Setup] Video split complete.
[00:58:19.511] [Summary] SPLIT TIME: 1.62s
[00:58:20.067] [Part 03] Launching m5.large...
[00:58:20.077] [Part 00] Launching m5.large...
[00:58:20.086] [Part 04] Launching m5.large...
[00:58:20.101] [Part 02] Launching m5.large...
[00:58:20.108] [Part 01] Launching m5.large...
[00:58:37.569] [Part 00] Instance ready. IP: 54.175.229.116
[00:58:37.597] [Part 02] Instance ready. IP: 54.224.227.110
[00:58:37.604] [Part 01] Instance ready. IP: 100.31.64.40
[00:58:37.621] [Part 04] Instance ready. IP: 54.92.189.21
[00:58:37.626] [Part 03] Instance ready. IP: 54.173.133.136
[00:59:08.429] [Part 00] Installing ffmpeg...
[00:59:08.504] [Part 02] Installing ffmpeg...
[00:59:08.506] [Part 01] Installing ffmpeg...
[00:59:08.536] [Part 03] Installing ffmpeg...
[00:59:08.545] [Part 04] Installing ffmpeg...
[00:59:43.806] [Part 01] ffmpeg installed.
[00:59:44.186] [Part 01] CPU: Intel(R) Xeon(R) Platinum 8259CL CPU @ 2.50GHz
[00:59:44.533] [Part 03] ffmpeg installed.
[00:59:44.650] [Part 04] ffmpeg installed.
[00:59:44.652] [Part 01] Uploading segment...
[00:59:44.915] [Part 03] CPU: Intel(R) Xeon(R) Platinum 8175M CPU @ 2.50GHz
[00:59:44.916] [Part 03] WARNING: CPU mismatch! Expected Intel(R) Xeon(R) Platinum 8259CL CPU @ 2.50GHz, got Intel(R) Xeon(R) Platinum 8175M CPU @ 2.50GHz
[00:59:45.029] [Part 04] CPU: Intel(R) Xeon(R) Platinum 8175M CPU @ 2.50GHz
[00:59:45.029] [Part 04] WARNING: CPU mismatch! Expected Intel(R) Xeon(R) Platinum 8259CL CPU @ 2.50GHz, got Intel(R) Xeon(R) Platinum 8175M CPU @ 2.50GHz
[00:59:45.159] [Part 00] ffmpeg installed.
[00:59:45.383] [Part 03] Uploading segment...
[00:59:45.497] [Part 04] Uploading segment...
[00:59:45.541] [Part 00] CPU: Intel(R) Xeon(R) Platinum 8175M CPU @ 2.50GHz
[00:59:45.541] [Part 00] WARNING: CPU mismatch! Expected Intel(R) Xeon(R) Platinum 8259CL CPU @ 2.50GHz, got Intel(R) Xeon(R) Platinum 8175M CPU @ 2.50GHz
[00:59:46.006] [Part 00] Uploading segment...
[00:59:46.065] [Part 01] Running compression...
[00:59:46.762] [Part 01] ERROR: FFmpeg failed: )
Press [q] to stop, [?] for help
Too many packets buffered for output stream 0:1.
[aac @ 0x55a64d379820] Qavg: 205.539
[aac @ 0x55a64d379820] 2 frames left in the queue on closing
Conversion failed!

[00:59:46.902] [Part 03] Running compression...
[00:59:46.931] [Part 04] Running compression...
[00:59:47.313] [Part 00] Running compression...
[00:59:47.317] [Part 02] ffmpeg installed.
[00:59:47.559] [Part 04] ERROR: FFmpeg failed: )
Press [q] to stop, [?] for help
Too many packets buffered for output stream 0:1.
[aac @ 0x561064a44280] Qavg: 218.592
[aac @ 0x561064a44280] 2 frames left in the queue on closing
Conversion failed!

[00:59:47.698] [Part 02] CPU: Intel(R) Xeon(R) Platinum 8259CL CPU @ 2.50GHz
[00:59:47.728] [Part 01] Instance terminated.
[00:59:47.740] [Part 05] Launching m5.large...
[00:59:48.167] [Part 02] Uploading segment...
[00:59:48.478] [Part 04] Instance terminated.
[00:59:48.484] [Part 06] Launching m5.large...
[00:59:49.670] [Part 02] Running compression...
[01:00:01.284] [Part 03] Done!
[01:00:01.526] [Part 00] Done!
[01:00:02.279] [Part 03] Instance terminated.
[01:00:02.308] [Part 07] Launching m5.large...
[01:00:02.476] [Part 00] Instance terminated.
[01:00:02.496] [Part 08] Launching m5.large...
[01:00:04.688] [Part 02] Done!
[01:00:05.261] [Part 05] Instance ready. IP: 3.90.174.34
[01:00:05.641] [Part 02] Instance terminated.
[01:00:05.669] [Part 09] Launching m5.large...
[01:00:06.284] [Part 06] Instance ready. IP: 75.101.239.29
[01:00:20.020] [Part 07] Instance ready. IP: 100.30.211.173
[01:00:20.443] [Part 08] Instance ready. IP: 54.224.65.177
[01:00:23.391] [Part 09] Instance ready. IP: 100.54.197.40
[01:00:36.143] [Part 05] Installing ffmpeg...
[01:00:37.187] [Part 06] Installing ffmpeg...
[01:00:50.891] [Part 07] Installing ffmpeg...
[01:00:51.316] [Part 08] Installing ffmpeg...
[01:00:54.256] [Part 09] Installing ffmpeg...
[01:01:14.180] [Part 06] ffmpeg installed.
[01:01:14.580] [Part 06] CPU: Intel(R) Xeon(R) Platinum 8259CL CPU @ 2.50GHz
[01:01:14.913] [Part 05] ffmpeg installed.
[01:01:15.065] [Part 06] Uploading segment...
[01:01:15.305] [Part 05] CPU: Intel(R) Xeon(R) Platinum 8175M CPU @ 2.50GHz
[01:01:15.305] [Part 05] WARNING: CPU mismatch! Expected Intel(R) Xeon(R) Platinum 8259CL CPU @ 2.50GHz, got Intel(R) Xeon(R) Platinum 8175M CPU @ 2.50GHz
[01:01:15.785] [Part 05] Uploading segment...
[01:01:16.636] [Part 06] Running compression...
[01:01:17.328] [Part 05] Running compression...
[01:01:27.030] [Part 07] ffmpeg installed.
[01:01:27.413] [Part 07] CPU: Intel(R) Xeon(R) Platinum 8175M CPU @ 2.50GHz
[01:01:27.413] [Part 07] WARNING: CPU mismatch! Expected Intel(R) Xeon(R) Platinum 8259CL CPU @ 2.50GHz, got Intel(R) Xeon(R) Platinum 8175M CPU @ 2.50GHz
[01:01:27.761] [Part 08] ffmpeg installed.
[01:01:27.880] [Part 07] Uploading segment...
[01:01:28.154] [Part 08] CPU: Intel(R) Xeon(R) Platinum 8259CL CPU @ 2.50GHz
[01:01:28.642] [Part 08] Uploading segment...
[01:01:29.236] [Part 06] Done!
[01:01:29.384] [Part 07] Running compression...
[01:01:30.092] [Part 08] Running compression...
[01:01:30.172] [Part 06] Instance terminated.
[01:01:30.777] [Part 09] ffmpeg installed.
[01:01:31.158] [Part 09] CPU: Intel(R) Xeon(R) Platinum 8175M CPU @ 2.50GHz
[01:01:31.158] [Part 09] WARNING: CPU mismatch! Expected Intel(R) Xeon(R) Platinum 8259CL CPU @ 2.50GHz, got Intel(R) Xeon(R) Platinum 8175M CPU @ 2.50GHz
[01:01:31.475] [Part 05] Done!
[01:01:31.624] [Part 09] Uploading segment...
[01:01:32.418] [Part 05] Instance terminated.
[01:01:33.128] [Part 09] Running compression...
[01:01:42.289] [Part 07] Done!
[01:01:43.260] [Part 07] Instance terminated.
[01:01:43.758] [Part 08] Done!
[01:01:44.680] [Part 08] Instance terminated.
[01:01:46.957] [Part 09] Done!
[01:01:47.907] [Part 09] Instance terminated.
[01:01:47.909] ============================================================
[01:01:47.909] RESULTS — 10x m5.large Horizontal
[01:01:47.909]   Total Time:    210.01s (3.50 min)
[01:01:47.909]   Split Time:    1.62s
[01:01:47.909]   Parallel Time: 208.40s (3.47 min)
[01:01:47.909] ============================================================
