[10:23:19.459] === Phase 3.2 OPTIMIZED Horizontal: 10x m5.large ===
[10:23:19.459] AMI: ami-06c7c20c67513469a (ffmpeg pre-installed)
[10:23:19.459] Codec: libx264, Threads: 5, Max workers: 10
[10:23:19.459] [Setup] Starting video split...
[10:23:19.506] [Setup] Video: 600.0s → 10 parts of 60.0s
[10:23:20.980] [Setup] Video split complete.
[10:23:20.980] [Summary] SPLIT TIME: 1.52s
[10:23:21.945] [Part 03] Launching m5.large...
[10:23:21.949] [Part 08] Launching m5.large...
[10:23:21.970] [Part 04] Launching m5.large...
[10:23:21.980] [Part 06] Launching m5.large...
[10:23:21.990] [Part 07] Launching m5.large...
[10:23:22.000] [Part 01] Launching m5.large...
[10:23:22.008] [Part 00] Launching m5.large...
[10:23:22.017] [Part 02] Launching m5.large...
[10:23:22.025] [Part 09] Launching m5.large...
[10:23:22.034] [Part 05] Launching m5.large...
[10:23:40.076] [Part 03] Instance ready. IP: 54.161.108.97
[10:23:40.253] [Part 02] Instance ready. IP: 54.209.92.200
[10:23:40.260] [Part 04] Instance ready. IP: 98.92.4.77
[10:23:40.269] [Part 07] Instance ready. IP: 13.217.1.66
[10:23:40.280] [Part 08] Instance ready. IP: 35.173.235.17
[10:23:40.291] [Part 06] Instance ready. IP: 52.203.12.31
[10:23:40.296] [Part 01] Instance ready. IP: 35.171.189.212
[10:23:40.305] [Part 05] Instance ready. IP: 35.175.209.74
[10:23:40.319] [Part 09] Instance ready. IP: 54.234.8.38
[10:23:40.354] [Part 00] Instance ready. IP: 184.72.94.236
[10:24:11.892] [Part 03] CPU: Intel(R) Xeon(R) Platinum 8259CL CPU @ 2.50GHz
[10:24:12.337] [Part 03] Uploading segment...
[10:24:12.409] [Part 07] CPU: Intel(R) Xeon(R) Platinum 8259CL CPU @ 2.50GHz
[10:24:12.451] [Part 01] CPU: Intel(R) Xeon(R) Platinum 8259CL CPU @ 2.50GHz
[10:24:12.551] [Part 00] CPU: Intel(R) Xeon(R) Platinum 8259CL CPU @ 2.50GHz
[10:24:12.557] [Part 06] CPU: Intel(R) Xeon(R) Platinum 8259CL CPU @ 2.50GHz
[10:24:12.576] [Part 08] CPU: Intel(R) Xeon(R) Platinum 8175M CPU @ 2.50GHz
[10:24:12.576] [Part 08] WARNING: CPU mismatch! Expected Intel(R) Xeon(R) Platinum 8259CL CPU @ 2.50GHz, got Intel(R) Xeon(R) Platinum 8175M CPU @ 2.50GHz
[10:24:12.581] [Part 04] CPU: Intel(R) Xeon(R) Platinum 8259CL CPU @ 2.50GHz
[10:24:12.588] [Part 09] CPU: Intel(R) Xeon(R) Platinum 8175M CPU @ 2.50GHz
[10:24:12.589] [Part 09] WARNING: CPU mismatch! Expected Intel(R) Xeon(R) Platinum 8259CL CPU @ 2.50GHz, got Intel(R) Xeon(R) Platinum 8175M CPU @ 2.50GHz
[10:24:12.639] [Part 05] CPU: Intel(R) Xeon(R) Platinum 8175M CPU @ 2.50GHz
[10:24:12.639] [Part 05] WARNING: CPU mismatch! Expected Intel(R) Xeon(R) Platinum 8259CL CPU @ 2.50GHz, got Intel(R) Xeon(R) Platinum 8175M CPU @ 2.50GHz
[10:24:12.696] [Part 02] CPU: Intel(R) Xeon(R) Platinum 8259CL CPU @ 2.50GHz
[10:24:12.990] [Part 07] Uploading segment...
[10:24:13.053] [Part 01] Uploading segment...
[10:24:13.135] [Part 00] Uploading segment...
[10:24:13.150] [Part 06] Uploading segment...
[10:24:13.178] [Part 08] Uploading segment...
[10:24:13.178] [Part 09] Uploading segment...
[10:24:13.182] [Part 04] Uploading segment...
[10:24:13.243] [Part 05] Uploading segment...
[10:24:13.298] [Part 02] Uploading segment...
[10:24:13.946] [Part 03] Running compression...
[10:24:14.835] [Part 07] Running compression...
[10:24:15.017] [Part 08] Running compression...
[10:24:15.032] [Part 01] Running compression...
[10:24:15.265] [Part 05] Running compression...
[10:24:15.326] [Part 00] Running compression...
[10:24:15.362] [Part 04] Running compression...
[10:24:15.366] [Part 09] Running compression...
[10:24:15.385] [Part 06] Running compression...
[10:24:15.438] [Part 02] Running compression...
[10:24:27.526] [Part 03] Done!
[10:24:27.683] [Part 01] Done!
[10:24:28.152] [Part 03] Instance terminated.
[10:24:28.285] [Part 01] Instance terminated.
[10:24:28.497] [Part 09] Done!
[10:24:28.994] [Part 05] Done!
[10:24:29.014] [Part 08] Done!
[10:24:29.134] [Part 09] Instance terminated.
[10:24:29.313] [Part 04] Done!
[10:24:29.596] [Part 08] Instance terminated.[10:24:29.598] [Part 05] Instance terminated.

[10:24:29.626] [Part 07] Done!
[10:24:29.846] [Part 00] Done!
[10:24:30.116] [Part 04] Instance terminated.
[10:24:30.228] [Part 07] Instance terminated.
[10:24:30.405] [Part 06] Done!
[10:24:30.463] [Part 00] Instance terminated.
[10:24:30.806] [Part 02] Done!
[10:24:30.974] [Part 06] Instance terminated.
[10:24:31.425] [Part 02] Instance terminated.
[10:24:31.429] ============================================================
[10:24:31.429] RESULTS — 10x m5.large Horizontal OPTIMIZED
[10:24:31.429]   Total Time:    71.97s (1.20 min)
[10:24:31.429]   Split Time:    1.52s
[10:24:31.429]   Parallel Time: 70.45s (1.17 min)
[10:24:31.429] ============================================================
