[10:34:38.181] === Phase 3.2 OPTIMIZED Serial: 1x m5.large ===
[10:34:38.181] AMI: ami-06c7c20c67513469a (ffmpeg pre-installed)
[10:34:38.181] Codec: libx264, Threads: 5, Preset: slow
[10:34:38.181] [m5.large-Serial-OPT] Launching EC2 instance...
[10:34:40.163] [m5.large-Serial-OPT] Instance i-0f13b1ff79d261412 launched. Waiting...
[10:34:55.913] [m5.large-Serial-OPT] Instance ready. IP: 18.232.162.201
[10:35:26.990] [m5.large-Serial-OPT] SSH connected.
[10:35:28.057] [m5.large-Serial-OPT] CPU: Intel(R) Xeon(R) Platinum 8259CL CPU @ 2.50GHz
[10:35:28.057] [m5.large-Serial-OPT] Uploading 10-minute video...
[10:35:36.263] [m5.large-Serial-OPT] Upload complete.
[10:35:36.263] [m5.large-Serial-OPT] SETUP TIME: 58.08s (0.97 min)
[10:35:36.263] [m5.large-Serial-OPT] Running: ffmpeg -i /home/ubuntu/input.mp4 -c:v libx264 -preset slow -b:v 2M -threads 5 -y /home/ubuntu/output.mp4
[10:37:20.330] [m5.large-Serial-OPT] ENCODING TIME: 104.07s (1.73 min)
[10:37:21.404] [m5.large-Serial-OPT] Instance terminated.
[10:37:21.404] [m5.large-Serial-OPT] ============================================================
[10:37:21.404] [m5.large-Serial-OPT] RESULTS — m5.large Serial OPTIMIZED
[10:37:21.404] [m5.large-Serial-OPT]   Total Time:    162.15s (2.70 min)
[10:37:21.404] [m5.large-Serial-OPT]   Setup Time:    58.08s (0.97 min)
[10:37:21.404] [m5.large-Serial-OPT]   Encoding Time: 104.07s (1.73 min)
[10:37:21.404] [m5.large-Serial-OPT]   Setup %:       35.8%
[10:37:21.405] [m5.large-Serial-OPT] ============================================================
