[01:40:54.343] === Phase 3.2 Horizontal Scaling: 10x m5.large ===
[01:40:54.343] Codec: libx264, Threads: 5, Preset: slow
[01:40:54.343] Max concurrent workers: 5
[01:40:54.343] [Setup] Starting video split...
[01:40:54.395] [Setup] Video duration: 600.0s, splitting into 10 parts of 60.0s each
[01:40:54.470] [Setup]   Part 00 created
[01:40:54.560] [Setup]   Part 01 created
[01:40:54.667] [Setup]   Part 02 created
[01:40:54.789] [Setup]   Part 03 created
[01:40:54.936] [Setup]   Part 04 created
[01:40:55.095] [Setup]   Part 05 created
[01:40:55.288] [Setup]   Part 06 created
[01:40:55.502] [Setup]   Part 07 created
[01:40:55.718] [Setup]   Part 08 created
[01:40:55.954] [Setup]   Part 09 created
[01:40:55.954] [Setup] Video split complete.
[01:40:55.954] [Summary] SPLIT TIME: 1.61s
[01:40:56.392] [Part 04] Launching m5.large...
[01:40:56.453] [Part 03] Launching m5.large...
[01:40:56.462] [Part 01] Launching m5.large...
[01:40:56.471] [Part 00] Launching m5.large...
[01:40:56.478] [Part 02] Launching m5.large...
[01:41:13.923] [Part 01] Instance ready. IP: 34.229.248.199
[01:41:14.029] [Part 02] Instance ready. IP: 54.237.229.173
[01:41:14.067] [Part 03] Instance ready. IP: 52.23.215.88
[01:41:14.312] [Part 04] Instance ready. IP: 54.90.174.211
[01:41:14.343] [Part 00] Instance ready. IP: 35.168.10.53
[01:41:44.815] [Part 01] Installing ffmpeg...
[01:41:44.892] [Part 02] Installing ffmpeg...
[01:41:44.940] [Part 03] Installing ffmpeg...
[01:41:45.163] [Part 04] Installing ffmpeg...
[01:41:45.237] [Part 00] Installing ffmpeg...
[01:42:20.994] [Part 00] ffmpeg installed.
[01:42:21.381] [Part 00] CPU: Intel(R) Xeon(R) Platinum 8175M CPU @ 2.50GHz
[01:42:21.381] [Part 00] WARNING: CPU mismatch! Expected Intel(R) Xeon(R) Platinum 8259CL CPU @ 2.50GHz, got Intel(R) Xeon(R) Platinum 8175M CPU @ 2.50GHz
[01:42:21.859] [Part 00] Uploading segment...
[01:42:22.048] [Part 01] ffmpeg installed.
[01:42:22.165] [Part 02] ffmpeg installed.
[01:42:22.345] [Part 04] ffmpeg installed.
[01:42:22.428] [Part 01] CPU: Intel(R) Xeon(R) Platinum 8175M CPU @ 2.50GHz
[01:42:22.428] [Part 01] WARNING: CPU mismatch! Expected Intel(R) Xeon(R) Platinum 8259CL CPU @ 2.50GHz, got Intel(R) Xeon(R) Platinum 8175M CPU @ 2.50GHz
[01:42:22.545] [Part 02] CPU: Intel(R) Xeon(R) Platinum 8175M CPU @ 2.50GHz
[01:42:22.545] [Part 02] WARNING: CPU mismatch! Expected Intel(R) Xeon(R) Platinum 8259CL CPU @ 2.50GHz, got Intel(R) Xeon(R) Platinum 8175M CPU @ 2.50GHz
[01:42:22.731] [Part 04] CPU: Intel(R) Xeon(R) Platinum 8175M CPU @ 2.50GHz
[01:42:22.731] [Part 04] WARNING: CPU mismatch! Expected Intel(R) Xeon(R) Platinum 8259CL CPU @ 2.50GHz, got Intel(R) Xeon(R) Platinum 8175M CPU @ 2.50GHz
[01:42:22.896] [Part 01] Uploading segment...
[01:42:23.013] [Part 02] Uploading segment...
[01:42:23.198] [Part 04] Uploading segment...
[01:42:23.295] [Part 00] Running compression...
[01:42:23.341] [Part 03] ffmpeg installed.
[01:42:23.721] [Part 03] CPU: Intel(R) Xeon(R) Platinum 8175M CPU @ 2.50GHz
[01:42:23.722] [Part 03] WARNING: CPU mismatch! Expected Intel(R) Xeon(R) Platinum 8259CL CPU @ 2.50GHz, got Intel(R) Xeon(R) Platinum 8175M CPU @ 2.50GHz
[01:42:24.193] [Part 03] Uploading segment...
[01:42:24.506] [Part 01] Running compression...
[01:42:24.524] [Part 02] Running compression...
[01:42:24.597] [Part 04] Running compression...
[01:42:25.188] [Part 01] ERROR: FFmpeg failed: )
Press [q] to stop, [?] for help
Too many packets buffered for output stream 0:1.
[aac @ 0x564dcd104820] Qavg: 205.539
[aac @ 0x564dcd104820] 2 frames left in the queue on closing
Conversion failed!

[01:42:25.262] [Part 04] ERROR: FFmpeg failed: )
Press [q] to stop, [?] for help
Too many packets buffered for output stream 0:1.
[aac @ 0x55eac3c8f280] Qavg: 218.592
[aac @ 0x55eac3c8f280] 2 frames left in the queue on closing
Conversion failed!

[01:42:25.690] [Part 03] Running compression...
[01:42:26.142] [Part 01] Instance terminated.
[01:42:26.149] [Part 05] Launching m5.large...
[01:42:26.155] [Part 04] Instance terminated.
[01:42:26.161] [Part 06] Launching m5.large...
[01:42:35.364] [Part 00] Done!
[01:42:36.328] [Part 00] Instance terminated.
[01:42:36.358] [Part 07] Launching m5.large...
[01:42:39.268] [Part 02] Done!
[01:42:40.204] [Part 02] Instance terminated.
[01:42:40.230] [Part 08] Launching m5.large...
[01:42:40.356] [Part 03] Done!
[01:42:41.270] [Part 03] Instance terminated.
[01:42:41.300] [Part 09] Launching m5.large...
[01:42:43.534] [Part 05] Instance ready. IP: 54.235.0.180
[01:42:43.841] [Part 06] Instance ready. IP: 54.175.229.177
[01:42:53.746] [Part 07] Instance ready. IP: 54.208.76.176
[01:42:58.088] [Part 08] Instance ready. IP: 54.88.144.24
[01:42:58.722] [Part 09] Instance ready. IP: 54.152.237.111
[01:43:14.440] [Part 05] Installing ffmpeg...
[01:43:14.741] [Part 06] Installing ffmpeg...
[01:43:24.613] [Part 07] Installing ffmpeg...
[01:43:28.957] [Part 08] Installing ffmpeg...
[01:43:29.619] [Part 09] Installing ffmpeg...
[01:43:50.818] [Part 05] ffmpeg installed.
[01:43:51.215] [Part 05] CPU: Intel(R) Xeon(R) Platinum 8175M CPU @ 2.50GHz
[01:43:51.215] [Part 05] WARNING: CPU mismatch! Expected Intel(R) Xeon(R) Platinum 8259CL CPU @ 2.50GHz, got Intel(R) Xeon(R) Platinum 8175M CPU @ 2.50GHz
[01:43:51.703] [Part 05] Uploading segment...
[01:43:52.867] [Part 06] ffmpeg installed.
[01:43:53.169] [Part 05] Running compression...
[01:43:53.267] [Part 06] CPU: Intel(R) Xeon(R) Platinum 8175M CPU @ 2.50GHz
[01:43:53.267] [Part 06] WARNING: CPU mismatch! Expected Intel(R) Xeon(R) Platinum 8259CL CPU @ 2.50GHz, got Intel(R) Xeon(R) Platinum 8175M CPU @ 2.50GHz
[01:43:53.755] [Part 06] Uploading segment...
[01:43:55.380] [Part 06] Running compression...
[01:44:00.459] [Part 07] ffmpeg installed.
[01:44:00.838] [Part 07] CPU: Intel(R) Xeon(R) Platinum 8175M CPU @ 2.50GHz
[01:44:00.839] [Part 07] WARNING: CPU mismatch! Expected Intel(R) Xeon(R) Platinum 8259CL CPU @ 2.50GHz, got Intel(R) Xeon(R) Platinum 8175M CPU @ 2.50GHz
[01:44:01.305] [Part 07] Uploading segment...
[01:44:02.713] [Part 07] Running compression...
[01:44:06.239] [Part 08] ffmpeg installed.
[01:44:06.347] [Part 05] Done!
[01:44:06.621] [Part 08] CPU: Intel(R) Xeon(R) Platinum 8175M CPU @ 2.50GHz
[01:44:06.621] [Part 08] WARNING: CPU mismatch! Expected Intel(R) Xeon(R) Platinum 8259CL CPU @ 2.50GHz, got Intel(R) Xeon(R) Platinum 8175M CPU @ 2.50GHz
[01:44:06.658] [Part 09] ffmpeg installed.
[01:44:07.055] [Part 09] CPU: Intel(R) Xeon(R) Platinum 8259CL CPU @ 2.50GHz
[01:44:07.090] [Part 08] Uploading segment...
[01:44:07.267] [Part 05] Instance terminated.
[01:44:07.544] [Part 09] Uploading segment...
[01:44:08.485] [Part 08] Running compression...
[01:44:09.127] [Part 09] Running compression...
[01:44:10.338] [Part 06] Done!
[01:44:11.258] [Part 06] Instance terminated.
[01:44:15.576] [Part 07] Done!
[01:44:16.506] [Part 07] Instance terminated.
[01:44:22.196] [Part 08] Done!
[01:44:23.197] [Part 08] Instance terminated.
[01:44:23.397] [Part 09] Done!
[01:44:24.270] [Part 09] Instance terminated.
[01:44:24.278] ============================================================
[01:44:24.278] RESULTS — 10x m5.large Horizontal
[01:44:24.278]   Total Time:    209.93s (3.50 min)
[01:44:24.278]   Split Time:    1.61s
[01:44:24.278]   Parallel Time: 208.32s (3.47 min)
[01:44:24.278] ============================================================
