[12:21:49.757] === Phase 3.2 OPTIMIZED Horizontal: 10x m5.large ===
[12:21:49.757] AMI: ami-06c7c20c67513469a (ffmpeg pre-installed)
[12:21:49.757] Codec: libx264, Threads: 5, Max workers: 10
[12:21:49.757] [Setup] Starting video split...
[12:21:49.805] [Setup] Video: 600.0s → 10 parts of 60.0s
[12:21:51.274] [Setup] Video split complete.
[12:21:51.274] [Summary] SPLIT TIME: 1.52s
[12:21:52.226] [Part 01] Launching m5.large...
[12:21:52.237] [Part 06] Launching m5.large...
[12:21:52.261] [Part 09] Launching m5.large...
[12:21:52.273] [Part 07] Launching m5.large...
[12:21:52.282] [Part 04] Launching m5.large...
[12:21:52.293] [Part 02] Launching m5.large...
[12:21:52.300] [Part 05] Launching m5.large...
[12:21:52.309] [Part 00] Launching m5.large...
[12:21:52.317] [Part 03] Launching m5.large...
[12:21:52.323] [Part 08] Launching m5.large...
[12:22:09.910] [Part 08] Instance ready. IP: 34.229.110.218
[12:22:09.922] [Part 06] Instance ready. IP: 54.80.86.131
[12:22:09.936] [Part 03] Instance ready. IP: 54.81.208.102
[12:22:09.957] [Part 01] Instance ready. IP: 50.19.65.219
[12:22:09.999] [Part 07] Instance ready. IP: 18.234.183.61
[12:22:10.009] [Part 04] Instance ready. IP: 54.80.100.155
[12:22:10.064] [Part 05] Instance ready. IP: 54.224.139.182
[12:22:10.074] [Part 09] Instance ready. IP: 174.129.124.232
[12:22:10.481] [Part 00] Instance ready. IP: 98.91.212.44
[12:22:25.254] [Part 02] Instance ready. IP: 52.23.216.90
[12:22:42.050] [Part 03] CPU: Intel(R) Xeon(R) Platinum 8259CL CPU @ 2.50GHz
[12:22:42.084] [Part 08] CPU: Intel(R) Xeon(R) Platinum 8175M CPU @ 2.50GHz
[12:22:42.085] [Part 08] WARNING: CPU mismatch! Expected Intel(R) Xeon(R) Platinum 8259CL CPU @ 2.50GHz, got Intel(R) Xeon(R) Platinum 8175M CPU @ 2.50GHz
[12:22:42.108] [Part 01] CPU: Intel(R) Xeon(R) Platinum 8175M CPU @ 2.50GHz
[12:22:42.108] [Part 01] WARNING: CPU mismatch! Expected Intel(R) Xeon(R) Platinum 8259CL CPU @ 2.50GHz, got Intel(R) Xeon(R) Platinum 8175M CPU @ 2.50GHz
[12:22:42.113] [Part 06] CPU: Intel(R) Xeon(R) Platinum 8175M CPU @ 2.50GHz
[12:22:42.114] [Part 06] WARNING: CPU mismatch! Expected Intel(R) Xeon(R) Platinum 8259CL CPU @ 2.50GHz, got Intel(R) Xeon(R) Platinum 8175M CPU @ 2.50GHz
[12:22:42.184] [Part 07] CPU: Intel(R) Xeon(R) Platinum 8175M CPU @ 2.50GHz
[12:22:42.184] [Part 07] WARNING: CPU mismatch! Expected Intel(R) Xeon(R) Platinum 8259CL CPU @ 2.50GHz, got Intel(R) Xeon(R) Platinum 8175M CPU @ 2.50GHz
[12:22:42.208] [Part 04] CPU: Intel(R) Xeon(R) Platinum 8175M CPU @ 2.50GHz
[12:22:42.209] [Part 04] WARNING: CPU mismatch! Expected Intel(R) Xeon(R) Platinum 8259CL CPU @ 2.50GHz, got Intel(R) Xeon(R) Platinum 8175M CPU @ 2.50GHz
[12:22:42.228] [Part 09] CPU: Intel(R) Xeon(R) Platinum 8259CL CPU @ 2.50GHz
[12:22:42.273] [Part 05] CPU: Intel(R) Xeon(R) Platinum 8175M CPU @ 2.50GHz
[12:22:42.275] [Part 05] WARNING: CPU mismatch! Expected Intel(R) Xeon(R) Platinum 8259CL CPU @ 2.50GHz, got Intel(R) Xeon(R) Platinum 8175M CPU @ 2.50GHz
[12:22:42.604] [Part 00] CPU: Intel(R) Xeon(R) Platinum 8259CL CPU @ 2.50GHz
[12:22:42.655] [Part 03] Uploading segment...
[12:22:42.686] [Part 08] Uploading segment...
[12:22:42.692] [Part 01] Uploading segment...
[12:22:42.714] [Part 06] Uploading segment...
[12:22:42.765] [Part 07] Uploading segment...
[12:22:42.811] [Part 04] Uploading segment...
[12:22:42.812] [Part 09] Uploading segment...
[12:22:42.858] [Part 05] Uploading segment...
[12:22:43.186] [Part 00] Uploading segment...
[12:22:44.465] [Part 01] Running compression...
[12:22:44.525] [Part 03] Running compression...
[12:22:44.528] [Part 08] Running compression...
[12:22:44.571] [Part 09] Running compression...
[12:22:44.762] [Part 05] Running compression...
[12:22:44.775] [Part 04] Running compression...
[12:22:44.884] [Part 06] Running compression...
[12:22:44.961] [Part 07] Running compression...
[12:22:44.998] [Part 00] Running compression...
[12:22:57.345] [Part 02] CPU: Intel(R) Xeon(R) Platinum 8259CL CPU @ 2.50GHz
[12:22:57.425] [Part 01] Done!
[12:22:57.734] [Part 09] Done!
[12:22:57.941] [Part 02] Uploading segment...
[12:22:57.999] [Part 01] Instance terminated.
[12:22:58.364] [Part 09] Instance terminated.
[12:22:58.465] [Part 05] Done!
[12:22:58.485] [Part 08] Done!
[12:22:58.796] [Part 04] Done!
[12:22:59.065] [Part 08] Instance terminated.
[12:22:59.123] [Part 05] Instance terminated.
[12:22:59.204] [Part 00] Done!
[12:22:59.473] [Part 04] Instance terminated.
[12:22:59.492] [Part 07] Done!
[12:22:59.723] [Part 02] Running compression...
[12:22:59.793] [Part 00] Instance terminated.
[12:22:59.973] [Part 03] Done!
[12:23:00.121] [Part 06] Done!
[12:23:00.146] [Part 07] Instance terminated.
[12:23:00.542] [Part 03] Instance terminated.
[12:23:00.758] [Part 06] Instance terminated.
[12:23:14.616] [Part 02] Done!
[12:23:15.208] [Part 02] Instance terminated.
[12:23:15.212] ============================================================
[12:23:15.212] RESULTS — 10x m5.large Horizontal OPTIMIZED
[12:23:15.212]   Total Time:    85.46s (1.42 min)
[12:23:15.212]   Split Time:    1.52s
[12:23:15.212]   Parallel Time: 83.94s (1.40 min)
[12:23:15.212] ============================================================
