[10:13:23.852] === Phase 3.2 OPTIMIZED Serial: 1x m5.large ===
[10:13:23.852] AMI: ami-06c7c20c67513469a (ffmpeg pre-installed)
[10:13:23.852] Codec: libx264, Threads: 5, Preset: slow
[10:13:23.852] [m5.large-Serial-OPT] Launching EC2 instance...
[10:13:25.769] [m5.large-Serial-OPT] Instance i-01bf6ba230945c105 launched. Waiting...
[10:13:41.594] [m5.large-Serial-OPT] Instance ready. IP: 100.30.229.33
[10:14:12.718] [m5.large-Serial-OPT] SSH connected.
[10:14:13.792] [m5.large-Serial-OPT] CPU: Intel(R) Xeon(R) Platinum 8259CL CPU @ 2.50GHz
[10:14:13.792] [m5.large-Serial-OPT] Uploading 10-minute video...
[10:14:22.152] [m5.large-Serial-OPT] Upload complete.
[10:14:22.152] [m5.large-Serial-OPT] SETUP TIME: 58.30s (0.97 min)
[10:14:22.152] [m5.large-Serial-OPT] Running: ffmpeg -i /home/ubuntu/input.mp4 -c:v libx264 -preset slow -b:v 2M -threads 5 -y /home/ubuntu/output.mp4
[10:16:06.099] [m5.large-Serial-OPT] ENCODING TIME: 103.95s (1.73 min)
[10:16:07.214] [m5.large-Serial-OPT] Instance terminated.
[10:16:07.215] [m5.large-Serial-OPT] ============================================================
[10:16:07.215] [m5.large-Serial-OPT] RESULTS — m5.large Serial OPTIMIZED
[10:16:07.215] [m5.large-Serial-OPT]   Total Time:    162.25s (2.70 min)
[10:16:07.215] [m5.large-Serial-OPT]   Setup Time:    58.30s (0.97 min)
[10:16:07.215] [m5.large-Serial-OPT]   Encoding Time: 103.95s (1.73 min)
[10:16:07.215] [m5.large-Serial-OPT]   Setup %:       35.9%
[10:16:07.215] [m5.large-Serial-OPT] ============================================================
