[23:09:49.586] === Phase 3.2 Serial Baseline: 1x m5.large ===
[23:09:49.586] Codec: libx264, Threads: 5, Preset: slow
[23:09:49.586] Video: /home/breno/doutorado/ec2sweetspot_noms/ec2sweetspot_noms/artifacts/test_videos/video_repetido_10min.mp4
[23:09:49.587] [m5.large-Serial] Launching EC2 instance...
[23:09:51.375] [m5.large-Serial] Instance i-0e435833939c10474 launched. Waiting...
[23:10:07.468] [m5.large-Serial] Instance ready. IP: 54.236.121.250
[23:10:38.332] [m5.large-Serial] SSH connected.
[23:10:38.332] [m5.large-Serial] Installing ffmpeg...
[23:11:16.169] [m5.large-Serial] ffmpeg installed.
[23:11:16.551] [m5.large-Serial] CPU: Intel(R) Xeon(R) Platinum 8175M CPU @ 2.50GHz
[23:11:16.552] [m5.large-Serial] WARNING: CPU mismatch! Expected Intel(R) Xeon(R) Platinum 8259CL CPU @ 2.50GHz, got Intel(R) Xeon(R) Platinum 8175M CPU @ 2.50GHz
[23:11:16.552] [m5.large-Serial] Uploading 10-minute video...
[23:11:23.075] [m5.large-Serial] Upload complete.
[23:11:23.075] [m5.large-Serial] SETUP TIME: 93.49s (1.56 min)
[23:11:23.075] [m5.large-Serial] Running: ffmpeg -i /home/ubuntu/input.mp4 -c:v libx264 -preset slow -b:v 2M -threads 5 -y /home/ubuntu/output.mp4
[23:13:18.677] [m5.large-Serial] ENCODING TIME: 115.60s (1.93 min)
[23:13:19.678] [m5.large-Serial] Instance terminated.
[23:13:19.678] [m5.large-Serial] ============================================================
[23:13:19.678] [m5.large-Serial] RESULTS — m5.large Serial
[23:13:19.678] [m5.large-Serial]   Total Time:    209.09s (3.48 min)
[23:13:19.678] [m5.large-Serial]   Setup Time:    93.49s (1.56 min)
[23:13:19.678] [m5.large-Serial]   Encoding Time: 115.60s (1.93 min)
[23:13:19.679] [m5.large-Serial]   Setup %:       44.7%
[23:13:19.679] [m5.large-Serial] ============================================================
