[12:13:38.562] === Phase 3.2 OPTIMIZED Horizontal: 10x m5.large ===
[12:13:38.562] AMI: ami-06c7c20c67513469a (ffmpeg pre-installed)
[12:13:38.562] Codec: libx264, Threads: 5, Max workers: 10
[12:13:38.562] [Setup] Starting video split...
[12:13:38.609] [Setup] Video: 600.0s → 10 parts of 60.0s
[12:13:40.088] [Setup] Video split complete.
[12:13:40.088] [Summary] SPLIT TIME: 1.53s
[12:13:41.017] [Part 07] Launching m5.large...
[12:13:41.022] [Part 02] Launching m5.large...
[12:13:41.038] [Part 04] Launching m5.large...
[12:13:41.047] [Part 06] Launching m5.large...
[12:13:41.062] [Part 00] Launching m5.large...
[12:13:41.069] [Part 08] Launching m5.large...
[12:13:41.081] [Part 09] Launching m5.large...
[12:13:41.091] [Part 01] Launching m5.large...
[12:13:41.101] [Part 05] Launching m5.large...
[12:13:41.105] [Part 03] Launching m5.large...
[12:13:58.734] [Part 02] Instance ready. IP: 54.81.221.24
[12:13:58.736] [Part 00] Instance ready. IP: 44.220.165.85[12:13:58.738] [Part 03] Instance ready. IP: 34.229.232.24

[12:13:58.742] [Part 08] Instance ready. IP: 54.224.43.240
[12:13:58.787] [Part 05] Instance ready. IP: 98.80.64.35
[12:13:58.796] [Part 01] Instance ready. IP: 98.91.235.28
[12:13:58.809] [Part 09] Instance ready. IP: 98.82.178.240
[12:13:58.814] [Part 04] Instance ready. IP: 54.234.143.136
[12:13:58.852] [Part 06] Instance ready. IP: 13.220.217.208
[12:13:58.893] [Part 07] Instance ready. IP: 23.20.243.143
[12:14:30.895] [Part 03] CPU: Intel(R) Xeon(R) Platinum 8259CL CPU @ 2.50GHz
[12:14:30.899] [Part 06] CPU: Intel(R) Xeon(R) Platinum 8259CL CPU @ 2.50GHz
[12:14:30.907] [Part 02] CPU: Intel(R) Xeon(R) Platinum 8259CL CPU @ 2.50GHz
[12:14:30.964] [Part 01] CPU: Intel(R) Xeon(R) Platinum 8259CL CPU @ 2.50GHz
[12:14:30.966] [Part 08] CPU: Intel(R) Xeon(R) Platinum 8175M CPU @ 2.50GHz
[12:14:30.966] [Part 08] WARNING: CPU mismatch! Expected Intel(R) Xeon(R) Platinum 8259CL CPU @ 2.50GHz, got Intel(R) Xeon(R) Platinum 8175M CPU @ 2.50GHz
[12:14:30.979] [Part 09] CPU: Intel(R) Xeon(R) Platinum 8175M CPU @ 2.50GHz
[12:14:30.979] [Part 09] WARNING: CPU mismatch! Expected Intel(R) Xeon(R) Platinum 8259CL CPU @ 2.50GHz, got Intel(R) Xeon(R) Platinum 8175M CPU @ 2.50GHz
[12:14:30.993] [Part 05] CPU: Intel(R) Xeon(R) Platinum 8259CL CPU @ 2.50GHz
[12:14:31.057] [Part 00] CPU: Intel(R) Xeon(R) Platinum 8175M CPU @ 2.50GHz
[12:14:31.057] [Part 00] WARNING: CPU mismatch! Expected Intel(R) Xeon(R) Platinum 8259CL CPU @ 2.50GHz, got Intel(R) Xeon(R) Platinum 8175M CPU @ 2.50GHz
[12:14:31.102] [Part 04] CPU: Intel(R) Xeon(R) Platinum 8259CL CPU @ 2.50GHz
[12:14:31.105] [Part 07] CPU: Intel(R) Xeon(R) Platinum 8259CL CPU @ 2.50GHz
[12:14:31.475] [Part 03] Uploading segment...
[12:14:31.481] [Part 06] Uploading segment...
[12:14:31.488] [Part 02] Uploading segment...
[12:14:31.547] [Part 01] Uploading segment...
[12:14:31.567] [Part 08] Uploading segment...
[12:14:31.573] [Part 05] Uploading segment...
[12:14:31.582] [Part 09] Uploading segment...
[12:14:31.650] [Part 00] Uploading segment...
[12:14:31.684] [Part 04] Uploading segment...
[12:14:31.709] [Part 07] Uploading segment...
[12:14:33.397] [Part 08] Running compression...
[12:14:33.419] [Part 09] Running compression...
[12:14:33.425] [Part 02] Running compression...
[12:14:33.453] [Part 01] Running compression...
[12:14:33.516] [Part 06] Running compression...
[12:14:33.581] [Part 07] Running compression...
[12:14:33.597] [Part 04] Running compression...
[12:14:33.600] [Part 00] Running compression...
[12:14:33.613] [Part 05] Running compression...
[12:14:33.796] [Part 03] Running compression...
[12:14:44.858] [Part 01] Done!
[12:14:45.461] [Part 01] Instance terminated.
[12:14:46.096] [Part 06] Done!
[12:14:46.533] [Part 09] Done!
[12:14:46.677] [Part 06] Instance terminated.
[12:14:46.700] [Part 03] Done!
[12:14:46.999] [Part 05] Done!
[12:14:47.163] [Part 07] Done!
[12:14:47.207] [Part 09] Instance terminated.
[12:14:47.289] [Part 03] Instance terminated.
[12:14:47.601] [Part 05] Instance terminated.
[12:14:47.731] [Part 04] Done!
[12:14:47.775] [Part 08] Done!
[12:14:47.788] [Part 07] Instance terminated.
[12:14:48.247] [Part 00] Done!
[12:14:48.363] [Part 08] Instance terminated.
[12:14:48.403] [Part 04] Instance terminated.
[12:14:48.512] [Part 02] Done!
[12:14:48.914] [Part 00] Instance terminated.
[12:14:49.106] [Part 02] Instance terminated.
[12:14:49.114] ============================================================
[12:14:49.114] RESULTS — 10x m5.large Horizontal OPTIMIZED
[12:14:49.115]   Total Time:    70.55s (1.18 min)
[12:14:49.115]   Split Time:    1.53s
[12:14:49.115]   Parallel Time: 69.03s (1.15 min)
[12:14:49.115] ============================================================
