[00:14:15.817] === Phase 3.2 Horizontal Scaling: 10x m5.large ===
[00:14:15.817] Codec: libx264, Threads: 5, Preset: slow
[00:14:15.817] Max concurrent workers: 5
[00:14:15.817] [Setup] Starting video split...
[00:14:15.908] [Setup] Video duration: 600.0s, splitting into 10 parts of 60.0s each
[00:14:16.067] [Setup]   Part 00 created
[00:14:16.243] [Setup]   Part 01 created
[00:14:16.470] [Setup]   Part 02 created
[00:14:16.767] [Setup]   Part 03 created
[00:14:17.095] [Setup]   Part 04 created
[00:14:17.428] [Setup]   Part 05 created
[00:14:17.821] [Setup]   Part 06 created
[00:14:18.269] [Setup]   Part 07 created
[00:14:18.730] [Setup]   Part 08 created
[00:14:19.225] [Setup]   Part 09 created
[00:14:19.225] [Setup] Video split complete.
[00:14:19.225] [Summary] SPLIT TIME: 3.41s
[00:14:20.322] [Part 03] Launching m5.large...
[00:14:20.356] [Part 01] Launching m5.large...
[00:14:20.367] [Part 02] Launching m5.large...
[00:14:20.401] [Part 00] Launching m5.large...
[00:14:20.420] [Part 04] Launching m5.large...
[00:14:37.792] [Part 01] Instance ready. IP: 54.147.190.49
[00:14:37.838] [Part 02] Instance ready. IP: 54.224.208.192
[00:14:37.848] [Part 00] Instance ready. IP: 54.159.236.60
[00:14:37.854] [Part 04] Instance ready. IP: 54.173.162.93
[00:14:38.138] [Part 03] Instance ready. IP: 54.196.37.105
[00:15:08.752] [Part 01] Installing ffmpeg...
[00:15:08.777] [Part 00] Installing ffmpeg...
[00:15:08.792] [Part 02] Installing ffmpeg...
[00:15:08.881] [Part 04] Installing ffmpeg...
[00:15:09.067] [Part 03] Installing ffmpeg...
[00:15:44.877] [Part 04] ffmpeg installed.
[00:15:45.257] [Part 04] CPU: Intel(R) Xeon(R) Platinum 8175M CPU @ 2.50GHz
[00:15:45.257] [Part 04] WARNING: CPU mismatch! Expected Intel(R) Xeon(R) Platinum 8259CL CPU @ 2.50GHz, got Intel(R) Xeon(R) Platinum 8175M CPU @ 2.50GHz
[00:15:45.451] [Part 02] ffmpeg installed.
[00:15:45.724] [Part 04] Uploading segment...
[00:15:45.833] [Part 02] CPU: Intel(R) Xeon(R) Platinum 8175M CPU @ 2.50GHz
[00:15:45.833] [Part 02] WARNING: CPU mismatch! Expected Intel(R) Xeon(R) Platinum 8259CL CPU @ 2.50GHz, got Intel(R) Xeon(R) Platinum 8175M CPU @ 2.50GHz
[00:15:46.199] [Part 03] ffmpeg installed.
[00:15:46.299] [Part 02] Uploading segment...
[00:15:46.591] [Part 03] CPU: Intel(R) Xeon(R) Platinum 8175M CPU @ 2.50GHz
[00:15:46.591] [Part 03] WARNING: CPU mismatch! Expected Intel(R) Xeon(R) Platinum 8259CL CPU @ 2.50GHz, got Intel(R) Xeon(R) Platinum 8175M CPU @ 2.50GHz
[00:15:46.805] [Part 00] ffmpeg installed.
[00:15:47.079] [Part 03] Uploading segment...
[00:15:47.114] [Part 04] Running compression...
[00:15:47.202] [Part 00] CPU: Intel(R) Xeon(R) Platinum 8175M CPU @ 2.50GHz
[00:15:47.202] [Part 00] WARNING: CPU mismatch! Expected Intel(R) Xeon(R) Platinum 8259CL CPU @ 2.50GHz, got Intel(R) Xeon(R) Platinum 8175M CPU @ 2.50GHz
[00:15:47.327] [Part 01] ffmpeg installed.
[00:15:47.688] [Part 00] Uploading segment...
[00:15:47.689] [Part 02] Running compression...
[00:15:47.710] [Part 01] CPU: Intel(R) Xeon(R) Platinum 8175M CPU @ 2.50GHz
[00:15:47.711] [Part 01] WARNING: CPU mismatch! Expected Intel(R) Xeon(R) Platinum 8259CL CPU @ 2.50GHz, got Intel(R) Xeon(R) Platinum 8175M CPU @ 2.50GHz
[00:15:47.778] [Part 04] ERROR: FFmpeg failed: )
Press [q] to stop, [?] for help
Too many packets buffered for output stream 0:1.
[aac @ 0x559cdd18f280] Qavg: 218.592
[aac @ 0x559cdd18f280] 2 frames left in the queue on closing
Conversion failed!

[00:15:48.179] [Part 01] Uploading segment...
[00:15:48.531] [Part 03] Running compression...
[00:15:48.709] [Part 04] Instance terminated.
[00:15:48.724] [Part 05] Launching m5.large...
[00:15:49.141] [Part 00] Running compression...
[00:15:49.481] [Part 01] Running compression...
[00:15:50.151] [Part 01] ERROR: FFmpeg failed: )
Press [q] to stop, [?] for help
Too many packets buffered for output stream 0:1.
[aac @ 0x56246d981820] Qavg: 205.539
[aac @ 0x56246d981820] 2 frames left in the queue on closing
Conversion failed!

[00:15:51.108] [Part 01] Instance terminated.
[00:15:51.121] [Part 06] Launching m5.large...
[00:16:02.451] [Part 02] Done!
[00:16:03.244] [Part 03] Done!
[00:16:03.337] [Part 02] Instance terminated.
[00:16:03.360] [Part 07] Launching m5.large...
[00:16:03.712] [Part 00] Done!
[00:16:04.200] [Part 03] Instance terminated.
[00:16:04.212] [Part 08] Launching m5.large...
[00:16:04.629] [Part 00] Instance terminated.
[00:16:04.646] [Part 09] Launching m5.large...
[00:16:06.469] [Part 05] Instance ready. IP: 54.89.126.215
[00:16:08.869] [Part 06] Instance ready. IP: 3.90.155.208
[00:16:21.183] [Part 07] Instance ready. IP: 18.209.109.64
[00:16:21.882] [Part 08] Instance ready. IP: 3.81.165.46
[00:16:22.255] [Part 09] Instance ready. IP: 54.146.15.254
[00:16:37.365] [Part 05] Installing ffmpeg...
[00:16:39.753] [Part 06] Installing ffmpeg...
[00:16:52.045] [Part 07] Installing ffmpeg...
[00:16:52.800] [Part 08] Installing ffmpeg...
[00:16:53.114] [Part 09] Installing ffmpeg...
[00:17:14.175] [Part 05] ffmpeg installed.
[00:17:14.578] [Part 05] CPU: Intel(R) Xeon(R) Platinum 8175M CPU @ 2.50GHz
[00:17:14.579] [Part 05] WARNING: CPU mismatch! Expected Intel(R) Xeon(R) Platinum 8259CL CPU @ 2.50GHz, got Intel(R) Xeon(R) Platinum 8175M CPU @ 2.50GHz
[00:17:15.064] [Part 05] Uploading segment...
[00:17:16.564] [Part 05] Running compression...
[00:17:16.651] [Part 06] ffmpeg installed.
[00:17:17.042] [Part 06] CPU: Intel(R) Xeon(R) Platinum 8175M CPU @ 2.50GHz
[00:17:17.042] [Part 06] WARNING: CPU mismatch! Expected Intel(R) Xeon(R) Platinum 8259CL CPU @ 2.50GHz, got Intel(R) Xeon(R) Platinum 8175M CPU @ 2.50GHz
[00:17:17.521] [Part 06] Uploading segment...
[00:17:18.958] [Part 06] Running compression...
[00:17:28.459] [Part 05] Done!
[00:17:28.573] [Part 07] ffmpeg installed.
[00:17:28.960] [Part 07] CPU: Intel(R) Xeon(R) Platinum 8259CL CPU @ 2.50GHz
[00:17:29.365] [Part 05] Instance terminated.
[00:17:29.426] [Part 07] Uploading segment...
[00:17:30.442] [Part 08] ffmpeg installed.
[00:17:30.668] [Part 09] ffmpeg installed.
[00:17:30.825] [Part 07] Running compression...
[00:17:30.834] [Part 08] CPU: Intel(R) Xeon(R) Platinum 8259CL CPU @ 2.50GHz
[00:17:31.048] [Part 09] CPU: Intel(R) Xeon(R) Platinum 8175M CPU @ 2.50GHz
[00:17:31.049] [Part 09] WARNING: CPU mismatch! Expected Intel(R) Xeon(R) Platinum 8259CL CPU @ 2.50GHz, got Intel(R) Xeon(R) Platinum 8175M CPU @ 2.50GHz
[00:17:31.312] [Part 08] Uploading segment...
[00:17:31.514] [Part 09] Uploading segment...
[00:17:32.748] [Part 08] Running compression...
[00:17:32.910] [Part 09] Running compression...
[00:17:33.929] [Part 06] Done!
[00:17:34.852] [Part 06] Instance terminated.
[00:17:46.291] [Part 07] Done!
[00:17:46.486] [Part 08] Done!
[00:17:47.150] [Part 09] Done!
[00:17:47.184] [Part 07] Instance terminated.
[00:17:47.384] [Part 08] Instance terminated.
[00:17:48.104] [Part 09] Instance terminated.
[00:17:48.109] ============================================================
[00:17:48.110] RESULTS — 10x m5.large Horizontal
[00:17:48.110]   Total Time:    212.29s (3.54 min)
[00:17:48.110]   Split Time:    3.41s
[00:17:48.110]   Parallel Time: 208.88s (3.48 min)
[00:17:48.110] ============================================================
