[12:44:00.234] === Phase 3.2 OPTIMIZED Horizontal: 10x m5.large ===
[12:44:00.234] AMI: ami-06c7c20c67513469a (ffmpeg pre-installed)
[12:44:00.235] Codec: libx264, Threads: 5, Max workers: 10
[12:44:00.235] [Setup] Starting video split...
[12:44:00.284] [Setup] Video: 600.0s → 10 parts of 60.0s
[12:44:01.794] [Setup] Video split complete.
[12:44:01.795] [Summary] SPLIT TIME: 1.56s
[12:44:02.909] [Part 02] Launching m5.large...
[12:44:02.917] [Part 01] Launching m5.large...
[12:44:02.924] [Part 06] Launching m5.large...
[12:44:02.933] [Part 08] Launching m5.large...
[12:44:02.953] [Part 05] Launching m5.large...
[12:44:02.955] [Part 00] Launching m5.large...
[12:44:02.965] [Part 07] Launching m5.large...
[12:44:02.978] [Part 03] Launching m5.large...
[12:44:02.982] [Part 09] Launching m5.large...
[12:44:02.990] [Part 04] Launching m5.large...
[12:44:20.787] [Part 06] Instance ready. IP: 107.23.218.43
[12:44:20.809] [Part 09] Instance ready. IP: 34.207.170.26
[12:44:20.813] [Part 02] Instance ready. IP: 107.21.86.78
[12:44:20.818] [Part 01] Instance ready. IP: 98.83.118.214
[12:44:20.834] [Part 00] Instance ready. IP: 54.167.71.79
[12:44:20.839] [Part 03] Instance ready. IP: 3.81.75.130
[12:44:21.024] [Part 07] Instance ready. IP: 98.81.6.158
[12:44:21.126] [Part 08] Instance ready. IP: 184.73.108.188
[12:44:21.202] [Part 05] Instance ready. IP: 54.224.103.202
[12:44:21.230] [Part 04] Instance ready. IP: 13.221.38.183
[12:44:52.939] [Part 06] CPU: Intel(R) Xeon(R) Platinum 8259CL CPU @ 2.50GHz
[12:44:52.984] [Part 01] CPU: Intel(R) Xeon(R) Platinum 8175M CPU @ 2.50GHz
[12:44:52.984] [Part 01] WARNING: CPU mismatch! Expected Intel(R) Xeon(R) Platinum 8259CL CPU @ 2.50GHz, got Intel(R) Xeon(R) Platinum 8175M CPU @ 2.50GHz
[12:44:52.988] [Part 03] CPU: Intel(R) Xeon(R) Platinum 8259CL CPU @ 2.50GHz
[12:44:52.989] [Part 02] CPU: Intel(R) Xeon(R) Platinum 8259CL CPU @ 2.50GHz
[12:44:53.031] [Part 09] CPU: Intel(R) Xeon(R) Platinum 8259CL CPU @ 2.50GHz
[12:44:53.080] [Part 00] CPU: Intel(R) Xeon(R) Platinum 8175M CPU @ 2.50GHz
[12:44:53.081] [Part 00] WARNING: CPU mismatch! Expected Intel(R) Xeon(R) Platinum 8259CL CPU @ 2.50GHz, got Intel(R) Xeon(R) Platinum 8175M CPU @ 2.50GHz
[12:44:53.209] [Part 07] CPU: Intel(R) Xeon(R) Platinum 8175M CPU @ 2.50GHz
[12:44:53.209] [Part 07] WARNING: CPU mismatch! Expected Intel(R) Xeon(R) Platinum 8259CL CPU @ 2.50GHz, got Intel(R) Xeon(R) Platinum 8175M CPU @ 2.50GHz
[12:44:53.363] [Part 08] CPU: Intel(R) Xeon(R) Platinum 8259CL CPU @ 2.50GHz
[12:44:53.426] [Part 05] CPU: Intel(R) Xeon(R) Platinum 8259CL CPU @ 2.50GHz
[12:44:53.477] [Part 04] CPU: Intel(R) Xeon(R) Platinum 8259CL CPU @ 2.50GHz
[12:44:53.522] [Part 06] Uploading segment...
[12:44:53.569] [Part 01] Uploading segment...[12:44:53.569] [Part 03] Uploading segment...

[12:44:53.573] [Part 02] Uploading segment...
[12:44:53.634] [Part 09] Uploading segment...
[12:44:53.664] [Part 00] Uploading segment...
[12:44:53.810] [Part 07] Uploading segment...
[12:44:53.944] [Part 08] Uploading segment...
[12:44:54.011] [Part 05] Uploading segment...
[12:44:54.076] [Part 04] Uploading segment...
[12:44:55.375] [Part 03] Running compression...
[12:44:55.424] [Part 00] Running compression...
[12:44:55.472] [Part 09] Running compression...
[12:44:55.511] [Part 01] Running compression...
[12:44:55.513] [Part 02] Running compression...
[12:44:55.559] [Part 06] Running compression...
[12:44:55.679] [Part 07] Running compression...
[12:44:55.719] [Part 08] Running compression...
[12:44:55.779] [Part 05] Running compression...
[12:44:55.914] [Part 04] Running compression...
[12:45:08.468] [Part 01] Done!
[12:45:09.027] [Part 09] Done!
[12:45:09.069] [Part 05] Done!
[12:45:09.267] [Part 01] Instance terminated.
[12:45:09.636] [Part 08] Done!
[12:45:09.644] [Part 09] Instance terminated.
[12:45:09.718] [Part 05] Instance terminated.
[12:45:09.915] [Part 03] Done!
[12:45:10.145] [Part 04] Done!
[12:45:10.240] [Part 08] Instance terminated.
[12:45:10.500] [Part 00] Done!
[12:45:10.555] [Part 03] Instance terminated.
[12:45:10.879] [Part 06] Done!
[12:45:10.898] [Part 07] Done!
[12:45:11.023] [Part 04] Instance terminated.
[12:45:11.117] [Part 00] Instance terminated.
[12:45:11.208] [Part 02] Done!
[12:45:11.535] [Part 07] Instance terminated.
[12:45:11.713] [Part 06] Instance terminated.
[12:45:11.861] [Part 02] Instance terminated.
[12:45:11.866] ============================================================
[12:45:11.867] RESULTS — 10x m5.large Horizontal OPTIMIZED
[12:45:11.867]   Total Time:    71.63s (1.19 min)
[12:45:11.867]   Split Time:    1.56s
[12:45:11.867]   Parallel Time: 70.07s (1.17 min)
[12:45:11.867] ============================================================
