[12:19:04.769] === Phase 3.2 OPTIMIZED Horizontal: 10x m5.large ===
[12:19:04.769] AMI: ami-06c7c20c67513469a (ffmpeg pre-installed)
[12:19:04.769] Codec: libx264, Threads: 5, Max workers: 10
[12:19:04.769] [Setup] Starting video split...
[12:19:04.817] [Setup] Video: 600.0s → 10 parts of 60.0s
[12:19:06.292] [Setup] Video split complete.
[12:19:06.292] [Summary] SPLIT TIME: 1.52s
[12:19:07.225] [Part 01] Launching m5.large...
[12:19:07.235] [Part 03] Launching m5.large...
[12:19:07.249] [Part 04] Launching m5.large...
[12:19:07.258] [Part 08] Launching m5.large...
[12:19:07.274] [Part 09] Launching m5.large...
[12:19:07.287] [Part 06] Launching m5.large...[12:19:07.290] [Part 00] Launching m5.large...

[12:19:07.301] [Part 05] Launching m5.large...
[12:19:07.309] [Part 02] Launching m5.large...
[12:19:07.316] [Part 07] Launching m5.large...
[12:19:25.124] [Part 01] Instance ready. IP: 54.89.130.44
[12:19:25.138] [Part 03] Instance ready. IP: 18.212.129.14
[12:19:25.143] [Part 02] Instance ready. IP: 54.236.111.106
[12:19:25.148] [Part 09] Instance ready. IP: 54.146.167.142
[12:19:25.152] [Part 07] Instance ready. IP: 52.90.216.94
[12:19:25.163] [Part 05] Instance ready. IP: 54.162.25.26
[12:19:25.170] [Part 00] Instance ready. IP: 54.162.9.88
[12:19:25.181] [Part 06] Instance ready. IP: 54.152.70.161
[12:19:25.187] [Part 04] Instance ready. IP: 54.90.173.48
[12:19:25.287] [Part 08] Instance ready. IP: 3.90.237.253
[12:19:57.079] [Part 00] CPU: Intel(R) Xeon(R) Platinum 8175M CPU @ 2.50GHz
[12:19:57.079] [Part 00] WARNING: CPU mismatch! Expected Intel(R) Xeon(R) Platinum 8259CL CPU @ 2.50GHz, got Intel(R) Xeon(R) Platinum 8175M CPU @ 2.50GHz
[12:19:57.116] [Part 05] CPU: Intel(R) Xeon(R) Platinum 8259CL CPU @ 2.50GHz
[12:19:57.219] [Part 09] CPU: Intel(R) Xeon(R) Platinum 8175M CPU @ 2.50GHz
[12:19:57.219] [Part 09] WARNING: CPU mismatch! Expected Intel(R) Xeon(R) Platinum 8259CL CPU @ 2.50GHz, got Intel(R) Xeon(R) Platinum 8175M CPU @ 2.50GHz
[12:19:57.270] [Part 03] CPU: Intel(R) Xeon(R) Platinum 8259CL CPU @ 2.50GHz
[12:19:57.272] [Part 01] CPU: Intel(R) Xeon(R) Platinum 8175M CPU @ 2.50GHz
[12:19:57.273] [Part 01] WARNING: CPU mismatch! Expected Intel(R) Xeon(R) Platinum 8259CL CPU @ 2.50GHz, got Intel(R) Xeon(R) Platinum 8175M CPU @ 2.50GHz
[12:19:57.296] [Part 02] CPU: Intel(R) Xeon(R) Platinum 8259CL CPU @ 2.50GHz
[12:19:57.310] [Part 07] CPU: Intel(R) Xeon(R) Platinum 8259CL CPU @ 2.50GHz
[12:19:57.365] [Part 06] CPU: Intel(R) Xeon(R) Platinum 8175M CPU @ 2.50GHz
[12:19:57.365] [Part 06] WARNING: CPU mismatch! Expected Intel(R) Xeon(R) Platinum 8259CL CPU @ 2.50GHz, got Intel(R) Xeon(R) Platinum 8175M CPU @ 2.50GHz
[12:19:57.413] [Part 04] CPU: Intel(R) Xeon(R) Platinum 8175M CPU @ 2.50GHz
[12:19:57.413] [Part 04] WARNING: CPU mismatch! Expected Intel(R) Xeon(R) Platinum 8259CL CPU @ 2.50GHz, got Intel(R) Xeon(R) Platinum 8175M CPU @ 2.50GHz
[12:19:57.520] [Part 00] Uploading segment...
[12:19:57.526] [Part 08] CPU: Intel(R) Xeon(R) Platinum 8175M CPU @ 2.50GHz
[12:19:57.527] [Part 08] WARNING: CPU mismatch! Expected Intel(R) Xeon(R) Platinum 8259CL CPU @ 2.50GHz, got Intel(R) Xeon(R) Platinum 8175M CPU @ 2.50GHz
[12:19:57.587] [Part 05] Uploading segment...
[12:19:57.800] [Part 09] Uploading segment...
[12:19:57.855] [Part 01] Uploading segment...
[12:19:57.871] [Part 03] Uploading segment...
[12:19:57.880] [Part 02] Uploading segment...
[12:19:57.896] [Part 07] Uploading segment...
[12:19:57.949] [Part 06] Uploading segment...
[12:19:58.013] [Part 04] Uploading segment...
[12:19:58.109] [Part 08] Uploading segment...
[12:19:58.997] [Part 05] Running compression...
[12:19:59.150] [Part 00] Running compression...
[12:19:59.645] [Part 09] Running compression...
[12:19:59.727] [Part 07] Running compression...
[12:19:59.752] [Part 01] Running compression...
[12:19:59.941] [Part 08] Running compression...
[12:19:59.987] [Part 03] Running compression...
[12:19:59.989] [Part 04] Running compression...
[12:20:00.017] [Part 06] Running compression...
[12:20:00.063] [Part 02] Running compression...
[12:20:12.187] [Part 05] Done!
[12:20:12.819] [Part 05] Instance terminated.
[12:20:13.132] [Part 00] Done!
[12:20:13.135] [Part 01] Done!
[12:20:13.384] [Part 09] Done!
[12:20:13.703] [Part 01] Instance terminated.
[12:20:13.787] [Part 00] Instance terminated.
[12:20:13.938] [Part 08] Done!
[12:20:14.011] [Part 09] Instance terminated.
[12:20:14.286] [Part 07] Done!
[12:20:14.456] [Part 04] Done!
[12:20:14.598] [Part 08] Instance terminated.
[12:20:14.994] [Part 07] Instance terminated.
[12:20:15.061] [Part 04] Instance terminated.
[12:20:15.172] [Part 03] Done!
[12:20:15.255] [Part 02] Done!
[12:20:15.755] [Part 03] Instance terminated.
[12:20:15.865] [Part 06] Done!
[12:20:15.880] [Part 02] Instance terminated.
[12:20:16.484] [Part 06] Instance terminated.
[12:20:16.488] ============================================================
[12:20:16.488] RESULTS — 10x m5.large Horizontal OPTIMIZED
[12:20:16.488]   Total Time:    71.72s (1.20 min)
[12:20:16.488]   Split Time:    1.52s
[12:20:16.488]   Parallel Time: 70.20s (1.17 min)
[12:20:16.489] ============================================================
