[13:34:04.156] === Phase 3.2 OPTIMIZED Horizontal: 10x m5.large ===
[13:34:04.156] AMI: ami-06c7c20c67513469a (ffmpeg pre-installed)
[13:34:04.156] Codec: libx264, Threads: 5, Max workers: 10
[13:34:04.156] [Setup] Starting video split...
[13:34:04.206] [Setup] Video: 600.0s → 10 parts of 60.0s
[13:34:05.733] [Setup] Video split complete.
[13:34:05.733] [Summary] SPLIT TIME: 1.58s
[13:34:06.746] [Part 06] Launching m5.large...[13:34:06.748] [Part 02] Launching m5.large...

[13:34:06.782] [Part 09] Launching m5.large...
[13:34:06.795] [Part 00] Launching m5.large...
[13:34:06.808] [Part 05] Launching m5.large...
[13:34:06.818] [Part 07] Launching m5.large...
[13:34:06.827] [Part 08] Launching m5.large...
[13:34:06.837] [Part 03] Launching m5.large...
[13:34:06.845] [Part 01] Launching m5.large...
[13:34:06.853] [Part 04] Launching m5.large...
[13:34:24.671] [Part 01] Instance ready. IP: 13.218.16.40
[13:34:24.691] [Part 08] Instance ready. IP: 18.208.175.141
[13:34:24.736] [Part 06] Instance ready. IP: 52.90.167.79
[13:34:24.752] [Part 00] Instance ready. IP: 54.198.237.248
[13:34:24.776] [Part 05] Instance ready. IP: 50.17.92.148
[13:34:24.789] [Part 02] Instance ready. IP: 34.229.118.54
[13:34:24.794] [Part 07] Instance ready. IP: 34.228.219.252
[13:34:24.799] [Part 04] Instance ready. IP: 3.85.230.172
[13:34:24.908] [Part 09] Instance ready. IP: 3.85.48.235
[13:34:24.971] [Part 03] Instance ready. IP: 3.90.107.206
[13:34:56.793] [Part 01] CPU: Intel(R) Xeon(R) Platinum 8259CL CPU @ 2.50GHz
[13:34:56.835] [Part 06] CPU: Intel(R) Xeon(R) Platinum 8259CL CPU @ 2.50GHz
[13:34:56.841] [Part 08] CPU: Intel(R) Xeon(R) Platinum 8259CL CPU @ 2.50GHz
[13:34:56.885] [Part 00] CPU: Intel(R) Xeon(R) Platinum 8259CL CPU @ 2.50GHz
[13:34:56.981] [Part 07] CPU: Intel(R) Xeon(R) Platinum 8259CL CPU @ 2.50GHz
[13:34:56.994] [Part 04] CPU: Intel(R) Xeon(R) Platinum 8175M CPU @ 2.50GHz
[13:34:56.994] [Part 04] WARNING: CPU mismatch! Expected Intel(R) Xeon(R) Platinum 8259CL CPU @ 2.50GHz, got Intel(R) Xeon(R) Platinum 8175M CPU @ 2.50GHz
[13:34:57.004] [Part 02] CPU: Intel(R) Xeon(R) Platinum 8259CL CPU @ 2.50GHz
[13:34:57.074] [Part 05] CPU: Intel(R) Xeon(R) Platinum 8259CL CPU @ 2.50GHz
[13:34:57.109] [Part 09] CPU: Intel(R) Xeon(R) Platinum 8259CL CPU @ 2.50GHz
[13:34:57.113] [Part 03] CPU: Intel(R) Xeon(R) Platinum 8259CL CPU @ 2.50GHz
[13:34:57.377] [Part 01] Uploading segment...
[13:34:57.419] [Part 06] Uploading segment...
[13:34:57.425] [Part 08] Uploading segment...
[13:34:57.466] [Part 00] Uploading segment...
[13:34:57.577] [Part 04] Uploading segment...
[13:34:57.585] [Part 07] Uploading segment...
[13:34:57.605] [Part 02] Uploading segment...
[13:34:57.657] [Part 05] Uploading segment...
[13:34:57.693] [Part 09] Uploading segment...
[13:34:57.719] [Part 03] Uploading segment...
[13:34:59.148] [Part 01] Running compression...
[13:34:59.193] [Part 08] Running compression...
[13:34:59.268] [Part 00] Running compression...
[13:34:59.354] [Part 04] Running compression...
[13:34:59.474] [Part 06] Running compression...
[13:34:59.556] [Part 07] Running compression...
[13:34:59.558] [Part 05] Running compression...
[13:34:59.559] [Part 03] Running compression...
[13:34:59.575] [Part 02] Running compression...
[13:34:59.605] [Part 09] Running compression...
[13:35:12.518] [Part 00] Done!
[13:35:12.699] [Part 06] Done!
[13:35:12.873] [Part 01] Done!
[13:35:13.170] [Part 00] Instance terminated.
[13:35:13.324] [Part 06] Instance terminated.
[13:35:13.490] [Part 05] Done!
[13:35:13.708] [Part 08] Done!
[13:35:13.837] [Part 01] Instance terminated.
[13:35:13.865] [Part 09] Done!
[13:35:14.096] [Part 05] Instance terminated.
[13:35:14.166] [Part 04] Done!
[13:35:14.330] [Part 08] Instance terminated.
[13:35:14.478] [Part 09] Instance terminated.
[13:35:14.724] [Part 03] Done!
[13:35:14.781] [Part 04] Instance terminated.
[13:35:15.314] [Part 03] Instance terminated.
[13:35:15.455] [Part 07] Done!
[13:35:15.629] [Part 02] Done!
[13:35:16.048] [Part 07] Instance terminated.
[13:35:16.253] [Part 02] Instance terminated.
[13:35:16.259] ============================================================
[13:35:16.259] RESULTS — 10x m5.large Horizontal OPTIMIZED
[13:35:16.259]   Total Time:    72.10s (1.20 min)
[13:35:16.259]   Split Time:    1.58s
[13:35:16.259]   Parallel Time: 70.53s (1.18 min)
[13:35:16.259] ============================================================
