[22:59:30.179] === Phase 3.2 Horizontal Scaling: 10x m5.large ===
[22:59:30.179] Codec: libx264, Threads: 5, Preset: slow
[22:59:30.179] Max concurrent workers: 5
[22:59:30.179] [Setup] Starting video split...
[22:59:30.235] [Setup] Video duration: 600.0s, splitting into 10 parts of 60.0s each
[22:59:30.317] [Setup]   Part 00 created
[22:59:30.426] [Setup]   Part 01 created
[22:59:30.564] [Setup]   Part 02 created
[22:59:30.718] [Setup]   Part 03 created
[22:59:30.901] [Setup]   Part 04 created
[22:59:31.098] [Setup]   Part 05 created
[22:59:31.318] [Setup]   Part 06 created
[22:59:31.559] [Setup]   Part 07 created
[22:59:31.801] [Setup]   Part 08 created
[22:59:32.087] [Setup]   Part 09 created
[22:59:32.087] [Setup] Video split complete.
[22:59:32.087] [Summary] SPLIT TIME: 1.91s
[22:59:32.744] [Part 04] Launching m5.large...
[22:59:32.761] [Part 01] Launching m5.large...
[22:59:32.772] [Part 00] Launching m5.large...
[22:59:32.791] [Part 03] Launching m5.large...
[22:59:32.798] [Part 02] Launching m5.large...
[22:59:50.190] [Part 00] Instance ready. IP: 52.91.111.54
[22:59:50.327] [Part 04] Instance ready. IP: 3.88.146.81
[22:59:50.543] [Part 02] Instance ready. IP: 54.198.95.225
[22:59:50.553] [Part 01] Instance ready. IP: 54.92.169.33
[22:59:50.822] [Part 03] Instance ready. IP: 54.80.106.207
[23:00:21.117] [Part 00] Installing ffmpeg...
[23:00:21.338] [Part 04] Installing ffmpeg...
[23:00:21.471] [Part 02] Installing ffmpeg...
[23:00:21.476] [Part 01] Installing ffmpeg...
[23:00:21.687] [Part 03] Installing ffmpeg...
[23:00:57.663] [Part 01] ffmpeg installed.
[23:00:58.058] [Part 01] CPU: Intel(R) Xeon(R) Platinum 8175M CPU @ 2.50GHz
[23:00:58.058] [Part 01] WARNING: CPU mismatch! Expected Intel(R) Xeon(R) Platinum 8259CL CPU @ 2.50GHz, got Intel(R) Xeon(R) Platinum 8175M CPU @ 2.50GHz
[23:00:58.204] [Part 02] ffmpeg installed.
[23:00:58.356] [Part 04] ffmpeg installed.
[23:00:58.541] [Part 01] Uploading segment...
[23:00:58.601] [Part 02] CPU: Intel(R) Xeon(R) Platinum 8259CL CPU @ 2.50GHz
[23:00:58.617] [Part 03] ffmpeg installed.
[23:00:58.796] [Part 04] CPU: Intel(R) Xeon(R) Platinum 8175M CPU @ 2.50GHz
[23:00:58.796] [Part 04] WARNING: CPU mismatch! Expected Intel(R) Xeon(R) Platinum 8259CL CPU @ 2.50GHz, got Intel(R) Xeon(R) Platinum 8175M CPU @ 2.50GHz
[23:00:58.997] [Part 03] CPU: Intel(R) Xeon(R) Platinum 8175M CPU @ 2.50GHz
[23:00:58.997] [Part 03] WARNING: CPU mismatch! Expected Intel(R) Xeon(R) Platinum 8259CL CPU @ 2.50GHz, got Intel(R) Xeon(R) Platinum 8175M CPU @ 2.50GHz
[23:00:59.007] [Part 00] ffmpeg installed.
[23:00:59.086] [Part 02] Uploading segment...
[23:00:59.339] [Part 04] Uploading segment...
[23:00:59.404] [Part 00] CPU: Intel(R) Xeon(R) Platinum 8259CL CPU @ 2.50GHz
[23:00:59.463] [Part 03] Uploading segment...
[23:00:59.889] [Part 00] Uploading segment...
[23:00:59.926] [Part 01] Running compression...
[23:01:00.549] [Part 02] Running compression...
[23:01:00.609] [Part 01] ERROR: FFmpeg failed: )
Press [q] to stop, [?] for help
Too many packets buffered for output stream 0:1.
[aac @ 0x5581f5f46820] Qavg: 205.539
[aac @ 0x5581f5f46820] 2 frames left in the queue on closing
Conversion failed!

[23:01:00.797] [Part 03] Running compression...
[23:01:00.865] [Part 04] Running compression...
[23:01:01.342] [Part 00] Running compression...
[23:01:01.566] [Part 04] ERROR: FFmpeg failed: )
Press [q] to stop, [?] for help
Too many packets buffered for output stream 0:1.
[aac @ 0x55935da4c280] Qavg: 218.592
[aac @ 0x55935da4c280] 2 frames left in the queue on closing
Conversion failed!

[23:01:01.652] [Part 01] Instance terminated.
[23:01:01.667] [Part 05] Launching m5.large...
[23:01:02.588] [Part 04] Instance terminated.
[23:01:02.595] [Part 06] Launching m5.large...
[23:01:15.229] [Part 03] Done!
[23:01:15.447] [Part 02] Done!
[23:01:15.938] [Part 00] Done!
[23:01:16.225] [Part 03] Instance terminated.
[23:01:16.231] [Part 07] Launching m5.large...
[23:01:16.347] [Part 02] Instance terminated.
[23:01:16.352] [Part 08] Launching m5.large...
[23:01:16.846] [Part 00] Instance terminated.
[23:01:16.858] [Part 09] Launching m5.large...
[23:01:19.598] [Part 05] Instance ready. IP: 52.55.228.153
[23:01:20.362] [Part 06] Instance ready. IP: 54.158.211.157
[23:01:33.941] [Part 07] Instance ready. IP: 54.196.92.22
[23:01:34.135] [Part 08] Instance ready. IP: 3.85.73.120
[23:01:34.716] [Part 09] Instance ready. IP: 98.85.227.80
[23:01:50.456] [Part 05] Installing ffmpeg...
[23:01:51.231] [Part 06] Installing ffmpeg...
[23:02:04.801] [Part 07] Installing ffmpeg...
[23:02:05.157] [Part 08] Installing ffmpeg...
[23:02:05.644] [Part 09] Installing ffmpeg...
[23:02:27.908] [Part 06] ffmpeg installed.
[23:02:28.289] [Part 06] CPU: Intel(R) Xeon(R) Platinum 8175M CPU @ 2.50GHz
[23:02:28.289] [Part 06] WARNING: CPU mismatch! Expected Intel(R) Xeon(R) Platinum 8259CL CPU @ 2.50GHz, got Intel(R) Xeon(R) Platinum 8175M CPU @ 2.50GHz
[23:02:28.755] [Part 06] Uploading segment...
[23:02:30.148] [Part 06] Running compression...
[23:02:31.518] [Part 05] ffmpeg installed.
[23:02:31.904] [Part 05] CPU: Intel(R) Xeon(R) Platinum 8259CL CPU @ 2.50GHz
[23:02:32.370] [Part 05] Uploading segment...
[23:02:33.770] [Part 05] Running compression...
[23:02:39.862] [Part 08] ffmpeg installed.
[23:02:40.309] [Part 08] CPU: Intel(R) Xeon(R) Platinum 8259CL CPU @ 2.50GHz
[23:02:40.867] [Part 08] Uploading segment...
[23:02:42.557] [Part 08] Running compression...
[23:02:42.956] [Part 07] ffmpeg installed.
[23:02:43.193] [Part 09] ffmpeg installed.
[23:02:43.333] [Part 07] CPU: Intel(R) Xeon(R) Platinum 8259CL CPU @ 2.50GHz
[23:02:43.591] [Part 09] CPU: Intel(R) Xeon(R) Platinum 8175M CPU @ 2.50GHz
[23:02:43.591] [Part 09] WARNING: CPU mismatch! Expected Intel(R) Xeon(R) Platinum 8259CL CPU @ 2.50GHz, got Intel(R) Xeon(R) Platinum 8175M CPU @ 2.50GHz
[23:02:43.803] [Part 07] Uploading segment...
[23:02:44.075] [Part 09] Uploading segment...
[23:02:44.811] [Part 06] Done!
[23:02:45.186] [Part 07] Running compression...
[23:02:45.568] [Part 09] Running compression...
[23:02:45.693] [Part 06] Instance terminated.
[23:02:47.802] [Part 05] Done!
[23:02:48.743] [Part 05] Instance terminated.
[23:02:55.854] [Part 08] Done!
[23:02:56.787] [Part 08] Instance terminated.
[23:02:59.867] [Part 09] Done!
[23:03:00.581] [Part 07] Done!
[23:03:00.749] [Part 09] Instance terminated.
[23:03:01.580] [Part 07] Instance terminated.
[23:03:01.583] ============================================================
[23:03:01.584] RESULTS — 10x m5.large Horizontal
[23:03:01.584]   Total Time:    211.40s (3.52 min)
[23:03:01.584]   Split Time:    1.91s
[23:03:01.584]   Parallel Time: 209.50s (3.49 min)
[23:03:01.584] ============================================================
