[11:24:04.518] === Phase 3.2 OPTIMIZED Serial: 1x m5.large ===
[11:24:04.518] AMI: ami-06c7c20c67513469a (ffmpeg pre-installed)
[11:24:04.518] Codec: libx264, Threads: 5, Preset: slow
[11:24:04.518] [m5.large-Serial-OPT] Launching EC2 instance...
[11:24:06.367] [m5.large-Serial-OPT] Instance i-0b5affab54bcb74a0 launched. Waiting...
[11:24:22.065] [m5.large-Serial-OPT] Instance ready. IP: 52.87.35.228
[11:24:52.956] [m5.large-Serial-OPT] SSH connected.
[11:24:54.014] [m5.large-Serial-OPT] CPU: Intel(R) Xeon(R) Platinum 8175M CPU @ 2.50GHz
[11:24:54.014] [m5.large-Serial-OPT] WARNING: CPU mismatch! Expected Intel(R) Xeon(R) Platinum 8259CL CPU @ 2.50GHz, got Intel(R) Xeon(R) Platinum 8175M CPU @ 2.50GHz
[11:24:54.014] [m5.large-Serial-OPT] Uploading 10-minute video...
[11:25:00.479] [m5.large-Serial-OPT] Upload complete.
[11:25:00.479] [m5.large-Serial-OPT] SETUP TIME: 55.96s (0.93 min)
[11:25:00.479] [m5.large-Serial-OPT] Running: ffmpeg -i /home/ubuntu/input.mp4 -c:v libx264 -preset slow -b:v 2M -threads 5 -y /home/ubuntu/output.mp4
[11:26:43.704] [m5.large-Serial-OPT] ENCODING TIME: 103.22s (1.72 min)
[11:26:44.848] [m5.large-Serial-OPT] Instance terminated.
[11:26:44.848] [m5.large-Serial-OPT] ============================================================
[11:26:44.848] [m5.large-Serial-OPT] RESULTS — m5.large Serial OPTIMIZED
[11:26:44.848] [m5.large-Serial-OPT]   Total Time:    159.19s (2.65 min)
[11:26:44.849] [m5.large-Serial-OPT]   Setup Time:    55.96s (0.93 min)
[11:26:44.849] [m5.large-Serial-OPT]   Encoding Time: 103.22s (1.72 min)
[11:26:44.849] [m5.large-Serial-OPT]   Setup %:       35.2%
[11:26:44.849] [m5.large-Serial-OPT] ============================================================
