[20:58:50.469] === Phase 3.2 Horizontal Scaling: 10x m5.large ===
[20:58:50.469] Codec: libx264, Threads: 5, Preset: slow
[20:58:50.470] Max concurrent workers: 5
[20:58:50.470] [Setup] Starting video split...
[20:58:50.534] [Setup] Video duration: 600.0s, splitting into 10 parts of 60.0s each
[20:58:50.627] [Setup]   Part 00 created
[20:58:50.741] [Setup]   Part 01 created
[20:58:50.880] [Setup]   Part 02 created
[20:58:51.047] [Setup]   Part 03 created
[20:58:51.229] [Setup]   Part 04 created
[20:58:51.444] [Setup]   Part 05 created
[20:58:51.681] [Setup]   Part 06 created
[20:58:51.941] [Setup]   Part 07 created
[20:58:52.242] [Setup]   Part 08 created
[20:58:52.565] [Setup]   Part 09 created
[20:58:52.565] [Setup] Video split complete.
[20:58:52.565] [Summary] SPLIT TIME: 2.10s
[20:58:53.246] [Part 01] Launching m5.large...
[20:58:53.263] [Part 02] Launching m5.large...
[20:58:53.276] [Part 00] Launching m5.large...
[20:58:53.286] [Part 03] Launching m5.large...
[20:58:53.294] [Part 04] Launching m5.large...
[20:59:10.643] [Part 04] Instance ready. IP: 13.217.89.178
[20:59:10.705] [Part 01] Instance ready. IP: 3.93.57.77
[20:59:10.706] [Part 03] Instance ready. IP: 13.222.195.11
[20:59:10.831] [Part 00] Instance ready. IP: 18.234.122.149
[20:59:10.956] [Part 02] Instance ready. IP: 54.164.127.209
[20:59:41.499] [Part 04] Installing ffmpeg...
[20:59:41.620] [Part 03] Installing ffmpeg...
[20:59:41.727] [Part 00] Installing ffmpeg...
[20:59:41.734] [Part 01] Installing ffmpeg...
[20:59:41.850] [Part 02] Installing ffmpeg...
[21:00:18.743] [Part 04] ffmpeg installed.
[21:00:19.127] [Part 04] CPU: Intel(R) Xeon(R) Platinum 8175M CPU @ 2.50GHz
[21:00:19.127] [Part 04] WARNING: CPU mismatch! Expected Intel(R) Xeon(R) Platinum 8259CL CPU @ 2.50GHz, got Intel(R) Xeon(R) Platinum 8175M CPU @ 2.50GHz
[21:00:19.591] [Part 04] Uploading segment...
[21:00:19.804] [Part 02] ffmpeg installed.
[21:00:19.831] [Part 00] ffmpeg installed.
[21:00:19.968] [Part 01] ffmpeg installed.
[21:00:20.198] [Part 02] CPU: Intel(R) Xeon(R) Platinum 8175M CPU @ 2.50GHz
[21:00:20.198] [Part 02] WARNING: CPU mismatch! Expected Intel(R) Xeon(R) Platinum 8259CL CPU @ 2.50GHz, got Intel(R) Xeon(R) Platinum 8175M CPU @ 2.50GHz
[21:00:20.228] [Part 00] CPU: Intel(R) Xeon(R) Platinum 8175M CPU @ 2.50GHz
[21:00:20.228] [Part 00] WARNING: CPU mismatch! Expected Intel(R) Xeon(R) Platinum 8259CL CPU @ 2.50GHz, got Intel(R) Xeon(R) Platinum 8175M CPU @ 2.50GHz
[21:00:20.420] [Part 01] CPU: Intel(R) Xeon(R) Platinum 8175M CPU @ 2.50GHz
[21:00:20.420] [Part 01] WARNING: CPU mismatch! Expected Intel(R) Xeon(R) Platinum 8259CL CPU @ 2.50GHz, got Intel(R) Xeon(R) Platinum 8175M CPU @ 2.50GHz
[21:00:20.682] [Part 02] Uploading segment...
[21:00:20.713] [Part 00] Uploading segment...
[21:00:20.982] [Part 01] Uploading segment...
[21:00:20.988] [Part 04] Running compression...
[21:00:21.646] [Part 04] ERROR: FFmpeg failed: )
Press [q] to stop, [?] for help
Too many packets buffered for output stream 0:1.
[aac @ 0x556f3b9b6280] Qavg: 218.592
[aac @ 0x556f3b9b6280] 2 frames left in the queue on closing
Conversion failed!

[21:00:22.132] [Part 02] Running compression...
[21:00:22.173] [Part 00] Running compression...
[21:00:22.552] [Part 04] Instance terminated.
[21:00:22.559] [Part 05] Launching m5.large...
[21:00:22.698] [Part 01] Running compression...
[21:00:23.127] [Part 03] ffmpeg installed.
[21:00:23.417] [Part 01] ERROR: FFmpeg failed: )
Press [q] to stop, [?] for help
Too many packets buffered for output stream 0:1.
[aac @ 0x563aed226820] Qavg: 205.539
[aac @ 0x563aed226820] 2 frames left in the queue on closing
Conversion failed!

[21:00:23.525] [Part 03] CPU: Intel(R) Xeon(R) Platinum 8175M CPU @ 2.50GHz
[21:00:23.525] [Part 03] WARNING: CPU mismatch! Expected Intel(R) Xeon(R) Platinum 8259CL CPU @ 2.50GHz, got Intel(R) Xeon(R) Platinum 8175M CPU @ 2.50GHz
[21:00:24.007] [Part 03] Uploading segment...
[21:00:24.339] [Part 01] Instance terminated.
[21:00:24.347] [Part 06] Launching m5.large...
[21:00:25.513] [Part 03] Running compression...
[21:00:36.616] [Part 00] Done!
[21:00:37.159] [Part 02] Done!
[21:00:37.624] [Part 00] Instance terminated.
[21:00:37.632] [Part 07] Launching m5.large...
[21:00:38.075] [Part 02] Instance terminated.
[21:00:38.089] [Part 08] Launching m5.large...
[21:00:40.259] [Part 03] Done!
[21:00:40.568] [Part 05] Instance ready. IP: 3.89.25.40
[21:00:41.191] [Part 03] Instance terminated.
[21:00:41.198] [Part 09] Launching m5.large...
[21:00:42.350] [Part 06] Instance ready. IP: 35.153.138.184
[21:00:55.628] [Part 07] Instance ready. IP: 98.93.163.157
[21:00:56.094] [Part 08] Instance ready. IP: 3.81.130.180
[21:00:59.422] [Part 09] Instance ready. IP: 54.145.65.17
[21:01:11.557] [Part 05] Installing ffmpeg...
[21:01:13.201] [Part 06] Installing ffmpeg...
[21:01:26.489] [Part 07] Installing ffmpeg...
[21:01:27.113] [Part 08] Installing ffmpeg...
[21:01:30.311] [Part 09] Installing ffmpeg...
[21:01:46.974] [Part 05] ffmpeg installed.
[21:01:47.414] [Part 05] CPU: Intel(R) Xeon(R) Platinum 8175M CPU @ 2.50GHz
[21:01:47.414] [Part 05] WARNING: CPU mismatch! Expected Intel(R) Xeon(R) Platinum 8259CL CPU @ 2.50GHz, got Intel(R) Xeon(R) Platinum 8175M CPU @ 2.50GHz
[21:01:47.955] [Part 05] Uploading segment...
[21:01:49.588] [Part 05] Running compression...
[21:01:51.325] [Part 06] ffmpeg installed.
[21:01:51.706] [Part 06] CPU: Intel(R) Xeon(R) Platinum 8175M CPU @ 2.50GHz
[21:01:51.706] [Part 06] WARNING: CPU mismatch! Expected Intel(R) Xeon(R) Platinum 8259CL CPU @ 2.50GHz, got Intel(R) Xeon(R) Platinum 8175M CPU @ 2.50GHz
[21:01:52.169] [Part 06] Uploading segment...
[21:01:53.512] [Part 06] Running compression...
[21:02:03.926] [Part 07] ffmpeg installed.
[21:02:04.051] [Part 05] Done!
[21:02:04.304] [Part 07] CPU: Intel(R) Xeon(R) Platinum 8259CL CPU @ 2.50GHz
[21:02:04.652] [Part 08] ffmpeg installed.
[21:02:04.777] [Part 07] Uploading segment...
[21:02:05.060] [Part 05] Instance terminated.
[21:02:05.104] [Part 08] CPU: Intel(R) Xeon(R) Platinum 8259CL CPU @ 2.50GHz
[21:02:05.662] [Part 08] Uploading segment...
[21:02:06.071] [Part 07] Running compression...
[21:02:07.354] [Part 08] Running compression...
[21:02:07.891] [Part 09] ffmpeg installed.
[21:02:08.291] [Part 09] CPU: Intel(R) Xeon(R) Platinum 8259CL CPU @ 2.50GHz
[21:02:08.319] [Part 06] Done!
[21:02:08.774] [Part 09] Uploading segment...
[21:02:09.310] [Part 06] Instance terminated.
[21:02:10.228] [Part 09] Running compression...
[21:02:21.343] [Part 07] Done!
[21:02:21.590] [Part 08] Done!
[21:02:22.218] [Part 07] Instance terminated.
[21:02:22.470] [Part 08] Instance terminated.
[21:02:24.388] [Part 09] Done!
[21:02:25.292] [Part 09] Instance terminated.
[21:02:25.295] ============================================================
[21:02:25.295] RESULTS — 10x m5.large Horizontal
[21:02:25.295]   Total Time:    214.82s (3.58 min)
[21:02:25.295]   Split Time:    2.10s
[21:02:25.295]   Parallel Time: 212.73s (3.55 min)
[21:02:25.295] ============================================================
