[14:11:24.304] === Phase 3.2 OPTIMIZED Horizontal: 10x m5.large ===
[14:11:24.304] AMI: ami-06c7c20c67513469a (ffmpeg pre-installed)
[14:11:24.304] Codec: libx264, Threads: 5, Max workers: 10
[14:11:24.304] [Setup] Starting video split...
[14:11:24.353] [Setup] Video: 600.0s → 10 parts of 60.0s
[14:11:25.895] [Setup] Video split complete.
[14:11:25.896] [Summary] SPLIT TIME: 1.59s
[14:11:26.887] [Part 06] Launching m5.large...
[14:11:26.920] [Part 08] Launching m5.large...
[14:11:26.925] [Part 00] Launching m5.large...
[14:11:26.936] [Part 01] Launching m5.large...
[14:11:26.949] [Part 04] Launching m5.large...
[14:11:26.956] [Part 09] Launching m5.large...
[14:11:26.963] [Part 05] Launching m5.large...
[14:11:26.973] [Part 03] Launching m5.large...
[14:11:26.982] [Part 02] Launching m5.large...
[14:11:26.993] [Part 07] Launching m5.large...
[14:11:44.879] [Part 09] Instance ready. IP: 54.173.255.140
[14:11:44.970] [Part 03] Instance ready. IP: 34.230.49.138
[14:11:44.997] [Part 05] Instance ready. IP: 18.215.237.49
[14:11:45.015] [Part 02] Instance ready. IP: 54.204.138.209
[14:11:45.021] [Part 07] Instance ready. IP: 54.227.211.250
[14:11:45.030] [Part 08] Instance ready. IP: 3.86.68.82
[14:11:45.047] [Part 01] Instance ready. IP: 13.222.202.203
[14:11:45.059] [Part 04] Instance ready. IP: 107.21.25.177
[14:11:45.060] [Part 06] Instance ready. IP: 54.198.205.55
[14:11:45.065] [Part 00] Instance ready. IP: 18.212.151.172
[14:12:17.053] [Part 03] CPU: Intel(R) Xeon(R) Platinum 8259CL CPU @ 2.50GHz
[14:12:17.110] [Part 09] CPU: Intel(R) Xeon(R) Platinum 8259CL CPU @ 2.50GHz
[14:12:17.133] [Part 08] CPU: Intel(R) Xeon(R) Platinum 8175M CPU @ 2.50GHz
[14:12:17.133] [Part 08] WARNING: CPU mismatch! Expected Intel(R) Xeon(R) Platinum 8259CL CPU @ 2.50GHz, got Intel(R) Xeon(R) Platinum 8175M CPU @ 2.50GHz
[14:12:17.154] [Part 02] CPU: Intel(R) Xeon(R) Platinum 8175M CPU @ 2.50GHz
[14:12:17.154] [Part 02] WARNING: CPU mismatch! Expected Intel(R) Xeon(R) Platinum 8259CL CPU @ 2.50GHz, got Intel(R) Xeon(R) Platinum 8175M CPU @ 2.50GHz
[14:12:17.156] [Part 05] CPU: Intel(R) Xeon(R) Platinum 8259CL CPU @ 2.50GHz
[14:12:17.198] [Part 07] CPU: Intel(R) Xeon(R) Platinum 8259CL CPU @ 2.50GHz
[14:12:17.221] [Part 01] CPU: Intel(R) Xeon(R) Platinum 8175M CPU @ 2.50GHz
[14:12:17.222] [Part 01] WARNING: CPU mismatch! Expected Intel(R) Xeon(R) Platinum 8259CL CPU @ 2.50GHz, got Intel(R) Xeon(R) Platinum 8175M CPU @ 2.50GHz
[14:12:17.306] [Part 06] CPU: Intel(R) Xeon(R) Platinum 8259CL CPU @ 2.50GHz
[14:12:17.333] [Part 04] CPU: Intel(R) Xeon(R) Platinum 8259CL CPU @ 2.50GHz
[14:12:17.386] [Part 00] CPU: Intel(R) Xeon(R) Platinum 8259CL CPU @ 2.50GHz
[14:12:17.635] [Part 03] Uploading segment...
[14:12:17.710] [Part 09] Uploading segment...
[14:12:17.716] [Part 08] Uploading segment...
[14:12:17.738] [Part 05] Uploading segment...
[14:12:17.756] [Part 02] Uploading segment...
[14:12:17.782] [Part 07] Uploading segment...
[14:12:17.824] [Part 01] Uploading segment...
[14:12:17.888] [Part 06] Uploading segment...
[14:12:17.936] [Part 04] Uploading segment...
[14:12:17.968] [Part 00] Uploading segment...
[14:12:19.618] [Part 08] Running compression...
[14:12:19.696] [Part 07] Running compression...
[14:12:19.746] [Part 02] Running compression...
[14:12:19.768] [Part 00] Running compression...
[14:12:19.773] [Part 05] Running compression...
[14:12:19.849] [Part 01] Running compression...
[14:12:19.908] [Part 04] Running compression...
[14:12:19.970] [Part 06] Running compression...
[14:12:20.512] [Part 03] Running compression...
[14:12:21.208] [Part 09] Running compression...
[14:12:31.342] [Part 01] Done!
[14:12:31.935] [Part 01] Instance terminated.
[14:12:32.648] [Part 08] Done!
[14:12:33.350] [Part 08] Instance terminated.
[14:12:33.451] [Part 02] Done!
[14:12:33.468] [Part 05] Done!
[14:12:33.602] [Part 04] Done!
[14:12:34.102] [Part 05] Instance terminated.
[14:12:34.107] [Part 02] Instance terminated.
[14:12:34.168] [Part 06] Done!
[14:12:34.183] [Part 04] Instance terminated.
[14:12:34.771] [Part 06] Instance terminated.
[14:12:35.226] [Part 03] Done!
[14:12:35.687] [Part 00] Done!
[14:12:35.850] [Part 07] Done!
[14:12:35.860] [Part 03] Instance terminated.
[14:12:36.038] [Part 09] Done!
[14:12:36.309] [Part 00] Instance terminated.
[14:12:36.456] [Part 07] Instance terminated.
[14:12:36.594] [Part 09] Instance terminated.
[14:12:36.598] ============================================================
[14:12:36.598] RESULTS — 10x m5.large Horizontal OPTIMIZED
[14:12:36.598]   Total Time:    72.29s (1.20 min)
[14:12:36.599]   Split Time:    1.59s
[14:12:36.599]   Parallel Time: 70.70s (1.18 min)
[14:12:36.599] ============================================================
