[21:41:31.451] === Phase 3.2 Serial Baseline: 1x m5.large ===
[21:41:31.451] Codec: libx264, Threads: 5, Preset: slow
[21:41:31.451] Video: /home/breno/doutorado/ec2sweetspot_noms/ec2sweetspot_noms/artifacts/test_videos/video_repetido_10min.mp4
[21:41:31.451] [m5.large-Serial] Launching EC2 instance...
[21:41:33.285] [m5.large-Serial] Instance i-05d24019b379dd210 launched. Waiting...
[21:41:48.984] [m5.large-Serial] Instance ready. IP: 100.54.241.135
[21:42:19.847] [m5.large-Serial] SSH connected.
[21:42:19.847] [m5.large-Serial] Installing ffmpeg...
[21:42:57.215] [m5.large-Serial] ffmpeg installed.
[21:42:57.595] [m5.large-Serial] CPU: Intel(R) Xeon(R) Platinum 8259CL CPU @ 2.50GHz
[21:42:57.595] [m5.large-Serial] Uploading 10-minute video...
[21:43:04.211] [m5.large-Serial] Upload complete.
[21:43:04.211] [m5.large-Serial] SETUP TIME: 92.76s (1.55 min)
[21:43:04.211] [m5.large-Serial] Running: ffmpeg -i /home/ubuntu/input.mp4 -c:v libx264 -preset slow -b:v 2M -threads 5 -y /home/ubuntu/output.mp4
[21:44:58.984] [m5.large-Serial] ENCODING TIME: 114.77s (1.91 min)
[21:45:00.222] [m5.large-Serial] Instance terminated.
[21:45:00.223] [m5.large-Serial] ============================================================
[21:45:00.223] [m5.large-Serial] RESULTS — m5.large Serial
[21:45:00.223] [m5.large-Serial]   Total Time:    207.53s (3.46 min)
[21:45:00.223] [m5.large-Serial]   Setup Time:    92.76s (1.55 min)
[21:45:00.223] [m5.large-Serial]   Encoding Time: 114.77s (1.91 min)
[21:45:00.223] [m5.large-Serial]   Setup %:       44.7%
[21:45:00.223] [m5.large-Serial] ============================================================
