[13:50:37.054] === Phase 3.2 OPTIMIZED Horizontal: 10x m5.large ===
[13:50:37.054] AMI: ami-06c7c20c67513469a (ffmpeg pre-installed)
[13:50:37.054] Codec: libx264, Threads: 5, Max workers: 10
[13:50:37.054] [Setup] Starting video split...
[13:50:37.102] [Setup] Video: 600.0s → 10 parts of 60.0s
[13:50:38.613] [Setup] Video split complete.
[13:50:38.613] [Summary] SPLIT TIME: 1.56s
[13:50:39.620] [Part 03] Launching m5.large...[13:50:39.622] [Part 05] Launching m5.large...

[13:50:39.658] [Part 06] Launching m5.large...
[13:50:39.675] [Part 00] Launching m5.large...
[13:50:39.677] [Part 09] Launching m5.large...
[13:50:39.686] [Part 01] Launching m5.large...
[13:50:39.695] [Part 02] Launching m5.large...
[13:50:39.705] [Part 04] Launching m5.large...
[13:50:39.715] [Part 08] Launching m5.large...
[13:50:39.722] [Part 07] Launching m5.large...
[13:50:57.349] [Part 07] Instance ready. IP: 13.218.139.176
[13:50:57.388] [Part 00] Instance ready. IP: 3.90.51.246
[13:50:57.402] [Part 05] Instance ready. IP: 98.91.232.57
[13:50:57.420] [Part 02] Instance ready. IP: 3.87.35.106
[13:50:57.427] [Part 03] Instance ready. IP: 34.201.218.54
[13:50:57.451] [Part 09] Instance ready. IP: 3.84.68.191
[13:50:57.456] [Part 06] Instance ready. IP: 3.85.106.110
[13:50:57.484] [Part 01] Instance ready. IP: 98.91.177.60
[13:50:57.639] [Part 04] Instance ready. IP: 54.92.191.160
[13:50:57.736] [Part 08] Instance ready. IP: 54.162.176.244
[13:51:29.480] [Part 07] CPU: Intel(R) Xeon(R) Platinum 8175M CPU @ 2.50GHz
[13:51:29.481] [Part 07] WARNING: CPU mismatch! Expected Intel(R) Xeon(R) Platinum 8259CL CPU @ 2.50GHz, got Intel(R) Xeon(R) Platinum 8175M CPU @ 2.50GHz
[13:51:29.524] [Part 00] CPU: Intel(R) Xeon(R) Platinum 8175M CPU @ 2.50GHz
[13:51:29.524] [Part 00] WARNING: CPU mismatch! Expected Intel(R) Xeon(R) Platinum 8259CL CPU @ 2.50GHz, got Intel(R) Xeon(R) Platinum 8175M CPU @ 2.50GHz
[13:51:29.560] [Part 09] CPU: Intel(R) Xeon(R) Platinum 8259CL CPU @ 2.50GHz
[13:51:29.564] [Part 03] CPU: Intel(R) Xeon(R) Platinum 8259CL CPU @ 2.50GHz
[13:51:29.567] [Part 02] CPU: Intel(R) Xeon(R) Platinum 8175M CPU @ 2.50GHz
[13:51:29.567] [Part 02] WARNING: CPU mismatch! Expected Intel(R) Xeon(R) Platinum 8259CL CPU @ 2.50GHz, got Intel(R) Xeon(R) Platinum 8175M CPU @ 2.50GHz
[13:51:29.587] [Part 05] CPU: Intel(R) Xeon(R) Platinum 8259CL CPU @ 2.50GHz
[13:51:29.641] [Part 01] CPU: Intel(R) Xeon(R) Platinum 8259CL CPU @ 2.50GHz
[13:51:29.648] [Part 08] CPU: Intel(R) Xeon(R) Platinum 8175M CPU @ 2.50GHz
[13:51:29.649] [Part 08] WARNING: CPU mismatch! Expected Intel(R) Xeon(R) Platinum 8259CL CPU @ 2.50GHz, got Intel(R) Xeon(R) Platinum 8175M CPU @ 2.50GHz
[13:51:29.761] [Part 06] CPU: Intel(R) Xeon(R) Platinum 8175M CPU @ 2.50GHz
[13:51:29.763] [Part 06] WARNING: CPU mismatch! Expected Intel(R) Xeon(R) Platinum 8259CL CPU @ 2.50GHz, got Intel(R) Xeon(R) Platinum 8175M CPU @ 2.50GHz
[13:51:29.815] [Part 04] CPU: Intel(R) Xeon(R) Platinum 8175M CPU @ 2.50GHz
[13:51:29.815] [Part 04] WARNING: CPU mismatch! Expected Intel(R) Xeon(R) Platinum 8259CL CPU @ 2.50GHz, got Intel(R) Xeon(R) Platinum 8175M CPU @ 2.50GHz
[13:51:30.062] [Part 07] Uploading segment...
[13:51:30.091] [Part 08] Uploading segment...
[13:51:30.126] [Part 00] Uploading segment...
[13:51:30.142] [Part 09] Uploading segment...
[13:51:30.150] [Part 02] Uploading segment...
[13:51:30.167] [Part 03] Uploading segment...
[13:51:30.189] [Part 05] Uploading segment...
[13:51:30.245] [Part 01] Uploading segment...
[13:51:30.348] [Part 06] Uploading segment...
[13:51:30.398] [Part 04] Uploading segment...
[13:51:31.500] [Part 08] Running compression...
[13:51:31.908] [Part 09] Running compression...
[13:51:31.966] [Part 07] Running compression...
[13:51:32.060] [Part 02] Running compression...
[13:51:32.108] [Part 00] Running compression...
[13:51:32.171] [Part 05] Running compression...
[13:51:32.245] [Part 04] Running compression...
[13:51:32.281] [Part 06] Running compression...
[13:51:32.284] [Part 01] Running compression...
[13:51:32.579] [Part 03] Running compression...
[13:51:44.502] [Part 09] Done!
[13:51:44.666] [Part 01] Done!
[13:51:44.697] [Part 00] Done!
[13:51:44.802] [Part 07] Done!
[13:51:44.961] [Part 05] Done!
[13:51:44.994] [Part 02] Done!
[13:51:45.086] [Part 09] Instance terminated.
[13:51:45.145] [Part 03] Done!
[13:51:45.297] [Part 08] Done!
[13:51:45.318] [Part 00] Instance terminated.
[13:51:45.350] [Part 01] Instance terminated.
[13:51:45.412] [Part 07] Instance terminated.
[13:51:45.578] [Part 05] Instance terminated.
[13:51:45.584] [Part 02] Instance terminated.
[13:51:45.769] [Part 03] Instance terminated.
[13:51:45.897] [Part 08] Instance terminated.
[13:51:47.693] [Part 04] Done!
[13:51:48.175] [Part 06] Done!
[13:51:48.283] [Part 04] Instance terminated.
[13:51:48.825] [Part 06] Instance terminated.
[13:51:48.834] ============================================================
[13:51:48.834] RESULTS — 10x m5.large Horizontal OPTIMIZED
[13:51:48.834]   Total Time:    71.78s (1.20 min)
[13:51:48.834]   Split Time:    1.56s
[13:51:48.834]   Parallel Time: 70.22s (1.17 min)
[13:51:48.834] ============================================================
