[10:13:38.772] === Phase 3.2 OPTIMIZED Serial: 1x m5.large ===
[10:13:38.772] AMI: ami-06c7c20c67513469a (ffmpeg pre-installed)
[10:13:38.772] Codec: libx264, Threads: 5, Preset: slow
[10:13:38.772] [m5.large-Serial-OPT] Launching EC2 instance...
[10:13:40.610] [m5.large-Serial-OPT] Instance i-013b72c2b70a8f90e launched. Waiting...
[10:13:56.413] [m5.large-Serial-OPT] Instance ready. IP: 54.147.230.186
[10:14:27.533] [m5.large-Serial-OPT] SSH connected.
[10:14:28.522] [m5.large-Serial-OPT] CPU: Intel(R) Xeon(R) Platinum 8259CL CPU @ 2.50GHz
[10:14:28.522] [m5.large-Serial-OPT] Uploading 10-minute video...
[10:14:36.902] [m5.large-Serial-OPT] Upload complete.
[10:14:36.902] [m5.large-Serial-OPT] SETUP TIME: 58.13s (0.97 min)
[10:14:36.902] [m5.large-Serial-OPT] Running: ffmpeg -i /home/ubuntu/input.mp4 -c:v libx264 -preset slow -b:v 2M -threads 5 -y /home/ubuntu/output.mp4
[10:16:20.420] [m5.large-Serial-OPT] ENCODING TIME: 103.52s (1.73 min)
[10:16:21.506] [m5.large-Serial-OPT] Instance terminated.
[10:16:21.506] [m5.large-Serial-OPT] ============================================================
[10:16:21.506] [m5.large-Serial-OPT] RESULTS — m5.large Serial OPTIMIZED
[10:16:21.506] [m5.large-Serial-OPT]   Total Time:    161.65s (2.69 min)
[10:16:21.506] [m5.large-Serial-OPT]   Setup Time:    58.13s (0.97 min)
[10:16:21.506] [m5.large-Serial-OPT]   Encoding Time: 103.52s (1.73 min)
[10:16:21.507] [m5.large-Serial-OPT]   Setup %:       36.0%
[10:16:21.507] [m5.large-Serial-OPT] ============================================================
