[13:08:54.455] === Phase 3.2 OPTIMIZED Horizontal: 10x m5.large ===
[13:08:54.456] AMI: ami-06c7c20c67513469a (ffmpeg pre-installed)
[13:08:54.456] Codec: libx264, Threads: 5, Max workers: 10
[13:08:54.456] [Setup] Starting video split...
[13:08:54.504] [Setup] Video: 600.0s → 10 parts of 60.0s
[13:08:56.010] [Setup] Video split complete.
[13:08:56.010] [Summary] SPLIT TIME: 1.55s
[13:08:56.994] [Part 05] Launching m5.large...
[13:08:57.002] [Part 01] Launching m5.large...
[13:08:57.030] [Part 07] Launching m5.large...
[13:08:57.038] [Part 06] Launching m5.large...
[13:08:57.048] [Part 09] Launching m5.large...
[13:08:57.062] [Part 02] Launching m5.large...
[13:08:57.066] [Part 00] Launching m5.large...
[13:08:57.078] [Part 08] Launching m5.large...
[13:08:57.086] [Part 03] Launching m5.large...
[13:08:57.094] [Part 04] Launching m5.large...
[13:09:14.918] [Part 07] Instance ready. IP: 54.208.207.192
[13:09:14.925] [Part 05] Instance ready. IP: 3.94.81.169
[13:09:14.930] [Part 03] Instance ready. IP: 13.217.16.66
[13:09:14.935] [Part 08] Instance ready. IP: 100.55.14.87
[13:09:14.956] [Part 01] Instance ready. IP: 18.206.183.198
[13:09:14.961] [Part 04] Instance ready. IP: 18.206.182.12
[13:09:15.067] [Part 09] Instance ready. IP: 13.218.191.37
[13:09:15.072] [Part 02] Instance ready. IP: 3.91.26.104
[13:09:15.367] [Part 00] Instance ready. IP: 54.198.184.4
[13:09:15.464] [Part 06] Instance ready. IP: 54.162.227.46
[13:09:47.103] [Part 04] CPU: Intel(R) Xeon(R) Platinum 8175M CPU @ 2.50GHz
[13:09:47.103] [Part 04] WARNING: CPU mismatch! Expected Intel(R) Xeon(R) Platinum 8259CL CPU @ 2.50GHz, got Intel(R) Xeon(R) Platinum 8175M CPU @ 2.50GHz
[13:09:47.122] [Part 07] CPU: Intel(R) Xeon(R) Platinum 8175M CPU @ 2.50GHz
[13:09:47.122] [Part 07] WARNING: CPU mismatch! Expected Intel(R) Xeon(R) Platinum 8259CL CPU @ 2.50GHz, got Intel(R) Xeon(R) Platinum 8175M CPU @ 2.50GHz
[13:09:47.178] [Part 08] CPU: Intel(R) Xeon(R) Platinum 8259CL CPU @ 2.50GHz
[13:09:47.195] [Part 06] CPU: Intel(R) Xeon(R) Platinum 8259CL CPU @ 2.50GHz
[13:09:47.196] [Part 05] CPU: Intel(R) Xeon(R) Platinum 8175M CPU @ 2.50GHz
[13:09:47.198] [Part 05] WARNING: CPU mismatch! Expected Intel(R) Xeon(R) Platinum 8259CL CPU @ 2.50GHz, got Intel(R) Xeon(R) Platinum 8175M CPU @ 2.50GHz
[13:09:47.199] [Part 03] CPU: Intel(R) Xeon(R) Platinum 8259CL CPU @ 2.50GHz
[13:09:47.206] [Part 02] CPU: Intel(R) Xeon(R) Platinum 8259CL CPU @ 2.50GHz
[13:09:47.219] [Part 01] CPU: Intel(R) Xeon(R) Platinum 8259CL CPU @ 2.50GHz
[13:09:47.232] [Part 09] CPU: Intel(R) Xeon(R) Platinum 8259CL CPU @ 2.50GHz
[13:09:47.609] [Part 00] CPU: Intel(R) Xeon(R) Platinum 8259CL CPU @ 2.50GHz
[13:09:47.636] [Part 06] Uploading segment...
[13:09:47.685] [Part 04] Uploading segment...
[13:09:47.703] [Part 07] Uploading segment...
[13:09:47.762] [Part 08] Uploading segment...
[13:09:47.778] [Part 05] Uploading segment...
[13:09:47.781] [Part 03] Uploading segment...
[13:09:47.790] [Part 02] Uploading segment...
[13:09:47.800] [Part 01] Uploading segment...
[13:09:47.815] [Part 09] Uploading segment...
[13:09:48.192] [Part 00] Uploading segment...
[13:09:49.051] [Part 06] Running compression...
[13:09:49.462] [Part 07] Running compression...
[13:09:49.582] [Part 09] Running compression...
[13:09:49.586] [Part 04] Running compression...
[13:09:49.619] [Part 01] Running compression...
[13:09:49.662] [Part 08] Running compression...
[13:09:49.678] [Part 05] Running compression...
[13:09:49.827] [Part 02] Running compression...
[13:09:50.115] [Part 00] Running compression...
[13:09:50.754] [Part 03] Running compression...
[13:10:01.088] [Part 05] Done!
[13:10:01.556] [Part 08] Done!
[13:10:01.834] [Part 05] Instance terminated.
[13:10:02.356] [Part 08] Instance terminated.
[13:10:02.570] [Part 02] Done!
[13:10:03.025] [Part 01] Done!
[13:10:03.150] [Part 02] Instance terminated.
[13:10:03.458] [Part 09] Done!
[13:10:03.671] [Part 04] Done!
[13:10:03.797] [Part 01] Instance terminated.
[13:10:04.044] [Part 06] Done!
[13:10:04.137] [Part 09] Instance terminated.
[13:10:04.355] [Part 04] Instance terminated.
[13:10:04.387] [Part 07] Done!
[13:10:04.686] [Part 06] Instance terminated.
[13:10:04.704] [Part 00] Done!
[13:10:05.011] [Part 07] Instance terminated.
[13:10:05.368] [Part 00] Instance terminated.
[13:10:05.445] [Part 03] Done!
[13:10:06.114] [Part 03] Instance terminated.
[13:10:06.121] ============================================================
[13:10:06.122] RESULTS — 10x m5.large Horizontal OPTIMIZED
[13:10:06.122]   Total Time:    71.67s (1.19 min)
[13:10:06.122]   Split Time:    1.55s
[13:10:06.122]   Parallel Time: 70.11s (1.17 min)
[13:10:06.122] ============================================================
