[13:57:57.089] === Phase 3.2 OPTIMIZED Horizontal: 10x m5.large ===
[13:57:57.089] AMI: ami-06c7c20c67513469a (ffmpeg pre-installed)
[13:57:57.089] Codec: libx264, Threads: 5, Max workers: 10
[13:57:57.089] [Setup] Starting video split...
[13:57:57.137] [Setup] Video: 600.0s → 10 parts of 60.0s
[13:57:58.650] [Setup] Video split complete.
[13:57:58.651] [Summary] SPLIT TIME: 1.56s
[13:57:59.661] [Part 08] Launching m5.large...
[13:57:59.672] [Part 00] Launching m5.large...
[13:57:59.685] [Part 06] Launching m5.large...
[13:57:59.689] [Part 05] Launching m5.large...[13:57:59.690] [Part 09] Launching m5.large...
[13:57:59.691] [Part 01] Launching m5.large...

[13:57:59.704] [Part 03] Launching m5.large...
[13:57:59.717] [Part 04] Launching m5.large...
[13:57:59.723] [Part 07] Launching m5.large...
[13:57:59.732] [Part 02] Launching m5.large...
[13:58:17.530] [Part 09] Instance ready. IP: 54.80.79.98
[13:58:17.546] [Part 05] Instance ready. IP: 54.159.62.214
[13:58:17.555] [Part 08] Instance ready. IP: 54.80.95.70
[13:58:17.560] [Part 01] Instance ready. IP: 98.87.159.54
[13:58:17.569] [Part 06] Instance ready. IP: 54.89.112.200
[13:58:17.581] [Part 02] Instance ready. IP: 34.238.165.25
[13:58:17.586] [Part 03] Instance ready. IP: 34.235.148.35
[13:58:17.591] [Part 07] Instance ready. IP: 54.208.207.209
[13:58:17.605] [Part 04] Instance ready. IP: 54.156.93.14
[13:58:17.613] [Part 00] Instance ready. IP: 13.217.57.47
[13:58:49.708] [Part 09] CPU: Intel(R) Xeon(R) Platinum 8175M CPU @ 2.50GHz
[13:58:49.709] [Part 09] WARNING: CPU mismatch! Expected Intel(R) Xeon(R) Platinum 8259CL CPU @ 2.50GHz, got Intel(R) Xeon(R) Platinum 8175M CPU @ 2.50GHz
[13:58:49.730] [Part 06] CPU: Intel(R) Xeon(R) Platinum 8259CL CPU @ 2.50GHz
[13:58:49.735] [Part 08] CPU: Intel(R) Xeon(R) Platinum 8259CL CPU @ 2.50GHz
[13:58:49.739] [Part 02] CPU: Intel(R) Xeon(R) Platinum 8259CL CPU @ 2.50GHz
[13:58:49.760] [Part 05] CPU: Intel(R) Xeon(R) Platinum 8175M CPU @ 2.50GHz
[13:58:49.760] [Part 05] WARNING: CPU mismatch! Expected Intel(R) Xeon(R) Platinum 8259CL CPU @ 2.50GHz, got Intel(R) Xeon(R) Platinum 8175M CPU @ 2.50GHz
[13:58:49.888] [Part 00] CPU: Intel(R) Xeon(R) Platinum 8175M CPU @ 2.50GHz
[13:58:49.889] [Part 00] WARNING: CPU mismatch! Expected Intel(R) Xeon(R) Platinum 8259CL CPU @ 2.50GHz, got Intel(R) Xeon(R) Platinum 8175M CPU @ 2.50GHz
[13:58:49.893] [Part 07] CPU: Intel(R) Xeon(R) Platinum 8175M CPU @ 2.50GHz
[13:58:49.893] [Part 07] WARNING: CPU mismatch! Expected Intel(R) Xeon(R) Platinum 8259CL CPU @ 2.50GHz, got Intel(R) Xeon(R) Platinum 8175M CPU @ 2.50GHz
[13:58:49.896] [Part 03] CPU: Intel(R) Xeon(R) Platinum 8175M CPU @ 2.50GHz
[13:58:49.897] [Part 03] WARNING: CPU mismatch! Expected Intel(R) Xeon(R) Platinum 8259CL CPU @ 2.50GHz, got Intel(R) Xeon(R) Platinum 8175M CPU @ 2.50GHz
[13:58:49.924] [Part 01] CPU: Intel(R) Xeon(R) Platinum 8175M CPU @ 2.50GHz
[13:58:49.924] [Part 01] WARNING: CPU mismatch! Expected Intel(R) Xeon(R) Platinum 8259CL CPU @ 2.50GHz, got Intel(R) Xeon(R) Platinum 8175M CPU @ 2.50GHz
[13:58:50.027] [Part 04] CPU: Intel(R) Xeon(R) Platinum 8175M CPU @ 2.50GHz
[13:58:50.027] [Part 04] WARNING: CPU mismatch! Expected Intel(R) Xeon(R) Platinum 8259CL CPU @ 2.50GHz, got Intel(R) Xeon(R) Platinum 8175M CPU @ 2.50GHz
[13:58:50.296] [Part 09] Uploading segment...
[13:58:50.320] [Part 08] Uploading segment...
[13:58:50.321] [Part 02] Uploading segment...
[13:58:50.333] [Part 06] Uploading segment...
[13:58:50.341] [Part 05] Uploading segment...
[13:58:50.469] [Part 00] Uploading segment...
[13:58:50.478] [Part 03] Uploading segment...
[13:58:50.496] [Part 07] Uploading segment...
[13:58:50.523] [Part 01] Uploading segment...
[13:58:50.628] [Part 04] Uploading segment...
[13:58:52.226] [Part 08] Running compression...
[13:58:52.258] [Part 09] Running compression...
[13:58:52.263] [Part 00] Running compression...
[13:58:52.303] [Part 05] Running compression...
[13:58:52.342] [Part 07] Running compression...
[13:58:52.357] [Part 02] Running compression...
[13:58:52.362] [Part 01] Running compression...
[13:58:52.401] [Part 03] Running compression...
[13:58:52.597] [Part 06] Running compression...
[13:58:52.619] [Part 04] Running compression...
[13:59:04.738] [Part 00] Done!
[13:59:05.361] [Part 00] Instance terminated.
[13:59:06.067] [Part 08] Done!
[13:59:06.341] [Part 01] Done!
[13:59:06.550] [Part 05] Done!
[13:59:06.723] [Part 08] Instance terminated.
[13:59:06.841] [Part 09] Done!
[13:59:07.006] [Part 01] Instance terminated.
[13:59:07.200] [Part 05] Instance terminated.
[13:59:07.243] [Part 02] Done!
[13:59:07.469] [Part 09] Instance terminated.
[13:59:07.520] [Part 03] Done!
[13:59:07.684] [Part 07] Done!
[13:59:07.850] [Part 02] Instance terminated.
[13:59:08.164] [Part 03] Instance terminated.
[13:59:08.332] [Part 06] Done!
[13:59:08.346] [Part 07] Instance terminated.
[13:59:08.365] [Part 04] Done!
[13:59:08.938] [Part 04] Instance terminated.
[13:59:08.978] [Part 06] Instance terminated.
[13:59:08.986] ============================================================
[13:59:08.986] RESULTS — 10x m5.large Horizontal OPTIMIZED
[13:59:08.986]   Total Time:    71.90s (1.20 min)
[13:59:08.986]   Split Time:    1.56s
[13:59:08.986]   Parallel Time: 70.34s (1.17 min)
[13:59:08.986] ============================================================
