[23:31:28.729] === Phase 3.2 Horizontal Scaling: 10x m5.large ===
[23:31:28.729] Codec: libx264, Threads: 5, Preset: slow
[23:31:28.729] Max concurrent workers: 5
[23:31:28.729] [Setup] Starting video split...
[23:31:28.786] [Setup] Video duration: 600.0s, splitting into 10 parts of 60.0s each
[23:31:28.878] [Setup]   Part 00 created
[23:31:28.979] [Setup]   Part 01 created
[23:31:29.097] [Setup]   Part 02 created
[23:31:29.239] [Setup]   Part 03 created
[23:31:29.397] [Setup]   Part 04 created
[23:31:29.584] [Setup]   Part 05 created
[23:31:29.784] [Setup]   Part 06 created
[23:31:30.007] [Setup]   Part 07 created
[23:31:30.251] [Setup]   Part 08 created
[23:31:30.517] [Setup]   Part 09 created
[23:31:30.517] [Setup] Video split complete.
[23:31:30.517] [Summary] SPLIT TIME: 1.79s
[23:31:31.171] [Part 04] Launching m5.large...
[23:31:31.175] [Part 02] Launching m5.large...
[23:31:31.196] [Part 03] Launching m5.large...
[23:31:31.200] [Part 00] Launching m5.large...
[23:31:31.209] [Part 01] Launching m5.large...
[23:31:48.586] [Part 02] Instance ready. IP: 52.205.113.42
[23:31:48.607] [Part 04] Instance ready. IP: 98.82.164.169
[23:31:48.847] [Part 03] Instance ready. IP: 100.31.37.8
[23:31:48.903] [Part 00] Instance ready. IP: 54.161.98.30
[23:31:48.905] [Part 01] Instance ready. IP: 98.91.176.29
[23:32:19.473] [Part 04] Installing ffmpeg...
[23:32:19.551] [Part 02] Installing ffmpeg...
[23:32:19.741] [Part 03] Installing ffmpeg...
[23:32:19.747] [Part 00] Installing ffmpeg...
[23:32:19.819] [Part 01] Installing ffmpeg...
[23:32:55.560] [Part 02] ffmpeg installed.
[23:32:55.929] [Part 00] ffmpeg installed.
[23:32:55.968] [Part 02] CPU: Intel(R) Xeon(R) Platinum 8259CL CPU @ 2.50GHz
[23:32:56.295] [Part 00] CPU: Intel(R) Xeon(R) Platinum 8259CL CPU @ 2.50GHz
[23:32:56.465] [Part 02] Uploading segment...
[23:32:56.742] [Part 00] Uploading segment...
[23:32:56.779] [Part 03] ffmpeg installed.
[23:32:57.172] [Part 03] CPU: Intel(R) Xeon(R) Platinum 8259CL CPU @ 2.50GHz
[23:32:57.658] [Part 03] Uploading segment...
[23:32:57.670] [Part 04] ffmpeg installed.
[23:32:57.674] [Part 01] ffmpeg installed.
[23:32:57.956] [Part 02] Running compression...
[23:32:58.056] [Part 04] CPU: Intel(R) Xeon(R) Platinum 8259CL CPU @ 2.50GHz
[23:32:58.073] [Part 01] CPU: Intel(R) Xeon(R) Platinum 8175M CPU @ 2.50GHz
[23:32:58.073] [Part 01] WARNING: CPU mismatch! Expected Intel(R) Xeon(R) Platinum 8259CL CPU @ 2.50GHz, got Intel(R) Xeon(R) Platinum 8175M CPU @ 2.50GHz
[23:32:58.109] [Part 00] Running compression...
[23:32:58.522] [Part 04] Uploading segment...
[23:32:58.559] [Part 01] Uploading segment...
[23:32:59.019] [Part 03] Running compression...
[23:32:59.814] [Part 04] Running compression...
[23:32:59.920] [Part 01] Running compression...
[23:33:00.476] [Part 04] ERROR: FFmpeg failed: )
Press [q] to stop, [?] for help
Too many packets buffered for output stream 0:1.
[aac @ 0x560f5db47280] Qavg: 218.592
[aac @ 0x560f5db47280] 2 frames left in the queue on closing
Conversion failed!

[23:33:00.599] [Part 01] ERROR: FFmpeg failed: )
Press [q] to stop, [?] for help
Too many packets buffered for output stream 0:1.
[aac @ 0x55625da7e820] Qavg: 205.539
[aac @ 0x55625da7e820] 2 frames left in the queue on closing
Conversion failed!

[23:33:01.418] [Part 04] Instance terminated.
[23:33:01.424] [Part 05] Launching m5.large...
[23:33:01.486] [Part 01] Instance terminated.
[23:33:01.492] [Part 06] Launching m5.large...
[23:33:10.482] [Part 02] Done!
[23:33:11.403] [Part 02] Instance terminated.
[23:33:11.428] [Part 07] Launching m5.large...
[23:33:12.213] [Part 00] Done!
[23:33:13.168] [Part 00] Instance terminated.
[23:33:13.174] [Part 08] Launching m5.large...
[23:33:13.559] [Part 03] Done!
[23:33:14.512] [Part 03] Instance terminated.
[23:33:14.520] [Part 09] Launching m5.large...
[23:33:18.879] [Part 05] Instance ready. IP: 54.172.106.242
[23:33:19.306] [Part 06] Instance ready. IP: 3.82.8.12
[23:33:29.095] [Part 07] Instance ready. IP: 54.91.239.168
[23:33:30.657] [Part 08] Instance ready. IP: 13.221.211.255
[23:33:32.129] [Part 09] Instance ready. IP: 18.215.244.28
[23:33:49.737] [Part 05] Installing ffmpeg...
[23:33:50.183] [Part 06] Installing ffmpeg...
[23:33:59.989] [Part 07] Installing ffmpeg...
[23:34:01.549] [Part 08] Installing ffmpeg...
[23:34:02.991] [Part 09] Installing ffmpeg...
[23:34:27.950] [Part 06] ffmpeg installed.
[23:34:28.342] [Part 06] CPU: Intel(R) Xeon(R) Platinum 8175M CPU @ 2.50GHz
[23:34:28.342] [Part 06] WARNING: CPU mismatch! Expected Intel(R) Xeon(R) Platinum 8259CL CPU @ 2.50GHz, got Intel(R) Xeon(R) Platinum 8175M CPU @ 2.50GHz
[23:34:28.821] [Part 06] Uploading segment...
[23:34:28.903] [Part 05] ffmpeg installed.
[23:34:29.287] [Part 05] CPU: Intel(R) Xeon(R) Platinum 8175M CPU @ 2.50GHz
[23:34:29.287] [Part 05] WARNING: CPU mismatch! Expected Intel(R) Xeon(R) Platinum 8259CL CPU @ 2.50GHz, got Intel(R) Xeon(R) Platinum 8175M CPU @ 2.50GHz
[23:34:29.752] [Part 05] Uploading segment...
[23:34:30.245] [Part 06] Running compression...
[23:34:31.136] [Part 05] Running compression...
[23:34:36.527] [Part 07] ffmpeg installed.
[23:34:36.927] [Part 07] CPU: Intel(R) Xeon(R) Platinum 8259CL CPU @ 2.50GHz
[23:34:37.417] [Part 07] Uploading segment...
[23:34:38.415] [Part 08] ffmpeg installed.
[23:34:38.809] [Part 08] CPU: Intel(R) Xeon(R) Platinum 8259CL CPU @ 2.50GHz
[23:34:38.933] [Part 07] Running compression...
[23:34:39.302] [Part 08] Uploading segment...
[23:34:40.497] [Part 09] ffmpeg installed.
[23:34:40.803] [Part 08] Running compression...
[23:34:40.879] [Part 09] CPU: Intel(R) Xeon(R) Platinum 8175M CPU @ 2.50GHz
[23:34:40.879] [Part 09] WARNING: CPU mismatch! Expected Intel(R) Xeon(R) Platinum 8259CL CPU @ 2.50GHz, got Intel(R) Xeon(R) Platinum 8175M CPU @ 2.50GHz
[23:34:41.345] [Part 09] Uploading segment...
[23:34:42.741] [Part 09] Running compression...
[23:34:45.187] [Part 06] Done!
[23:34:45.411] [Part 05] Done!
[23:34:46.088] [Part 06] Instance terminated.
[23:34:46.360] [Part 05] Instance terminated.
[23:34:54.366] [Part 07] Done!
[23:34:54.614] [Part 08] Done!
[23:34:55.297] [Part 07] Instance terminated.
[23:34:55.536] [Part 08] Instance terminated.
[23:34:56.912] [Part 09] Done!
[23:34:57.836] [Part 09] Instance terminated.
[23:34:57.840] ============================================================
[23:34:57.841] RESULTS — 10x m5.large Horizontal
[23:34:57.841]   Total Time:    209.11s (3.49 min)
[23:34:57.841]   Split Time:    1.79s
[23:34:57.841]   Parallel Time: 207.32s (3.46 min)
[23:34:57.841] ============================================================
