[13:53:02.172] === Phase 3.2 OPTIMIZED Horizontal: 10x m5.large ===
[13:53:02.172] AMI: ami-06c7c20c67513469a (ffmpeg pre-installed)
[13:53:02.172] Codec: libx264, Threads: 5, Max workers: 10
[13:53:02.172] [Setup] Starting video split...
[13:53:02.221] [Setup] Video: 600.0s → 10 parts of 60.0s
[13:53:04.083] [Setup] Video split complete.
[13:53:04.083] [Summary] SPLIT TIME: 1.91s
[13:53:05.059] [Part 08] Launching m5.large...
[13:53:05.064] [Part 07] Launching m5.large...
[13:53:05.079] [Part 03] Launching m5.large...
[13:53:05.085] [Part 01] Launching m5.large...
[13:53:05.102] [Part 05] Launching m5.large...
[13:53:05.112] [Part 06] Launching m5.large...
[13:53:05.121] [Part 09] Launching m5.large...
[13:53:05.129] [Part 02] Launching m5.large...
[13:53:05.138] [Part 04] Launching m5.large...
[13:53:05.144] [Part 00] Launching m5.large...
[13:53:22.827] [Part 03] Instance ready. IP: 54.166.220.66
[13:53:22.899] [Part 04] Instance ready. IP: 18.208.198.75
[13:53:22.937] [Part 09] Instance ready. IP: 54.225.43.92
[13:53:22.942] [Part 05] Instance ready. IP: 54.80.152.200
[13:53:23.056] [Part 06] Instance ready. IP: 54.90.191.187
[13:53:23.106] [Part 02] Instance ready. IP: 54.166.232.13
[13:53:23.153] [Part 00] Instance ready. IP: 3.87.35.187
[13:53:23.249] [Part 01] Instance ready. IP: 54.224.148.77
[13:53:23.256] [Part 08] Instance ready. IP: 35.153.199.249
[13:53:23.532] [Part 07] Instance ready. IP: 54.224.48.224
[13:53:54.998] [Part 03] CPU: Intel(R) Xeon(R) Platinum 8259CL CPU @ 2.50GHz
[13:53:55.124] [Part 06] CPU: Intel(R) Xeon(R) Platinum 8259CL CPU @ 2.50GHz
[13:53:55.152] [Part 05] CPU: Intel(R) Xeon(R) Platinum 8259CL CPU @ 2.50GHz
[13:53:55.178] [Part 02] CPU: Intel(R) Xeon(R) Platinum 8259CL CPU @ 2.50GHz
[13:53:55.279] [Part 04] CPU: Intel(R) Xeon(R) Platinum 8259CL CPU @ 2.50GHz
[13:53:55.288] [Part 09] CPU: Intel(R) Xeon(R) Platinum 8259CL CPU @ 2.50GHz
[13:53:55.371] [Part 00] CPU: Intel(R) Xeon(R) Platinum 8259CL CPU @ 2.50GHz
[13:53:55.406] [Part 08] CPU: Intel(R) Xeon(R) Platinum 8259CL CPU @ 2.50GHz
[13:53:55.579] [Part 03] Uploading segment...
[13:53:55.650] [Part 07] CPU: Intel(R) Xeon(R) Platinum 8175M CPU @ 2.50GHz
[13:53:55.652] [Part 07] WARNING: CPU mismatch! Expected Intel(R) Xeon(R) Platinum 8259CL CPU @ 2.50GHz, got Intel(R) Xeon(R) Platinum 8175M CPU @ 2.50GHz
[13:53:55.708] [Part 06] Uploading segment...
[13:53:55.754] [Part 05] Uploading segment...
[13:53:55.759] [Part 02] Uploading segment...
[13:53:55.861] [Part 04] Uploading segment...
[13:53:55.895] [Part 09] Uploading segment...
[13:53:55.955] [Part 00] Uploading segment...
[13:53:56.010] [Part 08] Uploading segment...
[13:53:56.233] [Part 07] Uploading segment...
[13:53:57.612] [Part 03] Running compression...
[13:53:57.656] [Part 02] Running compression...
[13:53:57.759] [Part 05] Running compression...
[13:53:57.775] [Part 06] Running compression...
[13:53:57.992] [Part 08] Running compression...
[13:53:58.057] [Part 04] Running compression...
[13:53:58.138] [Part 07] Running compression...
[13:53:58.173] [Part 00] Running compression...
[13:53:59.846] [Part 09] Running compression...
[13:54:02.681] [Part 01] CPU: Intel(R) Xeon(R) Platinum 8175M CPU @ 2.50GHz
[13:54:02.683] [Part 01] WARNING: CPU mismatch! Expected Intel(R) Xeon(R) Platinum 8259CL CPU @ 2.50GHz, got Intel(R) Xeon(R) Platinum 8175M CPU @ 2.50GHz
[13:54:03.284] [Part 01] Uploading segment...
[13:54:05.254] [Part 01] Running compression...
[13:54:10.448] [Part 06] Done!
[13:54:10.786] [Part 05] Done!
[13:54:11.055] [Part 02] Done!
[13:54:11.084] [Part 06] Instance terminated.
[13:54:11.362] [Part 03] Done!
[13:54:11.424] [Part 00] Done!
[13:54:11.507] [Part 08] Done!
[13:54:11.528] [Part 05] Instance terminated.
[13:54:11.668] [Part 02] Instance terminated.
[13:54:11.946] [Part 03] Instance terminated.
[13:54:12.070] [Part 00] Instance terminated.
[13:54:12.154] [Part 08] Instance terminated.
[13:54:12.328] [Part 07] Done!
[13:54:12.988] [Part 07] Instance terminated.
[13:54:13.403] [Part 04] Done!
[13:54:13.602] [Part 09] Done!
[13:54:13.988] [Part 04] Instance terminated.
[13:54:14.188] [Part 09] Instance terminated.
[13:54:19.003] [Part 01] Done!
[13:54:19.672] [Part 01] Instance terminated.
[13:54:19.677] ============================================================
[13:54:19.677] RESULTS — 10x m5.large Horizontal OPTIMIZED
[13:54:19.677]   Total Time:    77.50s (1.29 min)
[13:54:19.677]   Split Time:    1.91s
[13:54:19.677]   Parallel Time: 75.59s (1.26 min)
[13:54:19.677] ============================================================
