[13:45:33.211] === Phase 3.2 OPTIMIZED Horizontal: 10x m5.large ===
[13:45:33.211] AMI: ami-06c7c20c67513469a (ffmpeg pre-installed)
[13:45:33.211] Codec: libx264, Threads: 5, Max workers: 10
[13:45:33.211] [Setup] Starting video split...
[13:45:33.260] [Setup] Video: 600.0s → 10 parts of 60.0s
[13:45:34.774] [Setup] Video split complete.
[13:45:34.774] [Summary] SPLIT TIME: 1.56s
[13:45:35.749] [Part 06] Launching m5.large...
[13:45:35.764] [Part 01] Launching m5.large...
[13:45:35.787] [Part 09] Launching m5.large...
[13:45:35.794] [Part 05] Launching m5.large...
[13:45:35.805] [Part 04] Launching m5.large...
[13:45:35.816] [Part 00] Launching m5.large...
[13:45:35.830] [Part 07] Launching m5.large...
[13:45:35.834] [Part 02] Launching m5.large...
[13:45:35.847] [Part 03] Launching m5.large...
[13:45:35.852] [Part 08] Launching m5.large...
[13:45:53.795] [Part 03] Instance ready. IP: 35.175.215.15
[13:45:53.855] [Part 06] Instance ready. IP: 54.197.213.1
[13:45:53.879] [Part 02] Instance ready. IP: 52.23.243.225
[13:45:53.906] [Part 00] Instance ready. IP: 54.198.112.116
[13:45:53.939] [Part 05] Instance ready. IP: 3.81.20.201
[13:45:53.944] [Part 07] Instance ready. IP: 54.198.60.5
[13:45:53.959] [Part 08] Instance ready. IP: 3.86.70.112
[13:45:53.965] [Part 01] Instance ready. IP: 34.203.230.161
[13:45:53.975] [Part 09] Instance ready. IP: 54.196.97.252
[13:45:53.984] [Part 04] Instance ready. IP: 3.87.38.17
[13:46:25.856] [Part 06] CPU: Intel(R) Xeon(R) Platinum 8259CL CPU @ 2.50GHz
[13:46:25.864] [Part 03] CPU: Intel(R) Xeon(R) Platinum 8259CL CPU @ 2.50GHz
[13:46:26.030] [Part 02] CPU: Intel(R) Xeon(R) Platinum 8259CL CPU @ 2.50GHz
[13:46:26.072] [Part 00] CPU: Intel(R) Xeon(R) Platinum 8259CL CPU @ 2.50GHz
[13:46:26.132] [Part 01] CPU: Intel(R) Xeon(R) Platinum 8175M CPU @ 2.50GHz
[13:46:26.133] [Part 01] WARNING: CPU mismatch! Expected Intel(R) Xeon(R) Platinum 8259CL CPU @ 2.50GHz, got Intel(R) Xeon(R) Platinum 8175M CPU @ 2.50GHz
[13:46:26.137] [Part 07] CPU: Intel(R) Xeon(R) Platinum 8175M CPU @ 2.50GHz
[13:46:26.137] [Part 07] WARNING: CPU mismatch! Expected Intel(R) Xeon(R) Platinum 8259CL CPU @ 2.50GHz, got Intel(R) Xeon(R) Platinum 8175M CPU @ 2.50GHz
[13:46:26.160] [Part 08] CPU: Intel(R) Xeon(R) Platinum 8259CL CPU @ 2.50GHz
[13:46:26.192] [Part 05] CPU: Intel(R) Xeon(R) Platinum 8259CL CPU @ 2.50GHz
[13:46:26.264] [Part 04] CPU: Intel(R) Xeon(R) Platinum 8259CL CPU @ 2.50GHz
[13:46:26.312] [Part 09] CPU: Intel(R) Xeon(R) Platinum 8259CL CPU @ 2.50GHz
[13:46:26.436] [Part 06] Uploading segment...
[13:46:26.457] [Part 03] Uploading segment...
[13:46:26.630] [Part 02] Uploading segment...
[13:46:26.657] [Part 00] Uploading segment...
[13:46:26.714] [Part 01] Uploading segment...
[13:46:26.740] [Part 07] Uploading segment...
[13:46:26.741] [Part 08] Uploading segment...
[13:46:26.775] [Part 05] Uploading segment...
[13:46:26.865] [Part 04] Uploading segment...
[13:46:26.916] [Part 09] Uploading segment...
[13:46:28.390] [Part 03] Running compression...
[13:46:28.484] [Part 06] Running compression...
[13:46:28.578] [Part 00] Running compression...
[13:46:28.616] [Part 01] Running compression...
[13:46:28.731] [Part 02] Running compression...
[13:46:28.815] [Part 09] Running compression...
[13:46:28.819] [Part 05] Running compression...
[13:46:28.876] [Part 07] Running compression...
[13:46:28.973] [Part 04] Running compression...
[13:46:29.179] [Part 08] Running compression...
[13:46:40.939] [Part 00] Done!
[13:46:41.419] [Part 03] Done!
[13:46:41.547] [Part 00] Instance terminated.
[13:46:41.578] [Part 01] Done!
[13:46:41.789] [Part 07] Done!
[13:46:42.003] [Part 03] Instance terminated.
[13:46:42.221] [Part 01] Instance terminated.
[13:46:42.393] [Part 07] Instance terminated.
[13:46:42.443] [Part 08] Done!
[13:46:42.800] [Part 05] Done!
[13:46:43.139] [Part 08] Instance terminated.
[13:46:43.428] [Part 05] Instance terminated.
[13:46:43.797] [Part 09] Done!
[13:46:44.045] [Part 02] Done!
[13:46:44.111] [Part 06] Done!
[13:46:44.404] [Part 04] Done!
[13:46:44.483] [Part 09] Instance terminated.
[13:46:44.641] [Part 02] Instance terminated.
[13:46:44.788] [Part 06] Instance terminated.
[13:46:45.044] [Part 04] Instance terminated.
[13:46:45.052] ============================================================
[13:46:45.052] RESULTS — 10x m5.large Horizontal OPTIMIZED
[13:46:45.052]   Total Time:    71.84s (1.20 min)
[13:46:45.052]   Split Time:    1.56s
[13:46:45.052]   Parallel Time: 70.28s (1.17 min)
[13:46:45.052] ============================================================
