[21:08:41.589] === Phase 3.2 Horizontal Scaling: 10x m5.large ===
[21:08:41.590] Codec: libx264, Threads: 5, Preset: slow
[21:08:41.590] Max concurrent workers: 5
[21:08:41.590] [Setup] Starting video split...
[21:08:41.648] [Setup] Video duration: 600.0s, splitting into 10 parts of 60.0s each
[21:08:41.741] [Setup]   Part 00 created
[21:08:41.856] [Setup]   Part 01 created
[21:08:42.010] [Setup]   Part 02 created
[21:08:42.151] [Setup]   Part 03 created
[21:08:42.312] [Setup]   Part 04 created
[21:08:42.517] [Setup]   Part 05 created
[21:08:42.766] [Setup]   Part 06 created
[21:08:43.022] [Setup]   Part 07 created
[21:08:43.304] [Setup]   Part 08 created
[21:08:43.621] [Setup]   Part 09 created
[21:08:43.621] [Setup] Video split complete.
[21:08:43.621] [Summary] SPLIT TIME: 2.03s
[21:08:44.230] [Part 01] Launching m5.large...
[21:08:44.253] [Part 00] Launching m5.large...
[21:08:44.265] [Part 02] Launching m5.large...
[21:08:44.275] [Part 03] Launching m5.large...
[21:08:44.290] [Part 04] Launching m5.large...
[21:09:01.985] [Part 04] Instance ready. IP: 54.198.64.19
[21:09:02.030] [Part 03] Instance ready. IP: 100.54.215.50
[21:09:02.128] [Part 02] Instance ready. IP: 54.236.4.218
[21:09:02.134] [Part 00] Instance ready. IP: 98.87.20.255
[21:09:02.144] [Part 01] Instance ready. IP: 52.91.218.220
[21:09:32.878] [Part 04] Installing ffmpeg...
[21:09:32.888] [Part 03] Installing ffmpeg...
[21:09:33.001] [Part 01] Installing ffmpeg...
[21:09:33.055] [Part 00] Installing ffmpeg...
[21:09:33.060] [Part 02] Installing ffmpeg...
[21:10:08.414] [Part 00] ffmpeg installed.
[21:10:08.810] [Part 00] CPU: Intel(R) Xeon(R) Platinum 8175M CPU @ 2.50GHz
[21:10:08.810] [Part 00] WARNING: CPU mismatch! Expected Intel(R) Xeon(R) Platinum 8259CL CPU @ 2.50GHz, got Intel(R) Xeon(R) Platinum 8175M CPU @ 2.50GHz
[21:10:09.296] [Part 00] Uploading segment...
[21:10:10.290] [Part 01] ffmpeg installed.
[21:10:10.401] [Part 02] ffmpeg installed.
[21:10:10.494] [Part 03] ffmpeg installed.
[21:10:10.645] [Part 00] Running compression...
[21:10:10.674] [Part 01] CPU: Intel(R) Xeon(R) Platinum 8259CL CPU @ 2.50GHz
[21:10:10.798] [Part 02] CPU: Intel(R) Xeon(R) Platinum 8175M CPU @ 2.50GHz
[21:10:10.798] [Part 02] WARNING: CPU mismatch! Expected Intel(R) Xeon(R) Platinum 8259CL CPU @ 2.50GHz, got Intel(R) Xeon(R) Platinum 8175M CPU @ 2.50GHz
[21:10:10.854] [Part 04] ffmpeg installed.
[21:10:10.874] [Part 03] CPU: Intel(R) Xeon(R) Platinum 8175M CPU @ 2.50GHz
[21:10:10.874] [Part 03] WARNING: CPU mismatch! Expected Intel(R) Xeon(R) Platinum 8259CL CPU @ 2.50GHz, got Intel(R) Xeon(R) Platinum 8175M CPU @ 2.50GHz
[21:10:11.140] [Part 01] Uploading segment...
[21:10:11.233] [Part 04] CPU: Intel(R) Xeon(R) Platinum 8259CL CPU @ 2.50GHz
[21:10:11.283] [Part 02] Uploading segment...
[21:10:11.340] [Part 03] Uploading segment...
[21:10:11.700] [Part 04] Uploading segment...
[21:10:12.435] [Part 01] Running compression...
[21:10:12.640] [Part 03] Running compression...
[21:10:12.738] [Part 02] Running compression...
[21:10:13.089] [Part 04] Running compression...
[21:10:13.101] [Part 01] ERROR: FFmpeg failed: )
Press [q] to stop, [?] for help
Too many packets buffered for output stream 0:1.
[aac @ 0x5636fca4a820] Qavg: 205.539
[aac @ 0x5636fca4a820] 2 frames left in the queue on closing
Conversion failed!

[21:10:13.751] [Part 04] ERROR: FFmpeg failed: )
Press [q] to stop, [?] for help
Too many packets buffered for output stream 0:1.
[aac @ 0x55c517ee9280] Qavg: 218.592
[aac @ 0x55c517ee9280] 2 frames left in the queue on closing
Conversion failed!

[21:10:14.012] [Part 01] Instance terminated.
[21:10:14.019] [Part 05] Launching m5.large...
[21:10:14.671] [Part 04] Instance terminated.
[21:10:14.679] [Part 06] Launching m5.large...
[21:10:25.025] [Part 00] Done!
[21:10:25.902] [Part 00] Instance terminated.
[21:10:25.912] [Part 07] Launching m5.large...
[21:10:27.131] [Part 03] Done!
[21:10:27.520] [Part 02] Done!
[21:10:28.040] [Part 03] Instance terminated.
[21:10:28.047] [Part 08] Launching m5.large...
[21:10:28.457] [Part 02] Instance terminated.
[21:10:28.463] [Part 09] Launching m5.large...
[21:10:31.776] [Part 05] Instance ready. IP: 23.20.188.208
[21:10:32.487] [Part 06] Instance ready. IP: 3.84.153.183
[21:10:43.650] [Part 07] Instance ready. IP: 52.90.255.196
[21:10:45.822] [Part 08] Instance ready. IP: 52.206.151.132
[21:10:46.215] [Part 09] Instance ready. IP: 3.92.24.148
[21:11:02.639] [Part 05] Installing ffmpeg...
[21:11:03.504] [Part 06] Installing ffmpeg...
[21:11:14.519] [Part 07] Installing ffmpeg...
[21:11:16.815] [Part 08] Installing ffmpeg...
[21:11:17.196] [Part 09] Installing ffmpeg...
[21:11:39.251] [Part 05] ffmpeg installed.
[21:11:39.561] [Part 06] ffmpeg installed.
[21:11:39.631] [Part 05] CPU: Intel(R) Xeon(R) Platinum 8175M CPU @ 2.50GHz
[21:11:39.631] [Part 05] WARNING: CPU mismatch! Expected Intel(R) Xeon(R) Platinum 8259CL CPU @ 2.50GHz, got Intel(R) Xeon(R) Platinum 8175M CPU @ 2.50GHz
[21:11:40.010] [Part 06] CPU: Intel(R) Xeon(R) Platinum 8175M CPU @ 2.50GHz
[21:11:40.010] [Part 06] WARNING: CPU mismatch! Expected Intel(R) Xeon(R) Platinum 8259CL CPU @ 2.50GHz, got Intel(R) Xeon(R) Platinum 8175M CPU @ 2.50GHz
[21:11:40.096] [Part 05] Uploading segment...
[21:11:40.569] [Part 06] Uploading segment...
[21:11:41.501] [Part 05] Running compression...
[21:11:42.260] [Part 06] Running compression...
[21:11:52.648] [Part 07] ffmpeg installed.
[21:11:53.027] [Part 07] CPU: Intel(R) Xeon(R) Platinum 8175M CPU @ 2.50GHz
[21:11:53.027] [Part 07] WARNING: CPU mismatch! Expected Intel(R) Xeon(R) Platinum 8259CL CPU @ 2.50GHz, got Intel(R) Xeon(R) Platinum 8175M CPU @ 2.50GHz
[21:11:53.493] [Part 07] Uploading segment...
[21:11:53.675] [Part 08] ffmpeg installed.
[21:11:54.098] [Part 09] ffmpeg installed.
[21:11:54.111] [Part 08] CPU: Intel(R) Xeon(R) Platinum 8259CL CPU @ 2.50GHz
[21:11:54.531] [Part 09] CPU: Intel(R) Xeon(R) Platinum 8175M CPU @ 2.50GHz
[21:11:54.531] [Part 09] WARNING: CPU mismatch! Expected Intel(R) Xeon(R) Platinum 8259CL CPU @ 2.50GHz, got Intel(R) Xeon(R) Platinum 8175M CPU @ 2.50GHz
[21:11:54.651] [Part 08] Uploading segment...
[21:11:54.902] [Part 07] Running compression...
[21:11:55.071] [Part 09] Uploading segment...
[21:11:55.585] [Part 05] Done!
[21:11:56.279] [Part 08] Running compression...
[21:11:56.515] [Part 05] Instance terminated.
[21:11:56.750] [Part 09] Running compression...
[21:11:57.610] [Part 06] Done!
[21:11:58.471] [Part 06] Instance terminated.
[21:12:10.411] [Part 08] Done!
[21:12:10.430] [Part 07] Done!
[21:12:11.215] [Part 09] Done!
[21:12:11.332] [Part 08] Instance terminated.
[21:12:11.401] [Part 07] Instance terminated.
[21:12:12.116] [Part 09] Instance terminated.
[21:12:12.117] ============================================================
[21:12:12.117] RESULTS — 10x m5.large Horizontal
[21:12:12.117]   Total Time:    210.53s (3.51 min)
[21:12:12.117]   Split Time:    2.03s
[21:12:12.117]   Parallel Time: 208.50s (3.47 min)
[21:12:12.117] ============================================================
