[01:09:45.688] === Phase 3.2 Horizontal Scaling: 10x m5.large ===
[01:09:45.688] Codec: libx264, Threads: 5, Preset: slow
[01:09:45.688] Max concurrent workers: 5
[01:09:45.688] [Setup] Starting video split...
[01:09:45.740] [Setup] Video duration: 600.0s, splitting into 10 parts of 60.0s each
[01:09:45.822] [Setup]   Part 00 created
[01:09:45.914] [Setup]   Part 01 created
[01:09:46.026] [Setup]   Part 02 created
[01:09:46.151] [Setup]   Part 03 created
[01:09:46.296] [Setup]   Part 04 created
[01:09:46.453] [Setup]   Part 05 created
[01:09:46.630] [Setup]   Part 06 created
[01:09:46.822] [Setup]   Part 07 created
[01:09:47.035] [Setup]   Part 08 created
[01:09:47.268] [Setup]   Part 09 created
[01:09:47.268] [Setup] Video split complete.
[01:09:47.268] [Summary] SPLIT TIME: 1.58s
[01:09:47.828] [Part 04] Launching m5.large...
[01:09:47.833] [Part 02] Launching m5.large...
[01:09:47.844] [Part 01] Launching m5.large...
[01:09:47.856] [Part 03] Launching m5.large...
[01:09:47.864] [Part 00] Launching m5.large...
[01:10:05.667] [Part 04] Instance ready. IP: 54.225.56.248
[01:10:05.704] [Part 01] Instance ready. IP: 3.85.83.139
[01:10:05.726] [Part 00] Instance ready. IP: 13.218.154.100
[01:10:05.732] [Part 02] Instance ready. IP: 34.204.77.172
[01:10:05.891] [Part 03] Instance ready. IP: 52.91.32.247
[01:10:36.530] [Part 04] Installing ffmpeg...
[01:10:36.588] [Part 01] Installing ffmpeg...
[01:10:36.609] [Part 00] Installing ffmpeg...
[01:10:36.611] [Part 02] Installing ffmpeg...
[01:10:36.759] [Part 03] Installing ffmpeg...
[01:11:12.966] [Part 01] ffmpeg installed.
[01:11:13.355] [Part 01] CPU: Intel(R) Xeon(R) Platinum 8259CL CPU @ 2.50GHz
[01:11:13.835] [Part 01] Uploading segment...
[01:11:14.224] [Part 02] ffmpeg installed.
[01:11:14.537] [Part 04] ffmpeg installed.
[01:11:14.611] [Part 02] CPU: Intel(R) Xeon(R) Platinum 8175M CPU @ 2.50GHz
[01:11:14.615] [Part 02] WARNING: CPU mismatch! Expected Intel(R) Xeon(R) Platinum 8259CL CPU @ 2.50GHz, got Intel(R) Xeon(R) Platinum 8175M CPU @ 2.50GHz
[01:11:14.631] [Part 03] ffmpeg installed.
[01:11:14.917] [Part 04] CPU: Intel(R) Xeon(R) Platinum 8259CL CPU @ 2.50GHz
[01:11:14.963] [Part 00] ffmpeg installed.
[01:11:15.014] [Part 03] CPU: Intel(R) Xeon(R) Platinum 8175M CPU @ 2.50GHz
[01:11:15.015] [Part 03] WARNING: CPU mismatch! Expected Intel(R) Xeon(R) Platinum 8259CL CPU @ 2.50GHz, got Intel(R) Xeon(R) Platinum 8175M CPU @ 2.50GHz
[01:11:15.080] [Part 02] Uploading segment...
[01:11:15.285] [Part 01] Running compression...
[01:11:15.345] [Part 00] CPU: Intel(R) Xeon(R) Platinum 8175M CPU @ 2.50GHz
[01:11:15.346] [Part 00] WARNING: CPU mismatch! Expected Intel(R) Xeon(R) Platinum 8259CL CPU @ 2.50GHz, got Intel(R) Xeon(R) Platinum 8175M CPU @ 2.50GHz
[01:11:15.385] [Part 04] Uploading segment...
[01:11:15.480] [Part 03] Uploading segment...
[01:11:15.813] [Part 00] Uploading segment...
[01:11:15.957] [Part 01] ERROR: FFmpeg failed: )
Press [q] to stop, [?] for help
Too many packets buffered for output stream 0:1.
[aac @ 0x55f25d925820] Qavg: 205.539
[aac @ 0x55f25d925820] 2 frames left in the queue on closing
Conversion failed!

[01:11:16.635] [Part 02] Running compression...
[01:11:16.826] [Part 04] Running compression...
[01:11:16.895] [Part 01] Instance terminated.
[01:11:16.929] [Part 05] Launching m5.large...
[01:11:16.989] [Part 03] Running compression...
[01:11:17.210] [Part 00] Running compression...
[01:11:17.488] [Part 04] ERROR: FFmpeg failed: )
Press [q] to stop, [?] for help
Too many packets buffered for output stream 0:1.
[aac @ 0x55fda3cf5280] Qavg: 218.592
[aac @ 0x55fda3cf5280] 2 frames left in the queue on closing
Conversion failed!

[01:11:18.475] [Part 04] Instance terminated.
[01:11:18.502] [Part 06] Launching m5.large...
[01:11:31.355] [Part 00] Done!
[01:11:31.500] [Part 02] Done!
[01:11:31.531] [Part 03] Done!
[01:11:32.247] [Part 00] Instance terminated.
[01:11:32.255] [Part 07] Launching m5.large...
[01:11:32.428] [Part 02] Instance terminated.
[01:11:32.433] [Part 08] Launching m5.large...
[01:11:32.443] [Part 03] Instance terminated.
[01:11:32.449] [Part 09] Launching m5.large...
[01:11:34.813] [Part 05] Instance ready. IP: 54.161.44.92
[01:11:36.370] [Part 06] Instance ready. IP: 54.162.192.7
[01:11:49.722] [Part 07] Instance ready. IP: 100.24.50.171
[01:11:49.819] [Part 08] Instance ready. IP: 54.81.34.53
[01:11:49.984] [Part 09] Instance ready. IP: 54.92.144.250
[01:12:05.666] [Part 05] Installing ffmpeg...
[01:12:07.197] [Part 06] Installing ffmpeg...
[01:12:20.659] [Part 07] Installing ffmpeg...
[01:12:20.686] [Part 08] Installing ffmpeg...
[01:12:20.848] [Part 09] Installing ffmpeg...
[01:12:41.537] [Part 05] ffmpeg installed.
[01:12:41.912] [Part 05] CPU: Intel(R) Xeon(R) Platinum 8175M CPU @ 2.50GHz
[01:12:41.912] [Part 05] WARNING: CPU mismatch! Expected Intel(R) Xeon(R) Platinum 8259CL CPU @ 2.50GHz, got Intel(R) Xeon(R) Platinum 8175M CPU @ 2.50GHz
[01:12:42.373] [Part 05] Uploading segment...
[01:12:43.090] [Part 06] ffmpeg installed.
[01:12:43.461] [Part 06] CPU: Intel(R) Xeon(R) Platinum 8259CL CPU @ 2.50GHz
[01:12:43.859] [Part 05] Running compression...
[01:12:43.903] [Part 06] Uploading segment...
[01:12:45.312] [Part 06] Running compression...
[01:12:57.319] [Part 07] ffmpeg installed.
[01:12:57.714] [Part 07] CPU: Intel(R) Xeon(R) Platinum 8175M CPU @ 2.50GHz
[01:12:57.715] [Part 07] WARNING: CPU mismatch! Expected Intel(R) Xeon(R) Platinum 8259CL CPU @ 2.50GHz, got Intel(R) Xeon(R) Platinum 8175M CPU @ 2.50GHz
[01:12:57.858] [Part 05] Done!
[01:12:58.204] [Part 07] Uploading segment...
[01:12:58.565] [Part 09] ffmpeg installed.
[01:12:58.857] [Part 05] Instance terminated.
[01:12:58.945] [Part 09] CPU: Intel(R) Xeon(R) Platinum 8175M CPU @ 2.50GHz
[01:12:58.945] [Part 09] WARNING: CPU mismatch! Expected Intel(R) Xeon(R) Platinum 8259CL CPU @ 2.50GHz, got Intel(R) Xeon(R) Platinum 8175M CPU @ 2.50GHz
[01:12:59.412] [Part 09] Uploading segment...
[01:12:59.557] [Part 07] Running compression...
[01:12:59.562] [Part 08] ffmpeg installed.
[01:12:59.947] [Part 08] CPU: Intel(R) Xeon(R) Platinum 8175M CPU @ 2.50GHz
[01:12:59.948] [Part 08] WARNING: CPU mismatch! Expected Intel(R) Xeon(R) Platinum 8259CL CPU @ 2.50GHz, got Intel(R) Xeon(R) Platinum 8175M CPU @ 2.50GHz
[01:13:00.059] [Part 06] Done!
[01:13:00.412] [Part 08] Uploading segment...
[01:13:00.803] [Part 09] Running compression...
[01:13:00.942] [Part 06] Instance terminated.
[01:13:01.809] [Part 08] Running compression...
[01:13:14.926] [Part 09] Done!
[01:13:15.183] [Part 07] Done!
[01:13:15.808] [Part 08] Done!
[01:13:15.825] [Part 09] Instance terminated.
[01:13:16.090] [Part 07] Instance terminated.
[01:13:16.731] [Part 08] Instance terminated.
[01:13:16.739] ============================================================
[01:13:16.739] RESULTS — 10x m5.large Horizontal
[01:13:16.739]   Total Time:    211.05s (3.52 min)
[01:13:16.740]   Split Time:    1.58s
[01:13:16.740]   Parallel Time: 209.47s (3.49 min)
[01:13:16.740] ============================================================
