[14:10:11.412] === Phase 3.2 OPTIMIZED Horizontal: 10x m5.large ===
[14:10:11.412] AMI: ami-06c7c20c67513469a (ffmpeg pre-installed)
[14:10:11.413] Codec: libx264, Threads: 5, Max workers: 10
[14:10:11.413] [Setup] Starting video split...
[14:10:11.460] [Setup] Video: 600.0s → 10 parts of 60.0s
[14:10:12.997] [Setup] Video split complete.
[14:10:12.997] [Summary] SPLIT TIME: 1.58s
[14:10:14.020] [Part 03] Launching m5.large...
[14:10:14.023] [Part 09] Launching m5.large...
[14:10:14.054] [Part 07] Launching m5.large...
[14:10:14.063] [Part 08] Launching m5.large...
[14:10:14.080] [Part 05] Launching m5.large...
[14:10:14.091] [Part 00] Launching m5.large...
[14:10:14.100] [Part 04] Launching m5.large...
[14:10:14.108] [Part 02] Launching m5.large...
[14:10:14.115] [Part 06] Launching m5.large...
[14:10:14.124] [Part 01] Launching m5.large...
[14:10:31.807] [Part 00] Instance ready. IP: 52.205.197.177
[14:10:31.817] [Part 01] Instance ready. IP: 54.166.205.209
[14:10:31.837] [Part 06] Instance ready. IP: 34.229.117.226
[14:10:31.887] [Part 05] Instance ready. IP: 100.31.83.46
[14:10:31.896] [Part 03] Instance ready. IP: 100.24.30.86
[14:10:31.981] [Part 02] Instance ready. IP: 32.192.48.40
[14:10:32.072] [Part 04] Instance ready. IP: 100.24.11.246
[14:10:32.086] [Part 09] Instance ready. IP: 34.235.121.222
[14:10:32.230] [Part 08] Instance ready. IP: 98.82.203.54
[14:10:32.345] [Part 07] Instance ready. IP: 52.206.138.144
[14:11:03.998] [Part 01] CPU: Intel(R) Xeon(R) Platinum 8259CL CPU @ 2.50GHz
[14:11:04.086] [Part 06] CPU: Intel(R) Xeon(R) Platinum 8175M CPU @ 2.50GHz
[14:11:04.086] [Part 06] WARNING: CPU mismatch! Expected Intel(R) Xeon(R) Platinum 8259CL CPU @ 2.50GHz, got Intel(R) Xeon(R) Platinum 8175M CPU @ 2.50GHz
[14:11:04.137] [Part 05] CPU: Intel(R) Xeon(R) Platinum 8175M CPU @ 2.50GHz
[14:11:04.137] [Part 05] WARNING: CPU mismatch! Expected Intel(R) Xeon(R) Platinum 8259CL CPU @ 2.50GHz, got Intel(R) Xeon(R) Platinum 8175M CPU @ 2.50GHz
[14:11:04.188] [Part 03] CPU: Intel(R) Xeon(R) Platinum 8259CL CPU @ 2.50GHz
[14:11:04.261] [Part 04] CPU: Intel(R) Xeon(R) Platinum 8175M CPU @ 2.50GHz
[14:11:04.261] [Part 04] WARNING: CPU mismatch! Expected Intel(R) Xeon(R) Platinum 8259CL CPU @ 2.50GHz, got Intel(R) Xeon(R) Platinum 8175M CPU @ 2.50GHz
[14:11:04.273] [Part 00] CPU: Intel(R) Xeon(R) Platinum 8259CL CPU @ 2.50GHz
[14:11:04.280] [Part 02] CPU: Intel(R) Xeon(R) Platinum 8175M CPU @ 2.50GHz
[14:11:04.280] [Part 02] WARNING: CPU mismatch! Expected Intel(R) Xeon(R) Platinum 8259CL CPU @ 2.50GHz, got Intel(R) Xeon(R) Platinum 8175M CPU @ 2.50GHz
[14:11:04.352] [Part 09] CPU: Intel(R) Xeon(R) Platinum 8175M CPU @ 2.50GHz
[14:11:04.352] [Part 09] WARNING: CPU mismatch! Expected Intel(R) Xeon(R) Platinum 8259CL CPU @ 2.50GHz, got Intel(R) Xeon(R) Platinum 8175M CPU @ 2.50GHz
[14:11:04.431] [Part 08] CPU: Intel(R) Xeon(R) Platinum 8259CL CPU @ 2.50GHz
[14:11:04.500] [Part 07] CPU: Intel(R) Xeon(R) Platinum 8259CL CPU @ 2.50GHz
[14:11:04.600] [Part 01] Uploading segment...
[14:11:04.668] [Part 06] Uploading segment...
[14:11:04.721] [Part 05] Uploading segment...
[14:11:04.792] [Part 03] Uploading segment...
[14:11:04.861] [Part 02] Uploading segment...
[14:11:04.864] [Part 04] Uploading segment...
[14:11:04.886] [Part 00] Uploading segment...
[14:11:04.937] [Part 09] Uploading segment...
[14:11:05.030] [Part 08] Uploading segment...
[14:11:05.097] [Part 07] Uploading segment...
[14:11:06.552] [Part 05] Running compression...
[14:11:06.580] [Part 01] Running compression...
[14:11:06.728] [Part 06] Running compression...
[14:11:06.763] [Part 03] Running compression...
[14:11:06.910] [Part 02] Running compression...
[14:11:06.999] [Part 00] Running compression...
[14:11:07.025] [Part 09] Running compression...
[14:11:07.217] [Part 07] Running compression...
[14:11:07.542] [Part 04] Running compression...
[14:11:07.568] [Part 08] Running compression...
[14:11:20.418] [Part 05] Done!
[14:11:20.468] [Part 01] Done!
[14:11:20.553] [Part 04] Done!
[14:11:20.566] [Part 08] Done!
[14:11:21.088] [Part 05] Instance terminated.
[14:11:21.103] [Part 01] Instance terminated.
[14:11:21.139] [Part 04] Instance terminated.
[14:11:21.200] [Part 08] Instance terminated.
[14:11:21.553] [Part 00] Done!
[14:11:21.959] [Part 09] Done!
[14:11:22.138] [Part 00] Instance terminated.
[14:11:22.169] [Part 03] Done!
[14:11:22.335] [Part 06] Done!
[14:11:22.482] [Part 02] Done!
[14:11:22.577] [Part 09] Instance terminated.
[14:11:22.868] [Part 03] Instance terminated.
[14:11:22.970] [Part 06] Instance terminated.
[14:11:23.097] [Part 02] Instance terminated.
[14:11:23.132] [Part 07] Done!
[14:11:23.764] [Part 07] Instance terminated.
[14:11:23.769] ============================================================
[14:11:23.769] RESULTS — 10x m5.large Horizontal OPTIMIZED
[14:11:23.769]   Total Time:    72.36s (1.21 min)
[14:11:23.769]   Split Time:    1.58s
[14:11:23.769]   Parallel Time: 70.77s (1.18 min)
[14:11:23.769] ============================================================
