[12:52:17.372] === Phase 3.2 OPTIMIZED Horizontal: 10x m5.large ===
[12:52:17.372] AMI: ami-06c7c20c67513469a (ffmpeg pre-installed)
[12:52:17.372] Codec: libx264, Threads: 5, Max workers: 10
[12:52:17.372] [Setup] Starting video split...
[12:52:17.422] [Setup] Video: 600.0s → 10 parts of 60.0s
[12:52:18.969] [Setup] Video split complete.
[12:52:18.969] [Summary] SPLIT TIME: 1.60s
[12:52:20.007] [Part 06] Launching m5.large...
[12:52:20.059] [Part 01] Launching m5.large...
[12:52:20.071] [Part 05] Launching m5.large...
[12:52:20.085] [Part 04] Launching m5.large...
[12:52:20.090] [Part 03] Launching m5.large...
[12:52:20.102] [Part 07] Launching m5.large...
[12:52:20.115] [Part 02] Launching m5.large...
[12:52:20.125] [Part 00] Launching m5.large...
[12:52:20.128] [Part 08] Launching m5.large...
[12:52:20.137] [Part 09] Launching m5.large...
[12:52:37.732] [Part 04] Instance ready. IP: 18.206.181.249
[12:52:37.744] [Part 05] Instance ready. IP: 54.224.11.125
[12:52:37.758] [Part 02] Instance ready. IP: 98.91.238.107
[12:52:37.811] [Part 09] Instance ready. IP: 54.221.161.177
[12:52:37.816] [Part 07] Instance ready. IP: 100.30.186.237
[12:52:37.821] [Part 00] Instance ready. IP: 100.31.245.114
[12:52:37.826] [Part 08] Instance ready. IP: 3.88.67.243
[12:52:37.888] [Part 06] Instance ready. IP: 52.90.47.7
[12:52:38.149] [Part 03] Instance ready. IP: 18.234.206.185
[12:52:38.472] [Part 01] Instance ready. IP: 100.54.198.149
[12:53:09.860] [Part 05] CPU: Intel(R) Xeon(R) Platinum 8259CL CPU @ 2.50GHz
[12:53:09.944] [Part 04] CPU: Intel(R) Xeon(R) Platinum 8259CL CPU @ 2.50GHz
[12:53:10.022] [Part 07] CPU: Intel(R) Xeon(R) Platinum 8259CL CPU @ 2.50GHz
[12:53:10.025] [Part 02] CPU: Intel(R) Xeon(R) Platinum 8175M CPU @ 2.50GHz
[12:53:10.026] [Part 02] WARNING: CPU mismatch! Expected Intel(R) Xeon(R) Platinum 8259CL CPU @ 2.50GHz, got Intel(R) Xeon(R) Platinum 8175M CPU @ 2.50GHz
[12:53:10.051] [Part 00] CPU: Intel(R) Xeon(R) Platinum 8259CL CPU @ 2.50GHz
[12:53:10.087] [Part 06] CPU: Intel(R) Xeon(R) Platinum 8259CL CPU @ 2.50GHz
[12:53:10.136] [Part 09] CPU: Intel(R) Xeon(R) Platinum 8259CL CPU @ 2.50GHz
[12:53:10.195] [Part 08] CPU: Intel(R) Xeon(R) Platinum 8175M CPU @ 2.50GHz
[12:53:10.195] [Part 08] WARNING: CPU mismatch! Expected Intel(R) Xeon(R) Platinum 8259CL CPU @ 2.50GHz, got Intel(R) Xeon(R) Platinum 8175M CPU @ 2.50GHz
[12:53:10.347] [Part 03] CPU: Intel(R) Xeon(R) Platinum 8259CL CPU @ 2.50GHz
[12:53:10.442] [Part 05] Uploading segment...
[12:53:10.545] [Part 04] Uploading segment...
[12:53:10.603] [Part 01] CPU: Intel(R) Xeon(R) Platinum 8259CL CPU @ 2.50GHz
[12:53:10.609] [Part 02] Uploading segment...
[12:53:10.622] [Part 07] Uploading segment...
[12:53:10.655] [Part 00] Uploading segment...
[12:53:10.672] [Part 06] Uploading segment...
[12:53:10.738] [Part 09] Uploading segment...
[12:53:10.797] [Part 08] Uploading segment...
[12:53:10.929] [Part 03] Uploading segment...
[12:53:11.205] [Part 01] Uploading segment...
[12:53:12.212] [Part 05] Running compression...
[12:53:12.384] [Part 04] Running compression...
[12:53:12.587] [Part 07] Running compression...
[12:53:12.608] [Part 09] Running compression...
[12:53:12.636] [Part 08] Running compression...
[12:53:12.738] [Part 06] Running compression...
[12:53:12.763] [Part 00] Running compression...
[12:53:12.790] [Part 02] Running compression...
[12:53:12.837] [Part 03] Running compression...
[12:53:13.053] [Part 01] Running compression...
[12:53:25.323] [Part 01] Done!
[12:53:25.901] [Part 01] Instance terminated.
[12:53:25.963] [Part 05] Done!
[12:53:26.525] [Part 09] Done!
[12:53:26.552] [Part 05] Instance terminated.
[12:53:26.687] [Part 04] Done!
[12:53:27.128] [Part 00] Done!
[12:53:27.149] [Part 09] Instance terminated.
[12:53:27.255] [Part 08] Done!
[12:53:27.262] [Part 04] Instance terminated.
[12:53:27.707] [Part 00] Instance terminated.
[12:53:27.765] [Part 03] Done!
[12:53:27.803] [Part 07] Done!
[12:53:27.809] [Part 06] Done!
[12:53:27.889] [Part 08] Instance terminated.
[12:53:27.980] [Part 02] Done!
[12:53:28.328] [Part 03] Instance terminated.
[12:53:28.384] [Part 07] Instance terminated.
[12:53:28.402] [Part 06] Instance terminated.
[12:53:28.666] [Part 02] Instance terminated.
[12:53:28.671] ============================================================
[12:53:28.671] RESULTS — 10x m5.large Horizontal OPTIMIZED
[12:53:28.672]   Total Time:    71.30s (1.19 min)
[12:53:28.672]   Split Time:    1.60s
[12:53:28.672]   Parallel Time: 69.70s (1.16 min)
[12:53:28.672] ============================================================
