[10:34:15.962] === Phase 3.2 OPTIMIZED Horizontal: 10x m5.large ===
[10:34:15.962] AMI: ami-06c7c20c67513469a (ffmpeg pre-installed)
[10:34:15.962] Codec: libx264, Threads: 5, Max workers: 10
[10:34:15.962] [Setup] Starting video split...
[10:34:16.010] [Setup] Video: 600.0s → 10 parts of 60.0s
[10:34:17.484] [Setup] Video split complete.
[10:34:17.484] [Summary] SPLIT TIME: 1.52s
[10:34:18.409] [Part 03] Launching m5.large...
[10:34:18.425] [Part 08] Launching m5.large...
[10:34:18.437] [Part 06] Launching m5.large...
[10:34:18.447] [Part 04] Launching m5.large...
[10:34:18.456] [Part 01] Launching m5.large...
[10:34:18.465] [Part 02] Launching m5.large...
[10:34:18.474] [Part 05] Launching m5.large...
[10:34:18.484] [Part 09] Launching m5.large...
[10:34:18.492] [Part 00] Launching m5.large...
[10:34:18.498] [Part 07] Launching m5.large...
[10:34:36.112] [Part 04] Instance ready. IP: 3.81.51.0
[10:34:36.123] [Part 09] Instance ready. IP: 13.218.16.134
[10:34:36.135] [Part 01] Instance ready. IP: 54.156.51.21
[10:34:36.147] [Part 08] Instance ready. IP: 98.86.226.190
[10:34:36.174] [Part 07] Instance ready. IP: 98.91.198.16
[10:34:36.199] [Part 02] Instance ready. IP: 3.93.16.81
[10:34:36.203] [Part 06] Instance ready. IP: 54.172.150.70
[10:34:36.208] [Part 00] Instance ready. IP: 54.198.22.240
[10:34:36.224] [Part 03] Instance ready. IP: 54.242.247.91
[10:34:36.255] [Part 05] Instance ready. IP: 32.192.213.98
[10:35:08.275] [Part 04] CPU: Intel(R) Xeon(R) Platinum 8259CL CPU @ 2.50GHz
[10:35:08.301] [Part 01] CPU: Intel(R) Xeon(R) Platinum 8175M CPU @ 2.50GHz
[10:35:08.302] [Part 01] WARNING: CPU mismatch! Expected Intel(R) Xeon(R) Platinum 8259CL CPU @ 2.50GHz, got Intel(R) Xeon(R) Platinum 8175M CPU @ 2.50GHz
[10:35:08.319] [Part 08] CPU: Intel(R) Xeon(R) Platinum 8259CL CPU @ 2.50GHz
[10:35:08.373] [Part 07] CPU: Intel(R) Xeon(R) Platinum 8259CL CPU @ 2.50GHz
[10:35:08.395] [Part 06] CPU: Intel(R) Xeon(R) Platinum 8259CL CPU @ 2.50GHz
[10:35:08.451] [Part 09] CPU: Intel(R) Xeon(R) Platinum 8175M CPU @ 2.50GHz
[10:35:08.452] [Part 09] WARNING: CPU mismatch! Expected Intel(R) Xeon(R) Platinum 8259CL CPU @ 2.50GHz, got Intel(R) Xeon(R) Platinum 8175M CPU @ 2.50GHz
[10:35:08.487] [Part 03] CPU: Intel(R) Xeon(R) Platinum 8259CL CPU @ 2.50GHz
[10:35:08.491] [Part 02] CPU: Intel(R) Xeon(R) Platinum 8175M CPU @ 2.50GHz
[10:35:08.491] [Part 02] WARNING: CPU mismatch! Expected Intel(R) Xeon(R) Platinum 8259CL CPU @ 2.50GHz, got Intel(R) Xeon(R) Platinum 8175M CPU @ 2.50GHz
[10:35:08.519] [Part 00] CPU: Intel(R) Xeon(R) Platinum 8259CL CPU @ 2.50GHz
[10:35:08.618] [Part 05] CPU: Intel(R) Xeon(R) Platinum 8259CL CPU @ 2.50GHz
[10:35:08.858] [Part 04] Uploading segment...
[10:35:08.884] [Part 01] Uploading segment...
[10:35:08.900] [Part 08] Uploading segment...
[10:35:08.954] [Part 07] Uploading segment...
[10:35:08.977] [Part 06] Uploading segment...
[10:35:09.055] [Part 09] Uploading segment...
[10:35:09.070] [Part 03] Uploading segment...
[10:35:09.072] [Part 02] Uploading segment...
[10:35:09.120] [Part 00] Uploading segment...
[10:35:09.201] [Part 05] Uploading segment...
[10:35:10.797] [Part 01] Running compression...
[10:35:10.813] [Part 08] Running compression...
[10:35:10.862] [Part 07] Running compression...
[10:35:10.922] [Part 04] Running compression...
[10:35:10.942] [Part 03] Running compression...
[10:35:10.993] [Part 00] Running compression...
[10:35:11.043] [Part 09] Running compression...
[10:35:11.122] [Part 02] Running compression...
[10:35:11.253] [Part 05] Running compression...
[10:35:11.683] [Part 06] Running compression...
[10:35:22.461] [Part 01] Done!
[10:35:23.067] [Part 01] Instance terminated.
[10:35:24.340] [Part 08] Done!
[10:35:24.427] [Part 09] Done!
[10:35:24.610] [Part 05] Done!
[10:35:24.828] [Part 04] Done!
[10:35:24.973] [Part 08] Instance terminated.
[10:35:25.162] [Part 03] Done!
[10:35:25.323] [Part 09] Instance terminated.
[10:35:25.335] [Part 00] Done!
[10:35:25.418] [Part 04] Instance terminated.
[10:35:25.765] [Part 07] Done!
[10:35:25.773] [Part 03] Instance terminated.
[10:35:25.909] [Part 00] Instance terminated.
[10:35:26.019] [Part 05] Instance terminated.
[10:35:26.031] [Part 02] Done!
[10:35:26.302] [Part 06] Done!
[10:35:26.349] [Part 07] Instance terminated.
[10:35:26.667] [Part 02] Instance terminated.
[10:35:26.877] [Part 06] Instance terminated.
[10:35:26.885] ============================================================
[10:35:26.885] RESULTS — 10x m5.large Horizontal OPTIMIZED
[10:35:26.886]   Total Time:    70.92s (1.18 min)
[10:35:26.886]   Split Time:    1.52s
[10:35:26.886]   Parallel Time: 69.40s (1.16 min)
[10:35:26.886] ============================================================
