[11:40:45.478] === Phase 3.2 OPTIMIZED Horizontal: 10x m5.large ===
[11:40:45.478] AMI: ami-06c7c20c67513469a (ffmpeg pre-installed)
[11:40:45.478] Codec: libx264, Threads: 5, Max workers: 10
[11:40:45.478] [Setup] Starting video split...
[11:40:45.525] [Setup] Video: 600.0s → 10 parts of 60.0s
[11:40:46.990] [Setup] Video split complete.
[11:40:46.990] [Summary] SPLIT TIME: 1.51s
[11:40:47.894] [Part 03] Launching m5.large...
[11:40:47.910] [Part 04] Launching m5.large...
[11:40:47.921] [Part 07] Launching m5.large...
[11:40:47.934] [Part 06] Launching m5.large...
[11:40:47.945] [Part 05] Launching m5.large...
[11:40:47.958] [Part 01] Launching m5.large...
[11:40:47.966] [Part 00] Launching m5.large...
[11:40:47.973] [Part 08] Launching m5.large...
[11:40:47.982] [Part 02] Launching m5.large...
[11:40:47.988] [Part 09] Launching m5.large...
[11:41:05.738] [Part 01] Instance ready. IP: 54.167.251.131
[11:41:05.743] [Part 02] Instance ready. IP: 98.94.104.57
[11:41:05.748] [Part 05] Instance ready. IP: 3.81.68.231
[11:41:05.790] [Part 09] Instance ready. IP: 3.91.238.62
[11:41:05.867] [Part 06] Instance ready. IP: 54.225.58.122
[11:41:05.871] [Part 04] Instance ready. IP: 54.166.220.92
[11:41:05.926] [Part 07] Instance ready. IP: 54.161.29.199
[11:41:06.062] [Part 00] Instance ready. IP: 54.225.47.169
[11:41:06.090] [Part 03] Instance ready. IP: 54.144.17.56
[11:41:06.095] [Part 08] Instance ready. IP: 13.218.195.216
[11:41:37.829] [Part 07] CPU: Intel(R) Xeon(R) Platinum 8259CL CPU @ 2.50GHz
[11:41:37.886] [Part 01] CPU: Intel(R) Xeon(R) Platinum 8175M CPU @ 2.50GHz
[11:41:37.886] [Part 01] WARNING: CPU mismatch! Expected Intel(R) Xeon(R) Platinum 8259CL CPU @ 2.50GHz, got Intel(R) Xeon(R) Platinum 8175M CPU @ 2.50GHz
[11:41:37.932] [Part 09] CPU: Intel(R) Xeon(R) Platinum 8175M CPU @ 2.50GHz
[11:41:37.933] [Part 09] WARNING: CPU mismatch! Expected Intel(R) Xeon(R) Platinum 8259CL CPU @ 2.50GHz, got Intel(R) Xeon(R) Platinum 8175M CPU @ 2.50GHz
[11:41:37.994] [Part 05] CPU: Intel(R) Xeon(R) Platinum 8175M CPU @ 2.50GHz
[11:41:37.994] [Part 05] WARNING: CPU mismatch! Expected Intel(R) Xeon(R) Platinum 8259CL CPU @ 2.50GHz, got Intel(R) Xeon(R) Platinum 8175M CPU @ 2.50GHz
[11:41:38.010] [Part 02] CPU: Intel(R) Xeon(R) Platinum 8259CL CPU @ 2.50GHz
[11:41:38.052] [Part 06] CPU: Intel(R) Xeon(R) Platinum 8259CL CPU @ 2.50GHz
[11:41:38.108] [Part 00] CPU: Intel(R) Xeon(R) Platinum 8175M CPU @ 2.50GHz
[11:41:38.108] [Part 00] WARNING: CPU mismatch! Expected Intel(R) Xeon(R) Platinum 8259CL CPU @ 2.50GHz, got Intel(R) Xeon(R) Platinum 8175M CPU @ 2.50GHz
[11:41:38.137] [Part 04] CPU: Intel(R) Xeon(R) Platinum 8175M CPU @ 2.50GHz
[11:41:38.137] [Part 04] WARNING: CPU mismatch! Expected Intel(R) Xeon(R) Platinum 8259CL CPU @ 2.50GHz, got Intel(R) Xeon(R) Platinum 8175M CPU @ 2.50GHz
[11:41:38.237] [Part 08] CPU: Intel(R) Xeon(R) Platinum 8175M CPU @ 2.50GHz
[11:41:38.237] [Part 08] WARNING: CPU mismatch! Expected Intel(R) Xeon(R) Platinum 8259CL CPU @ 2.50GHz, got Intel(R) Xeon(R) Platinum 8175M CPU @ 2.50GHz
[11:41:38.270] [Part 07] Uploading segment...
[11:41:38.376] [Part 03] CPU: Intel(R) Xeon(R) Platinum 8175M CPU @ 2.50GHz
[11:41:38.377] [Part 03] WARNING: CPU mismatch! Expected Intel(R) Xeon(R) Platinum 8259CL CPU @ 2.50GHz, got Intel(R) Xeon(R) Platinum 8175M CPU @ 2.50GHz
[11:41:38.486] [Part 01] Uploading segment...
[11:41:38.515] [Part 09] Uploading segment...
[11:41:38.596] [Part 05] Uploading segment...
[11:41:38.613] [Part 02] Uploading segment...
[11:41:38.633] [Part 06] Uploading segment...
[11:41:38.690] [Part 00] Uploading segment...
[11:41:38.739] [Part 04] Uploading segment...
[11:41:38.816] [Part 08] Uploading segment...
[11:41:38.962] [Part 03] Uploading segment...
[11:41:39.776] [Part 07] Running compression...
[11:41:40.318] [Part 09] Running compression...
[11:41:40.327] [Part 01] Running compression...
[11:41:40.495] [Part 02] Running compression...
[11:41:40.496] [Part 00] Running compression...
[11:41:40.589] [Part 05] Running compression...
[11:41:40.694] [Part 06] Running compression...
[11:41:40.726] [Part 04] Running compression...
[11:41:40.752] [Part 03] Running compression...
[11:41:40.847] [Part 08] Running compression...
[11:41:51.721] [Part 09] Done!
[11:41:52.393] [Part 09] Instance terminated.
[11:41:53.116] [Part 01] Done!
[11:41:53.589] [Part 02] Done!
[11:41:53.682] [Part 01] Instance terminated.
[11:41:53.900] [Part 07] Done!
[11:41:54.134] [Part 05] Done!
[11:41:54.194] [Part 02] Instance terminated.
[11:41:54.442] [Part 08] Done!
[11:41:54.535] [Part 07] Instance terminated.
[11:41:54.758] [Part 05] Instance terminated.
[11:41:54.958] [Part 00] Done!
[11:41:55.006] [Part 04] Done!
[11:41:55.031] [Part 08] Instance terminated.
[11:41:55.551] [Part 00] Instance terminated.
[11:41:55.603] [Part 04] Instance terminated.
[11:41:55.620] [Part 03] Done!
[11:41:55.644] [Part 06] Done!
[11:41:56.235] [Part 06] Instance terminated.
[11:41:56.482] [Part 03] Instance terminated.
[11:41:56.485] ============================================================
[11:41:56.486] RESULTS — 10x m5.large Horizontal OPTIMIZED
[11:41:56.487]   Total Time:    71.01s (1.18 min)
[11:41:56.487]   Split Time:    1.51s
[11:41:56.487]   Parallel Time: 69.49s (1.16 min)
[11:41:56.487] ============================================================
