[14:00:22.387] === Phase 3.2 OPTIMIZED Horizontal: 10x m5.large ===
[14:00:22.387] AMI: ami-06c7c20c67513469a (ffmpeg pre-installed)
[14:00:22.387] Codec: libx264, Threads: 5, Max workers: 10
[14:00:22.387] [Setup] Starting video split...
[14:00:22.436] [Setup] Video: 600.0s → 10 parts of 60.0s
[14:00:24.081] [Setup] Video split complete.
[14:00:24.081] [Summary] SPLIT TIME: 1.69s
[14:00:25.210] [Part 07] Launching m5.large...
[14:00:25.216] [Part 02] Launching m5.large...
[14:00:25.221] [Part 09] Launching m5.large...
[14:00:25.235] [Part 05] Launching m5.large...
[14:00:25.245] [Part 01] Launching m5.large...
[14:00:25.254] [Part 04] Launching m5.large...
[14:00:25.265] [Part 00] Launching m5.large...
[14:00:25.274] [Part 06] Launching m5.large...
[14:00:25.281] [Part 08] Launching m5.large...
[14:00:25.291] [Part 03] Launching m5.large...
[14:00:43.276] [Part 02] Instance ready. IP: 18.232.88.204
[14:00:43.343] [Part 00] Instance ready. IP: 13.217.136.18
[14:00:43.482] [Part 05] Instance ready. IP: 100.30.197.204
[14:00:43.513] [Part 03] Instance ready. IP: 100.30.204.69
[14:00:43.615] [Part 08] Instance ready. IP: 32.192.185.243
[14:00:43.630] [Part 09] Instance ready. IP: 34.228.232.174
[14:00:43.785] [Part 07] Instance ready. IP: 184.72.68.162
[14:00:43.796] [Part 01] Instance ready. IP: 13.222.201.27
[14:00:43.802] [Part 04] Instance ready. IP: 54.197.215.165
[14:00:43.821] [Part 06] Instance ready. IP: 3.82.45.121
[14:01:15.393] [Part 02] CPU: Intel(R) Xeon(R) Platinum 8259CL CPU @ 2.50GHz
[14:01:15.446] [Part 00] CPU: Intel(R) Xeon(R) Platinum 8259CL CPU @ 2.50GHz
[14:01:15.630] [Part 05] CPU: Intel(R) Xeon(R) Platinum 8175M CPU @ 2.50GHz
[14:01:15.630] [Part 05] WARNING: CPU mismatch! Expected Intel(R) Xeon(R) Platinum 8259CL CPU @ 2.50GHz, got Intel(R) Xeon(R) Platinum 8175M CPU @ 2.50GHz
[14:01:15.697] [Part 03] CPU: Intel(R) Xeon(R) Platinum 8175M CPU @ 2.50GHz
[14:01:15.697] [Part 03] WARNING: CPU mismatch! Expected Intel(R) Xeon(R) Platinum 8259CL CPU @ 2.50GHz, got Intel(R) Xeon(R) Platinum 8175M CPU @ 2.50GHz
[14:01:15.808] [Part 09] CPU: Intel(R) Xeon(R) Platinum 8259CL CPU @ 2.50GHz
[14:01:15.885] [Part 08] CPU: Intel(R) Xeon(R) Platinum 8175M CPU @ 2.50GHz
[14:01:15.885] [Part 08] WARNING: CPU mismatch! Expected Intel(R) Xeon(R) Platinum 8259CL CPU @ 2.50GHz, got Intel(R) Xeon(R) Platinum 8175M CPU @ 2.50GHz
[14:01:15.893] [Part 01] CPU: Intel(R) Xeon(R) Platinum 8259CL CPU @ 2.50GHz
[14:01:15.974] [Part 02] Uploading segment...
[14:01:15.982] [Part 07] CPU: Intel(R) Xeon(R) Platinum 8259CL CPU @ 2.50GHz
[14:01:16.001] [Part 06] CPU: Intel(R) Xeon(R) Platinum 8259CL CPU @ 2.50GHz
[14:01:16.027] [Part 00] Uploading segment...
[14:01:16.047] [Part 04] CPU: Intel(R) Xeon(R) Platinum 8175M CPU @ 2.50GHz
[14:01:16.047] [Part 04] WARNING: CPU mismatch! Expected Intel(R) Xeon(R) Platinum 8259CL CPU @ 2.50GHz, got Intel(R) Xeon(R) Platinum 8175M CPU @ 2.50GHz
[14:01:16.211] [Part 05] Uploading segment...
[14:01:16.284] [Part 03] Uploading segment...
[14:01:16.410] [Part 09] Uploading segment...
[14:01:16.477] [Part 01] Uploading segment...
[14:01:16.490] [Part 08] Uploading segment...
[14:01:16.585] [Part 06] Uploading segment...
[14:01:16.586] [Part 07] Uploading segment...
[14:01:16.648] [Part 04] Uploading segment...
[14:01:18.181] [Part 02] Running compression...
[14:01:18.265] [Part 05] Running compression...
[14:01:18.338] [Part 00] Running compression...
[14:01:18.516] [Part 03] Running compression...
[14:01:18.619] [Part 09] Running compression...
[14:01:18.748] [Part 08] Running compression...
[14:01:18.785] [Part 04] Running compression...
[14:01:18.799] [Part 01] Running compression...
[14:01:18.831] [Part 07] Running compression...
[14:01:19.457] [Part 06] Running compression...
[14:01:31.947] [Part 08] Done!
[14:01:32.358] [Part 00] Done!
[14:01:32.587] [Part 08] Instance terminated.
[14:01:32.668] [Part 01] Done!
[14:01:32.905] [Part 09] Done!
[14:01:33.053] [Part 00] Instance terminated.
[14:01:33.185] [Part 04] Done!
[14:01:33.293] [Part 01] Instance terminated.
[14:01:33.349] [Part 05] Done!
[14:01:33.575] [Part 09] Instance terminated.
[14:01:33.759] [Part 04] Instance terminated.
[14:01:33.937] [Part 05] Instance terminated.
[14:01:33.957] [Part 07] Done!
[14:01:34.174] [Part 06] Done!
[14:01:34.266] [Part 02] Done!
[14:01:34.554] [Part 07] Instance terminated.
[14:01:34.562] [Part 03] Done!
[14:01:34.752] [Part 06] Instance terminated.
[14:01:34.872] [Part 02] Instance terminated.
[14:01:35.134] [Part 03] Instance terminated.
[14:01:35.142] ============================================================
[14:01:35.142] RESULTS — 10x m5.large Horizontal OPTIMIZED
[14:01:35.142]   Total Time:    72.75s (1.21 min)
[14:01:35.142]   Split Time:    1.69s
[14:01:35.142]   Parallel Time: 71.06s (1.18 min)
[14:01:35.142] ============================================================
