[10:19:21.753] === Phase 3.2 OPTIMIZED Horizontal: 10x m5.large ===
[10:19:21.753] AMI: ami-06c7c20c67513469a (ffmpeg pre-installed)
[10:19:21.753] Codec: libx264, Threads: 5, Max workers: 10
[10:19:21.753] [Setup] Starting video split...
[10:19:21.802] [Setup] Video: 600.0s → 10 parts of 60.0s
[10:19:23.295] [Setup] Video split complete.
[10:19:23.295] [Summary] SPLIT TIME: 1.54s
[10:19:24.307] [Part 06] Launching m5.large...
[10:19:24.346] [Part 03] Launching m5.large...
[10:19:24.360] [Part 05] Launching m5.large...
[10:19:24.375] [Part 01] Launching m5.large...
[10:19:24.379] [Part 02] Launching m5.large...
[10:19:24.387] [Part 08] Launching m5.large...
[10:19:24.396] [Part 09] Launching m5.large...
[10:19:24.404] [Part 04] Launching m5.large...
[10:19:24.412] [Part 00] Launching m5.large...
[10:19:24.422] [Part 07] Launching m5.large...
[10:19:42.149] [Part 08] Instance ready. IP: 54.163.93.246
[10:19:42.172] [Part 04] Instance ready. IP: 98.87.3.129
[10:19:42.212] [Part 03] Instance ready. IP: 18.232.86.210
[10:19:42.229] [Part 07] Instance ready. IP: 54.198.199.138
[10:19:42.246] [Part 02] Instance ready. IP: 98.82.188.61
[10:19:42.291] [Part 09] Instance ready. IP: 54.86.141.175
[10:19:42.300] [Part 06] Instance ready. IP: 54.80.56.40
[10:19:42.307] [Part 01] Instance ready. IP: 35.171.185.92
[10:19:42.614] [Part 00] Instance ready. IP: 100.54.216.229
[10:19:42.634] [Part 05] Instance ready. IP: 3.81.219.27
[10:20:14.034] [Part 08] CPU: Intel(R) Xeon(R) Platinum 8259CL CPU @ 2.50GHz
[10:20:14.306] [Part 04] CPU: Intel(R) Xeon(R) Platinum 8259CL CPU @ 2.50GHz
[10:20:14.324] [Part 07] CPU: Intel(R) Xeon(R) Platinum 8259CL CPU @ 2.50GHz
[10:20:14.372] [Part 03] CPU: Intel(R) Xeon(R) Platinum 8259CL CPU @ 2.50GHz
[10:20:14.448] [Part 02] CPU: Intel(R) Xeon(R) Platinum 8175M CPU @ 2.50GHz
[10:20:14.449] [Part 02] WARNING: CPU mismatch! Expected Intel(R) Xeon(R) Platinum 8259CL CPU @ 2.50GHz, got Intel(R) Xeon(R) Platinum 8175M CPU @ 2.50GHz
[10:20:14.460] [Part 09] CPU: Intel(R) Xeon(R) Platinum 8175M CPU @ 2.50GHz
[10:20:14.460] [Part 09] WARNING: CPU mismatch! Expected Intel(R) Xeon(R) Platinum 8259CL CPU @ 2.50GHz, got Intel(R) Xeon(R) Platinum 8175M CPU @ 2.50GHz
[10:20:14.464] [Part 06] CPU: Intel(R) Xeon(R) Platinum 8175M CPU @ 2.50GHz
[10:20:14.465] [Part 06] WARNING: CPU mismatch! Expected Intel(R) Xeon(R) Platinum 8259CL CPU @ 2.50GHz, got Intel(R) Xeon(R) Platinum 8175M CPU @ 2.50GHz
[10:20:14.497] [Part 08] Uploading segment...
[10:20:14.557] [Part 01] CPU: Intel(R) Xeon(R) Platinum 8175M CPU @ 2.50GHz
[10:20:14.557] [Part 01] WARNING: CPU mismatch! Expected Intel(R) Xeon(R) Platinum 8259CL CPU @ 2.50GHz, got Intel(R) Xeon(R) Platinum 8175M CPU @ 2.50GHz
[10:20:14.845] [Part 00] CPU: Intel(R) Xeon(R) Platinum 8259CL CPU @ 2.50GHz
[10:20:14.850] [Part 05] CPU: Intel(R) Xeon(R) Platinum 8259CL CPU @ 2.50GHz
[10:20:14.888] [Part 04] Uploading segment...
[10:20:14.909] [Part 07] Uploading segment...
[10:20:14.954] [Part 03] Uploading segment...
[10:20:15.033] [Part 02] Uploading segment...
[10:20:15.042] [Part 09] Uploading segment...
[10:20:15.048] [Part 06] Uploading segment...
[10:20:15.159] [Part 01] Uploading segment...
[10:20:15.429] [Part 00] Uploading segment...
[10:20:15.430] [Part 05] Uploading segment...
[10:20:15.780] [Part 08] Running compression...
[10:20:16.717] [Part 04] Running compression...
[10:20:16.737] [Part 07] Running compression...
[10:20:16.742] [Part 09] Running compression...
[10:20:16.743] [Part 03] Running compression...
[10:20:16.931] [Part 02] Running compression...
[10:20:16.981] [Part 06] Running compression...
[10:20:17.026] [Part 01] Running compression...
[10:20:17.219] [Part 00] Running compression...
[10:20:17.366] [Part 05] Running compression...
[10:20:28.661] [Part 08] Done!
[10:20:29.270] [Part 08] Instance terminated.
[10:20:30.135] [Part 09] Done!
[10:20:30.162] [Part 01] Done!
[10:20:30.430] [Part 05] Done!
[10:20:30.782] [Part 04] Done!
[10:20:30.810] [Part 01] Instance terminated.
[10:20:30.818] [Part 09] Instance terminated.
[10:20:31.021] [Part 05] Instance terminated.
[10:20:31.161] [Part 03] Done!
[10:20:31.402] [Part 04] Instance terminated.
[10:20:31.501] [Part 07] Done!
[10:20:31.644] [Part 00] Done!
[10:20:31.798] [Part 03] Instance terminated.
[10:20:32.075] [Part 06] Done!
[10:20:32.096] [Part 02] Done!
[10:20:32.176] [Part 07] Instance terminated.
[10:20:32.214] [Part 00] Instance terminated.
[10:20:32.720] [Part 02] Instance terminated.
[10:20:32.754] [Part 06] Instance terminated.
[10:20:32.759] ============================================================
[10:20:32.759] RESULTS — 10x m5.large Horizontal OPTIMIZED
[10:20:32.759]   Total Time:    71.01s (1.18 min)
[10:20:32.759]   Split Time:    1.54s
[10:20:32.759]   Parallel Time: 69.46s (1.16 min)
[10:20:32.759] ============================================================
