[12:30:12.934] === Phase 3.2 OPTIMIZED Serial: 1x m5.large ===
[12:30:12.934] AMI: ami-06c7c20c67513469a (ffmpeg pre-installed)
[12:30:12.934] Codec: libx264, Threads: 5, Preset: slow
[12:30:12.934] [m5.large-Serial-OPT] Launching EC2 instance...
[12:30:14.812] [m5.large-Serial-OPT] Instance i-024aea605c622589f launched. Waiting...
[12:30:30.614] [m5.large-Serial-OPT] Instance ready. IP: 52.90.121.200
[12:31:01.719] [m5.large-Serial-OPT] SSH connected.
[12:31:02.779] [m5.large-Serial-OPT] CPU: Intel(R) Xeon(R) Platinum 8175M CPU @ 2.50GHz
[12:31:02.779] [m5.large-Serial-OPT] WARNING: CPU mismatch! Expected Intel(R) Xeon(R) Platinum 8259CL CPU @ 2.50GHz, got Intel(R) Xeon(R) Platinum 8175M CPU @ 2.50GHz
[12:31:02.779] [m5.large-Serial-OPT] Uploading 10-minute video...
[12:31:11.266] [m5.large-Serial-OPT] Upload complete.
[12:31:11.266] [m5.large-Serial-OPT] SETUP TIME: 58.33s (0.97 min)
[12:31:11.266] [m5.large-Serial-OPT] Running: ffmpeg -i /home/ubuntu/input.mp4 -c:v libx264 -preset slow -b:v 2M -threads 5 -y /home/ubuntu/output.mp4
[12:32:56.447] [m5.large-Serial-OPT] ENCODING TIME: 105.18s (1.75 min)
[12:32:57.485] [m5.large-Serial-OPT] Instance terminated.
[12:32:57.485] [m5.large-Serial-OPT] ============================================================
[12:32:57.485] [m5.large-Serial-OPT] RESULTS — m5.large Serial OPTIMIZED
[12:32:57.485] [m5.large-Serial-OPT]   Total Time:    163.51s (2.73 min)
[12:32:57.485] [m5.large-Serial-OPT]   Setup Time:    58.33s (0.97 min)
[12:32:57.485] [m5.large-Serial-OPT]   Encoding Time: 105.18s (1.75 min)
[12:32:57.485] [m5.large-Serial-OPT]   Setup %:       35.7%
[12:32:57.486] [m5.large-Serial-OPT] ============================================================
