[21:32:18.467] === Phase 3.2 Horizontal Scaling: 10x m5.large ===
[21:32:18.468] Codec: libx264, Threads: 5, Preset: slow
[21:32:18.468] Max concurrent workers: 5
[21:32:18.468] [Setup] Starting video split...
[21:32:18.532] [Setup] Video duration: 600.0s, splitting into 10 parts of 60.0s each
[21:32:18.626] [Setup]   Part 00 created
[21:32:18.750] [Setup]   Part 01 created
[21:32:18.877] [Setup]   Part 02 created
[21:32:19.018] [Setup]   Part 03 created
[21:32:19.182] [Setup]   Part 04 created
[21:32:19.364] [Setup]   Part 05 created
[21:32:19.592] [Setup]   Part 06 created
[21:32:19.814] [Setup]   Part 07 created
[21:32:20.096] [Setup]   Part 08 created
[21:32:20.425] [Setup]   Part 09 created
[21:32:20.426] [Setup] Video split complete.
[21:32:20.426] [Summary] SPLIT TIME: 1.96s
[21:32:21.126] [Part 00] Launching m5.large...
[21:32:21.173] [Part 03] Launching m5.large...
[21:32:21.187] [Part 01] Launching m5.large...
[21:32:21.198] [Part 04] Launching m5.large...
[21:32:21.210] [Part 02] Launching m5.large...
[21:32:38.624] [Part 00] Instance ready. IP: 3.87.31.52
[21:32:38.823] [Part 01] Instance ready. IP: 54.159.79.163
[21:32:38.857] [Part 03] Instance ready. IP: 18.234.42.110
[21:32:38.876] [Part 02] Instance ready. IP: 52.203.211.165
[21:32:38.939] [Part 04] Instance ready. IP: 34.239.143.8
[21:33:09.626] [Part 00] Installing ffmpeg...
[21:33:09.684] [Part 01] Installing ffmpeg...
[21:33:09.718] [Part 03] Installing ffmpeg...
[21:33:09.832] [Part 04] Installing ffmpeg...
[21:33:09.923] [Part 02] Installing ffmpeg...
[21:33:46.338] [Part 02] ffmpeg installed.
[21:33:46.484] [Part 03] ffmpeg installed.
[21:33:46.546] [Part 00] ffmpeg installed.
[21:33:46.795] [Part 02] CPU: Intel(R) Xeon(R) Platinum 8259CL CPU @ 2.50GHz
[21:33:46.862] [Part 03] CPU: Intel(R) Xeon(R) Platinum 8259CL CPU @ 2.50GHz
[21:33:46.980] [Part 00] CPU: Intel(R) Xeon(R) Platinum 8259CL CPU @ 2.50GHz
[21:33:47.030] [Part 01] ffmpeg installed.
[21:33:47.335] [Part 03] Uploading segment...
[21:33:47.355] [Part 02] Uploading segment...
[21:33:47.411] [Part 01] CPU: Intel(R) Xeon(R) Platinum 8175M CPU @ 2.50GHz
[21:33:47.411] [Part 01] WARNING: CPU mismatch! Expected Intel(R) Xeon(R) Platinum 8259CL CPU @ 2.50GHz, got Intel(R) Xeon(R) Platinum 8175M CPU @ 2.50GHz
[21:33:47.511] [Part 04] ffmpeg installed.
[21:33:47.521] [Part 00] Uploading segment...
[21:33:47.880] [Part 01] Uploading segment...
[21:33:47.908] [Part 04] CPU: Intel(R) Xeon(R) Platinum 8259CL CPU @ 2.50GHz
[21:33:48.392] [Part 04] Uploading segment...
[21:33:48.635] [Part 03] Running compression...
[21:33:49.050] [Part 02] Running compression...
[21:33:49.199] [Part 00] Running compression...
[21:33:49.428] [Part 01] Running compression...
[21:33:49.887] [Part 04] Running compression...
[21:33:50.100] [Part 01] ERROR: FFmpeg failed: )
Press [q] to stop, [?] for help
Too many packets buffered for output stream 0:1.
[aac @ 0x557e2b6f9820] Qavg: 205.539
[aac @ 0x557e2b6f9820] 2 frames left in the queue on closing
Conversion failed!

[21:33:50.558] [Part 04] ERROR: FFmpeg failed: )
Press [q] to stop, [?] for help
Too many packets buffered for output stream 0:1.
[aac @ 0x558c80570280] Qavg: 218.592
[aac @ 0x558c80570280] 2 frames left in the queue on closing
Conversion failed!

[21:33:51.223] [Part 01] Instance terminated.
[21:33:51.229] [Part 05] Launching m5.large...
[21:33:51.495] [Part 04] Instance terminated.
[21:33:51.503] [Part 06] Launching m5.large...
[21:34:03.128] [Part 03] Done!
[21:34:03.950] [Part 00] Done!
[21:34:04.050] [Part 03] Instance terminated.
[21:34:04.059] [Part 07] Launching m5.large...
[21:34:04.309] [Part 02] Done!
[21:34:04.858] [Part 00] Instance terminated.
[21:34:04.869] [Part 08] Launching m5.large...
[21:34:05.620] [Part 02] Instance terminated.
[21:34:05.627] [Part 09] Launching m5.large...
[21:34:09.067] [Part 05] Instance ready. IP: 3.81.2.124
[21:34:09.349] [Part 06] Instance ready. IP: 3.94.113.160
[21:34:21.864] [Part 07] Instance ready. IP: 107.22.71.93
[21:34:22.600] [Part 08] Instance ready. IP: 54.224.233.147
[21:34:23.358] [Part 09] Instance ready. IP: 34.228.235.253
[21:34:40.085] [Part 05] Installing ffmpeg...
[21:34:40.340] [Part 06] Installing ffmpeg...
[21:34:52.725] [Part 07] Installing ffmpeg...
[21:34:53.462] [Part 08] Installing ffmpeg...
[21:34:54.219] [Part 09] Installing ffmpeg...
[21:35:17.285] [Part 05] ffmpeg installed.
[21:35:17.720] [Part 05] CPU: Intel(R) Xeon(R) Platinum 8175M CPU @ 2.50GHz
[21:35:17.720] [Part 05] WARNING: CPU mismatch! Expected Intel(R) Xeon(R) Platinum 8259CL CPU @ 2.50GHz, got Intel(R) Xeon(R) Platinum 8175M CPU @ 2.50GHz
[21:35:18.241] [Part 06] ffmpeg installed.
[21:35:18.261] [Part 05] Uploading segment...
[21:35:18.676] [Part 06] CPU: Intel(R) Xeon(R) Platinum 8175M CPU @ 2.50GHz
[21:35:18.676] [Part 06] WARNING: CPU mismatch! Expected Intel(R) Xeon(R) Platinum 8259CL CPU @ 2.50GHz, got Intel(R) Xeon(R) Platinum 8175M CPU @ 2.50GHz
[21:35:19.216] [Part 06] Uploading segment...
[21:35:19.893] [Part 05] Running compression...
[21:35:20.847] [Part 06] Running compression...
[21:35:29.764] [Part 07] ffmpeg installed.
[21:35:30.146] [Part 07] CPU: Intel(R) Xeon(R) Platinum 8175M CPU @ 2.50GHz
[21:35:30.146] [Part 07] WARNING: CPU mismatch! Expected Intel(R) Xeon(R) Platinum 8259CL CPU @ 2.50GHz, got Intel(R) Xeon(R) Platinum 8175M CPU @ 2.50GHz
[21:35:30.614] [Part 07] Uploading segment...
[21:35:30.632] [Part 08] ffmpeg installed.
[21:35:31.013] [Part 08] CPU: Intel(R) Xeon(R) Platinum 8175M CPU @ 2.50GHz
[21:35:31.013] [Part 08] WARNING: CPU mismatch! Expected Intel(R) Xeon(R) Platinum 8259CL CPU @ 2.50GHz, got Intel(R) Xeon(R) Platinum 8175M CPU @ 2.50GHz
[21:35:31.478] [Part 08] Uploading segment...
[21:35:31.490] [Part 09] ffmpeg installed.
[21:35:31.872] [Part 09] CPU: Intel(R) Xeon(R) Platinum 8175M CPU @ 2.50GHz
[21:35:31.872] [Part 09] WARNING: CPU mismatch! Expected Intel(R) Xeon(R) Platinum 8259CL CPU @ 2.50GHz, got Intel(R) Xeon(R) Platinum 8175M CPU @ 2.50GHz
[21:35:32.009] [Part 07] Running compression...
[21:35:32.337] [Part 09] Uploading segment...
[21:35:32.866] [Part 08] Running compression...
[21:35:33.728] [Part 09] Running compression...
[21:35:34.235] [Part 05] Done!
[21:35:35.092] [Part 05] Instance terminated.
[21:35:36.044] [Part 06] Done!
[21:35:36.874] [Part 06] Instance terminated.
[21:35:46.487] [Part 08] Done!
[21:35:47.381] [Part 08] Instance terminated.
[21:35:47.493] [Part 07] Done!
[21:35:47.973] [Part 09] Done!
[21:35:48.360] [Part 07] Instance terminated.
[21:35:48.851] [Part 09] Instance terminated.
[21:35:48.853] ============================================================
[21:35:48.853] RESULTS — 10x m5.large Horizontal
[21:35:48.853]   Total Time:    210.39s (3.51 min)
[21:35:48.853]   Split Time:    1.96s
[21:35:48.853]   Parallel Time: 208.43s (3.47 min)
[21:35:48.853] ============================================================
