[12:35:44.107] === Phase 3.2 OPTIMIZED Horizontal: 10x m5.large ===
[12:35:44.107] AMI: ami-06c7c20c67513469a (ffmpeg pre-installed)
[12:35:44.107] Codec: libx264, Threads: 5, Max workers: 10
[12:35:44.107] [Setup] Starting video split...
[12:35:44.158] [Setup] Video: 600.0s → 10 parts of 60.0s
[12:35:45.669] [Setup] Video split complete.
[12:35:45.669] [Summary] SPLIT TIME: 1.56s
[12:35:46.778] [Part 01] Launching m5.large...
[12:35:46.784] [Part 05] Launching m5.large...
[12:35:46.794] [Part 06] Launching m5.large...
[12:35:46.807] [Part 04] Launching m5.large...
[12:35:46.819] [Part 09] Launching m5.large...
[12:35:46.828] [Part 08] Launching m5.large...
[12:35:46.839] [Part 02] Launching m5.large...
[12:35:46.848] [Part 07] Launching m5.large...
[12:35:46.860] [Part 03] Launching m5.large...
[12:35:46.864] [Part 00] Launching m5.large...
[12:36:04.869] [Part 08] Instance ready. IP: 54.147.188.156
[12:36:04.879] [Part 03] Instance ready. IP: 54.198.150.133
[12:36:04.897] [Part 04] Instance ready. IP: 50.19.168.3
[12:36:04.920] [Part 07] Instance ready. IP: 54.167.242.106
[12:36:04.971] [Part 09] Instance ready. IP: 100.30.184.57
[12:36:04.978] [Part 00] Instance ready. IP: 34.229.111.169
[12:36:05.278] [Part 06] Instance ready. IP: 3.88.38.59
[12:36:05.304] [Part 02] Instance ready. IP: 18.212.143.247
[12:36:05.310] [Part 05] Instance ready. IP: 34.229.59.41
[12:36:05.332] [Part 01] Instance ready. IP: 54.144.12.106
[12:36:37.033] [Part 03] CPU: Intel(R) Xeon(R) Platinum 8259CL CPU @ 2.50GHz
[12:36:37.054] [Part 08] CPU: Intel(R) Xeon(R) Platinum 8259CL CPU @ 2.50GHz
[12:36:37.076] [Part 07] CPU: Intel(R) Xeon(R) Platinum 8259CL CPU @ 2.50GHz
[12:36:37.116] [Part 04] CPU: Intel(R) Xeon(R) Platinum 8259CL CPU @ 2.50GHz
[12:36:37.139] [Part 00] CPU: Intel(R) Xeon(R) Platinum 8259CL CPU @ 2.50GHz
[12:36:37.259] [Part 09] CPU: Intel(R) Xeon(R) Platinum 8259CL CPU @ 2.50GHz
[12:36:37.462] [Part 02] CPU: Intel(R) Xeon(R) Platinum 8259CL CPU @ 2.50GHz[12:36:37.463] [Part 05] CPU: Intel(R) Xeon(R) Platinum 8259CL CPU @ 2.50GHz

[12:36:37.517] [Part 06] CPU: Intel(R) Xeon(R) Platinum 8259CL CPU @ 2.50GHz
[12:36:37.600] [Part 01] CPU: Intel(R) Xeon(R) Platinum 8259CL CPU @ 2.50GHz
[12:36:37.615] [Part 03] Uploading segment...
[12:36:37.638] [Part 08] Uploading segment...
[12:36:37.656] [Part 07] Uploading segment...
[12:36:37.699] [Part 04] Uploading segment...
[12:36:37.723] [Part 00] Uploading segment...
[12:36:37.861] [Part 09] Uploading segment...
[12:36:38.043] [Part 02] Uploading segment...
[12:36:38.047] [Part 05] Uploading segment...
[12:36:38.100] [Part 06] Uploading segment...
[12:36:38.185] [Part 01] Uploading segment...
[12:36:39.487] [Part 04] Running compression...
[12:36:39.517] [Part 03] Running compression...
[12:36:39.549] [Part 08] Running compression...
[12:36:39.703] [Part 07] Running compression...
[12:36:39.774] [Part 00] Running compression...
[12:36:39.854] [Part 09] Running compression...
[12:36:40.022] [Part 06] Running compression...
[12:36:40.106] [Part 05] Running compression...
[12:36:40.107] [Part 01] Running compression...
[12:36:40.241] [Part 02] Running compression...
[12:36:53.355] [Part 01] Done!
[12:36:53.499] [Part 06] Done!
[12:36:53.964] [Part 01] Instance terminated.
[12:36:54.008] [Part 03] Done!
[12:36:54.049] [Part 09] Done!
[12:36:54.061] [Part 06] Instance terminated.
[12:36:54.204] [Part 04] Done!
[12:36:54.239] [Part 05] Done!
[12:36:54.453] [Part 08] Done!
[12:36:54.574] [Part 00] Done!
[12:36:54.632] [Part 03] Instance terminated.
[12:36:54.663] [Part 09] Instance terminated.
[12:36:54.770] [Part 04] Instance terminated.
[12:36:54.810] [Part 05] Instance terminated.
[12:36:55.026] [Part 07] Done!
[12:36:55.035] [Part 08] Instance terminated.
[12:36:55.164] [Part 00] Instance terminated.
[12:36:55.636] [Part 07] Instance terminated.
[12:36:55.715] [Part 02] Done!
[12:36:56.318] [Part 02] Instance terminated.
[12:36:56.326] ============================================================
[12:36:56.326] RESULTS — 10x m5.large Horizontal OPTIMIZED
[12:36:56.326]   Total Time:    72.22s (1.20 min)
[12:36:56.327]   Split Time:    1.56s
[12:36:56.327]   Parallel Time: 70.66s (1.18 min)
[12:36:56.327] ============================================================
