[21:43:45.803] === Phase 3.2 Horizontal Scaling: 10x m5.large ===
[21:43:45.804] Codec: libx264, Threads: 5, Preset: slow
[21:43:45.804] Max concurrent workers: 5
[21:43:45.804] [Setup] Starting video split...
[21:43:45.870] [Setup] Video duration: 600.0s, splitting into 10 parts of 60.0s each
[21:43:45.966] [Setup]   Part 00 created
[21:43:46.093] [Setup]   Part 01 created
[21:43:46.233] [Setup]   Part 02 created
[21:43:46.395] [Setup]   Part 03 created
[21:43:46.575] [Setup]   Part 04 created
[21:43:46.756] [Setup]   Part 05 created
[21:43:46.960] [Setup]   Part 06 created
[21:43:47.182] [Setup]   Part 07 created
[21:43:47.425] [Setup]   Part 08 created
[21:43:47.741] [Setup]   Part 09 created
[21:43:47.742] [Setup] Video split complete.
[21:43:47.742] [Summary] SPLIT TIME: 1.94s
[21:43:48.485] [Part 04] Launching m5.large...
[21:43:48.504] [Part 02] Launching m5.large...
[21:43:48.515] [Part 01] Launching m5.large...
[21:43:48.525] [Part 00] Launching m5.large...
[21:43:48.534] [Part 03] Launching m5.large...
[21:44:05.985] [Part 01] Instance ready. IP: 98.83.155.129
[21:44:06.076] [Part 02] Instance ready. IP: 54.89.127.229
[21:44:06.222] [Part 04] Instance ready. IP: 54.198.231.93
[21:44:06.296] [Part 03] Instance ready. IP: 54.152.220.173
[21:44:06.311] [Part 00] Instance ready. IP: 54.162.192.245
[21:44:36.861] [Part 01] Installing ffmpeg...
[21:44:36.958] [Part 02] Installing ffmpeg...
[21:44:37.081] [Part 04] Installing ffmpeg...
[21:44:37.117] [Part 00] Installing ffmpeg...
[21:44:37.178] [Part 03] Installing ffmpeg...
[21:45:13.411] [Part 00] ffmpeg installed.
[21:45:13.772] [Part 00] CPU: Intel(R) Xeon(R) Platinum 8259CL CPU @ 2.50GHz
[21:45:14.008] [Part 04] ffmpeg installed.
[21:45:14.069] [Part 03] ffmpeg installed.
[21:45:14.145] [Part 02] ffmpeg installed.
[21:45:14.211] [Part 00] Uploading segment...
[21:45:14.326] [Part 01] ffmpeg installed.
[21:45:14.387] [Part 04] CPU: Intel(R) Xeon(R) Platinum 8175M CPU @ 2.50GHz
[21:45:14.387] [Part 04] WARNING: CPU mismatch! Expected Intel(R) Xeon(R) Platinum 8259CL CPU @ 2.50GHz, got Intel(R) Xeon(R) Platinum 8175M CPU @ 2.50GHz
[21:45:14.449] [Part 03] CPU: Intel(R) Xeon(R) Platinum 8259CL CPU @ 2.50GHz
[21:45:14.526] [Part 02] CPU: Intel(R) Xeon(R) Platinum 8259CL CPU @ 2.50GHz
[21:45:14.707] [Part 01] CPU: Intel(R) Xeon(R) Platinum 8259CL CPU @ 2.50GHz
[21:45:14.852] [Part 04] Uploading segment...
[21:45:14.918] [Part 03] Uploading segment...
[21:45:15.006] [Part 02] Uploading segment...
[21:45:15.174] [Part 01] Uploading segment...
[21:45:15.511] [Part 00] Running compression...
[21:45:16.185] [Part 04] Running compression...
[21:45:16.317] [Part 03] Running compression...
[21:45:16.399] [Part 02] Running compression...
[21:45:16.569] [Part 01] Running compression...
[21:45:16.862] [Part 04] ERROR: FFmpeg failed: )
Press [q] to stop, [?] for help
Too many packets buffered for output stream 0:1.
[aac @ 0x563c8d632280] Qavg: 218.592
[aac @ 0x563c8d632280] 2 frames left in the queue on closing
Conversion failed!

[21:45:17.240] [Part 01] ERROR: FFmpeg failed: )
Press [q] to stop, [?] for help
Too many packets buffered for output stream 0:1.
[aac @ 0x564c799a7820] Qavg: 205.539
[aac @ 0x564c799a7820] 2 frames left in the queue on closing
Conversion failed!

[21:45:17.799] [Part 04] Instance terminated.
[21:45:17.805] [Part 05] Launching m5.large...
[21:45:18.147] [Part 01] Instance terminated.
[21:45:18.153] [Part 06] Launching m5.large...
[21:45:29.494] [Part 00] Done!
[21:45:30.413] [Part 00] Instance terminated.
[21:45:30.419] [Part 07] Launching m5.large...
[21:45:30.709] [Part 03] Done!
[21:45:31.154] [Part 02] Done!
[21:45:31.661] [Part 03] Instance terminated.
[21:45:31.669] [Part 08] Launching m5.large...
[21:45:32.076] [Part 02] Instance terminated.
[21:45:32.085] [Part 09] Launching m5.large...
[21:45:35.608] [Part 06] Instance ready. IP: 54.210.72.232
[21:45:35.622] [Part 05] Instance ready. IP: 54.89.107.221
[21:45:48.091] [Part 07] Instance ready. IP: 54.152.74.71
[21:45:49.167] [Part 08] Instance ready. IP: 98.93.163.100
[21:45:49.746] [Part 09] Instance ready. IP: 52.87.199.47
[21:46:06.472] [Part 06] Installing ffmpeg...
[21:46:06.516] [Part 05] Installing ffmpeg...
[21:46:18.984] [Part 07] Installing ffmpeg...
[21:46:20.031] [Part 08] Installing ffmpeg...
[21:46:20.610] [Part 09] Installing ffmpeg...
[21:46:42.733] [Part 06] ffmpeg installed.
[21:46:43.114] [Part 06] CPU: Intel(R) Xeon(R) Platinum 8259CL CPU @ 2.50GHz
[21:46:43.580] [Part 06] Uploading segment...
[21:46:43.780] [Part 05] ffmpeg installed.
[21:46:44.178] [Part 05] CPU: Intel(R) Xeon(R) Platinum 8259CL CPU @ 2.50GHz
[21:46:44.667] [Part 05] Uploading segment...
[21:46:44.881] [Part 06] Running compression...
[21:46:46.136] [Part 05] Running compression...
[21:46:56.101] [Part 07] ffmpeg installed.
[21:46:56.496] [Part 07] CPU: Intel(R) Xeon(R) Platinum 8175M CPU @ 2.50GHz
[21:46:56.496] [Part 07] WARNING: CPU mismatch! Expected Intel(R) Xeon(R) Platinum 8259CL CPU @ 2.50GHz, got Intel(R) Xeon(R) Platinum 8175M CPU @ 2.50GHz
[21:46:56.802] [Part 09] ffmpeg installed.
[21:46:56.869] [Part 08] ffmpeg installed.
[21:46:56.981] [Part 07] Uploading segment...
[21:46:57.184] [Part 09] CPU: Intel(R) Xeon(R) Platinum 8259CL CPU @ 2.50GHz
[21:46:57.248] [Part 08] CPU: Intel(R) Xeon(R) Platinum 8259CL CPU @ 2.50GHz
[21:46:57.650] [Part 09] Uploading segment...
[21:46:57.714] [Part 08] Uploading segment...
[21:46:58.483] [Part 07] Running compression...
[21:46:59.049] [Part 09] Running compression...
[21:46:59.121] [Part 08] Running compression...
[21:46:59.656] [Part 06] Done!
[21:47:00.288] [Part 05] Done!
[21:47:00.568] [Part 06] Instance terminated.
[21:47:01.224] [Part 05] Instance terminated.
[21:47:12.793] [Part 08] Done!
[21:47:13.034] [Part 09] Done!
[21:47:13.713] [Part 08] Instance terminated.
[21:47:13.935] [Part 09] Instance terminated.
[21:47:14.031] [Part 07] Done!
[21:47:14.933] [Part 07] Instance terminated.
[21:47:14.934] ============================================================
[21:47:14.935] RESULTS — 10x m5.large Horizontal
[21:47:14.935]   Total Time:    209.13s (3.49 min)
[21:47:14.935]   Split Time:    1.94s
[21:47:14.935]   Parallel Time: 207.19s (3.45 min)
[21:47:14.935] ============================================================
