[22:37:16.350] === Phase 3.2 Serial Baseline: 1x m5.large ===
[22:37:16.350] Codec: libx264, Threads: 5, Preset: slow
[22:37:16.350] Video: /home/breno/doutorado/ec2sweetspot_noms/ec2sweetspot_noms/artifacts/test_videos/video_repetido_10min.mp4
[22:37:16.350] [m5.large-Serial] Launching EC2 instance...
[22:37:18.281] [m5.large-Serial] Instance i-0c3779994ffedd50a launched. Waiting...
[22:37:34.252] [m5.large-Serial] Instance ready. IP: 184.73.36.236
[22:38:05.113] [m5.large-Serial] SSH connected.
[22:38:05.113] [m5.large-Serial] Installing ffmpeg...
[22:38:42.143] [m5.large-Serial] ffmpeg installed.
[22:38:42.521] [m5.large-Serial] CPU: Intel(R) Xeon(R) Platinum 8175M CPU @ 2.50GHz
[22:38:42.521] [m5.large-Serial] WARNING: CPU mismatch! Expected Intel(R) Xeon(R) Platinum 8259CL CPU @ 2.50GHz, got Intel(R) Xeon(R) Platinum 8175M CPU @ 2.50GHz
[22:38:42.522] [m5.large-Serial] Uploading 10-minute video...
[22:38:49.277] [m5.large-Serial] Upload complete.
[22:38:49.277] [m5.large-Serial] SETUP TIME: 92.93s (1.55 min)
[22:38:49.277] [m5.large-Serial] Running: ffmpeg -i /home/ubuntu/input.mp4 -c:v libx264 -preset slow -b:v 2M -threads 5 -y /home/ubuntu/output.mp4
[22:40:44.048] [m5.large-Serial] ENCODING TIME: 114.77s (1.91 min)
[22:40:44.982] [m5.large-Serial] Instance terminated.
[22:40:44.982] [m5.large-Serial] ============================================================
[22:40:44.982] [m5.large-Serial] RESULTS — m5.large Serial
[22:40:44.982] [m5.large-Serial]   Total Time:    207.70s (3.46 min)
[22:40:44.982] [m5.large-Serial]   Setup Time:    92.93s (1.55 min)
[22:40:44.982] [m5.large-Serial]   Encoding Time: 114.77s (1.91 min)
[22:40:44.982] [m5.large-Serial]   Setup %:       44.7%
[22:40:44.982] [m5.large-Serial] ============================================================
