[10:28:48.000] === Phase 3.2 OPTIMIZED Horizontal: 10x m5.large ===
[10:28:48.000] AMI: ami-06c7c20c67513469a (ffmpeg pre-installed)
[10:28:48.000] Codec: libx264, Threads: 5, Max workers: 10
[10:28:48.000] [Setup] Starting video split...
[10:28:48.047] [Setup] Video: 600.0s → 10 parts of 60.0s
[10:28:49.522] [Setup] Video split complete.
[10:28:49.522] [Summary] SPLIT TIME: 1.52s
[10:28:50.434] [Part 08] Launching m5.large...[10:28:50.435] [Part 02] Launching m5.large...

[10:28:50.448] [Part 07] Launching m5.large...
[10:28:50.464] [Part 00] Launching m5.large...
[10:28:50.472] [Part 04] Launching m5.large...
[10:28:50.482] [Part 06] Launching m5.large...
[10:28:50.491] [Part 03] Launching m5.large...
[10:28:50.500] [Part 01] Launching m5.large...
[10:28:50.508] [Part 05] Launching m5.large...
[10:28:50.514] [Part 09] Launching m5.large...
[10:29:08.106] [Part 07] Instance ready. IP: 34.227.96.133
[10:29:08.111] [Part 00] Instance ready. IP: 23.20.193.121
[10:29:08.118] [Part 05] Instance ready. IP: 3.85.223.73
[10:29:08.126] [Part 02] Instance ready. IP: 54.209.98.120
[10:29:08.138] [Part 08] Instance ready. IP: 54.152.88.177
[10:29:08.178] [Part 04] Instance ready. IP: 52.55.105.153
[10:29:08.183] [Part 09] Instance ready. IP: 23.22.83.14
[10:29:08.216] [Part 01] Instance ready. IP: 54.174.69.87
[10:29:08.220] [Part 03] Instance ready. IP: 3.95.249.181
[10:29:08.542] [Part 06] Instance ready. IP: 3.84.96.178
[10:29:39.814] [Part 04] CPU: Intel(R) Xeon(R) Platinum 8259CL CPU @ 2.50GHz
[10:29:40.230] [Part 07] CPU: Intel(R) Xeon(R) Platinum 8175M CPU @ 2.50GHz
[10:29:40.230] [Part 07] WARNING: CPU mismatch! Expected Intel(R) Xeon(R) Platinum 8259CL CPU @ 2.50GHz, got Intel(R) Xeon(R) Platinum 8175M CPU @ 2.50GHz
[10:29:40.319] [Part 02] CPU: Intel(R) Xeon(R) Platinum 8175M CPU @ 2.50GHz
[10:29:40.319] [Part 02] WARNING: CPU mismatch! Expected Intel(R) Xeon(R) Platinum 8259CL CPU @ 2.50GHz, got Intel(R) Xeon(R) Platinum 8175M CPU @ 2.50GHz
[10:29:40.325] [Part 05] CPU: Intel(R) Xeon(R) Platinum 8259CL CPU @ 2.50GHz
[10:29:40.346] [Part 08] CPU: Intel(R) Xeon(R) Platinum 8259CL CPU @ 2.50GHz
[10:29:40.394] [Part 04] Uploading segment...
[10:29:40.412] [Part 03] CPU: Intel(R) Xeon(R) Platinum 8259CL CPU @ 2.50GHz
[10:29:40.428] [Part 00] CPU: Intel(R) Xeon(R) Platinum 8175M CPU @ 2.50GHz
[10:29:40.428] [Part 00] WARNING: CPU mismatch! Expected Intel(R) Xeon(R) Platinum 8259CL CPU @ 2.50GHz, got Intel(R) Xeon(R) Platinum 8175M CPU @ 2.50GHz
[10:29:40.431] [Part 01] CPU: Intel(R) Xeon(R) Platinum 8259CL CPU @ 2.50GHz
[10:29:40.475] [Part 09] CPU: Intel(R) Xeon(R) Platinum 8175M CPU @ 2.50GHz
[10:29:40.476] [Part 09] WARNING: CPU mismatch! Expected Intel(R) Xeon(R) Platinum 8259CL CPU @ 2.50GHz, got Intel(R) Xeon(R) Platinum 8175M CPU @ 2.50GHz
[10:29:40.787] [Part 06] CPU: Intel(R) Xeon(R) Platinum 8175M CPU @ 2.50GHz
[10:29:40.787] [Part 06] WARNING: CPU mismatch! Expected Intel(R) Xeon(R) Platinum 8259CL CPU @ 2.50GHz, got Intel(R) Xeon(R) Platinum 8175M CPU @ 2.50GHz
[10:29:40.813] [Part 07] Uploading segment...
[10:29:40.906] [Part 05] Uploading segment...
[10:29:40.926] [Part 02] Uploading segment...
[10:29:40.948] [Part 08] Uploading segment...
[10:29:40.995] [Part 03] Uploading segment...
[10:29:41.010] [Part 00] Uploading segment...
[10:29:41.013] [Part 01] Uploading segment...
[10:29:41.075] [Part 09] Uploading segment...
[10:29:41.369] [Part 06] Uploading segment...
[10:29:42.290] [Part 04] Running compression...
[10:29:42.913] [Part 07] Running compression...
[10:29:42.976] [Part 05] Running compression...
[10:29:43.186] [Part 02] Running compression...
[10:29:43.229] [Part 08] Running compression...
[10:29:43.336] [Part 09] Running compression...
[10:29:43.549] [Part 06] Running compression...
[10:29:43.571] [Part 03] Running compression...
[10:29:43.590] [Part 01] Running compression...
[10:29:43.620] [Part 00] Running compression...
[10:29:54.966] [Part 08] Done!
[10:29:55.569] [Part 08] Instance terminated.
[10:29:56.116] [Part 05] Done!
[10:29:56.175] [Part 01] Done!
[10:29:56.244] [Part 04] Done!
[10:29:56.698] [Part 05] Instance terminated.
[10:29:56.787] [Part 01] Instance terminated.
[10:29:56.821] [Part 09] Done!
[10:29:56.852] [Part 04] Instance terminated.
[10:29:57.226] [Part 07] Done!
[10:29:57.400] [Part 09] Instance terminated.
[10:29:57.937] [Part 07] Instance terminated.
[10:29:57.965] [Part 00] Done!
[10:29:58.047] [Part 03] Done!
[10:29:58.262] [Part 02] Done!
[10:29:58.428] [Part 06] Done!
[10:29:58.545] [Part 00] Instance terminated.
[10:29:58.666] [Part 03] Instance terminated.
[10:29:58.824] [Part 02] Instance terminated.
[10:29:59.012] [Part 06] Instance terminated.
[10:29:59.017] ============================================================
[10:29:59.017] RESULTS — 10x m5.large Horizontal OPTIMIZED
[10:29:59.017]   Total Time:    71.02s (1.18 min)
[10:29:59.017]   Split Time:    1.52s
[10:29:59.017]   Parallel Time: 69.50s (1.16 min)
[10:29:59.017] ============================================================
