[22:59:08.039] === Phase 3.2 Serial Baseline: 1x m5.large ===
[22:59:08.039] Codec: libx264, Threads: 5, Preset: slow
[22:59:08.039] Video: /home/breno/doutorado/ec2sweetspot_noms/ec2sweetspot_noms/artifacts/test_videos/video_repetido_10min.mp4
[22:59:08.039] [m5.large-Serial] Launching EC2 instance...
[22:59:09.792] [m5.large-Serial] Instance i-0897481b0872c7d01 launched. Waiting...
[22:59:25.808] [m5.large-Serial] Instance ready. IP: 54.224.101.117
[22:59:56.706] [m5.large-Serial] SSH connected.
[22:59:56.707] [m5.large-Serial] Installing ffmpeg...
[23:00:35.681] [m5.large-Serial] ffmpeg installed.
[23:00:36.079] [m5.large-Serial] CPU: Intel(R) Xeon(R) Platinum 8175M CPU @ 2.50GHz
[23:00:36.079] [m5.large-Serial] WARNING: CPU mismatch! Expected Intel(R) Xeon(R) Platinum 8259CL CPU @ 2.50GHz, got Intel(R) Xeon(R) Platinum 8175M CPU @ 2.50GHz
[23:00:36.079] [m5.large-Serial] Uploading 10-minute video...
[23:00:43.214] [m5.large-Serial] Upload complete.
[23:00:43.215] [m5.large-Serial] SETUP TIME: 95.18s (1.59 min)
[23:00:43.215] [m5.large-Serial] Running: ffmpeg -i /home/ubuntu/input.mp4 -c:v libx264 -preset slow -b:v 2M -threads 5 -y /home/ubuntu/output.mp4
[23:02:40.216] [m5.large-Serial] ENCODING TIME: 117.00s (1.95 min)
[23:02:41.227] [m5.large-Serial] Instance terminated.
[23:02:41.227] [m5.large-Serial] ============================================================
[23:02:41.227] [m5.large-Serial] RESULTS — m5.large Serial
[23:02:41.227] [m5.large-Serial]   Total Time:    212.18s (3.54 min)
[23:02:41.227] [m5.large-Serial]   Setup Time:    95.18s (1.59 min)
[23:02:41.227] [m5.large-Serial]   Encoding Time: 117.00s (1.95 min)
[23:02:41.227] [m5.large-Serial]   Setup %:       44.9%
[23:02:41.227] [m5.large-Serial] ============================================================
