[13:31:17.951] === Phase 3.2 OPTIMIZED Horizontal: 10x m5.large ===
[13:31:17.951] AMI: ami-06c7c20c67513469a (ffmpeg pre-installed)
[13:31:17.951] Codec: libx264, Threads: 5, Max workers: 10
[13:31:17.951] [Setup] Starting video split...
[13:31:18.001] [Setup] Video: 600.0s → 10 parts of 60.0s
[13:31:19.510] [Setup] Video split complete.
[13:31:19.510] [Summary] SPLIT TIME: 1.56s
[13:31:20.503] [Part 03] Launching m5.large...
[13:31:20.532] [Part 08] Launching m5.large...
[13:31:20.542] [Part 00] Launching m5.large...[13:31:20.543] [Part 06] Launching m5.large...

[13:31:20.558] [Part 01] Launching m5.large...
[13:31:20.566] [Part 04] Launching m5.large...
[13:31:20.579] [Part 05] Launching m5.large...
[13:31:20.588] [Part 02] Launching m5.large...
[13:31:20.594] [Part 07] Launching m5.large...
[13:31:20.603] [Part 09] Launching m5.large...
[13:31:38.591] [Part 05] Instance ready. IP: 54.242.181.29
[13:31:38.625] [Part 02] Instance ready. IP: 13.217.95.101
[13:31:38.631] [Part 01] Instance ready. IP: 13.223.80.240
[13:31:38.636] [Part 04] Instance ready. IP: 100.54.194.241
[13:31:38.641] [Part 09] Instance ready. IP: 52.202.239.70
[13:31:38.650] [Part 00] Instance ready. IP: 50.19.42.192
[13:31:38.655] [Part 07] Instance ready. IP: 13.217.4.8
[13:31:38.670] [Part 08] Instance ready. IP: 54.92.170.238
[13:31:38.675] [Part 03] Instance ready. IP: 3.80.176.255
[13:31:38.712] [Part 06] Instance ready. IP: 3.92.126.146
[13:32:10.770] [Part 05] CPU: Intel(R) Xeon(R) Platinum 8259CL CPU @ 2.50GHz
[13:32:10.779] [Part 08] CPU: Intel(R) Xeon(R) Platinum 8259CL CPU @ 2.50GHz
[13:32:10.845] [Part 09] CPU: Intel(R) Xeon(R) Platinum 8259CL CPU @ 2.50GHz
[13:32:10.850] [Part 00] CPU: Intel(R) Xeon(R) Platinum 8259CL CPU @ 2.50GHz
[13:32:10.874] [Part 07] CPU: Intel(R) Xeon(R) Platinum 8259CL CPU @ 2.50GHz
[13:32:10.906] [Part 02] CPU: Intel(R) Xeon(R) Platinum 8259CL CPU @ 2.50GHz
[13:32:10.922] [Part 04] CPU: Intel(R) Xeon(R) Platinum 8259CL CPU @ 2.50GHz
[13:32:10.925] [Part 01] CPU: Intel(R) Xeon(R) Platinum 8259CL CPU @ 2.50GHz[13:32:10.926] [Part 06] CPU: Intel(R) Xeon(R) Platinum 8259CL CPU @ 2.50GHz

[13:32:10.970] [Part 03] CPU: Intel(R) Xeon(R) Platinum 8259CL CPU @ 2.50GHz
[13:32:11.361] [Part 08] Uploading segment...
[13:32:11.372] [Part 05] Uploading segment...
[13:32:11.434] [Part 00] Uploading segment...
[13:32:11.440] [Part 09] Uploading segment...
[13:32:11.476] [Part 07] Uploading segment...
[13:32:11.488] [Part 02] Uploading segment...
[13:32:11.501] [Part 04] Uploading segment...
[13:32:11.526] [Part 06] Uploading segment...
[13:32:11.527] [Part 01] Uploading segment...
[13:32:11.573] [Part 03] Uploading segment...
[13:32:13.215] [Part 00] Running compression...
[13:32:13.307] [Part 04] Running compression...
[13:32:13.354] [Part 07] Running compression...
[13:32:13.365] [Part 05] Running compression...
[13:32:13.445] [Part 02] Running compression...
[13:32:13.521] [Part 06] Running compression...
[13:32:13.584] [Part 03] Running compression...
[13:32:13.690] [Part 08] Running compression...
[13:32:14.028] [Part 01] Running compression...
[13:32:14.537] [Part 09] Running compression...
[13:32:27.284] [Part 05] Done!
[13:32:27.399] [Part 00] Done!
[13:32:27.421] [Part 04] Done!
[13:32:27.532] [Part 01] Done!
[13:32:27.987] [Part 04] Instance terminated.
[13:32:28.018] [Part 05] Instance terminated.
[13:32:28.073] [Part 00] Instance terminated.
[13:32:28.153] [Part 01] Instance terminated.
[13:32:28.254] [Part 03] Done!
[13:32:28.396] [Part 08] Done!
[13:32:28.541] [Part 07] Done!
[13:32:28.567] [Part 09] Done!
[13:32:28.972] [Part 03] Instance terminated.
[13:32:29.097] [Part 08] Instance terminated.
[13:32:29.179] [Part 09] Instance terminated.
[13:32:29.223] [Part 07] Instance terminated.
[13:32:29.600] [Part 06] Done!
[13:32:30.289] [Part 06] Instance terminated.
[13:32:30.306] [Part 02] Done!
[13:32:30.987] [Part 02] Instance terminated.
[13:32:30.991] ============================================================
[13:32:30.992] RESULTS — 10x m5.large Horizontal OPTIMIZED
[13:32:30.992]   Total Time:    73.04s (1.22 min)
[13:32:30.992]   Split Time:    1.56s
[13:32:30.992]   Parallel Time: 71.48s (1.19 min)
[13:32:30.992] ============================================================
