[14:23:29.909] === Phase 3.2 OPTIMIZED Horizontal: 10x m7g.large ===
[14:23:29.909] AMI: ami-0976d56fa61f42304 (ffmpeg pre-installed) | Codec: libx265 | Threads: 5
[14:23:29.910] [Setup] Starting video split...
[14:23:29.961] [Setup] Video: 600.0s → 10 parts of 60.0s
[14:23:31.682] [Setup] Video split complete.
[14:23:31.682] [Summary] SPLIT TIME: 1.77s
[14:23:32.738] [Part 01] Launching m7g.large...
[14:23:32.739] [Part 08] Launching m7g.large...[14:23:32.740] [Part 02] Launching m7g.large...

[14:23:32.745] [Part 09] Launching m7g.large...
[14:23:32.759] [Part 04] Launching m7g.large...
[14:23:32.767] [Part 06] Launching m7g.large...
[14:23:32.777] [Part 03] Launching m7g.large...
[14:23:32.786] [Part 07] Launching m7g.large...
[14:23:32.794] [Part 05] Launching m7g.large...
[14:23:32.808] [Part 00] Launching m7g.large...
[14:23:50.275] [Part 04] Instance ready. IP: 3.91.190.134
[14:23:50.304] [Part 03] Instance ready. IP: 52.91.31.65
[14:23:50.365] [Part 08] Instance ready. IP: 54.83.92.201
[14:23:50.366] [Part 01] Instance ready. IP: 13.220.124.39
[14:23:50.403] [Part 09] Instance ready. IP: 3.90.86.212
[14:23:50.414] [Part 02] Instance ready. IP: 100.27.212.61
[14:23:50.440] [Part 06] Instance ready. IP: 107.22.136.39
[14:23:50.487] [Part 07] Instance ready. IP: 3.93.181.31
[14:23:50.494] [Part 00] Instance ready. IP: 50.17.96.136
[14:23:50.543] [Part 05] Instance ready. IP: 52.207.83.183
[14:24:22.402] [Part 09] CPU: aarch64
CPU part	: 0xd40
[14:24:22.451] [Part 04] CPU: aarch64
CPU part	: 0xd40
[14:24:22.452] [Part 03] CPU: aarch64
CPU part	: 0xd40
[14:24:22.493] [Part 02] CPU: aarch64
CPU part	: 0xd40
[14:24:22.496] [Part 07] CPU: aarch64
CPU part	: 0xd40
[14:24:22.562] [Part 08] CPU: aarch64
CPU part	: 0xd40
[14:24:22.584] [Part 01] CPU: aarch64
CPU part	: 0xd40
[14:24:22.606] [Part 00] CPU: aarch64
CPU part	: 0xd40
[14:24:22.607] [Part 06] CPU: aarch64
CPU part	: 0xd40
[14:24:22.609] [Part 05] CPU: aarch64
CPU part	: 0xd40
[14:24:22.901] [Part 09] Uploading segment...
[14:24:22.943] [Part 03] Uploading segment...
[14:24:22.947] [Part 04] Uploading segment...
[14:24:22.965] [Part 02] Uploading segment...
[14:24:22.975] [Part 07] Uploading segment...
[14:24:23.033] [Part 08] Uploading segment...
[14:24:23.066] [Part 00] Uploading segment...
[14:24:23.082] [Part 01] Uploading segment...
[14:24:23.089] [Part 06] Uploading segment...
[14:24:23.093] [Part 05] Uploading segment...
[14:24:27.333] [Part 03] Running compression...
[14:24:29.145] [Part 08] Running compression...
[14:24:29.486] [Part 02] Running compression...
[14:24:30.627] [Part 09] Running compression...
[14:24:31.008] [Part 04] Running compression...
[14:24:31.265] [Part 00] Running compression...
[14:24:31.552] [Part 07] Running compression...
[14:24:32.015] [Part 05] Running compression...
[14:24:32.074] [Part 06] Running compression...
[14:24:32.080] [Part 01] Running compression...
[14:25:45.072] [Part 01] Done!
[14:25:46.062] [Part 01] Instance terminated.
[14:25:55.415] [Part 05] Done!
[14:25:57.391] [Part 05] Instance terminated.
[14:26:04.421] [Part 09] Done!
[14:26:04.993] [Part 02] Done!
[14:26:05.360] [Part 09] Instance terminated.
[14:26:05.902] [Part 02] Instance terminated.
[14:26:12.037] [Part 08] Done!
[14:26:13.049] [Part 08] Instance terminated.
[14:26:14.749] [Part 00] Done!
[14:26:15.928] [Part 00] Instance terminated.
[14:26:20.574] [Part 06] Done!
[14:26:21.705] [Part 06] Instance terminated.
[14:26:24.700] [Part 07] Done!
[14:26:25.681] [Part 07] Instance terminated.
[14:26:27.590] [Part 04] Done!
[14:26:28.526] [Part 04] Instance terminated.
[14:26:36.110] [Part 03] Done!
[14:26:37.124] [Part 03] Instance terminated.
[14:26:37.130] ============================================================
[14:26:37.131] RESULTS — 10x m7g.large Horizontal OPTIMIZED
[14:26:37.131]   Total Time:    187.22s (3.12 min)
[14:26:37.131]   Split Time:    1.77s
[14:26:37.131]   Parallel Time: 185.45s (3.09 min)
[14:26:37.131] ============================================================
