[14:14:02.017] === Phase 3.2 OPTIMIZED Horizontal: 10x m7g.large ===
[14:14:02.017] AMI: ami-0976d56fa61f42304 (ffmpeg pre-installed) | Codec: libx265 | Threads: 5
[14:14:02.017] [Setup] Starting video split...
[14:14:02.158] [Setup] Video: 600.0s → 10 parts of 60.0s
[14:14:05.712] [Setup] Video split complete.
[14:14:05.712] [Summary] SPLIT TIME: 3.70s
[14:14:07.042] [Part 02] Launching m7g.large...
[14:14:07.050] [Part 07] Launching m7g.large...
[14:14:07.087] [Part 08] Launching m7g.large...[14:14:07.090] [Part 05] Launching m7g.large...

[14:14:07.092] [Part 04] Launching m7g.large...
[14:14:07.113] [Part 00] Launching m7g.large...
[14:14:07.122] [Part 06] Launching m7g.large...
[14:14:07.136] [Part 03] Launching m7g.large...
[14:14:07.147] [Part 09] Launching m7g.large...
[14:14:07.154] [Part 01] Launching m7g.large...
[14:14:24.637] [Part 02] Instance ready. IP: 18.234.35.203
[14:14:24.639] [Part 08] Instance ready. IP: 52.90.139.132
[14:14:24.651] [Part 03] Instance ready. IP: 54.242.175.62
[14:14:24.667] [Part 01] Instance ready. IP: 34.230.18.231
[14:14:24.694] [Part 09] Instance ready. IP: 54.84.169.25
[14:14:24.705] [Part 06] Instance ready. IP: 3.89.247.239
[14:14:24.720] [Part 00] Instance ready. IP: 52.201.248.121
[14:14:24.767] [Part 07] Instance ready. IP: 54.82.110.206
[14:14:24.770] [Part 05] Instance ready. IP: 34.233.120.92
[14:14:24.806] [Part 04] Instance ready. IP: 98.84.140.234
[14:14:56.649] [Part 03] CPU: aarch64
CPU part	: 0xd40
[14:14:56.651] [Part 00] CPU: aarch64
CPU part	: 0xd40
[14:14:56.712] [Part 08] CPU: aarch64
CPU part	: 0xd40
[14:14:56.717] [Part 06] CPU: aarch64
CPU part	: 0xd40
[14:14:56.864] [Part 01] CPU: aarch64
CPU part	: 0xd40
[14:14:56.966] [Part 09] CPU: aarch64
CPU part	: 0xd40
[14:14:56.997] [Part 02] CPU: aarch64
CPU part	: 0xd40
[14:14:57.059] [Part 04] CPU: aarch64
CPU part	: 0xd40[14:14:57.059] [Part 07] CPU: aarch64
CPU part	: 0xd40

[14:14:57.117] [Part 00] Uploading segment...
[14:14:57.140] [Part 03] Uploading segment...
[14:14:57.230] [Part 08] Uploading segment...
[14:14:57.290] [Part 06] Uploading segment...
[14:14:57.324] [Part 05] CPU: aarch64
CPU part	: 0xd40
[14:14:57.580] [Part 01] Uploading segment...
[14:14:57.725] [Part 09] Uploading segment...
[14:14:57.755] [Part 02] Uploading segment...
[14:14:57.926] [Part 07] Uploading segment...
[14:14:57.927] [Part 04] Uploading segment...
[14:14:58.370] [Part 05] Uploading segment...
[14:15:02.167] [Part 07] Running compression...
[14:15:05.523] [Part 08] Running compression...
[14:15:05.950] [Part 02] Running compression...
[14:15:06.025] [Part 00] Running compression...
[14:15:07.163] [Part 03] Running compression...
[14:15:07.350] [Part 04] Running compression...
[14:15:07.531] [Part 06] Running compression...
[14:15:07.613] [Part 09] Running compression...
[14:15:07.799] [Part 05] Running compression...
[14:15:07.897] [Part 01] Running compression...
[14:16:20.403] [Part 01] Done!
[14:16:21.454] [Part 01] Instance terminated.
[14:16:30.109] [Part 08] Done!
[14:16:31.040] [Part 08] Instance terminated.
[14:16:43.085] [Part 03] Done!
[14:16:44.064] [Part 03] Instance terminated.
[14:16:48.505] [Part 05] Done!
[14:16:49.458] [Part 05] Instance terminated.
[14:16:53.438] [Part 07] Done!
[14:16:54.421] [Part 07] Instance terminated.
[14:16:56.352] [Part 09] Done!
[14:16:57.376] [Part 09] Instance terminated.
[14:16:58.873] [Part 02] Done!
[14:16:59.763] [Part 02] Instance terminated.
[14:17:06.903] [Part 00] Done!
[14:17:07.884] [Part 00] Instance terminated.
[14:17:14.046] [Part 04] Done!
[14:17:15.140] [Part 04] Instance terminated.
[14:17:16.798] [Part 06] Done!
[14:17:17.721] [Part 06] Instance terminated.
[14:17:17.723] ============================================================
[14:17:17.723] RESULTS — 10x m7g.large Horizontal OPTIMIZED
[14:17:17.723]   Total Time:    195.71s (3.26 min)
[14:17:17.723]   Split Time:    3.70s
[14:17:17.723]   Parallel Time: 192.01s (3.20 min)
[14:17:17.723] ============================================================
