[14:00:34.952] === Phase 3.2 OPTIMIZED Horizontal: 10x m7g.large ===
[14:00:34.952] AMI: ami-0976d56fa61f42304 (ffmpeg pre-installed) | Codec: libx265 | Threads: 5
[14:00:34.952] [Setup] Starting video split...
[14:00:35.337] [Setup] Video: 600.0s → 10 parts of 60.0s
[14:00:43.874] [Setup] Video split complete.
[14:00:43.874] [Summary] SPLIT TIME: 8.92s
[14:00:49.013] [Part 00] Launching m7g.large...[14:00:49.038] [Part 02] Launching m7g.large...
[14:00:49.051] [Part 07] Launching m7g.large...

[14:00:49.119] [Part 01] Launching m7g.large...
[14:00:49.283] [Part 08] Launching m7g.large...
[14:00:49.438] [Part 05] Launching m7g.large...
[14:00:49.635] [Part 09] Launching m7g.large...
[14:00:49.713] [Part 06] Launching m7g.large...
[14:00:49.760] [Part 04] Launching m7g.large...
[14:00:49.872] [Part 03] Launching m7g.large...
[14:01:07.202] [Part 00] Instance ready. IP: 54.242.237.115
[14:01:07.778] [Part 01] Instance ready. IP: 54.227.17.109
[14:01:07.850] [Part 08] Instance ready. IP: 3.94.89.48[14:01:07.855] [Part 02] Instance ready. IP: 18.209.177.117

[14:01:07.963] [Part 05] Instance ready. IP: 98.81.209.133
[14:01:07.968] [Part 07] Instance ready. IP: 107.20.66.224
[14:01:08.011] [Part 09] Instance ready. IP: 100.24.65.171
[14:01:09.672] [Part 03] Instance ready. IP: 54.198.160.34
[14:01:10.228] [Part 04] Instance ready. IP: 3.80.167.220
[14:01:10.593] [Part 06] Instance ready. IP: 35.168.17.80
[14:01:39.553] [Part 01] CPU: aarch64
CPU part	: 0xd40
[14:01:39.821] [Part 08] CPU: aarch64
CPU part	: 0xd40
[14:01:39.866] [Part 02] CPU: aarch64
CPU part	: 0xd40
[14:01:40.019] [Part 01] Uploading segment...
[14:01:40.119] [Part 05] CPU: aarch64
CPU part	: 0xd40
[14:01:40.198] [Part 09] CPU: aarch64
CPU part	: 0xd40
[14:01:40.316] [Part 08] Uploading segment...
[14:01:40.353] [Part 02] Uploading segment...
[14:01:40.710] [Part 09] Uploading segment...
[14:01:40.899] [Part 05] Uploading segment...
[14:01:42.224] [Part 04] CPU: aarch64
CPU part	: 0xd40
[14:01:42.328] [Part 01] Running compression...
[14:01:42.711] [Part 04] Uploading segment...
[14:01:42.808] [Part 06] CPU: aarch64
CPU part	: 0xd40
[14:01:43.360] [Part 06] Uploading segment...
[14:01:46.526] [Part 04] Running compression...
[14:01:46.711] [Part 08] Running compression...
[14:01:46.724] [Part 05] Running compression...
[14:01:46.773] [Part 09] Running compression...
[14:01:47.852] [Part 02] Running compression...
[14:01:49.514] [Part 06] Running compression...
[14:02:16.777] [Part 07] CPU: aarch64
CPU part	: 0xd40
[14:02:17.240] [Part 07] Uploading segment...
[14:02:21.028] [Part 00] ERROR: Private key file is encrypted
[14:02:22.138] [Part 00] Instance terminated.
[14:02:24.671] [Part 03] CPU: aarch64
CPU part	: 0xd40
[14:02:25.143] [Part 03] Uploading segment...
[14:02:25.611] [Part 07] Running compression...
[14:02:33.475] [Part 03] Running compression...
[14:02:50.832] [Part 01] Done!
[14:02:51.888] [Part 01] Instance terminated.
[14:03:14.558] [Part 08] Done!
[14:03:15.465] [Part 06] Done!
[14:03:15.671] [Part 08] Instance terminated.
[14:03:16.614] [Part 06] Instance terminated.
[14:03:22.814] [Part 04] Done!
[14:03:23.839] [Part 04] Instance terminated.
[14:03:30.349] [Part 05] Done!
[14:03:31.369] [Part 05] Instance terminated.
[14:03:31.888] [Part 09] Done!
[14:03:32.954] [Part 09] Instance terminated.
[14:03:40.039] [Part 02] Done!
[14:03:41.094] [Part 02] Instance terminated.
[14:03:52.111] [Part 07] Done!
[14:03:53.153] [Part 07] Instance terminated.
[14:03:56.965] [Part 03] Done!
[14:03:57.950] [Part 03] Instance terminated.
[14:03:57.958] ============================================================
[14:03:57.958] RESULTS — 10x m7g.large Horizontal OPTIMIZED
[14:03:57.958]   Total Time:    203.01s (3.38 min)
[14:03:57.958]   Split Time:    8.92s
[14:03:57.958]   Parallel Time: 194.08s (3.23 min)
[14:03:57.958] ============================================================
