[13:57:29.992] === Phase 3.2 OPTIMIZED Horizontal: 10x m7g.large ===
[13:57:29.992] AMI: ami-0976d56fa61f42304 (ffmpeg pre-installed) | Codec: libx265 | Threads: 5
[13:57:29.992] [Setup] Starting video split...
[13:57:30.249] [Setup] Video: 600.0s → 10 parts of 60.0s
[13:57:34.978] [Setup] Video split complete.
[13:57:34.978] [Summary] SPLIT TIME: 4.99s
[13:57:38.406] [Part 03] Launching m7g.large...
[13:57:38.569] [Part 00] Launching m7g.large...
[13:57:38.612] [Part 06] Launching m7g.large...
[13:57:38.633] [Part 01] Launching m7g.large...
[13:57:38.667] [Part 07] Launching m7g.large...
[13:57:38.731] [Part 02] Launching m7g.large...
[13:57:38.776] [Part 08] Launching m7g.large...
[13:57:38.887] [Part 05] Launching m7g.large...
[13:57:38.900] [Part 04] Launching m7g.large...
[13:57:38.917] [Part 09] Launching m7g.large...
[13:57:56.153] [Part 03] Instance ready. IP: 54.198.209.170
[13:57:56.505] [Part 06] Instance ready. IP: 54.224.127.124
[13:57:56.542] [Part 07] Instance ready. IP: 54.145.195.19
[13:57:56.565] [Part 00] Instance ready. IP: 54.165.168.12
[13:57:56.640] [Part 01] Instance ready. IP: 54.152.125.234
[13:57:56.658] [Part 02] Instance ready. IP: 54.237.243.255
[13:57:56.684] [Part 04] Instance ready. IP: 54.81.73.124
[13:57:56.725] [Part 05] Instance ready. IP: 34.228.220.173
[13:57:56.738] [Part 08] Instance ready. IP: 3.88.117.42
[13:57:56.758] [Part 09] Instance ready. IP: 35.173.253.167
[13:58:28.243] [Part 03] CPU: aarch64
CPU part	: 0xd40
[13:58:28.593] [Part 00] CPU: aarch64
CPU part	: 0xd40
[13:58:28.708] [Part 03] Uploading segment...
[13:58:28.744] [Part 06] CPU: aarch64
CPU part	: 0xd40
[13:58:28.809] [Part 07] CPU: aarch64
CPU part	: 0xd40
[13:58:29.014] [Part 09] CPU: aarch64
CPU part	: 0xd40
[13:58:29.027] [Part 04] CPU: aarch64
CPU part	: 0xd40
[13:58:29.056] [Part 00] Uploading segment...
[13:58:29.072] [Part 08] CPU: aarch64
CPU part	: 0xd40
[13:58:29.131] [Part 05] CPU: aarch64
CPU part	: 0xd40
[13:58:29.216] [Part 06] Uploading segment...
[13:58:29.281] [Part 01] CPU: aarch64
CPU part	: 0xd40
[13:58:29.284] [Part 07] Uploading segment...
[13:58:29.300] [Part 02] CPU: aarch64
CPU part	: 0xd40
[13:58:29.534] [Part 04] Uploading segment...
[13:58:29.547] [Part 09] Uploading segment...
[13:58:29.580] [Part 08] Uploading segment...
[13:58:29.682] [Part 05] Uploading segment...
[13:58:29.834] [Part 02] Uploading segment...
[13:58:29.836] [Part 01] Uploading segment...
[13:58:30.960] [Part 03] Running compression...
[13:58:35.158] [Part 05] Running compression...
[13:58:35.239] [Part 06] Running compression...
[13:58:35.977] [Part 00] Running compression...
[13:58:36.692] [Part 07] Running compression...
[13:58:36.985] [Part 08] Running compression...
[13:58:37.380] [Part 02] Running compression...
[13:58:37.712] [Part 04] Running compression...
[13:58:37.807] [Part 09] Running compression...
[13:58:38.238] [Part 01] Running compression...
[13:59:45.493] [Part 01] Done!
[13:59:46.591] [Part 01] Instance terminated.
[13:59:54.026] [Part 04] Done!
[13:59:55.108] [Part 04] Instance terminated.
[13:59:57.924] [Part 03] Done!
[13:59:58.993] [Part 03] Instance terminated.
[14:00:00.202] [Part 09] Done!
[14:00:01.437] [Part 09] Instance terminated.
[14:00:05.544] [Part 07] Done!
[14:00:06.676] [Part 07] Instance terminated.
[14:00:10.280] [Part 08] Done!
[14:00:11.412] [Part 06] Done!
[14:00:11.643] [Part 08] Instance terminated.
[14:00:12.541] [Part 06] Instance terminated.
[14:00:21.639] [Part 00] Done!
[14:00:22.841] [Part 00] Instance terminated.
[14:00:27.548] [Part 05] Done!
[14:00:28.613] [Part 05] Instance terminated.
[14:00:30.484] [Part 02] Done!
[14:00:31.548] [Part 02] Instance terminated.
[14:00:31.560] ============================================================
[14:00:31.560] RESULTS — 10x m7g.large Horizontal OPTIMIZED
[14:00:31.561]   Total Time:    181.57s (3.03 min)
[14:00:31.561]   Split Time:    4.99s
[14:00:31.561]   Parallel Time: 176.58s (2.94 min)
[14:00:31.561] ============================================================
