[14:38:41.048] === Phase 3.2 OPTIMIZED Horizontal: 10x m7g.large ===
[14:38:41.049] AMI: ami-0976d56fa61f42304 (ffmpeg pre-installed) | Codec: libx265 | Threads: 5
[14:38:41.049] [Setup] Starting video split...
[14:38:41.297] [Setup] Video: 600.0s → 10 parts of 60.0s
[14:38:46.477] [Setup] Video split complete.
[14:38:46.477] [Summary] SPLIT TIME: 5.43s
[14:38:49.718] [Part 02] Launching m7g.large...
[14:38:49.770] [Part 04] Launching m7g.large...
[14:38:49.851] [Part 03] Launching m7g.large...
[14:38:50.029] [Part 07] Launching m7g.large...
[14:38:50.051] [Part 08] Launching m7g.large...
[14:38:50.089] [Part 00] Launching m7g.large...[14:38:50.145] [Part 06] Launching m7g.large...

[14:38:50.193] [Part 09] Launching m7g.large...
[14:38:50.302] [Part 05] Launching m7g.large...
[14:38:50.303] [Part 01] Launching m7g.large...
[14:39:07.384] [Part 02] Instance ready. IP: 98.85.221.212
[14:39:07.475] [Part 04] Instance ready. IP: 98.80.64.75
[14:39:07.701] [Part 03] Instance ready. IP: 52.90.16.235
[14:39:07.728] [Part 07] Instance ready. IP: 18.232.111.48
[14:39:07.752] [Part 00] Instance ready. IP: 3.90.28.156
[14:39:07.801] [Part 06] Instance ready. IP: 52.87.169.75
[14:39:07.823] [Part 09] Instance ready. IP: 54.158.226.217
[14:39:07.913] [Part 05] Instance ready. IP: 54.198.221.149
[14:39:08.009] [Part 01] Instance ready. IP: 35.175.209.139
[14:39:08.146] [Part 08] Instance ready. IP: 54.196.20.88
[14:39:39.212] [Part 02] CPU: aarch64
CPU part	: 0xd40
[14:39:39.488] [Part 04] CPU: aarch64
CPU part	: 0xd40
[14:39:39.646] [Part 06] CPU: aarch64
CPU part	: 0xd40
[14:39:39.696] [Part 02] Uploading segment...
[14:39:39.802] [Part 00] CPU: aarch64
CPU part	: 0xd40
[14:39:39.831] [Part 05] CPU: aarch64
CPU part	: 0xd40
[14:39:39.906] [Part 03] CPU: aarch64
CPU part	: 0xd40
[14:39:39.926] [Part 07] CPU: aarch64
CPU part	: 0xd40
[14:39:39.928] [Part 01] CPU: aarch64
CPU part	: 0xd40
[14:39:39.929] [Part 09] CPU: aarch64
CPU part	: 0xd40
[14:39:39.951] [Part 04] Uploading segment...
[14:39:40.109] [Part 06] Uploading segment...
[14:39:40.245] [Part 08] CPU: aarch64
CPU part	: 0xd40
[14:39:40.284] [Part 00] Uploading segment...
[14:39:40.326] [Part 05] Uploading segment...
[14:39:40.378] [Part 03] Uploading segment...
[14:39:40.419] [Part 01] Uploading segment...
[14:39:40.422] [Part 09] Uploading segment...
[14:39:40.422] [Part 07] Uploading segment...
[14:39:40.833] [Part 08] Uploading segment...
[14:39:42.637] [Part 02] Running compression...
[14:39:43.954] [Part 04] Running compression...
[14:39:47.869] [Part 00] Running compression...
[14:39:47.876] [Part 03] Running compression...
[14:39:48.183] [Part 06] Running compression...
[14:39:48.206] [Part 07] Running compression...
[14:39:49.354] [Part 01] Running compression...
[14:39:49.424] [Part 08] Running compression...
[14:39:49.508] [Part 09] Running compression...
[14:39:49.645] [Part 05] Running compression...
[14:41:02.326] [Part 05] Done!
[14:41:03.461] [Part 05] Instance terminated.
[14:41:07.774] [Part 08] Done!
[14:41:08.817] [Part 08] Instance terminated.
[14:41:31.807] [Part 04] Done!
[14:41:33.914] [Part 04] Instance terminated.
[14:41:34.180] [Part 03] Done!
[14:41:35.165] [Part 03] Instance terminated.
[14:41:42.164] [Part 07] Done!
[14:41:42.193] [Part 01] Done!
[14:41:43.228] [Part 01] Instance terminated.
[14:41:43.250] [Part 07] Instance terminated.
[14:41:43.855] [Part 09] Done!
[14:41:44.981] [Part 09] Instance terminated.
[14:41:48.253] [Part 02] Done!
[14:41:49.237] [Part 02] Instance terminated.
[14:41:50.277] [Part 00] Done!
[14:41:51.336] [Part 00] Instance terminated.
[14:41:55.960] [Part 06] Done!
[14:41:56.916] [Part 06] Instance terminated.
[14:41:56.921] ============================================================
[14:41:56.921] RESULTS — 10x m7g.large Horizontal OPTIMIZED
[14:41:56.922]   Total Time:    195.87s (3.26 min)
[14:41:56.922]   Split Time:    5.43s
[14:41:56.922]   Parallel Time: 190.44s (3.17 min)
[14:41:56.922] ============================================================
