[14:29:35.539] === Phase 3.2 OPTIMIZED Horizontal: 10x m7g.large ===
[14:29:35.539] AMI: ami-0976d56fa61f42304 (ffmpeg pre-installed) | Codec: libx265 | Threads: 5
[14:29:35.539] [Setup] Starting video split...
[14:29:35.697] [Setup] Video: 600.0s → 10 parts of 60.0s
[14:29:38.884] [Setup] Video split complete.
[14:29:38.884] [Summary] SPLIT TIME: 3.34s
[14:29:40.130] [Part 03] Launching m7g.large...
[14:29:40.139] [Part 07] Launching m7g.large...
[14:29:40.202] [Part 09] Launching m7g.large...
[14:29:40.215] [Part 08] Launching m7g.large...
[14:29:40.243] [Part 05] Launching m7g.large...
[14:29:40.260] [Part 01] Launching m7g.large...
[14:29:40.285] [Part 06] Launching m7g.large...
[14:29:40.297] [Part 00] Launching m7g.large...
[14:29:40.310] [Part 04] Launching m7g.large...
[14:29:40.321] [Part 02] Launching m7g.large...
[14:29:57.723] [Part 08] Instance ready. IP: 54.226.23.115
[14:29:57.788] [Part 06] Instance ready. IP: 3.80.99.8
[14:29:57.819] [Part 03] Instance ready. IP: 13.221.26.88
[14:29:57.868] [Part 00] Instance ready. IP: 54.210.178.59
[14:29:58.008] [Part 05] Instance ready. IP: 100.31.108.179
[14:29:58.014] [Part 09] Instance ready. IP: 3.93.191.170
[14:29:58.043] [Part 01] Instance ready. IP: 3.80.67.71
[14:29:58.053] [Part 02] Instance ready. IP: 13.221.205.117
[14:29:58.094] [Part 07] Instance ready. IP: 54.210.180.28
[14:29:58.187] [Part 04] Instance ready. IP: 54.210.242.47
[14:30:29.567] [Part 08] CPU: aarch64
CPU part	: 0xd40
[14:30:29.664] [Part 03] CPU: aarch64
CPU part	: 0xd40
[14:30:29.675] [Part 00] CPU: aarch64
CPU part	: 0xd40
[14:30:29.934] [Part 06] CPU: aarch64
CPU part	: 0xd40
[14:30:30.017] [Part 07] CPU: aarch64
CPU part	: 0xd40
[14:30:30.027] [Part 08] Uploading segment...
[14:30:30.047] [Part 05] CPU: aarch64
CPU part	: 0xd40
[14:30:30.136] [Part 00] Uploading segment...
[14:30:30.137] [Part 03] Uploading segment...
[14:30:30.140] [Part 09] CPU: aarch64
CPU part	: 0xd40
[14:30:30.184] [Part 01] CPU: aarch64
CPU part	: 0xd40
[14:30:30.206] [Part 04] CPU: aarch64
CPU part	: 0xd40
[14:30:30.340] [Part 02] CPU: aarch64
CPU part	: 0xd40
[14:30:30.425] [Part 06] Uploading segment...
[14:30:30.482] [Part 07] Uploading segment...
[14:30:30.509] [Part 05] Uploading segment...
[14:30:30.616] [Part 09] Uploading segment...
[14:30:30.679] [Part 01] Uploading segment...
[14:30:30.690] [Part 04] Uploading segment...
[14:30:30.878] [Part 02] Uploading segment...
[14:30:32.447] [Part 08] Running compression...
[14:30:35.113] [Part 00] Running compression...
[14:30:35.622] [Part 03] Running compression...
[14:30:38.033] [Part 07] Running compression...
[14:30:38.548] [Part 02] Running compression...
[14:30:38.721] [Part 06] Running compression...
[14:30:38.820] [Part 05] Running compression...
[14:30:39.250] [Part 04] Running compression...
[14:30:39.481] [Part 09] Running compression...
[14:30:39.508] [Part 01] Running compression...
[14:31:53.476] [Part 01] Done!
[14:31:54.604] [Part 01] Instance terminated.
[14:31:54.972] [Part 05] Done!
[14:31:55.954] [Part 05] Instance terminated.
[14:32:07.384] [Part 08] Done!
[14:32:08.370] [Part 08] Instance terminated.
[14:32:16.972] [Part 02] Done!
[14:32:18.750] [Part 04] Done!
[14:32:18.793] [Part 00] Done!
[14:32:18.988] [Part 02] Instance terminated.
[14:32:19.682] [Part 04] Instance terminated.
[14:32:19.732] [Part 00] Instance terminated.
[14:32:24.266] [Part 06] Done!
[14:32:25.284] [Part 06] Instance terminated.
[14:32:28.248] [Part 09] Done!
[14:32:28.764] [Part 07] Done!
[14:32:29.217] [Part 09] Instance terminated.
[14:32:29.724] [Part 07] Instance terminated.
[14:32:34.710] [Part 03] Done!
[14:32:35.675] [Part 03] Instance terminated.
[14:32:35.677] ============================================================
[14:32:35.677] RESULTS — 10x m7g.large Horizontal OPTIMIZED
[14:32:35.677]   Total Time:    180.14s (3.00 min)
[14:32:35.677]   Split Time:    3.34s
[14:32:35.677]   Parallel Time: 176.79s (2.95 min)
[14:32:35.677] ============================================================
