[14:50:59.792] === Phase 3.2 OPTIMIZED Horizontal: 10x m7g.large ===
[14:50:59.792] AMI: ami-0976d56fa61f42304 (ffmpeg pre-installed) | Codec: libx265 | Threads: 5
[14:50:59.792] [Setup] Starting video split...
[14:51:00.212] [Setup] Video: 600.0s → 10 parts of 60.0s
[14:51:05.857] [Setup] Video split complete.
[14:51:05.857] [Summary] SPLIT TIME: 6.06s
[14:51:08.695] [Part 07] Launching m7g.large...
[14:51:08.746] [Part 04] Launching m7g.large...
[14:51:08.811] [Part 09] Launching m7g.large...
[14:51:08.903] [Part 03] Launching m7g.large...
[14:51:08.997] [Part 06] Launching m7g.large...
[14:51:09.062] [Part 05] Launching m7g.large...
[14:51:09.105] [Part 08] Launching m7g.large...
[14:51:09.153] [Part 01] Launching m7g.large...
[14:51:09.208] [Part 02] Launching m7g.large...
[14:51:09.242] [Part 00] Launching m7g.large...
[14:51:26.357] [Part 04] Instance ready. IP: 52.201.104.178
[14:51:26.392] [Part 07] Instance ready. IP: 3.81.123.158
[14:51:26.508] [Part 03] Instance ready. IP: 3.89.184.228
[14:51:26.578] [Part 09] Instance ready. IP: 13.221.40.206
[14:51:26.632] [Part 06] Instance ready. IP: 18.232.67.237
[14:51:26.665] [Part 05] Instance ready. IP: 54.224.19.180
[14:51:26.682] [Part 01] Instance ready. IP: 35.153.132.246
[14:51:26.711] [Part 02] Instance ready. IP: 54.162.139.255
[14:51:26.732] [Part 08] Instance ready. IP: 52.70.137.25
[14:51:29.073] [Part 00] Instance ready. IP: 3.87.11.21
[14:51:58.178] [Part 04] CPU: aarch64
CPU part	: 0xd40
[14:51:58.234] [Part 07] CPU: aarch64
CPU part	: 0xd40
[14:51:58.434] [Part 06] CPU: aarch64
CPU part	: 0xd40
[14:51:58.458] [Part 03] CPU: aarch64
CPU part	: 0xd40
[14:51:58.511] [Part 09] CPU: aarch64
CPU part	: 0xd40
[14:51:58.619] [Part 05] CPU: aarch64
CPU part	: 0xd40
[14:51:58.639] [Part 04] Uploading segment...
[14:51:58.648] [Part 01] CPU: aarch64
CPU part	: 0xd40
[14:51:58.677] [Part 02] CPU: aarch64
CPU part	: 0xd40
[14:51:58.683] [Part 08] CPU: aarch64
CPU part	: 0xd40
[14:51:58.729] [Part 07] Uploading segment...
[14:51:58.916] [Part 06] Uploading segment...
[14:51:58.951] [Part 03] Uploading segment...
[14:51:59.004] [Part 09] Uploading segment...
[14:51:59.101] [Part 05] Uploading segment...
[14:51:59.129] [Part 01] Uploading segment...
[14:51:59.134] [Part 02] Uploading segment...
[14:51:59.149] [Part 08] Uploading segment...
[14:52:01.395] [Part 00] CPU: aarch64
CPU part	: 0xd40
[14:52:02.032] [Part 00] Uploading segment...
[14:52:03.684] [Part 04] Running compression...
[14:52:08.079] [Part 06] Running compression...
[14:52:08.221] [Part 09] Running compression...
[14:52:08.640] [Part 07] Running compression...
[14:52:09.026] [Part 03] Running compression...
[14:52:09.339] [Part 05] Running compression...
[14:52:09.842] [Part 08] Running compression...
[14:52:10.416] [Part 01] Running compression...
[14:52:10.993] [Part 02] Running compression...
[14:52:11.334] [Part 00] Running compression...
[14:53:17.927] [Part 01] Done!
[14:53:18.943] [Part 01] Instance terminated.
[14:53:24.038] [Part 07] Done!
[14:53:25.107] [Part 07] Instance terminated.
[14:53:35.917] [Part 04] Done!
[14:53:36.999] [Part 04] Instance terminated.
[14:53:39.890] [Part 02] Done!
[14:53:40.265] [Part 08] Done!
[14:53:40.918] [Part 02] Instance terminated.
[14:53:41.234] [Part 08] Instance terminated.
[14:53:41.422] [Part 03] Done!
[14:53:42.444] [Part 03] Instance terminated.
[14:53:47.174] [Part 05] Done!
[14:53:48.170] [Part 09] Done!
[14:53:48.177] [Part 05] Instance terminated.
[14:53:48.865] [Part 00] Done!
[14:53:49.189] [Part 09] Instance terminated.
[14:53:49.862] [Part 00] Instance terminated.
[14:54:02.629] [Part 06] Done!
[14:54:03.611] [Part 06] Instance terminated.
[14:54:03.612] ============================================================
[14:54:03.612] RESULTS — 10x m7g.large Horizontal OPTIMIZED
[14:54:03.612]   Total Time:    183.82s (3.06 min)
[14:54:03.612]   Split Time:    6.06s
[14:54:03.612]   Parallel Time: 177.76s (2.96 min)
[14:54:03.612] ============================================================
