[14:32:36.480] === Phase 3.2 OPTIMIZED Horizontal: 10x m7g.large ===
[14:32:36.480] AMI: ami-0976d56fa61f42304 (ffmpeg pre-installed) | Codec: libx265 | Threads: 5
[14:32:36.480] [Setup] Starting video split...
[14:32:36.547] [Setup] Video: 600.0s → 10 parts of 60.0s
[14:32:38.233] [Setup] Video split complete.
[14:32:38.233] [Summary] SPLIT TIME: 1.75s
[14:32:39.397] [Part 08] Launching m7g.large...
[14:32:39.414] [Part 09] Launching m7g.large...
[14:32:39.419] [Part 07] Launching m7g.large...
[14:32:39.437] [Part 04] Launching m7g.large...
[14:32:39.446] [Part 00] Launching m7g.large...
[14:32:39.460] [Part 03] Launching m7g.large...
[14:32:39.474] [Part 05] Launching m7g.large...
[14:32:39.482] [Part 01] Launching m7g.large...
[14:32:39.497] [Part 06] Launching m7g.large...
[14:32:39.508] [Part 02] Launching m7g.large...
[14:32:57.038] [Part 02] Instance ready. IP: 34.204.74.151[14:32:57.044] [Part 09] Instance ready. IP: 52.90.161.249
[14:32:57.049] [Part 07] Instance ready. IP: 98.91.255.187

[14:32:57.057] [Part 03] Instance ready. IP: 54.146.57.137
[14:32:57.069] [Part 00] Instance ready. IP: 34.229.107.74
[14:32:57.074] [Part 05] Instance ready. IP: 34.238.131.13
[14:32:57.128] [Part 06] Instance ready. IP: 35.153.181.36
[14:32:57.194] [Part 04] Instance ready. IP: 3.92.47.104
[14:32:57.511] [Part 01] Instance ready. IP: 174.129.128.67
[14:32:57.544] [Part 08] Instance ready. IP: 54.165.57.193
[14:33:28.878] [Part 07] CPU: aarch64
CPU part	: 0xd40
[14:33:29.012] [Part 02] CPU: aarch64
CPU part	: 0xd40
[14:33:29.036] [Part 00] CPU: aarch64
CPU part	: 0xd40
[14:33:29.064] [Part 05] CPU: aarch64
CPU part	: 0xd40
[14:33:29.291] [Part 06] CPU: aarch64
CPU part	: 0xd40
[14:33:29.340] [Part 09] CPU: aarch64
CPU part	: 0xd40
[14:33:29.341] [Part 07] Uploading segment...
[14:33:29.372] [Part 03] CPU: aarch64
CPU part	: 0xd40
[14:33:29.486] [Part 04] CPU: aarch64
CPU part	: 0xd40
[14:33:29.490] [Part 01] CPU: aarch64
CPU part	: 0xd40
[14:33:29.502] [Part 02] Uploading segment...
[14:33:29.530] [Part 00] Uploading segment...
[14:33:29.538] [Part 05] Uploading segment...
[14:33:29.755] [Part 08] CPU: aarch64
CPU part	: 0xd40
[14:33:29.782] [Part 06] Uploading segment...
[14:33:29.828] [Part 09] Uploading segment...
[14:33:29.853] [Part 03] Uploading segment...
[14:33:29.957] [Part 01] Uploading segment...
[14:33:29.960] [Part 04] Uploading segment...
[14:33:30.346] [Part 08] Uploading segment...
[14:33:33.335] [Part 07] Running compression...
[14:33:35.057] [Part 02] Running compression...
[14:33:36.377] [Part 00] Running compression...
[14:33:36.626] [Part 05] Running compression...
[14:33:38.521] [Part 04] Running compression...
[14:33:38.699] [Part 09] Running compression...
[14:33:39.438] [Part 08] Running compression...
[14:33:40.177] [Part 03] Running compression...
[14:33:40.340] [Part 06] Running compression...
[14:33:40.346] [Part 01] Running compression...
[14:35:02.471] [Part 01] Done!
[14:35:03.654] [Part 01] Instance terminated.
[14:35:09.504] [Part 07] Done!
[14:35:09.597] [Part 02] Done!
[14:35:10.635] [Part 07] Instance terminated.
[14:35:10.991] [Part 02] Instance terminated.
[14:35:20.015] [Part 03] Done!
[14:35:21.203] [Part 00] Done!
[14:35:21.894] [Part 04] Done!
[14:35:26.121] [Part 04] Instance terminated.
[14:35:26.144] [Part 00] Instance terminated.
[14:35:26.469] [Part 03] Instance terminated.
[14:35:26.553] [Part 05] Done!
[14:35:27.587] [Part 05] Instance terminated.
[14:35:33.311] [Part 09] Done!
[14:35:34.440] [Part 09] Instance terminated.
[14:35:37.385] [Part 06] Done!
[14:35:37.766] [Part 08] Done!
[14:35:38.409] [Part 06] Instance terminated.
[14:35:38.861] [Part 08] Instance terminated.
[14:35:38.873] ============================================================
[14:35:38.874] RESULTS — 10x m7g.large Horizontal OPTIMIZED
[14:35:38.874]   Total Time:    182.39s (3.04 min)
[14:35:38.874]   Split Time:    1.75s
[14:35:38.874]   Parallel Time: 180.64s (3.01 min)
[14:35:38.874] ============================================================
