[14:45:06.094] === Phase 3.2 OPTIMIZED Horizontal: 10x m7g.large ===
[14:45:06.094] AMI: ami-0976d56fa61f42304 (ffmpeg pre-installed) | Codec: libx265 | Threads: 5
[14:45:06.094] [Setup] Starting video split...
[14:45:06.169] [Setup] Video: 600.0s → 10 parts of 60.0s
[14:45:09.063] [Setup] Video split complete.
[14:45:09.063] [Summary] SPLIT TIME: 2.97s
[14:45:11.048] [Part 08] Launching m7g.large...
[14:45:11.066] [Part 07] Launching m7g.large...
[14:45:11.068] [Part 00] Launching m7g.large...
[14:45:11.102] [Part 03] Launching m7g.large...
[14:45:11.122] [Part 01] Launching m7g.large...
[14:45:11.138] [Part 09] Launching m7g.large...
[14:45:11.154] [Part 05] Launching m7g.large...
[14:45:11.181] [Part 06] Launching m7g.large...
[14:45:11.195] [Part 04] Launching m7g.large...
[14:45:11.202] [Part 02] Launching m7g.large...
[14:45:28.668] [Part 07] Instance ready. IP: 54.89.102.141
[14:45:28.711] [Part 09] Instance ready. IP: 100.30.239.138
[14:45:28.732] [Part 02] Instance ready. IP: 32.192.198.218
[14:45:28.766] [Part 05] Instance ready. IP: 54.85.29.54
[14:45:28.843] [Part 03] Instance ready. IP: 54.224.235.107
[14:45:28.954] [Part 01] Instance ready. IP: 54.234.79.187
[14:45:28.960] [Part 04] Instance ready. IP: 100.24.39.5
[14:45:29.019] [Part 08] Instance ready. IP: 174.129.101.209
[14:45:29.035] [Part 06] Instance ready. IP: 54.172.150.53
[14:45:29.106] [Part 00] Instance ready. IP: 34.204.87.137
[14:46:00.543] [Part 09] CPU: aarch64
CPU part	: 0xd40
[14:46:00.712] [Part 07] CPU: aarch64
CPU part	: 0xd40
[14:46:00.853] [Part 03] CPU: aarch64
CPU part	: 0xd40
[14:46:00.912] [Part 02] CPU: aarch64
CPU part	: 0xd40
[14:46:00.963] [Part 04] CPU: aarch64
CPU part	: 0xd40
[14:46:01.005] [Part 05] CPU: aarch64
CPU part	: 0xd40
[14:46:01.005] [Part 09] Uploading segment...
[14:46:01.033] [Part 06] CPU: aarch64
CPU part	: 0xd40
[14:46:01.079] [Part 08] CPU: aarch64
CPU part	: 0xd40
[14:46:01.173] [Part 01] CPU: aarch64
CPU part	: 0xd40
[14:46:01.176] [Part 07] Uploading segment...
[14:46:01.315] [Part 03] Uploading segment...
[14:46:01.342] [Part 00] CPU: aarch64
CPU part	: 0xd40
[14:46:01.394] [Part 02] Uploading segment...
[14:46:01.487] [Part 05] Uploading segment...
[14:46:01.497] [Part 06] Uploading segment...
[14:46:01.551] [Part 04] Uploading segment...
[14:46:01.572] [Part 08] Uploading segment...
[14:46:01.648] [Part 01] Uploading segment...
[14:46:01.845] [Part 00] Uploading segment...
[14:46:03.979] [Part 09] Running compression...
[14:46:07.063] [Part 03] Running compression...
[14:46:07.337] [Part 07] Running compression...
[14:46:07.753] [Part 02] Running compression...
[14:46:09.336] [Part 01] Running compression...
[14:46:09.911] [Part 08] Running compression...
[14:46:09.961] [Part 05] Running compression...
[14:46:10.094] [Part 06] Running compression...
[14:46:10.244] [Part 04] Running compression...
[14:46:10.623] [Part 00] Running compression...
[14:47:23.005] [Part 05] Done!
[14:47:24.115] [Part 05] Instance terminated.
[14:47:34.021] [Part 04] Done!
[14:47:34.637] [Part 09] Done!
[14:47:35.127] [Part 04] Instance terminated.
[14:47:35.811] [Part 09] Instance terminated.
[14:47:40.686] [Part 07] Done!
[14:47:41.760] [Part 07] Instance terminated.
[14:47:42.919] [Part 00] Done!
[14:47:44.047] [Part 00] Instance terminated.
[14:47:51.478] [Part 08] Done!
[14:47:52.475] [Part 08] Instance terminated.
[14:47:55.175] [Part 03] Done!
[14:47:56.085] [Part 03] Instance terminated.
[14:47:59.261] [Part 02] Done!
[14:48:00.264] [Part 02] Instance terminated.
[14:48:00.763] [Part 06] Done!
[14:48:01.805] [Part 06] Instance terminated.
[14:48:01.842] [Part 01] Done!
[14:48:02.795] [Part 01] Instance terminated.
[14:48:02.799] ============================================================
[14:48:02.799] RESULTS — 10x m7g.large Horizontal OPTIMIZED
[14:48:02.799]   Total Time:    176.70s (2.95 min)
[14:48:02.799]   Split Time:    2.97s
[14:48:02.799]   Parallel Time: 173.74s (2.90 min)
[14:48:02.799] ============================================================
