[14:10:47.214] === Phase 3.2 OPTIMIZED Horizontal: 10x m7g.large ===
[14:10:47.214] AMI: ami-0976d56fa61f42304 (ffmpeg pre-installed) | Codec: libx265 | Threads: 5
[14:10:47.214] [Setup] Starting video split...
[14:10:47.382] [Setup] Video: 600.0s → 10 parts of 60.0s
[14:10:51.002] [Setup] Video split complete.
[14:10:51.003] [Summary] SPLIT TIME: 3.79s
[14:10:54.023] [Part 04] Launching m7g.large...
[14:10:54.107] [Part 06] Launching m7g.large...
[14:10:54.146] [Part 00] Launching m7g.large...
[14:10:54.178] [Part 09] Launching m7g.large...
[14:10:54.200] [Part 08] Launching m7g.large...
[14:10:54.249] [Part 07] Launching m7g.large...
[14:10:54.278] [Part 02] Launching m7g.large...
[14:10:54.305] [Part 03] Launching m7g.large...
[14:10:54.348] [Part 01] Launching m7g.large...
[14:10:54.374] [Part 05] Launching m7g.large...
[14:11:11.763] [Part 00] Instance ready. IP: 107.23.164.35
[14:11:11.930] [Part 07] Instance ready. IP: 3.88.172.9
[14:11:11.953] [Part 08] Instance ready. IP: 54.82.205.32
[14:11:12.093] [Part 09] Instance ready. IP: 54.163.201.94
[14:11:12.155] [Part 02] Instance ready. IP: 34.207.181.146
[14:11:12.162] [Part 06] Instance ready. IP: 34.228.82.241
[14:11:12.168] [Part 03] Instance ready. IP: 3.89.38.52
[14:11:12.172] [Part 04] Instance ready. IP: 54.210.184.106
[14:11:12.279] [Part 01] Instance ready. IP: 34.234.64.91
[14:11:12.306] [Part 05] Instance ready. IP: 3.84.143.172
[14:11:43.567] [Part 00] CPU: aarch64
CPU part	: 0xd40
[14:11:43.795] [Part 07] CPU: aarch64
CPU part	: 0xd40
[14:11:44.031] [Part 00] Uploading segment...
[14:11:44.173] [Part 08] CPU: aarch64
CPU part	: 0xd40
[14:11:44.223] [Part 04] CPU: aarch64
CPU part	: 0xd40
[14:11:44.267] [Part 07] Uploading segment...
[14:11:44.329] [Part 06] CPU: aarch64
CPU part	: 0xd40
[14:11:44.357] [Part 03] CPU: aarch64
CPU part	: 0xd40
[14:11:44.365] [Part 09] CPU: aarch64
CPU part	: 0xd40
[14:11:44.381] [Part 05] CPU: aarch64
CPU part	: 0xd40
[14:11:44.532] [Part 02] CPU: aarch64
CPU part	: 0xd40
[14:11:44.557] [Part 01] CPU: aarch64
CPU part	: 0xd40
[14:11:44.638] [Part 08] Uploading segment...
[14:11:44.701] [Part 04] Uploading segment...
[14:11:44.836] [Part 06] Uploading segment...
[14:11:44.854] [Part 03] Uploading segment...
[14:11:44.875] [Part 05] Uploading segment...
[14:11:45.143] [Part 01] Uploading segment...
[14:11:45.153] [Part 02] Uploading segment...
[14:11:45.498] [Part 09] Uploading segment...
[14:11:46.498] [Part 00] Running compression...
[14:11:51.620] [Part 07] Running compression...
[14:11:52.514] [Part 03] Running compression...
[14:11:53.532] [Part 06] Running compression...
[14:11:53.878] [Part 04] Running compression...
[14:11:53.945] [Part 08] Running compression...
[14:11:54.163] [Part 09] Running compression...
[14:11:54.736] [Part 05] Running compression...
[14:11:55.070] [Part 02] Running compression...
[14:11:55.263] [Part 01] Running compression...
[14:13:09.362] [Part 00] Done!
[14:13:10.645] [Part 00] Instance terminated.
[14:13:23.851] [Part 08] Done!
[14:13:29.058] [Part 03] Done!
[14:13:29.067] [Part 08] Instance terminated.
[14:13:31.686] [Part 03] Instance terminated.
[14:13:32.266] [Part 04] Done!
[14:13:32.886] [Part 05] Done!
[14:13:33.766] [Part 04] Instance terminated.
[14:13:34.299] [Part 05] Instance terminated.
[14:13:41.657] [Part 07] Done!
[14:13:42.737] [Part 07] Instance terminated.
[14:13:43.825] [Part 01] Done!
[14:13:44.809] [Part 01] Instance terminated.
[14:13:51.078] [Part 09] Done!
[14:13:52.001] [Part 09] Instance terminated.
[14:13:55.833] [Part 06] Done!
[14:13:56.898] [Part 06] Instance terminated.
[14:13:58.608] [Part 02] Done!
[14:13:59.608] [Part 02] Instance terminated.
[14:13:59.617] ============================================================
[14:13:59.618] RESULTS — 10x m7g.large Horizontal OPTIMIZED
[14:13:59.618]   Total Time:    192.40s (3.21 min)
[14:13:59.618]   Split Time:    3.79s
[14:13:59.618]   Parallel Time: 188.61s (3.14 min)
[14:13:59.618] ============================================================
