[13:45:42.098] === Phase 3.2 OPTIMIZED Horizontal: 10x m7g.large ===
[13:45:42.098] AMI: ami-0976d56fa61f42304 (ffmpeg pre-installed) | Codec: libx265 | Threads: 5
[13:45:42.098] [Setup] Starting video split...
[13:45:42.303] [Setup] Video: 600.0s → 10 parts of 60.0s
[13:45:47.800] [Setup] Video split complete.
[13:45:47.801] [Summary] SPLIT TIME: 5.70s
[13:45:50.443] [Part 07] Launching m7g.large...
[13:45:50.779] [Part 01] Launching m7g.large...
[13:45:50.861] [Part 04] Launching m7g.large...
[13:45:50.930] [Part 08] Launching m7g.large...
[13:45:51.005] [Part 02] Launching m7g.large...
[13:45:51.079] [Part 05] Launching m7g.large...
[13:45:51.139] [Part 03] Launching m7g.large...
[13:45:51.196] [Part 09] Launching m7g.large...
[13:45:51.238] [Part 00] Launching m7g.large...
[13:45:51.276] [Part 06] Launching m7g.large...
[13:46:08.395] [Part 07] Instance ready. IP: 98.91.229.254
[13:46:08.508] [Part 01] Instance ready. IP: 54.237.218.107
[13:46:08.521] [Part 04] Instance ready. IP: 44.220.165.254
[13:46:08.591] [Part 08] Instance ready. IP: 54.81.117.205
[13:46:08.695] [Part 02] Instance ready. IP: 98.86.223.173
[13:46:08.839] [Part 00] Instance ready. IP: 54.164.116.42
[13:46:08.846] [Part 05] Instance ready. IP: 18.207.230.251
[13:46:08.998] [Part 09] Instance ready. IP: 34.229.234.128
[13:46:09.028] [Part 06] Instance ready. IP: 13.216.252.58
[13:46:09.262] [Part 03] Instance ready. IP: 54.210.220.127
[13:46:40.219] [Part 07] CPU: aarch64
CPU part	: 0xd40
[13:46:40.442] [Part 04] CPU: aarch64
CPU part	: 0xd40
[13:46:40.547] [Part 01] CPU: aarch64
CPU part	: 0xd40
[13:46:40.577] [Part 08] CPU: aarch64
CPU part	: 0xd40
[13:46:40.597] [Part 02] CPU: aarch64
CPU part	: 0xd40
[13:46:40.682] [Part 07] Uploading segment...
[13:46:40.904] [Part 06] CPU: aarch64
CPU part	: 0xd40
[13:46:40.910] [Part 04] Uploading segment...
[13:46:41.016] [Part 01] Uploading segment...
[13:46:41.033] [Part 00] CPU: aarch64
CPU part	: 0xd40
[13:46:41.046] [Part 08] Uploading segment...
[13:46:41.059] [Part 02] Uploading segment...
[13:46:41.066] [Part 09] CPU: aarch64
CPU part	: 0xd40
[13:46:41.132] [Part 05] CPU: aarch64
CPU part	: 0xd40
[13:46:41.166] [Part 03] CPU: aarch64
CPU part	: 0xd40
[13:46:41.387] [Part 06] Uploading segment...
[13:46:41.546] [Part 00] Uploading segment...
[13:46:41.623] [Part 09] Uploading segment...
[13:46:41.640] [Part 05] Uploading segment...
[13:46:41.681] [Part 03] Uploading segment...
[13:46:43.446] [Part 07] Running compression...
[13:46:46.747] [Part 02] Running compression...
[13:46:48.330] [Part 08] Running compression...
[13:46:48.851] [Part 04] Running compression...
[13:46:49.027] [Part 01] Running compression...
[13:46:49.395] [Part 06] Running compression...
[13:46:49.466] [Part 03] Running compression...
[13:46:50.090] [Part 00] Running compression...
[13:46:50.241] [Part 09] Running compression...
[13:46:52.978] [Part 05] Running compression...
[13:48:00.057] [Part 01] Done!
[13:48:01.487] [Part 01] Instance terminated.
[13:48:08.258] [Part 06] Done!
[13:48:09.260] [Part 03] Done!
[13:48:10.154] [Part 06] Instance terminated.
[13:48:11.729] [Part 03] Instance terminated.
[13:48:13.449] [Part 00] Done!
[13:48:14.579] [Part 00] Instance terminated.
[13:48:17.403] [Part 07] Done!
[13:48:18.546] [Part 07] Instance terminated.
[13:48:28.025] [Part 05] Done!
[13:48:29.311] [Part 05] Instance terminated.
[13:48:29.609] [Part 04] Done!
[13:48:30.815] [Part 04] Instance terminated.
[13:48:31.473] [Part 09] Done!
[13:48:32.610] [Part 09] Instance terminated.
[13:48:34.383] [Part 02] Done!
[13:48:35.563] [Part 02] Instance terminated.
[13:48:36.533] [Part 08] Done!
[13:48:37.871] [Part 08] Instance terminated.
[13:48:37.883] ============================================================
[13:48:37.883] RESULTS — 10x m7g.large Horizontal OPTIMIZED
[13:48:37.883]   Total Time:    175.78s (2.93 min)
[13:48:37.884]   Split Time:    5.70s
[13:48:37.884]   Parallel Time: 170.08s (2.83 min)
[13:48:37.884] ============================================================
