[14:07:21.336] === Phase 3.2 OPTIMIZED Horizontal: 10x m7g.large ===
[14:07:21.336] AMI: ami-0976d56fa61f42304 (ffmpeg pre-installed) | Codec: libx265 | Threads: 5
[14:07:21.336] [Setup] Starting video split...
[14:07:21.771] [Setup] Video: 600.0s → 10 parts of 60.0s
[14:07:33.474] [Setup] Video split complete.
[14:07:33.475] [Summary] SPLIT TIME: 12.14s
[14:07:39.605] [Part 03] Launching m7g.large...
[14:07:39.742] [Part 07] Launching m7g.large...
[14:07:40.199] [Part 02] Launching m7g.large...
[14:07:40.229] [Part 00] Launching m7g.large...
[14:07:40.247] [Part 08] Launching m7g.large...
[14:07:40.401] [Part 09] Launching m7g.large...
[14:07:40.554] [Part 04] Launching m7g.large...
[14:07:40.685] [Part 01] Launching m7g.large...
[14:07:40.691] [Part 06] Launching m7g.large...
[14:07:40.729] [Part 05] Launching m7g.large...
[14:07:57.695] [Part 07] Instance ready. IP: 54.174.237.205
[14:07:57.798] [Part 03] Instance ready. IP: 100.24.62.197
[14:07:58.003] [Part 02] Instance ready. IP: 98.81.161.66
[14:07:58.086] [Part 00] Instance ready. IP: 98.94.14.172
[14:07:58.301] [Part 09] Instance ready. IP: 54.158.57.68
[14:07:58.321] [Part 08] Instance ready. IP: 3.80.218.78
[14:07:58.913] [Part 01] Instance ready. IP: 34.201.64.216
[14:08:00.651] [Part 04] Instance ready. IP: 100.54.246.92
[14:08:02.037] [Part 05] Instance ready. IP: 34.235.137.36
[14:08:02.128] [Part 06] Instance ready. IP: 54.226.139.34
[14:08:29.628] [Part 07] CPU: aarch64
CPU part	: 0xd40
[14:08:29.674] [Part 03] CPU: aarch64
CPU part	: 0xd40
[14:08:29.835] [Part 02] CPU: aarch64
CPU part	: 0xd40
[14:08:30.087] [Part 07] Uploading segment...
[14:08:30.094] [Part 00] CPU: aarch64
CPU part	: 0xd40
[14:08:30.156] [Part 03] Uploading segment...
[14:08:30.296] [Part 02] Uploading segment...
[14:08:30.308] [Part 09] CPU: aarch64
CPU part	: 0xd40
[14:08:30.349] [Part 08] CPU: aarch64
CPU part	: 0xd40
[14:08:30.557] [Part 00] Uploading segment...
[14:08:30.790] [Part 09] Uploading segment...
[14:08:30.809] [Part 01] CPU: aarch64
CPU part	: 0xd40
[14:08:30.838] [Part 08] Uploading segment...
[14:08:31.467] [Part 01] Uploading segment...
[14:08:32.880] [Part 04] CPU: aarch64
CPU part	: 0xd40
[14:08:33.632] [Part 07] Running compression...
[14:08:33.724] [Part 03] Running compression...
[14:08:33.816] [Part 04] Uploading segment...
[14:08:34.150] [Part 05] CPU: aarch64
CPU part	: 0xd40
[14:08:34.297] [Part 06] CPU: aarch64
CPU part	: 0xd40
[14:08:34.749] [Part 05] Uploading segment...
[14:08:34.920] [Part 06] Uploading segment...
[14:08:35.195] [Part 02] Running compression...
[14:08:38.545] [Part 09] Running compression...
[14:08:38.832] [Part 08] Running compression...
[14:08:38.871] [Part 00] Running compression...
[14:08:39.287] [Part 04] Running compression...
[14:08:39.513] [Part 01] Running compression...
[14:08:40.417] [Part 05] Running compression...
[14:08:41.614] [Part 06] Running compression...
[14:09:49.837] [Part 01] Done!
[14:09:50.855] [Part 01] Instance terminated.
[14:10:02.916] [Part 03] Done!
[14:10:03.103] [Part 09] Done!
[14:10:04.583] [Part 00] Done!
[14:10:05.342] [Part 03] Instance terminated.
[14:10:05.405] [Part 06] Done!
[14:10:05.691] [Part 00] Instance terminated.
[14:10:05.813] [Part 09] Instance terminated.
[14:10:06.522] [Part 06] Instance terminated.
[14:10:25.619] [Part 05] Done!
[14:10:26.600] [Part 05] Instance terminated.
[14:10:27.186] [Part 07] Done!
[14:10:28.296] [Part 07] Instance terminated.
[14:10:36.734] [Part 02] Done!
[14:10:37.810] [Part 02] Instance terminated.
[14:10:43.516] [Part 08] Done!
[14:10:44.074] [Part 04] Done!
[14:10:44.531] [Part 08] Instance terminated.
[14:10:45.039] [Part 04] Instance terminated.
[14:10:45.042] ============================================================
[14:10:45.042] RESULTS — 10x m7g.large Horizontal OPTIMIZED
[14:10:45.042]   Total Time:    203.71s (3.40 min)
[14:10:45.042]   Split Time:    12.14s
[14:10:45.042]   Parallel Time: 191.57s (3.19 min)
[14:10:45.042] ============================================================
