[13:42:43.793] === Phase 3.2 OPTIMIZED Horizontal: 10x m7g.large ===
[13:42:43.794] AMI: ami-0976d56fa61f42304 (ffmpeg pre-installed) | Codec: libx265 | Threads: 5
[13:42:43.794] [Setup] Starting video split...
[13:42:44.311] [Setup] Video: 600.0s → 10 parts of 60.0s
[13:42:52.716] [Setup] Video split complete.
[13:42:52.717] [Summary] SPLIT TIME: 8.92s
[13:42:58.409] [Part 07] Launching m7g.large...
[13:42:58.431] [Part 00] Launching m7g.large...
[13:42:58.729] [Part 05] Launching m7g.large...
[13:42:58.826] [Part 06] Launching m7g.large...
[13:42:58.946] [Part 04] Launching m7g.large...
[13:42:59.037] [Part 02] Launching m7g.large...
[13:42:59.190] [Part 09] Launching m7g.large...
[13:42:59.218] [Part 08] Launching m7g.large...
[13:42:59.244] [Part 01] Launching m7g.large...
[13:42:59.326] [Part 03] Launching m7g.large...
[13:43:16.693] [Part 06] Instance ready. IP: 107.22.125.91
[13:43:16.820] [Part 05] Instance ready. IP: 50.17.15.85
[13:43:16.829] [Part 04] Instance ready. IP: 54.80.97.249
[13:43:16.888] [Part 07] Instance ready. IP: 184.73.140.245
[13:43:16.914] [Part 08] Instance ready. IP: 35.153.141.144
[13:43:16.934] [Part 00] Instance ready. IP: 34.207.170.203
[13:43:17.021] [Part 02] Instance ready. IP: 13.217.209.168
[13:43:17.120] [Part 09] Instance ready. IP: 34.229.50.115
[13:43:17.155] [Part 01] Instance ready. IP: 54.80.71.143
[13:43:19.995] [Part 03] Instance ready. IP: 54.166.241.80
[13:43:48.745] [Part 06] CPU: aarch64
CPU part	: 0xd40
[13:43:48.817] [Part 05] CPU: aarch64
CPU part	: 0xd40
[13:43:48.944] [Part 08] CPU: aarch64
CPU part	: 0xd40
[13:43:48.947] [Part 04] CPU: aarch64
CPU part	: 0xd40
[13:43:49.114] [Part 07] CPU: aarch64
CPU part	: 0xd40
[13:43:49.206] [Part 00] CPU: aarch64
CPU part	: 0xd40
[13:43:49.212] [Part 06] Uploading segment...
[13:43:49.287] [Part 05] Uploading segment...
[13:43:49.304] [Part 02] CPU: aarch64
CPU part	: 0xd40
[13:43:49.412] [Part 08] Uploading segment...
[13:43:49.437] [Part 04] Uploading segment...
[13:43:49.464] [Part 01] CPU: aarch64
CPU part	: 0xd40
[13:43:49.487] [Part 09] CPU: aarch64
CPU part	: 0xd40
[13:43:49.583] [Part 07] Uploading segment...
[13:43:49.705] [Part 00] Uploading segment...
[13:43:49.813] [Part 02] Uploading segment...
[13:43:49.998] [Part 01] Uploading segment...
[13:43:50.005] [Part 09] Uploading segment...
[13:43:52.554] [Part 03] CPU: aarch64
CPU part	: 0xd40
[13:43:52.885] [Part 06] Running compression...
[13:43:53.202] [Part 03] Uploading segment...
[13:43:54.032] [Part 05] Running compression...
[13:43:54.384] [Part 08] Running compression...
[13:43:55.944] [Part 04] Running compression...
[13:43:56.234] [Part 03] Running compression...
[13:43:57.562] [Part 07] Running compression...
[13:43:58.628] [Part 00] Running compression...
[13:43:59.014] [Part 09] Running compression...
[13:43:59.021] [Part 01] Running compression...
[13:43:59.171] [Part 02] Running compression...
[13:45:14.461] [Part 08] Done!
[13:45:15.513] [Part 09] Done!
[13:45:15.666] [Part 08] Instance terminated.
[13:45:16.831] [Part 09] Instance terminated.
[13:45:19.192] [Part 01] Done!
[13:45:20.526] [Part 01] Instance terminated.
[13:45:23.282] [Part 04] Done!
[13:45:23.334] [Part 06] Done!
[13:45:23.950] [Part 02] Done!
[13:45:24.351] [Part 04] Instance terminated.
[13:45:24.416] [Part 06] Instance terminated.
[13:45:25.019] [Part 02] Instance terminated.
[13:45:27.406] [Part 05] Done!
[13:45:28.442] [Part 05] Instance terminated.
[13:45:31.715] [Part 00] Done!
[13:45:32.767] [Part 00] Instance terminated.
[13:45:33.300] [Part 03] Done!
[13:45:34.365] [Part 03] Instance terminated.
[13:45:37.806] [Part 07] Done!
[13:45:38.864] [Part 07] Instance terminated.
[13:45:38.877] ============================================================
[13:45:38.877] RESULTS — 10x m7g.large Horizontal OPTIMIZED
[13:45:38.877]   Total Time:    175.08s (2.92 min)
[13:45:38.877]   Split Time:    8.92s
[13:45:38.878]   Parallel Time: 166.16s (2.77 min)
[13:45:38.878] ============================================================
