[15:09:21.153] === Phase 3.2 OPTIMIZED Horizontal: 10x m7g.large ===
[15:09:21.153] AMI: ami-0976d56fa61f42304 (ffmpeg pre-installed) | Codec: libx265 | Threads: 5
[15:09:21.154] [Setup] Starting video split...
[15:09:21.377] [Setup] Video: 600.0s → 10 parts of 60.0s
[15:09:25.570] [Setup] Video split complete.
[15:09:25.570] [Summary] SPLIT TIME: 4.42s
[15:09:28.274] [Part 06] Launching m7g.large...
[15:09:28.362] [Part 01] Launching m7g.large...
[15:09:28.419] [Part 03] Launching m7g.large...
[15:09:28.497] [Part 00] Launching m7g.large...
[15:09:28.521] [Part 02] Launching m7g.large...
[15:09:28.552] [Part 09] Launching m7g.large...
[15:09:28.612] [Part 08] Launching m7g.large...
[15:09:28.695] [Part 07] Launching m7g.large...
[15:09:28.704] [Part 05] Launching m7g.large...
[15:09:28.754] [Part 04] Launching m7g.large...
[15:09:45.945] [Part 06] Instance ready. IP: 54.91.43.44
[15:09:45.960] [Part 01] Instance ready. IP: 54.87.130.59
[15:09:46.021] [Part 03] Instance ready. IP: 54.80.96.31
[15:09:46.026] [Part 02] Instance ready. IP: 3.81.117.20
[15:09:46.192] [Part 08] Instance ready. IP: 54.196.113.210
[15:09:46.208] [Part 00] Instance ready. IP: 107.22.84.32
[15:09:46.212] [Part 07] Instance ready. IP: 34.203.231.138
[15:09:46.292] [Part 09] Instance ready. IP: 52.203.181.10
[15:09:46.359] [Part 04] Instance ready. IP: 98.82.164.178
[15:09:46.584] [Part 05] Instance ready. IP: 35.153.166.74
[15:10:17.973] [Part 02] CPU: aarch64
CPU part	: 0xd40
[15:10:18.004] [Part 01] CPU: aarch64
CPU part	: 0xd40
[15:10:18.027] [Part 09] CPU: aarch64
CPU part	: 0xd40
[15:10:18.032] [Part 00] CPU: aarch64
CPU part	: 0xd40
[15:10:18.088] [Part 06] CPU: aarch64
CPU part	: 0xd40
[15:10:18.139] [Part 08] CPU: aarch64
CPU part	: 0xd40
[15:10:18.165] [Part 03] CPU: aarch64
CPU part	: 0xd40
[15:10:18.451] [Part 04] CPU: aarch64
CPU part	: 0xd40
[15:10:18.465] [Part 02] Uploading segment...
[15:10:18.467] [Part 07] CPU: aarch64
CPU part	: 0xd40
[15:10:18.468] [Part 01] Uploading segment...
[15:10:18.495] [Part 09] Uploading segment...
[15:10:18.496] [Part 00] Uploading segment...
[15:10:18.553] [Part 06] Uploading segment...
[15:10:18.573] [Part 05] CPU: aarch64
CPU part	: 0xd40
[15:10:18.605] [Part 08] Uploading segment...
[15:10:18.630] [Part 03] Uploading segment...
[15:10:18.921] [Part 04] Uploading segment...
[15:10:18.979] [Part 07] Uploading segment...
[15:10:19.102] [Part 05] Uploading segment...
[15:10:21.986] [Part 01] Running compression...
[15:10:24.215] [Part 09] Running compression...
[15:10:24.680] [Part 00] Running compression...
[15:10:25.014] [Part 02] Running compression...
[15:10:26.203] [Part 06] Running compression...
[15:10:26.981] [Part 04] Running compression...
[15:10:27.665] [Part 03] Running compression...
[15:10:27.693] [Part 08] Running compression...
[15:10:27.773] [Part 07] Running compression...
[15:10:27.810] [Part 05] Running compression...
[15:11:35.579] [Part 09] Done!
[15:11:36.604] [Part 09] Instance terminated.
[15:11:48.728] [Part 04] Done!
[15:11:50.078] [Part 04] Instance terminated.
[15:11:59.984] [Part 00] Done!
[15:12:11.842] [Part 08] Done!
[15:12:16.742] [Part 07] Done!
[15:12:18.183] [Part 07] Instance terminated.
[15:12:19.901] [Part 08] Instance terminated.
[15:12:23.967] [Part 02] Done!
[15:12:30.130] [Part 00] Instance terminated.
[15:12:32.330] [Part 01] Done!
[15:12:33.312] [Part 05] Done!
[15:12:33.389] [Part 01] Instance terminated.
[15:12:34.357] [Part 05] Instance terminated.
[15:12:35.801] [Part 02] Instance terminated.
[15:12:52.002] [Part 03] Done!
[15:12:53.070] [Part 03] Instance terminated.
[15:12:58.143] [Part 06] Done!
[15:12:59.123] [Part 06] Instance terminated.
[15:12:59.131] ============================================================
[15:12:59.131] RESULTS — 10x m7g.large Horizontal OPTIMIZED
[15:12:59.132]   Total Time:    217.98s (3.63 min)
[15:12:59.132]   Split Time:    4.42s
[15:12:59.132]   Parallel Time: 213.56s (3.56 min)
[15:12:59.132] ============================================================
