[15:06:17.070] === Phase 3.2 OPTIMIZED Horizontal: 10x m7g.large ===
[15:06:17.070] AMI: ami-0976d56fa61f42304 (ffmpeg pre-installed) | Codec: libx265 | Threads: 5
[15:06:17.070] [Setup] Starting video split...
[15:06:17.153] [Setup] Video: 600.0s → 10 parts of 60.0s
[15:06:19.236] [Setup] Video split complete.
[15:06:19.236] [Summary] SPLIT TIME: 2.17s
[15:06:20.686] [Part 03] Launching m7g.large...
[15:06:20.772] [Part 05] Launching m7g.large...[15:06:20.777] [Part 07] Launching m7g.large...[15:06:20.780] [Part 08] Launching m7g.large...[15:06:20.784] [Part 00] Launching m7g.large...
[15:06:20.792] [Part 04] Launching m7g.large...


[15:06:20.801] [Part 01] Launching m7g.large...

[15:06:20.823] [Part 09] Launching m7g.large...
[15:06:20.845] [Part 02] Launching m7g.large...
[15:06:20.859] [Part 06] Launching m7g.large...
[15:06:38.782] [Part 05] Instance ready. IP: 3.80.238.110
[15:06:38.816] [Part 04] Instance ready. IP: 3.82.63.85
[15:06:38.835] [Part 00] Instance ready. IP: 54.198.25.18
[15:06:38.845] [Part 09] Instance ready. IP: 52.90.186.80
[15:06:38.847] [Part 06] Instance ready. IP: 54.145.76.227
[15:06:38.883] [Part 08] Instance ready. IP: 54.80.22.8
[15:06:38.896] [Part 07] Instance ready. IP: 34.228.191.30
[15:06:38.927] [Part 02] Instance ready. IP: 34.229.118.91
[15:06:39.065] [Part 01] Instance ready. IP: 13.221.36.180
[15:06:39.073] [Part 03] Instance ready. IP: 34.201.166.78
[15:07:10.809] [Part 02] CPU: aarch64
CPU part	: 0xd40
[15:07:10.820] [Part 05] CPU: aarch64
CPU part	: 0xd40
[15:07:10.866] [Part 07] CPU: aarch64
CPU part	: 0xd40
[15:07:10.897] [Part 00] CPU: aarch64
CPU part	: 0xd40
[15:07:10.910] [Part 06] CPU: aarch64
CPU part	: 0xd40
[15:07:11.035] [Part 04] CPU: aarch64
CPU part	: 0xd40
[15:07:11.048] [Part 08] CPU: aarch64
CPU part	: 0xd40
[15:07:11.145] [Part 03] CPU: aarch64
CPU part	: 0xd40
[15:07:11.197] [Part 09] CPU: aarch64
CPU part	: 0xd40
[15:07:11.239] [Part 01] CPU: aarch64
CPU part	: 0xd40
[15:07:11.284] [Part 02] Uploading segment...
[15:07:11.299] [Part 05] Uploading segment...
[15:07:11.344] [Part 07] Uploading segment...
[15:07:11.362] [Part 00] Uploading segment...
[15:07:11.377] [Part 06] Uploading segment...
[15:07:11.513] [Part 04] Uploading segment...
[15:07:11.537] [Part 08] Uploading segment...
[15:07:11.627] [Part 03] Uploading segment...
[15:07:11.681] [Part 09] Uploading segment...
[15:07:11.732] [Part 01] Uploading segment...
[15:07:17.379] [Part 00] Running compression...
[15:07:17.412] [Part 05] Running compression...
[15:07:17.425] [Part 07] Running compression...
[15:07:17.553] [Part 02] Running compression...
[15:07:18.137] [Part 06] Running compression...
[15:07:20.012] [Part 08] Running compression...
[15:07:20.297] [Part 04] Running compression...
[15:07:20.618] [Part 09] Running compression...
[15:07:20.706] [Part 03] Running compression...
[15:07:20.745] [Part 01] Running compression...
[15:08:34.175] [Part 01] Done!
[15:08:35.572] [Part 01] Instance terminated.
[15:08:41.519] [Part 09] Done!
[15:08:47.413] [Part 09] Instance terminated.
[15:08:48.401] [Part 06] Done!
[15:08:53.288] [Part 06] Instance terminated.
[15:08:57.033] [Part 07] Done!
[15:08:58.046] [Part 08] Done!
[15:08:58.646] [Part 07] Instance terminated.
[15:08:59.069] [Part 00] Done!
[15:08:59.242] [Part 08] Instance terminated.
[15:09:00.039] [Part 00] Instance terminated.
[15:09:06.838] [Part 05] Done!
[15:09:08.126] [Part 05] Instance terminated.
[15:09:11.125] [Part 04] Done!
[15:09:12.128] [Part 04] Instance terminated.
[15:09:14.534] [Part 02] Done!
[15:09:15.554] [Part 02] Instance terminated.
[15:09:17.790] [Part 03] Done!
[15:09:18.905] [Part 03] Instance terminated.
[15:09:18.909] ============================================================
[15:09:18.909] RESULTS — 10x m7g.large Horizontal OPTIMIZED
[15:09:18.910]   Total Time:    181.84s (3.03 min)
[15:09:18.910]   Split Time:    2.17s
[15:09:18.910]   Parallel Time: 179.67s (2.99 min)
[15:09:18.910] ============================================================
