[14:17:18.358] === Phase 3.2 OPTIMIZED Horizontal: 10x m7g.large ===
[14:17:18.358] AMI: ami-0976d56fa61f42304 (ffmpeg pre-installed) | Codec: libx265 | Threads: 5
[14:17:18.358] [Setup] Starting video split...
[14:17:18.410] [Setup] Video: 600.0s → 10 parts of 60.0s
[14:17:19.861] [Setup] Video split complete.
[14:17:19.861] [Summary] SPLIT TIME: 1.50s
[14:17:20.781] [Part 07] Launching m7g.large...
[14:17:20.798] [Part 05] Launching m7g.large...
[14:17:20.807] [Part 02] Launching m7g.large...
[14:17:20.826] [Part 06] Launching m7g.large...
[14:17:20.846] [Part 08] Launching m7g.large...
[14:17:20.863] [Part 09] Launching m7g.large...
[14:17:20.881] [Part 01] Launching m7g.large...
[14:17:20.883] [Part 04] Launching m7g.large...
[14:17:20.894] [Part 03] Launching m7g.large...
[14:17:20.907] [Part 00] Launching m7g.large...
[14:17:38.494] [Part 04] Instance ready. IP: 13.220.55.58
[14:17:38.499] [Part 08] Instance ready. IP: 23.23.70.50[14:17:38.502] [Part 06] Instance ready. IP: 34.229.134.34[14:17:38.506] [Part 09] Instance ready. IP: 100.53.190.51


[14:17:38.513] [Part 01] Instance ready. IP: 100.31.100.33
[14:17:38.529] [Part 02] Instance ready. IP: 34.227.9.47
[14:17:38.546] [Part 00] Instance ready. IP: 54.234.125.252
[14:17:38.557] [Part 05] Instance ready. IP: 54.163.62.218
[14:17:38.561] [Part 03] Instance ready. IP: 13.218.227.153
[14:17:38.565] [Part 07] Instance ready. IP: 18.207.127.236
[14:18:10.436] [Part 05] CPU: aarch64
CPU part	: 0xd40
[14:18:10.470] [Part 09] CPU: aarch64
CPU part	: 0xd40
[14:18:10.496] [Part 03] CPU: aarch64
CPU part	: 0xd40
[14:18:10.522] [Part 01] CPU: aarch64
CPU part	: 0xd40
[14:18:10.530] [Part 06] CPU: aarch64
CPU part	: 0xd40
[14:18:10.534] [Part 04] CPU: aarch64
CPU part	: 0xd40
[14:18:10.641] [Part 07] CPU: aarch64
CPU part	: 0xd40
[14:18:10.723] [Part 08] CPU: aarch64
CPU part	: 0xd40
[14:18:10.741] [Part 02] CPU: aarch64
CPU part	: 0xd40
[14:18:10.747] [Part 00] CPU: aarch64
CPU part	: 0xd40
[14:18:10.897] [Part 05] Uploading segment...
[14:18:10.953] [Part 09] Uploading segment...
[14:18:10.970] [Part 03] Uploading segment...
[14:18:11.002] [Part 01] Uploading segment...
[14:18:11.008] [Part 04] Uploading segment...[14:18:11.008] [Part 06] Uploading segment...

[14:18:11.102] [Part 07] Uploading segment...
[14:18:11.186] [Part 08] Uploading segment...
[14:18:11.221] [Part 02] Uploading segment...
[14:18:11.236] [Part 00] Uploading segment...
[14:18:16.681] [Part 03] Running compression...
[14:18:19.514] [Part 04] Running compression...
[14:18:19.555] [Part 05] Running compression...
[14:18:19.809] [Part 07] Running compression...
[14:18:20.147] [Part 09] Running compression...
[14:18:20.225] [Part 01] Running compression...
[14:18:20.307] [Part 08] Running compression...
[14:18:20.854] [Part 00] Running compression...
[14:18:20.974] [Part 06] Running compression...
[14:18:21.013] [Part 02] Running compression...
[14:19:33.899] [Part 01] Done!
[14:19:34.910] [Part 01] Instance terminated.
[14:20:00.124] [Part 02] Done!
[14:20:01.227] [Part 02] Instance terminated.
[14:20:01.315] [Part 00] Done!
[14:20:01.446] [Part 05] Done!
[14:20:02.348] [Part 00] Instance terminated.
[14:20:02.516] [Part 05] Instance terminated.
[14:20:11.529] [Part 03] Done!
[14:20:11.884] [Part 04] Done!
[14:20:12.266] [Part 09] Done!
[14:20:12.666] [Part 03] Instance terminated.
[14:20:12.802] [Part 04] Instance terminated.
[14:20:13.329] [Part 09] Instance terminated.
[14:20:14.641] [Part 07] Done!
[14:20:15.626] [Part 07] Instance terminated.
[14:20:19.367] [Part 08] Done!
[14:20:20.331] [Part 08] Instance terminated.
[14:20:25.990] [Part 06] Done!
[14:20:26.917] [Part 06] Instance terminated.
[14:20:26.918] ============================================================
[14:20:26.918] RESULTS — 10x m7g.large Horizontal OPTIMIZED
[14:20:26.918]   Total Time:    188.56s (3.14 min)
[14:20:26.918]   Split Time:    1.50s
[14:20:26.918]   Parallel Time: 187.06s (3.12 min)
[14:20:26.918] ============================================================
