[13:54:39.214] === Phase 3.2 OPTIMIZED Horizontal: 10x m7g.large ===
[13:54:39.214] AMI: ami-0976d56fa61f42304 (ffmpeg pre-installed) | Codec: libx265 | Threads: 5
[13:54:39.214] [Setup] Starting video split...
[13:54:39.533] [Setup] Video: 600.0s → 10 parts of 60.0s
[13:54:47.048] [Setup] Video split complete.
[13:54:47.048] [Summary] SPLIT TIME: 7.83s
[13:54:51.864] [Part 03] Launching m7g.large...
[13:54:51.920] [Part 00] Launching m7g.large...
[13:54:52.051] [Part 01] Launching m7g.large...
[13:54:52.113] [Part 04] Launching m7g.large...
[13:54:52.245] [Part 05] Launching m7g.large...
[13:54:52.340] [Part 08] Launching m7g.large...
[13:54:52.396] [Part 09] Launching m7g.large...
[13:54:52.444] [Part 06] Launching m7g.large...
[13:54:52.495] [Part 02] Launching m7g.large...
[13:54:52.562] [Part 07] Launching m7g.large...
[13:55:09.600] [Part 00] Instance ready. IP: 54.80.143.59
[13:55:09.744] [Part 01] Instance ready. IP: 3.92.143.24
[13:55:09.788] [Part 03] Instance ready. IP: 54.162.25.80
[13:55:09.818] [Part 04] Instance ready. IP: 107.23.243.165
[13:55:10.072] [Part 05] Instance ready. IP: 100.48.3.18
[13:55:10.199] [Part 08] Instance ready. IP: 100.30.186.174[13:55:10.210] [Part 09] Instance ready. IP: 52.55.221.8

[13:55:10.221] [Part 06] Instance ready. IP: 18.207.194.153
[13:55:10.233] [Part 02] Instance ready. IP: 50.17.173.3
[13:55:12.883] [Part 07] Instance ready. IP: 3.88.86.153
[13:55:41.459] [Part 00] CPU: aarch64
CPU part	: 0xd40
[13:55:41.665] [Part 01] CPU: aarch64
CPU part	: 0xd40
[13:55:41.861] [Part 04] CPU: aarch64
CPU part	: 0xd40
[13:55:41.893] [Part 03] CPU: aarch64
CPU part	: 0xd40
[13:55:41.928] [Part 00] Uploading segment...
[13:55:42.144] [Part 01] Uploading segment...
[13:55:42.288] [Part 02] CPU: aarch64
CPU part	: 0xd40
[13:55:42.308] [Part 09] CPU: aarch64
CPU part	: 0xd40
[13:55:42.346] [Part 04] Uploading segment...
[13:55:42.371] [Part 05] CPU: aarch64
CPU part	: 0xd40
[13:55:42.378] [Part 03] Uploading segment...
[13:55:42.407] [Part 06] CPU: aarch64
CPU part	: 0xd40
[13:55:42.470] [Part 08] CPU: aarch64
CPU part	: 0xd40
[13:55:42.768] [Part 02] Uploading segment...
[13:55:42.812] [Part 09] Uploading segment...
[13:55:42.880] [Part 05] Uploading segment...
[13:55:42.912] [Part 06] Uploading segment...
[13:55:43.058] [Part 08] Uploading segment...
[13:55:44.323] [Part 00] Running compression...
[13:55:45.219] [Part 07] CPU: aarch64
CPU part	: 0xd40
[13:55:45.841] [Part 07] Uploading segment...
[13:55:48.510] [Part 04] Running compression...
[13:55:48.751] [Part 01] Running compression...
[13:55:50.273] [Part 07] Running compression...
[13:55:51.114] [Part 03] Running compression...
[13:55:51.291] [Part 02] Running compression...
[13:55:51.454] [Part 05] Running compression...
[13:55:51.489] [Part 09] Running compression...
[13:55:52.203] [Part 06] Running compression...
[13:55:52.212] [Part 08] Running compression...
[13:56:56.564] [Part 01] Done!
[13:56:57.776] [Part 01] Instance terminated.
[13:57:07.063] [Part 04] Done!
[13:57:08.361] [Part 04] Instance terminated.
[13:57:12.366] [Part 00] Done!
[13:57:13.679] [Part 00] Instance terminated.
[13:57:16.970] [Part 07] Done!
[13:57:17.596] [Part 05] Done!
[13:57:18.368] [Part 07] Instance terminated.
[13:57:18.886] [Part 02] Done!
[13:57:18.992] [Part 05] Instance terminated.
[13:57:20.094] [Part 02] Instance terminated.
[13:57:20.977] [Part 09] Done!
[13:57:21.179] [Part 08] Done!
[13:57:21.943] [Part 09] Instance terminated.
[13:57:22.235] [Part 08] Instance terminated.
[13:57:25.134] [Part 06] Done!
[13:57:26.141] [Part 06] Instance terminated.
[13:57:26.542] [Part 03] Done!
[13:57:27.524] [Part 03] Instance terminated.
[13:57:27.527] ============================================================
[13:57:27.528] RESULTS — 10x m7g.large Horizontal OPTIMIZED
[13:57:27.528]   Total Time:    168.31s (2.81 min)
[13:57:27.528]   Split Time:    7.83s
[13:57:27.528]   Parallel Time: 160.48s (2.67 min)
[13:57:27.528] ============================================================
