[14:26:39.463] === Phase 3.2 OPTIMIZED Horizontal: 10x m7g.large ===
[14:26:39.464] AMI: ami-0976d56fa61f42304 (ffmpeg pre-installed) | Codec: libx265 | Threads: 5
[14:26:39.464] [Setup] Starting video split...
[14:26:39.646] [Setup] Video: 600.0s → 10 parts of 60.0s
[14:26:44.419] [Setup] Video split complete.
[14:26:44.419] [Summary] SPLIT TIME: 4.96s
[14:26:46.930] [Part 00] Launching m7g.large...
[14:26:47.021] [Part 06] Launching m7g.large...
[14:26:47.149] [Part 05] Launching m7g.large...
[14:26:47.236] [Part 03] Launching m7g.large...
[14:26:47.319] [Part 09] Launching m7g.large...
[14:26:47.395] [Part 04] Launching m7g.large...
[14:26:47.476] [Part 08] Launching m7g.large...
[14:26:47.590] [Part 07] Launching m7g.large...
[14:26:47.590] [Part 01] Launching m7g.large...
[14:26:47.652] [Part 02] Launching m7g.large...
[14:27:04.765] [Part 00] Instance ready. IP: 34.204.40.190
[14:27:04.818] [Part 06] Instance ready. IP: 13.222.160.97
[14:27:04.968] [Part 03] Instance ready. IP: 50.16.6.86
[14:27:04.994] [Part 05] Instance ready. IP: 3.87.235.144
[14:27:05.006] [Part 09] Instance ready. IP: 44.223.18.32
[14:27:05.074] [Part 07] Instance ready. IP: 32.192.87.118
[14:27:05.166] [Part 04] Instance ready. IP: 52.87.173.68
[14:27:05.265] [Part 08] Instance ready. IP: 3.94.163.95
[14:27:05.275] [Part 02] Instance ready. IP: 54.82.72.189
[14:27:05.449] [Part 01] Instance ready. IP: 44.222.200.136
[14:27:36.808] [Part 03] CPU: aarch64
CPU part	: 0xd40
[14:27:36.834] [Part 06] CPU: aarch64
CPU part	: 0xd40
[14:27:36.846] [Part 00] CPU: aarch64
CPU part	: 0xd40
[14:27:36.877] [Part 09] CPU: aarch64
CPU part	: 0xd40
[14:27:37.060] [Part 07] CPU: aarch64
CPU part	: 0xd40
[14:27:37.114] [Part 05] CPU: aarch64
CPU part	: 0xd40
[14:27:37.145] [Part 01] CPU: aarch64
CPU part	: 0xd40
[14:27:37.217] [Part 02] CPU: aarch64
CPU part	: 0xd40
[14:27:37.226] [Part 04] CPU: aarch64
CPU part	: 0xd40
[14:27:37.297] [Part 03] Uploading segment...
[14:27:37.309] [Part 06] Uploading segment...
[14:27:37.318] [Part 00] Uploading segment...
[14:27:37.338] [Part 09] Uploading segment...
[14:27:37.520] [Part 07] Uploading segment...
[14:27:37.585] [Part 05] Uploading segment...
[14:27:37.606] [Part 01] Uploading segment...
[14:27:37.625] [Part 08] CPU: aarch64
CPU part	: 0xd40
[14:27:37.696] [Part 02] Uploading segment...
[14:27:37.713] [Part 04] Uploading segment...
[14:27:38.300] [Part 08] Uploading segment...
[14:27:42.583] [Part 03] Running compression...
[14:27:42.855] [Part 06] Running compression...
[14:27:43.976] [Part 09] Running compression...
[14:27:46.269] [Part 00] Running compression...
[14:27:46.813] [Part 07] Running compression...
[14:27:47.251] [Part 05] Running compression...
[14:27:47.381] [Part 02] Running compression...
[14:27:47.590] [Part 01] Running compression...
[14:27:48.356] [Part 04] Running compression...
[14:27:48.442] [Part 08] Running compression...
[14:28:54.664] [Part 01] Done!
[14:28:55.614] [Part 01] Instance terminated.
[14:29:09.186] [Part 00] Done!
[14:29:10.181] [Part 00] Instance terminated.
[14:29:16.433] [Part 09] Done!
[14:29:17.381] [Part 09] Instance terminated.
[14:29:19.348] [Part 03] Done!
[14:29:20.356] [Part 03] Instance terminated.
[14:29:27.901] [Part 04] Done!
[14:29:28.105] [Part 07] Done!
[14:29:28.249] [Part 05] Done!
[14:29:28.589] [Part 02] Done!
[14:29:28.889] [Part 04] Instance terminated.
[14:29:29.013] [Part 07] Instance terminated.
[14:29:29.142] [Part 05] Instance terminated.
[14:29:29.498] [Part 02] Instance terminated.
[14:29:29.638] [Part 08] Done!
[14:29:30.607] [Part 08] Instance terminated.
[14:29:33.414] [Part 06] Done!
[14:29:34.373] [Part 06] Instance terminated.
[14:29:34.380] ============================================================
[14:29:34.380] RESULTS — 10x m7g.large Horizontal OPTIMIZED
[14:29:34.380]   Total Time:    174.92s (2.92 min)
[14:29:34.380]   Split Time:    4.96s
[14:29:34.381]   Parallel Time: 169.96s (2.83 min)
[14:29:34.381] ============================================================
