[13:48:41.228] === Phase 3.2 OPTIMIZED Horizontal: 10x m7g.large ===
[13:48:41.229] AMI: ami-0976d56fa61f42304 (ffmpeg pre-installed) | Codec: libx265 | Threads: 5
[13:48:41.229] [Setup] Starting video split...
[13:48:41.717] [Setup] Video: 600.0s → 10 parts of 60.0s
[13:48:49.831] [Setup] Video split complete.
[13:48:49.832] [Summary] SPLIT TIME: 8.60s
[13:48:55.055] [Part 00] Launching m7g.large...
[13:48:55.078] [Part 08] Launching m7g.large...
[13:48:55.118] [Part 07] Launching m7g.large...
[13:48:55.146] [Part 02] Launching m7g.large...
[13:48:55.200] [Part 04] Launching m7g.large...
[13:48:55.383] [Part 01] Launching m7g.large...[13:48:55.390] [Part 09] Launching m7g.large...

[13:48:55.543] [Part 03] Launching m7g.large...
[13:48:55.619] [Part 05] Launching m7g.large...
[13:48:55.623] [Part 06] Launching m7g.large...
[13:49:13.508] [Part 04] Instance ready. IP: 3.80.170.207
[13:49:13.563] [Part 02] Instance ready. IP: 3.86.40.127
[13:49:13.637] [Part 08] Instance ready. IP: 52.90.117.89
[13:49:13.768] [Part 00] Instance ready. IP: 3.93.12.195
[13:49:13.866] [Part 01] Instance ready. IP: 100.30.176.100
[13:49:13.895] [Part 09] Instance ready. IP: 23.20.112.13
[13:49:13.958] [Part 07] Instance ready. IP: 54.209.233.85
[13:49:13.989] [Part 06] Instance ready. IP: 34.227.82.87[13:49:13.990] [Part 03] Instance ready. IP: 13.218.112.196

[13:49:13.999] [Part 05] Instance ready. IP: 54.198.17.110
[13:49:45.564] [Part 04] CPU: aarch64
CPU part	: 0xd40
[13:49:45.572] [Part 02] CPU: aarch64
CPU part	: 0xd40
[13:49:45.633] [Part 08] CPU: aarch64
CPU part	: 0xd40
[13:49:45.725] [Part 00] CPU: aarch64
CPU part	: 0xd40
[13:49:45.937] [Part 07] CPU: aarch64
CPU part	: 0xd40
[13:49:45.950] [Part 01] CPU: aarch64
CPU part	: 0xd40
[13:49:45.953] [Part 05] CPU: aarch64
CPU part	: 0xd40
[13:49:46.084] [Part 04] Uploading segment...
[13:49:46.091] [Part 02] Uploading segment...
[13:49:46.098] [Part 09] CPU: aarch64
CPU part	: 0xd40
[13:49:46.115] [Part 08] Uploading segment...
[13:49:46.208] [Part 00] Uploading segment...
[13:49:46.212] [Part 06] CPU: aarch64
CPU part	: 0xd40
[13:49:46.373] [Part 03] CPU: aarch64
CPU part	: 0xd40
[13:49:46.414] [Part 01] Uploading segment...
[13:49:46.470] [Part 07] Uploading segment...
[13:49:46.472] [Part 05] Uploading segment...
[13:49:46.617] [Part 09] Uploading segment...
[13:49:46.758] [Part 06] Uploading segment...
[13:49:46.959] [Part 03] Uploading segment...
[13:49:50.208] [Part 04] Running compression...
[13:49:54.247] [Part 00] Running compression...
[13:49:54.998] [Part 02] Running compression...
[13:49:55.183] [Part 08] Running compression...
[13:49:56.352] [Part 05] Running compression...
[13:49:56.465] [Part 01] Running compression...
[13:49:56.625] [Part 07] Running compression...
[13:49:57.099] [Part 09] Running compression...
[13:49:58.289] [Part 06] Running compression...
[13:49:58.390] [Part 03] Running compression...
[13:51:05.584] [Part 04] Done!
[13:51:06.722] [Part 04] Instance terminated.
[13:51:07.522] [Part 01] Done!
[13:51:08.551] [Part 01] Instance terminated.
[13:51:18.978] [Part 03] Done!
[13:51:20.006] [Part 03] Instance terminated.
[13:51:23.553] [Part 07] Done!
[13:51:24.420] [Part 05] Done!
[13:51:24.731] [Part 07] Instance terminated.
[13:51:25.508] [Part 05] Instance terminated.
[13:51:28.640] [Part 00] Done!
[13:51:29.884] [Part 00] Instance terminated.
[13:51:29.950] [Part 02] Done!
[13:51:31.227] [Part 02] Instance terminated.
[13:51:33.561] [Part 06] Done!
[13:51:34.587] [Part 06] Instance terminated.
[13:51:36.595] [Part 08] Done!
[13:51:37.468] [Part 09] Done!
[13:51:37.642] [Part 08] Instance terminated.
[13:51:38.486] [Part 09] Instance terminated.
[13:51:38.494] ============================================================
[13:51:38.495] RESULTS — 10x m7g.large Horizontal OPTIMIZED
[13:51:38.495]   Total Time:    177.27s (2.95 min)
[13:51:38.495]   Split Time:    8.60s
[13:51:38.495]   Parallel Time: 168.66s (2.81 min)
[13:51:38.495] ============================================================
