[14:48:03.942] === Phase 3.2 OPTIMIZED Horizontal: 10x m7g.large ===
[14:48:03.942] AMI: ami-0976d56fa61f42304 (ffmpeg pre-installed) | Codec: libx265 | Threads: 5
[14:48:03.942] [Setup] Starting video split...
[14:48:04.037] [Setup] Video: 600.0s → 10 parts of 60.0s
[14:48:07.401] [Setup] Video split complete.
[14:48:07.401] [Summary] SPLIT TIME: 3.46s
[14:48:08.575] [Part 04] Launching m7g.large...
[14:48:08.801] [Part 03] Launching m7g.large...
[14:48:08.993] [Part 01] Launching m7g.large...
[14:48:09.031] [Part 06] Launching m7g.large...
[14:48:09.055] [Part 08] Launching m7g.large...
[14:48:09.083] [Part 09] Launching m7g.large...
[14:48:09.104] [Part 05] Launching m7g.large...
[14:48:09.126] [Part 02] Launching m7g.large...
[14:48:09.164] [Part 00] Launching m7g.large...
[14:48:09.202] [Part 07] Launching m7g.large...
[14:48:26.368] [Part 04] Instance ready. IP: 34.207.141.121
[14:48:26.372] [Part 03] Instance ready. IP: 100.24.29.253
[14:48:26.717] [Part 06] Instance ready. IP: 34.239.137.200
[14:48:26.770] [Part 01] Instance ready. IP: 54.82.184.225
[14:48:26.786] [Part 09] Instance ready. IP: 98.83.29.28
[14:48:26.792] [Part 02] Instance ready. IP: 13.217.150.160
[14:48:26.806] [Part 08] Instance ready. IP: 3.91.85.253
[14:48:26.822] [Part 00] Instance ready. IP: 54.80.137.141
[14:48:26.832] [Part 07] Instance ready. IP: 54.80.171.126
[14:48:26.851] [Part 05] Instance ready. IP: 98.80.249.164
[14:48:58.153] [Part 03] CPU: aarch64
CPU part	: 0xd40
[14:48:58.531] [Part 04] CPU: aarch64
CPU part	: 0xd40
[14:48:58.573] [Part 09] CPU: aarch64
CPU part	: 0xd40
[14:48:58.618] [Part 03] Uploading segment...
[14:48:58.684] [Part 02] CPU: aarch64
CPU part	: 0xd40
[14:48:58.818] [Part 00] CPU: aarch64
CPU part	: 0xd40
[14:48:58.975] [Part 01] CPU: aarch64
CPU part	: 0xd40
[14:48:59.006] [Part 08] CPU: aarch64
CPU part	: 0xd40
[14:48:59.008] [Part 04] Uploading segment...
[14:48:59.035] [Part 09] Uploading segment...
[14:48:59.071] [Part 06] CPU: aarch64
CPU part	: 0xd40
[14:48:59.079] [Part 05] CPU: aarch64
CPU part	: 0xd40
[14:48:59.084] [Part 07] CPU: aarch64
CPU part	: 0xd40
[14:48:59.178] [Part 02] Uploading segment...
[14:48:59.294] [Part 00] Uploading segment...
[14:48:59.608] [Part 01] Uploading segment...
[14:48:59.679] [Part 08] Uploading segment...
[14:48:59.683] [Part 05] Uploading segment...
[14:48:59.684] [Part 06] Uploading segment...
[14:48:59.813] [Part 07] Uploading segment...
[14:49:02.033] [Part 03] Running compression...
[14:49:04.669] [Part 00] Running compression...
[14:49:06.054] [Part 09] Running compression...
[14:49:06.111] [Part 04] Running compression...
[14:49:06.750] [Part 08] Running compression...
[14:49:06.912] [Part 01] Running compression...
[14:49:07.594] [Part 02] Running compression...
[14:49:07.770] [Part 05] Running compression...
[14:49:08.275] [Part 07] Running compression...
[14:49:08.287] [Part 06] Running compression...
[14:50:14.421] [Part 01] Done!
[14:50:15.402] [Part 01] Instance terminated.
[14:50:18.891] [Part 05] Done!
[14:50:20.024] [Part 05] Instance terminated.
[14:50:26.995] [Part 08] Done!
[14:50:28.147] [Part 08] Instance terminated.
[14:50:29.186] [Part 02] Done!
[14:50:30.217] [Part 02] Instance terminated.
[14:50:42.904] [Part 06] Done!
[14:50:43.917] [Part 06] Instance terminated.
[14:50:44.524] [Part 03] Done!
[14:50:45.688] [Part 03] Instance terminated.
[14:50:47.265] [Part 09] Done!
[14:50:47.653] [Part 00] Done!
[14:50:48.273] [Part 09] Instance terminated.
[14:50:48.628] [Part 00] Instance terminated.
[14:50:48.769] [Part 07] Done!
[14:50:49.765] [Part 07] Instance terminated.
[14:50:55.980] [Part 04] Done!
[14:50:57.416] [Part 04] Instance terminated.
[14:50:57.428] ============================================================
[14:50:57.428] RESULTS — 10x m7g.large Horizontal OPTIMIZED
[14:50:57.428]   Total Time:    173.49s (2.89 min)
[14:50:57.428]   Split Time:    3.46s
[14:50:57.428]   Parallel Time: 170.03s (2.83 min)
[14:50:57.429] ============================================================
