[15:03:06.771] === Phase 3.2 OPTIMIZED Horizontal: 10x m7g.large ===
[15:03:06.772] AMI: ami-0976d56fa61f42304 (ffmpeg pre-installed) | Codec: libx265 | Threads: 5
[15:03:06.772] [Setup] Starting video split...
[15:03:07.054] [Setup] Video: 600.0s → 10 parts of 60.0s
[15:03:16.829] [Setup] Video split complete.
[15:03:16.830] [Summary] SPLIT TIME: 10.06s
[15:03:20.714] [Part 06] Launching m7g.large...
[15:03:20.861] [Part 09] Launching m7g.large...
[15:03:21.107] [Part 01] Launching m7g.large...[15:03:21.118] [Part 00] Launching m7g.large...

[15:03:21.164] [Part 02] Launching m7g.large...
[15:03:21.252] [Part 08] Launching m7g.large...
[15:03:21.419] [Part 04] Launching m7g.large...
[15:03:21.490] [Part 07] Launching m7g.large...
[15:03:21.497] [Part 05] Launching m7g.large...
[15:03:21.568] [Part 03] Launching m7g.large...
[15:03:38.748] [Part 09] Instance ready. IP: 3.91.93.165
[15:03:38.866] [Part 01] Instance ready. IP: 54.196.11.136
[15:03:38.896] [Part 06] Instance ready. IP: 54.152.183.73
[15:03:38.916] [Part 00] Instance ready. IP: 3.90.40.110
[15:03:38.991] [Part 02] Instance ready. IP: 98.83.29.206
[15:03:39.084] [Part 08] Instance ready. IP: 54.145.191.249
[15:03:41.950] [Part 05] Instance ready. IP: 98.81.208.141
[15:03:41.957] [Part 04] Instance ready. IP: 54.82.219.219
[15:03:42.055] [Part 03] Instance ready. IP: 54.224.96.186
[15:03:42.728] [Part 07] Instance ready. IP: 52.203.178.106
[15:04:10.699] [Part 01] CPU: aarch64
CPU part	: 0xd40
[15:04:10.949] [Part 09] CPU: aarch64
CPU part	: 0xd40
[15:04:11.040] [Part 02] CPU: aarch64
CPU part	: 0xd40
[15:04:11.048] [Part 06] CPU: aarch64
CPU part	: 0xd40
[15:04:11.078] [Part 00] CPU: aarch64
CPU part	: 0xd40
[15:04:11.160] [Part 08] CPU: aarch64
CPU part	: 0xd40[15:04:11.164] [Part 01] Uploading segment...

[15:04:11.452] [Part 09] Uploading segment...
[15:04:11.518] [Part 06] Uploading segment...
[15:04:11.525] [Part 02] Uploading segment...
[15:04:11.560] [Part 00] Uploading segment...
[15:04:11.657] [Part 08] Uploading segment...
[15:04:13.641] [Part 01] Running compression...
[15:04:14.236] [Part 05] CPU: aarch64
CPU part	: 0xd40
[15:04:14.323] [Part 04] CPU: aarch64
CPU part	: 0xd40
[15:04:14.733] [Part 03] CPU: aarch64
CPU part	: 0xd40
[15:04:14.833] [Part 05] Uploading segment...
[15:04:14.922] [Part 04] Uploading segment...
[15:04:14.991] [Part 07] CPU: aarch64
CPU part	: 0xd40
[15:04:15.317] [Part 03] Uploading segment...
[15:04:15.553] [Part 09] Running compression...
[15:04:15.565] [Part 07] Uploading segment...
[15:04:17.484] [Part 06] Running compression...
[15:04:17.618] [Part 02] Running compression...
[15:04:18.834] [Part 03] Running compression...
[15:04:18.966] [Part 00] Running compression...
[15:04:19.787] [Part 05] Running compression...
[15:04:19.857] [Part 08] Running compression...
[15:04:21.468] [Part 04] Running compression...
[15:04:21.890] [Part 07] Running compression...
[15:05:22.877] [Part 01] Done!
[15:05:23.846] [Part 01] Instance terminated.
[15:05:42.235] [Part 04] Done!
[15:05:43.626] [Part 04] Instance terminated.
[15:05:45.397] [Part 09] Done!
[15:05:46.800] [Part 09] Instance terminated.
[15:05:48.434] [Part 08] Done!
[15:05:48.799] [Part 00] Done!
[15:05:49.551] [Part 08] Instance terminated.
[15:05:49.882] [Part 00] Instance terminated.
[15:05:57.954] [Part 02] Done!
[15:05:59.030] [Part 02] Instance terminated.
[15:05:59.672] [Part 05] Done!
[15:06:00.653] [Part 05] Instance terminated.
[15:06:01.309] [Part 06] Done!
[15:06:02.342] [Part 06] Instance terminated.
[15:06:12.126] [Part 07] Done!
[15:06:13.124] [Part 07] Instance terminated.
[15:06:14.985] [Part 03] Done!
[15:06:15.943] [Part 03] Instance terminated.
[15:06:15.944] ============================================================
[15:06:15.944] RESULTS — 10x m7g.large Horizontal OPTIMIZED
[15:06:15.944]   Total Time:    189.17s (3.15 min)
[15:06:15.944]   Split Time:    10.06s
[15:06:15.944]   Parallel Time: 179.11s (2.99 min)
[15:06:15.944] ============================================================
