[19:54:29.117] [Setup] Starting video split...
[19:54:30.646] [Setup] Divisão concluída.
[19:54:31.643] [Part 02] Launching EC2 instance...
[19:54:31.698] [Part 01] Launching EC2 instance...
[19:54:31.700] [Part 03] Launching EC2 instance...
[19:54:31.722] [Part 08] Launching EC2 instance...
[19:54:31.722] [Part 09] Launching EC2 instance...
[19:54:31.730] [Part 06] Launching EC2 instance...
[19:54:31.739] [Part 05] Launching EC2 instance...
[19:54:31.748] [Part 04] Launching EC2 instance...
[19:54:31.756] [Part 07] Launching EC2 instance...
[19:54:31.766] [Part 00] Launching EC2 instance...
[19:54:49.069] [Part 05] Instance ready. IP: 44.200.163.188
[19:54:49.093] [Part 03] Instance ready. IP: 44.199.203.230
[19:54:49.128] [Part 08] Instance ready. IP: 44.203.243.156
[19:54:49.133] [Part 09] Instance ready. IP: 3.235.6.209
[19:54:49.137] [Part 07] Instance ready. IP: 3.218.244.69
[19:54:49.153] [Part 04] Instance ready. IP: 44.203.17.158
[19:54:49.211] [Part 00] Instance ready. IP: 35.175.216.2
[19:54:49.216] [Part 01] Instance ready. IP: 100.24.123.28
[19:54:49.267] [Part 06] Instance ready. IP: 3.236.167.201
[19:54:49.302] [Part 02] Instance ready. IP: 44.214.140.181
[19:55:19.985] [Part 05] Checking modelo da CPU...
[19:55:20.057] [Part 03] Checking modelo da CPU...
[19:55:20.068] [Part 07] Checking modelo da CPU...
[19:55:20.072] [Part 08] Checking modelo da CPU...
[19:55:20.076] [Part 09] Checking modelo da CPU...
[19:55:20.158] [Part 01] Checking modelo da CPU...
[19:55:20.167] [Part 04] Checking modelo da CPU...
[19:55:20.180] [Part 00] Checking modelo da CPU...
[19:55:20.249] [Part 02] Checking modelo da CPU...
[19:55:20.285] [Part 06] Checking modelo da CPU...
[19:55:20.951] [Part 05] CPU found: Intel(R) Xeon(R) Platinum 8259CL CPU @ 2.50GHz
[19:55:21.131] [Part 09] CPU found: Intel(R) Xeon(R) Platinum 8259CL CPU @ 2.50GHz
[19:55:21.319] [Part 08] CPU found: Intel(R) Xeon(R) Platinum 8259CL CPU @ 2.50GHz
[19:55:21.368] [Part 07] CPU found: Intel(R) Xeon(R) Platinum 8259CL CPU @ 2.50GHz[19:55:21.370] [Part 03] CPU found: Intel(R) Xeon(R) Platinum 8259CL CPU @ 2.50GHz

[19:55:21.412] [Part 04] CPU found: Intel(R) Xeon(R) Platinum 8259CL CPU @ 2.50GHz
[19:55:21.429] [Part 01] CPU found: Intel(R) Xeon(R) Platinum 8259CL CPU @ 2.50GHz
[19:55:21.430] [Part 05] Sending file...
[19:55:21.523] [Part 00] CPU found: Intel(R) Xeon(R) Platinum 8259CL CPU @ 2.50GHz
[19:55:21.543] [Part 06] CPU found: Intel(R) Xeon(R) Platinum 8259CL CPU @ 2.50GHz
[19:55:21.558] [Part 02] CPU found: Intel(R) Xeon(R) Platinum 8259CL CPU @ 2.50GHz
[19:55:21.630] [Part 09] Sending file...
[19:55:21.797] [Part 08] Sending file...
[19:55:21.847] [Part 07] Sending file...
[19:55:21.848] [Part 03] Sending file...
[19:55:21.898] [Part 01] Sending file...
[19:55:21.910] [Part 04] Sending file...
[19:55:22.019] [Part 06] Sending file...
[19:55:22.023] [Part 00] Sending file...
[19:55:22.037] [Part 02] Sending file...
[19:55:22.977] [Part 05] Running compression...
[19:55:23.352] [Part 08] Running compression...
[19:55:23.355] [Part 09] Running compression...
[19:55:23.509] [Part 01] Running compression...[19:55:23.511] [Part 07] Running compression...

[19:55:23.519] [Part 03] Running compression...
[19:55:23.753] [Part 04] Running compression...
[19:55:23.775] [Part 00] Running compression...
[19:55:23.856] [Part 06] Running compression...
[19:55:24.047] [Part 02] Running compression...
[19:55:32.909] [Part 05] Download do arquivo comprimido...
[19:55:33.793] [Part 01] Download do arquivo comprimido...
[19:55:34.813] [Part 09] Download do arquivo comprimido...
[19:55:35.281] [Part 02] Download do arquivo comprimido...
[19:55:35.303] [Part 06] Download do arquivo comprimido...
[19:55:35.493] [Part 00] Download do arquivo comprimido...
[19:55:35.744] [Part 03] Download do arquivo comprimido...
[19:55:35.797] [Part 08] Download do arquivo comprimido...
[19:55:35.891] [Part 05] Instance terminated.
[19:55:36.004] [Part 04] Download do arquivo comprimido...
[19:55:36.176] [Part 07] Download do arquivo comprimido...
[19:55:36.630] [Part 01] Instance terminated.
[19:55:37.820] [Part 09] Instance terminated.
[19:55:38.378] [Part 06] Instance terminated.
[19:55:38.410] [Part 02] Instance terminated.
[19:55:38.680] [Part 00] Instance terminated.
[19:55:38.788] [Part 08] Instance terminated.
[19:55:38.956] [Part 03] Instance terminated.
[19:55:39.131] [Part 04] Instance terminated.
[19:55:39.281] [Part 07] Instance terminated.
[19:55:39.285] 🎉 Processamento Fase 2 (Paralelo) completed!
Log start: Fri Feb 27 19:54:28 2026
Log end: Fri Feb 27 19:55:39 2026

============================================================
RESULTS — t3 Horizontal
  Total Time:    70.17s
  Setup Time:    53.86s
  Encoding Time: 16.31s
============================================================
