[20:21:33.104] [Setup] Starting video split...
[20:21:34.707] [Setup] Divisão concluída.
[20:21:35.635] [Part 00] Launching EC2 instance...
[20:21:35.643] [Part 04] Launching EC2 instance...
[20:21:35.656] [Part 03] Launching EC2 instance...
[20:21:35.668] [Part 01] Launching EC2 instance...
[20:21:35.677] [Part 08] Launching EC2 instance...
[20:21:35.686] [Part 06] Launching EC2 instance...
[20:21:35.693] [Part 07] Launching EC2 instance...
[20:21:35.701] [Part 02] Launching EC2 instance...
[20:21:35.711] [Part 05] Launching EC2 instance...
[20:21:35.717] [Part 09] Launching EC2 instance...
[20:21:53.127] [Part 04] Instance ready. IP: 100.48.212.165
[20:21:53.180] [Part 02] Instance ready. IP: 3.216.90.134
[20:21:53.207] [Part 09] Instance ready. IP: 100.53.36.196
[20:21:53.238] [Part 08] Instance ready. IP: 44.204.127.202
[20:21:53.262] [Part 01] Instance ready. IP: 44.204.190.67
[20:21:53.305] [Part 05] Instance ready. IP: 98.92.222.168
[20:21:53.311] [Part 07] Instance ready. IP: 3.226.248.60
[20:21:53.327] [Part 00] Instance ready. IP: 100.48.192.181
[20:21:53.444] [Part 06] Instance ready. IP: 44.201.19.101
[20:21:53.634] [Part 03] Instance ready. IP: 44.223.86.184
[20:22:24.068] [Part 04] Checking modelo da CPU...
[20:22:24.167] [Part 08] Checking modelo da CPU...
[20:22:24.168] [Part 02] Checking modelo da CPU...
[20:22:24.175] [Part 01] Checking modelo da CPU...
[20:22:24.180] [Part 09] Checking modelo da CPU...
[20:22:24.232] [Part 00] Checking modelo da CPU...
[20:22:24.243] [Part 05] Checking modelo da CPU...
[20:22:24.247] [Part 07] Checking modelo da CPU...
[20:22:24.385] [Part 06] Checking modelo da CPU...
[20:22:24.525] [Part 03] Checking modelo da CPU...
[20:22:25.328] [Part 00] CPU found: Intel(R) Xeon(R) Platinum 8259CL CPU @ 2.50GHz
[20:22:25.390] [Part 05] CPU found: Intel(R) Xeon(R) Platinum 8259CL CPU @ 2.50GHz
[20:22:25.405] [Part 04] CPU found: Intel(R) Xeon(R) Platinum 8259CL CPU @ 2.50GHz
[20:22:25.449] [Part 08] CPU found: Intel(R) Xeon(R) Platinum 8259CL CPU @ 2.50GHz
[20:22:25.482] [Part 09] CPU found: Intel(R) Xeon(R) Platinum 8259CL CPU @ 2.50GHz
[20:22:25.534] [Part 02] CPU found: Intel(R) Xeon(R) Platinum 8259CL CPU @ 2.50GHz
[20:22:25.550] [Part 01] CPU found: Intel(R) Xeon(R) Platinum 8259CL CPU @ 2.50GHz
[20:22:25.593] [Part 07] CPU found: Intel(R) Xeon(R) Platinum 8259CL CPU @ 2.50GHz
[20:22:25.679] [Part 06] CPU found: Intel(R) Xeon(R) Platinum 8259CL CPU @ 2.50GHz
[20:22:25.716] [Part 03] CPU found: Intel(R) Xeon(R) Platinum 8259CL CPU @ 2.50GHz
[20:22:25.794] [Part 00] Sending file...
[20:22:25.875] [Part 05] Sending file...
[20:22:25.891] [Part 04] Sending file...
[20:22:25.928] [Part 08] Sending file...
[20:22:25.948] [Part 09] Sending file...
[20:22:26.030] [Part 02] Sending file...
[20:22:26.031] [Part 01] Sending file...
[20:22:26.091] [Part 07] Sending file...
[20:22:26.158] [Part 06] Sending file...
[20:22:26.192] [Part 03] Sending file...
[20:22:27.327] [Part 00] Running compression...
[20:22:27.358] [Part 08] Running compression...
[20:22:27.476] [Part 04] Running compression...
[20:22:27.501] [Part 05] Running compression...
[20:22:27.900] [Part 02] Running compression...
[20:22:27.902] [Part 09] Running compression...
[20:22:27.932] [Part 01] Running compression...
[20:22:27.980] [Part 06] Running compression...
[20:22:28.010] [Part 07] Running compression...
[20:22:28.052] [Part 03] Running compression...
[20:22:38.232] [Part 05] Download do arquivo comprimido...
[20:22:38.569] [Part 08] Download do arquivo comprimido...
[20:22:39.490] [Part 00] Download do arquivo comprimido...
[20:22:39.786] [Part 07] Download do arquivo comprimido...
[20:22:39.887] [Part 01] Download do arquivo comprimido...
[20:22:39.925] [Part 09] Download do arquivo comprimido...
[20:22:40.382] [Part 04] Download do arquivo comprimido...
[20:22:40.417] [Part 02] Download do arquivo comprimido...
[20:22:40.668] [Part 03] Download do arquivo comprimido...
[20:22:41.274] [Part 05] Instance terminated.
[20:22:41.413] [Part 06] Download do arquivo comprimido...
[20:22:41.647] [Part 08] Instance terminated.
[20:22:42.616] [Part 00] Instance terminated.
[20:22:42.857] [Part 09] Instance terminated.
[20:22:42.930] [Part 01] Instance terminated.
[20:22:43.074] [Part 07] Instance terminated.
[20:22:43.508] [Part 04] Instance terminated.
[20:22:43.749] [Part 02] Instance terminated.
[20:22:43.761] [Part 03] Instance terminated.
[20:22:44.587] [Part 06] Instance terminated.
[20:22:44.594] 🎉 Processamento Fase 2 (Paralelo) completed!
Log start: Fri Feb 27 20:21:32 2026
Log end: Fri Feb 27 20:22:44 2026

============================================================
RESULTS — t3 Horizontal
  Total Time:    71.49s
  Setup Time:    54.22s
  Encoding Time: 17.27s
============================================================
