[20:17:56.132] [Setup] Starting video split...
[20:17:57.669] [Setup] Divisão concluída.
[20:17:58.616] [Part 01] Launching EC2 instance...
[20:17:58.621] [Part 08] Launching EC2 instance...
[20:17:58.636] [Part 02] Launching EC2 instance...
[20:17:58.649] [Part 00] Launching EC2 instance...
[20:17:58.658] [Part 04] Launching EC2 instance...
[20:17:58.666] [Part 06] Launching EC2 instance...
[20:17:58.676] [Part 05] Launching EC2 instance...
[20:17:58.686] [Part 07] Launching EC2 instance...
[20:17:58.694] [Part 03] Launching EC2 instance...
[20:17:58.702] [Part 09] Launching EC2 instance...
[20:18:16.394] [Part 00] Instance ready. IP: 3.238.17.105
[20:18:16.413] [Part 07] Instance ready. IP: 100.53.217.210
[20:18:16.429] [Part 03] Instance ready. IP: 3.83.20.15
[20:18:16.434] [Part 02] Instance ready. IP: 3.235.13.136
[20:18:16.446] [Part 04] Instance ready. IP: 3.215.174.208
[20:18:16.459] [Part 09] Instance ready. IP: 3.239.183.215
[20:18:16.464] [Part 05] Instance ready. IP: 100.48.195.92
[20:18:16.469] [Part 08] Instance ready. IP: 54.160.26.247
[20:18:16.485] [Part 06] Instance ready. IP: 44.193.8.22
[20:18:16.490] [Part 01] Instance ready. IP: 44.204.242.16
[20:18:47.299] [Part 07] Checking modelo da CPU...
[20:18:47.389] [Part 08] Checking modelo da CPU...
[20:18:47.392] [Part 03] Checking modelo da CPU...
[20:18:47.396] [Part 05] Checking modelo da CPU...
[20:18:47.398] [Part 00] Checking modelo da CPU...[20:18:47.398] [Part 09] Checking modelo da CPU...

[20:18:47.438] [Part 04] Checking modelo da CPU...
[20:18:47.499] [Part 02] Checking modelo da CPU...[20:18:47.500] [Part 06] Checking modelo da CPU...

[20:18:47.509] [Part 01] Checking modelo da CPU...
[20:18:48.450] [Part 05] CPU found: Intel(R) Xeon(R) Platinum 8259CL CPU @ 2.50GHz
[20:18:48.511] [Part 03] CPU found: Intel(R) Xeon(R) Platinum 8259CL CPU @ 2.50GHz
[20:18:48.524] [Part 07] CPU found: Intel(R) Xeon(R) Platinum 8259CL CPU @ 2.50GHz
[20:18:48.580] [Part 02] CPU found: Intel(R) Xeon(R) Platinum 8259CL CPU @ 2.50GHz
[20:18:48.624] [Part 08] CPU found: Intel(R) Xeon(R) Platinum 8259CL CPU @ 2.50GHz
[20:18:48.628] [Part 00] CPU found: Intel(R) Xeon(R) Platinum 8259CL CPU @ 2.50GHz
[20:18:48.647] [Part 06] CPU found: Intel(R) Xeon(R) Platinum 8259CL CPU @ 2.50GHz
[20:18:48.679] [Part 04] CPU found: Intel(R) Xeon(R) Platinum 8259CL CPU @ 2.50GHz
[20:18:48.742] [Part 09] CPU found: Intel(R) Xeon(R) Platinum 8259CL CPU @ 2.50GHz
[20:18:48.777] [Part 01] CPU found: Intel(R) Xeon(R) Platinum 8259CL CPU @ 2.50GHz
[20:18:48.934] [Part 05] Sending file...
[20:18:48.977] [Part 03] Sending file...
[20:18:48.992] [Part 07] Sending file...
[20:18:49.056] [Part 02] Sending file...
[20:18:49.076] [Part 08] Sending file...
[20:18:49.125] [Part 06] Sending file...
[20:18:49.128] [Part 00] Sending file...
[20:18:49.157] [Part 04] Sending file...
[20:18:49.238] [Part 09] Sending file...
[20:18:49.256] [Part 01] Sending file...
[20:18:50.417] [Part 03] Running compression...
[20:18:50.418] [Part 08] Running compression...
[20:18:50.437] [Part 05] Running compression...
[20:18:50.567] [Part 06] Running compression...
[20:18:50.640] [Part 02] Running compression...
[20:18:50.661] [Part 00] Running compression...
[20:18:50.682] [Part 04] Running compression...
[20:18:50.695] [Part 01] Running compression...
[20:18:50.794] [Part 07] Running compression...
[20:18:50.871] [Part 09] Running compression...
[20:18:59.895] [Part 05] Download do arquivo comprimido...
[20:19:02.372] [Part 09] Download do arquivo comprimido...
[20:19:02.522] [Part 01] Download do arquivo comprimido...
[20:19:02.540] [Part 00] Download do arquivo comprimido...
[20:19:02.557] [Part 02] Download do arquivo comprimido...
[20:19:02.655] [Part 03] Download do arquivo comprimido...
[20:19:02.736] [Part 04] Download do arquivo comprimido...
[20:19:02.843] [Part 08] Download do arquivo comprimido...
[20:19:02.859] [Part 05] Instance terminated.
[20:19:03.265] [Part 07] Download do arquivo comprimido...
[20:19:03.361] [Part 06] Download do arquivo comprimido...
[20:19:05.420] [Part 01] Instance terminated.
[20:19:05.434] [Part 09] Instance terminated.
[20:19:05.689] [Part 02] Instance terminated.
[20:19:05.715] [Part 08] Instance terminated.
[20:19:05.804] [Part 03] Instance terminated.
[20:19:05.840] [Part 04] Instance terminated.
[20:19:05.851] [Part 00] Instance terminated.
[20:19:06.551] [Part 06] Instance terminated.
[20:19:07.662] [Part 07] Instance terminated.
[20:19:07.669] 🎉 Processamento Fase 2 (Paralelo) completed!
Log start: Fri Feb 27 20:17:55 2026
Log end: Fri Feb 27 20:19:07 2026

============================================================
RESULTS — t3 Horizontal
  Total Time:    71.54s
  Setup Time:    54.28s
  Encoding Time: 17.25s
============================================================
