[20:23:57.077] [Setup] Starting video split...
[20:23:58.626] [Setup] Divisão concluída.
[20:23:59.567] [Part 00] Launching EC2 instance...
[20:23:59.625] [Part 02] Launching EC2 instance...
[20:23:59.638] [Part 01] Launching EC2 instance...
[20:23:59.646] [Part 05] Launching EC2 instance...
[20:23:59.658] [Part 08] Launching EC2 instance...
[20:23:59.665] [Part 09] Launching EC2 instance...
[20:23:59.677] [Part 07] Launching EC2 instance...
[20:23:59.684] [Part 06] Launching EC2 instance...
[20:23:59.693] [Part 04] Launching EC2 instance...
[20:23:59.702] [Part 03] Launching EC2 instance...
[20:24:16.964] [Part 05] Instance ready. IP: 44.202.186.20
[20:24:16.997] [Part 08] Instance ready. IP: 44.200.209.124
[20:24:17.007] [Part 02] Instance ready. IP: 44.192.117.48[20:24:17.016] [Part 00] Instance ready. IP: 3.237.193.123

[20:24:17.052] [Part 07] Instance ready. IP: 100.27.39.166
[20:24:17.161] [Part 09] Instance ready. IP: 3.239.67.172
[20:24:17.190] [Part 04] Instance ready. IP: 44.223.107.38[20:24:17.195] [Part 03] Instance ready. IP: 3.235.54.151

[20:24:17.209] [Part 06] Instance ready. IP: 44.215.106.238
[20:24:17.300] [Part 01] Instance ready. IP: 3.220.169.65
[20:24:47.923] [Part 05] Checking modelo da CPU...
[20:24:47.940] [Part 07] Checking modelo da CPU...
[20:24:47.946] [Part 08] Checking modelo da CPU...
[20:24:47.974] [Part 00] Checking modelo da CPU...
[20:24:48.003] [Part 02] Checking modelo da CPU...
[20:24:48.082] [Part 09] Checking modelo da CPU...
[20:24:48.099] [Part 03] Checking modelo da CPU...
[20:24:48.108] [Part 06] Checking modelo da CPU...
[20:24:48.113] [Part 04] Checking modelo da CPU...
[20:24:48.289] [Part 01] Checking modelo da CPU...
[20:24:48.646] [Part 06] CPU found: Intel(R) Xeon(R) Platinum 8259CL CPU @ 2.50GHz
[20:24:48.960] [Part 05] CPU found: Intel(R) Xeon(R) Platinum 8259CL CPU @ 2.50GHz
[20:24:49.123] [Part 06] Sending file...
[20:24:49.172] [Part 08] CPU found: Intel(R) Xeon(R) Platinum 8259CL CPU @ 2.50GHz
[20:24:49.197] [Part 07] CPU found: Intel(R) Xeon(R) Platinum 8175M CPU @ 2.50GHz
[20:24:49.198] [Part 07] WARNING: CPU mismatch. Esperado 'Intel(R) Xeon(R) Platinum 8259CL CPU @ 2.50GHz', got Intel(R) Xeon(R) Platinum 8175M CPU @ 2.50GHz
[20:24:49.284] [Part 00] CPU found: Intel(R) Xeon(R) Platinum 8259CL CPU @ 2.50GHz
[20:24:49.310] [Part 04] CPU found: Intel(R) Xeon(R) Platinum 8259CL CPU @ 2.50GHz
[20:24:49.312] [Part 02] CPU found: Intel(R) Xeon(R) Platinum 8259CL CPU @ 2.50GHz
[20:24:49.341] [Part 09] CPU found: Intel(R) Xeon(R) Platinum 8259CL CPU @ 2.50GHz
[20:24:49.354] [Part 03] CPU found: Intel(R) Xeon(R) Platinum 8259CL CPU @ 2.50GHz
[20:24:49.383] [Part 01] CPU found: Intel(R) Xeon(R) Platinum 8259CL CPU @ 2.50GHz
[20:24:49.459] [Part 05] Sending file...
[20:24:49.650] [Part 08] Sending file...
[20:24:49.663] [Part 07] Sending file...
[20:24:49.781] [Part 00] Sending file...
[20:24:49.788] [Part 04] Sending file...
[20:24:49.810] [Part 02] Sending file...
[20:24:49.820] [Part 09] Sending file...
[20:24:49.832] [Part 03] Sending file...
[20:24:49.879] [Part 01] Sending file...
[20:24:50.656] [Part 06] Running compression...
[20:24:51.433] [Part 05] Running compression...
[20:24:51.467] [Part 04] Running compression...
[20:24:51.475] [Part 07] Running compression...
[20:24:51.481] [Part 09] Running compression...
[20:24:51.631] [Part 08] Running compression...
[20:24:51.663] [Part 02] Running compression...
[20:24:51.703] [Part 01] Running compression...
[20:24:51.708] [Part 03] Running compression...
[20:24:51.725] [Part 00] Running compression...
[20:25:01.297] [Part 05] Download do arquivo comprimido...
[20:25:02.395] [Part 01] Download do arquivo comprimido...
[20:25:02.660] [Part 08] Download do arquivo comprimido...
[20:25:03.291] [Part 09] Download do arquivo comprimido...
[20:25:03.319] [Part 04] Download do arquivo comprimido...
[20:25:04.275] [Part 06] Download do arquivo comprimido...
[20:25:04.454] [Part 00] Download do arquivo comprimido...
[20:25:04.506] [Part 05] Instance terminated.
[20:25:04.903] [Part 03] Download do arquivo comprimido...
[20:25:05.107] [Part 07] Download do arquivo comprimido...
[20:25:05.342] [Part 01] Instance terminated.
[20:25:05.485] [Part 02] Download do arquivo comprimido...
[20:25:05.607] [Part 08] Instance terminated.
[20:25:06.347] [Part 04] Instance terminated.
[20:25:06.364] [Part 09] Instance terminated.
[20:25:07.515] [Part 00] Instance terminated.
[20:25:07.555] [Part 06] Instance terminated.
[20:25:08.199] [Part 03] Instance terminated.
[20:25:08.225] [Part 07] Instance terminated.
[20:25:08.952] [Part 02] Instance terminated.
[20:25:08.955] 🎉 Processamento Fase 2 (Paralelo) completed!
Log start: Fri Feb 27 20:23:56 2026
Log end: Fri Feb 27 20:25:09 2026

============================================================
RESULTS — t3 Horizontal
  Total Time:    71.88s
  Setup Time:    53.58s
  Encoding Time: 18.30s
============================================================
