[20:41:08.893] [Setup] Starting video split...
[20:41:10.419] [Setup] Divisão concluída.
[20:41:11.353] [Part 06] Launching EC2 instance...
[20:41:11.372] [Part 09] Launching EC2 instance...
[20:41:11.376] [Part 00] Launching EC2 instance...
[20:41:11.384] [Part 02] Launching EC2 instance...
[20:41:11.400] [Part 04] Launching EC2 instance...
[20:41:11.411] [Part 03] Launching EC2 instance...
[20:41:11.424] [Part 08] Launching EC2 instance...
[20:41:11.427] [Part 01] Launching EC2 instance...
[20:41:11.436] [Part 07] Launching EC2 instance...
[20:41:11.446] [Part 05] Launching EC2 instance...
[20:41:28.778] [Part 07] Instance ready. IP: 3.236.155.40
[20:41:28.821] [Part 01] Instance ready. IP: 13.220.44.158
[20:41:28.829] [Part 00] Instance ready. IP: 3.236.31.186
[20:41:28.859] [Part 03] Instance ready. IP: 3.238.184.155
[20:41:28.901] [Part 09] Instance ready. IP: 98.92.230.241
[20:41:28.920] [Part 02] Instance ready. IP: 44.204.96.10
[20:41:28.927] [Part 08] Instance ready. IP: 44.198.167.195
[20:41:28.940] [Part 05] Instance ready. IP: 3.80.160.68
[20:41:28.946] [Part 04] Instance ready. IP: 44.214.139.176
[20:41:28.978] [Part 06] Instance ready. IP: 3.239.34.92
[20:41:59.688] [Part 07] Checking modelo da CPU...
[20:41:59.761] [Part 01] Checking modelo da CPU...
[20:41:59.775] [Part 00] Checking modelo da CPU...
[20:41:59.822] [Part 03] Checking modelo da CPU...
[20:41:59.826] [Part 09] Checking modelo da CPU...
[20:41:59.857] [Part 08] Checking modelo da CPU...
[20:41:59.873] [Part 02] Checking modelo da CPU...
[20:41:59.885] [Part 05] Checking modelo da CPU...
[20:41:59.891] [Part 04] Checking modelo da CPU...
[20:42:00.015] [Part 06] Checking modelo da CPU...
[20:42:00.804] [Part 09] CPU found: Intel(R) Xeon(R) Platinum 8259CL CPU @ 2.50GHz
[20:42:00.958] [Part 07] CPU found: Intel(R) Xeon(R) Platinum 8259CL CPU @ 2.50GHz
[20:42:00.962] [Part 01] CPU found: Intel(R) Xeon(R) Platinum 8259CL CPU @ 2.50GHz
[20:42:00.973] [Part 03] CPU found: Intel(R) Xeon(R) Platinum 8259CL CPU @ 2.50GHz
[20:42:01.053] [Part 02] CPU found: Intel(R) Xeon(R) Platinum 8259CL CPU @ 2.50GHz
[20:42:01.072] [Part 08] CPU found: Intel(R) Xeon(R) Platinum 8259CL CPU @ 2.50GHz
[20:42:01.074] [Part 04] CPU found: Intel(R) Xeon(R) Platinum 8259CL CPU @ 2.50GHz
[20:42:01.154] [Part 00] CPU found: Intel(R) Xeon(R) Platinum 8259CL CPU @ 2.50GHz
[20:42:01.246] [Part 05] CPU found: Intel(R) Xeon(R) Platinum 8259CL CPU @ 2.50GHz
[20:42:01.272] [Part 09] Sending file...
[20:42:01.425] [Part 06] CPU found: Intel(R) Xeon(R) Platinum 8259CL CPU @ 2.50GHz
[20:42:01.439] [Part 07] Sending file...
[20:42:01.447] [Part 01] Sending file...
[20:42:01.472] [Part 03] Sending file...
[20:42:01.531] [Part 02] Sending file...
[20:42:01.550] [Part 08] Sending file...
[20:42:01.550] [Part 04] Sending file...
[20:42:01.651] [Part 00] Sending file...
[20:42:01.731] [Part 05] Sending file...
[20:42:01.924] [Part 06] Sending file...
[20:42:02.784] [Part 09] Running compression...
[20:42:02.992] [Part 07] Running compression...
[20:42:03.022] [Part 01] Running compression...
[20:42:03.218] [Part 08] Running compression...
[20:42:03.354] [Part 02] Running compression...
[20:42:03.366] [Part 04] Running compression...
[20:42:03.368] [Part 00] Running compression...
[20:42:03.520] [Part 05] Running compression...
[20:42:03.542] [Part 03] Running compression...
[20:42:03.643] [Part 06] Running compression...
[20:42:12.881] [Part 01] Download do arquivo comprimido...
[20:42:13.448] [Part 09] Download do arquivo comprimido...
[20:42:13.892] [Part 03] Download do arquivo comprimido...
[20:42:15.010] [Part 00] Download do arquivo comprimido...
[20:42:15.354] [Part 05] Download do arquivo comprimido...
[20:42:15.398] [Part 08] Download do arquivo comprimido...
[20:42:15.747] [Part 01] Instance terminated.
[20:42:15.784] [Part 04] Download do arquivo comprimido...
[20:42:16.081] [Part 06] Download do arquivo comprimido...
[20:42:16.266] [Part 07] Download do arquivo comprimido...
[20:42:16.311] [Part 02] Download do arquivo comprimido...
[20:42:16.342] [Part 09] Instance terminated.
[20:42:17.183] [Part 03] Instance terminated.
[20:42:18.066] [Part 00] Instance terminated.
[20:42:18.463] [Part 08] Instance terminated.
[20:42:18.479] [Part 05] Instance terminated.
[20:42:18.964] [Part 04] Instance terminated.
[20:42:19.311] [Part 07] Instance terminated.
[20:42:19.418] [Part 06] Instance terminated.
[20:42:19.445] [Part 02] Instance terminated.
[20:42:19.449] 🎉 Processamento Fase 2 (Paralelo) completed!
Log start: Fri Feb 27 20:41:08 2026
Log end: Fri Feb 27 20:42:19 2026

============================================================
RESULTS — t3 Horizontal
  Total Time:    70.56s
  Setup Time:    53.89s
  Encoding Time: 16.66s
============================================================
