[20:13:06.994] [Setup] Starting video split...
[20:13:08.553] [Setup] Divisão concluída.
[20:13:09.581] [Part 07] Launching EC2 instance...
[20:13:09.586] [Part 03] Launching EC2 instance...
[20:13:09.603] [Part 08] Launching EC2 instance...
[20:13:09.615] [Part 09] Launching EC2 instance...
[20:13:09.627] [Part 00] Launching EC2 instance...
[20:13:09.637] [Part 02] Launching EC2 instance...
[20:13:09.646] [Part 04] Launching EC2 instance...
[20:13:09.656] [Part 06] Launching EC2 instance...
[20:13:09.671] [Part 05] Launching EC2 instance...
[20:13:09.676] [Part 01] Launching EC2 instance...
[20:13:27.994] [Part 02] Instance ready. IP: 100.48.226.189
[20:13:28.137] [Part 00] Instance ready. IP: 100.52.214.224
[20:13:28.169] [Part 06] Instance ready. IP: 100.54.139.136
[20:13:28.196] [Part 07] Instance ready. IP: 44.199.193.77
[20:13:28.203] [Part 03] Instance ready. IP: 13.220.240.73
[20:13:28.216] [Part 04] Instance ready. IP: 54.237.150.100
[20:13:28.220] [Part 08] Instance ready. IP: 3.226.125.67
[20:13:28.241] [Part 01] Instance ready. IP: 3.218.252.194
[20:13:28.251] [Part 09] Instance ready. IP: 44.200.199.133
[20:13:28.440] [Part 05] Instance ready. IP: 13.219.202.96
[20:13:58.994] [Part 02] Checking modelo da CPU...
[20:13:59.016] [Part 00] Checking modelo da CPU...
[20:13:59.050] [Part 06] Checking modelo da CPU...
[20:13:59.124] [Part 03] Checking modelo da CPU...
[20:13:59.127] [Part 04] Checking modelo da CPU...
[20:13:59.136] [Part 08] Checking modelo da CPU...
[20:13:59.138] [Part 07] Checking modelo da CPU...
[20:13:59.217] [Part 09] Checking modelo da CPU...
[20:13:59.242] [Part 01] Checking modelo da CPU...
[20:13:59.336] [Part 05] Checking modelo da CPU...
[20:14:00.162] [Part 02] CPU found: Intel(R) Xeon(R) Platinum 8259CL CPU @ 2.50GHz
[20:14:00.270] [Part 00] CPU found: Intel(R) Xeon(R) Platinum 8259CL CPU @ 2.50GHz
[20:14:00.291] [Part 08] CPU found: Intel(R) Xeon(R) Platinum 8259CL CPU @ 2.50GHz
[20:14:00.435] [Part 09] CPU found: Intel(R) Xeon(R) Platinum 8259CL CPU @ 2.50GHz
[20:14:00.465] [Part 03] CPU found: Intel(R) Xeon(R) Platinum 8259CL CPU @ 2.50GHz
[20:14:00.490] [Part 06] CPU found: Intel(R) Xeon(R) Platinum 8259CL CPU @ 2.50GHz
[20:14:00.501] [Part 07] CPU found: Intel(R) Xeon(R) Platinum 8259CL CPU @ 2.50GHz
[20:14:00.526] [Part 05] CPU found: Intel(R) Xeon(R) Platinum 8259CL CPU @ 2.50GHz
[20:14:00.533] [Part 04] CPU found: Intel(R) Xeon(R) Platinum 8259CL CPU @ 2.50GHz
[20:14:00.585] [Part 01] CPU found: Intel(R) Xeon(R) Platinum 8259CL CPU @ 2.50GHz
[20:14:00.650] [Part 02] Sending file...
[20:14:00.741] [Part 00] Sending file...
[20:14:00.771] [Part 08] Sending file...
[20:14:00.913] [Part 09] Sending file...
[20:14:00.932] [Part 03] Sending file...
[20:14:00.957] [Part 06] Sending file...
[20:14:00.999] [Part 07] Sending file...
[20:14:01.001] [Part 04] Sending file...
[20:14:01.012] [Part 05] Sending file...
[20:14:01.080] [Part 01] Sending file...
[20:14:02.359] [Part 02] Running compression...
[20:14:02.400] [Part 09] Running compression...
[20:14:02.531] [Part 04] Running compression...
[20:14:02.629] [Part 05] Running compression...
[20:14:02.640] [Part 03] Running compression...
[20:14:02.645] [Part 07] Running compression...
[20:14:02.812] [Part 00] Running compression...
[20:14:02.844] [Part 06] Running compression...
[20:14:03.320] [Part 08] Running compression...
[20:14:04.164] [Part 01] Running compression...
[20:14:10.972] [Part 02] Download do arquivo comprimido...
[20:14:11.508] [Part 09] Download do arquivo comprimido...
[20:14:12.830] [Part 05] Download do arquivo comprimido...
[20:14:13.883] [Part 01] Download do arquivo comprimido...
[20:14:14.149] [Part 02] Instance terminated.
[20:14:14.484] [Part 09] Instance terminated.
[20:14:15.444] [Part 04] Download do arquivo comprimido...
[20:14:15.667] [Part 08] Download do arquivo comprimido...
[20:14:15.776] [Part 03] Download do arquivo comprimido...
[20:14:15.796] [Part 05] Instance terminated.
[20:14:15.938] [Part 00] Download do arquivo comprimido...
[20:14:16.282] [Part 07] Download do arquivo comprimido...
[20:14:16.463] [Part 06] Download do arquivo comprimido...
[20:14:16.824] [Part 01] Instance terminated.
[20:14:18.416] [Part 04] Instance terminated.
[20:14:18.724] [Part 03] Instance terminated.
[20:14:18.749] [Part 08] Instance terminated.
[20:14:18.946] [Part 00] Instance terminated.
[20:14:19.431] [Part 07] Instance terminated.
[20:14:19.518] [Part 06] Instance terminated.
[20:14:19.522] 🎉 Processamento Fase 2 (Paralelo) completed!
Log start: Fri Feb 27 20:13:06 2026
Log end: Fri Feb 27 20:14:19 2026

============================================================
RESULTS — t3 Horizontal
  Total Time:    72.53s
  Setup Time:    55.37s
  Encoding Time: 17.16s
============================================================
