[19:55:39.815] [Setup] Starting video split...
[19:55:41.351] [Setup] Divisão concluída.
[19:55:42.290] [Part 07] Launching EC2 instance...
[19:55:42.300] [Part 05] Launching EC2 instance...
[19:55:42.324] [Part 01] Launching EC2 instance...
[19:55:42.331] [Part 06] Launching EC2 instance...
[19:55:42.347] [Part 04] Launching EC2 instance...
[19:55:42.355] [Part 09] Launching EC2 instance...
[19:55:42.364] [Part 00] Launching EC2 instance...
[19:55:42.370] [Part 03] Launching EC2 instance...
[19:55:42.380] [Part 02] Launching EC2 instance...
[19:55:42.388] [Part 08] Launching EC2 instance...
[19:56:00.251] [Part 05] Instance ready. IP: 35.172.250.39
[19:56:00.255] [Part 08] Instance ready. IP: 100.27.34.233
[19:56:00.304] [Part 03] Instance ready. IP: 18.209.247.189
[19:56:00.308] [Part 01] Instance ready. IP: 3.233.214.22
[19:56:00.329] [Part 04] Instance ready. IP: 44.203.244.150
[19:56:00.354] [Part 00] Instance ready. IP: 35.172.232.24
[19:56:00.359] [Part 07] Instance ready. IP: 3.80.162.61
[19:56:00.364] [Part 09] Instance ready. IP: 3.228.12.18
[19:56:00.369] [Part 02] Instance ready. IP: 98.86.148.74
[19:56:00.378] [Part 06] Instance ready. IP: 3.208.92.228
[19:56:31.194] [Part 08] Checking modelo da CPU...
[19:56:31.231] [Part 01] Checking modelo da CPU...
[19:56:31.236] [Part 05] Checking modelo da CPU...
[19:56:31.278] [Part 02] Checking modelo da CPU...
[19:56:31.282] [Part 07] Checking modelo da CPU...
[19:56:31.304] [Part 00] Checking modelo da CPU...
[19:56:31.331] [Part 09] Checking modelo da CPU...
[19:56:31.334] [Part 04] Checking modelo da CPU...
[19:56:31.336] [Part 03] Checking modelo da CPU...
[19:56:31.386] [Part 06] Checking modelo da CPU...
[19:56:32.268] [Part 08] CPU found: Intel(R) Xeon(R) Platinum 8259CL CPU @ 2.50GHz
[19:56:32.289] [Part 01] CPU found: Intel(R) Xeon(R) Platinum 8259CL CPU @ 2.50GHz
[19:56:32.389] [Part 04] CPU found: Intel(R) Xeon(R) Platinum 8259CL CPU @ 2.50GHz
[19:56:32.522] [Part 02] CPU found: Intel(R) Xeon(R) Platinum 8259CL CPU @ 2.50GHz
[19:56:32.541] [Part 07] CPU found: Intel(R) Xeon(R) Platinum 8259CL CPU @ 2.50GHz
[19:56:32.574] [Part 00] CPU found: Intel(R) Xeon(R) Platinum 8259CL CPU @ 2.50GHz
[19:56:32.585] [Part 05] CPU found: Intel(R) Xeon(R) Platinum 8259CL CPU @ 2.50GHz
[19:56:32.605] [Part 09] CPU found: Intel(R) Xeon(R) Platinum 8259CL CPU @ 2.50GHz
[19:56:32.639] [Part 03] CPU found: Intel(R) Xeon(R) Platinum 8259CL CPU @ 2.50GHz
[19:56:32.664] [Part 06] CPU found: Intel(R) Xeon(R) Platinum 8259CL CPU @ 2.50GHz
[19:56:32.736] [Part 08] Sending file...
[19:56:32.768] [Part 01] Sending file...
[19:56:32.872] [Part 04] Sending file...
[19:56:33.007] [Part 07] Sending file...
[19:56:33.008] [Part 02] Sending file...
[19:56:33.053] [Part 00] Sending file...
[19:56:33.080] [Part 09] Sending file...
[19:56:33.086] [Part 05] Sending file...
[19:56:33.125] [Part 03] Sending file...
[19:56:33.165] [Part 06] Sending file...
[19:56:34.643] [Part 01] Running compression...
[19:56:34.648] [Part 04] Running compression...
[19:56:35.000] [Part 00] Running compression...
[19:56:35.014] [Part 02] Running compression...
[19:56:35.028] [Part 08] Running compression...
[19:56:35.050] [Part 07] Running compression...
[19:56:35.061] [Part 03] Running compression...
[19:56:35.079] [Part 09] Running compression...
[19:56:35.091] [Part 05] Running compression...
[19:56:35.174] [Part 06] Running compression...
[19:56:45.397] [Part 01] Download do arquivo comprimido...
[19:56:45.766] [Part 04] Download do arquivo comprimido...
[19:56:45.972] [Part 09] Download do arquivo comprimido...
[19:56:46.721] [Part 02] Download do arquivo comprimido...
[19:56:47.153] [Part 08] Download do arquivo comprimido...
[19:56:47.437] [Part 05] Download do arquivo comprimido...
[19:56:47.532] [Part 06] Download do arquivo comprimido...
[19:56:47.606] [Part 00] Download do arquivo comprimido...
[19:56:48.116] [Part 07] Download do arquivo comprimido...
[19:56:48.234] [Part 03] Download do arquivo comprimido...
[19:56:48.254] [Part 01] Instance terminated.
[19:56:48.816] [Part 04] Instance terminated.
[19:56:48.943] [Part 09] Instance terminated.
[19:56:50.033] [Part 08] Instance terminated.
[19:56:50.179] [Part 02] Instance terminated.
[19:56:50.575] [Part 05] Instance terminated.
[19:56:50.611] [Part 00] Instance terminated.
[19:56:50.817] [Part 06] Instance terminated.
[19:56:51.163] [Part 07] Instance terminated.
[19:56:51.321] [Part 03] Instance terminated.
[19:56:51.329] 🎉 Processamento Fase 2 (Paralelo) completed!
Log start: Fri Feb 27 19:55:39 2026
Log end: Fri Feb 27 19:56:51 2026

============================================================
RESULTS — t3 Horizontal
  Total Time:    71.51s
  Setup Time:    54.83s
  Encoding Time: 16.69s
============================================================
