[20:26:20.488] [Setup] Starting video split...
[20:26:22.017] [Setup] Divisão concluída.
[20:26:22.968] [Part 01] Launching EC2 instance...
[20:26:22.978] [Part 05] Launching EC2 instance...
[20:26:23.005] [Part 07] Launching EC2 instance...
[20:26:23.014] [Part 08] Launching EC2 instance...
[20:26:23.025] [Part 04] Launching EC2 instance...
[20:26:23.037] [Part 02] Launching EC2 instance...
[20:26:23.045] [Part 06] Launching EC2 instance...
[20:26:23.055] [Part 03] Launching EC2 instance...
[20:26:23.065] [Part 09] Launching EC2 instance...
[20:26:23.069] [Part 00] Launching EC2 instance...
[20:26:40.411] [Part 03] Instance ready. IP: 44.192.2.226
[20:26:40.416] [Part 07] Instance ready. IP: 44.200.208.230
[20:26:40.440] [Part 01] Instance ready. IP: 44.195.67.83
[20:26:40.446] [Part 00] Instance ready. IP: 98.86.175.86
[20:26:40.457] [Part 04] Instance ready. IP: 44.220.168.163
[20:26:40.469] [Part 05] Instance ready. IP: 3.238.147.93
[20:26:40.485] [Part 02] Instance ready. IP: 98.92.125.234
[20:26:40.585] [Part 09] Instance ready. IP: 44.202.197.35
[20:26:40.613] [Part 06] Instance ready. IP: 3.237.72.233
[20:26:40.647] [Part 08] Instance ready. IP: 13.218.156.246
[20:27:11.317] [Part 03] Checking modelo da CPU...
[20:27:11.406] [Part 07] Checking modelo da CPU...
[20:27:11.412] [Part 01] Checking modelo da CPU...
[20:27:11.418] [Part 04] Checking modelo da CPU...
[20:27:11.426] [Part 02] Checking modelo da CPU...
[20:27:11.427] [Part 05] Checking modelo da CPU...
[20:27:11.482] [Part 00] Checking modelo da CPU...
[20:27:11.576] [Part 06] Checking modelo da CPU...
[20:27:11.612] [Part 08] Checking modelo da CPU...
[20:27:11.635] [Part 09] Checking modelo da CPU...
[20:27:12.396] [Part 03] CPU found: Intel(R) Xeon(R) Platinum 8259CL CPU @ 2.50GHz
[20:27:12.513] [Part 07] CPU found: Intel(R) Xeon(R) Platinum 8259CL CPU @ 2.50GHz
[20:27:12.516] [Part 00] CPU found: Intel(R) Xeon(R) Platinum 8259CL CPU @ 2.50GHz
[20:27:12.581] [Part 02] CPU found: Intel(R) Xeon(R) Platinum 8259CL CPU @ 2.50GHz
[20:27:12.686] [Part 04] CPU found: Intel(R) Xeon(R) Platinum 8259CL CPU @ 2.50GHz
[20:27:12.713] [Part 05] CPU found: Intel(R) Xeon(R) Platinum 8259CL CPU @ 2.50GHz
[20:27:12.725] [Part 08] CPU found: Intel(R) Xeon(R) Platinum 8259CL CPU @ 2.50GHz
[20:27:12.757] [Part 01] CPU found: Intel(R) Xeon(R) Platinum 8259CL CPU @ 2.50GHz
[20:27:12.863] [Part 06] CPU found: Intel(R) Xeon(R) Platinum 8259CL CPU @ 2.50GHz
[20:27:12.874] [Part 03] Sending file...
[20:27:12.945] [Part 09] CPU found: Intel(R) Xeon(R) Platinum 8259CL CPU @ 2.50GHz
[20:27:12.995] [Part 07] Sending file...
[20:27:13.000] [Part 00] Sending file...
[20:27:13.067] [Part 02] Sending file...
[20:27:13.166] [Part 04] Sending file...
[20:27:13.191] [Part 05] Sending file...
[20:27:13.212] [Part 08] Sending file...
[20:27:13.255] [Part 01] Sending file...
[20:27:13.342] [Part 06] Sending file...
[20:27:13.426] [Part 09] Sending file...
[20:27:14.449] [Part 07] Running compression...
[20:27:14.583] [Part 00] Running compression...[20:27:14.584] [Part 02] Running compression...

[20:27:14.650] [Part 04] Running compression...
[20:27:14.700] [Part 08] Running compression...
[20:27:14.726] [Part 03] Running compression...
[20:27:14.772] [Part 05] Running compression...
[20:27:14.803] [Part 01] Running compression...
[20:27:14.877] [Part 06] Running compression...
[20:27:15.070] [Part 09] Running compression...
[20:27:24.761] [Part 04] Download do arquivo comprimido...
[20:27:25.418] [Part 08] Download do arquivo comprimido...
[20:27:25.469] [Part 01] Download do arquivo comprimido...
[20:27:26.218] [Part 00] Download do arquivo comprimido...
[20:27:26.651] [Part 05] Download do arquivo comprimido...
[20:27:26.987] [Part 06] Download do arquivo comprimido...
[20:27:27.002] [Part 02] Download do arquivo comprimido...
[20:27:27.123] [Part 09] Download do arquivo comprimido...
[20:27:27.183] [Part 03] Download do arquivo comprimido...
[20:27:27.711] [Part 04] Instance terminated.
[20:27:28.216] [Part 07] Download do arquivo comprimido...
[20:27:28.477] [Part 01] Instance terminated.
[20:27:28.524] [Part 08] Instance terminated.
[20:27:29.433] [Part 00] Instance terminated.
[20:27:29.672] [Part 05] Instance terminated.
[20:27:29.994] [Part 09] Instance terminated.
[20:27:30.321] [Part 03] Instance terminated.
[20:27:30.340] [Part 06] Instance terminated.
[20:27:30.353] [Part 02] Instance terminated.
[20:27:31.370] [Part 07] Instance terminated.
[20:27:31.374] 🎉 Processamento Fase 2 (Paralelo) completed!
Log start: Fri Feb 27 20:26:20 2026
Log end: Fri Feb 27 20:27:31 2026

============================================================
RESULTS — t3 Horizontal
  Total Time:    70.89s
  Setup Time:    53.96s
  Encoding Time: 16.93s
============================================================
