[20:04:21.666] [Setup] Starting video split...
[20:04:23.206] [Setup] Divisão concluída.
[20:04:24.176] [Part 03] Launching EC2 instance...
[20:04:24.238] [Part 01] Launching EC2 instance...
[20:04:24.247] [Part 04] Launching EC2 instance...
[20:04:24.254] [Part 06] Launching EC2 instance...
[20:04:24.265] [Part 09] Launching EC2 instance...
[20:04:24.275] [Part 00] Launching EC2 instance...
[20:04:24.285] [Part 05] Launching EC2 instance...
[20:04:24.292] [Part 07] Launching EC2 instance...
[20:04:24.299] [Part 08] Launching EC2 instance...
[20:04:24.311] [Part 02] Launching EC2 instance...
[20:04:41.766] [Part 09] Instance ready. IP: 44.192.127.180
[20:04:41.777] [Part 04] Instance ready. IP: 100.31.132.32
[20:04:41.827] [Part 01] Instance ready. IP: 44.222.246.179
[20:04:41.838] [Part 03] Instance ready. IP: 3.239.201.128
[20:04:41.876] [Part 02] Instance ready. IP: 34.205.15.111
[20:04:41.881] [Part 06] Instance ready. IP: 13.219.203.146
[20:04:41.888] [Part 08] Instance ready. IP: 52.54.57.208
[20:04:41.900] [Part 05] Instance ready. IP: 44.197.184.196
[20:04:41.910] [Part 00] Instance ready. IP: 44.204.243.7
[20:04:41.941] [Part 07] Instance ready. IP: 18.205.1.26
[20:05:12.685] [Part 04] Checking modelo da CPU...
[20:05:12.723] [Part 09] Checking modelo da CPU...
[20:05:12.750] [Part 01] Checking modelo da CPU...
[20:05:12.785] [Part 03] Checking modelo da CPU...
[20:05:12.791] [Part 08] Checking modelo da CPU...
[20:05:12.793] [Part 06] Checking modelo da CPU...
[20:05:12.796] [Part 02] Checking modelo da CPU...
[20:05:12.826] [Part 05] Checking modelo da CPU...
[20:05:12.829] [Part 00] Checking modelo da CPU...
[20:05:12.974] [Part 07] Checking modelo da CPU...
[20:05:13.796] [Part 04] CPU found: Intel(R) Xeon(R) Platinum 8259CL CPU @ 2.50GHz
[20:05:13.940] [Part 00] CPU found: Intel(R) Xeon(R) Platinum 8259CL CPU @ 2.50GHz
[20:05:13.959] [Part 07] CPU found: Intel(R) Xeon(R) Platinum 8259CL CPU @ 2.50GHz
[20:05:14.011] [Part 06] CPU found: Intel(R) Xeon(R) Platinum 8259CL CPU @ 2.50GHz
[20:05:14.026] [Part 09] CPU found: Intel(R) Xeon(R) Platinum 8259CL CPU @ 2.50GHz
[20:05:14.040] [Part 05] CPU found: Intel(R) Xeon(R) Platinum 8259CL CPU @ 2.50GHz
[20:05:14.043] [Part 02] CPU found: Intel(R) Xeon(R) Platinum 8259CL CPU @ 2.50GHz
[20:05:14.141] [Part 03] CPU found: Intel(R) Xeon(R) Platinum 8259CL CPU @ 2.50GHz
[20:05:14.143] [Part 08] CPU found: Intel(R) Xeon(R) Platinum 8259CL CPU @ 2.50GHz
[20:05:14.158] [Part 01] CPU found: Intel(R) Xeon(R) Platinum 8259CL CPU @ 2.50GHz
[20:05:14.266] [Part 04] Sending file...
[20:05:14.419] [Part 00] Sending file...
[20:05:14.447] [Part 07] Sending file...
[20:05:14.497] [Part 06] Sending file...
[20:05:14.519] [Part 05] Sending file...
[20:05:14.523] [Part 09] Sending file...
[20:05:14.533] [Part 02] Sending file...
[20:05:14.611] [Part 08] Sending file...
[20:05:14.636] [Part 01] Sending file...
[20:05:14.639] [Part 03] Sending file...
[20:05:15.783] [Part 04] Running compression...
[20:05:15.976] [Part 00] Running compression...
[20:05:16.140] [Part 07] Running compression...
[20:05:16.337] [Part 08] Running compression...
[20:05:16.517] [Part 01] Running compression...
[20:05:16.522] [Part 06] Running compression...
[20:05:16.543] [Part 02] Running compression...
[20:05:16.548] [Part 05] Running compression...
[20:05:16.608] [Part 03] Running compression...
[20:05:16.750] [Part 09] Running compression...
[20:05:26.926] [Part 01] Download do arquivo comprimido...
[20:05:27.260] [Part 02] Download do arquivo comprimido...
[20:05:27.942] [Part 05] Download do arquivo comprimido...
[20:05:28.592] [Part 06] Download do arquivo comprimido...
[20:05:28.603] [Part 07] Download do arquivo comprimido...
[20:05:28.619] [Part 08] Download do arquivo comprimido...
[20:05:28.698] [Part 04] Download do arquivo comprimido...
[20:05:28.773] [Part 00] Download do arquivo comprimido...
[20:05:29.022] [Part 09] Download do arquivo comprimido...
[20:05:29.855] [Part 01] Instance terminated.
[20:05:30.068] [Part 03] Download do arquivo comprimido...
[20:05:30.401] [Part 02] Instance terminated.
[20:05:30.839] [Part 05] Instance terminated.
[20:05:31.518] [Part 08] Instance terminated.
[20:05:31.623] [Part 04] Instance terminated.
[20:05:31.788] [Part 00] Instance terminated.
[20:05:31.825] [Part 07] Instance terminated.
[20:05:31.856] [Part 06] Instance terminated.
[20:05:32.068] [Part 09] Instance terminated.
[20:05:33.205] [Part 03] Instance terminated.
[20:05:33.206] 🎉 Processamento Fase 2 (Paralelo) completed!
Log start: Fri Feb 27 20:04:21 2026
Log end: Fri Feb 27 20:05:33 2026

============================================================
RESULTS — t3 Horizontal
  Total Time:    71.54s
  Setup Time:    54.12s
  Encoding Time: 17.42s
============================================================
