[20:37:33.800] [Setup] Starting video split...
[20:37:35.345] [Setup] Divisão concluída.
[20:37:36.265] [Part 01] Launching EC2 instance...
[20:37:36.268] [Part 03] Launching EC2 instance...
[20:37:36.270] [Part 00] Launching EC2 instance...
[20:37:36.286] [Part 07] Launching EC2 instance...
[20:37:36.295] [Part 04] Launching EC2 instance...
[20:37:36.304] [Part 09] Launching EC2 instance...
[20:37:36.314] [Part 06] Launching EC2 instance...
[20:37:36.323] [Part 05] Launching EC2 instance...
[20:37:36.330] [Part 08] Launching EC2 instance...
[20:37:36.335] [Part 02] Launching EC2 instance...
[20:37:54.149] [Part 03] Instance ready. IP: 13.223.84.248
[20:37:54.166] [Part 07] Instance ready. IP: 32.192.197.195
[20:37:54.175] [Part 01] Instance ready. IP: 3.238.163.150
[20:37:54.206] [Part 05] Instance ready. IP: 3.239.236.3
[20:37:54.219] [Part 08] Instance ready. IP: 44.203.78.122
[20:37:54.227] [Part 09] Instance ready. IP: 18.209.209.227
[20:37:54.241] [Part 02] Instance ready. IP: 44.204.105.218
[20:37:54.246] [Part 04] Instance ready. IP: 44.200.245.251
[20:37:54.251] [Part 06] Instance ready. IP: 44.202.197.2
[20:37:54.265] [Part 00] Instance ready. IP: 44.204.136.205
[20:38:25.050] [Part 03] Checking modelo da CPU...
[20:38:25.142] [Part 08] Checking modelo da CPU...
[20:38:25.145] [Part 09] Checking modelo da CPU...
[20:38:25.150] [Part 05] Checking modelo da CPU...
[20:38:25.151] [Part 07] Checking modelo da CPU...
[20:38:25.158] [Part 01] Checking modelo da CPU...
[20:38:25.170] [Part 04] Checking modelo da CPU...
[20:38:25.246] [Part 02] Checking modelo da CPU...
[20:38:25.270] [Part 00] Checking modelo da CPU...
[20:38:25.291] [Part 06] Checking modelo da CPU...
[20:38:26.288] [Part 05] CPU found: Intel(R) Xeon(R) Platinum 8259CL CPU @ 2.50GHz
[20:38:26.314] [Part 09] CPU found: Intel(R) Xeon(R) Platinum 8259CL CPU @ 2.50GHz
[20:38:26.373] [Part 03] CPU found: Intel(R) Xeon(R) Platinum 8259CL CPU @ 2.50GHz
[20:38:26.376] [Part 02] CPU found: Intel(R) Xeon(R) Platinum 8259CL CPU @ 2.50GHz
[20:38:26.469] [Part 01] CPU found: Intel(R) Xeon(R) Platinum 8259CL CPU @ 2.50GHz
[20:38:26.475] [Part 04] CPU found: Intel(R) Xeon(R) Platinum 8259CL CPU @ 2.50GHz
[20:38:26.493] [Part 06] CPU found: Intel(R) Xeon(R) Platinum 8259CL CPU @ 2.50GHz
[20:38:26.501] [Part 08] CPU found: Intel(R) Xeon(R) Platinum 8259CL CPU @ 2.50GHz
[20:38:26.529] [Part 07] CPU found: Intel(R) Xeon(R) Platinum 8259CL CPU @ 2.50GHz
[20:38:26.551] [Part 00] CPU found: Intel(R) Xeon(R) Platinum 8259CL CPU @ 2.50GHz
[20:38:26.768] [Part 05] Sending file...
[20:38:26.781] [Part 09] Sending file...
[20:38:26.841] [Part 03] Sending file...
[20:38:26.875] [Part 02] Sending file...
[20:38:26.948] [Part 01] Sending file...
[20:38:26.954] [Part 04] Sending file...
[20:38:26.980] [Part 08] Sending file...
[20:38:26.987] [Part 06] Sending file...
[20:38:26.997] [Part 07] Sending file...
[20:38:27.026] [Part 00] Sending file...
[20:38:28.690] [Part 05] Running compression...
[20:38:28.851] [Part 08] Running compression...
[20:38:28.900] [Part 07] Running compression...
[20:38:28.912] [Part 01] Running compression...
[20:38:28.913] [Part 00] Running compression...
[20:38:28.914] [Part 09] Running compression...
[20:38:28.918] [Part 04] Running compression...
[20:38:28.922] [Part 02] Running compression...
[20:38:28.972] [Part 03] Running compression...
[20:38:29.043] [Part 06] Running compression...
[20:38:35.481] [Part 09] Download do arquivo comprimido...
[20:38:36.960] [Part 06] Download do arquivo comprimido...
[20:38:38.347] [Part 09] Instance terminated.
[20:38:39.377] [Part 05] Download do arquivo comprimido...
[20:38:39.833] [Part 04] Download do arquivo comprimido...
[20:38:40.075] [Part 06] Instance terminated.
[20:38:40.270] [Part 00] Download do arquivo comprimido...
[20:38:40.627] [Part 01] Download do arquivo comprimido...
[20:38:40.999] [Part 02] Download do arquivo comprimido...
[20:38:41.183] [Part 08] Download do arquivo comprimido...
[20:38:41.858] [Part 03] Download do arquivo comprimido...
[20:38:42.357] [Part 05] Instance terminated.
[20:38:42.611] [Part 07] Download do arquivo comprimido...
[20:38:42.881] [Part 04] Instance terminated.
[20:38:43.273] [Part 00] Instance terminated.
[20:38:43.547] [Part 01] Instance terminated.
[20:38:44.275] [Part 08] Instance terminated.
[20:38:44.302] [Part 02] Instance terminated.
[20:38:44.776] [Part 03] Instance terminated.
[20:38:45.675] [Part 07] Instance terminated.
[20:38:45.680] 🎉 Processamento Fase 2 (Paralelo) completed!
Log start: Fri Feb 27 20:37:33 2026
Log end: Fri Feb 27 20:38:45 2026

============================================================
RESULTS — t3 Horizontal
  Total Time:    71.88s
  Setup Time:    54.89s
  Encoding Time: 16.99s
============================================================
