[20:25:09.446] [Setup] Starting video split...
[20:25:10.970] [Setup] Divisão concluída.
[20:25:11.890] [Part 06] Launching EC2 instance...[20:25:11.890] [Part 01] Launching EC2 instance...
[20:25:11.897] [Part 08] Launching EC2 instance...

[20:25:11.910] [Part 03] Launching EC2 instance...
[20:25:11.924] [Part 00] Launching EC2 instance...
[20:25:11.934] [Part 07] Launching EC2 instance...
[20:25:11.941] [Part 05] Launching EC2 instance...
[20:25:11.951] [Part 02] Launching EC2 instance...
[20:25:11.958] [Part 09] Launching EC2 instance...
[20:25:11.965] [Part 04] Launching EC2 instance...
[20:25:29.430] [Part 00] Instance ready. IP: 44.199.218.67
[20:25:29.468] [Part 04] Instance ready. IP: 100.53.58.117
[20:25:29.477] [Part 07] Instance ready. IP: 18.206.135.75
[20:25:29.481] [Part 03] Instance ready. IP: 44.213.116.0
[20:25:29.493] [Part 09] Instance ready. IP: 44.199.204.41
[20:25:29.498] [Part 05] Instance ready. IP: 3.231.203.107
[20:25:29.502] [Part 08] Instance ready. IP: 100.24.105.81
[20:25:29.507] [Part 02] Instance ready. IP: 98.92.216.219[20:25:29.513] [Part 01] Instance ready. IP: 44.200.241.62

[20:25:29.535] [Part 06] Instance ready. IP: 44.200.199.210
[20:26:00.367] [Part 00] Checking modelo da CPU...
[20:26:00.423] [Part 02] Checking modelo da CPU...
[20:26:00.429] [Part 09] Checking modelo da CPU...
[20:26:00.429] [Part 07] Checking modelo da CPU...
[20:26:00.444] [Part 03] Checking modelo da CPU...
[20:26:00.445] [Part 05] Checking modelo da CPU...
[20:26:00.476] [Part 01] Checking modelo da CPU...
[20:26:00.495] [Part 04] Checking modelo da CPU...
[20:26:00.557] [Part 08] Checking modelo da CPU...
[20:26:00.633] [Part 06] Checking modelo da CPU...
[20:26:01.478] [Part 02] CPU found: Intel(R) Xeon(R) Platinum 8259CL CPU @ 2.50GHz
[20:26:01.570] [Part 01] CPU found: Intel(R) Xeon(R) Platinum 8259CL CPU @ 2.50GHz
[20:26:01.641] [Part 03] CPU found: Intel(R) Xeon(R) Platinum 8259CL CPU @ 2.50GHz
[20:26:01.650] [Part 06] CPU found: Intel(R) Xeon(R) Platinum 8259CL CPU @ 2.50GHz
[20:26:01.698] [Part 04] CPU found: Intel(R) Xeon(R) Platinum 8259CL CPU @ 2.50GHz
[20:26:01.868] [Part 07] CPU found: Intel(R) Xeon(R) Platinum 8259CL CPU @ 2.50GHz
[20:26:01.942] [Part 02] Sending file...
[20:26:01.946] [Part 00] CPU found: Intel(R) Xeon(R) Platinum 8259CL CPU @ 2.50GHz
[20:26:01.971] [Part 05] CPU found: Intel(R) Xeon(R) Platinum 8259CL CPU @ 2.50GHz
[20:26:02.052] [Part 01] Sending file...
[20:26:02.116] [Part 03] Sending file...
[20:26:02.126] [Part 06] Sending file...
[20:26:02.142] [Part 08] CPU found: Intel(R) Xeon(R) Platinum 8259CL CPU @ 2.50GHz
[20:26:02.183] [Part 04] Sending file...
[20:26:02.335] [Part 07] Sending file...
[20:26:02.432] [Part 00] Sending file...
[20:26:02.450] [Part 05] Sending file...
[20:26:02.611] [Part 08] Sending file...
[20:26:02.660] [Part 09] CPU found: Intel(R) Xeon(R) Platinum 8259CL CPU @ 2.50GHz
[20:26:03.144] [Part 09] Sending file...
[20:26:03.744] [Part 04] Running compression...
[20:26:03.756] [Part 03] Running compression...
[20:26:03.817] [Part 01] Running compression...
[20:26:03.986] [Part 06] Running compression...
[20:26:04.277] [Part 00] Running compression...[20:26:04.277] [Part 02] Running compression...

[20:26:04.290] [Part 07] Running compression...
[20:26:04.375] [Part 05] Running compression...
[20:26:04.435] [Part 08] Running compression...
[20:26:04.935] [Part 09] Running compression...
[20:26:13.842] [Part 06] Download do arquivo comprimido...
[20:26:14.115] [Part 01] Download do arquivo comprimido...
[20:26:15.424] [Part 07] Download do arquivo comprimido...
[20:26:15.818] [Part 04] Download do arquivo comprimido...
[20:26:15.890] [Part 03] Download do arquivo comprimido...
[20:26:16.026] [Part 02] Download do arquivo comprimido...
[20:26:16.628] [Part 05] Download do arquivo comprimido...
[20:26:16.881] [Part 09] Download do arquivo comprimido...
[20:26:16.910] [Part 06] Instance terminated.
[20:26:16.967] [Part 08] Download do arquivo comprimido...
[20:26:16.975] [Part 00] Download do arquivo comprimido...
[20:26:17.020] [Part 01] Instance terminated.
[20:26:18.437] [Part 07] Instance terminated.
[20:26:18.859] [Part 04] Instance terminated.
[20:26:18.937] [Part 03] Instance terminated.
[20:26:19.163] [Part 02] Instance terminated.
[20:26:19.522] [Part 05] Instance terminated.
[20:26:19.753] [Part 09] Instance terminated.
[20:26:19.872] [Part 08] Instance terminated.
[20:26:19.993] [Part 00] Instance terminated.
[20:26:20.001] 🎉 Processamento Fase 2 (Paralelo) completed!
Log start: Fri Feb 27 20:25:09 2026
Log end: Fri Feb 27 20:26:20 2026

============================================================
RESULTS — t3 Horizontal
  Total Time:    70.56s
  Setup Time:    54.30s
  Encoding Time: 16.26s
============================================================
