[19:53:16.874] [Setup] Starting video split...
[19:53:18.490] [Setup] Divisão concluída.
[19:53:19.431] [Part 05] Launching EC2 instance...
[19:53:19.432] [Part 01] Launching EC2 instance...
[19:53:19.453] [Part 06] Launching EC2 instance...
[19:53:19.455] [Part 04] Launching EC2 instance...
[19:53:19.466] [Part 03] Launching EC2 instance...
[19:53:19.485] [Part 00] Launching EC2 instance...
[19:53:19.487] [Part 09] Launching EC2 instance...
[19:53:19.496] [Part 02] Launching EC2 instance...
[19:53:19.502] [Part 08] Launching EC2 instance...
[19:53:19.510] [Part 07] Launching EC2 instance...
[19:53:36.891] [Part 06] Instance ready. IP: 3.235.232.66
[19:53:36.896] [Part 01] Instance ready. IP: 100.31.198.100
[19:53:36.916] [Part 02] Instance ready. IP: 98.81.112.174
[19:53:36.923] [Part 09] Instance ready. IP: 100.53.228.84
[19:53:36.947] [Part 04] Instance ready. IP: 44.202.193.228
[19:53:36.954] [Part 03] Instance ready. IP: 3.238.69.238
[19:53:36.958] [Part 00] Instance ready. IP: 3.222.185.224
[19:53:36.963] [Part 08] Instance ready. IP: 3.219.47.137
[19:53:36.981] [Part 07] Instance ready. IP: 44.193.204.41
[19:53:37.043] [Part 05] Instance ready. IP: 3.239.169.243
[19:54:07.846] [Part 01] Checking modelo da CPU...
[19:54:07.854] [Part 06] Checking modelo da CPU...
[19:54:07.872] [Part 09] Checking modelo da CPU...
[19:54:07.921] [Part 07] Checking modelo da CPU...
[19:54:07.935] [Part 04] Checking modelo da CPU...
[19:54:07.937] [Part 08] Checking modelo da CPU...
[19:54:07.957] [Part 03] Checking modelo da CPU...
[19:54:07.967] [Part 02] Checking modelo da CPU...
[19:54:07.968] [Part 00] Checking modelo da CPU...
[19:54:08.120] [Part 05] Checking modelo da CPU...
[19:54:08.906] [Part 06] CPU found: Intel(R) Xeon(R) Platinum 8259CL CPU @ 2.50GHz
[19:54:08.947] [Part 01] CPU found: Intel(R) Xeon(R) Platinum 8259CL CPU @ 2.50GHz
[19:54:09.023] [Part 02] CPU found: Intel(R) Xeon(R) Platinum 8259CL CPU @ 2.50GHz
[19:54:09.147] [Part 09] CPU found: Intel(R) Xeon(R) Platinum 8259CL CPU @ 2.50GHz
[19:54:09.174] [Part 08] CPU found: Intel(R) Xeon(R) Platinum 8259CL CPU @ 2.50GHz
[19:54:09.177] [Part 07] CPU found: Intel(R) Xeon(R) Platinum 8259CL CPU @ 2.50GHz
[19:54:09.246] [Part 03] CPU found: Intel(R) Xeon(R) Platinum 8259CL CPU @ 2.50GHz
[19:54:09.260] [Part 04] CPU found: Intel(R) Xeon(R) Platinum 8259CL CPU @ 2.50GHz
[19:54:09.293] [Part 00] CPU found: Intel(R) Xeon(R) Platinum 8259CL CPU @ 2.50GHz
[19:54:09.382] [Part 06] Sending file...
[19:54:09.414] [Part 05] CPU found: Intel(R) Xeon(R) Platinum 8259CL CPU @ 2.50GHz
[19:54:09.417] [Part 01] Sending file...
[19:54:09.508] [Part 02] Sending file...
[19:54:09.612] [Part 09] Sending file...
[19:54:09.655] [Part 07] Sending file...
[19:54:09.671] [Part 08] Sending file...
[19:54:09.724] [Part 03] Sending file...
[19:54:09.761] [Part 04] Sending file...
[19:54:09.769] [Part 00] Sending file...
[19:54:09.912] [Part 05] Sending file...
[19:54:11.377] [Part 01] Running compression...
[19:54:11.388] [Part 06] Running compression...
[19:54:11.470] [Part 02] Running compression...
[19:54:11.934] [Part 08] Running compression...
[19:54:11.984] [Part 04] Running compression...
[19:54:11.984] [Part 09] Running compression...
[19:54:11.985] [Part 00] Running compression...
[19:54:11.996] [Part 07] Running compression...
[19:54:12.088] [Part 05] Running compression...
[19:54:13.338] [Part 03] Running compression...
[19:54:21.453] [Part 01] Download do arquivo comprimido...
[19:54:23.030] [Part 05] Download do arquivo comprimido...
[19:54:23.438] [Part 08] Download do arquivo comprimido...
[19:54:23.691] [Part 04] Download do arquivo comprimido...
[19:54:23.800] [Part 09] Download do arquivo comprimido...
[19:54:23.886] [Part 02] Download do arquivo comprimido...
[19:54:24.308] [Part 01] Instance terminated.
[19:54:24.441] [Part 06] Download do arquivo comprimido...
[19:54:24.519] [Part 00] Download do arquivo comprimido...
[19:54:25.430] [Part 07] Download do arquivo comprimido...
[19:54:25.509] [Part 03] Download do arquivo comprimido...
[19:54:26.262] [Part 05] Instance terminated.
[19:54:26.608] [Part 09] Instance terminated.
[19:54:26.614] [Part 08] Instance terminated.
[19:54:26.902] [Part 04] Instance terminated.
[19:54:27.009] [Part 02] Instance terminated.
[19:54:27.550] [Part 06] Instance terminated.
[19:54:27.598] [Part 00] Instance terminated.
[19:54:28.425] [Part 07] Instance terminated.
[19:54:28.610] [Part 03] Instance terminated.
[19:54:28.618] 🎉 Processamento Fase 2 (Paralelo) completed!
Log start: Fri Feb 27 19:53:16 2026
Log end: Fri Feb 27 19:54:28 2026

============================================================
RESULTS — t3 Horizontal
  Total Time:    71.74s
  Setup Time:    54.50s
  Encoding Time: 17.24s
============================================================
