[20:00:29.470] [Setup] Starting video split...
[20:00:31.000] [Setup] Divisão concluída.
[20:00:31.943] [Part 08] Launching EC2 instance...[20:00:31.945] [Part 04] Launching EC2 instance...

[20:00:31.966] [Part 03] Launching EC2 instance...
[20:00:31.982] [Part 01] Launching EC2 instance...
[20:00:31.992] [Part 05] Launching EC2 instance...
[20:00:32.004] [Part 00] Launching EC2 instance...
[20:00:32.012] [Part 02] Launching EC2 instance...
[20:00:32.023] [Part 06] Launching EC2 instance...
[20:00:32.033] [Part 07] Launching EC2 instance...
[20:00:32.036] [Part 09] Launching EC2 instance...
[20:00:49.979] [Part 09] Instance ready. IP: 44.200.0.42
[20:00:49.999] [Part 01] Instance ready. IP: 3.230.118.227
[20:00:50.011] [Part 04] Instance ready. IP: 3.214.144.246
[20:00:50.016] [Part 07] Instance ready. IP: 3.228.19.29
[20:00:50.034] [Part 03] Instance ready. IP: 98.92.233.129
[20:00:50.038] [Part 00] Instance ready. IP: 100.54.37.23
[20:00:50.044] [Part 02] Instance ready. IP: 3.226.235.175
[20:00:50.057] [Part 06] Instance ready. IP: 32.192.230.49
[20:00:50.077] [Part 08] Instance ready. IP: 100.52.231.111
[20:00:50.104] [Part 05] Instance ready. IP: 3.235.248.27
[20:01:20.896] [Part 01] Checking modelo da CPU...
[20:01:20.988] [Part 02] Checking modelo da CPU...
[20:01:20.993] [Part 00] Checking modelo da CPU...
[20:01:21.016] [Part 06] Checking modelo da CPU...
[20:01:21.021] [Part 03] Checking modelo da CPU...
[20:01:21.041] [Part 08] Checking modelo da CPU...
[20:01:21.056] [Part 05] Checking modelo da CPU...
[20:01:21.057] [Part 04] Checking modelo da CPU...
[20:01:21.106] [Part 09] Checking modelo da CPU...
[20:01:21.110] [Part 07] Checking modelo da CPU...
[20:01:22.069] [Part 00] CPU found: Intel(R) Xeon(R) Platinum 8259CL CPU @ 2.50GHz
[20:01:22.103] [Part 02] CPU found: Intel(R) Xeon(R) Platinum 8259CL CPU @ 2.50GHz
[20:01:22.191] [Part 01] CPU found: Intel(R) Xeon(R) Platinum 8175M CPU @ 2.50GHz
[20:01:22.192] [Part 01] WARNING: CPU mismatch. Esperado 'Intel(R) Xeon(R) Platinum 8259CL CPU @ 2.50GHz', got Intel(R) Xeon(R) Platinum 8175M CPU @ 2.50GHz
[20:01:22.229] [Part 09] CPU found: Intel(R) Xeon(R) Platinum 8259CL CPU @ 2.50GHz
[20:01:22.279] [Part 03] CPU found: Intel(R) Xeon(R) Platinum 8259CL CPU @ 2.50GHz
[20:01:22.281] [Part 05] CPU found: Intel(R) Xeon(R) Platinum 8259CL CPU @ 2.50GHz
[20:01:22.341] [Part 06] CPU found: Intel(R) Xeon(R) Platinum 8259CL CPU @ 2.50GHz
[20:01:22.370] [Part 04] CPU found: Intel(R) Xeon(R) Platinum 8259CL CPU @ 2.50GHz
[20:01:22.376] [Part 08] CPU found: Intel(R) Xeon(R) Platinum 8259CL CPU @ 2.50GHz
[20:01:22.437] [Part 07] CPU found: Intel(R) Xeon(R) Platinum 8259CL CPU @ 2.50GHz
[20:01:22.555] [Part 00] Sending file...
[20:01:22.583] [Part 02] Sending file...
[20:01:22.667] [Part 01] Sending file...
[20:01:22.726] [Part 09] Sending file...
[20:01:22.746] [Part 03] Sending file...
[20:01:22.759] [Part 05] Sending file...
[20:01:22.805] [Part 06] Sending file...
[20:01:22.861] [Part 08] Sending file...
[20:01:22.865] [Part 04] Sending file...
[20:01:22.935] [Part 07] Sending file...
[20:01:24.433] [Part 02] Running compression...[20:01:24.435] [Part 05] Running compression...[20:01:24.436] [Part 00] Running compression...


[20:01:24.444] [Part 08] Running compression...[20:01:24.450] [Part 01] Running compression...

[20:01:24.553] [Part 06] Running compression...
[20:01:24.673] [Part 07] Running compression...
[20:01:24.832] [Part 09] Running compression...
[20:01:25.010] [Part 04] Running compression...
[20:01:26.585] [Part 03] Running compression...
[20:01:35.318] [Part 00] Download do arquivo comprimido...
[20:01:36.076] [Part 01] Download do arquivo comprimido...
[20:01:36.116] [Part 09] Download do arquivo comprimido...
[20:01:36.427] [Part 05] Download do arquivo comprimido...
[20:01:36.681] [Part 08] Download do arquivo comprimido...
[20:01:36.867] [Part 06] Download do arquivo comprimido...
[20:01:37.349] [Part 04] Download do arquivo comprimido...
[20:01:37.373] [Part 02] Download do arquivo comprimido...
[20:01:37.432] [Part 07] Download do arquivo comprimido...
[20:01:38.159] [Part 03] Download do arquivo comprimido...
[20:01:38.401] [Part 00] Instance terminated.
[20:01:38.978] [Part 01] Instance terminated.
[20:01:39.049] [Part 09] Instance terminated.
[20:01:39.493] [Part 05] Instance terminated.
[20:01:39.768] [Part 08] Instance terminated.
[20:01:40.133] [Part 06] Instance terminated.
[20:01:40.692] [Part 04] Instance terminated.
[20:01:40.828] [Part 02] Instance terminated.
[20:01:40.840] [Part 07] Instance terminated.
[20:01:41.237] [Part 03] Instance terminated.
[20:01:41.241] 🎉 Processamento Fase 2 (Paralelo) completed!
Log start: Fri Feb 27 20:00:29 2026
Log end: Fri Feb 27 20:01:41 2026

============================================================
RESULTS — t3 Horizontal
  Total Time:    71.77s
  Setup Time:    54.96s
  Encoding Time: 16.81s
============================================================
