[19:56:51.825] [Setup] Starting video split...
[19:56:53.344] [Setup] Divisão concluída.
[19:56:54.257] [Part 08] Launching EC2 instance...
[19:56:54.306] [Part 05] Launching EC2 instance...
[19:56:54.329] [Part 04] Launching EC2 instance...
[19:56:54.342] [Part 03] Launching EC2 instance...
[19:56:54.351] [Part 00] Launching EC2 instance...
[19:56:54.359] [Part 09] Launching EC2 instance...
[19:56:54.375] [Part 02] Launching EC2 instance...
[19:56:54.376] [Part 07] Launching EC2 instance...
[19:56:54.388] [Part 06] Launching EC2 instance...
[19:56:54.394] [Part 01] Launching EC2 instance...
[19:57:12.566] [Part 06] Instance ready. IP: 44.213.116.220
[19:57:12.578] [Part 03] Instance ready. IP: 98.92.125.142
[19:57:12.583] [Part 01] Instance ready. IP: 34.201.42.43
[19:57:12.596] [Part 07] Instance ready. IP: 44.204.116.70
[19:57:12.609] [Part 09] Instance ready. IP: 3.238.67.32
[19:57:12.618] [Part 00] Instance ready. IP: 44.195.1.242
[19:57:12.624] [Part 04] Instance ready. IP: 100.48.9.234
[19:57:12.634] [Part 08] Instance ready. IP: 3.238.35.139
[19:57:12.649] [Part 02] Instance ready. IP: 34.201.20.234
[19:57:12.659] [Part 05] Instance ready. IP: 3.227.230.101
[19:57:43.463] [Part 03] Checking modelo da CPU...
[19:57:43.554] [Part 01] Checking modelo da CPU...
[19:57:43.558] [Part 00] Checking modelo da CPU...
[19:57:43.567] [Part 04] Checking modelo da CPU...
[19:57:43.574] [Part 07] Checking modelo da CPU...
[19:57:43.575] [Part 09] Checking modelo da CPU...
[19:57:43.602] [Part 06] Checking modelo da CPU...
[19:57:43.612] [Part 08] Checking modelo da CPU...
[19:57:43.636] [Part 05] Checking modelo da CPU...
[19:57:43.801] [Part 02] Checking modelo da CPU...
[19:57:44.531] [Part 03] CPU found: Intel(R) Xeon(R) Platinum 8259CL CPU @ 2.50GHz
[19:57:44.680] [Part 09] CPU found: Intel(R) Xeon(R) Platinum 8259CL CPU @ 2.50GHz
[19:57:44.712] [Part 06] CPU found: Intel(R) Xeon(R) Platinum 8259CL CPU @ 2.50GHz
[19:57:44.821] [Part 07] CPU found: Intel(R) Xeon(R) Platinum 8259CL CPU @ 2.50GHz
[19:57:44.836] [Part 05] CPU found: Intel(R) Xeon(R) Platinum 8259CL CPU @ 2.50GHz
[19:57:44.861] [Part 04] CPU found: Intel(R) Xeon(R) Platinum 8259CL CPU @ 2.50GHz
[19:57:44.894] [Part 00] CPU found: Intel(R) Xeon(R) Platinum 8259CL CPU @ 2.50GHz
[19:57:44.897] [Part 01] CPU found: Intel(R) Xeon(R) Platinum 8259CL CPU @ 2.50GHz
[19:57:44.903] [Part 02] CPU found: Intel(R) Xeon(R) Platinum 8259CL CPU @ 2.50GHz
[19:57:44.975] [Part 08] CPU found: Intel(R) Xeon(R) Platinum 8259CL CPU @ 2.50GHz
[19:57:44.999] [Part 03] Sending file...
[19:57:45.158] [Part 09] Sending file...
[19:57:45.196] [Part 06] Sending file...
[19:57:45.301] [Part 07] Sending file...
[19:57:45.319] [Part 05] Sending file...
[19:57:45.349] [Part 04] Sending file...
[19:57:45.366] [Part 01] Sending file...
[19:57:45.374] [Part 00] Sending file...
[19:57:45.391] [Part 02] Sending file...
[19:57:45.454] [Part 08] Sending file...
[19:57:46.731] [Part 03] Running compression...
[19:57:46.833] [Part 09] Running compression...
[19:57:46.869] [Part 06] Running compression...
[19:57:46.971] [Part 01] Running compression...
[19:57:47.004] [Part 08] Running compression...
[19:57:47.047] [Part 05] Running compression...
[19:57:47.057] [Part 07] Running compression...
[19:57:47.071] [Part 02] Running compression...
[19:57:47.136] [Part 00] Running compression...
[19:57:47.143] [Part 04] Running compression...
[19:57:56.894] [Part 05] Download do arquivo comprimido...
[19:57:57.364] [Part 01] Download do arquivo comprimido...
[19:57:57.871] [Part 09] Download do arquivo comprimido...
[19:57:58.079] [Part 03] Download do arquivo comprimido...
[19:57:58.207] [Part 08] Download do arquivo comprimido...
[19:57:58.634] [Part 07] Download do arquivo comprimido...
[19:57:58.804] [Part 00] Download do arquivo comprimido...
[19:57:58.822] [Part 02] Download do arquivo comprimido...
[19:57:59.662] [Part 06] Download do arquivo comprimido...
[19:57:59.719] [Part 04] Download do arquivo comprimido...
[19:57:59.851] [Part 05] Instance terminated.
[19:58:00.217] [Part 01] Instance terminated.
[19:58:00.889] [Part 09] Instance terminated.
[19:58:01.089] [Part 03] Instance terminated.
[19:58:01.266] [Part 08] Instance terminated.
[19:58:01.732] [Part 07] Instance terminated.
[19:58:01.872] [Part 00] Instance terminated.
[19:58:02.008] [Part 02] Instance terminated.
[19:58:02.811] [Part 04] Instance terminated.
[19:58:02.879] [Part 06] Instance terminated.
[19:58:02.885] 🎉 Processamento Fase 2 (Paralelo) completed!
Log start: Fri Feb 27 19:56:51 2026
Log end: Fri Feb 27 19:58:03 2026

============================================================
RESULTS — t3 Horizontal
  Total Time:    71.06s
  Setup Time:    54.91s
  Encoding Time: 16.15s
============================================================
