[20:33:40.713] [Setup] Starting video split...
[20:33:42.260] [Setup] Divisão concluída.
[20:33:43.265] [Part 00] Launching EC2 instance...[20:33:43.266] [Part 04] Launching EC2 instance...

[20:33:43.285] [Part 01] Launching EC2 instance...
[20:33:43.300] [Part 06] Launching EC2 instance...
[20:33:43.310] [Part 07] Launching EC2 instance...
[20:33:43.319] [Part 03] Launching EC2 instance...
[20:33:43.328] [Part 09] Launching EC2 instance...
[20:33:43.334] [Part 02] Launching EC2 instance...
[20:33:43.340] [Part 08] Launching EC2 instance...
[20:33:43.350] [Part 05] Launching EC2 instance...
[20:34:01.143] [Part 02] Instance ready. IP: 3.91.172.172
[20:34:01.177] [Part 03] Instance ready. IP: 34.234.223.50
[20:34:01.386] [Part 05] Instance ready. IP: 3.239.219.0
[20:34:01.440] [Part 06] Instance ready. IP: 3.216.79.23
[20:34:01.451] [Part 07] Instance ready. IP: 32.192.43.101
[20:34:01.469] [Part 01] Instance ready. IP: 3.226.252.216
[20:34:01.474] [Part 09] Instance ready. IP: 3.210.183.147
[20:34:01.481] [Part 04] Instance ready. IP: 98.84.54.212
[20:34:01.530] [Part 00] Instance ready. IP: 100.31.203.186
[20:34:01.536] [Part 08] Instance ready. IP: 44.203.62.102
[20:34:32.118] [Part 02] Checking modelo da CPU...
[20:34:32.182] [Part 03] Checking modelo da CPU...
[20:34:32.314] [Part 05] Checking modelo da CPU...
[20:34:32.361] [Part 07] Checking modelo da CPU...
[20:34:32.409] [Part 01] Checking modelo da CPU...
[20:34:32.416] [Part 09] Checking modelo da CPU...
[20:34:32.421] [Part 06] Checking modelo da CPU...
[20:34:32.473] [Part 04] Checking modelo da CPU...
[20:34:32.495] [Part 00] Checking modelo da CPU...
[20:34:32.554] [Part 08] Checking modelo da CPU...
[20:34:33.166] [Part 02] CPU found: Intel(R) Xeon(R) Platinum 8259CL CPU @ 2.50GHz
[20:34:33.444] [Part 03] CPU found: Intel(R) Xeon(R) Platinum 8259CL CPU @ 2.50GHz
[20:34:33.506] [Part 04] CPU found: Intel(R) Xeon(R) Platinum 8259CL CPU @ 2.50GHz
[20:34:33.514] [Part 00] CPU found: Intel(R) Xeon(R) Platinum 8259CL CPU @ 2.50GHz
[20:34:33.633] [Part 02] Sending file...
[20:34:33.676] [Part 06] CPU found: Intel(R) Xeon(R) Platinum 8259CL CPU @ 2.50GHz
[20:34:33.685] [Part 01] CPU found: Intel(R) Xeon(R) Platinum 8259CL CPU @ 2.50GHz
[20:34:33.716] [Part 07] CPU found: Intel(R) Xeon(R) Platinum 8259CL CPU @ 2.50GHz
[20:34:33.718] [Part 05] CPU found: Intel(R) Xeon(R) Platinum 8259CL CPU @ 2.50GHz
[20:34:33.767] [Part 09] CPU found: Intel(R) Xeon(R) Platinum 8259CL CPU @ 2.50GHz
[20:34:33.809] [Part 08] CPU found: Intel(R) Xeon(R) Platinum 8259CL CPU @ 2.50GHz
[20:34:33.909] [Part 03] Sending file...
[20:34:33.996] [Part 04] Sending file...
[20:34:34.001] [Part 00] Sending file...
[20:34:34.163] [Part 01] Sending file...
[20:34:34.173] [Part 06] Sending file...
[20:34:34.182] [Part 07] Sending file...
[20:34:34.194] [Part 05] Sending file...
[20:34:34.247] [Part 09] Sending file...
[20:34:34.310] [Part 08] Sending file...
[20:34:35.238] [Part 02] Running compression...
[20:34:35.315] [Part 03] Running compression...
[20:34:35.454] [Part 04] Running compression...
[20:34:35.577] [Part 07] Running compression...[20:34:35.578] [Part 00] Running compression...

[20:34:35.595] [Part 01] Running compression...
[20:34:35.620] [Part 05] Running compression...
[20:34:35.706] [Part 09] Running compression...
[20:34:35.775] [Part 06] Running compression...
[20:34:35.958] [Part 08] Running compression...
[20:34:44.949] [Part 01] Download do arquivo comprimido...
[20:34:45.088] [Part 04] Download do arquivo comprimido...
[20:34:45.979] [Part 00] Download do arquivo comprimido...
[20:34:46.745] [Part 09] Download do arquivo comprimido...
[20:34:46.933] [Part 05] Download do arquivo comprimido...
[20:34:47.270] [Part 02] Download do arquivo comprimido...
[20:34:47.824] [Part 08] Download do arquivo comprimido...
[20:34:47.868] [Part 01] Instance terminated.
[20:34:48.139] [Part 04] Instance terminated.
[20:34:48.280] [Part 03] Download do arquivo comprimido...
[20:34:48.829] [Part 07] Download do arquivo comprimido...
[20:34:48.854] [Part 06] Download do arquivo comprimido...
[20:34:49.010] [Part 00] Instance terminated.
[20:34:49.713] [Part 09] Instance terminated.
[20:34:49.926] [Part 05] Instance terminated.
[20:34:50.270] [Part 02] Instance terminated.
[20:34:50.988] [Part 08] Instance terminated.
[20:34:51.354] [Part 03] Instance terminated.
[20:34:51.902] [Part 07] Instance terminated.
[20:34:52.050] [Part 06] Instance terminated.
[20:34:52.057] 🎉 Processamento Fase 2 (Paralelo) completed!
Log start: Fri Feb 27 20:33:40 2026
Log end: Fri Feb 27 20:34:52 2026

============================================================
RESULTS — t3 Horizontal
  Total Time:    71.34s
  Setup Time:    54.52s
  Encoding Time: 16.82s
============================================================
