[20:02:54.476] [Setup] Starting video split...
[20:02:56.015] [Setup] Divisão concluída.
[20:02:56.979] [Part 04] Launching EC2 instance...
[20:02:56.987] [Part 00] Launching EC2 instance...
[20:02:57.011] [Part 08] Launching EC2 instance...
[20:02:57.023] [Part 02] Launching EC2 instance...
[20:02:57.034] [Part 07] Launching EC2 instance...
[20:02:57.042] [Part 01] Launching EC2 instance...
[20:02:57.049] [Part 09] Launching EC2 instance...
[20:02:57.060] [Part 06] Launching EC2 instance...
[20:02:57.068] [Part 05] Launching EC2 instance...
[20:02:57.077] [Part 03] Launching EC2 instance...
[20:03:14.438] [Part 00] Instance ready. IP: 34.237.220.72
[20:03:14.448] [Part 08] Instance ready. IP: 3.238.195.221
[20:03:14.454] [Part 05] Instance ready. IP: 35.175.110.119
[20:03:14.500] [Part 04] Instance ready. IP: 44.222.247.78
[20:03:14.504] [Part 06] Instance ready. IP: 100.48.196.180
[20:03:14.530] [Part 07] Instance ready. IP: 44.214.8.50
[20:03:14.549] [Part 03] Instance ready. IP: 3.231.156.24
[20:03:14.555] [Part 09] Instance ready. IP: 44.220.87.168
[20:03:14.564] [Part 02] Instance ready. IP: 44.199.213.195
[20:03:14.665] [Part 01] Instance ready. IP: 44.204.165.131
[20:03:45.322] [Part 00] Checking modelo da CPU...
[20:03:45.404] [Part 04] Checking modelo da CPU...
[20:03:45.405] [Part 05] Checking modelo da CPU...
[20:03:45.415] [Part 08] Checking modelo da CPU...
[20:03:45.468] [Part 03] Checking modelo da CPU...
[20:03:45.484] [Part 06] Checking modelo da CPU...
[20:03:45.534] [Part 07] Checking modelo da CPU...
[20:03:45.545] [Part 09] Checking modelo da CPU...
[20:03:45.638] [Part 01] Checking modelo da CPU...
[20:03:46.635] [Part 03] CPU found: Intel(R) Xeon(R) Platinum 8259CL CPU @ 2.50GHz
[20:03:46.659] [Part 00] CPU found: Intel(R) Xeon(R) Platinum 8259CL CPU @ 2.50GHz
[20:03:46.685] [Part 05] CPU found: Intel(R) Xeon(R) Platinum 8259CL CPU @ 2.50GHz
[20:03:46.700] [Part 08] CPU found: Intel(R) Xeon(R) Platinum 8259CL CPU @ 2.50GHz
[20:03:46.718] [Part 04] CPU found: Intel(R) Xeon(R) Platinum 8259CL CPU @ 2.50GHz
[20:03:46.725] [Part 06] CPU found: Intel(R) Xeon(R) Platinum 8259CL CPU @ 2.50GHz
[20:03:46.818] [Part 07] CPU found: Intel(R) Xeon(R) Platinum 8259CL CPU @ 2.50GHz
[20:03:46.828] [Part 09] CPU found: Intel(R) Xeon(R) Platinum 8259CL CPU @ 2.50GHz
[20:03:46.957] [Part 01] CPU found: Intel(R) Xeon(R) Platinum 8259CL CPU @ 2.50GHz
[20:03:47.115] [Part 03] Sending file...
[20:03:47.129] [Part 00] Sending file...
[20:03:47.164] [Part 05] Sending file...
[20:03:47.196] [Part 08] Sending file...
[20:03:47.201] [Part 04] Sending file...
[20:03:47.211] [Part 06] Sending file...
[20:03:47.297] [Part 07] Sending file...
[20:03:47.324] [Part 09] Sending file...
[20:03:47.457] [Part 01] Sending file...
[20:03:48.645] [Part 00] Running compression...
[20:03:48.676] [Part 05] Running compression...
[20:03:48.696] [Part 04] Running compression...
[20:03:48.825] [Part 03] Running compression...
[20:03:48.825] [Part 08] Running compression...
[20:03:48.891] [Part 09] Running compression...
[20:03:48.959] [Part 06] Running compression...
[20:03:49.114] [Part 07] Running compression...
[20:03:49.438] [Part 01] Running compression...
[20:04:00.424] [Part 09] Download do arquivo comprimido...
[20:04:00.917] [Part 05] Download do arquivo comprimido...
[20:04:00.971] [Part 06] Download do arquivo comprimido...
[20:04:01.069] [Part 00] Download do arquivo comprimido...
[20:04:01.071] [Part 01] Download do arquivo comprimido...
[20:04:01.108] [Part 07] Download do arquivo comprimido...
[20:04:01.211] [Part 04] Download do arquivo comprimido...
[20:04:01.578] [Part 08] Download do arquivo comprimido...
[20:04:01.826] [Part 03] Download do arquivo comprimido...
[20:04:03.461] [Part 09] Instance terminated.
[20:04:03.919] [Part 05] Instance terminated.
[20:04:04.100] [Part 01] Instance terminated.
[20:04:04.231] [Part 07] Instance terminated.
[20:04:04.251] [Part 06] Instance terminated.
[20:04:04.258] [Part 00] Instance terminated.
[20:04:04.269] [Part 04] Instance terminated.
[20:04:04.750] [Part 08] Instance terminated.
[20:04:04.921] [Part 03] Instance terminated.
[20:04:20.550] [Part 02] ERROR: [Errno None] Unable to connect to port 22 on 44.199.213.195
[20:04:21.153] [Part 02] Instance terminated.
[20:04:21.154] 🎉 Processamento Fase 2 (Paralelo) completed!
Log start: Fri Feb 27 20:02:54 2026
Log end: Fri Feb 27 20:04:21 2026

============================================================
RESULTS — t3 Horizontal
  Total Time:    86.68s
  Setup Time:    54.17s
  Encoding Time: 32.51s
============================================================
