[20:01:41.737] [Setup] Starting video split...
[20:01:43.377] [Setup] Divisão concluída.
[20:01:44.364] [Part 07] Launching EC2 instance...
[20:01:44.408] [Part 04] Launching EC2 instance...
[20:01:44.416] [Part 01] Launching EC2 instance...
[20:01:44.426] [Part 03] Launching EC2 instance...
[20:01:44.436] [Part 06] Launching EC2 instance...
[20:01:44.446] [Part 05] Launching EC2 instance...
[20:01:44.453] [Part 08] Launching EC2 instance...
[20:01:44.469] [Part 09] Launching EC2 instance...
[20:01:44.470] [Part 02] Launching EC2 instance...
[20:01:44.480] [Part 00] Launching EC2 instance...
[20:02:02.463] [Part 00] Instance ready. IP: 44.220.93.132
[20:02:02.471] [Part 03] Instance ready. IP: 3.238.158.87
[20:02:02.480] [Part 06] Instance ready. IP: 44.222.183.224
[20:02:02.499] [Part 02] Instance ready. IP: 18.207.180.1
[20:02:02.535] [Part 07] Instance ready. IP: 3.216.133.21
[20:02:02.541] [Part 01] Instance ready. IP: 3.237.205.120
[20:02:02.545] [Part 09] Instance ready. IP: 3.235.132.197
[20:02:02.549] [Part 05] Instance ready. IP: 44.193.197.74
[20:02:02.557] [Part 04] Instance ready. IP: 3.239.224.178
[20:02:02.562] [Part 08] Instance ready. IP: 44.197.177.53
[20:02:33.384] [Part 00] Checking modelo da CPU...
[20:02:33.451] [Part 02] Checking modelo da CPU...
[20:02:33.452] [Part 03] Checking modelo da CPU...
[20:02:33.454] [Part 07] Checking modelo da CPU...
[20:02:33.455] [Part 06] Checking modelo da CPU...
[20:02:33.494] [Part 04] Checking modelo da CPU...
[20:02:33.583] [Part 08] Checking modelo da CPU...
[20:02:33.588] [Part 09] Checking modelo da CPU...
[20:02:33.592] [Part 05] Checking modelo da CPU...
[20:02:33.593] [Part 01] Checking modelo da CPU...
[20:02:34.558] [Part 07] CPU found: Intel(R) Xeon(R) Platinum 8259CL CPU @ 2.50GHz
[20:02:34.699] [Part 08] CPU found: Intel(R) Xeon(R) Platinum 8259CL CPU @ 2.50GHz
[20:02:34.708] [Part 06] CPU found: Intel(R) Xeon(R) Platinum 8259CL CPU @ 2.50GHz
[20:02:34.730] [Part 00] CPU found: Intel(R) Xeon(R) Platinum 8259CL CPU @ 2.50GHz
[20:02:34.752] [Part 02] CPU found: Intel(R) Xeon(R) Platinum 8259CL CPU @ 2.50GHz
[20:02:34.780] [Part 03] CPU found: Intel(R) Xeon(R) Platinum 8259CL CPU @ 2.50GHz
[20:02:34.814] [Part 04] CPU found: Intel(R) Xeon(R) Platinum 8259CL CPU @ 2.50GHz
[20:02:34.854] [Part 01] CPU found: Intel(R) Xeon(R) Platinum 8259CL CPU @ 2.50GHz
[20:02:34.890] [Part 09] CPU found: Intel(R) Xeon(R) Platinum 8259CL CPU @ 2.50GHz
[20:02:34.958] [Part 05] CPU found: Intel(R) Xeon(R) Platinum 8259CL CPU @ 2.50GHz
[20:02:35.037] [Part 07] Sending file...
[20:02:35.177] [Part 08] Sending file...
[20:02:35.188] [Part 06] Sending file...
[20:02:35.208] [Part 00] Sending file...
[20:02:35.221] [Part 02] Sending file...
[20:02:35.258] [Part 03] Sending file...
[20:02:35.294] [Part 04] Sending file...
[20:02:35.353] [Part 01] Sending file...
[20:02:35.391] [Part 09] Sending file...
[20:02:35.455] [Part 05] Sending file...
[20:02:37.131] [Part 07] Running compression...
[20:02:37.643] [Part 06] Running compression...
[20:02:37.678] [Part 01] Running compression...
[20:02:37.698] [Part 02] Running compression...[20:02:37.698] [Part 08] Running compression...

[20:02:37.722] [Part 00] Running compression...
[20:02:37.728] [Part 03] Running compression...
[20:02:37.729] [Part 04] Running compression...
[20:02:37.741] [Part 09] Running compression...
[20:02:37.750] [Part 05] Running compression...
[20:02:46.718] [Part 01] Download do arquivo comprimido...
[20:02:49.020] [Part 06] Download do arquivo comprimido...
[20:02:49.467] [Part 09] Download do arquivo comprimido...
[20:02:49.647] [Part 08] Download do arquivo comprimido...
[20:02:49.736] [Part 05] Download do arquivo comprimido...
[20:02:49.737] [Part 04] Download do arquivo comprimido...
[20:02:49.755] [Part 01] Instance terminated.
[20:02:50.100] [Part 03] Download do arquivo comprimido...
[20:02:50.377] [Part 02] Download do arquivo comprimido...
[20:02:50.527] [Part 07] Download do arquivo comprimido...
[20:02:50.899] [Part 00] Download do arquivo comprimido...
[20:02:52.257] [Part 06] Instance terminated.
[20:02:52.557] [Part 09] Instance terminated.
[20:02:52.764] [Part 08] Instance terminated.
[20:02:52.835] [Part 05] Instance terminated.
[20:02:52.904] [Part 04] Instance terminated.
[20:02:53.225] [Part 03] Instance terminated.
[20:02:53.516] [Part 02] Instance terminated.
[20:02:53.667] [Part 07] Instance terminated.
[20:02:53.981] [Part 00] Instance terminated.
[20:02:53.989] 🎉 Processamento Fase 2 (Paralelo) completed!
Log start: Fri Feb 27 20:01:41 2026
Log end: Fri Feb 27 20:02:54 2026

============================================================
RESULTS — t3 Horizontal
  Total Time:    72.25s
  Setup Time:    55.39s
  Encoding Time: 16.86s
============================================================
