[20:27:31.870] [Setup] Starting video split...
[20:27:33.416] [Setup] Divisão concluída.
[20:27:34.223] [Part 04] Launching EC2 instance...[20:27:34.224] [Part 07] Launching EC2 instance...

[20:27:34.237] [Part 09] Launching EC2 instance...
[20:27:34.248] [Part 00] Launching EC2 instance...
[20:27:34.256] [Part 06] Launching EC2 instance...
[20:27:34.264] [Part 08] Launching EC2 instance...
[20:27:34.272] [Part 02] Launching EC2 instance...
[20:27:34.281] [Part 05] Launching EC2 instance...
[20:27:34.291] [Part 01] Launching EC2 instance...
[20:27:34.298] [Part 03] Launching EC2 instance...
[20:27:51.868] [Part 00] Instance ready. IP: 54.209.23.6
[20:27:51.873] [Part 06] Instance ready. IP: 98.80.185.80
[20:27:51.878] [Part 02] Instance ready. IP: 3.210.185.163[20:27:51.883] [Part 04] Instance ready. IP: 3.231.163.132[20:27:51.888] [Part 07] Instance ready. IP: 44.192.5.71
[20:27:51.892] [Part 03] Instance ready. IP: 44.204.251.131

[20:27:51.898] [Part 01] Instance ready. IP: 98.92.141.201

[20:27:51.952] [Part 05] Instance ready. IP: 100.53.254.228
[20:27:52.011] [Part 08] Instance ready. IP: 32.192.194.64
[20:27:52.017] [Part 09] Instance ready. IP: 100.54.22.201
[20:28:22.848] [Part 00] Checking modelo da CPU...
[20:28:22.853] [Part 06] Checking modelo da CPU...
[20:28:22.859] [Part 04] Checking modelo da CPU...
[20:28:22.875] [Part 07] Checking modelo da CPU...
[20:28:22.895] [Part 01] Checking modelo da CPU...
[20:28:22.898] [Part 02] Checking modelo da CPU...
[20:28:22.901] [Part 03] Checking modelo da CPU...
[20:28:22.902] [Part 05] Checking modelo da CPU...
[20:28:22.991] [Part 08] Checking modelo da CPU...
[20:28:22.993] [Part 09] Checking modelo da CPU...
[20:28:24.009] [Part 05] CPU found: Intel(R) Xeon(R) Platinum 8259CL CPU @ 2.50GHz
[20:28:24.022] [Part 01] CPU found: Intel(R) Xeon(R) Platinum 8259CL CPU @ 2.50GHz
[20:28:24.178] [Part 04] CPU found: Intel(R) Xeon(R) Platinum 8259CL CPU @ 2.50GHz
[20:28:24.179] [Part 00] CPU found: Intel(R) Xeon(R) Platinum 8259CL CPU @ 2.50GHz
[20:28:24.203] [Part 07] CPU found: Intel(R) Xeon(R) Platinum 8259CL CPU @ 2.50GHz
[20:28:24.221] [Part 03] CPU found: Intel(R) Xeon(R) Platinum 8259CL CPU @ 2.50GHz
[20:28:24.233] [Part 06] CPU found: Intel(R) Xeon(R) Platinum 8259CL CPU @ 2.50GHz
[20:28:24.270] [Part 02] CPU found: Intel(R) Xeon(R) Platinum 8259CL CPU @ 2.50GHz
[20:28:24.297] [Part 09] CPU found: Intel(R) Xeon(R) Platinum 8259CL CPU @ 2.50GHz
[20:28:24.338] [Part 08] CPU found: Intel(R) Xeon(R) Platinum 8259CL CPU @ 2.50GHz
[20:28:24.489] [Part 01] Sending file...
[20:28:24.496] [Part 05] Sending file...
[20:28:24.649] [Part 00] Sending file...
[20:28:24.653] [Part 04] Sending file...
[20:28:24.703] [Part 07] Sending file...
[20:28:24.720] [Part 06] Sending file...
[20:28:24.721] [Part 03] Sending file...
[20:28:24.750] [Part 02] Sending file...
[20:28:24.764] [Part 09] Sending file...
[20:28:24.804] [Part 08] Sending file...
[20:28:26.410] [Part 00] Running compression...
[20:28:26.426] [Part 01] Running compression...
[20:28:26.438] [Part 04] Running compression...
[20:28:26.451] [Part 05] Running compression...
[20:28:26.508] [Part 08] Running compression...
[20:28:26.608] [Part 09] Running compression...
[20:28:26.658] [Part 07] Running compression...
[20:28:26.703] [Part 03] Running compression...
[20:28:26.837] [Part 06] Running compression...
[20:28:26.839] [Part 02] Running compression...
[20:28:36.970] [Part 05] Download do arquivo comprimido...
[20:28:37.965] [Part 01] Download do arquivo comprimido...
[20:28:38.226] [Part 04] Download do arquivo comprimido...
[20:28:38.638] [Part 06] Download do arquivo comprimido...
[20:28:38.753] [Part 07] Download do arquivo comprimido...
[20:28:38.827] [Part 09] Download do arquivo comprimido...
[20:28:38.986] [Part 08] Download do arquivo comprimido...
[20:28:38.990] [Part 02] Download do arquivo comprimido...
[20:28:39.377] [Part 00] Download do arquivo comprimido...
[20:28:39.801] [Part 03] Download do arquivo comprimido...
[20:28:39.967] [Part 05] Instance terminated.
[20:28:40.845] [Part 01] Instance terminated.
[20:28:41.369] [Part 04] Instance terminated.
[20:28:41.877] [Part 06] Instance terminated.
[20:28:41.905] [Part 09] Instance terminated.
[20:28:41.926] [Part 07] Instance terminated.
[20:28:42.027] [Part 02] Instance terminated.
[20:28:42.036] [Part 08] Instance terminated.
[20:28:42.452] [Part 00] Instance terminated.
[20:28:42.952] [Part 03] Instance terminated.
[20:28:42.955] 🎉 Processamento Fase 2 (Paralelo) completed!
Log start: Fri Feb 27 20:27:31 2026
Log end: Fri Feb 27 20:28:43 2026

============================================================
RESULTS — t3 Horizontal
  Total Time:    71.08s
  Setup Time:    54.54s
  Encoding Time: 16.55s
============================================================
