[19:50:52.507] [Setup] Starting video split...
[19:50:54.045] [Setup] Divisão concluída.
[19:50:55.041] [Part 07] Launching EC2 instance...[19:50:55.075] [Part 04] Launching EC2 instance...

[19:50:55.087] [Part 01] Launching EC2 instance...
[19:50:55.103] [Part 03] Launching EC2 instance...
[19:50:55.113] [Part 06] Launching EC2 instance...
[19:50:55.121] [Part 00] Launching EC2 instance...
[19:50:55.129] [Part 09] Launching EC2 instance...
[19:50:55.139] [Part 02] Launching EC2 instance...
[19:50:55.147] [Part 08] Launching EC2 instance...
[19:50:55.156] [Part 05] Launching EC2 instance...
[19:51:12.738] [Part 06] Instance ready. IP: 3.221.150.136
[19:51:12.754] [Part 00] Instance ready. IP: 100.54.7.94
[19:51:12.774] [Part 02] Instance ready. IP: 100.54.34.164
[19:51:12.783] [Part 05] Instance ready. IP: 44.200.131.66
[19:51:12.797] [Part 08] Instance ready. IP: 44.204.212.219
[19:51:12.817] [Part 03] Instance ready. IP: 3.210.203.108
[19:51:12.822] [Part 04] Instance ready. IP: 3.231.149.99[19:51:12.827] [Part 01] Instance ready. IP: 3.209.81.205

[19:51:12.841] [Part 07] Instance ready. IP: 32.192.177.198
[19:51:12.861] [Part 09] Instance ready. IP: 100.53.52.159
[19:51:43.720] [Part 05] Checking modelo da CPU...
[19:51:43.722] [Part 00] Checking modelo da CPU...
[19:51:43.729] [Part 06] Checking modelo da CPU...
[19:51:43.743] [Part 02] Checking modelo da CPU...
[19:51:43.763] [Part 01] Checking modelo da CPU...
[19:51:43.764] [Part 07] Checking modelo da CPU...
[19:51:43.794] [Part 09] Checking modelo da CPU...
[19:51:43.807] [Part 08] Checking modelo da CPU...
[19:51:43.825] [Part 03] Checking modelo da CPU...
[19:51:43.839] [Part 04] Checking modelo da CPU...
[19:51:44.878] [Part 06] CPU found: Intel(R) Xeon(R) Platinum 8259CL CPU @ 2.50GHz
[19:51:44.900] [Part 04] CPU found: Intel(R) Xeon(R) Platinum 8259CL CPU @ 2.50GHz
[19:51:44.936] [Part 07] CPU found: Intel(R) Xeon(R) Platinum 8259CL CPU @ 2.50GHz
[19:51:44.971] [Part 09] CPU found: Intel(R) Xeon(R) Platinum 8259CL CPU @ 2.50GHz
[19:51:44.974] [Part 03] CPU found: Intel(R) Xeon(R) Platinum 8259CL CPU @ 2.50GHz
[19:51:45.073] [Part 01] CPU found: Intel(R) Xeon(R) Platinum 8175M CPU @ 2.50GHz[19:51:45.075] [Part 05] CPU found: Intel(R) Xeon(R) Platinum 8259CL CPU @ 2.50GHz

[19:51:45.077] [Part 01] WARNING: CPU mismatch. Esperado 'Intel(R) Xeon(R) Platinum 8259CL CPU @ 2.50GHz', got Intel(R) Xeon(R) Platinum 8175M CPU @ 2.50GHz
[19:51:45.079] [Part 08] CPU found: Intel(R) Xeon(R) Platinum 8259CL CPU @ 2.50GHz
[19:51:45.099] [Part 00] CPU found: Intel(R) Xeon(R) Platinum 8259CL CPU @ 2.50GHz
[19:51:45.105] [Part 02] CPU found: Intel(R) Xeon(R) Platinum 8259CL CPU @ 2.50GHz
[19:51:45.357] [Part 06] Sending file...
[19:51:45.403] [Part 04] Sending file...[19:51:45.403] [Part 07] Sending file...

[19:51:45.439] [Part 09] Sending file...
[19:51:45.472] [Part 03] Sending file...
[19:51:45.552] [Part 01] Sending file...
[19:51:45.555] [Part 05] Sending file...
[19:51:45.555] [Part 08] Sending file...
[19:51:45.569] [Part 00] Sending file...
[19:51:45.571] [Part 02] Sending file...
[19:51:47.137] [Part 07] Running compression...
[19:51:47.258] [Part 04] Running compression...
[19:51:47.299] [Part 03] Running compression...
[19:51:47.407] [Part 00] Running compression...
[19:51:47.437] [Part 09] Running compression...
[19:51:47.534] [Part 06] Running compression...
[19:51:47.535] [Part 08] Running compression...
[19:51:47.551] [Part 01] Running compression...
[19:51:47.623] [Part 02] Running compression...
[19:51:47.626] [Part 05] Running compression...
[19:51:58.494] [Part 01] Download do arquivo comprimido...
[19:51:58.967] [Part 04] Download do arquivo comprimido...
[19:51:59.480] [Part 08] Download do arquivo comprimido...
[19:51:59.559] [Part 03] Download do arquivo comprimido...
[19:51:59.577] [Part 09] Download do arquivo comprimido...
[19:51:59.859] [Part 05] Download do arquivo comprimido...
[19:52:00.023] [Part 07] Download do arquivo comprimido...
[19:52:00.192] [Part 00] Download do arquivo comprimido...
[19:52:00.892] [Part 06] Download do arquivo comprimido...
[19:52:01.270] [Part 02] Download do arquivo comprimido...
[19:52:01.424] [Part 01] Instance terminated.
[19:52:02.069] [Part 04] Instance terminated.
[19:52:02.469] [Part 08] Instance terminated.
[19:52:02.632] [Part 09] Instance terminated.
[19:52:02.848] [Part 03] Instance terminated.
[19:52:02.999] [Part 05] Instance terminated.
[19:52:03.038] [Part 07] Instance terminated.
[19:52:03.237] [Part 00] Instance terminated.
[19:52:04.151] [Part 06] Instance terminated.
[19:52:04.400] [Part 02] Instance terminated.
[19:52:04.405] 🎉 Processamento Fase 2 (Paralelo) completed!
Log start: Fri Feb 27 19:50:52 2026
Log end: Fri Feb 27 19:52:04 2026

============================================================
RESULTS — t3 Horizontal
  Total Time:    71.90s
  Setup Time:    54.63s
  Encoding Time: 17.27s
============================================================
