[20:10:27.542] [Setup] Starting video split...
[20:10:29.181] [Setup] Divisão concluída.
[20:10:30.162] [Part 09] Launching EC2 instance...
[20:10:30.233] [Part 04] Launching EC2 instance...
[20:10:30.243] [Part 02] Launching EC2 instance...
[20:10:30.254] [Part 06] Launching EC2 instance...
[20:10:30.266] [Part 05] Launching EC2 instance...
[20:10:30.275] [Part 01] Launching EC2 instance...
[20:10:30.285] [Part 03] Launching EC2 instance...
[20:10:30.293] [Part 07] Launching EC2 instance...
[20:10:30.301] [Part 00] Launching EC2 instance...
[20:10:30.311] [Part 08] Launching EC2 instance...
[20:10:47.929] [Part 01] Instance ready. IP: 3.235.163.61
[20:10:47.942] [Part 04] Instance ready. IP: 34.200.228.163
[20:10:47.999] [Part 05] Instance ready. IP: 3.218.141.39
[20:10:48.019] [Part 07] Instance ready. IP: 100.25.77.5
[20:10:48.024] [Part 06] Instance ready. IP: 44.214.42.168
[20:10:48.030] [Part 03] Instance ready. IP: 100.27.32.196
[20:10:48.044] [Part 08] Instance ready. IP: 100.48.214.16
[20:10:48.049] [Part 02] Instance ready. IP: 44.213.113.58
[20:10:48.109] [Part 00] Instance ready. IP: 44.204.112.152
[20:10:48.131] [Part 09] Instance ready. IP: 100.54.100.106
[20:11:18.829] [Part 01] Checking modelo da CPU...
[20:11:18.920] [Part 04] Checking modelo da CPU...
[20:11:18.921] [Part 08] Checking modelo da CPU...
[20:11:18.932] [Part 07] Checking modelo da CPU...
[20:11:18.939] [Part 03] Checking modelo da CPU...
[20:11:18.943] [Part 05] Checking modelo da CPU...
[20:11:19.006] [Part 06] Checking modelo da CPU...
[20:11:19.025] [Part 09] Checking modelo da CPU...
[20:11:19.033] [Part 02] Checking modelo da CPU...
[20:11:19.158] [Part 00] Checking modelo da CPU...
[20:11:20.040] [Part 07] CPU found: Intel(R) Xeon(R) Platinum 8259CL CPU @ 2.50GHz
[20:11:20.092] [Part 01] CPU found: Intel(R) Xeon(R) Platinum 8259CL CPU @ 2.50GHz
[20:11:20.156] [Part 08] CPU found: Intel(R) Xeon(R) Platinum 8259CL CPU @ 2.50GHz
[20:11:20.185] [Part 04] CPU found: Intel(R) Xeon(R) Platinum 8259CL CPU @ 2.50GHz
[20:11:20.200] [Part 05] CPU found: Intel(R) Xeon(R) Platinum 8259CL CPU @ 2.50GHz
[20:11:20.210] [Part 03] CPU found: Intel(R) Xeon(R) Platinum 8259CL CPU @ 2.50GHz
[20:11:20.222] [Part 09] CPU found: Intel(R) Xeon(R) Platinum 8259CL CPU @ 2.50GHz
[20:11:20.240] [Part 02] CPU found: Intel(R) Xeon(R) Platinum 8259CL CPU @ 2.50GHz
[20:11:20.407] [Part 06] CPU found: Intel(R) Xeon(R) Platinum 8259CL CPU @ 2.50GHz
[20:11:20.432] [Part 00] CPU found: Intel(R) Xeon(R) Platinum 8259CL CPU @ 2.50GHz
[20:11:20.528] [Part 07] Sending file...
[20:11:20.569] [Part 01] Sending file...
[20:11:20.622] [Part 08] Sending file...
[20:11:20.652] [Part 04] Sending file...
[20:11:20.674] [Part 03] Sending file...
[20:11:20.690] [Part 09] Sending file...
[20:11:20.702] [Part 05] Sending file...
[20:11:20.720] [Part 02] Sending file...
[20:11:20.906] [Part 06] Sending file...
[20:11:20.931] [Part 00] Sending file...
[20:11:22.462] [Part 01] Running compression...
[20:11:22.499] [Part 03] Running compression...
[20:11:22.564] [Part 08] Running compression...
[20:11:22.587] [Part 02] Running compression...
[20:11:22.632] [Part 09] Running compression...
[20:11:22.660] [Part 05] Running compression...
[20:11:22.679] [Part 07] Running compression...
[20:11:22.694] [Part 04] Running compression...
[20:11:22.830] [Part 06] Running compression...
[20:11:22.943] [Part 00] Running compression...
[20:11:33.234] [Part 09] Download do arquivo comprimido...
[20:11:33.626] [Part 08] Download do arquivo comprimido...
[20:11:33.733] [Part 04] Download do arquivo comprimido...
[20:11:34.191] [Part 01] Download do arquivo comprimido...
[20:11:34.365] [Part 05] Download do arquivo comprimido...
[20:11:34.977] [Part 00] Download do arquivo comprimido...
[20:11:35.318] [Part 02] Download do arquivo comprimido...
[20:11:35.355] [Part 03] Download do arquivo comprimido...
[20:11:35.965] [Part 07] Download do arquivo comprimido...
[20:11:36.154] [Part 09] Instance terminated.
[20:11:36.478] [Part 08] Instance terminated.
[20:11:36.638] [Part 04] Instance terminated.
[20:11:36.648] [Part 06] Download do arquivo comprimido...
[20:11:37.145] [Part 01] Instance terminated.
[20:11:37.536] [Part 05] Instance terminated.
[20:11:38.213] [Part 00] Instance terminated.
[20:11:38.369] [Part 03] Instance terminated.
[20:11:38.417] [Part 02] Instance terminated.
[20:11:39.052] [Part 07] Instance terminated.
[20:11:39.943] [Part 06] Instance terminated.
[20:11:39.952] 🎉 Processamento Fase 2 (Paralelo) completed!
Log start: Fri Feb 27 20:10:27 2026
Log end: Fri Feb 27 20:11:40 2026

============================================================
RESULTS — t3 Horizontal
  Total Time:    72.41s
  Setup Time:    54.92s
  Encoding Time: 17.49s
============================================================
