[20:32:19.603] [Setup] Starting video split...
[20:32:21.217] [Setup] Divisão concluída.
[20:32:22.172] [Part 07] Launching EC2 instance...
[20:32:22.218] [Part 00] Launching EC2 instance...
[20:32:22.227] [Part 09] Launching EC2 instance...
[20:32:22.243] [Part 04] Launching EC2 instance...
[20:32:22.253] [Part 03] Launching EC2 instance...
[20:32:22.261] [Part 02] Launching EC2 instance...
[20:32:22.269] [Part 05] Launching EC2 instance...
[20:32:22.278] [Part 08] Launching EC2 instance...
[20:32:22.290] [Part 06] Launching EC2 instance...
[20:32:22.294] [Part 01] Launching EC2 instance...
[20:32:39.578] [Part 09] Instance ready. IP: 34.200.229.20
[20:32:39.594] [Part 04] Instance ready. IP: 3.231.107.153
[20:32:39.629] [Part 07] Instance ready. IP: 3.235.57.148
[20:32:39.638] [Part 02] Instance ready. IP: 44.199.199.108
[20:32:39.652] [Part 08] Instance ready. IP: 3.210.183.212
[20:32:39.692] [Part 03] Instance ready. IP: 13.220.25.195
[20:32:39.696] [Part 01] Instance ready. IP: 3.231.204.203
[20:32:39.707] [Part 05] Instance ready. IP: 35.170.65.168
[20:32:39.714] [Part 00] Instance ready. IP: 13.220.241.129
[20:32:39.734] [Part 06] Instance ready. IP: 44.199.211.219
[20:33:10.557] [Part 09] Checking modelo da CPU...
[20:33:10.580] [Part 07] Checking modelo da CPU...
[20:33:10.584] [Part 04] Checking modelo da CPU...
[20:33:10.598] [Part 08] Checking modelo da CPU...
[20:33:10.599] [Part 02] Checking modelo da CPU...
[20:33:10.623] [Part 00] Checking modelo da CPU...
[20:33:10.668] [Part 05] Checking modelo da CPU...
[20:33:10.676] [Part 01] Checking modelo da CPU...
[20:33:10.678] [Part 03] Checking modelo da CPU...
[20:33:10.747] [Part 06] Checking modelo da CPU...
[20:33:11.726] [Part 00] CPU found: Intel(R) Xeon(R) Platinum 8259CL CPU @ 2.50GHz
[20:33:11.778] [Part 08] CPU found: Intel(R) Xeon(R) Platinum 8259CL CPU @ 2.50GHz
[20:33:11.846] [Part 04] CPU found: Intel(R) Xeon(R) Platinum 8259CL CPU @ 2.50GHz
[20:33:11.848] [Part 03] CPU found: Intel(R) Xeon(R) Platinum 8259CL CPU @ 2.50GHz[20:33:11.851] [Part 05] CPU found: Intel(R) Xeon(R) Platinum 8259CL CPU @ 2.50GHz

[20:33:11.870] [Part 07] CPU found: Intel(R) Xeon(R) Platinum 8259CL CPU @ 2.50GHz
[20:33:11.873] [Part 09] CPU found: Intel(R) Xeon(R) Platinum 8259CL CPU @ 2.50GHz
[20:33:11.903] [Part 02] CPU found: Intel(R) Xeon(R) Platinum 8259CL CPU @ 2.50GHz
[20:33:11.939] [Part 01] CPU found: Intel(R) Xeon(R) Platinum 8259CL CPU @ 2.50GHz
[20:33:12.025] [Part 06] CPU found: Intel(R) Xeon(R) Platinum 8259CL CPU @ 2.50GHz
[20:33:12.196] [Part 00] Sending file...
[20:33:12.275] [Part 08] Sending file...
[20:33:12.315] [Part 03] Sending file...
[20:33:12.325] [Part 04] Sending file...
[20:33:12.347] [Part 05] Sending file...
[20:33:12.349] [Part 07] Sending file...
[20:33:12.358] [Part 09] Sending file...
[20:33:12.399] [Part 02] Sending file...
[20:33:12.438] [Part 01] Sending file...
[20:33:12.503] [Part 06] Sending file...
[20:33:14.245] [Part 00] Running compression...
[20:33:14.465] [Part 03] Running compression...
[20:33:14.580] [Part 08] Running compression...
[20:33:14.652] [Part 04] Running compression...
[20:33:14.659] [Part 07] Running compression...
[20:33:14.772] [Part 05] Running compression...
[20:33:14.838] [Part 09] Running compression...
[20:33:14.897] [Part 01] Running compression...
[20:33:14.912] [Part 02] Running compression...
[20:33:14.931] [Part 06] Running compression...
[20:33:22.089] [Part 00] Download do arquivo comprimido...
[20:33:24.977] [Part 00] Instance terminated.
[20:33:26.151] [Part 05] Download do arquivo comprimido...
[20:33:26.293] [Part 03] Download do arquivo comprimido...
[20:33:26.408] [Part 01] Download do arquivo comprimido...
[20:33:26.799] [Part 08] Download do arquivo comprimido...
[20:33:26.836] [Part 06] Download do arquivo comprimido...
[20:33:27.179] [Part 09] Download do arquivo comprimido...
[20:33:27.471] [Part 04] Download do arquivo comprimido...
[20:33:27.994] [Part 07] Download do arquivo comprimido...
[20:33:28.640] [Part 02] Download do arquivo comprimido...
[20:33:29.291] [Part 05] Instance terminated.
[20:33:29.466] [Part 01] Instance terminated.
[20:33:29.480] [Part 03] Instance terminated.
[20:33:30.073] [Part 06] Instance terminated.
[20:33:30.178] [Part 08] Instance terminated.
[20:33:30.289] [Part 09] Instance terminated.
[20:33:31.050] [Part 07] Instance terminated.
[20:33:31.950] [Part 02] Instance terminated.
[20:33:40.204] [Part 04] Instance terminated.
[20:33:40.211] 🎉 Processamento Fase 2 (Paralelo) completed!
Log start: Fri Feb 27 20:32:19 2026
Log end: Fri Feb 27 20:33:40 2026

============================================================
RESULTS — t3 Horizontal
  Total Time:    80.61s
  Setup Time:    54.64s
  Encoding Time: 25.97s
============================================================
