[20:43:32.270] [Setup] Starting video split...
[20:43:33.799] [Setup] Divisão concluída.
[20:43:34.783] [Part 02] Launching EC2 instance...
[20:43:34.785] [Part 06] Launching EC2 instance...[20:43:34.786] [Part 05] Launching EC2 instance...

[20:43:34.790] [Part 09] Launching EC2 instance...
[20:43:34.810] [Part 01] Launching EC2 instance...
[20:43:34.821] [Part 03] Launching EC2 instance...
[20:43:34.829] [Part 00] Launching EC2 instance...
[20:43:34.838] [Part 04] Launching EC2 instance...
[20:43:34.847] [Part 07] Launching EC2 instance...
[20:43:34.856] [Part 08] Launching EC2 instance...
[20:43:52.356] [Part 00] Instance ready. IP: 3.238.27.20
[20:43:52.389] [Part 01] Instance ready. IP: 100.54.100.72
[20:43:52.394] [Part 07] Instance ready. IP: 34.205.174.158
[20:43:52.422] [Part 03] Instance ready. IP: 44.198.180.111
[20:43:52.427] [Part 06] Instance ready. IP: 32.192.232.145
[20:43:52.443] [Part 04] Instance ready. IP: 100.52.232.65
[20:43:52.451] [Part 05] Instance ready. IP: 3.238.92.70
[20:43:52.459] [Part 08] Instance ready. IP: 3.83.79.136
[20:43:52.508] [Part 09] Instance ready. IP: 54.157.112.104
[20:43:52.513] [Part 02] Instance ready. IP: 98.80.205.15
[20:44:23.324] [Part 00] Checking modelo da CPU...
[20:44:23.325] [Part 06] Checking modelo da CPU...
[20:44:23.326] [Part 07] Checking modelo da CPU...
[20:44:23.339] [Part 01] Checking modelo da CPU...
[20:44:23.381] [Part 09] Checking modelo da CPU...
[20:44:23.403] [Part 08] Checking modelo da CPU...
[20:44:23.413] [Part 04] Checking modelo da CPU...
[20:44:23.418] [Part 05] Checking modelo da CPU...
[20:44:23.418] [Part 03] Checking modelo da CPU...
[20:44:23.547] [Part 02] Checking modelo da CPU...
[20:44:24.249] [Part 00] CPU found: Intel(R) Xeon(R) Platinum 8259CL CPU @ 2.50GHz
[20:44:24.423] [Part 07] CPU found: Intel(R) Xeon(R) Platinum 8259CL CPU @ 2.50GHz
[20:44:24.434] [Part 09] CPU found: Intel(R) Xeon(R) Platinum 8259CL CPU @ 2.50GHz
[20:44:24.500] [Part 04] CPU found: Intel(R) Xeon(R) Platinum 8259CL CPU @ 2.50GHz
[20:44:24.578] [Part 06] CPU found: Intel(R) Xeon(R) Platinum 8259CL CPU @ 2.50GHz
[20:44:24.613] [Part 01] CPU found: Intel(R) Xeon(R) Platinum 8259CL CPU @ 2.50GHz
[20:44:24.646] [Part 05] CPU found: Intel(R) Xeon(R) Platinum 8259CL CPU @ 2.50GHz
[20:44:24.649] [Part 03] CPU found: Intel(R) Xeon(R) Platinum 8259CL CPU @ 2.50GHz
[20:44:24.747] [Part 00] Sending file...
[20:44:24.779] [Part 08] CPU found: Intel(R) Xeon(R) Platinum 8259CL CPU @ 2.50GHz
[20:44:24.784] [Part 02] CPU found: Intel(R) Xeon(R) Platinum 8259CL CPU @ 2.50GHz
[20:44:24.897] [Part 09] Sending file...
[20:44:24.911] [Part 07] Sending file...
[20:44:24.987] [Part 04] Sending file...
[20:44:25.047] [Part 06] Sending file...
[20:44:25.083] [Part 01] Sending file...
[20:44:25.126] [Part 05] Sending file...
[20:44:25.146] [Part 03] Sending file...
[20:44:25.247] [Part 08] Sending file...
[20:44:25.251] [Part 02] Sending file...
[20:44:26.354] [Part 00] Running compression...
[20:44:26.390] [Part 09] Running compression...
[20:44:26.437] [Part 04] Running compression...
[20:44:26.479] [Part 07] Running compression...
[20:44:26.554] [Part 06] Running compression...
[20:44:26.577] [Part 05] Running compression...
[20:44:26.606] [Part 01] Running compression...
[20:44:26.645] [Part 08] Running compression...
[20:44:26.858] [Part 02] Running compression...
[20:44:26.877] [Part 03] Running compression...
[20:44:34.618] [Part 00] Download do arquivo comprimido...
[20:44:37.030] [Part 05] Download do arquivo comprimido...
[20:44:37.642] [Part 00] Instance terminated.
[20:44:37.930] [Part 08] Download do arquivo comprimido...
[20:44:37.997] [Part 04] Download do arquivo comprimido...
[20:44:38.024] [Part 01] Download do arquivo comprimido...
[20:44:38.472] [Part 09] Download do arquivo comprimido...
[20:44:38.561] [Part 07] Download do arquivo comprimido...
[20:44:38.784] [Part 06] Download do arquivo comprimido...
[20:44:39.195] [Part 02] Download do arquivo comprimido...
[20:44:39.417] [Part 03] Download do arquivo comprimido...
[20:44:39.897] [Part 05] Instance terminated.
[20:44:40.827] [Part 01] Instance terminated.
[20:44:40.831] [Part 08] Instance terminated.
[20:44:41.092] [Part 04] Instance terminated.
[20:44:41.251] [Part 09] Instance terminated.
[20:44:41.710] [Part 06] Instance terminated.
[20:44:41.781] [Part 07] Instance terminated.
[20:44:42.340] [Part 02] Instance terminated.
[20:44:42.534] [Part 03] Instance terminated.
[20:44:42.542] 🎉 Processamento Fase 2 (Paralelo) completed!
Log start: Fri Feb 27 20:43:32 2026
Log end: Fri Feb 27 20:44:42 2026

============================================================
RESULTS — t3 Horizontal
  Total Time:    70.27s
  Setup Time:    54.08s
  Encoding Time: 16.19s
============================================================
