[20:07:58.493] [Setup] Starting video split...
[20:08:00.027] [Setup] Divisão concluída.
[20:08:00.993] [Part 04] Launching EC2 instance...
[20:08:01.027] [Part 06] Launching EC2 instance...
[20:08:01.042] [Part 09] Launching EC2 instance...
[20:08:01.052] [Part 01] Launching EC2 instance...
[20:08:01.063] [Part 08] Launching EC2 instance...
[20:08:01.071] [Part 07] Launching EC2 instance...
[20:08:01.079] [Part 03] Launching EC2 instance...
[20:08:01.089] [Part 02] Launching EC2 instance...
[20:08:01.096] [Part 00] Launching EC2 instance...
[20:08:01.105] [Part 05] Launching EC2 instance...
[20:08:18.846] [Part 07] Instance ready. IP: 44.201.62.156
[20:08:18.874] [Part 08] Instance ready. IP: 44.195.79.197
[20:08:18.879] [Part 03] Instance ready. IP: 3.238.40.155
[20:08:18.894] [Part 04] Instance ready. IP: 44.203.205.248
[20:08:18.931] [Part 05] Instance ready. IP: 3.239.128.33
[20:08:18.936] [Part 09] Instance ready. IP: 3.236.188.163
[20:08:18.940] [Part 02] Instance ready. IP: 98.92.127.186
[20:08:18.951] [Part 00] Instance ready. IP: 32.192.247.250
[20:08:19.074] [Part 06] Instance ready. IP: 3.216.23.86
[20:08:19.082] [Part 01] Instance ready. IP: 100.52.181.164
[20:08:49.748] [Part 07] Checking modelo da CPU...
[20:08:49.844] [Part 08] Checking modelo da CPU...
[20:08:49.850] [Part 04] Checking modelo da CPU...
[20:08:49.852] [Part 03] Checking modelo da CPU...
[20:08:49.867] [Part 09] Checking modelo da CPU...
[20:08:49.868] [Part 02] Checking modelo da CPU...[20:08:49.868] [Part 05] Checking modelo da CPU...

[20:08:49.999] [Part 00] Checking modelo da CPU...
[20:08:50.016] [Part 06] Checking modelo da CPU...
[20:08:50.023] [Part 01] Checking modelo da CPU...
[20:08:50.997] [Part 07] CPU found: Intel(R) Xeon(R) Platinum 8259CL CPU @ 2.50GHz
[20:08:51.076] [Part 03] CPU found: Intel(R) Xeon(R) Platinum 8259CL CPU @ 2.50GHz[20:08:51.078] [Part 04] CPU found: Intel(R) Xeon(R) Platinum 8259CL CPU @ 2.50GHz[20:08:51.078] [Part 02] CPU found: Intel(R) Xeon(R) Platinum 8259CL CPU @ 2.50GHz


[20:08:51.112] [Part 08] CPU found: Intel(R) Xeon(R) Platinum 8259CL CPU @ 2.50GHz
[20:08:51.129] [Part 05] CPU found: Intel(R) Xeon(R) Platinum 8259CL CPU @ 2.50GHz
[20:08:51.192] [Part 09] CPU found: Intel(R) Xeon(R) Platinum 8259CL CPU @ 2.50GHz
[20:08:51.299] [Part 00] CPU found: Intel(R) Xeon(R) Platinum 8259CL CPU @ 2.50GHz
[20:08:51.313] [Part 06] CPU found: Intel(R) Xeon(R) Platinum 8259CL CPU @ 2.50GHz
[20:08:51.359] [Part 01] CPU found: Intel(R) Xeon(R) Platinum 8259CL CPU @ 2.50GHz
[20:08:51.476] [Part 07] Sending file...
[20:08:51.558] [Part 04] Sending file...
[20:08:51.571] [Part 03] Sending file...
[20:08:51.610] [Part 08] Sending file...
[20:08:51.625] [Part 05] Sending file...
[20:08:51.677] [Part 09] Sending file...
[20:08:51.765] [Part 00] Sending file...
[20:08:51.810] [Part 06] Sending file...
[20:08:51.829] [Part 01] Sending file...
[20:08:51.903] [Part 02] Sending file...
[20:08:53.070] [Part 07] Running compression...
[20:08:53.208] [Part 03] Running compression...
[20:08:53.235] [Part 08] Running compression...
[20:08:53.248] [Part 09] Running compression...
[20:08:53.269] [Part 00] Running compression...
[20:08:53.441] [Part 01] Running compression...
[20:08:53.522] [Part 05] Running compression...
[20:08:53.539] [Part 04] Running compression...
[20:08:53.550] [Part 06] Running compression...
[20:09:01.754] [Part 02] Running compression...
[20:09:02.874] [Part 05] Download do arquivo comprimido...
[20:09:04.669] [Part 09] Download do arquivo comprimido...
[20:09:05.049] [Part 01] Download do arquivo comprimido...
[20:09:05.176] [Part 03] Download do arquivo comprimido...
[20:09:05.278] [Part 00] Download do arquivo comprimido...
[20:09:05.509] [Part 04] Download do arquivo comprimido...
[20:09:05.511] [Part 06] Download do arquivo comprimido...
[20:09:05.998] [Part 05] Instance terminated.
[20:09:06.283] [Part 08] Download do arquivo comprimido...
[20:09:06.711] [Part 07] Download do arquivo comprimido...
[20:09:07.742] [Part 09] Instance terminated.
[20:09:07.982] [Part 01] Instance terminated.
[20:09:08.528] [Part 03] Instance terminated.
[20:09:08.596] [Part 00] Instance terminated.
[20:09:08.692] [Part 04] Instance terminated.
[20:09:08.848] [Part 06] Instance terminated.
[20:09:09.409] [Part 08] Instance terminated.
[20:09:09.697] [Part 07] Instance terminated.
[20:09:11.666] [Part 02] Download do arquivo comprimido...
[20:09:14.804] [Part 02] Instance terminated.
[20:09:14.812] 🎉 Processamento Fase 2 (Paralelo) completed!
Log start: Fri Feb 27 20:07:58 2026
Log end: Fri Feb 27 20:09:15 2026

============================================================
RESULTS — t3 Horizontal
  Total Time:    76.32s
  Setup Time:    54.58s
  Encoding Time: 21.74s
============================================================
