[20:16:44.037] [Setup] Starting video split...
[20:16:45.557] [Setup] Divisão concluída.
[20:16:46.548] [Part 07] Launching EC2 instance...
[20:16:46.592] [Part 00] Launching EC2 instance...
[20:16:46.600] [Part 02] Launching EC2 instance...
[20:16:46.611] [Part 08] Launching EC2 instance...
[20:16:46.619] [Part 05] Launching EC2 instance...
[20:16:46.628] [Part 06] Launching EC2 instance...
[20:16:46.637] [Part 09] Launching EC2 instance...
[20:16:46.650] [Part 03] Launching EC2 instance...
[20:16:46.654] [Part 01] Launching EC2 instance...
[20:16:46.664] [Part 04] Launching EC2 instance...
[20:17:04.311] [Part 08] Instance ready. IP: 98.91.185.159
[20:17:04.325] [Part 07] Instance ready. IP: 3.239.105.215
[20:17:04.341] [Part 03] Instance ready. IP: 98.92.203.142
[20:17:04.344] [Part 05] Instance ready. IP: 44.200.134.162
[20:17:04.350] [Part 02] Instance ready. IP: 100.53.109.149
[20:17:04.548] [Part 00] Instance ready. IP: 3.230.145.75
[20:17:04.669] [Part 09] Instance ready. IP: 3.238.193.126
[20:17:04.697] [Part 06] Instance ready. IP: 100.53.68.135
[20:17:04.703] [Part 01] Instance ready. IP: 3.238.3.178
[20:17:04.714] [Part 04] Instance ready. IP: 44.201.41.11
[20:17:35.215] [Part 08] Checking modelo da CPU...
[20:17:35.289] [Part 05] Checking modelo da CPU...
[20:17:35.320] [Part 07] Checking modelo da CPU...
[20:17:35.323] [Part 02] Checking modelo da CPU...[20:17:35.354] [Part 03] Checking modelo da CPU...

[20:17:35.461] [Part 00] Checking modelo da CPU...
[20:17:35.614] [Part 06] Checking modelo da CPU...
[20:17:35.688] [Part 01] Checking modelo da CPU...
[20:17:35.697] [Part 09] Checking modelo da CPU...
[20:17:35.734] [Part 04] Checking modelo da CPU...
[20:17:36.437] [Part 03] CPU found: Intel(R) Xeon(R) Platinum 8259CL CPU @ 2.50GHz
[20:17:36.494] [Part 08] CPU found: Intel(R) Xeon(R) Platinum 8259CL CPU @ 2.50GHz
[20:17:36.504] [Part 05] CPU found: Intel(R) Xeon(R) Platinum 8259CL CPU @ 2.50GHz
[20:17:36.569] [Part 07] CPU found: Intel(R) Xeon(R) Platinum 8259CL CPU @ 2.50GHz
[20:17:36.570] [Part 02] CPU found: Intel(R) Xeon(R) Platinum 8259CL CPU @ 2.50GHz
[20:17:36.766] [Part 00] CPU found: Intel(R) Xeon(R) Platinum 8259CL CPU @ 2.50GHz
[20:17:36.853] [Part 06] CPU found: Intel(R) Xeon(R) Platinum 8259CL CPU @ 2.50GHz
[20:17:36.900] [Part 09] CPU found: Intel(R) Xeon(R) Platinum 8259CL CPU @ 2.50GHz
[20:17:36.906] [Part 03] Sending file...
[20:17:36.924] [Part 04] CPU found: Intel(R) Xeon(R) Platinum 8259CL CPU @ 2.50GHz
[20:17:36.963] [Part 08] Sending file...
[20:17:36.973] [Part 01] CPU found: Intel(R) Xeon(R) Platinum 8259CL CPU @ 2.50GHz
[20:17:37.003] [Part 05] Sending file...
[20:17:37.060] [Part 02] Sending file...
[20:17:37.068] [Part 07] Sending file...
[20:17:37.243] [Part 00] Sending file...
[20:17:37.317] [Part 06] Sending file...
[20:17:37.398] [Part 09] Sending file...
[20:17:37.421] [Part 04] Sending file...
[20:17:37.450] [Part 01] Sending file...
[20:17:38.468] [Part 08] Running compression...
[20:17:38.591] [Part 07] Running compression...
[20:17:38.619] [Part 03] Running compression...
[20:17:38.628] [Part 05] Running compression...
[20:17:38.821] [Part 00] Running compression...
[20:17:38.917] [Part 06] Running compression...
[20:17:38.969] [Part 02] Running compression...
[20:17:39.006] [Part 01] Running compression...
[20:17:39.015] [Part 09] Running compression...
[20:17:39.041] [Part 04] Running compression...
[20:17:48.976] [Part 05] Download do arquivo comprimido...
[20:17:49.334] [Part 08] Download do arquivo comprimido...
[20:17:49.592] [Part 09] Download do arquivo comprimido...
[20:17:49.780] [Part 03] Download do arquivo comprimido...
[20:17:50.577] [Part 01] Download do arquivo comprimido...
[20:17:51.138] [Part 04] Download do arquivo comprimido...
[20:17:51.489] [Part 06] Download do arquivo comprimido...
[20:17:51.762] [Part 00] Download do arquivo comprimido...
[20:17:51.876] [Part 07] Download do arquivo comprimido...
[20:17:52.009] [Part 05] Instance terminated.
[20:17:52.242] [Part 08] Instance terminated.
[20:17:52.429] [Part 02] Download do arquivo comprimido...
[20:17:52.721] [Part 03] Instance terminated.
[20:17:52.799] [Part 09] Instance terminated.
[20:17:53.512] [Part 01] Instance terminated.
[20:17:54.219] [Part 04] Instance terminated.
[20:17:54.703] [Part 06] Instance terminated.
[20:17:54.756] [Part 00] Instance terminated.
[20:17:55.281] [Part 07] Instance terminated.
[20:17:55.609] [Part 02] Instance terminated.
[20:17:55.614] 🎉 Processamento Fase 2 (Paralelo) completed!
Log start: Fri Feb 27 20:16:43 2026
Log end: Fri Feb 27 20:17:55 2026

============================================================
RESULTS — t3 Horizontal
  Total Time:    71.58s
  Setup Time:    54.43s
  Encoding Time: 17.15s
============================================================
