[20:22:45.101] [Setup] Starting video split...
[20:22:46.634] [Setup] Divisão concluída.
[20:22:47.699] [Part 04] Launching EC2 instance...
[20:22:47.702] [Part 09] Launching EC2 instance...
[20:22:47.706] [Part 08] Launching EC2 instance...
[20:22:47.718] [Part 07] Launching EC2 instance...
[20:22:47.731] [Part 00] Launching EC2 instance...
[20:22:47.741] [Part 03] Launching EC2 instance...
[20:22:47.758] [Part 05] Launching EC2 instance...
[20:22:47.761] [Part 06] Launching EC2 instance...
[20:22:47.769] [Part 01] Launching EC2 instance...
[20:22:47.777] [Part 02] Launching EC2 instance...
[20:23:05.158] [Part 06] Instance ready. IP: 98.81.35.131
[20:23:05.173] [Part 04] Instance ready. IP: 100.53.43.199
[20:23:05.179] [Part 07] Instance ready. IP: 44.223.84.55
[20:23:05.184] [Part 08] Instance ready. IP: 44.200.134.4
[20:23:05.214] [Part 00] Instance ready. IP: 44.199.202.229
[20:23:05.234] [Part 02] Instance ready. IP: 44.213.102.57
[20:23:05.239] [Part 01] Instance ready. IP: 3.210.204.155
[20:23:05.306] [Part 09] Instance ready. IP: 44.203.7.125
[20:23:05.385] [Part 05] Instance ready. IP: 32.192.221.185
[20:23:05.399] [Part 03] Instance ready. IP: 3.237.103.22
[20:23:36.069] [Part 04] Checking modelo da CPU...
[20:23:36.090] [Part 06] Checking modelo da CPU...
[20:23:36.140] [Part 08] Checking modelo da CPU...
[20:23:36.164] [Part 07] Checking modelo da CPU...
[20:23:36.176] [Part 01] Checking modelo da CPU...[20:23:36.177] [Part 00] Checking modelo da CPU...

[20:23:36.190] [Part 02] Checking modelo da CPU...
[20:23:36.230] [Part 09] Checking modelo da CPU...
[20:23:36.319] [Part 05] Checking modelo da CPU...
[20:23:36.350] [Part 03] Checking modelo da CPU...
[20:23:37.234] [Part 00] CPU found: Intel(R) Xeon(R) Platinum 8259CL CPU @ 2.50GHz
[20:23:37.318] [Part 02] CPU found: Intel(R) Xeon(R) Platinum 8259CL CPU @ 2.50GHz
[20:23:37.384] [Part 04] CPU found: Intel(R) Xeon(R) Platinum 8259CL CPU @ 2.50GHz
[20:23:37.436] [Part 08] CPU found: Intel(R) Xeon(R) Platinum 8259CL CPU @ 2.50GHz[20:23:37.436] [Part 06] CPU found: Intel(R) Xeon(R) Platinum 8259CL CPU @ 2.50GHz

[20:23:37.446] [Part 01] CPU found: Intel(R) Xeon(R) Platinum 8259CL CPU @ 2.50GHz
[20:23:37.516] [Part 09] CPU found: Intel(R) Xeon(R) Platinum 8259CL CPU @ 2.50GHz
[20:23:37.550] [Part 07] CPU found: Intel(R) Xeon(R) Platinum 8259CL CPU @ 2.50GHz
[20:23:37.595] [Part 05] CPU found: Intel(R) Xeon(R) Platinum 8259CL CPU @ 2.50GHz
[20:23:37.712] [Part 00] Sending file...
[20:23:37.717] [Part 03] CPU found: Intel(R) Xeon(R) Platinum 8259CL CPU @ 2.50GHz
[20:23:37.814] [Part 02] Sending file...
[20:23:37.849] [Part 04] Sending file...
[20:23:37.918] [Part 08] Sending file...
[20:23:37.922] [Part 06] Sending file...
[20:23:37.943] [Part 01] Sending file...
[20:23:37.995] [Part 09] Sending file...
[20:23:38.029] [Part 07] Sending file...
[20:23:38.066] [Part 05] Sending file...
[20:23:38.196] [Part 03] Sending file...
[20:23:39.175] [Part 00] Running compression...
[20:23:39.348] [Part 08] Running compression...
[20:23:39.424] [Part 09] Running compression...
[20:23:39.520] [Part 06] Running compression...
[20:23:39.541] [Part 02] Running compression...
[20:23:39.597] [Part 04] Running compression...
[20:23:39.611] [Part 01] Running compression...
[20:23:39.748] [Part 07] Running compression...
[20:23:39.814] [Part 05] Running compression...
[20:23:39.875] [Part 03] Running compression...
[20:23:49.721] [Part 01] Download do arquivo comprimido...
[20:23:50.256] [Part 04] Download do arquivo comprimido...
[20:23:51.295] [Part 00] Download do arquivo comprimido...
[20:23:51.494] [Part 09] Download do arquivo comprimido...
[20:23:51.749] [Part 05] Download do arquivo comprimido...
[20:23:51.932] [Part 06] Download do arquivo comprimido...
[20:23:52.039] [Part 08] Download do arquivo comprimido...
[20:23:52.143] [Part 02] Download do arquivo comprimido...
[20:23:52.719] [Part 01] Instance terminated.
[20:23:53.223] [Part 03] Download do arquivo comprimido...
[20:23:53.234] [Part 04] Instance terminated.
[20:23:53.374] [Part 07] Download do arquivo comprimido...
[20:23:54.358] [Part 09] Instance terminated.
[20:23:54.368] [Part 00] Instance terminated.
[20:23:54.816] [Part 05] Instance terminated.
[20:23:55.061] [Part 08] Instance terminated.
[20:23:55.115] [Part 06] Instance terminated.
[20:23:55.418] [Part 02] Instance terminated.
[20:23:56.265] [Part 03] Instance terminated.
[20:23:56.559] [Part 07] Instance terminated.
[20:23:56.561] 🎉 Processamento Fase 2 (Paralelo) completed!
Log start: Fri Feb 27 20:22:44 2026
Log end: Fri Feb 27 20:23:56 2026

============================================================
RESULTS — t3 Horizontal
  Total Time:    71.46s
  Setup Time:    54.07s
  Encoding Time: 17.39s
============================================================
