[20:15:32.008] [Setup] Starting video split...
[20:15:33.533] [Setup] Divisão concluída.
[20:15:34.515] [Part 04] Launching EC2 instance...
[20:15:34.555] [Part 06] Launching EC2 instance...
[20:15:34.564] [Part 05] Launching EC2 instance...
[20:15:34.577] [Part 08] Launching EC2 instance...
[20:15:34.588] [Part 02] Launching EC2 instance...
[20:15:34.596] [Part 03] Launching EC2 instance...
[20:15:34.605] [Part 00] Launching EC2 instance...
[20:15:34.612] [Part 09] Launching EC2 instance...
[20:15:34.621] [Part 07] Launching EC2 instance...
[20:15:34.629] [Part 01] Launching EC2 instance...
[20:15:52.427] [Part 02] Instance ready. IP: 44.198.61.117
[20:15:52.435] [Part 03] Instance ready. IP: 100.25.98.81
[20:15:52.453] [Part 09] Instance ready. IP: 44.205.20.199
[20:15:52.458] [Part 06] Instance ready. IP: 44.204.133.240
[20:15:52.464] [Part 07] Instance ready. IP: 3.239.40.229
[20:15:52.526] [Part 01] Instance ready. IP: 44.215.106.153
[20:15:52.531] [Part 00] Instance ready. IP: 3.230.145.139
[20:15:52.536] [Part 08] Instance ready. IP: 3.239.47.72
[20:15:52.552] [Part 05] Instance ready. IP: 98.92.213.19
[20:15:52.564] [Part 04] Instance ready. IP: 3.238.148.233
[20:16:23.340] [Part 03] Checking modelo da CPU...
[20:16:23.415] [Part 07] Checking modelo da CPU...[20:16:23.415] [Part 09] Checking modelo da CPU...

[20:16:23.419] [Part 02] Checking modelo da CPU...
[20:16:23.420] [Part 06] Checking modelo da CPU...
[20:16:23.461] [Part 01] Checking modelo da CPU...
[20:16:23.513] [Part 05] Checking modelo da CPU...
[20:16:23.521] [Part 00] Checking modelo da CPU...
[20:16:23.550] [Part 08] Checking modelo da CPU...
[20:16:23.616] [Part 04] Checking modelo da CPU...
[20:16:24.419] [Part 09] CPU found: Intel(R) Xeon(R) Platinum 8259CL CPU @ 2.50GHz
[20:16:24.520] [Part 07] CPU found: Intel(R) Xeon(R) Platinum 8259CL CPU @ 2.50GHz
[20:16:24.661] [Part 03] CPU found: Intel(R) Xeon(R) Platinum 8259CL CPU @ 2.50GHz
[20:16:24.666] [Part 01] CPU found: Intel(R) Xeon(R) Platinum 8259CL CPU @ 2.50GHz
[20:16:24.670] [Part 02] CPU found: Intel(R) Xeon(R) Platinum 8259CL CPU @ 2.50GHz
[20:16:24.692] [Part 06] CPU found: Intel(R) Xeon(R) Platinum 8259CL CPU @ 2.50GHz
[20:16:24.696] [Part 04] CPU found: Intel(R) Xeon(R) Platinum 8259CL CPU @ 2.50GHz
[20:16:24.798] [Part 05] CPU found: Intel(R) Xeon(R) Platinum 8259CL CPU @ 2.50GHz
[20:16:24.820] [Part 00] CPU found: Intel(R) Xeon(R) Platinum 8259CL CPU @ 2.50GHz
[20:16:24.840] [Part 08] CPU found: Intel(R) Xeon(R) Platinum 8259CL CPU @ 2.50GHz
[20:16:24.896] [Part 09] Sending file...
[20:16:24.997] [Part 07] Sending file...
[20:16:25.128] [Part 03] Sending file...
[20:16:25.144] [Part 01] Sending file...
[20:16:25.165] [Part 02] Sending file...
[20:16:25.173] [Part 04] Sending file...
[20:16:25.189] [Part 06] Sending file...
[20:16:25.270] [Part 05] Sending file...
[20:16:25.296] [Part 00] Sending file...
[20:16:25.319] [Part 08] Sending file...
[20:16:26.878] [Part 09] Running compression...
[20:16:26.978] [Part 07] Running compression...
[20:16:27.017] [Part 05] Running compression...
[20:16:27.040] [Part 03] Running compression...
[20:16:27.053] [Part 00] Running compression...
[20:16:27.065] [Part 08] Running compression...
[20:16:27.156] [Part 04] Running compression...
[20:16:27.168] [Part 06] Running compression...
[20:16:27.224] [Part 02] Running compression...
[20:16:27.231] [Part 01] Running compression...
[20:16:36.970] [Part 05] Download do arquivo comprimido...
[20:16:37.366] [Part 07] Download do arquivo comprimido...
[20:16:37.930] [Part 08] Download do arquivo comprimido...
[20:16:38.147] [Part 09] Download do arquivo comprimido...
[20:16:38.184] [Part 01] Download do arquivo comprimido...
[20:16:38.968] [Part 00] Download do arquivo comprimido...
[20:16:39.609] [Part 04] Download do arquivo comprimido...
[20:16:39.879] [Part 05] Instance terminated.
[20:16:40.013] [Part 06] Download do arquivo comprimido...
[20:16:40.244] [Part 02] Download do arquivo comprimido...
[20:16:40.339] [Part 03] Download do arquivo comprimido...
[20:16:40.560] [Part 07] Instance terminated.
[20:16:40.900] [Part 08] Instance terminated.
[20:16:41.116] [Part 09] Instance terminated.
[20:16:41.168] [Part 01] Instance terminated.
[20:16:42.266] [Part 00] Instance terminated.
[20:16:42.634] [Part 04] Instance terminated.
[20:16:43.214] [Part 06] Instance terminated.
[20:16:43.412] [Part 03] Instance terminated.
[20:16:43.526] [Part 02] Instance terminated.
[20:16:43.530] 🎉 Processamento Fase 2 (Paralelo) completed!
Log start: Fri Feb 27 20:15:31 2026
Log end: Fri Feb 27 20:16:43 2026

============================================================
RESULTS — t3 Horizontal
  Total Time:    71.52s
  Setup Time:    54.87s
  Encoding Time: 16.65s
============================================================
