[20:06:46.062] [Setup] Starting video split...
[20:06:47.631] [Setup] Divisão concluída.
[20:06:48.608] [Part 01] Launching EC2 instance...
[20:06:48.632] [Part 07] Launching EC2 instance...
[20:06:48.641] [Part 08] Launching EC2 instance...
[20:06:48.651] [Part 04] Launching EC2 instance...
[20:06:48.667] [Part 05] Launching EC2 instance...
[20:06:48.677] [Part 00] Launching EC2 instance...
[20:06:48.684] [Part 02] Launching EC2 instance...
[20:06:48.694] [Part 09] Launching EC2 instance...
[20:06:48.702] [Part 03] Launching EC2 instance...
[20:06:48.710] [Part 06] Launching EC2 instance...
[20:07:06.649] [Part 09] Instance ready. IP: 34.205.225.236
[20:07:06.652] [Part 07] Instance ready. IP: 44.204.206.19
[20:07:06.756] [Part 03] Instance ready. IP: 100.55.42.131
[20:07:06.787] [Part 05] Instance ready. IP: 44.199.203.9
[20:07:06.800] [Part 01] Instance ready. IP: 100.52.171.106
[20:07:06.805] [Part 02] Instance ready. IP: 100.54.126.39
[20:07:06.810] [Part 00] Instance ready. IP: 100.26.149.30[20:07:06.812] [Part 08] Instance ready. IP: 98.92.193.113

[20:07:06.814] [Part 04] Instance ready. IP: 34.200.238.254
[20:07:06.815] [Part 06] Instance ready. IP: 44.200.244.33
[20:07:37.603] [Part 09] Checking modelo da CPU...
[20:07:37.662] [Part 07] Checking modelo da CPU...
[20:07:37.669] [Part 03] Checking modelo da CPU...
[20:07:37.680] [Part 01] Checking modelo da CPU...
[20:07:37.692] [Part 05] Checking modelo da CPU...
[20:07:37.721] [Part 00] Checking modelo da CPU...
[20:07:37.746] [Part 08] Checking modelo da CPU...
[20:07:37.753] [Part 04] Checking modelo da CPU...
[20:07:37.756] [Part 02] Checking modelo da CPU...
[20:07:37.818] [Part 06] Checking modelo da CPU...
[20:07:38.306] [Part 04] CPU found: Intel(R) Xeon(R) Platinum 8259CL CPU @ 2.50GHz
[20:07:38.714] [Part 07] CPU found: Intel(R) Xeon(R) Platinum 8259CL CPU @ 2.50GHz
[20:07:38.730] [Part 09] CPU found: Intel(R) Xeon(R) Platinum 8259CL CPU @ 2.50GHz
[20:07:38.771] [Part 04] Sending file...
[20:07:38.852] [Part 01] CPU found: Intel(R) Xeon(R) Platinum 8259CL CPU @ 2.50GHz
[20:07:38.870] [Part 02] CPU found: Intel(R) Xeon(R) Platinum 8259CL CPU @ 2.50GHz
[20:07:38.940] [Part 05] CPU found: Intel(R) Xeon(R) Platinum 8259CL CPU @ 2.50GHz
[20:07:38.978] [Part 00] CPU found: Intel(R) Xeon(R) Platinum 8259CL CPU @ 2.50GHz
[20:07:38.994] [Part 03] CPU found: Intel(R) Xeon(R) Platinum 8259CL CPU @ 2.50GHz
[20:07:39.060] [Part 08] CPU found: Intel(R) Xeon(R) Platinum 8259CL CPU @ 2.50GHz
[20:07:39.133] [Part 06] CPU found: Intel(R) Xeon(R) Platinum 8259CL CPU @ 2.50GHz
[20:07:39.193] [Part 07] Sending file...
[20:07:39.197] [Part 09] Sending file...
[20:07:39.320] [Part 01] Sending file...
[20:07:39.356] [Part 02] Sending file...
[20:07:39.418] [Part 05] Sending file...
[20:07:39.447] [Part 00] Sending file...
[20:07:39.482] [Part 03] Sending file...
[20:07:39.533] [Part 08] Sending file...
[20:07:39.639] [Part 06] Sending file...
[20:07:40.294] [Part 04] Running compression...
[20:07:41.008] [Part 09] Running compression...
[20:07:41.364] [Part 00] Running compression...
[20:07:41.385] [Part 08] Running compression...
[20:07:41.504] [Part 01] Running compression...
[20:07:41.505] [Part 05] Running compression...
[20:07:41.520] [Part 03] Running compression...
[20:07:41.544] [Part 02] Running compression...
[20:07:41.552] [Part 07] Running compression...
[20:07:41.645] [Part 06] Running compression...
[20:07:50.699] [Part 01] Download do arquivo comprimido...
[20:07:51.793] [Part 05] Download do arquivo comprimido...
[20:07:51.847] [Part 02] Download do arquivo comprimido...
[20:07:52.688] [Part 04] Download do arquivo comprimido...
[20:07:52.762] [Part 09] Download do arquivo comprimido...
[20:07:53.334] [Part 07] Download do arquivo comprimido...
[20:07:53.368] [Part 08] Download do arquivo comprimido...
[20:07:53.464] [Part 01] Instance terminated.
[20:07:53.492] [Part 06] Download do arquivo comprimido...
[20:07:53.768] [Part 00] Download do arquivo comprimido...
[20:07:54.784] [Part 03] Download do arquivo comprimido...
[20:07:54.893] [Part 05] Instance terminated.
[20:07:55.050] [Part 02] Instance terminated.
[20:07:55.643] [Part 09] Instance terminated.
[20:07:55.894] [Part 04] Instance terminated.
[20:07:56.380] [Part 08] Instance terminated.
[20:07:56.540] [Part 07] Instance terminated.
[20:07:56.666] [Part 00] Instance terminated.
[20:07:56.765] [Part 06] Instance terminated.
[20:07:57.972] [Part 03] Instance terminated.
[20:07:57.980] 🎉 Processamento Fase 2 (Paralelo) completed!
Log start: Fri Feb 27 20:06:45 2026
Log end: Fri Feb 27 20:07:58 2026

============================================================
RESULTS — t3 Horizontal
  Total Time:    71.92s
  Setup Time:    54.23s
  Encoding Time: 17.69s
============================================================
