[20:39:57.108] [Setup] Starting video split...
[20:39:58.648] [Setup] Divisão concluída.
[20:39:59.686] [Part 05] Launching EC2 instance...
[20:39:59.687] [Part 08] Launching EC2 instance...
[20:39:59.692] [Part 09] Launching EC2 instance...[20:39:59.695] [Part 07] Launching EC2 instance...
[20:39:59.709] [Part 04] Launching EC2 instance...
[20:39:59.717] [Part 00] Launching EC2 instance...

[20:39:59.730] [Part 03] Launching EC2 instance...
[20:39:59.744] [Part 06] Launching EC2 instance...
[20:39:59.746] [Part 02] Launching EC2 instance...
[20:39:59.756] [Part 01] Launching EC2 instance...
[20:40:17.300] [Part 08] Instance ready. IP: 44.204.95.148
[20:40:17.308] [Part 01] Instance ready. IP: 98.84.42.248
[20:40:17.314] [Part 07] Instance ready. IP: 44.193.80.55
[20:40:17.323] [Part 03] Instance ready. IP: 44.203.212.237
[20:40:17.349] [Part 06] Instance ready. IP: 100.54.220.166
[20:40:17.372] [Part 04] Instance ready. IP: 44.203.10.224
[20:40:17.394] [Part 05] Instance ready. IP: 44.204.104.235
[20:40:17.399] [Part 02] Instance ready. IP: 44.223.12.52
[20:40:17.404] [Part 09] Instance ready. IP: 54.236.34.171
[20:40:17.564] [Part 00] Instance ready. IP: 3.237.92.231
[20:40:48.301] [Part 06] Checking modelo da CPU...
[20:40:48.301] [Part 02] Checking modelo da CPU...[20:40:48.301] [Part 01] Checking modelo da CPU...

[20:40:48.306] [Part 08] Checking modelo da CPU...
[20:40:48.312] [Part 03] Checking modelo da CPU...
[20:40:48.340] [Part 04] Checking modelo da CPU...
[20:40:48.343] [Part 07] Checking modelo da CPU...
[20:40:48.344] [Part 05] Checking modelo da CPU...
[20:40:48.455] [Part 09] Checking modelo da CPU...
[20:40:48.662] [Part 00] Checking modelo da CPU...
[20:40:49.337] [Part 03] CPU found: Intel(R) Xeon(R) Platinum 8259CL CPU @ 2.50GHz
[20:40:49.392] [Part 02] CPU found: Intel(R) Xeon(R) Platinum 8259CL CPU @ 2.50GHz
[20:40:49.398] [Part 06] CPU found: Intel(R) Xeon(R) Platinum 8259CL CPU @ 2.50GHz
[20:40:49.402] [Part 07] CPU found: Intel(R) Xeon(R) Platinum 8259CL CPU @ 2.50GHz
[20:40:49.475] [Part 01] CPU found: Intel(R) Xeon(R) Platinum 8259CL CPU @ 2.50GHz
[20:40:49.543] [Part 05] CPU found: Intel(R) Xeon(R) Platinum 8259CL CPU @ 2.50GHz
[20:40:49.640] [Part 04] CPU found: Intel(R) Xeon(R) Platinum 8259CL CPU @ 2.50GHz
[20:40:49.655] [Part 08] CPU found: Intel(R) Xeon(R) Platinum 8259CL CPU @ 2.50GHz
[20:40:49.770] [Part 09] CPU found: Intel(R) Xeon(R) Platinum 8259CL CPU @ 2.50GHz
[20:40:49.836] [Part 03] Sending file...
[20:40:49.866] [Part 06] Sending file...
[20:40:49.868] [Part 02] Sending file...
[20:40:49.880] [Part 07] Sending file...
[20:40:49.944] [Part 01] Sending file...
[20:40:49.971] [Part 00] CPU found: Intel(R) Xeon(R) Platinum 8259CL CPU @ 2.50GHz
[20:40:50.021] [Part 05] Sending file...
[20:40:50.116] [Part 04] Sending file...
[20:40:50.136] [Part 08] Sending file...
[20:40:50.254] [Part 09] Sending file...
[20:40:50.470] [Part 00] Sending file...
[20:40:51.512] [Part 01] Running compression...
[20:40:51.515] [Part 02] Running compression...
[20:40:51.518] [Part 03] Running compression...
[20:40:51.570] [Part 07] Running compression...
[20:40:51.710] [Part 04] Running compression...
[20:40:51.813] [Part 09] Running compression...
[20:40:52.075] [Part 00] Running compression...
[20:40:52.112] [Part 06] Running compression...
[20:40:53.308] [Part 05] Running compression...
[20:40:53.735] [Part 08] Running compression...
[20:41:02.582] [Part 01] Download do arquivo comprimido...
[20:41:02.683] [Part 06] Download do arquivo comprimido...
[20:41:02.754] [Part 05] Download do arquivo comprimido...
[20:41:03.203] [Part 07] Download do arquivo comprimido...
[20:41:04.130] [Part 04] Download do arquivo comprimido...
[20:41:04.140] [Part 09] Download do arquivo comprimido...
[20:41:04.292] [Part 03] Download do arquivo comprimido...
[20:41:04.446] [Part 02] Download do arquivo comprimido...
[20:41:05.156] [Part 08] Download do arquivo comprimido...
[20:41:05.271] [Part 00] Download do arquivo comprimido...
[20:41:05.531] [Part 01] Instance terminated.
[20:41:05.702] [Part 05] Instance terminated.
[20:41:05.721] [Part 06] Instance terminated.
[20:41:06.294] [Part 07] Instance terminated.
[20:41:07.095] [Part 09] Instance terminated.
[20:41:07.251] [Part 04] Instance terminated.
[20:41:07.487] [Part 03] Instance terminated.
[20:41:07.506] [Part 02] Instance terminated.
[20:41:08.247] [Part 08] Instance terminated.
[20:41:08.378] [Part 00] Instance terminated.
[20:41:08.385] 🎉 Processamento Fase 2 (Paralelo) completed!
Log start: Fri Feb 27 20:39:56 2026
Log end: Fri Feb 27 20:41:08 2026

============================================================
RESULTS — t3 Horizontal
  Total Time:    71.28s
  Setup Time:    54.40s
  Encoding Time: 16.87s
============================================================
