[20:34:52.577] [Setup] Starting video split...
[20:34:54.107] [Setup] Divisão concluída.
[20:34:55.059] [Part 05] Launching EC2 instance...[20:34:55.061] [Part 06] Launching EC2 instance...

[20:34:55.075] [Part 02] Launching EC2 instance...
[20:34:55.085] [Part 08] Launching EC2 instance...
[20:34:55.095] [Part 09] Launching EC2 instance...
[20:34:55.112] [Part 01] Launching EC2 instance...[20:34:55.114] [Part 03] Launching EC2 instance...

[20:34:55.120] [Part 00] Launching EC2 instance...
[20:34:55.131] [Part 04] Launching EC2 instance...
[20:34:55.139] [Part 07] Launching EC2 instance...
[20:35:12.853] [Part 09] Instance ready. IP: 44.220.172.81
[20:35:12.858] [Part 02] Instance ready. IP: 13.222.21.121
[20:35:12.863] [Part 06] Instance ready. IP: 18.234.248.184
[20:35:12.881] [Part 00] Instance ready. IP: 3.237.183.89
[20:35:12.886] [Part 07] Instance ready. IP: 3.236.39.211
[20:35:12.892] [Part 08] Instance ready. IP: 100.52.191.66
[20:35:12.906] [Part 01] Instance ready. IP: 3.231.202.89[20:35:12.911] [Part 04] Instance ready. IP: 44.214.140.253
[20:35:12.916] [Part 05] Instance ready. IP: 98.92.60.102

[20:35:12.953] [Part 03] Instance ready. IP: 3.237.171.207
[20:35:43.758] [Part 02] Checking modelo da CPU...
[20:35:43.816] [Part 08] Checking modelo da CPU...
[20:35:43.824] [Part 06] Checking modelo da CPU...
[20:35:43.838] [Part 00] Checking modelo da CPU...
[20:35:43.848] [Part 07] Checking modelo da CPU...
[20:35:43.869] [Part 05] Checking modelo da CPU...
[20:35:43.923] [Part 09] Checking modelo da CPU...
[20:35:43.967] [Part 04] Checking modelo da CPU...
[20:35:43.998] [Part 01] Checking modelo da CPU...
[20:35:44.892] [Part 00] CPU found: Intel(R) Xeon(R) Platinum 8259CL CPU @ 2.50GHz
[20:35:44.922] [Part 04] CPU found: Intel(R) Xeon(R) Platinum 8259CL CPU @ 2.50GHz
[20:35:45.025] [Part 02] CPU found: Intel(R) Xeon(R) Platinum 8259CL CPU @ 2.50GHz
[20:35:45.100] [Part 08] CPU found: Intel(R) Xeon(R) Platinum 8259CL CPU @ 2.50GHz
[20:35:45.158] [Part 05] CPU found: Intel(R) Xeon(R) Platinum 8259CL CPU @ 2.50GHz
[20:35:45.164] [Part 06] CPU found: Intel(R) Xeon(R) Platinum 8259CL CPU @ 2.50GHz
[20:35:45.168] [Part 07] CPU found: Intel(R) Xeon(R) Platinum 8259CL CPU @ 2.50GHz
[20:35:45.262] [Part 09] CPU found: Intel(R) Xeon(R) Platinum 8259CL CPU @ 2.50GHz
[20:35:45.283] [Part 01] CPU found: Intel(R) Xeon(R) Platinum 8259CL CPU @ 2.50GHz
[20:35:45.392] [Part 00] Sending file...
[20:35:45.399] [Part 04] Sending file...
[20:35:45.492] [Part 02] Sending file...
[20:35:45.565] [Part 08] Sending file...
[20:35:45.632] [Part 06] Sending file...
[20:35:45.645] [Part 05] Sending file...
[20:35:45.647] [Part 07] Sending file...
[20:35:45.741] [Part 09] Sending file...
[20:35:45.780] [Part 01] Sending file...
[20:35:47.107] [Part 00] Running compression...
[20:35:47.269] [Part 08] Running compression...
[20:35:47.288] [Part 04] Running compression...
[20:35:47.310] [Part 09] Running compression...[20:35:47.311] [Part 02] Running compression...

[20:35:47.318] [Part 05] Running compression...
[20:35:47.344] [Part 06] Running compression...
[20:35:47.367] [Part 07] Running compression...
[20:35:47.710] [Part 01] Running compression...
[20:35:56.884] [Part 05] Download do arquivo comprimido...
[20:35:58.006] [Part 09] Download do arquivo comprimido...
[20:35:58.149] [Part 01] Download do arquivo comprimido...
[20:35:58.426] [Part 04] Download do arquivo comprimido...
[20:35:59.336] [Part 06] Download do arquivo comprimido...
[20:35:59.465] [Part 00] Download do arquivo comprimido...
[20:35:59.499] [Part 08] Download do arquivo comprimido...
[20:35:59.813] [Part 05] Instance terminated.
[20:36:00.376] [Part 02] Download do arquivo comprimido...
[20:36:00.932] [Part 09] Instance terminated.
[20:36:01.128] [Part 01] Instance terminated.
[20:36:01.360] [Part 04] Instance terminated.
[20:36:02.437] [Part 06] Instance terminated.
[20:36:02.493] [Part 08] Instance terminated.
[20:36:02.667] [Part 00] Instance terminated.
[20:36:03.308] [Part 07] Download do arquivo comprimido...
[20:36:03.432] [Part 03] Checking modelo da CPU...
[20:36:03.566] [Part 02] Instance terminated.
[20:36:04.641] [Part 03] CPU found: Intel(R) Xeon(R) Platinum 8259CL CPU @ 2.50GHz
[20:36:05.121] [Part 03] Sending file...
[20:36:06.281] [Part 07] Instance terminated.
[20:36:07.307] [Part 03] Running compression...
[20:36:18.728] [Part 03] Download do arquivo comprimido...
[20:36:22.121] [Part 03] Instance terminated.
[20:36:22.129] 🎉 Processamento Fase 2 (Paralelo) completed!
Log start: Fri Feb 27 20:34:52 2026
Log end: Fri Feb 27 20:36:22 2026

============================================================
RESULTS — t3 Horizontal
  Total Time:    89.55s
  Setup Time:    54.53s
  Encoding Time: 35.02s
============================================================
