[19:52:04.901] [Setup] Starting video split...
[19:52:06.439] [Setup] Divisão concluída.
[19:52:07.365] [Part 02] Launching EC2 instance...
[19:52:07.372] [Part 09] Launching EC2 instance...
[19:52:07.382] [Part 08] Launching EC2 instance...
[19:52:07.394] [Part 06] Launching EC2 instance...
[19:52:07.403] [Part 03] Launching EC2 instance...
[19:52:07.412] [Part 00] Launching EC2 instance...
[19:52:07.419] [Part 05] Launching EC2 instance...
[19:52:07.428] [Part 01] Launching EC2 instance...
[19:52:07.434] [Part 04] Launching EC2 instance...
[19:52:07.443] [Part 07] Launching EC2 instance...
[19:52:24.824] [Part 05] Instance ready. IP: 44.212.51.176
[19:52:24.853] [Part 09] Instance ready. IP: 100.54.11.80
[19:52:24.855] [Part 04] Instance ready. IP: 13.220.42.18
[19:52:24.910] [Part 06] Instance ready. IP: 35.169.124.58
[19:52:24.915] [Part 02] Instance ready. IP: 44.204.125.181
[19:52:24.946] [Part 00] Instance ready. IP: 3.239.221.66
[19:52:24.951] [Part 08] Instance ready. IP: 100.31.142.2
[19:52:24.957] [Part 07] Instance ready. IP: 98.86.146.128
[19:52:24.971] [Part 01] Instance ready. IP: 35.170.70.168
[19:52:25.001] [Part 03] Instance ready. IP: 32.192.40.133
[19:52:55.733] [Part 05] Checking modelo da CPU...
[19:52:55.787] [Part 04] Checking modelo da CPU...
[19:52:55.795] [Part 09] Checking modelo da CPU...
[19:52:55.852] [Part 06] Checking modelo da CPU...
[19:52:55.855] [Part 02] Checking modelo da CPU...
[19:52:55.866] [Part 00] Checking modelo da CPU...
[19:52:55.893] [Part 08] Checking modelo da CPU...
[19:52:55.914] [Part 07] Checking modelo da CPU...
[19:52:55.916] [Part 03] Checking modelo da CPU...
[19:52:55.984] [Part 01] Checking modelo da CPU...
[19:52:56.878] [Part 03] CPU found: Intel(R) Xeon(R) Platinum 8259CL CPU @ 2.50GHz
[19:52:56.953] [Part 06] CPU found: Intel(R) Xeon(R) Platinum 8259CL CPU @ 2.50GHz
[19:52:56.957] [Part 09] CPU found: Intel(R) Xeon(R) Platinum 8259CL CPU @ 2.50GHz
[19:52:56.974] [Part 00] CPU found: Intel(R) Xeon(R) Platinum 8259CL CPU @ 2.50GHz
[19:52:56.981] [Part 05] CPU found: Intel(R) Xeon(R) Platinum 8259CL CPU @ 2.50GHz
[19:52:56.982] [Part 04] CPU found: Intel(R) Xeon(R) Platinum 8259CL CPU @ 2.50GHz
[19:52:57.024] [Part 07] CPU found: Intel(R) Xeon(R) Platinum 8259CL CPU @ 2.50GHz
[19:52:57.044] [Part 02] CPU found: Intel(R) Xeon(R) Platinum 8259CL CPU @ 2.50GHz
[19:52:57.233] [Part 08] CPU found: Intel(R) Xeon(R) Platinum 8259CL CPU @ 2.50GHz
[19:52:57.268] [Part 01] CPU found: Intel(R) Xeon(R) Platinum 8259CL CPU @ 2.50GHz
[19:52:57.346] [Part 03] Sending file...
[19:52:57.434] [Part 06] Sending file...
[19:52:57.441] [Part 09] Sending file...
[19:52:57.452] [Part 04] Sending file...
[19:52:57.455] [Part 00] Sending file...
[19:52:57.459] [Part 05] Sending file...
[19:52:57.507] [Part 07] Sending file...
[19:52:57.522] [Part 02] Sending file...
[19:52:57.722] [Part 08] Sending file...
[19:52:57.765] [Part 01] Sending file...
[19:52:58.798] [Part 03] Running compression...
[19:52:58.909] [Part 04] Running compression...
[19:52:58.913] [Part 09] Running compression...
[19:52:59.012] [Part 06] Running compression...
[19:52:59.091] [Part 07] Running compression...
[19:52:59.124] [Part 05] Running compression...
[19:52:59.150] [Part 00] Running compression...
[19:52:59.170] [Part 02] Running compression...
[19:52:59.265] [Part 01] Running compression...
[19:52:59.430] [Part 08] Running compression...
[19:53:07.545] [Part 03] Download do arquivo comprimido...
[19:53:10.472] [Part 04] Download do arquivo comprimido...
[19:53:10.554] [Part 03] Instance terminated.
[19:53:10.728] [Part 00] Download do arquivo comprimido...
[19:53:11.044] [Part 01] Download do arquivo comprimido...
[19:53:11.230] [Part 07] Download do arquivo comprimido...
[19:53:11.638] [Part 02] Download do arquivo comprimido...
[19:53:11.732] [Part 05] Download do arquivo comprimido...
[19:53:11.759] [Part 09] Download do arquivo comprimido...
[19:53:12.772] [Part 08] Download do arquivo comprimido...
[19:53:13.281] [Part 06] Download do arquivo comprimido...
[19:53:13.396] [Part 04] Instance terminated.
[19:53:13.766] [Part 00] Instance terminated.
[19:53:14.120] [Part 01] Instance terminated.
[19:53:14.210] [Part 07] Instance terminated.
[19:53:14.732] [Part 02] Instance terminated.
[19:53:14.837] [Part 09] Instance terminated.
[19:53:14.869] [Part 05] Instance terminated.
[19:53:16.035] [Part 08] Instance terminated.
[19:53:16.403] [Part 06] Instance terminated.
[19:53:16.404] 🎉 Processamento Fase 2 (Paralelo) completed!
Log start: Fri Feb 27 19:52:04 2026
Log end: Fri Feb 27 19:53:16 2026

============================================================
RESULTS — t3 Horizontal
  Total Time:    71.50s
  Setup Time:    53.90s
  Encoding Time: 17.61s
============================================================
