[20:36:22.620] [Setup] Starting video split...
[20:36:24.170] [Setup] Divisão concluída.
[20:36:25.210] [Part 05] Launching EC2 instance...[20:36:25.215] [Part 02] Launching EC2 instance...[20:36:25.221] [Part 03] Launching EC2 instance...

[20:36:25.220] [Part 07] Launching EC2 instance...

[20:36:25.239] [Part 09] Launching EC2 instance...
[20:36:25.251] [Part 08] Launching EC2 instance...
[20:36:25.262] [Part 00] Launching EC2 instance...
[20:36:25.273] [Part 06] Launching EC2 instance...
[20:36:25.286] [Part 04] Launching EC2 instance...
[20:36:25.290] [Part 01] Launching EC2 instance...
[20:36:43.319] [Part 02] Instance ready. IP: 44.214.43.41
[20:36:43.324] [Part 00] Instance ready. IP: 44.215.126.25
[20:36:43.351] [Part 06] Instance ready. IP: 32.192.42.175
[20:36:43.362] [Part 03] Instance ready. IP: 3.235.101.12
[20:36:43.367] [Part 09] Instance ready. IP: 18.232.137.87[20:36:43.371] [Part 08] Instance ready. IP: 100.53.250.236
[20:36:43.376] [Part 07] Instance ready. IP: 3.218.150.61
[20:36:43.381] [Part 05] Instance ready. IP: 44.199.201.103[20:36:43.386] [Part 04] Instance ready. IP: 100.27.36.193


[20:36:43.523] [Part 01] Instance ready. IP: 3.239.246.145
[20:37:14.291] [Part 08] Checking modelo da CPU...
[20:37:14.295] [Part 02] Checking modelo da CPU...
[20:37:14.295] [Part 09] Checking modelo da CPU...
[20:37:14.310] [Part 06] Checking modelo da CPU...
[20:37:14.322] [Part 00] Checking modelo da CPU...
[20:37:14.336] [Part 03] Checking modelo da CPU...
[20:37:14.423] [Part 05] Checking modelo da CPU...
[20:37:14.435] [Part 04] Checking modelo da CPU...
[20:37:14.435] [Part 07] Checking modelo da CPU...
[20:37:14.627] [Part 01] Checking modelo da CPU...
[20:37:15.349] [Part 02] CPU found: Intel(R) Xeon(R) Platinum 8259CL CPU @ 2.50GHz
[20:37:15.355] [Part 00] CPU found: Intel(R) Xeon(R) Platinum 8259CL CPU @ 2.50GHz
[20:37:15.399] [Part 08] CPU found: Intel(R) Xeon(R) Platinum 8259CL CPU @ 2.50GHz
[20:37:15.416] [Part 09] CPU found: Intel(R) Xeon(R) Platinum 8259CL CPU @ 2.50GHz
[20:37:15.433] [Part 05] CPU found: Intel(R) Xeon(R) Platinum 8259CL CPU @ 2.50GHz
[20:37:15.561] [Part 03] CPU found: Intel(R) Xeon(R) Platinum 8259CL CPU @ 2.50GHz
[20:37:15.567] [Part 07] CPU found: Intel(R) Xeon(R) Platinum 8259CL CPU @ 2.50GHz
[20:37:15.608] [Part 06] CPU found: Intel(R) Xeon(R) Platinum 8259CL CPU @ 2.50GHz
[20:37:15.666] [Part 04] CPU found: Intel(R) Xeon(R) Platinum 8259CL CPU @ 2.50GHz
[20:37:15.829] [Part 02] Sending file...
[20:37:15.838] [Part 00] Sending file...
[20:37:15.868] [Part 08] Sending file...
[20:37:15.884] [Part 09] Sending file...
[20:37:15.910] [Part 05] Sending file...
[20:37:15.933] [Part 01] CPU found: Intel(R) Xeon(R) Platinum 8259CL CPU @ 2.50GHz
[20:37:16.040] [Part 03] Sending file...
[20:37:16.044] [Part 07] Sending file...
[20:37:16.073] [Part 06] Sending file...
[20:37:16.135] [Part 04] Sending file...
[20:37:16.413] [Part 01] Sending file...
[20:37:17.683] [Part 08] Running compression...
[20:37:17.786] [Part 05] Running compression...
[20:37:17.797] [Part 03] Running compression...
[20:37:17.809] [Part 02] Running compression...
[20:37:17.813] [Part 09] Running compression...
[20:37:17.817] [Part 00] Running compression...
[20:37:17.841] [Part 04] Running compression...
[20:37:17.905] [Part 07] Running compression...
[20:37:18.031] [Part 06] Running compression...
[20:37:18.048] [Part 01] Running compression...
[20:37:27.244] [Part 09] Download do arquivo comprimido...
[20:37:28.086] [Part 05] Download do arquivo comprimido...
[20:37:28.314] [Part 08] Download do arquivo comprimido...
[20:37:28.404] [Part 03] Download do arquivo comprimido...
[20:37:28.564] [Part 00] Download do arquivo comprimido...
[20:37:28.872] [Part 04] Download do arquivo comprimido...
[20:37:29.197] [Part 07] Download do arquivo comprimido...
[20:37:29.463] [Part 01] Download do arquivo comprimido...
[20:37:29.975] [Part 02] Download do arquivo comprimido...
[20:37:30.153] [Part 06] Download do arquivo comprimido...
[20:37:30.158] [Part 09] Instance terminated.
[20:37:30.996] [Part 05] Instance terminated.
[20:37:31.408] [Part 08] Instance terminated.
[20:37:31.600] [Part 03] Instance terminated.
[20:37:31.670] [Part 00] Instance terminated.
[20:37:31.934] [Part 04] Instance terminated.
[20:37:32.248] [Part 07] Instance terminated.
[20:37:32.465] [Part 01] Instance terminated.
[20:37:33.057] [Part 02] Instance terminated.
[20:37:33.300] [Part 06] Instance terminated.
[20:37:33.308] 🎉 Processamento Fase 2 (Paralelo) completed!
Log start: Fri Feb 27 20:36:22 2026
Log end: Fri Feb 27 20:37:33 2026

============================================================
RESULTS — t3 Horizontal
  Total Time:    70.69s
  Setup Time:    55.06s
  Encoding Time: 15.62s
============================================================
