[20:20:20.743] [Setup] Starting video split...
[20:20:22.287] [Setup] Divisão concluída.
[20:20:23.315] [Part 03] Launching EC2 instance...[20:20:23.317] [Part 01] Launching EC2 instance...[20:20:23.318] [Part 06] Launching EC2 instance...

[20:20:23.321] [Part 07] Launching EC2 instance...

[20:20:23.343] [Part 00] Launching EC2 instance...[20:20:23.344] [Part 09] Launching EC2 instance...

[20:20:23.356] [Part 04] Launching EC2 instance...
[20:20:23.367] [Part 05] Launching EC2 instance...
[20:20:23.375] [Part 08] Launching EC2 instance...
[20:20:23.384] [Part 02] Launching EC2 instance...
[20:20:40.927] [Part 03] Instance ready. IP: 3.236.39.191
[20:20:40.989] [Part 04] Instance ready. IP: 3.237.191.138
[20:20:41.015] [Part 09] Instance ready. IP: 3.239.150.77
[20:20:41.030] [Part 00] Instance ready. IP: 35.170.79.13
[20:20:41.042] [Part 02] Instance ready. IP: 98.92.114.56
[20:20:41.048] [Part 06] Instance ready. IP: 54.236.31.156
[20:20:41.053] [Part 07] Instance ready. IP: 3.239.78.244
[20:20:41.074] [Part 05] Instance ready. IP: 44.222.181.212
[20:20:41.080] [Part 08] Instance ready. IP: 35.153.126.209
[20:20:41.104] [Part 01] Instance ready. IP: 32.192.46.38
[20:21:11.821] [Part 03] Checking modelo da CPU...
[20:21:11.924] [Part 02] Checking modelo da CPU...
[20:21:11.933] [Part 04] Checking modelo da CPU...
[20:21:11.933] [Part 00] Checking modelo da CPU...[20:21:11.933] [Part 06] Checking modelo da CPU...

[20:21:11.940] [Part 09] Checking modelo da CPU...
[20:21:12.021] [Part 01] Checking modelo da CPU...
[20:21:12.022] [Part 07] Checking modelo da CPU...
[20:21:12.076] [Part 08] Checking modelo da CPU...
[20:21:12.078] [Part 05] Checking modelo da CPU...
[20:21:12.930] [Part 03] CPU found: Intel(R) Xeon(R) Platinum 8259CL CPU @ 2.50GHz
[20:21:13.026] [Part 04] CPU found: Intel(R) Xeon(R) Platinum 8259CL CPU @ 2.50GHz
[20:21:13.133] [Part 09] CPU found: Intel(R) Xeon(R) Platinum 8259CL CPU @ 2.50GHz
[20:21:13.173] [Part 08] CPU found: Intel(R) Xeon(R) Platinum 8259CL CPU @ 2.50GHz
[20:21:13.184] [Part 06] CPU found: Intel(R) Xeon(R) Platinum 8259CL CPU @ 2.50GHz
[20:21:13.221] [Part 01] CPU found: Intel(R) Xeon(R) Platinum 8259CL CPU @ 2.50GHz
[20:21:13.263] [Part 07] CPU found: Intel(R) Xeon(R) Platinum 8259CL CPU @ 2.50GHz
[20:21:13.273] [Part 00] CPU found: Intel(R) Xeon(R) Platinum 8259CL CPU @ 2.50GHz
[20:21:13.276] [Part 05] CPU found: Intel(R) Xeon(R) Platinum 8259CL CPU @ 2.50GHz
[20:21:13.278] [Part 02] CPU found: Intel(R) Xeon(R) Platinum 8175M CPU @ 2.50GHz
[20:21:13.279] [Part 02] WARNING: CPU mismatch. Esperado 'Intel(R) Xeon(R) Platinum 8259CL CPU @ 2.50GHz', got Intel(R) Xeon(R) Platinum 8175M CPU @ 2.50GHz
[20:21:13.409] [Part 03] Sending file...
[20:21:13.507] [Part 04] Sending file...
[20:21:13.633] [Part 09] Sending file...
[20:21:13.651] [Part 06] Sending file...
[20:21:13.662] [Part 08] Sending file...
[20:21:13.687] [Part 01] Sending file...
[20:21:13.740] [Part 07] Sending file...
[20:21:13.745] [Part 02] Sending file...
[20:21:13.752] [Part 00] Sending file...
[20:21:13.775] [Part 05] Sending file...
[20:21:15.402] [Part 03] Running compression...
[20:21:15.561] [Part 02] Running compression...
[20:21:15.601] [Part 06] Running compression...
[20:21:15.604] [Part 07] Running compression...
[20:21:15.610] [Part 00] Running compression...
[20:21:15.687] [Part 08] Running compression...
[20:21:15.693] [Part 09] Running compression...
[20:21:15.697] [Part 04] Running compression...
[20:21:15.707] [Part 01] Running compression...
[20:21:15.722] [Part 05] Running compression...
[20:21:25.150] [Part 09] Download do arquivo comprimido...
[20:21:26.403] [Part 01] Download do arquivo comprimido...
[20:21:26.930] [Part 05] Download do arquivo comprimido...
[20:21:27.422] [Part 00] Download do arquivo comprimido...
[20:21:27.769] [Part 04] Download do arquivo comprimido...
[20:21:28.109] [Part 09] Instance terminated.
[20:21:28.164] [Part 08] Download do arquivo comprimido...
[20:21:28.530] [Part 06] Download do arquivo comprimido...
[20:21:28.731] [Part 03] Download do arquivo comprimido...
[20:21:29.174] [Part 07] Download do arquivo comprimido...
[20:21:29.308] [Part 01] Instance terminated.
[20:21:29.369] [Part 02] Download do arquivo comprimido...
[20:21:30.055] [Part 05] Instance terminated.
[20:21:30.442] [Part 00] Instance terminated.
[20:21:30.853] [Part 04] Instance terminated.
[20:21:31.208] [Part 08] Instance terminated.
[20:21:31.602] [Part 06] Instance terminated.
[20:21:32.006] [Part 03] Instance terminated.
[20:21:32.379] [Part 07] Instance terminated.
[20:21:32.598] [Part 02] Instance terminated.
[20:21:32.605] 🎉 Processamento Fase 2 (Paralelo) completed!
Log start: Fri Feb 27 20:20:20 2026
Log end: Fri Feb 27 20:21:32 2026

============================================================
RESULTS — t3 Horizontal
  Total Time:    71.86s
  Setup Time:    54.66s
  Encoding Time: 17.20s
============================================================
