[20:11:40.450] [Setup] Starting video split...
[20:11:41.977] [Setup] Divisão concluída.
[20:11:42.959] [Part 06] Launching EC2 instance...[20:11:42.961] [Part 07] Launching EC2 instance...
[20:11:42.962] [Part 09] Launching EC2 instance...

[20:11:42.977] [Part 00] Launching EC2 instance...
[20:11:43.001] [Part 08] Launching EC2 instance...[20:11:43.003] [Part 03] Launching EC2 instance...
[20:11:43.009] [Part 02] Launching EC2 instance...

[20:11:43.020] [Part 05] Launching EC2 instance...
[20:11:43.028] [Part 04] Launching EC2 instance...
[20:11:43.035] [Part 01] Launching EC2 instance...
[20:12:00.435] [Part 07] Instance ready. IP: 100.53.50.142
[20:12:00.497] [Part 05] Instance ready. IP: 44.214.183.86
[20:12:00.510] [Part 08] Instance ready. IP: 44.200.9.24
[20:12:00.539] [Part 02] Instance ready. IP: 44.215.109.59
[20:12:00.543] [Part 04] Instance ready. IP: 3.237.180.145
[20:12:00.549] [Part 01] Instance ready. IP: 98.92.189.235
[20:12:00.556] [Part 03] Instance ready. IP: 18.206.85.136
[20:12:00.642] [Part 06] Instance ready. IP: 18.207.111.158
[20:12:00.662] [Part 09] Instance ready. IP: 35.170.52.163
[20:12:00.872] [Part 00] Instance ready. IP: 100.54.71.75
[20:12:31.302] [Part 07] Checking modelo da CPU...
[20:12:31.415] [Part 08] Checking modelo da CPU...
[20:12:31.452] [Part 02] Checking modelo da CPU...
[20:12:31.459] [Part 05] Checking modelo da CPU...
[20:12:31.516] [Part 04] Checking modelo da CPU...
[20:12:31.549] [Part 06] Checking modelo da CPU...
[20:12:31.577] [Part 09] Checking modelo da CPU...
[20:12:32.404] [Part 05] CPU found: Intel(R) Xeon(R) Platinum 8259CL CPU @ 2.50GHz
[20:12:32.533] [Part 02] CPU found: Intel(R) Xeon(R) Platinum 8259CL CPU @ 2.50GHz
[20:12:32.545] [Part 07] CPU found: Intel(R) Xeon(R) Platinum 8259CL CPU @ 2.50GHz
[20:12:32.687] [Part 09] CPU found: Intel(R) Xeon(R) Platinum 8259CL CPU @ 2.50GHz
[20:12:32.689] [Part 08] CPU found: Intel(R) Xeon(R) Platinum 8259CL CPU @ 2.50GHz
[20:12:32.791] [Part 04] CPU found: Intel(R) Xeon(R) Platinum 8259CL CPU @ 2.50GHz
[20:12:32.810] [Part 06] CPU found: Intel(R) Xeon(R) Platinum 8259CL CPU @ 2.50GHz
[20:12:32.899] [Part 05] Sending file...
[20:12:33.013] [Part 07] Sending file...
[20:12:33.015] [Part 02] Sending file...
[20:12:33.165] [Part 09] Sending file...
[20:12:33.167] [Part 08] Sending file...
[20:12:33.271] [Part 04] Sending file...
[20:12:33.297] [Part 06] Sending file...
[20:12:34.515] [Part 05] Running compression...
[20:12:34.550] [Part 02] Running compression...
[20:12:34.720] [Part 04] Running compression...
[20:12:34.734] [Part 07] Running compression...
[20:12:34.817] [Part 08] Running compression...
[20:12:34.988] [Part 06] Running compression...
[20:12:35.789] [Part 09] Running compression...
[20:12:38.877] [Part 00] Checking modelo da CPU...
[20:12:40.289] [Part 00] CPU found: Intel(R) Xeon(R) Platinum 8259CL CPU @ 2.50GHz
[20:12:40.755] [Part 00] Sending file...
[20:12:42.626] [Part 01] Checking modelo da CPU...
[20:12:42.700] [Part 03] Checking modelo da CPU...
[20:12:43.538] [Part 00] Running compression...
[20:12:44.006] [Part 01] CPU found: Intel(R) Xeon(R) Platinum 8259CL CPU @ 2.50GHz
[20:12:44.033] [Part 03] CPU found: Intel(R) Xeon(R) Platinum 8259CL CPU @ 2.50GHz
[20:12:44.474] [Part 01] Sending file...
[20:12:44.501] [Part 03] Sending file...
[20:12:44.835] [Part 08] Download do arquivo comprimido...
[20:12:44.992] [Part 05] Download do arquivo comprimido...
[20:12:46.107] [Part 03] Running compression...
[20:12:46.184] [Part 01] Running compression...
[20:12:46.317] [Part 04] Download do arquivo comprimido...
[20:12:46.705] [Part 09] Download do arquivo comprimido...
[20:12:47.790] [Part 08] Instance terminated.
[20:12:47.946] [Part 07] Download do arquivo comprimido...
[20:12:48.021] [Part 05] Instance terminated.
[20:12:48.092] [Part 02] Download do arquivo comprimido...
[20:12:48.461] [Part 06] Download do arquivo comprimido...
[20:12:49.371] [Part 04] Instance terminated.
[20:12:49.642] [Part 09] Instance terminated.
[20:12:51.040] [Part 07] Instance terminated.
[20:12:51.131] [Part 02] Instance terminated.
[20:12:51.720] [Part 06] Instance terminated.
[20:12:55.262] [Part 00] Download do arquivo comprimido...
[20:12:58.169] [Part 00] Instance terminated.
[20:12:59.642] [Part 01] Download do arquivo comprimido...
[20:13:02.657] [Part 01] Instance terminated.
[20:13:03.317] [Part 03] Download do arquivo comprimido...
[20:13:06.485] [Part 03] Instance terminated.
[20:13:06.492] 🎉 Processamento Fase 2 (Paralelo) completed!
Log start: Fri Feb 27 20:11:40 2026
Log end: Fri Feb 27 20:13:06 2026

============================================================
RESULTS — t3 Horizontal
  Total Time:    86.04s
  Setup Time:    54.06s
  Encoding Time: 31.98s
============================================================
