[23:38:31.741] 
======================================================================
[23:38:31.741] TRIAL 1 — 10x m5.large | 60s chunks | 1080p_v2
[23:38:31.741]   Pipeline: batches of 10, SFTP capped at 10 concurrent
[23:38:31.741] ======================================================================
[23:38:31.741] [Setup] Starting video split...
[23:38:31.788] [Setup] Video: 596.5s, 1920x1080 → 10 parts of 59.6s each
[23:38:33.795] [Setup] Video split complete.
[23:38:33.795] [Pipeline] 
>>> BATCH 1/1: parts [0, 1, 2, 3, 4, 5, 6, 7, 8, 9] <<<
[23:38:33.795] [Pipeline] Provisioning...
[23:38:34.590] [Part 00] Launching m5.large...
[23:38:34.594] [Part 01] Launching m5.large...
[23:38:34.596] [Part 03] Launching m5.large...
[23:38:34.606] [Part 04] Launching m5.large...
[23:38:34.613] [Part 08] Launching m5.large...
[23:38:34.620] [Part 06] Launching m5.large...
[23:38:34.627] [Part 09] Launching m5.large...
[23:38:34.633] [Part 05] Launching m5.large...
[23:38:34.639] [Part 02] Launching m5.large...
[23:38:34.647] [Part 07] Launching m5.large...
[23:38:52.384] [Part 01] Instance up (17.8s). IP: 174.129.188.230
[23:38:52.401] [Part 06] Instance up (17.8s). IP: 3.87.19.112
[23:38:52.410] [Part 00] Instance up (17.8s). IP: 18.215.254.243
[23:38:52.411] [Part 05] Instance up (17.8s). IP: 98.87.156.37
[23:38:52.421] [Part 08] Instance up (17.8s). IP: 54.145.110.14
[23:38:52.516] [Part 04] Instance up (17.9s). IP: 34.201.123.199
[23:38:52.601] [Part 02] Instance up (18.0s). IP: 54.89.15.186
[23:38:52.614] [Part 03] Instance up (18.0s). IP: 34.235.132.162
[23:38:52.622] [Part 07] Instance up (18.0s). IP: 34.239.182.164
[23:38:52.659] [Part 09] Instance up (18.0s). IP: 54.147.100.98
[23:39:18.820] [Pipeline] Uploading...
[23:39:45.283] [Part 01] Upload: 25.6s
[23:39:50.820] [Part 06] Upload: 31.1s
[23:40:02.774] [Part 02] Upload: 42.9s
[23:40:09.561] [Part 08] Upload: 49.8s
[23:40:10.919] [Part 03] Upload: 51.0s
[23:40:16.442] [Part 05] Upload: 56.7s
[23:40:16.491] [Part 07] Upload: 56.6s
[23:40:16.590] [Part 04] Upload: 56.8s
[23:40:16.593] [Part 00] Upload: 56.8s
[23:40:18.163] [Part 09] Upload: 58.2s
[23:40:18.163] [Pipeline] Starting encodes...
[23:40:18.486] [Part 00] Encode started
[23:40:18.756] [Part 01] Encode started
[23:40:19.034] [Part 02] Encode started
[23:40:19.313] [Part 03] Encode started
[23:40:19.588] [Part 04] Encode started
[23:40:19.863] [Part 05] Encode started
[23:40:20.138] [Part 06] Encode started
[23:40:20.407] [Part 07] Encode started
[23:40:20.692] [Part 08] Encode started
[23:40:20.962] [Part 09] Encode started
[23:40:20.962] [Pipeline] 
Collecting final batch results...
[23:43:09.362] [Part 00] Encode done: 170.9s
[23:43:22.452] [Part 00] Download: 12.5s
[23:43:23.560] [Part 00] Terminated
[23:43:23.561] [Part 01] Encode done: 184.8s
[23:43:33.652] [Part 01] Download: 9.7s
[23:43:34.743] [Part 01] Terminated
[23:43:34.744] [Part 02] Encode done: 195.7s
[23:43:44.293] [Part 02] Download: 9.1s
[23:43:45.397] [Part 02] Terminated
[23:43:45.398] [Part 03] Encode done: 206.1s
[23:43:55.633] [Part 03] Download: 9.8s
[23:43:56.684] [Part 03] Terminated
[23:43:56.685] [Part 04] Encode done: 217.1s
[23:44:06.176] [Part 04] Download: 9.1s
[23:44:07.272] [Part 04] Terminated
[23:44:07.273] [Part 05] Encode done: 227.4s
[23:44:13.084] [Part 05] Download: 5.4s
[23:44:14.212] [Part 05] Terminated
[23:44:14.213] [Part 06] Encode done: 234.1s
[23:44:20.456] [Part 06] Download: 5.8s
[23:44:21.645] [Part 06] Terminated
[23:44:21.646] [Part 07] Encode done: 241.2s
[23:44:35.439] [Part 07] Download: 13.2s
[23:44:36.851] [Part 07] Terminated
[23:44:36.852] [Part 08] Encode done: 256.2s
[23:44:43.694] [Part 08] Download: 6.4s
[23:44:44.784] [Part 08] Terminated
[23:44:44.785] [Part 09] Encode done: 263.8s
[23:44:54.453] [Part 09] Download: 9.2s
[23:44:55.528] [Part 09] Terminated
[23:44:55.529] 
──────────────────────────────────────────────────
[23:44:55.529] TRIAL 1 RESULTS — 1080p_v2_m5.large_60s
[23:44:55.529]   Total Time:    383.79s  (6.396 min)
[23:44:55.529]   Split Time:    2.05s
[23:44:55.529]   Parallel Time: 381.73s  (6.362 min)
[23:44:55.529]   Avg Encode:    219.73s
[23:44:55.529]   Avg Provision: 17.89s
[23:44:55.529]   Avg Upload:    48.55s
[23:44:55.529]   Avg Download:  9.04s
[23:44:55.529]   Max Encode:    263.82s (bottleneck part)
[23:44:55.529] ──────────────────────────────────────────────────

[23:44:55.529] 
>>> Completed 1/1 trials <<<

