[22:27:19.763] 
======================================================================
[22:27:19.763] TRIAL 1 — 20x m5.large | 30s chunks | 1080p
[22:27:19.763]   Pipeline: batches of 10, SFTP capped at 10 concurrent
[22:27:19.763] ======================================================================
[22:27:19.763] [Setup] Starting video split...
[22:27:19.809] [Setup] Video: 596.5s, 1920x1080 → 20 parts of 29.8s each
[22:27:25.509] [Setup] Video split complete.
[22:27:25.509] [Pipeline] 
>>> BATCH 1/2: parts [0, 1, 2, 3, 4, 5, 6, 7, 8, 9] <<<
[22:27:25.509] [Pipeline] Provisioning...
[22:27:26.387] [Part 09] Launching m5.large...
[22:27:26.410] [Part 07] Launching m5.large...
[22:27:26.454] [Part 08] Launching m5.large...
[22:27:26.459] [Part 02] Launching m5.large...
[22:27:26.467] [Part 01] Launching m5.large...
[22:27:26.480] [Part 05] Launching m5.large...
[22:27:26.482] [Part 00] Launching m5.large...
[22:27:26.488] [Part 06] Launching m5.large...
[22:27:26.496] [Part 03] Launching m5.large...
[22:27:26.502] [Part 04] Launching m5.large...
[22:27:44.085] [Part 09] Instance up (17.7s). IP: 54.80.27.14
[22:27:44.088] [Part 08] Instance up (17.6s). IP: 52.90.25.138
[22:27:44.138] [Part 07] Instance up (17.7s). IP: 100.54.216.239
[22:27:44.247] [Part 06] Instance up (17.8s). IP: 52.23.222.91
[22:27:44.260] [Part 02] Instance up (17.8s). IP: 54.162.61.239
[22:27:44.312] [Part 01] Instance up (17.8s). IP: 54.152.141.42
[22:27:44.315] [Part 00] Instance up (17.8s). IP: 54.173.208.62
[22:27:44.359] [Part 04] Instance up (17.9s). IP: 34.238.174.109
[22:27:44.360] [Part 05] Instance up (17.9s). IP: 18.212.130.77
[22:27:44.422] [Part 03] Instance up (17.9s). IP: 54.90.160.40
[22:28:10.530] [Pipeline] Uploading...
[22:28:18.857] [Part 08] Upload: 7.9s
[22:28:20.128] [Part 02] Upload: 8.9s
[22:28:35.146] [Part 04] Upload: 23.5s
[22:28:35.490] [Part 03] Upload: 23.7s
[22:28:36.233] [Part 05] Upload: 24.5s
[22:28:37.288] [Part 07] Upload: 25.9s
[22:28:37.945] [Part 06] Upload: 26.2s
[22:28:39.366] [Part 09] Upload: 28.0s
[22:28:40.425] [Part 01] Upload: 28.8s
[22:28:42.605] [Part 00] Upload: 31.0s
[22:28:42.606] [Pipeline] Starting encodes...
[22:28:43.007] [Part 00] Encode started
[22:28:43.288] [Part 01] Encode started
[22:28:43.487] [Part 02] Encode started
[22:28:43.755] [Part 03] Encode started
[22:28:44.030] [Part 04] Encode started
[22:28:44.317] [Part 05] Encode started
[22:28:44.593] [Part 06] Encode started
[22:28:44.868] [Part 07] Encode started
[22:28:45.137] [Part 08] Encode started
[22:28:45.414] [Part 09] Encode started
[22:28:45.414] [Pipeline] 
>>> BATCH 2/2: parts [10, 11, 12, 13, 14, 15, 16, 17, 18, 19] <<<
[22:28:45.414] [Pipeline] Provisioning...
[22:28:45.429] [Part 10] Launching m5.large...
[22:28:45.432] [Part 11] Launching m5.large...[22:28:45.433] [Part 12] Launching m5.large...

[22:28:45.681] [Part 14] Launching m5.large...[22:28:45.687] [Part 16] Launching m5.large...[22:28:45.439] [Part 13] Launching m5.large...[22:28:45.695] [Part 15] Launching m5.large...[22:28:45.699] [Part 18] Launching m5.large...[22:28:45.689] [Part 17] Launching m5.large...
[22:28:45.700] [Part 19] Launching m5.large...





[22:29:03.320] [Part 10] Instance up (17.9s). IP: 18.206.180.98
[22:29:03.425] [Part 18] Instance up (17.7s). IP: 54.243.23.52
[22:29:03.426] [Part 16] Instance up (17.7s). IP: 54.166.219.208
[22:29:03.451] [Part 11] Instance up (18.0s). IP: 184.72.83.223
[22:29:03.475] [Part 12] Instance up (18.0s). IP: 54.224.216.40
[22:29:03.527] [Part 13] Instance up (18.1s). IP: 3.87.17.157
[22:29:03.549] [Part 19] Instance up (17.8s). IP: 75.101.223.39
[22:29:03.575] [Part 17] Instance up (17.9s). IP: 54.81.90.187
[22:29:03.945] [Part 15] Instance up (18.2s). IP: 54.205.184.235
[22:29:03.995] [Part 14] Instance up (18.3s). IP: 100.55.10.21
[22:29:30.124] [Pipeline] Uploading...
[22:29:49.054] [Part 16] Upload: 18.5s
[22:29:56.022] [Part 19] Upload: 25.1s
[22:29:56.542] [Part 17] Upload: 26.0s
[22:29:59.570] [Part 13] Upload: 28.8s
[22:30:01.176] [Part 10] Upload: 30.5s
[22:30:01.688] [Part 12] Upload: 30.9s
[22:30:02.280] [Part 11] Upload: 31.6s
[22:30:02.582] [Part 15] Upload: 31.3s
[22:30:05.137] [Part 14] Upload: 33.5s
[22:30:12.662] [Part 18] Upload: 41.9s
[22:30:12.663] [Pipeline] Starting encodes...
[22:30:12.940] [Part 10] Encode started
[22:30:13.210] [Part 11] Encode started
[22:30:13.484] [Part 12] Encode started
[22:30:13.765] [Part 13] Encode started
[22:30:14.038] [Part 14] Encode started
[22:30:14.305] [Part 15] Encode started
[22:30:14.574] [Part 16] Encode started
[22:30:14.842] [Part 17] Encode started
[22:30:15.113] [Part 18] Encode started
[22:30:15.391] [Part 19] Encode started
[22:30:15.391] [Pipeline] Collecting previous batch results...
[22:30:15.391] [Part 00] Encode done: 92.4s
[22:30:23.704] [Part 00] Download: 7.9s
[22:30:24.900] [Part 00] Terminated
[22:30:24.901] [Part 01] Encode done: 101.6s
[22:30:39.892] [Part 01] Download: 14.5s
[22:30:41.695] [Part 01] Terminated
[22:30:41.696] [Part 02] Encode done: 118.2s
[22:30:54.314] [Part 02] Download: 12.1s
[22:30:55.327] [Part 02] Terminated
[22:30:55.329] [Part 03] Encode done: 131.6s
[22:31:06.189] [Part 03] Download: 10.4s
[22:31:07.227] [Part 03] Terminated
[22:31:07.228] [Part 04] Encode done: 143.2s
[22:31:12.934] [Part 04] Download: 5.3s
[22:31:14.044] [Part 04] Terminated
[22:31:14.045] [Part 05] Encode done: 149.7s
[22:31:22.238] [Part 05] Download: 7.7s
[22:31:23.296] [Part 05] Terminated
[22:31:23.297] [Part 06] Encode done: 158.7s
[22:31:33.373] [Part 06] Download: 9.6s
[22:31:34.443] [Part 06] Terminated
[22:31:34.444] [Part 07] Encode done: 169.6s
[22:31:45.163] [Part 07] Download: 10.3s
[22:31:46.183] [Part 07] Terminated
[22:31:46.184] [Part 08] Encode done: 181.0s
[22:31:56.445] [Part 08] Download: 9.9s
[22:31:57.589] [Part 08] Terminated
[22:31:57.589] [Part 09] Encode done: 192.2s
[22:32:08.298] [Part 09] Download: 10.3s
[22:32:09.326] [Part 09] Terminated
[22:32:09.327] [Pipeline] 
Collecting final batch results...
[22:32:09.328] [Part 10] Encode done: 116.4s
[22:32:21.759] [Part 10] Download: 12.0s
[22:32:22.836] [Part 10] Terminated
[22:32:22.837] [Part 11] Encode done: 129.6s
[22:32:35.703] [Part 11] Download: 12.5s
[22:32:36.770] [Part 11] Terminated
[22:32:36.771] [Part 12] Encode done: 143.3s
[22:32:48.553] [Part 12] Download: 11.3s
[22:32:49.606] [Part 12] Terminated
[22:32:49.607] [Part 13] Encode done: 155.8s
[22:32:56.318] [Part 13] Download: 6.3s
[22:32:57.533] [Part 13] Terminated
[22:32:57.534] [Part 14] Encode done: 163.5s
[22:33:06.458] [Part 14] Download: 8.4s
[22:33:07.585] [Part 14] Terminated
[22:33:07.586] [Part 15] Encode done: 173.3s
[22:33:20.097] [Part 15] Download: 12.1s
[22:33:21.174] [Part 15] Terminated
[22:33:21.175] [Part 16] Encode done: 186.6s
[22:33:32.293] [Part 16] Download: 10.7s
[22:33:33.617] [Part 16] Terminated
[22:33:33.618] [Part 17] Encode done: 198.8s
[22:33:44.102] [Part 17] Download: 10.1s
[22:33:45.155] [Part 17] Terminated
[22:33:45.156] [Part 18] Encode done: 210.0s
[22:33:50.196] [Part 18] Download: 4.6s
[22:33:51.269] [Part 18] Terminated
[22:33:51.270] [Part 19] Encode done: 215.9s
[22:34:05.090] [Part 19] Download: 13.4s
[22:34:06.133] [Part 19] Terminated
[22:34:06.135] 
──────────────────────────────────────────────────
[22:34:06.135] TRIAL 1 RESULTS — 1080p_m5.large_30s
[22:34:06.135]   Total Time:    406.37s  (6.773 min)
[22:34:06.135]   Split Time:    5.75s
[22:34:06.135]   Parallel Time: 400.63s  (6.677 min)
[22:34:06.135]   Avg Encode:    156.57s
[22:34:06.135]   Avg Provision: 17.89s
[22:34:06.135]   Avg Upload:    26.33s
[22:34:06.135]   Avg Download:  9.97s
[22:34:06.135]   Max Encode:    215.88s (bottleneck part)
[22:34:06.135] ──────────────────────────────────────────────────

[22:34:06.135] 
>>> Completed 1/1 trials <<<

