[22:10:43.444] [c7g.large-Horiz-libvpx-vp9-R26] === Horizontal c7g.large libvpx-vp9 Run 26 ===
[22:10:43.445] [c7g.large-Horiz-libvpx-vp9-R26] Parts dir: /home/breno/doutorado/ec2sweetspot_noms2/artifacts2/phase3_scaling/video_parts_c7g_large_libvpx-vp9
[22:10:45.409] [R26-P03] Instance i-0671b38bc38e00602 launched, waiting...
[22:10:45.435] [R26-P08] Instance i-01cab64582807f219 launched, waiting...
[22:10:45.437] [R26-P02] Instance i-0401a987fdb227b52 launched, waiting...
[22:10:45.442] [R26-P06] Instance i-05762e2dd8014946e launched, waiting...
[22:10:45.444] [R26-P09] Instance i-0c71b958af4900567 launched, waiting...
[22:10:45.484] [R26-P01] Instance i-0f13e12d6474be2fb launched, waiting...
[22:10:45.496] [R26-P05] Instance i-0e66943d92ef62742 launched, waiting...
[22:10:48.855] [R26-P07] Instance i-07483335a3ead5ed4 launched, waiting...
[22:10:48.999] [R26-P04] Instance i-04af0281f46549af9 launched, waiting...
[22:10:49.001] [R26-P00] Instance i-0c18b54069ecf7d0e launched, waiting...
[22:11:01.576] [R26-P02] Instance ready. IP: 54.236.10.176
[22:11:01.667] [R26-P05] Instance ready. IP: 54.209.39.247
[22:11:01.746] [R26-P09] Instance ready. IP: 18.232.86.149
[22:11:01.747] [R26-P01] Instance ready. IP: 35.174.16.7
[22:11:01.803] [R26-P03] Instance ready. IP: 52.90.106.198
[22:11:01.864] [R26-P08] Instance ready. IP: 34.207.249.20
[22:11:02.875] [R26-P06] Instance ready. IP: 3.85.80.123
[22:11:05.606] [R26-P07] Instance ready. IP: 54.237.247.18
[22:11:05.672] [R26-P00] Instance ready. IP: 54.157.2.16
[22:11:05.673] [R26-P04] Instance ready. IP: 98.83.107.103
[22:11:32.396] [R26-P03] SSH connected.
[22:11:32.397] [R26-P08] SSH connected.
[22:11:32.397] [R26-P05] SSH connected.
[22:11:32.397] [R26-P02] SSH connected.
[22:11:32.397] [R26-P09] SSH connected.
[22:11:32.566] [R26-P01] SSH connected.
[22:11:32.780] [R26-P06] SSH connected.
[22:11:34.944] [R26-P07] SSH connected.
[22:11:34.946] [R26-P00] SSH connected.
[22:11:36.427] [R26-P04] SSH connected.
[22:11:37.895] [R26-P09] Waiting for SFTP slot...
[22:11:37.907] [R26-P08] Waiting for SFTP slot...
[22:11:37.960] [R26-P03] Waiting for SFTP slot...
[22:11:37.990] [R26-P01] Waiting for SFTP slot...
[22:11:38.185] [R26-P06] Waiting for SFTP slot...
[22:11:38.387] [R26-P05] Waiting for SFTP slot...
[22:11:38.619] [R26-P02] Waiting for SFTP slot...
[22:11:39.432] [R26-P07] Waiting for SFTP slot...
[22:11:39.432] [R26-P00] Waiting for SFTP slot...
[22:11:39.432] [R26-P04] Waiting for SFTP slot...
[22:12:41.212] [R26-P09] Uploading segment...
[22:12:41.506] [R26-P08] Uploading segment...
[22:12:43.542] [R26-P03] Uploading segment...
[22:12:44.341] [R26-P01] Uploading segment...
[22:12:49.173] [R26-P06] Uploading segment...
[22:12:50.098] [R26-P05] Uploading segment...
[22:12:52.027] [R26-P02] Uploading segment...
[22:12:53.507] [R26-P07] Uploading segment...
[22:13:16.538] [R26-P00] Uploading segment...
[22:13:18.241] [R26-P09] Running compression...
[22:13:18.241] [R26-P04] Uploading segment...
[22:13:18.941] [R26-P03] Running compression...
[22:13:20.213] [R26-P08] Running compression...
[22:13:22.031] [R26-P02] Running compression...
[22:13:22.283] [R26-P05] Running compression...
[22:13:22.578] [R26-P06] Running compression...
[22:13:26.124] [R26-P07] Running compression...
[22:13:26.820] [R26-P01] Running compression...
[22:13:38.908] [R26-P00] Running compression...
[22:13:43.098] [R26-P04] Running compression...
[22:13:49.054] [R26-P09] Done! (185.5s)
[22:13:51.609] [R26-P09] Instance terminated.
[22:13:54.527] [R26-P05] Done! (191.0s)
[22:13:55.699] [R26-P01] Done! (192.2s)
[22:13:56.329] [R26-P05] Instance terminated.
[22:13:56.835] [R26-P03] Done! (193.4s)
[22:13:57.027] [R26-P01] Instance terminated.
[22:13:57.987] [R26-P03] Instance terminated.
[22:13:58.043] [R26-P02] Done! (194.6s)
[22:13:59.954] [R26-P02] Instance terminated.
[22:14:02.536] [R26-P06] Done! (199.0s)
[22:14:03.742] [R26-P06] Instance terminated.
[22:14:05.067] [R26-P07] Done! (201.6s)
[22:14:06.761] [R26-P07] Instance terminated.
[22:14:17.433] [R26-P00] Done! (214.0s)
[22:14:18.255] [R26-P04] Done! (214.8s)
[22:14:18.584] [R26-P00] Instance terminated.
[22:14:19.440] [R26-P04] Instance terminated.
[22:14:30.103] [R26-P08] Done! (226.6s)
[22:14:31.181] [R26-P08] Instance terminated.
[22:14:31.186] [c7g.large-Horiz-libvpx-vp9-R26] ============================================================
[22:14:31.186] [c7g.large-Horiz-libvpx-vp9-R26] RESULTS — 10x c7g.large Horizontal libvpx-vp9
[22:14:31.186] [c7g.large-Horiz-libvpx-vp9-R26]   Total Time:    227.74s (3.80 min)
[22:14:31.186] [c7g.large-Horiz-libvpx-vp9-R26] ============================================================
