[22:08:18.434] [c7g.large-Horiz-libvpx-vp9-R20] === Horizontal c7g.large libvpx-vp9 Run 20 ===
[22:08:18.434] [c7g.large-Horiz-libvpx-vp9-R20] Parts dir: /home/breno/doutorado/ec2sweetspot_noms2/artifacts2/phase3_scaling/video_parts_c7g_large_libvpx-vp9
[22:08:20.368] [R20-P01] Instance i-0df4b855de7225574 launched, waiting...
[22:08:20.398] [R20-P09] Instance i-0d1c98dc924ca01d6 launched, waiting...
[22:08:20.625] [R20-P08] Instance i-0ace5182a73d65c54 launched, waiting...
[22:08:23.075] [R20-P05] Instance i-0955361f605910f59 launched, waiting...
[22:08:23.201] [R20-P00] Instance i-0c768827859216fba launched, waiting...
[22:08:23.269] [R20-P04] Instance i-04e2b8d471091102c launched, waiting...
[22:08:23.445] [R20-P03] Instance i-0af6d84b1ab9a9f47 launched, waiting...
[22:08:25.605] [R20-P02] Instance i-0e3573c40bad4ee6a launched, waiting...
[22:08:27.251] [R20-P07] Instance i-02c8bee872b3b19e9 launched, waiting...
[22:08:36.712] [R20-P09] Instance ready. IP: 54.146.144.51
[22:08:36.732] [R20-P01] Instance ready. IP: 34.238.165.243
[22:08:37.228] [R20-P08] Instance ready. IP: 18.212.142.135
[22:08:39.097] [R20-P04] Instance ready. IP: 18.208.232.211
[22:08:39.304] [R20-P05] Instance ready. IP: 100.54.197.64
[22:08:39.450] [R20-P00] Instance ready. IP: 54.167.85.184
[22:08:40.024] [R20-P03] Instance ready. IP: 204.236.248.15
[22:08:40.327] [R20-P06] ERROR: An error occurred (RequestLimitExceeded) when calling the RunInstances operation (reached max retries: 4): Request limit exceeded. Account 460964766037 has been throttled on ec2:RunInstances because it exceeded its request rate limit.
[22:08:41.393] [R20-P02] Instance ready. IP: 98.87.20.189
[22:08:43.246] [R20-P07] Instance ready. IP: 107.23.244.70
[22:09:03.083] [R20-P09] SSH connected.
[22:09:03.558] [R20-P08] SSH connected.
[22:09:03.658] [R20-P01] SSH connected.
[22:09:04.475] [R20-P09] Waiting for SFTP slot...
[22:09:04.769] [R20-P01] Waiting for SFTP slot...
[22:09:04.962] [R20-P08] Waiting for SFTP slot...
[22:09:05.378] [R20-P04] SSH connected.
[22:09:05.615] [R20-P05] SSH connected.
[22:09:05.728] [R20-P00] SSH connected.
[22:09:06.415] [R20-P03] SSH connected.
[22:09:06.781] [R20-P05] Waiting for SFTP slot...
[22:09:06.904] [R20-P04] Waiting for SFTP slot...
[22:09:07.110] [R20-P00] Waiting for SFTP slot...
[22:09:08.148] [R20-P02] SSH connected.
[22:09:08.161] [R20-P03] Waiting for SFTP slot...
[22:09:09.499] [R20-P07] SSH connected.
[22:09:09.657] [R20-P02] Waiting for SFTP slot...
[22:09:10.716] [R20-P07] Waiting for SFTP slot...
[22:09:29.717] [R20-P09] Uploading segment...
[22:09:30.744] [R20-P01] Uploading segment...
[22:09:30.904] [R20-P08] Uploading segment...
[22:09:30.989] [R20-P05] Uploading segment...
[22:09:31.105] [R20-P04] Uploading segment...
[22:09:31.786] [R20-P09] Running compression...
[22:09:31.786] [R20-P00] Uploading segment...
[22:09:33.452] [R20-P04] Running compression...
[22:09:33.452] [R20-P03] Uploading segment...
[22:09:33.971] [R20-P05] Running compression...
[22:09:33.980] [R20-P02] Uploading segment...
[22:09:34.052] [R20-P07] Uploading segment...
[22:09:37.724] [R20-P03] Running compression...
[22:09:38.498] [R20-P01] Running compression...
[22:09:38.746] [R20-P02] Running compression...
[22:09:38.863] [R20-P07] Running compression...
[22:09:39.319] [R20-P08] Running compression...
[22:09:40.110] [R20-P00] Running compression...
[22:10:01.769] [R20-P09] Done! (103.3s)
[22:10:03.148] [R20-P09] Instance terminated.
[22:10:04.497] [R20-P05] Done! (106.0s)
[22:10:05.816] [R20-P05] Instance terminated.
[22:10:06.076] [R20-P01] Done! (107.6s)
[22:10:07.638] [R20-P01] Instance terminated.
[22:10:10.486] [R20-P04] Done! (112.0s)
[22:10:11.659] [R20-P04] Instance terminated.
[22:10:13.380] [R20-P08] Done! (114.9s)
[22:10:15.436] [R20-P08] Instance terminated.
[22:10:15.530] [R20-P02] Done! (117.1s)
[22:10:15.620] [R20-P03] Done! (117.2s)
[22:10:15.894] [R20-P07] Done! (117.4s)
[22:10:16.709] [R20-P02] Instance terminated.
[22:10:16.709] [R20-P03] Instance terminated.
[22:10:16.713] [R20-P00] Done! (118.2s)
[22:10:16.965] [R20-P07] Instance terminated.
[22:10:17.969] [R20-P00] Instance terminated.
[22:22:17.396] [c7g.large-Horiz-libvpx-vp9-R20] === Horizontal c7g.large libvpx-vp9 Run 20 ===
[22:22:17.396] [c7g.large-Horiz-libvpx-vp9-R20] Parts dir: /home/breno/doutorado/ec2sweetspot_noms2/artifacts2/phase3_scaling/video_parts_c7g_large_libvpx-vp9
[22:22:19.218] [R20-P00] Instance i-042411d8a0282b570 launched, waiting...
[22:22:19.339] [R20-P02] Instance i-08426ab2adebdcc25 launched, waiting...
[22:22:19.352] [R20-P09] Instance i-03da4446af73b79ac launched, waiting...
[22:22:19.355] [R20-P01] Instance i-003c7f3e759650c45 launched, waiting...
[22:22:19.365] [R20-P03] Instance i-0c3ec10015a175c52 launched, waiting...
[22:22:19.367] [R20-P07] Instance i-03cb90838d1a74f09 launched, waiting...
[22:22:19.388] [R20-P06] Instance i-0d12fba0380ea0509 launched, waiting...
[22:22:19.413] [R20-P05] Instance i-0159c0a39c93a59f7 launched, waiting...
[22:22:19.415] [R20-P04] Instance i-0f79b2220cf1e0100 launched, waiting...
[22:22:19.573] [R20-P08] Instance i-060d6d613945b820e launched, waiting...
[22:22:35.054] [R20-P00] Instance ready. IP: 52.91.82.230
[22:22:35.125] [R20-P01] Instance ready. IP: 34.230.8.99
[22:22:35.130] [R20-P03] Instance ready. IP: 54.224.211.152
[22:22:35.135] [R20-P02] Instance ready. IP: 52.23.254.222
[22:22:35.204] [R20-P07] Instance ready. IP: 3.88.86.54
[22:22:35.243] [R20-P09] Instance ready. IP: 52.206.62.124
[22:22:35.271] [R20-P06] Instance ready. IP: 54.198.167.123
[22:22:35.305] [R20-P05] Instance ready. IP: 23.20.130.30
[22:22:35.307] [R20-P04] Instance ready. IP: 54.91.124.218
[22:22:35.449] [R20-P08] Instance ready. IP: 18.234.213.156
[22:23:01.220] [R20-P00] SSH connected.
[22:23:01.274] [R20-P02] SSH connected.
[22:23:01.285] [R20-P01] SSH connected.
[22:23:01.314] [R20-P03] SSH connected.
[22:23:01.359] [R20-P07] SSH connected.
[22:23:01.367] [R20-P09] SSH connected.
[22:23:01.395] [R20-P05] SSH connected.
[22:23:01.401] [R20-P06] SSH connected.
[22:23:01.410] [R20-P04] SSH connected.
[22:23:01.520] [R20-P08] SSH connected.
[22:23:02.521] [R20-P00] Waiting for SFTP slot...
[22:23:02.521] [R20-P00] Uploading segment...
[22:23:02.534] [R20-P01] Waiting for SFTP slot...
[22:23:02.534] [R20-P01] Uploading segment...
[22:23:02.542] [R20-P09] Waiting for SFTP slot...
[22:23:02.542] [R20-P09] Uploading segment...
[22:23:02.578] [R20-P05] Waiting for SFTP slot...
[22:23:02.578] [R20-P05] Uploading segment...
[22:23:02.638] [R20-P02] Waiting for SFTP slot...
[22:23:02.638] [R20-P02] Uploading segment...
[22:23:02.703] [R20-P07] Waiting for SFTP slot...
[22:23:02.703] [R20-P07] Uploading segment...
[22:23:02.714] [R20-P04] Waiting for SFTP slot...
[22:23:02.714] [R20-P04] Uploading segment...
[22:23:02.717] [R20-P08] Waiting for SFTP slot...
[22:23:02.717] [R20-P08] Uploading segment...
[22:23:02.863] [R20-P06] Waiting for SFTP slot...
[22:23:02.863] [R20-P06] Uploading segment...
[22:23:02.972] [R20-P03] Waiting for SFTP slot...
[22:23:02.972] [R20-P03] Uploading segment...
[22:23:05.293] [R20-P00] Running compression...
[22:23:06.197] [R20-P05] Running compression...
[22:23:06.855] [R20-P09] Running compression...
[22:23:06.980] [R20-P01] Running compression...
[22:23:07.118] [R20-P02] Running compression...
[22:23:07.377] [R20-P08] Running compression...
[22:23:08.081] [R20-P04] Running compression...
[22:23:08.198] [R20-P07] Running compression...
[22:23:09.518] [R20-P06] Running compression...
[22:23:09.571] [R20-P03] Running compression...
[22:23:35.229] [R20-P01] Done! (77.8s)
[22:23:35.839] [R20-P01] Instance terminated.
[22:23:37.509] [R20-P09] Done! (80.0s)
[22:23:37.549] [R20-P05] Done! (80.1s)
[22:23:38.165] [R20-P09] Instance terminated.
[22:23:38.203] [R20-P05] Instance terminated.
[22:23:42.194] [R20-P08] Done! (84.7s)
[22:23:42.562] [R20-P02] Done! (85.1s)
[22:23:42.575] [R20-P00] Done! (85.2s)
[22:23:42.736] [R20-P08] Instance terminated.
[22:23:43.621] [R20-P00] Instance terminated.
[22:23:43.636] [R20-P02] Instance terminated.
[22:23:44.125] [R20-P04] Done! (86.7s)
[22:23:45.078] [R20-P06] Done! (87.6s)
[22:23:45.123] [R20-P04] Instance terminated.
[22:23:45.515] [R20-P07] Done! (88.0s)
[22:23:46.082] [R20-P06] Instance terminated.
[22:23:46.496] [R20-P07] Instance terminated.
[22:23:47.469] [R20-P03] Done! (90.0s)
[22:23:48.465] [R20-P03] Instance terminated.
[22:23:48.468] [c7g.large-Horiz-libvpx-vp9-R20] ============================================================
[22:23:48.468] [c7g.large-Horiz-libvpx-vp9-R20] RESULTS — 10x c7g.large Horizontal libvpx-vp9
[22:23:48.468] [c7g.large-Horiz-libvpx-vp9-R20]   Total Time:    91.07s (1.52 min)
[22:23:48.468] [c7g.large-Horiz-libvpx-vp9-R20] ============================================================
