[22:13:07.410] [c7g.large-Horiz-libvpx-vp9-R29] === Horizontal c7g.large libvpx-vp9 Run 29 ===
[22:13:07.410] [c7g.large-Horiz-libvpx-vp9-R29] Parts dir: /home/breno/doutorado/ec2sweetspot_noms2/artifacts2/phase3_scaling/video_parts_c7g_large_libvpx-vp9
[22:13:20.964] [R29-P07] Instance i-0fbd6d2f9435605c5 launched, waiting...
[22:13:20.967] [R29-P03] Instance i-0734b3621419a7e61 launched, waiting...
[22:13:20.969] [R29-P05] Instance i-04e8b483c303a7798 launched, waiting...
[22:13:20.977] [R29-P09] Instance i-0099625f192f7e17a launched, waiting...
[22:13:20.980] [R29-P04] Instance i-0d558aa4d76075d31 launched, waiting...
[22:13:21.057] [R29-P02] Instance i-061506e518df38bb6 launched, waiting...
[22:13:21.092] [R29-P00] Instance i-03c8857dcedfc61f3 launched, waiting...
[22:13:21.094] [R29-P06] Instance i-05d65c65789f496a6 launched, waiting...
[22:13:30.980] [R29-P08] Instance i-0719419bc4caf5f6b launched, waiting...
[22:13:31.449] [R29-P01] Instance i-04e6d204593cbe47a launched, waiting...
[22:13:40.116] [R29-P00] Instance ready. IP: 18.234.71.38
[22:13:40.643] [R29-P05] Instance ready. IP: 34.207.135.4
[22:13:40.876] [R29-P07] Instance ready. IP: 13.220.220.172
[22:13:40.877] [R29-P09] Instance ready. IP: 54.91.239.248
[22:13:40.878] [R29-P04] Instance ready. IP: 18.234.71.179
[22:13:40.885] [R29-P06] Instance ready. IP: 184.73.120.221
[22:13:40.887] [R29-P03] Instance ready. IP: 23.22.230.50
[22:13:45.312] [R29-P02] Instance ready. IP: 98.86.112.177
[22:13:47.741] [R29-P08] Instance ready. IP: 98.83.221.74
[22:13:51.456] [R29-P01] Instance ready. IP: 3.90.37.244
[22:14:06.760] [R29-P00] SSH connected.
[22:14:07.095] [R29-P05] SSH connected.
[22:14:07.260] [R29-P04] SSH connected.
[22:14:07.260] [R29-P03] SSH connected.
[22:14:07.341] [R29-P06] SSH connected.
[22:14:07.363] [R29-P09] SSH connected.
[22:14:07.424] [R29-P07] SSH connected.
[22:14:08.129] [R29-P00] Waiting for SFTP slot...
[22:14:08.629] [R29-P03] Waiting for SFTP slot...
[22:14:08.721] [R29-P04] Waiting for SFTP slot...
[22:14:08.875] [R29-P09] Waiting for SFTP slot...
[22:14:09.050] [R29-P07] Waiting for SFTP slot...
[22:14:09.051] [R29-P06] Waiting for SFTP slot...
[22:14:09.118] [R29-P05] Waiting for SFTP slot...
[22:14:12.202] [R29-P02] SSH connected.
[22:14:13.352] [R29-P00] Uploading segment...
[22:14:13.685] [R29-P03] Uploading segment...
[22:14:14.158] [R29-P04] Uploading segment...
[22:14:14.254] [R29-P02] Waiting for SFTP slot...
[22:14:14.268] [R29-P08] SSH connected.
[22:14:15.393] [R29-P09] Uploading segment...
[22:14:15.684] [R29-P08] Waiting for SFTP slot...
[22:14:15.770] [R29-P07] Uploading segment...
[22:14:16.727] [R29-P06] Uploading segment...
[22:14:16.903] [R29-P05] Uploading segment...
[22:14:17.424] [R29-P03] Running compression...
[22:14:17.624] [R29-P01] SSH connected.
[22:14:18.322] [R29-P02] Uploading segment...
[22:14:18.673] [R29-P04] Running compression...
[22:14:18.674] [R29-P08] Uploading segment...
[22:14:18.925] [R29-P01] Waiting for SFTP slot...
[22:14:19.673] [R29-P00] Running compression...
[22:14:19.673] [R29-P01] Uploading segment...
[22:14:19.816] [R29-P06] Running compression...
[22:14:20.487] [R29-P05] Running compression...
[22:14:21.726] [R29-P01] Running compression...
[22:14:22.765] [R29-P07] Running compression...
[22:14:23.350] [R29-P08] Running compression...
[22:14:23.446] [R29-P09] Running compression...
[22:14:24.370] [R29-P02] Running compression...
[22:14:50.643] [R29-P01] Done! (103.2s)
[22:14:50.964] [R29-P05] Done! (103.5s)
[22:14:51.241] [R29-P01] Instance terminated.
[22:14:52.006] [R29-P05] Instance terminated.
[22:14:53.640] [R29-P09] Done! (106.2s)
[22:14:54.319] [R29-P03] Done! (106.9s)
[22:14:54.678] [R29-P09] Instance terminated.
[22:14:54.903] [R29-P06] Done! (107.5s)
[22:14:55.108] [R29-P04] Done! (107.7s)
[22:14:55.370] [R29-P03] Instance terminated.
[22:14:55.935] [R29-P00] Done! (108.5s)
[22:14:55.939] [R29-P06] Instance terminated.
[22:14:56.116] [R29-P04] Instance terminated.
[22:14:56.983] [R29-P00] Instance terminated.
[22:14:59.124] [R29-P08] Done! (111.7s)
[22:14:59.522] [R29-P02] Done! (112.1s)
[22:14:59.807] [R29-P07] Done! (112.3s)
[22:15:00.155] [R29-P08] Instance terminated.
[22:15:00.532] [R29-P02] Instance terminated.
[22:15:00.840] [R29-P07] Instance terminated.
[22:15:00.841] [c7g.large-Horiz-libvpx-vp9-R29] ============================================================
[22:15:00.842] [c7g.large-Horiz-libvpx-vp9-R29] RESULTS — 10x c7g.large Horizontal libvpx-vp9
[22:15:00.842] [c7g.large-Horiz-libvpx-vp9-R29]   Total Time:    113.43s (1.89 min)
[22:15:00.842] [c7g.large-Horiz-libvpx-vp9-R29] ============================================================
