[22:06:16.325] [c7g.large-Horiz-libvpx-vp9-R14] === Horizontal c7g.large libvpx-vp9 Run 14 ===
[22:06:16.325] [c7g.large-Horiz-libvpx-vp9-R14] Parts dir: /home/breno/doutorado/ec2sweetspot_noms2/artifacts2/phase3_scaling/video_parts_c7g_large_libvpx-vp9
[22:06:18.465] [R14-P01] Instance i-0554034af92b75ce8 launched, waiting...
[22:06:18.487] [R14-P05] Instance i-02c5c4956db7ca3a2 launched, waiting...
[22:06:18.492] [R14-P07] Instance i-0685711aea74921dc launched, waiting...
[22:06:18.506] [R14-P00] Instance i-082bcf9f77a30ebdf launched, waiting...
[22:06:20.437] [R14-P08] Instance i-09f466b88a7d1016f launched, waiting...
[22:06:21.185] [R14-P04] Instance i-04d99e4aa7f697f96 launched, waiting...
[22:06:22.213] [R14-P09] Instance i-076e3f87dbfc99408 launched, waiting...
[22:06:23.056] [R14-P06] Instance i-07c63f5183a928b02 launched, waiting...
[22:06:30.214] [R14-P03] Instance i-0ceb33f4b2955f011 launched, waiting...
[22:06:32.482] [R14-P02] Instance i-0116b70572a092726 launched, waiting...
[22:06:34.283] [R14-P01] Instance ready. IP: 54.152.247.139
[22:06:34.414] [R14-P00] Instance ready. IP: 54.224.34.20
[22:06:34.954] [R14-P05] Instance ready. IP: 54.165.8.66
[22:06:34.959] [R14-P07] Instance ready. IP: 34.201.139.41
[22:06:37.232] [R14-P08] Instance ready. IP: 98.81.109.243
[22:06:37.782] [R14-P04] Instance ready. IP: 54.204.189.3
[22:06:38.813] [R14-P09] Instance ready. IP: 3.86.6.226
[22:06:39.573] [R14-P06] Instance ready. IP: 98.87.159.28
[22:06:46.428] [R14-P03] Instance ready. IP: 54.87.240.45
[22:06:48.904] [R14-P02] Instance ready. IP: 54.174.171.90
[22:07:00.972] [R14-P01] SSH connected.
[22:07:01.065] [R14-P00] SSH connected.
[22:07:01.406] [R14-P05] SSH connected.
[22:07:01.470] [R14-P07] SSH connected.
[22:07:02.325] [R14-P01] Waiting for SFTP slot...
[22:07:02.496] [R14-P00] Waiting for SFTP slot...
[22:07:02.647] [R14-P05] Waiting for SFTP slot...
[22:07:02.647] [R14-P05] Uploading segment...
[22:07:03.020] [R14-P07] Waiting for SFTP slot...
[22:07:03.626] [R14-P08] SSH connected.
[22:07:04.197] [R14-P04] SSH connected.
[22:07:05.121] [R14-P08] Waiting for SFTP slot...
[22:07:05.426] [R14-P04] Waiting for SFTP slot...
[22:07:05.486] [R14-P09] SSH connected.
[22:07:06.477] [R14-P06] SSH connected.
[22:07:06.808] [R14-P09] Waiting for SFTP slot...
[22:07:08.078] [R14-P06] Waiting for SFTP slot...
[22:07:08.285] [R14-P01] Uploading segment...
[22:07:08.991] [R14-P05] Running compression...
[22:07:09.577] [R14-P00] Uploading segment...
[22:07:12.882] [R14-P03] SSH connected.
[22:07:14.098] [R14-P07] Uploading segment...
[22:07:14.220] [R14-P03] Waiting for SFTP slot...
[22:07:15.000] [R14-P01] Running compression...
[22:07:15.030] [R14-P08] Uploading segment...
[22:07:15.221] [R14-P02] SSH connected.
[22:07:16.923] [R14-P02] Waiting for SFTP slot...
[22:07:16.924] [R14-P04] Uploading segment...
[22:07:17.657] [R14-P09] Uploading segment...
[22:07:19.713] [R14-P00] Running compression...
[22:07:19.713] [R14-P06] Uploading segment...
[22:07:20.494] [R14-P07] Running compression...
[22:07:22.329] [R14-P04] Running compression...
[22:07:23.499] [R14-P08] Running compression...
[22:07:25.879] [R14-P09] Running compression...
[22:07:28.259] [R14-P03] Uploading segment...
[22:07:28.622] [R14-P06] Running compression...
[22:07:30.509] [R14-P02] Uploading segment...
[22:07:33.321] [R14-P03] Running compression...
[22:07:33.579] [R14-P02] Running compression...
[22:07:38.957] [R14-P05] Done! (82.6s)
[22:07:39.688] [R14-P05] Instance terminated.
[22:07:42.802] [R14-P01] Done! (86.4s)
[22:07:43.879] [R14-P01] Instance terminated.
[22:07:56.422] [R14-P00] Done! (100.1s)
[22:07:57.075] [R14-P07] Done! (100.7s)
[22:07:57.129] [R14-P08] Done! (100.7s)
[22:07:57.341] [R14-P04] Done! (101.0s)
[22:07:57.609] [R14-P00] Instance terminated.
[22:07:57.740] [R14-P09] Done! (101.4s)
[22:07:58.244] [R14-P07] Instance terminated.
[22:07:58.244] [R14-P08] Instance terminated.
[22:07:58.408] [R14-P04] Instance terminated.
[22:07:58.828] [R14-P09] Instance terminated.
[22:08:04.047] [R14-P06] Done! (107.7s)
[22:08:05.205] [R14-P06] Instance terminated.
[22:08:10.079] [R14-P02] Done! (113.7s)
[22:08:10.238] [R14-P03] Done! (113.9s)
[22:08:11.359] [R14-P03] Instance terminated.
[22:08:11.421] [R14-P02] Instance terminated.
[22:08:11.423] [c7g.large-Horiz-libvpx-vp9-R14] ============================================================
[22:08:11.423] [c7g.large-Horiz-libvpx-vp9-R14] RESULTS — 10x c7g.large Horizontal libvpx-vp9
[22:08:11.423] [c7g.large-Horiz-libvpx-vp9-R14]   Total Time:    115.10s (1.92 min)
[22:08:11.423] [c7g.large-Horiz-libvpx-vp9-R14] ============================================================
