[22:09:31.943] [c7g.large-Horiz-libvpx-vp9-R22] === Horizontal c7g.large libvpx-vp9 Run 22 ===
[22:09:31.943] [c7g.large-Horiz-libvpx-vp9-R22] Parts dir: /home/breno/doutorado/ec2sweetspot_noms2/artifacts2/phase3_scaling/video_parts_c7g_large_libvpx-vp9
[22:09:34.133] [R22-P00] Instance i-0aff590ea3c448fc6 launched, waiting...
[22:09:34.406] [R22-P03] Instance i-0a28b86797d36e9f2 launched, waiting...
[22:09:34.427] [R22-P01] Instance i-04bfa7fc7f049cf35 launched, waiting...
[22:09:34.996] [R22-P08] Instance i-09b109d1f4c42d07f launched, waiting...
[22:09:35.082] [R22-P04] Instance i-07c4d1ea347039642 launched, waiting...
[22:09:35.084] [R22-P06] Instance i-08ea6f7e72aadf114 launched, waiting...
[22:09:35.098] [R22-P02] Instance i-02d0570a3b1df153b launched, waiting...
[22:09:35.102] [R22-P07] Instance i-00ba9d48a4daae34d launched, waiting...
[22:09:37.893] [R22-P05] Instance i-07099f02abf2914cb launched, waiting...
[22:09:46.773] [R22-P09] Instance i-0c7d7c66e4e7b1e76 launched, waiting...
[22:09:50.603] [R22-P00] Instance ready. IP: 34.230.27.27
[22:09:50.663] [R22-P03] Instance ready. IP: 13.217.99.229
[22:09:50.721] [R22-P01] Instance ready. IP: 3.93.43.89
[22:09:50.921] [R22-P08] Instance ready. IP: 98.83.133.6
[22:09:50.944] [R22-P04] Instance ready. IP: 18.207.162.104
[22:09:50.964] [R22-P07] Instance ready. IP: 18.232.62.83
[22:09:51.095] [R22-P06] Instance ready. IP: 100.30.185.76
[22:09:51.119] [R22-P02] Instance ready. IP: 54.159.108.133
[22:09:53.897] [R22-P05] Instance ready. IP: 52.23.246.171
[22:10:02.785] [R22-P09] Instance ready. IP: 54.164.199.109
[22:10:16.707] [R22-P00] SSH connected.
[22:10:16.869] [R22-P03] SSH connected.
[22:10:16.924] [R22-P01] SSH connected.
[22:10:17.082] [R22-P04] SSH connected.
[22:10:17.099] [R22-P08] SSH connected.
[22:10:17.153] [R22-P07] SSH connected.
[22:10:17.282] [R22-P02] SSH connected.
[22:10:17.283] [R22-P06] SSH connected.
[22:10:18.799] [R22-P00] Waiting for SFTP slot...
[22:10:18.826] [R22-P03] Waiting for SFTP slot...
[22:10:19.097] [R22-P01] Waiting for SFTP slot...
[22:10:19.223] [R22-P00] Uploading segment...
[22:10:19.232] [R22-P03] Uploading segment...
[22:10:19.303] [R22-P01] Uploading segment...
[22:10:19.371] [R22-P07] Waiting for SFTP slot...
[22:10:19.387] [R22-P04] Waiting for SFTP slot...
[22:10:19.466] [R22-P02] Waiting for SFTP slot...
[22:10:19.503] [R22-P08] Waiting for SFTP slot...
[22:10:19.595] [R22-P06] Waiting for SFTP slot...
[22:10:20.715] [R22-P07] Uploading segment...
[22:10:20.827] [R22-P05] SSH connected.
[22:10:21.531] [R22-P04] Uploading segment...
[22:10:21.692] [R22-P02] Uploading segment...
[22:10:21.988] [R22-P05] Waiting for SFTP slot...
[22:10:22.934] [R22-P08] Uploading segment...
[22:10:23.381] [R22-P07] Running compression...
[22:10:23.381] [R22-P06] Uploading segment...
[22:10:25.561] [R22-P00] Running compression...
[22:10:26.070] [R22-P03] Running compression...
[22:10:26.654] [R22-P01] Running compression...
[22:10:28.097] [R22-P04] Running compression...
[22:10:28.551] [R22-P08] Running compression...
[22:10:29.059] [R22-P06] Running compression...
[22:10:29.059] [R22-P05] Uploading segment...
[22:10:29.079] [R22-P09] SSH connected.
[22:10:29.721] [R22-P02] Running compression...
[22:10:30.555] [R22-P09] Waiting for SFTP slot...
[22:10:37.631] [R22-P05] Running compression...
[22:10:44.490] [R22-P09] Uploading segment...
[22:10:51.659] [R22-P09] Running compression...
[22:10:54.257] [R22-P01] Done! (82.3s)
[22:10:54.851] [R22-P01] Instance terminated.
[22:11:01.608] [R22-P00] Done! (89.6s)
[22:11:02.424] [R22-P07] Done! (90.4s)
[22:11:03.189] [R22-P03] Done! (91.2s)
[22:11:03.835] [R22-P08] Done! (91.8s)
[22:11:03.983] [R22-P00] Instance terminated.
[22:11:04.151] [R22-P04] Done! (92.2s)
[22:11:04.209] [R22-P07] Instance terminated.
[22:11:05.252] [R22-P03] Instance terminated.
[22:11:05.845] [R22-P02] Done! (93.9s)
[22:11:06.045] [R22-P06] Done! (94.0s)
[22:11:06.843] [R22-P04] Instance terminated.
[22:11:06.844] [R22-P08] Instance terminated.
[22:11:07.576] [R22-P05] Done! (95.6s)
[22:11:08.608] [R22-P02] Instance terminated.
[22:11:09.642] [R22-P06] Instance terminated.
[22:11:25.739] [R22-P05] Instance terminated.
[22:11:27.562] [R22-P09] Done! (115.5s)
[22:11:33.097] [R22-P09] Instance terminated.
[22:11:33.101] [c7g.large-Horiz-libvpx-vp9-R22] ============================================================
[22:11:33.101] [c7g.large-Horiz-libvpx-vp9-R22] RESULTS — 10x c7g.large Horizontal libvpx-vp9
[22:11:33.101] [c7g.large-Horiz-libvpx-vp9-R22]   Total Time:    121.16s (2.02 min)
[22:11:33.101] [c7g.large-Horiz-libvpx-vp9-R22] ============================================================
