[22:00:43.820] [c7g.large-Horiz-libvpx-vp9-R02] === Horizontal c7g.large libvpx-vp9 Run 2 ===
[22:00:43.822] [c7g.large-Horiz-libvpx-vp9-R02] Parts dir: /home/breno/doutorado/ec2sweetspot_noms2/artifacts2/phase3_scaling/video_parts_c7g_large_libvpx-vp9
[22:00:58.959] [R02-P01] Instance i-0f64c47156c0d2915 launched, waiting...
[22:01:07.007] [R02-P00] ERROR: An error occurred (RequestLimitExceeded) when calling the RunInstances operation (reached max retries: 4): Request limit exceeded. Account 460964766037 has been throttled on ec2:RunInstances because it exceeded its request rate limit.
[22:01:07.838] [R02-P05] ERROR: An error occurred (RequestLimitExceeded) when calling the RunInstances operation (reached max retries: 4): Request limit exceeded. Account 460964766037 has been throttled on ec2:RunInstances because it exceeded its request rate limit.
[22:01:08.281] [R02-P02] ERROR: An error occurred (RequestLimitExceeded) when calling the RunInstances operation (reached max retries: 4): Request limit exceeded. Account 460964766037 has been throttled on ec2:RunInstances because it exceeded its request rate limit.
[22:01:11.222] [R02-P08] Instance i-066bc35af978bf242 launched, waiting...
[22:01:11.709] [R02-P04] ERROR: An error occurred (RequestLimitExceeded) when calling the RunInstances operation (reached max retries: 4): Request limit exceeded. Account 460964766037 has been throttled on ec2:RunInstances because it exceeded its request rate limit.
[22:01:12.188] [R02-P06] ERROR: An error occurred (RequestLimitExceeded) when calling the RunInstances operation (reached max retries: 4): Request limit exceeded. Account 460964766037 has been throttled on ec2:RunInstances because it exceeded its request rate limit.
[22:01:14.211] [R02-P03] ERROR: An error occurred (RequestLimitExceeded) when calling the RunInstances operation (reached max retries: 4): Request limit exceeded. Account 460964766037 has been throttled on ec2:RunInstances because it exceeded its request rate limit.
[22:01:14.801] [R02-P01] Instance ready. IP: 98.83.215.108
[22:01:14.840] [R02-P09] ERROR: An error occurred (RequestLimitExceeded) when calling the RunInstances operation (reached max retries: 4): Request limit exceeded. Account 460964766037 has been throttled on ec2:RunInstances because it exceeded its request rate limit.
[22:01:17.245] [R02-P07] ERROR: An error occurred (RequestLimitExceeded) when calling the RunInstances operation (reached max retries: 4): Request limit exceeded. Account 460964766037 has been throttled on ec2:RunInstances because it exceeded its request rate limit.
[22:01:27.253] [R02-P08] Instance ready. IP: 50.16.8.206
[22:01:41.440] [R02-P01] SSH connected.
[22:01:42.748] [R02-P01] Waiting for SFTP slot...
[22:01:44.048] [R02-P01] Uploading segment...
[22:01:50.609] [R02-P01] Running compression...
[22:01:54.406] [R02-P08] SSH connected.
[22:01:56.401] [R02-P08] Waiting for SFTP slot...
[22:02:09.022] [R02-P08] Uploading segment...
[22:02:19.073] [R02-P01] Done! (88.9s)
[22:02:19.918] [R02-P01] Instance terminated.
[22:02:22.317] [R02-P08] Running compression...
[22:02:56.235] [R02-P08] Done! (121.0s)
[22:02:57.565] [R02-P08] Instance terminated.
[22:16:13.268] [c7g.large-Horiz-libvpx-vp9-R02] === Horizontal c7g.large libvpx-vp9 Run 2 ===
[22:16:13.269] [c7g.large-Horiz-libvpx-vp9-R02] Parts dir: /home/breno/doutorado/ec2sweetspot_noms2/artifacts2/phase3_scaling/video_parts_c7g_large_libvpx-vp9
[22:16:19.624] [R02-P08] Instance i-0bf8387581a2b4817 launched, waiting...
[22:16:19.680] [R02-P03] Instance i-03b5f30997fc159d2 launched, waiting...
[22:16:19.703] [R02-P09] Instance i-065959f2a9997c954 launched, waiting...
[22:16:20.056] [R02-P06] Instance i-071ff18101a49fa6f launched, waiting...
[22:16:35.565] [R02-P03] Instance ready. IP: 54.224.63.10
[22:16:35.576] [R02-P09] Instance ready. IP: 34.230.15.200
[22:16:35.583] [R02-P08] Instance ready. IP: 54.85.119.237
[22:16:35.913] [R02-P06] Instance ready. IP: 107.20.61.112
[22:16:36.943] [R02-P02] ERROR: An error occurred (RequestLimitExceeded) when calling the RunInstances operation (reached max retries: 4): Request limit exceeded. Account 460964766037 has been throttled on ec2:RunInstances because it exceeded its request rate limit.
[22:16:37.436] [R02-P04] ERROR: An error occurred (RequestLimitExceeded) when calling the RunInstances operation (reached max retries: 4): Request limit exceeded. Account 460964766037 has been throttled on ec2:RunInstances because it exceeded its request rate limit.
[22:16:38.586] [R02-P05] Instance i-09f0f8e45caa13396 launched, waiting...
[22:16:40.041] [R02-P00] Instance i-0cb75a6b5a752ed89 launched, waiting...
[22:16:40.365] [R02-P07] ERROR: An error occurred (RequestLimitExceeded) when calling the RunInstances operation (reached max retries: 4): Request limit exceeded. Account 460964766037 has been throttled on ec2:RunInstances because it exceeded its request rate limit.
[22:16:41.224] [R02-P01] Instance i-0151cfe8bee3f0ff5 launched, waiting...
[22:16:54.718] [R02-P05] Instance ready. IP: 18.209.109.251
[22:16:55.802] [R02-P00] Instance ready. IP: 34.229.241.51
[22:16:56.952] [R02-P01] Instance ready. IP: 34.229.181.89
[22:17:01.870] [R02-P08] SSH connected.
[22:17:01.949] [R02-P03] SSH connected.
[22:17:02.081] [R02-P09] SSH connected.
[22:17:02.960] [R02-P06] SSH connected.
[22:17:03.184] [R02-P03] Waiting for SFTP slot...
[22:17:03.311] [R02-P08] Waiting for SFTP slot...
[22:17:03.419] [R02-P09] Waiting for SFTP slot...
[22:17:04.818] [R02-P06] Waiting for SFTP slot...
[22:17:07.731] [R02-P03] Uploading segment...
[22:17:09.762] [R02-P08] Uploading segment...
[22:17:12.427] [R02-P09] Uploading segment...
[22:17:18.408] [R02-P08] Running compression...
[22:17:18.429] [R02-P03] Running compression...
[22:17:19.684] [R02-P09] Running compression...
[22:17:21.544] [R02-P06] Uploading segment...
[22:17:21.827] [R02-P05] SSH connected.
[22:17:23.884] [R02-P00] SSH connected.
[22:17:23.955] [R02-P01] SSH connected.
[22:17:24.111] [R02-P05] Waiting for SFTP slot...
[22:17:24.964] [R02-P00] Waiting for SFTP slot...
[22:17:26.070] [R02-P01] Waiting for SFTP slot...
[22:17:34.514] [R02-P06] Running compression...
[22:17:52.744] [R02-P09] Done! (96.3s)
[22:17:54.794] [R02-P08] Done! (98.0s)
[22:17:57.489] [R02-P03] Done! (101.4s)
[22:17:58.466] [R02-P09] Instance terminated.
[22:17:59.251] [R02-P08] Instance terminated.
[22:18:02.496] [R02-P03] Instance terminated.
[22:18:10.371] [R02-P06] Done! (113.4s)
[22:18:11.844] [R02-P06] Instance terminated.
[22:18:12.421] [R02-P05] Uploading segment...
[22:18:12.843] [R02-P00] Uploading segment...
[22:18:18.755] [R02-P01] Uploading segment...
[22:18:27.285] [R02-P05] Running compression...
[22:18:27.897] [R02-P00] Running compression...
[22:18:33.724] [R02-P01] Running compression...
[22:19:01.518] [R02-P05] Done! (164.6s)
[22:19:01.951] [R02-P01] Done! (165.1s)
[22:19:02.562] [R02-P05] Instance terminated.
[22:19:02.953] [R02-P01] Instance terminated.
[22:19:03.918] [R02-P00] Done! (167.8s)
[22:19:04.959] [R02-P00] Instance terminated.
[22:31:07.885] [c7g.large-Horiz-libvpx-vp9-R02] === Horizontal c7g.large libvpx-vp9 Run 2 ===
[22:31:07.885] [c7g.large-Horiz-libvpx-vp9-R02] Parts dir: /home/breno/doutorado/ec2sweetspot_noms2/artifacts2/phase3_scaling/video_parts_c7g_large_libvpx-vp9
[22:31:09.803] [R02-P02] Instance i-023e75821b4aa4398 launched, waiting...
[22:31:09.806] [R02-P06] Instance i-06f88d52876e5f6e9 launched, waiting...
[22:31:09.827] [R02-P01] Instance i-0d95078d9ef8ad241 launched, waiting...
[22:31:09.833] [R02-P00] Instance i-0679bb9eb6ff13507 launched, waiting...
[22:31:09.843] [R02-P04] Instance i-053b655468450d669 launched, waiting...
[22:31:09.879] [R02-P09] Instance i-0535e99c282d335e1 launched, waiting...
[22:31:09.882] [R02-P05] Instance i-0e4456929a0a1ab59 launched, waiting...
[22:31:09.905] [R02-P08] Instance i-0316479275c9ef9a5 launched, waiting...
[22:31:09.917] [R02-P07] Instance i-0c2cad43bdd52a7fe launched, waiting...
[22:31:10.024] [R02-P03] Instance i-05461fead3f81f7f4 launched, waiting...
[22:31:25.573] [R02-P01] Instance ready. IP: 52.90.102.119
[22:31:25.593] [R02-P02] Instance ready. IP: 18.234.94.51
[22:31:25.596] [R02-P00] Instance ready. IP: 54.210.77.155
[22:31:25.598] [R02-P06] Instance ready. IP: 13.217.90.170
[22:31:25.625] [R02-P05] Instance ready. IP: 98.81.125.23
[22:31:25.644] [R02-P07] Instance ready. IP: 32.192.205.225
[22:31:25.658] [R02-P08] Instance ready. IP: 98.91.202.38
[22:31:25.682] [R02-P09] Instance ready. IP: 13.216.246.155
[22:31:25.762] [R02-P03] Instance ready. IP: 13.217.114.120
[22:31:26.088] [R02-P04] Instance ready. IP: 3.81.186.115
[22:31:51.635] [R02-P01] SSH connected.
[22:31:51.687] [R02-P06] SSH connected.
[22:31:51.751] [R02-P00] SSH connected.
[22:31:51.754] [R02-P07] SSH connected.
[22:31:51.789] [R02-P05] SSH connected.
[22:31:51.836] [R02-P08] SSH connected.
[22:31:51.861] [R02-P09] SSH connected.
[22:31:51.919] [R02-P03] SSH connected.
[22:31:52.157] [R02-P02] SSH connected.
[22:31:52.205] [R02-P04] SSH connected.
[22:31:52.843] [R02-P01] Waiting for SFTP slot...
[22:31:52.843] [R02-P01] Uploading segment...
[22:31:52.855] [R02-P06] Waiting for SFTP slot...
[22:31:52.855] [R02-P06] Uploading segment...
[22:31:52.933] [R02-P07] Waiting for SFTP slot...
[22:31:52.934] [R02-P07] Uploading segment...
[22:31:53.000] [R02-P00] Waiting for SFTP slot...
[22:31:53.000] [R02-P00] Uploading segment...
[22:31:53.027] [R02-P08] Waiting for SFTP slot...
[22:31:53.027] [R02-P08] Uploading segment...
[22:31:53.050] [R02-P03] Waiting for SFTP slot...
[22:31:53.051] [R02-P03] Uploading segment...
[22:31:53.137] [R02-P05] Waiting for SFTP slot...
[22:31:53.137] [R02-P05] Uploading segment...
[22:31:53.350] [R02-P09] Waiting for SFTP slot...
[22:31:53.350] [R02-P09] Uploading segment...
[22:31:53.570] [R02-P04] Waiting for SFTP slot...
[22:31:53.571] [R02-P04] Uploading segment...
[22:31:53.930] [R02-P02] Waiting for SFTP slot...
[22:31:53.931] [R02-P02] Uploading segment...
[22:31:56.446] [R02-P01] Running compression...
[22:31:56.684] [R02-P07] Running compression...
[22:31:57.320] [R02-P00] Running compression...
[22:31:57.353] [R02-P06] Running compression...
[22:31:57.666] [R02-P08] Running compression...
[22:31:57.766] [R02-P04] Running compression...
[22:31:57.969] [R02-P03] Running compression...
[22:31:59.226] [R02-P05] Running compression...
[22:32:00.344] [R02-P09] Running compression...
[22:32:25.674] [R02-P01] Done! (77.8s)
[22:32:26.225] [R02-P01] Instance terminated.
[22:32:30.415] [R02-P09] Done! (82.5s)
[22:32:30.975] [R02-P09] Instance terminated.
[22:32:31.096] [R02-P05] Done! (83.2s)
[22:32:31.757] [R02-P05] Instance terminated.
[22:32:32.934] [R02-P04] Done! (85.0s)
[22:32:33.450] [R02-P08] Done! (85.5s)
[22:32:33.645] [R02-P04] Instance terminated.
[22:32:34.096] [R02-P07] Done! (86.2s)
[22:32:34.263] [R02-P00] Done! (86.4s)
[22:32:34.463] [R02-P06] Done! (86.5s)
[22:32:34.512] [R02-P08] Instance terminated.
[22:32:34.704] [R02-P03] Done! (86.8s)
[22:32:35.158] [R02-P07] Instance terminated.
[22:32:35.324] [R02-P00] Instance terminated.
[22:32:35.608] [R02-P06] Instance terminated.
[22:32:35.804] [R02-P03] Instance terminated.
[22:32:43.824] [R02-P02] Running compression...
[22:33:20.385] [R02-P02] Done! (132.5s)
[22:33:21.482] [R02-P02] Instance terminated.
[22:33:21.486] [c7g.large-Horiz-libvpx-vp9-R02] ============================================================
[22:33:21.487] [c7g.large-Horiz-libvpx-vp9-R02] RESULTS — 10x c7g.large Horizontal libvpx-vp9
[22:33:21.487] [c7g.large-Horiz-libvpx-vp9-R02]   Total Time:    133.60s (2.23 min)
[22:33:21.487] [c7g.large-Horiz-libvpx-vp9-R02] ============================================================
