[22:00:43.832] [c7g.large-Horiz-libvpx-vp9-R04] === Horizontal c7g.large libvpx-vp9 Run 4 ===
[22:00:43.834] [c7g.large-Horiz-libvpx-vp9-R04] Parts dir: /home/breno/doutorado/ec2sweetspot_noms2/artifacts2/phase3_scaling/video_parts_c7g_large_libvpx-vp9
[22:01:02.890] [R04-P07] Instance i-0d380a8bf3ae6287e launched, waiting...
[22:01:05.782] [R04-P01] ERROR: An error occurred (RequestLimitExceeded) when calling the RunInstances operation (reached max retries: 4): Request limit exceeded. Account 460964766037 has been throttled on ec2:RunInstances because it exceeded its request rate limit.
[22:01:08.444] [R04-P08] ERROR: An error occurred (RequestLimitExceeded) when calling the RunInstances operation (reached max retries: 4): Request limit exceeded. Account 460964766037 has been throttled on ec2:RunInstances because it exceeded its request rate limit.
[22:01:08.705] [R04-P03] ERROR: An error occurred (RequestLimitExceeded) when calling the RunInstances operation (reached max retries: 4): Request limit exceeded. Account 460964766037 has been throttled on ec2:RunInstances because it exceeded its request rate limit.
[22:01:09.327] [R04-P02] ERROR: An error occurred (RequestLimitExceeded) when calling the RunInstances operation (reached max retries: 4): Request limit exceeded. Account 460964766037 has been throttled on ec2:RunInstances because it exceeded its request rate limit.
[22:01:09.348] [R04-P00] ERROR: An error occurred (RequestLimitExceeded) when calling the RunInstances operation (reached max retries: 4): Request limit exceeded. Account 460964766037 has been throttled on ec2:RunInstances because it exceeded its request rate limit.
[22:01:10.581] [R04-P04] ERROR: An error occurred (RequestLimitExceeded) when calling the RunInstances operation (reached max retries: 4): Request limit exceeded. Account 460964766037 has been throttled on ec2:RunInstances because it exceeded its request rate limit.
[22:01:12.902] [R04-P06] ERROR: An error occurred (RequestLimitExceeded) when calling the RunInstances operation (reached max retries: 4): Request limit exceeded. Account 460964766037 has been throttled on ec2:RunInstances because it exceeded its request rate limit.
[22:01:15.068] [R04-P05] ERROR: An error occurred (RequestLimitExceeded) when calling the RunInstances operation (reached max retries: 4): Request limit exceeded. Account 460964766037 has been throttled on ec2:RunInstances because it exceeded its request rate limit.
[22:01:16.080] [R04-P09] Instance i-0844169035b8100c7 launched, waiting...
[22:01:18.678] [R04-P07] Instance ready. IP: 3.89.132.46
[22:01:32.392] [R04-P09] Instance ready. IP: 3.82.26.207
[22:01:44.900] [R04-P07] SSH connected.
[22:01:46.060] [R04-P07] Waiting for SFTP slot...
[22:01:46.093] [R04-P07] Uploading segment...
[22:01:53.583] [R04-P07] Running compression...
[22:02:00.422] [R04-P09] SSH connected.
[22:02:02.107] [R04-P09] Waiting for SFTP slot...
[22:02:22.317] [R04-P09] Uploading segment...
[22:02:31.596] [R04-P07] Done! (100.0s)
[22:02:32.111] [R04-P09] Running compression...
[22:02:32.993] [R04-P07] Instance terminated.
[22:03:04.891] [R04-P09] Done! (129.4s)
[22:03:08.408] [R04-P09] Instance terminated.
[22:19:04.961] [c7g.large-Horiz-libvpx-vp9-R04] === Horizontal c7g.large libvpx-vp9 Run 4 ===
[22:19:04.961] [c7g.large-Horiz-libvpx-vp9-R04] Parts dir: /home/breno/doutorado/ec2sweetspot_noms2/artifacts2/phase3_scaling/video_parts_c7g_large_libvpx-vp9
[22:19:07.023] [R04-P01] Instance i-0d98ceeae08b54048 launched, waiting...
[22:19:07.168] [R04-P00] Instance i-0b1f42e3f0efbff00 launched, waiting...
[22:19:07.185] [R04-P02] Instance i-073086f9a0bf51204 launched, waiting...
[22:19:07.206] [R04-P05] Instance i-01ce9faae4f445231 launched, waiting...
[22:19:07.311] [R04-P09] Instance i-0333799cbff74552c launched, waiting...
[22:19:07.362] [R04-P06] Instance i-02b7e722ae8ed94b6 launched, waiting...
[22:19:07.453] [R04-P07] Instance i-0c19712454c8dc347 launched, waiting...
[22:19:07.565] [R04-P04] Instance i-0539862b8be7253fa launched, waiting...
[22:19:07.632] [R04-P08] Instance i-010498442a6cff986 launched, waiting...
[22:19:07.638] [R04-P03] Instance i-072382d7da1f0c651 launched, waiting...
[22:19:22.755] [R04-P01] Instance ready. IP: 98.87.160.163
[22:19:22.868] [R04-P00] Instance ready. IP: 35.153.104.179
[22:19:22.947] [R04-P05] Instance ready. IP: 54.196.27.232
[22:19:22.948] [R04-P02] Instance ready. IP: 52.54.183.160
[22:19:23.105] [R04-P06] Instance ready. IP: 3.88.16.187
[22:19:23.118] [R04-P09] Instance ready. IP: 100.30.231.78
[22:19:23.273] [R04-P07] Instance ready. IP: 3.87.114.180
[22:19:23.424] [R04-P08] Instance ready. IP: 32.192.45.130
[22:19:23.448] [R04-P03] Instance ready. IP: 54.92.191.212
[22:19:23.467] [R04-P04] Instance ready. IP: 54.166.234.149
[22:19:49.682] [R04-P00] SSH connected.
[22:19:49.717] [R04-P01] SSH connected.
[22:19:49.748] [R04-P02] SSH connected.
[22:19:49.906] [R04-P05] SSH connected.
[22:19:49.907] [R04-P06] SSH connected.
[22:19:49.913] [R04-P09] SSH connected.
[22:19:50.149] [R04-P07] SSH connected.
[22:19:50.384] [R04-P08] SSH connected.
[22:19:50.411] [R04-P03] SSH connected.
[22:19:50.413] [R04-P04] SSH connected.
[22:19:51.096] [R04-P00] Waiting for SFTP slot...
[22:19:51.243] [R04-P01] Waiting for SFTP slot...
[22:19:51.300] [R04-P05] Waiting for SFTP slot...
[22:19:51.300] [R04-P02] Waiting for SFTP slot...
[22:19:51.445] [R04-P09] Waiting for SFTP slot...
[22:19:51.446] [R04-P06] Waiting for SFTP slot...
[22:19:51.451] [R04-P07] Waiting for SFTP slot...
[22:19:51.515] [R04-P00] Uploading segment...
[22:19:51.533] [R04-P01] Uploading segment...
[22:19:51.674] [R04-P05] Uploading segment...
[22:19:51.695] [R04-P08] Waiting for SFTP slot...
[22:19:51.960] [R04-P03] Waiting for SFTP slot...
[22:19:51.961] [R04-P04] Waiting for SFTP slot...
[22:19:52.809] [R04-P02] Uploading segment...
[22:19:52.929] [R04-P09] Uploading segment...
[22:19:53.121] [R04-P06] Uploading segment...
[22:19:53.454] [R04-P07] Uploading segment...
[22:19:54.680] [R04-P05] Running compression...
[22:19:54.680] [R04-P08] Uploading segment...
[22:19:56.594] [R04-P03] Uploading segment...
[22:19:57.688] [R04-P00] Running compression...
[22:19:57.688] [R04-P04] Uploading segment...
[22:19:57.995] [R04-P02] Running compression...
[22:19:58.113] [R04-P01] Running compression...
[22:19:59.543] [R04-P09] Running compression...
[22:20:00.034] [R04-P04] Running compression...
[22:20:00.838] [R04-P07] Running compression...
[22:20:01.851] [R04-P08] Running compression...
[22:20:02.208] [R04-P06] Running compression...
[22:20:03.464] [R04-P03] Running compression...
[22:20:24.308] [R04-P05] Done! (78.9s)
[22:20:24.876] [R04-P05] Instance terminated.
[22:20:26.288] [R04-P01] Done! (81.3s)
[22:20:26.849] [R04-P01] Instance terminated.
[22:20:31.293] [R04-P09] Done! (85.9s)
[22:20:32.291] [R04-P09] Instance terminated.
[22:20:32.541] [R04-P02] Done! (87.6s)
[22:20:33.779] [R04-P02] Instance terminated.
[22:20:34.716] [R04-P04] Done! (89.3s)
[22:20:34.978] [R04-P00] Done! (90.0s)
[22:20:35.752] [R04-P04] Instance terminated.
[22:20:36.287] [R04-P08] Done! (90.9s)
[22:20:36.306] [R04-P00] Instance terminated.
[22:20:37.315] [R04-P08] Instance terminated.
[22:20:38.544] [R04-P07] Done! (93.1s)
[22:20:38.680] [R04-P06] Done! (93.3s)
[22:20:39.555] [R04-P07] Instance terminated.
[22:20:39.720] [R04-P06] Instance terminated.
[22:20:40.594] [R04-P03] Done! (95.2s)
[22:20:41.609] [R04-P03] Instance terminated.
[22:20:41.612] [c7g.large-Horiz-libvpx-vp9-R04] ============================================================
[22:20:41.612] [c7g.large-Horiz-libvpx-vp9-R04] RESULTS — 10x c7g.large Horizontal libvpx-vp9
[22:20:41.612] [c7g.large-Horiz-libvpx-vp9-R04]   Total Time:    96.65s (1.61 min)
[22:20:41.612] [c7g.large-Horiz-libvpx-vp9-R04] ============================================================
