[22:11:33.501] [c7g.large-Horiz-libvpx-vp9-R28] === Horizontal c7g.large libvpx-vp9 Run 28 ===
[22:11:33.501] [c7g.large-Horiz-libvpx-vp9-R28] Parts dir: /home/breno/doutorado/ec2sweetspot_noms2/artifacts2/phase3_scaling/video_parts_c7g_large_libvpx-vp9
[22:11:39.853] [R28-P05] Instance i-045e7fbd516a6cce8 launched, waiting...
[22:11:40.339] [R28-P02] Instance i-070b55895e7959caf launched, waiting...
[22:11:40.459] [R28-P04] Instance i-0a640be2b00941bec launched, waiting...
[22:11:41.324] [R28-P06] Instance i-025d74b667bb54762 launched, waiting...
[22:11:47.621] [R28-P01] Instance i-05c9c93297c87d922 launched, waiting...
[22:11:49.386] [R28-P03] Instance i-0b094dbfbdc485743 launched, waiting...
[22:11:50.858] [R28-P09] Instance i-04a68ec2971b10831 launched, waiting...
[22:11:56.189] [R28-P00] Instance i-019362780bcbea407 launched, waiting...
[22:11:57.654] [R28-P05] Instance ready. IP: 54.174.24.216
[22:11:57.682] [R28-P08] Instance i-02885a026ccff07e6 launched, waiting...
[22:11:57.898] [R28-P02] Instance ready. IP: 54.88.213.32
[22:11:58.308] [R28-P04] Instance ready. IP: 54.196.86.38
[22:11:59.572] [R28-P07] Instance i-0bbc7079aa478c99e launched, waiting...
[22:12:00.852] [R28-P06] Instance ready. IP: 54.166.61.187
[22:12:04.566] [R28-P01] Instance ready. IP: 3.87.31.38
[22:12:06.877] [R28-P03] Instance ready. IP: 3.92.143.127
[22:12:09.317] [R28-P09] Instance ready. IP: 54.242.174.43
[22:12:13.328] [R28-P00] Instance ready. IP: 52.203.164.10
[22:12:15.851] [R28-P08] Instance ready. IP: 54.87.165.130
[22:12:17.170] [R28-P07] Instance ready. IP: 3.87.126.34
[22:12:27.840] [R28-P02] SSH connected.
[22:12:27.994] [R28-P05] SSH connected.
[22:12:29.241] [R28-P04] SSH connected.
[22:12:32.664] [R28-P02] Waiting for SFTP slot...
[22:12:33.094] [R28-P05] Waiting for SFTP slot...
[22:12:35.017] [R28-P04] Waiting for SFTP slot...
[22:12:35.708] [R28-P06] SSH connected.
[22:12:41.395] [R28-P01] SSH connected.
[22:12:43.867] [R28-P06] Waiting for SFTP slot...
[22:12:44.346] [R28-P03] SSH connected.
[22:12:49.894] [R28-P09] SSH connected.
[22:12:52.658] [R28-P01] Waiting for SFTP slot...
[22:12:55.213] [R28-P03] Waiting for SFTP slot...
[22:12:55.659] [R28-P00] SSH connected.
[22:12:56.905] [R28-P08] SSH connected.
[22:12:57.970] [R28-P09] Waiting for SFTP slot...
[22:12:58.452] [R28-P07] SSH connected.
[22:13:02.044] [R28-P00] Waiting for SFTP slot...
[22:13:03.364] [R28-P08] Waiting for SFTP slot...
[22:13:06.857] [R28-P07] Waiting for SFTP slot...
[22:13:22.031] [R28-P02] Uploading segment...
[22:13:22.284] [R28-P05] Uploading segment...
[22:13:43.112] [R28-P02] Running compression...
[22:13:43.112] [R28-P04] Uploading segment...
[22:13:43.387] [R28-P05] Running compression...
[22:13:45.776] [R28-P06] Uploading segment...
[22:13:52.995] [R28-P01] Uploading segment...
[22:13:56.028] [R28-P04] Running compression...
[22:13:56.028] [R28-P03] Uploading segment...
[22:13:56.459] [R28-P09] Uploading segment...
[22:13:56.721] [R28-P06] Running compression...
[22:13:57.482] [R28-P00] Uploading segment...
[22:14:00.203] [R28-P09] Running compression...
[22:14:00.203] [R28-P08] Uploading segment...
[22:14:02.416] [R28-P07] Uploading segment...
[22:14:02.754] [R28-P01] Running compression...
[22:14:05.682] [R28-P03] Running compression...
[22:14:06.174] [R28-P00] Running compression...
[22:14:07.732] [R28-P07] Running compression...
[22:14:08.357] [R28-P08] Running compression...
[22:14:14.254] [R28-P05] Done! (160.7s)
[22:14:15.356] [R28-P05] Instance terminated.
[22:14:18.284] [R28-P02] Done! (164.8s)
[22:14:19.467] [R28-P02] Instance terminated.
[22:14:32.135] [R28-P01] Done! (178.6s)
[22:14:32.137] [R28-P06] Done! (178.1s)
[22:14:32.311] [R28-P04] Done! (178.8s)
[22:14:33.196] [R28-P01] Instance terminated.
[22:14:33.263] [R28-P06] Instance terminated.
[22:14:33.352] [R28-P04] Instance terminated.
[22:14:35.242] [R28-P09] Done! (180.8s)
[22:14:36.667] [R28-P09] Instance terminated.
[22:14:41.932] [R28-P00] Done! (188.4s)
[22:14:42.496] [R28-P03] Done! (189.0s)
[22:14:42.850] [R28-P08] Done! (188.4s)
[22:14:43.711] [R28-P00] Instance terminated.
[22:14:43.940] [R28-P03] Instance terminated.
[22:14:44.067] [R28-P08] Instance terminated.
[22:14:44.860] [R28-P07] Done! (190.4s)
[22:14:46.217] [R28-P07] Instance terminated.
[22:14:46.219] [c7g.large-Horiz-libvpx-vp9-R28] ============================================================
[22:14:46.219] [c7g.large-Horiz-libvpx-vp9-R28] RESULTS — 10x c7g.large Horizontal libvpx-vp9
[22:14:46.219] [c7g.large-Horiz-libvpx-vp9-R28]   Total Time:    192.72s (3.21 min)
[22:14:46.219] [c7g.large-Horiz-libvpx-vp9-R28] ============================================================
