[22:05:04.185] [c7g.large-Horiz-libvpx-vp9-R11] === Horizontal c7g.large libvpx-vp9 Run 11 ===
[22:05:04.185] [c7g.large-Horiz-libvpx-vp9-R11] Parts dir: /home/breno/doutorado/ec2sweetspot_noms2/artifacts2/phase3_scaling/video_parts_c7g_large_libvpx-vp9
[22:05:07.276] [R11-P07] Instance i-077576a473966e676 launched, waiting...
[22:05:07.282] [R11-P01] Instance i-0fe1f742e178b4572 launched, waiting...
[22:05:07.286] [R11-P08] Instance i-0172fb1c41b65ee1f launched, waiting...
[22:05:07.284] [R11-P00] Instance i-06d6530c99dd59ae9 launched, waiting...
[22:05:07.295] [R11-P03] Instance i-039103652dc00dc22 launched, waiting...
[22:05:07.292] [R11-P02] Instance i-006af2be2851d23b1 launched, waiting...
[22:05:07.313] [R11-P05] Instance i-02530921a1bc9ffa8 launched, waiting...
[22:05:07.317] [R11-P04] Instance i-0198dee7dabd266e7 launched, waiting...
[22:05:07.456] [R11-P09] Instance i-0739c5105cab1a9ad launched, waiting...
[22:05:08.424] [R11-P06] Instance i-04a222466f7f9f0fb launched, waiting...
[22:05:23.726] [R11-P01] Instance ready. IP: 34.238.168.21
[22:05:23.748] [R11-P07] Instance ready. IP: 54.224.227.74
[22:05:23.748] [R11-P00] Instance ready. IP: 54.81.223.245
[22:05:23.751] [R11-P08] Instance ready. IP: 54.159.239.82
[22:05:23.751] [R11-P03] Instance ready. IP: 13.218.112.71
[22:05:23.947] [R11-P09] Instance ready. IP: 35.153.55.100
[22:05:24.033] [R11-P05] Instance ready. IP: 3.85.77.228
[22:05:24.058] [R11-P04] Instance ready. IP: 54.147.109.146
[22:05:24.059] [R11-P02] Instance ready. IP: 54.198.204.214
[22:05:24.749] [R11-P06] Instance ready. IP: 52.71.253.42
[22:05:50.451] [R11-P00] SSH connected.
[22:05:50.468] [R11-P01] SSH connected.
[22:05:50.594] [R11-P08] SSH connected.
[22:05:50.618] [R11-P03] SSH connected.
[22:05:50.691] [R11-P02] SSH connected.
[22:05:50.727] [R11-P05] SSH connected.
[22:05:50.768] [R11-P04] SSH connected.
[22:05:51.178] [R11-P07] SSH connected.
[22:05:51.416] [R11-P09] SSH connected.
[22:05:51.644] [R11-P06] SSH connected.
[22:05:52.036] [R11-P00] Waiting for SFTP slot...
[22:05:52.096] [R11-P01] Waiting for SFTP slot...
[22:05:52.470] [R11-P08] Waiting for SFTP slot...
[22:05:52.573] [R11-P02] Waiting for SFTP slot...
[22:05:52.795] [R11-P05] Waiting for SFTP slot...
[22:05:52.820] [R11-P04] Waiting for SFTP slot...
[22:05:53.239] [R11-P03] Waiting for SFTP slot...
[22:05:53.387] [R11-P07] Waiting for SFTP slot...
[22:05:54.023] [R11-P09] Waiting for SFTP slot...
[22:05:54.178] [R11-P06] Waiting for SFTP slot...
[22:06:24.222] [R11-P00] Uploading segment...
[22:06:24.268] [R11-P01] Uploading segment...
[22:06:24.356] [R11-P08] Uploading segment...
[22:06:24.647] [R11-P02] Uploading segment...
[22:06:26.451] [R11-P05] Uploading segment...
[22:06:26.608] [R11-P04] Uploading segment...
[22:06:27.631] [R11-P03] Uploading segment...
[22:06:27.697] [R11-P07] Uploading segment...
[22:06:28.603] [R11-P00] Running compression...
[22:06:28.603] [R11-P09] Uploading segment...
[22:06:29.548] [R11-P04] Running compression...
[22:06:29.548] [R11-P06] Uploading segment...
[22:06:31.955] [R11-P01] Running compression...
[22:06:33.233] [R11-P03] Running compression...
[22:06:33.367] [R11-P08] Running compression...
[22:06:33.741] [R11-P02] Running compression...
[22:06:34.382] [R11-P05] Running compression...
[22:06:36.740] [R11-P07] Running compression...
[22:06:37.086] [R11-P06] Running compression...
[22:06:38.159] [R11-P09] Running compression...
[22:06:59.961] [R11-P01] Done! (115.8s)
[22:07:01.471] [R11-P01] Instance terminated.
[22:07:04.519] [R11-P00] Done! (120.3s)
[22:07:04.672] [R11-P05] Done! (120.4s)
[22:07:04.727] [R11-P04] Done! (120.5s)
[22:07:06.021] [R11-P00] Instance terminated.
[22:07:06.106] [R11-P05] Instance terminated.
[22:07:06.456] [R11-P04] Instance terminated.
[22:07:08.753] [R11-P02] Done! (124.5s)
[22:07:09.519] [R11-P03] Done! (125.3s)
[22:07:09.628] [R11-P08] Done! (125.4s)
[22:07:10.397] [R11-P02] Instance terminated.
[22:07:10.864] [R11-P03] Instance terminated.
[22:07:10.876] [R11-P08] Instance terminated.
[22:07:11.834] [R11-P09] Done! (127.6s)
[22:07:11.912] [R11-P06] Done! (127.7s)
[22:07:13.114] [R11-P07] Done! (128.9s)
[22:07:13.241] [R11-P09] Instance terminated.
[22:07:13.298] [R11-P06] Instance terminated.
[22:07:14.349] [R11-P07] Instance terminated.
[22:07:14.351] [c7g.large-Horiz-libvpx-vp9-R11] ============================================================
[22:07:14.351] [c7g.large-Horiz-libvpx-vp9-R11] RESULTS — 10x c7g.large Horizontal libvpx-vp9
[22:07:14.351] [c7g.large-Horiz-libvpx-vp9-R11]   Total Time:    130.17s (2.17 min)
[22:07:14.352] [c7g.large-Horiz-libvpx-vp9-R11] ============================================================
