[22:07:14.352] [c7g.large-Horiz-libvpx-vp9-R16] === Horizontal c7g.large libvpx-vp9 Run 16 ===
[22:07:14.352] [c7g.large-Horiz-libvpx-vp9-R16] Parts dir: /home/breno/doutorado/ec2sweetspot_noms2/artifacts2/phase3_scaling/video_parts_c7g_large_libvpx-vp9
[22:07:16.445] [R16-P03] Instance i-0ddd11c788e579a16 launched, waiting...
[22:07:16.447] [R16-P04] Instance i-0f987b7ee3edcde60 launched, waiting...
[22:07:16.542] [R16-P02] Instance i-0501e34a1a180c3ed launched, waiting...
[22:07:16.563] [R16-P00] Instance i-0f7c33646044661fe launched, waiting...
[22:07:16.568] [R16-P06] Instance i-07a6d7af92966899c launched, waiting...
[22:07:16.570] [R16-P07] Instance i-0b03d24bc98462812 launched, waiting...
[22:07:16.571] [R16-P08] Instance i-04f70a2ff02a52eb9 launched, waiting...
[22:07:16.587] [R16-P09] Instance i-04baed8c48f72b726 launched, waiting...
[22:07:16.616] [R16-P01] Instance i-0ae8ec5e20f2be6bf launched, waiting...
[22:07:16.643] [R16-P05] Instance i-002dca278098adaef launched, waiting...
[22:07:32.634] [R16-P04] Instance ready. IP: 18.232.83.81
[22:07:32.693] [R16-P09] Instance ready. IP: 54.145.84.40
[22:07:32.695] [R16-P02] Instance ready. IP: 23.22.148.30
[22:07:32.732] [R16-P07] Instance ready. IP: 100.55.9.69
[22:07:32.740] [R16-P00] Instance ready. IP: 54.162.95.126
[22:07:32.741] [R16-P08] Instance ready. IP: 34.201.125.53
[22:07:32.748] [R16-P01] Instance ready. IP: 100.31.84.100
[22:07:32.749] [R16-P06] Instance ready. IP: 3.81.151.247
[22:07:32.814] [R16-P05] Instance ready. IP: 3.87.103.51
[22:07:33.092] [R16-P03] Instance ready. IP: 18.212.113.204
[22:07:58.740] [R16-P00] SSH connected.
[22:07:58.829] [R16-P09] SSH connected.
[22:07:58.923] [R16-P07] SSH connected.
[22:07:58.968] [R16-P08] SSH connected.
[22:07:59.005] [R16-P06] SSH connected.
[22:07:59.019] [R16-P01] SSH connected.
[22:07:59.062] [R16-P05] SSH connected.
[22:07:59.233] [R16-P02] SSH connected.
[22:07:59.272] [R16-P03] SSH connected.
[22:08:00.265] [R16-P00] Waiting for SFTP slot...
[22:08:00.265] [R16-P00] Uploading segment...
[22:08:00.297] [R16-P06] Waiting for SFTP slot...
[22:08:00.297] [R16-P06] Uploading segment...
[22:08:00.313] [R16-P07] Waiting for SFTP slot...
[22:08:00.316] [R16-P07] Uploading segment...
[22:08:00.319] [R16-P09] Waiting for SFTP slot...
[22:08:00.319] [R16-P09] Uploading segment...
[22:08:00.352] [R16-P08] Waiting for SFTP slot...
[22:08:00.352] [R16-P08] Uploading segment...
[22:08:00.364] [R16-P05] Waiting for SFTP slot...
[22:08:00.364] [R16-P05] Uploading segment...
[22:08:00.405] [R16-P01] Waiting for SFTP slot...
[22:08:00.655] [R16-P03] Waiting for SFTP slot...
[22:08:00.704] [R16-P02] Waiting for SFTP slot...
[22:08:01.144] [R16-P04] SSH connected.
[22:08:02.063] [R16-P01] Uploading segment...
[22:08:02.152] [R16-P00] Running compression...
[22:08:02.152] [R16-P03] Uploading segment...
[22:08:03.120] [R16-P02] Uploading segment...
[22:08:03.549] [R16-P04] Waiting for SFTP slot...
[22:08:03.603] [R16-P04] Uploading segment...
[22:08:04.401] [R16-P09] Running compression...
[22:08:04.510] [R16-P08] Running compression...
[22:08:04.703] [R16-P07] Running compression...
[22:08:04.718] [R16-P06] Running compression...
[22:08:05.380] [R16-P05] Running compression...
[22:08:06.708] [R16-P03] Running compression...
[22:08:07.491] [R16-P01] Running compression...
[22:08:35.312] [R16-P09] Done! (80.9s)
[22:08:35.962] [R16-P09] Instance terminated.
[22:08:36.389] [R16-P05] Done! (82.0s)
[22:08:37.110] [R16-P01] Done! (82.7s)
[22:08:37.229] [R16-P05] Instance terminated.
[22:08:37.724] [R16-P01] Instance terminated.
[22:08:39.618] [R16-P00] Done! (85.3s)
[22:08:40.019] [R16-P08] Done! (85.6s)
[22:08:40.699] [R16-P06] Done! (86.3s)
[22:08:41.036] [R16-P08] Instance terminated.
[22:08:41.487] [R16-P00] Instance terminated.
[22:08:41.742] [R16-P06] Instance terminated.
[22:08:42.913] [R16-P07] Done! (88.5s)
[22:08:44.024] [R16-P07] Instance terminated.
[22:08:44.806] [R16-P03] Done! (90.4s)
[22:08:45.886] [R16-P03] Instance terminated.
[22:08:56.578] [R16-P04] Running compression...
[22:08:58.171] [R16-P02] Running compression...
[22:09:32.932] [R16-P02] Done! (138.6s)
[22:09:34.166] [R16-P02] Instance terminated.
[22:09:36.940] [R16-P04] Done! (142.6s)
[22:09:38.220] [R16-P04] Instance terminated.
[22:09:38.227] [c7g.large-Horiz-libvpx-vp9-R16] ============================================================
[22:09:38.227] [c7g.large-Horiz-libvpx-vp9-R16] RESULTS — 10x c7g.large Horizontal libvpx-vp9
[22:09:38.227] [c7g.large-Horiz-libvpx-vp9-R16]   Total Time:    143.87s (2.40 min)
[22:09:38.227] [c7g.large-Horiz-libvpx-vp9-R16] ============================================================
