[22:00:50.335] [c7g.large-Serial-R06] === Serial c7g.large libx264 Run 6 ===
[22:01:11.366] [c7g.large-Serial-R06] ERROR: An error occurred (RequestLimitExceeded) when calling the RunInstances operation (reached max retries: 4): Request limit exceeded. Account 460964766037 has been throttled on ec2:RunInstances because it exceeded its request rate limit.
[22:16:16.814] [c7g.large-Serial-R06] === Serial c7g.large libx264 Run 6 ===
[22:16:37.259] [c7g.large-Serial-R06] ERROR: An error occurred (RequestLimitExceeded) when calling the RunInstances operation (reached max retries: 4): Request limit exceeded. Account 460964766037 has been throttled on ec2:RunInstances because it exceeded its request rate limit.
[22:29:29.825] [c7g.large-Serial-R06] === Serial c7g.large libx264 Run 6 ===
[22:29:34.570] [c7g.large-Serial-R06] Instance i-064a8e37a3a75940c launched, waiting...
[22:29:51.072] [c7g.large-Serial-R06] Instance ready. IP: 3.91.245.250
[22:30:17.570] [c7g.large-Serial-R06] SSH connected.
[22:30:18.857] [c7g.large-Serial-R06] Architecture: aarch64
[22:30:19.750] [c7g.large-Serial-R06] Waiting for SFTP slot...
[22:30:28.312] [c7g.large-Serial-R06] Uploading 10-min video...
[22:30:46.583] [c7g.large-Serial-R06] Upload complete.
[22:30:46.585] [c7g.large-Serial-R06] SETUP TIME: 76.75s
[22:30:46.585] [c7g.large-Serial-R06] Running: ffmpeg -i /home/ubuntu/input.mp4 -c:v libx264 -preset slow -b:v 2M -threads 5 -max_muxing_queue_size 1024 -y /home/ubuntu/output.mp4
[22:31:45.182] [c7g.large-Serial-R06] ENCODING TIME: 58.60s
[22:31:45.182] [c7g.large-Serial-R06] ============================================================
[22:31:45.182] [c7g.large-Serial-R06] RESULTS — c7g.large Serial libx264
[22:31:45.182] [c7g.large-Serial-R06]   Total Time:    135.35s (2.26 min)
[22:31:45.182] [c7g.large-Serial-R06]   Setup Time:    76.75s (1.28 min)
[22:31:45.182] [c7g.large-Serial-R06]   Encoding Time: 58.60s (0.98 min)
[22:31:45.182] [c7g.large-Serial-R06]   Setup %:       56.7%
[22:31:45.182] [c7g.large-Serial-R06] ============================================================
[22:31:46.235] [c7g.large-Serial-R06] Instance terminated.
