[22:02:57.566] [c7g.large-Horiz-libvpx-vp9-R07] === Horizontal c7g.large libvpx-vp9 Run 7 ===
[22:02:57.566] [c7g.large-Horiz-libvpx-vp9-R07] Parts dir: /home/breno/doutorado/ec2sweetspot_noms2/artifacts2/phase3_scaling/video_parts_c7g_large_libvpx-vp9
[22:03:00.060] [R07-P06] Instance i-04c39dec0c58b2099 launched, waiting...
[22:03:00.076] [R07-P09] Instance i-0f81002a1e14628b2 launched, waiting...
[22:03:00.119] [R07-P02] Instance i-0e79d232b2d5d99da launched, waiting...
[22:03:00.125] [R07-P03] Instance i-0a6ac91166a36da5c launched, waiting...
[22:03:00.140] [R07-P04] Instance i-08bf53645ae394cc8 launched, waiting...
[22:03:00.145] [R07-P01] Instance i-0116831db259cdb8c launched, waiting...
[22:03:00.167] [R07-P07] Instance i-01d755ef2bec8e279 launched, waiting...
[22:03:00.343] [R07-P00] Instance i-0ee17abda8ef639d7 launched, waiting...
[22:03:00.435] [R07-P05] Instance i-05c0831dc4e2b46c4 launched, waiting...
[22:03:00.464] [R07-P08] Instance i-088e2e9163cd74f94 launched, waiting...
[22:03:16.393] [R07-P09] Instance ready. IP: 3.81.60.30
[22:03:16.415] [R07-P06] Instance ready. IP: 18.206.98.201
[22:03:16.416] [R07-P04] Instance ready. IP: 100.26.199.127
[22:03:16.779] [R07-P05] Instance ready. IP: 54.167.220.194
[22:03:16.782] [R07-P08] Instance ready. IP: 34.239.144.249
[22:03:16.976] [R07-P00] Instance ready. IP: 98.86.235.119
[22:03:18.224] [R07-P07] Instance ready. IP: 52.202.140.60
[22:03:18.421] [R07-P02] Instance ready. IP: 35.153.205.78
[22:03:18.441] [R07-P03] Instance ready. IP: 54.81.201.231
[22:03:18.442] [R07-P01] Instance ready. IP: 35.173.240.193
[22:03:43.046] [R07-P06] SSH connected.
[22:03:43.068] [R07-P04] SSH connected.
[22:03:43.080] [R07-P09] SSH connected.
[22:03:43.566] [R07-P05] SSH connected.
[22:03:43.589] [R07-P08] SSH connected.
[22:03:43.793] [R07-P00] SSH connected.
[22:03:44.475] [R07-P04] Waiting for SFTP slot...
[22:03:44.482] [R07-P09] Waiting for SFTP slot...
[22:03:44.559] [R07-P06] Waiting for SFTP slot...
[22:03:45.205] [R07-P05] Waiting for SFTP slot...
[22:03:45.228] [R07-P07] SSH connected.
[22:03:45.259] [R07-P08] Waiting for SFTP slot...
[22:03:45.260] [R07-P02] SSH connected.
[22:03:45.274] [R07-P01] SSH connected.
[22:03:45.354] [R07-P03] SSH connected.
[22:03:45.473] [R07-P00] Waiting for SFTP slot...
[22:03:46.776] [R07-P01] Waiting for SFTP slot...
[22:03:47.045] [R07-P07] Waiting for SFTP slot...
[22:03:47.171] [R07-P03] Waiting for SFTP slot...
[22:03:47.342] [R07-P02] Waiting for SFTP slot...
[22:04:17.774] [R07-P04] Uploading segment...
[22:04:19.631] [R07-P09] Uploading segment...
[22:04:20.357] [R07-P06] Uploading segment...
[22:04:20.912] [R07-P05] Uploading segment...
[22:04:21.255] [R07-P08] Uploading segment...
[22:04:21.317] [R07-P00] Uploading segment...
[22:04:21.532] [R07-P01] Uploading segment...
[22:04:21.871] [R07-P07] Uploading segment...
[22:04:24.127] [R07-P03] Uploading segment...
[22:04:28.577] [R07-P02] Uploading segment...
[22:04:28.947] [R07-P04] Running compression...
[22:04:30.280] [R07-P09] Running compression...
[22:04:30.688] [R07-P00] Running compression...
[22:04:30.707] [R07-P05] Running compression...
[22:04:30.881] [R07-P08] Running compression...
[22:04:30.978] [R07-P06] Running compression...
[22:04:31.382] [R07-P03] Running compression...
[22:04:31.383] [R07-P01] Running compression...
[22:04:32.744] [R07-P07] Running compression...
[22:04:38.565] [R07-P02] Running compression...
[22:04:59.047] [R07-P01] Done! (121.5s)
[22:05:01.385] [R07-P05] Done! (123.8s)
[22:05:01.762] [R07-P01] Instance terminated.
[22:05:04.675] [R07-P05] Instance terminated.
[22:05:04.850] [R07-P04] Done! (127.2s)
[22:05:05.820] [R07-P08] Done! (128.2s)
[22:05:06.439] [R07-P04] Instance terminated.
[22:05:06.442] [R07-P09] Done! (128.8s)
[22:05:08.157] [R07-P06] Done! (130.5s)
[22:05:08.775] [R07-P03] Done! (131.2s)
[22:05:08.785] [R07-P08] Instance terminated.
[22:05:09.145] [R07-P09] Instance terminated.
[22:05:09.647] [R07-P07] Done! (132.0s)
[22:05:10.010] [R07-P00] Done! (132.4s)
[22:05:11.195] [R07-P03] Instance terminated.
[22:05:12.308] [R07-P06] Instance terminated.
[22:05:12.651] [R07-P00] Instance terminated.
[22:05:13.507] [R07-P07] Instance terminated.
[22:05:18.505] [R07-P02] Done! (140.9s)
[22:05:20.086] [R07-P02] Instance terminated.
[22:05:20.088] [c7g.large-Horiz-libvpx-vp9-R07] ============================================================
[22:05:20.088] [c7g.large-Horiz-libvpx-vp9-R07] RESULTS — 10x c7g.large Horizontal libvpx-vp9
[22:05:20.088] [c7g.large-Horiz-libvpx-vp9-R07]   Total Time:    142.52s (2.38 min)
[22:05:20.088] [c7g.large-Horiz-libvpx-vp9-R07] ============================================================
