[22:00:49.497] [c7g.large-Serial-R07] === Serial c7g.large libx264 Run 7 ===
[22:01:05.579] [c7g.large-Serial-R07] ERROR: An error occurred (RequestLimitExceeded) when calling the RunInstances operation (reached max retries: 4): Request limit exceeded. Account 460964766037 has been throttled on ec2:RunInstances because it exceeded its request rate limit.
[22:16:16.976] [c7g.large-Serial-R07] === Serial c7g.large libx264 Run 7 ===
[22:16:19.661] [c7g.large-Serial-R07] Instance i-09e0877bfd6f17acc launched, waiting...
[22:16:35.589] [c7g.large-Serial-R07] Instance ready. IP: 18.206.186.126
[22:17:01.805] [c7g.large-Serial-R07] SSH connected.
[22:17:03.006] [c7g.large-Serial-R07] Architecture: aarch64
[22:17:03.739] [c7g.large-Serial-R07] Waiting for SFTP slot...
[22:17:15.492] [c7g.large-Serial-R07] Uploading 10-min video...
[22:18:01.775] [c7g.large-Serial-R07] Upload complete.
[22:18:01.775] [c7g.large-Serial-R07] SETUP TIME: 104.80s
[22:18:01.775] [c7g.large-Serial-R07] Running: ffmpeg -i /home/ubuntu/input.mp4 -c:v libx264 -preset slow -b:v 2M -threads 5 -max_muxing_queue_size 1024 -y /home/ubuntu/output.mp4
[22:19:00.800] [c7g.large-Serial-R07] ENCODING TIME: 59.02s
[22:19:00.800] [c7g.large-Serial-R07] ============================================================
[22:19:00.800] [c7g.large-Serial-R07] RESULTS — c7g.large Serial libx264
[22:19:00.800] [c7g.large-Serial-R07]   Total Time:    163.82s (2.73 min)
[22:19:00.800] [c7g.large-Serial-R07]   Setup Time:    104.80s (1.75 min)
[22:19:00.800] [c7g.large-Serial-R07]   Encoding Time: 59.02s (0.98 min)
[22:19:00.800] [c7g.large-Serial-R07]   Setup %:       64.0%
[22:19:00.800] [c7g.large-Serial-R07] ============================================================
[22:19:01.836] [c7g.large-Serial-R07] Instance terminated.
