[22:00:43.824] [c7g.large-Horiz-libvpx-vp9-R03] === Horizontal c7g.large libvpx-vp9 Run 3 ===
[22:00:43.824] [c7g.large-Horiz-libvpx-vp9-R03] Parts dir: /home/breno/doutorado/ec2sweetspot_noms2/artifacts2/phase3_scaling/video_parts_c7g_large_libvpx-vp9
[22:00:52.045] [R03-P00] Instance i-0aa9bbdfd2b26b0fd launched, waiting...
[22:00:56.617] [R03-P00] Instance ready. IP: 32.194.94.249
[22:01:08.461] [R03-P08] ERROR: An error occurred (RequestLimitExceeded) when calling the RunInstances operation (reached max retries: 4): Request limit exceeded. Account 460964766037 has been throttled on ec2:RunInstances because it exceeded its request rate limit.
[22:01:09.188] [R03-P02] Instance i-02d11f75c4228bdda launched, waiting...
[22:01:09.771] [R03-P09] ERROR: An error occurred (RequestLimitExceeded) when calling the RunInstances operation (reached max retries: 4): Request limit exceeded. Account 460964766037 has been throttled on ec2:RunInstances because it exceeded its request rate limit.
[22:01:10.054] [R03-P04] ERROR: An error occurred (RequestLimitExceeded) when calling the RunInstances operation (reached max retries: 4): Request limit exceeded. Account 460964766037 has been throttled on ec2:RunInstances because it exceeded its request rate limit.
[22:01:13.178] [R03-P05] ERROR: An error occurred (RequestLimitExceeded) when calling the RunInstances operation (reached max retries: 4): Request limit exceeded. Account 460964766037 has been throttled on ec2:RunInstances because it exceeded its request rate limit.
[22:01:13.735] [R03-P01] ERROR: An error occurred (RequestLimitExceeded) when calling the RunInstances operation (reached max retries: 4): Request limit exceeded. Account 460964766037 has been throttled on ec2:RunInstances because it exceeded its request rate limit.
[22:01:13.821] [R03-P06] ERROR: An error occurred (RequestLimitExceeded) when calling the RunInstances operation (reached max retries: 4): Request limit exceeded. Account 460964766037 has been throttled on ec2:RunInstances because it exceeded its request rate limit.
[22:01:14.327] [R03-P03] ERROR: An error occurred (RequestLimitExceeded) when calling the RunInstances operation (reached max retries: 4): Request limit exceeded. Account 460964766037 has been throttled on ec2:RunInstances because it exceeded its request rate limit.
[22:01:17.227] [R03-P07] ERROR: An error occurred (RequestLimitExceeded) when calling the RunInstances operation (reached max retries: 4): Request limit exceeded. Account 460964766037 has been throttled on ec2:RunInstances because it exceeded its request rate limit.
[22:01:22.734] [R03-P00] SSH connected.
[22:01:23.870] [R03-P00] Waiting for SFTP slot...
[22:01:23.870] [R03-P00] Uploading segment...
[22:01:24.990] [R03-P02] Instance ready. IP: 184.73.98.63
[22:01:27.193] [R03-P00] Running compression...
[22:01:51.597] [R03-P02] SSH connected.
[22:01:53.275] [R03-P02] Waiting for SFTP slot...
[22:02:02.458] [R03-P02] Uploading segment...
[22:02:08.162] [R03-P00] Done! (79.0s)
[22:02:10.908] [R03-P00] Instance terminated.
[22:02:17.052] [R03-P02] Running compression...
[22:02:54.126] [R03-P02] Done! (123.0s)
[22:02:55.860] [R03-P02] Instance terminated.
[22:19:01.386] [c7g.large-Horiz-libvpx-vp9-R03] === Horizontal c7g.large libvpx-vp9 Run 3 ===
[22:19:01.387] [c7g.large-Horiz-libvpx-vp9-R03] Parts dir: /home/breno/doutorado/ec2sweetspot_noms2/artifacts2/phase3_scaling/video_parts_c7g_large_libvpx-vp9
[22:19:03.291] [R03-P00] Instance i-0ad20ea785e22213a launched, waiting...
[22:19:03.331] [R03-P06] Instance i-0cb7856a041585896 launched, waiting...
[22:19:03.334] [R03-P04] Instance i-06d7d55b92f17e67d launched, waiting...
[22:19:03.337] [R03-P01] Instance i-00b8ad320867c4993 launched, waiting...
[22:19:03.372] [R03-P05] Instance i-0a16e24b307cf40e2 launched, waiting...
[22:19:03.375] [R03-P02] Instance i-0f70a6ed8858e475b launched, waiting...
[22:19:03.409] [R03-P03] Instance i-0036c3c24787469f7 launched, waiting...
[22:19:03.445] [R03-P08] Instance i-010868a1728dd92aa launched, waiting...
[22:19:03.452] [R03-P09] Instance i-04240430106edcc52 launched, waiting...
[22:19:06.820] [R03-P07] Instance i-0e4b1d52d1c9e415b launched, waiting...
[22:19:19.290] [R03-P06] Instance ready. IP: 98.83.6.118
[22:19:19.292] [R03-P05] Instance ready. IP: 54.164.84.20
[22:19:19.292] [R03-P03] Instance ready. IP: 18.209.32.244
[22:19:19.294] [R03-P00] Instance ready. IP: 54.225.24.249
[22:19:19.414] [R03-P04] Instance ready. IP: 3.89.136.16
[22:19:19.417] [R03-P02] Instance ready. IP: 3.84.123.200
[22:19:19.420] [R03-P09] Instance ready. IP: 54.146.3.53
[22:19:19.425] [R03-P01] Instance ready. IP: 54.198.201.12
[22:19:20.181] [R03-P08] Instance ready. IP: 35.153.70.221
[22:19:22.574] [R03-P07] Instance ready. IP: 54.172.216.199
[22:19:45.531] [R03-P00] SSH connected.
[22:19:45.549] [R03-P03] SSH connected.
[22:19:45.578] [R03-P05] SSH connected.
[22:19:45.623] [R03-P06] SSH connected.
[22:19:45.645] [R03-P04] SSH connected.
[22:19:45.671] [R03-P01] SSH connected.
[22:19:45.702] [R03-P09] SSH connected.
[22:19:45.738] [R03-P02] SSH connected.
[22:19:46.362] [R03-P08] SSH connected.
[22:19:46.702] [R03-P06] Waiting for SFTP slot...
[22:19:46.702] [R03-P06] Uploading segment...
[22:19:46.819] [R03-P00] Waiting for SFTP slot...
[22:19:46.819] [R03-P00] Uploading segment...
[22:19:46.834] [R03-P03] Waiting for SFTP slot...
[22:19:46.835] [R03-P03] Uploading segment...
[22:19:46.886] [R03-P05] Waiting for SFTP slot...
[22:19:46.887] [R03-P05] Uploading segment...
[22:19:46.915] [R03-P01] Waiting for SFTP slot...
[22:19:46.915] [R03-P01] Uploading segment...
[22:19:46.919] [R03-P04] Waiting for SFTP slot...
[22:19:46.919] [R03-P04] Uploading segment...
[22:19:46.945] [R03-P09] Waiting for SFTP slot...
[22:19:46.945] [R03-P09] Uploading segment...
[22:19:46.986] [R03-P02] Waiting for SFTP slot...
[22:19:46.986] [R03-P02] Uploading segment...
[22:19:47.632] [R03-P08] Waiting for SFTP slot...
[22:19:47.632] [R03-P08] Uploading segment...
[22:19:49.206] [R03-P07] SSH connected.
[22:19:50.805] [R03-P07] Waiting for SFTP slot...
[22:19:50.805] [R03-P07] Uploading segment...
[22:19:51.514] [R03-P06] Running compression...
[22:19:51.531] [R03-P00] Running compression...
[22:19:51.673] [R03-P03] Running compression...
[22:19:52.809] [R03-P05] Running compression...
[22:19:52.928] [R03-P09] Running compression...
[22:19:53.121] [R03-P01] Running compression...
[22:19:53.454] [R03-P04] Running compression...
[22:19:56.594] [R03-P02] Running compression...
[22:19:58.048] [R03-P08] Running compression...
[22:19:58.806] [R03-P07] Running compression...
[22:20:22.557] [R03-P01] Done! (81.2s)
[22:20:23.201] [R03-P05] Done! (81.8s)
[22:20:23.249] [R03-P01] Instance terminated.
[22:20:23.754] [R03-P05] Instance terminated.
[22:20:24.613] [R03-P09] Done! (83.1s)
[22:20:25.135] [R03-P09] Instance terminated.
[22:20:26.441] [R03-P06] Done! (85.0s)
[22:20:27.452] [R03-P06] Instance terminated.
[22:20:28.073] [R03-P00] Done! (86.7s)
[22:20:29.138] [R03-P00] Instance terminated.
[22:20:29.912] [R03-P03] Done! (88.5s)
[22:20:29.987] [R03-P04] Done! (88.6s)
[22:20:30.920] [R03-P03] Instance terminated.
[22:20:31.011] [R03-P04] Instance terminated.
[22:20:32.723] [R03-P02] Done! (91.3s)
[22:20:33.639] [R03-P08] Done! (92.2s)
[22:20:33.797] [R03-P02] Instance terminated.
[22:20:34.685] [R03-P08] Instance terminated.
[22:20:37.134] [R03-P07] Done! (95.7s)
[22:20:38.194] [R03-P07] Instance terminated.
[22:20:38.197] [c7g.large-Horiz-libvpx-vp9-R03] ============================================================
[22:20:38.197] [c7g.large-Horiz-libvpx-vp9-R03] RESULTS — 10x c7g.large Horizontal libvpx-vp9
[22:20:38.197] [c7g.large-Horiz-libvpx-vp9-R03]   Total Time:    96.81s (1.61 min)
[22:20:38.197] [c7g.large-Horiz-libvpx-vp9-R03] ============================================================
