[22:10:15.655] [c7g.large-Horiz-libvpx-vp9-R24] === Horizontal c7g.large libvpx-vp9 Run 24 ===
[22:10:15.655] [c7g.large-Horiz-libvpx-vp9-R24] Parts dir: /home/breno/doutorado/ec2sweetspot_noms2/artifacts2/phase3_scaling/video_parts_c7g_large_libvpx-vp9
[22:10:17.516] [R24-P00] Instance i-07e46b295c4dc40bc launched, waiting...
[22:10:17.523] [R24-P01] Instance i-0f2ec01db49bcb4b6 launched, waiting...
[22:10:17.554] [R24-P02] Instance i-0efbc25dd16f01450 launched, waiting...
[22:10:17.564] [R24-P03] Instance i-023364e86d7ae909e launched, waiting...
[22:10:17.656] [R24-P04] Instance i-028c6205a72664b7a launched, waiting...
[22:10:17.675] [R24-P08] Instance i-09b87021d2eca0571 launched, waiting...
[22:10:21.599] [R24-P05] Instance i-009908bd746bf746d launched, waiting...
[22:10:21.898] [R24-P06] Instance i-02ab55241b257c024 launched, waiting...
[22:10:23.218] [R24-P09] Instance i-015fc41d4006e8976 launched, waiting...
[22:10:33.364] [R24-P00] Instance ready. IP: 54.242.201.70
[22:10:33.389] [R24-P01] Instance ready. IP: 13.217.0.187
[22:10:33.391] [R24-P03] Instance ready. IP: 54.227.46.162
[22:10:33.407] [R24-P02] Instance ready. IP: 100.48.11.18
[22:10:33.466] [R24-P04] Instance ready. IP: 35.171.85.181
[22:10:33.480] [R24-P08] Instance ready. IP: 100.55.149.123
[22:10:37.103] [R24-P07] ERROR: An error occurred (RequestLimitExceeded) when calling the RunInstances operation (reached max retries: 4): Request limit exceeded. Account 460964766037 has been throttled on ec2:RunInstances because it exceeded its request rate limit.
[22:10:37.451] [R24-P05] Instance ready. IP: 54.198.1.113
[22:10:37.713] [R24-P06] Instance ready. IP: 23.22.34.177
[22:10:39.214] [R24-P09] Instance ready. IP: 18.212.136.27
[22:11:00.008] [R24-P00] SSH connected.
[22:11:00.224] [R24-P01] SSH connected.
[22:11:00.238] [R24-P02] SSH connected.
[22:11:00.239] [R24-P03] SSH connected.
[22:11:00.720] [R24-P08] SSH connected.
[22:11:00.749] [R24-P04] SSH connected.
[22:11:01.750] [R24-P00] Waiting for SFTP slot...
[22:11:01.750] [R24-P00] Uploading segment...
[22:11:02.000] [R24-P02] Waiting for SFTP slot...
[22:11:02.000] [R24-P01] Waiting for SFTP slot...
[22:11:02.001] [R24-P03] Waiting for SFTP slot...
[22:11:02.420] [R24-P04] Waiting for SFTP slot...
[22:11:02.422] [R24-P08] Waiting for SFTP slot...
[22:11:04.569] [R24-P06] SSH connected.
[22:11:04.818] [R24-P05] SSH connected.
[22:11:06.801] [R24-P06] Waiting for SFTP slot...
[22:11:06.802] [R24-P05] Waiting for SFTP slot...
[22:11:07.208] [R24-P09] SSH connected.
[22:11:09.642] [R24-P09] Waiting for SFTP slot...
[22:11:17.382] [R24-P02] Uploading segment...
[22:11:21.886] [R24-P01] Uploading segment...
[22:11:22.231] [R24-P03] Uploading segment...
[22:11:22.232] [R24-P04] Uploading segment...
[22:11:23.814] [R24-P00] Running compression...
[22:11:23.814] [R24-P08] Uploading segment...
[22:11:25.664] [R24-P06] Uploading segment...
[22:11:27.558] [R24-P05] Uploading segment...
[22:11:54.586] [R24-P04] Running compression...
[22:11:55.878] [R24-P08] Running compression...
[22:11:56.738] [R24-P09] Uploading segment...
[22:11:57.199] [R24-P02] Running compression...
[22:11:57.199] [R24-P03] Running compression...
[22:11:57.647] [R24-P01] Running compression...
[22:11:58.279] [R24-P06] Running compression...
[22:12:03.294] [R24-P00] Done! (107.6s)
[22:12:03.523] [R24-P05] Running compression...
[22:12:05.228] [R24-P00] Instance terminated.
[22:12:21.167] [R24-P09] Running compression...
[22:12:32.662] [R24-P01] Done! (137.0s)
[22:12:33.394] [R24-P08] Done! (137.6s)
[22:12:35.013] [R24-P02] Done! (139.3s)
[22:12:35.136] [R24-P06] Done! (139.4s)
[22:12:35.706] [R24-P03] Done! (140.0s)
[22:12:45.965] [R24-P01] Instance terminated.
[22:12:46.049] [R24-P08] Instance terminated.
[22:12:46.236] [R24-P06] Instance terminated.
[22:12:46.236] [R24-P04] Done! (150.5s)
[22:12:49.368] [R24-P02] Instance terminated.
[22:12:53.118] [R24-P03] Instance terminated.
[22:12:53.493] [R24-P09] Done! (157.7s)
[22:12:53.494] [R24-P05] Done! (157.8s)
[22:13:03.553] [R24-P04] Instance terminated.
[22:13:07.370] [R24-P05] Instance terminated.
[22:13:07.408] [R24-P09] Instance terminated.
[22:22:23.924] [c7g.large-Horiz-libvpx-vp9-R24] === Horizontal c7g.large libvpx-vp9 Run 24 ===
[22:22:23.924] [c7g.large-Horiz-libvpx-vp9-R24] Parts dir: /home/breno/doutorado/ec2sweetspot_noms2/artifacts2/phase3_scaling/video_parts_c7g_large_libvpx-vp9
[22:22:25.963] [R24-P02] Instance i-0368ab53e2aa20c1a launched, waiting...
[22:22:26.011] [R24-P01] Instance i-0389b341a0ae1f363 launched, waiting...
[22:22:26.050] [R24-P03] Instance i-07c733841bf7e75a8 launched, waiting...
[22:22:26.060] [R24-P00] Instance i-09c648cfa079515cf launched, waiting...
[22:22:26.123] [R24-P08] Instance i-03e6c4995ab4c630d launched, waiting...
[22:22:26.130] [R24-P07] Instance i-04d26af93087711d4 launched, waiting...
[22:22:26.141] [R24-P05] Instance i-0220e3564c9dd964a launched, waiting...
[22:22:26.159] [R24-P09] Instance i-036b2eb1c11d14035 launched, waiting...
[22:22:26.163] [R24-P04] Instance i-04820d077792baeac launched, waiting...
[22:22:26.350] [R24-P06] Instance i-0fceaefa420230b1c launched, waiting...
[22:22:41.797] [R24-P02] Instance ready. IP: 3.86.55.120
[22:22:41.832] [R24-P01] Instance ready. IP: 3.81.220.217
[22:22:41.865] [R24-P03] Instance ready. IP: 52.91.208.66
[22:22:41.881] [R24-P00] Instance ready. IP: 100.55.26.68
[22:22:41.915] [R24-P07] Instance ready. IP: 35.173.181.47
[22:22:41.938] [R24-P09] Instance ready. IP: 34.229.227.224
[22:22:41.962] [R24-P04] Instance ready. IP: 3.82.59.151
[22:22:42.002] [R24-P05] Instance ready. IP: 54.243.2.185
[22:22:42.004] [R24-P08] Instance ready. IP: 52.90.88.253
[22:22:42.189] [R24-P06] Instance ready. IP: 13.223.53.160
[22:23:07.946] [R24-P02] SSH connected.
[22:23:07.977] [R24-P01] SSH connected.
[22:23:08.034] [R24-P03] SSH connected.
[22:23:08.040] [R24-P00] SSH connected.
[22:23:08.054] [R24-P04] SSH connected.
[22:23:08.091] [R24-P09] SSH connected.
[22:23:08.121] [R24-P07] SSH connected.
[22:23:08.169] [R24-P08] SSH connected.
[22:23:08.187] [R24-P05] SSH connected.
[22:23:08.288] [R24-P06] SSH connected.
[22:23:09.215] [R24-P04] Waiting for SFTP slot...
[22:23:09.215] [R24-P04] Uploading segment...
[22:23:09.246] [R24-P02] Waiting for SFTP slot...
[22:23:09.246] [R24-P02] Uploading segment...
[22:23:09.304] [R24-P00] Waiting for SFTP slot...
[22:23:09.304] [R24-P00] Uploading segment...
[22:23:09.340] [R24-P03] Waiting for SFTP slot...
[22:23:09.340] [R24-P03] Uploading segment...
[22:23:09.364] [R24-P01] Waiting for SFTP slot...
[22:23:09.364] [R24-P01] Uploading segment...
[22:23:09.393] [R24-P09] Waiting for SFTP slot...
[22:23:09.394] [R24-P09] Uploading segment...
[22:23:09.481] [R24-P07] Waiting for SFTP slot...
[22:23:09.481] [R24-P07] Uploading segment...
[22:23:09.536] [R24-P05] Waiting for SFTP slot...
[22:23:09.536] [R24-P05] Uploading segment...
[22:23:09.552] [R24-P08] Waiting for SFTP slot...
[22:23:09.553] [R24-P08] Uploading segment...
[22:23:09.641] [R24-P06] Waiting for SFTP slot...
[22:23:09.642] [R24-P06] Uploading segment...
[22:23:12.209] [R24-P02] Running compression...
[22:23:13.355] [R24-P04] Running compression...
[22:23:13.569] [R24-P03] Running compression...
[22:23:13.611] [R24-P00] Running compression...
[22:23:13.690] [R24-P01] Running compression...
[22:23:14.026] [R24-P09] Running compression...
[22:23:14.087] [R24-P07] Running compression...
[22:23:14.357] [R24-P05] Running compression...
[22:23:14.642] [R24-P08] Running compression...
[22:23:15.169] [R24-P06] Running compression...
[22:23:42.250] [R24-P01] Done! (78.3s)
[22:23:42.811] [R24-P01] Instance terminated.
[22:23:44.935] [R24-P05] Done! (81.0s)
[22:23:45.479] [R24-P05] Instance terminated.
[22:23:45.971] [R24-P09] Done! (81.7s)
[22:23:46.522] [R24-P09] Instance terminated.
[22:23:48.505] [R24-P02] Done! (84.6s)
[22:23:49.069] [R24-P02] Instance terminated.
[22:23:49.125] [R24-P04] Done! (85.2s)
[22:23:49.177] [R24-P08] Done! (84.9s)
[22:23:50.103] [R24-P04] Instance terminated.
[22:23:50.137] [R24-P08] Instance terminated.
[22:23:50.236] [R24-P06] Done! (85.9s)
[22:23:50.582] [R24-P00] Done! (86.6s)
[22:23:51.114] [R24-P03] Done! (87.2s)
[22:23:51.519] [R24-P06] Instance terminated.
[22:23:51.572] [R24-P00] Instance terminated.
[22:23:52.120] [R24-P03] Instance terminated.
[22:23:52.620] [R24-P07] Done! (88.3s)
[22:23:53.737] [R24-P07] Instance terminated.
[22:23:53.740] [c7g.large-Horiz-libvpx-vp9-R24] ============================================================
[22:23:53.741] [c7g.large-Horiz-libvpx-vp9-R24] RESULTS — 10x c7g.large Horizontal libvpx-vp9
[22:23:53.741] [c7g.large-Horiz-libvpx-vp9-R24]   Total Time:    89.82s (1.50 min)
[22:23:53.741] [c7g.large-Horiz-libvpx-vp9-R24] ============================================================
