[22:06:06.060] [c7g.large-Horiz-libvpx-vp9-R13] === Horizontal c7g.large libvpx-vp9 Run 13 ===
[22:06:06.060] [c7g.large-Horiz-libvpx-vp9-R13] Parts dir: /home/breno/doutorado/ec2sweetspot_noms2/artifacts2/phase3_scaling/video_parts_c7g_large_libvpx-vp9
[22:06:08.429] [R13-P01] Instance i-0767ecfadd6f871dd launched, waiting...
[22:06:08.532] [R13-P04] Instance i-09bb7916623b0a687 launched, waiting...
[22:06:08.536] [R13-P07] Instance i-07f3352c91a139b69 launched, waiting...
[22:06:08.537] [R13-P00] Instance i-0c30541a96da9ea93 launched, waiting...
[22:06:08.597] [R13-P03] Instance i-09f87275e4a63564f launched, waiting...
[22:06:08.601] [R13-P05] Instance i-09ce8bbf2f1dd38d9 launched, waiting...
[22:06:08.643] [R13-P09] Instance i-08cda2f0f25608c1f launched, waiting...
[22:06:08.646] [R13-P06] Instance i-0e3f9a7823ac3e223 launched, waiting...
[22:06:08.648] [R13-P02] Instance i-0c858434c154830b0 launched, waiting...
[22:06:12.578] [R13-P08] Instance i-0183e4bc32d09ca0a launched, waiting...
[22:06:24.481] [R13-P01] Instance ready. IP: 54.224.174.110
[22:06:24.492] [R13-P07] Instance ready. IP: 54.196.43.100
[22:06:24.513] [R13-P06] Instance ready. IP: 174.129.102.59
[22:06:24.605] [R13-P02] Instance ready. IP: 54.224.42.78
[22:06:25.285] [R13-P05] Instance ready. IP: 34.229.24.35
[22:06:25.308] [R13-P04] Instance ready. IP: 98.91.245.170
[22:06:25.310] [R13-P09] Instance ready. IP: 54.234.183.119
[22:06:25.321] [R13-P00] Instance ready. IP: 52.90.119.249
[22:06:25.323] [R13-P03] Instance ready. IP: 54.198.60.30
[22:06:29.510] [R13-P08] Instance ready. IP: 13.217.62.89
[22:06:50.708] [R13-P07] SSH connected.
[22:06:50.847] [R13-P06] SSH connected.
[22:06:50.848] [R13-P01] SSH connected.
[22:06:51.360] [R13-P02] SSH connected.
[22:06:51.681] [R13-P09] SSH connected.
[22:06:51.684] [R13-P03] SSH connected.
[22:06:51.703] [R13-P05] SSH connected.
[22:06:51.775] [R13-P00] SSH connected.
[22:06:51.802] [R13-P07] Waiting for SFTP slot...
[22:06:51.802] [R13-P07] Uploading segment...
[22:06:51.979] [R13-P06] Waiting for SFTP slot...
[22:06:51.981] [R13-P06] Uploading segment...
[22:06:51.981] [R13-P04] SSH connected.
[22:06:52.267] [R13-P01] Waiting for SFTP slot...
[22:06:52.267] [R13-P01] Uploading segment...
[22:06:52.716] [R13-P02] Waiting for SFTP slot...
[22:06:52.843] [R13-P02] Uploading segment...
[22:06:52.913] [R13-P05] Waiting for SFTP slot...
[22:06:52.913] [R13-P05] Uploading segment...
[22:06:53.006] [R13-P03] Waiting for SFTP slot...
[22:06:53.007] [R13-P03] Uploading segment...
[22:06:53.012] [R13-P00] Waiting for SFTP slot...
[22:06:53.080] [R13-P09] Waiting for SFTP slot...
[22:06:53.431] [R13-P04] Waiting for SFTP slot...
[22:06:55.771] [R13-P06] Running compression...
[22:06:55.772] [R13-P00] Uploading segment...
[22:06:55.972] [R13-P01] Running compression...
[22:06:55.972] [R13-P09] Uploading segment...
[22:06:56.039] [R13-P04] Uploading segment...
[22:06:56.138] [R13-P08] SSH connected.
[22:06:57.701] [R13-P08] Waiting for SFTP slot...
[22:06:59.032] [R13-P02] Running compression...
[22:06:59.961] [R13-P09] Running compression...
[22:07:00.801] [R13-P00] Running compression...
[22:07:00.862] [R13-P03] Running compression...
[22:07:00.942] [R13-P07] Running compression...
[22:07:00.946] [R13-P05] Running compression...
[22:07:00.947] [R13-P08] Uploading segment...
[22:07:03.258] [R13-P04] Running compression...
[22:07:06.366] [R13-P08] Running compression...
[22:07:25.674] [R13-P01] Done! (79.6s)
[22:07:26.446] [R13-P01] Instance terminated.
[22:07:30.876] [R13-P09] Done! (84.8s)
[22:07:31.550] [R13-P09] Instance terminated.
[22:07:31.610] [R13-P05] Done! (85.5s)
[22:07:31.885] [R13-P06] Done! (85.8s)
[22:07:32.284] [R13-P05] Instance terminated.
[22:07:33.050] [R13-P06] Instance terminated.
[22:07:35.363] [R13-P02] Done! (89.3s)
[22:07:36.607] [R13-P02] Instance terminated.
[22:07:36.964] [R13-P00] Done! (90.9s)
[22:07:38.161] [R13-P00] Instance terminated.
[22:07:38.179] [R13-P03] Done! (92.1s)
[22:07:38.872] [R13-P04] Done! (92.8s)
[22:07:39.273] [R13-P03] Instance terminated.
[22:07:39.313] [R13-P07] Done! (93.2s)
[22:07:40.071] [R13-P04] Instance terminated.
[22:07:40.539] [R13-P07] Instance terminated.
[22:07:42.719] [R13-P08] Done! (96.6s)
[22:07:43.800] [R13-P08] Instance terminated.
[22:07:43.803] [c7g.large-Horiz-libvpx-vp9-R13] ============================================================
[22:07:43.803] [c7g.large-Horiz-libvpx-vp9-R13] RESULTS — 10x c7g.large Horizontal libvpx-vp9
[22:07:43.803] [c7g.large-Horiz-libvpx-vp9-R13]   Total Time:    97.74s (1.63 min)
[22:07:43.803] [c7g.large-Horiz-libvpx-vp9-R13] ============================================================
