[22:10:17.971] [c7g.large-Horiz-libvpx-vp9-R25] === Horizontal c7g.large libvpx-vp9 Run 25 ===
[22:10:17.971] [c7g.large-Horiz-libvpx-vp9-R25] Parts dir: /home/breno/doutorado/ec2sweetspot_noms2/artifacts2/phase3_scaling/video_parts_c7g_large_libvpx-vp9
[22:10:20.974] [R25-P02] Instance i-09a748622ddfb877c launched, waiting...
[22:10:20.977] [R25-P03] Instance i-00d1cd0b5dcd5480d launched, waiting...
[22:10:24.348] [R25-P01] Instance i-0e4ff3dc8ef021157 launched, waiting...
[22:10:26.600] [R25-P06] Instance i-02ac7613658dabd44 launched, waiting...
[22:10:32.685] [R25-P09] Instance i-08a853f1e35d030eb launched, waiting...
[22:10:32.721] [R25-P08] Instance i-031353939a92e36d6 launched, waiting...
[22:10:35.965] [R25-P07] Instance i-0308a17c383f0a6f7 launched, waiting...
[22:10:36.905] [R25-P03] Instance ready. IP: 100.31.255.156
[22:10:36.999] [R25-P02] Instance ready. IP: 52.205.71.40
[22:10:39.014] [R25-P04] ERROR: An error occurred (RequestLimitExceeded) when calling the RunInstances operation (reached max retries: 4): Request limit exceeded. Account 460964766037 has been throttled on ec2:RunInstances because it exceeded its request rate limit.
[22:10:39.861] [R25-P00] ERROR: An error occurred (RequestLimitExceeded) when calling the RunInstances operation (reached max retries: 4): Request limit exceeded. Account 460964766037 has been throttled on ec2:RunInstances because it exceeded its request rate limit.
[22:10:40.164] [R25-P01] Instance ready. IP: 54.196.59.79
[22:10:42.246] [R25-P05] ERROR: An error occurred (RequestLimitExceeded) when calling the RunInstances operation (reached max retries: 4): Request limit exceeded. Account 460964766037 has been throttled on ec2:RunInstances because it exceeded its request rate limit.
[22:10:42.503] [R25-P06] Instance ready. IP: 18.207.193.57
[22:10:48.595] [R25-P08] Instance ready. IP: 3.81.99.131
[22:10:49.066] [R25-P09] Instance ready. IP: 54.80.185.76
[22:10:51.823] [R25-P07] Instance ready. IP: 34.230.16.85
[22:11:04.253] [R25-P02] SSH connected.
[22:11:04.253] [R25-P03] SSH connected.
[22:11:06.803] [R25-P02] Waiting for SFTP slot...
[22:11:06.806] [R25-P03] Waiting for SFTP slot...
[22:11:07.873] [R25-P01] SSH connected.
[22:11:11.278] [R25-P01] Waiting for SFTP slot...
[22:11:11.485] [R25-P06] SSH connected.
[22:11:17.493] [R25-P06] Waiting for SFTP slot...
[22:11:25.859] [R25-P02] Uploading segment...
[22:11:25.875] [R25-P08] SSH connected.
[22:11:27.558] [R25-P03] Uploading segment...
[22:11:27.561] [R25-P09] SSH connected.
[22:11:29.201] [R25-P07] SSH connected.
[22:11:31.527] [R25-P08] Waiting for SFTP slot...
[22:11:31.883] [R25-P09] Waiting for SFTP slot...
[22:11:32.141] [R25-P07] Waiting for SFTP slot...
[22:11:56.738] [R25-P03] Running compression...
[22:11:57.199] [R25-P01] Uploading segment...
[22:11:57.555] [R25-P02] Running compression...
[22:11:57.648] [R25-P06] Uploading segment...
[22:12:19.264] [R25-P06] Running compression...
[22:12:19.264] [R25-P08] Uploading segment...
[22:12:19.890] [R25-P01] Running compression...
[22:12:19.890] [R25-P09] Uploading segment...
[22:12:21.688] [R25-P07] Uploading segment...
[22:12:33.313] [R25-P02] Done! (135.3s)
[22:12:37.337] [R25-P03] Done! (139.3s)
[22:12:41.211] [R25-P08] Running compression...
[22:12:43.542] [R25-P09] Running compression...
[22:12:45.964] [R25-P02] Instance terminated.
[22:12:52.027] [R25-P07] Running compression...
[22:12:54.528] [R25-P03] Instance terminated.
[22:12:59.615] [R25-P01] Done! (161.6s)
[22:13:01.014] [R25-P06] Done! (161.8s)
[22:13:14.704] [R25-P01] Instance terminated.
[22:13:16.197] [R25-P09] Done! (177.0s)
[22:13:16.595] [R25-P06] Instance terminated.
[22:13:22.248] [R25-P08] Done! (183.1s)
[22:13:26.166] [R25-P09] Instance terminated.
[22:13:30.049] [R25-P08] Instance terminated.
[22:13:32.180] [R25-P07] Done! (193.4s)
[22:13:41.263] [R25-P07] Instance terminated.
[22:23:48.468] [c7g.large-Horiz-libvpx-vp9-R25] === Horizontal c7g.large libvpx-vp9 Run 25 ===
[22:23:48.468] [c7g.large-Horiz-libvpx-vp9-R25] Parts dir: /home/breno/doutorado/ec2sweetspot_noms2/artifacts2/phase3_scaling/video_parts_c7g_large_libvpx-vp9
[22:23:50.340] [R25-P03] Instance i-0d78f348a9be03293 launched, waiting...
[22:23:50.344] [R25-P00] Instance i-09b01113cbcb7b3ca launched, waiting...
[22:23:50.421] [R25-P05] Instance i-0f93cf77f93ebb1cf launched, waiting...
[22:23:50.423] [R25-P08] Instance i-09099c7c9e094f5be launched, waiting...
[22:23:50.441] [R25-P04] Instance i-09ffd0f8796767d56 launched, waiting...
[22:23:50.483] [R25-P02] Instance i-04f7882334f82f549 launched, waiting...
[22:23:50.493] [R25-P09] Instance i-0786bd8809756fb2d launched, waiting...
[22:23:50.506] [R25-P01] Instance i-0c3e646139e641d15 launched, waiting...
[22:23:50.509] [R25-P07] Instance i-0e08bf786e2b0fdf6 launched, waiting...
[22:23:50.551] [R25-P06] Instance i-02c488c5cb40918fc launched, waiting...
[22:24:06.097] [R25-P03] Instance ready. IP: 34.239.186.179
[22:24:06.106] [R25-P00] Instance ready. IP: 54.198.103.195
[22:24:06.133] [R25-P05] Instance ready. IP: 54.88.130.52
[22:24:06.147] [R25-P08] Instance ready. IP: 3.92.173.85
[22:24:06.159] [R25-P04] Instance ready. IP: 54.173.29.230
[22:24:06.217] [R25-P02] Instance ready. IP: 100.30.189.178
[22:24:06.233] [R25-P09] Instance ready. IP: 54.158.1.49
[22:24:06.237] [R25-P07] Instance ready. IP: 34.203.193.102
[22:24:06.256] [R25-P01] Instance ready. IP: 54.225.35.10
[22:24:06.304] [R25-P06] Instance ready. IP: 54.161.17.100
[22:24:32.194] [R25-P06] SSH connected.
[22:24:32.229] [R25-P00] SSH connected.
[22:24:32.231] [R25-P03] SSH connected.
[22:24:32.236] [R25-P05] SSH connected.
[22:24:32.242] [R25-P04] SSH connected.
[22:24:32.253] [R25-P08] SSH connected.
[22:24:32.361] [R25-P01] SSH connected.
[22:24:32.371] [R25-P02] SSH connected.
[22:24:32.407] [R25-P09] SSH connected.
[22:24:32.451] [R25-P07] SSH connected.
[22:24:33.348] [R25-P06] Waiting for SFTP slot...
[22:24:33.348] [R25-P06] Uploading segment...
[22:24:33.377] [R25-P00] Waiting for SFTP slot...
[22:24:33.377] [R25-P00] Uploading segment...
[22:24:33.420] [R25-P04] Waiting for SFTP slot...
[22:24:33.420] [R25-P04] Uploading segment...
[22:24:33.462] [R25-P01] Waiting for SFTP slot...
[22:24:33.462] [R25-P01] Uploading segment...
[22:24:33.486] [R25-P03] Waiting for SFTP slot...
[22:24:33.487] [R25-P03] Uploading segment...
[22:24:33.543] [R25-P02] Waiting for SFTP slot...
[22:24:33.543] [R25-P02] Uploading segment...
[22:24:33.561] [R25-P05] Waiting for SFTP slot...
[22:24:33.561] [R25-P05] Uploading segment...
[22:24:33.654] [R25-P08] Waiting for SFTP slot...
[22:24:33.654] [R25-P08] Uploading segment...
[22:24:33.686] [R25-P09] Waiting for SFTP slot...
[22:24:33.686] [R25-P09] Uploading segment...
[22:24:33.710] [R25-P07] Waiting for SFTP slot...
[22:24:33.710] [R25-P07] Uploading segment...
[22:24:35.553] [R25-P06] Running compression...
[22:24:36.811] [R25-P02] Running compression...
[22:24:37.002] [R25-P00] Running compression...
[22:24:37.785] [R25-P03] Running compression...
[22:24:37.851] [R25-P01] Running compression...
[22:24:38.010] [R25-P04] Running compression...
[22:24:38.393] [R25-P09] Running compression...
[22:24:39.292] [R25-P08] Running compression...
[22:24:39.724] [R25-P07] Running compression...
[22:24:40.348] [R25-P05] Running compression...
[22:25:05.919] [R25-P01] Done! (77.4s)
[22:25:06.477] [R25-P01] Instance terminated.
[22:25:09.689] [R25-P09] Done! (81.1s)
[22:25:09.959] [R25-P05] Done! (81.4s)
[22:25:10.238] [R25-P09] Instance terminated.
[22:25:10.736] [R25-P05] Instance terminated.
[22:25:11.873] [R25-P06] Done! (83.4s)
[22:25:12.426] [R25-P06] Instance terminated.
[22:25:12.896] [R25-P02] Done! (84.4s)
[22:25:13.460] [R25-P02] Instance terminated.
[22:25:13.485] [R25-P00] Done! (85.0s)
[22:25:13.732] [R25-P08] Done! (85.2s)
[22:25:14.370] [R25-P04] Done! (85.9s)
[22:25:14.617] [R25-P03] Done! (86.1s)
[22:25:14.647] [R25-P00] Instance terminated.
[22:25:14.771] [R25-P08] Instance terminated.
[22:25:15.415] [R25-P04] Instance terminated.
[22:25:15.666] [R25-P03] Instance terminated.
[22:25:17.314] [R25-P07] Done! (88.8s)
[22:25:18.347] [R25-P07] Instance terminated.
[22:25:18.351] [c7g.large-Horiz-libvpx-vp9-R25] ============================================================
[22:25:18.351] [c7g.large-Horiz-libvpx-vp9-R25] RESULTS — 10x c7g.large Horizontal libvpx-vp9
[22:25:18.351] [c7g.large-Horiz-libvpx-vp9-R25]   Total Time:    89.88s (1.50 min)
[22:25:18.351] [c7g.large-Horiz-libvpx-vp9-R25] ============================================================
