[22:03:15.338] [c7g.large-Horiz-libvpx-vp9-R10] === Horizontal c7g.large libvpx-vp9 Run 10 ===
[22:03:15.338] [c7g.large-Horiz-libvpx-vp9-R10] Parts dir: /home/breno/doutorado/ec2sweetspot_noms2/artifacts2/phase3_scaling/video_parts_c7g_large_libvpx-vp9
[22:03:18.420] [R10-P06] Instance i-0cea163548e5ff378 launched, waiting...
[22:03:18.685] [R10-P04] Instance i-0b7cc92772467b9e0 launched, waiting...
[22:03:19.227] [R10-P01] Instance i-07dc8eddae3da6496 launched, waiting...
[22:03:21.110] [R10-P02] Instance i-0b72f3519cf92efbb launched, waiting...
[22:03:21.385] [R10-P03] Instance i-0ed20d40e968c34f5 launched, waiting...
[22:03:21.663] [R10-P09] Instance i-07a7961b994b50a10 launched, waiting...
[22:03:31.451] [R10-P07] Instance i-0b1413f1dabc4975d launched, waiting...
[22:03:31.461] [R10-P00] Instance i-0a989125272634daf launched, waiting...
[22:03:31.594] [R10-P08] Instance i-07d9b97403f405e30 launched, waiting...
[22:03:31.777] [R10-P05] Instance i-04d1e78b426d6ce28 launched, waiting...
[22:03:35.748] [R10-P04] Instance ready. IP: 54.145.57.89
[22:03:36.807] [R10-P01] Instance ready. IP: 34.239.45.4
[22:03:37.915] [R10-P02] Instance ready. IP: 32.192.186.143
[22:03:38.507] [R10-P03] Instance ready. IP: 3.94.209.213
[22:03:38.600] [R10-P09] Instance ready. IP: 52.23.243.65
[22:03:47.747] [R10-P07] Instance ready. IP: 3.81.222.140
[22:03:48.198] [R10-P08] Instance ready. IP: 98.82.153.85
[22:03:48.490] [R10-P05] Instance ready. IP: 52.23.181.85
[22:03:49.526] [R10-P00] Instance ready. IP: 54.196.31.15
[22:03:51.067] [R10-P06] Instance ready. IP: 54.145.231.132
[22:04:02.635] [R10-P04] SSH connected.
[22:04:04.006] [R10-P01] SSH connected.
[22:04:04.417] [R10-P04] Waiting for SFTP slot...
[22:04:04.815] [R10-P02] SSH connected.
[22:04:05.519] [R10-P03] SSH connected.
[22:04:05.780] [R10-P01] Waiting for SFTP slot...
[22:04:05.798] [R10-P09] SSH connected.
[22:04:06.664] [R10-P02] Waiting for SFTP slot...
[22:04:07.583] [R10-P03] Waiting for SFTP slot...
[22:04:07.811] [R10-P09] Waiting for SFTP slot...
[22:04:14.632] [R10-P07] SSH connected.
[22:04:15.182] [R10-P08] SSH connected.
[22:04:15.307] [R10-P05] SSH connected.
[22:04:16.287] [R10-P07] Waiting for SFTP slot...
[22:04:16.582] [R10-P00] SSH connected.
[22:04:17.131] [R10-P05] Waiting for SFTP slot...
[22:04:17.244] [R10-P08] Waiting for SFTP slot...
[22:04:18.248] [R10-P00] Waiting for SFTP slot...
[22:04:18.410] [R10-P06] SSH connected.
[22:04:20.316] [R10-P06] Waiting for SFTP slot...
[22:05:05.085] [R10-P04] Uploading segment...
[22:05:09.661] [R10-P01] Uploading segment...
[22:05:10.007] [R10-P02] Uploading segment...
[22:05:11.765] [R10-P03] Uploading segment...
[22:05:13.603] [R10-P09] Uploading segment...
[22:05:16.225] [R10-P04] Running compression...
[22:05:16.225] [R10-P07] Uploading segment...
[22:05:20.565] [R10-P01] Running compression...
[22:05:21.127] [R10-P02] Running compression...
[22:05:21.771] [R10-P05] Uploading segment...
[22:05:22.051] [R10-P03] Running compression...
[22:05:23.749] [R10-P09] Running compression...
[22:05:23.751] [R10-P08] Uploading segment...
[22:05:24.506] [R10-P00] Uploading segment...
[22:05:27.950] [R10-P07] Running compression...
[22:05:27.950] [R10-P06] Uploading segment...
[22:05:32.926] [R10-P05] Running compression...
[22:05:33.708] [R10-P08] Running compression...
[22:05:33.810] [R10-P00] Running compression...
[22:05:39.472] [R10-P06] Running compression...
[22:05:51.106] [R10-P04] Done! (155.7s)
[22:05:53.088] [R10-P01] Done! (157.7s)
[22:05:53.110] [R10-P04] Instance terminated.
[22:05:55.837] [R10-P01] Instance terminated.
[22:05:55.990] [R10-P02] Done! (160.6s)
[22:05:57.890] [R10-P09] Done! (162.5s)
[22:05:58.314] [R10-P03] Done! (162.9s)
[22:06:02.500] [R10-P09] Instance terminated.
[22:06:02.600] [R10-P02] Instance terminated.
[22:06:02.658] [R10-P03] Instance terminated.
[22:06:03.302] [R10-P05] Done! (167.9s)
[22:06:06.031] [R10-P07] Done! (170.6s)
[22:06:06.295] [R10-P05] Instance terminated.
[22:06:07.767] [R10-P07] Instance terminated.
[22:06:08.404] [R10-P08] Done! (173.0s)
[22:06:09.692] [R10-P08] Instance terminated.
[22:06:10.648] [R10-P00] Done! (175.3s)
[22:06:11.857] [R10-P00] Instance terminated.
[22:06:14.815] [R10-P06] Done! (179.4s)
[22:06:16.321] [R10-P06] Instance terminated.
[22:06:16.324] [c7g.large-Horiz-libvpx-vp9-R10] ============================================================
[22:06:16.325] [c7g.large-Horiz-libvpx-vp9-R10] RESULTS — 10x c7g.large Horizontal libvpx-vp9
[22:06:16.325] [c7g.large-Horiz-libvpx-vp9-R10]   Total Time:    180.99s (3.02 min)
[22:06:16.325] [c7g.large-Horiz-libvpx-vp9-R10] ============================================================
