[22:03:11.665] [c7g.large-Horiz-libvpx-vp9-R09] === Horizontal c7g.large libvpx-vp9 Run 9 ===
[22:03:11.665] [c7g.large-Horiz-libvpx-vp9-R09] Parts dir: /home/breno/doutorado/ec2sweetspot_noms2/artifacts2/phase3_scaling/video_parts_c7g_large_libvpx-vp9
[22:03:15.467] [R09-P01] Instance i-00b98863ba047e063 launched, waiting...
[22:03:17.451] [R09-P07] Instance i-0fb4be4f28a0c3b5f launched, waiting...
[22:03:19.186] [R09-P09] Instance i-0575b329992c0aa83 launched, waiting...
[22:03:19.556] [R09-P02] Instance i-041b060a85fb520d7 launched, waiting...
[22:03:19.873] [R09-P00] Instance i-0245806ff47f58fcb launched, waiting...
[22:03:22.352] [R09-P05] Instance i-0950160f8b6711c45 launched, waiting...
[22:03:24.290] [R09-P04] Instance i-0fa171fdfd557931a launched, waiting...
[22:03:31.458] [R09-P08] Instance i-0dfa55c0d002edff2 launched, waiting...
[22:03:31.624] [R09-P03] Instance i-08db47799d39099a4 launched, waiting...
[22:03:31.651] [R09-P06] Instance i-0a17dafe346f492cc launched, waiting...
[22:03:31.815] [R09-P01] Instance ready. IP: 52.205.178.130
[22:03:34.237] [R09-P07] Instance ready. IP: 3.81.172.99
[22:03:36.000] [R09-P09] Instance ready. IP: 18.234.69.126
[22:03:36.413] [R09-P00] Instance ready. IP: 50.16.21.157
[22:03:38.526] [R09-P02] Instance ready. IP: 54.152.114.171
[22:03:38.576] [R09-P05] Instance ready. IP: 52.87.14.253
[22:03:40.680] [R09-P04] Instance ready. IP: 100.30.204.164
[22:03:48.051] [R09-P08] Instance ready. IP: 34.229.170.207
[22:03:48.310] [R09-P03] Instance ready. IP: 54.172.156.74
[22:03:48.888] [R09-P06] Instance ready. IP: 13.221.50.146
[22:03:59.977] [R09-P01] SSH connected.
[22:04:01.358] [R09-P01] Waiting for SFTP slot...
[22:04:01.466] [R09-P07] SSH connected.
[22:04:02.730] [R09-P09] SSH connected.
[22:04:02.956] [R09-P07] Waiting for SFTP slot...
[22:04:03.108] [R09-P00] SSH connected.
[22:04:04.484] [R09-P09] Waiting for SFTP slot...
[22:04:05.106] [R09-P00] Waiting for SFTP slot...
[22:04:05.683] [R09-P02] SSH connected.
[22:04:06.457] [R09-P05] SSH connected.
[22:04:07.486] [R09-P02] Waiting for SFTP slot...
[22:04:08.187] [R09-P04] SSH connected.
[22:04:08.320] [R09-P05] Waiting for SFTP slot...
[22:04:10.190] [R09-P04] Waiting for SFTP slot...
[22:04:14.893] [R09-P08] SSH connected.
[22:04:15.229] [R09-P03] SSH connected.
[22:04:15.797] [R09-P06] SSH connected.
[22:04:16.582] [R09-P08] Waiting for SFTP slot...
[22:04:17.204] [R09-P03] Waiting for SFTP slot...
[22:04:17.573] [R09-P06] Waiting for SFTP slot...
[22:04:53.435] [R09-P01] Uploading segment...
[22:04:59.648] [R09-P07] Uploading segment...
[22:05:05.085] [R09-P01] Running compression...
[22:05:05.153] [R09-P09] Uploading segment...
[22:05:06.439] [R09-P00] Uploading segment...
[22:05:11.324] [R09-P02] Uploading segment...
[22:05:11.764] [R09-P07] Running compression...
[22:05:13.963] [R09-P05] Uploading segment...
[22:05:14.737] [R09-P04] Uploading segment...
[22:05:16.652] [R09-P09] Running compression...
[22:05:16.652] [R09-P08] Uploading segment...
[22:05:17.679] [R09-P00] Running compression...
[22:05:21.771] [R09-P02] Running compression...
[22:05:22.051] [R09-P03] Uploading segment...
[22:05:22.124] [R09-P08] Running compression...
[22:05:24.197] [R09-P04] Running compression...
[22:05:24.197] [R09-P06] Uploading segment...
[22:05:24.506] [R09-P05] Running compression...
[22:05:32.662] [R09-P01] Done! (141.0s)
[22:05:32.925] [R09-P03] Running compression...
[22:05:33.824] [R09-P01] Instance terminated.
[22:05:34.029] [R09-P06] Running compression...
[22:05:48.783] [R09-P09] Done! (157.0s)
[22:05:49.030] [R09-P07] Done! (157.3s)
[22:05:50.323] [R09-P09] Instance terminated.
[22:05:50.452] [R09-P07] Instance terminated.
[22:05:54.631] [R09-P00] Done! (162.9s)
[22:05:56.542] [R09-P08] Done! (164.8s)
[22:05:56.818] [R09-P02] Done! (165.1s)
[22:05:56.991] [R09-P00] Instance terminated.
[22:06:01.120] [R09-P04] Done! (169.4s)
[22:06:02.599] [R09-P02] Instance terminated.
[22:06:02.606] [R09-P08] Instance terminated.
[22:06:02.946] [R09-P04] Instance terminated.
[22:06:10.654] [R09-P05] Done! (178.9s)
[22:06:11.995] [R09-P05] Instance terminated.
[22:06:13.795] [R09-P03] Done! (182.1s)
[22:06:15.198] [R09-P03] Instance terminated.
[22:06:20.311] [R09-P06] Done! (188.6s)
[22:06:21.747] [R09-P06] Instance terminated.
[22:06:21.749] [c7g.large-Horiz-libvpx-vp9-R09] ============================================================
[22:06:21.749] [c7g.large-Horiz-libvpx-vp9-R09] RESULTS — 10x c7g.large Horizontal libvpx-vp9
[22:06:21.749] [c7g.large-Horiz-libvpx-vp9-R09]   Total Time:    190.08s (3.17 min)
[22:06:21.749] [c7g.large-Horiz-libvpx-vp9-R09] ============================================================
