[22:00:50.787] [c7g.large-Serial-R26] === Serial c7g.large libx264 Run 26 ===
[22:01:06.016] [c7g.large-Serial-R26] ERROR: An error occurred (RequestLimitExceeded) when calling the RunInstances operation (reached max retries: 4): Request limit exceeded. Account 460964766037 has been throttled on ec2:RunInstances because it exceeded its request rate limit.
[22:16:16.556] [c7g.large-Serial-R26] === Serial c7g.large libx264 Run 26 ===
[22:16:19.757] [c7g.large-Serial-R26] Instance i-0c42b7113d57cbcdd launched, waiting...
[22:16:35.674] [c7g.large-Serial-R26] Instance ready. IP: 3.91.229.34
[22:17:02.038] [c7g.large-Serial-R26] SSH connected.
[22:17:03.072] [c7g.large-Serial-R26] Architecture: aarch64
[22:17:03.874] [c7g.large-Serial-R26] Waiting for SFTP slot...
[22:17:17.664] [c7g.large-Serial-R26] Uploading 10-min video...
[22:18:01.811] [c7g.large-Serial-R26] Upload complete.
[22:18:01.811] [c7g.large-Serial-R26] SETUP TIME: 105.23s
[22:18:01.811] [c7g.large-Serial-R26] Running: ffmpeg -i /home/ubuntu/input.mp4 -c:v libx264 -preset slow -b:v 2M -threads 5 -max_muxing_queue_size 1024 -y /home/ubuntu/output.mp4
[22:19:00.765] [c7g.large-Serial-R26] ENCODING TIME: 58.95s
[22:19:00.765] [c7g.large-Serial-R26] ============================================================
[22:19:00.766] [c7g.large-Serial-R26] RESULTS — c7g.large Serial libx264
[22:19:00.766] [c7g.large-Serial-R26]   Total Time:    164.18s (2.74 min)
[22:19:00.766] [c7g.large-Serial-R26]   Setup Time:    105.23s (1.75 min)
[22:19:00.766] [c7g.large-Serial-R26]   Encoding Time: 58.95s (0.98 min)
[22:19:00.766] [c7g.large-Serial-R26]   Setup %:       64.1%
[22:19:00.766] [c7g.large-Serial-R26] ============================================================
[22:19:01.868] [c7g.large-Serial-R26] Instance terminated.
