[22:08:11.424] [c7g.large-Horiz-libvpx-vp9-R19] === Horizontal c7g.large libvpx-vp9 Run 19 ===
[22:08:11.424] [c7g.large-Horiz-libvpx-vp9-R19] Parts dir: /home/breno/doutorado/ec2sweetspot_noms2/artifacts2/phase3_scaling/video_parts_c7g_large_libvpx-vp9
[22:08:13.348] [R19-P01] Instance i-06324b18a978e5de4 launched, waiting...
[22:08:13.439] [R19-P03] Instance i-0417dc8f4193af823 launched, waiting...
[22:08:13.493] [R19-P04] Instance i-05e9c328993118f0f launched, waiting...
[22:08:13.496] [R19-P02] Instance i-01d95d0061872ac57 launched, waiting...
[22:08:13.594] [R19-P06] Instance i-0cd648f2bee9e1fb6 launched, waiting...
[22:08:13.599] [R19-P05] Instance i-01a00fdf59c0ea39c launched, waiting...
[22:08:15.620] [R19-P00] Instance i-0a2fa070e89f9ec60 launched, waiting...
[22:08:16.333] [R19-P07] Instance i-0e26e3ba0acd23f5b launched, waiting...
[22:08:16.526] [R19-P09] Instance i-0c27aaeded1544b91 launched, waiting...
[22:08:20.673] [R19-P08] Instance i-0a513a4d83c3b375d launched, waiting...
[22:08:29.170] [R19-P01] Instance ready. IP: 54.166.161.211
[22:08:29.244] [R19-P03] Instance ready. IP: 54.157.33.245
[22:08:29.297] [R19-P02] Instance ready. IP: 34.207.179.88
[22:08:29.319] [R19-P04] Instance ready. IP: 54.165.106.58
[22:08:29.430] [R19-P06] Instance ready. IP: 3.84.207.139
[22:08:29.438] [R19-P05] Instance ready. IP: 100.31.63.216
[22:08:31.410] [R19-P00] Instance ready. IP: 18.209.106.202
[22:08:32.247] [R19-P07] Instance ready. IP: 107.22.24.135
[22:08:32.338] [R19-P09] Instance ready. IP: 184.73.126.85
[22:08:37.225] [R19-P08] Instance ready. IP: 54.235.41.211
[22:08:55.620] [R19-P01] SSH connected.
[22:08:55.794] [R19-P03] SSH connected.
[22:08:55.796] [R19-P02] SSH connected.
[22:08:55.796] [R19-P04] SSH connected.
[22:08:55.936] [R19-P06] SSH connected.
[22:08:56.032] [R19-P05] SSH connected.
[22:08:56.961] [R19-P04] Waiting for SFTP slot...
[22:08:56.974] [R19-P01] Waiting for SFTP slot...
[22:08:57.219] [R19-P02] Waiting for SFTP slot...
[22:08:57.274] [R19-P03] Waiting for SFTP slot...
[22:08:57.330] [R19-P06] Waiting for SFTP slot...
[22:08:57.957] [R19-P05] Waiting for SFTP slot...
[22:08:57.957] [R19-P00] SSH connected.
[22:08:58.645] [R19-P07] SSH connected.
[22:08:58.667] [R19-P09] SSH connected.
[22:08:59.266] [R19-P00] Waiting for SFTP slot...
[22:09:00.203] [R19-P09] Waiting for SFTP slot...
[22:09:00.449] [R19-P07] Waiting for SFTP slot...
[22:09:03.477] [R19-P08] SSH connected.
[22:09:04.704] [R19-P08] Waiting for SFTP slot...
[22:09:24.799] [R19-P04] Uploading segment...
[22:09:25.332] [R19-P01] Uploading segment...
[22:09:25.405] [R19-P02] Uploading segment...
[22:09:25.405] [R19-P03] Uploading segment...
[22:09:25.868] [R19-P06] Uploading segment...
[22:09:27.090] [R19-P04] Running compression...
[22:09:27.150] [R19-P05] Uploading segment...
[22:09:28.002] [R19-P00] Uploading segment...
[22:09:28.429] [R19-P09] Uploading segment...
[22:09:29.125] [R19-P07] Uploading segment...
[22:09:29.715] [R19-P01] Running compression...
[22:09:30.325] [R19-P08] Uploading segment...
[22:09:30.744] [R19-P03] Running compression...
[22:09:30.988] [R19-P02] Running compression...
[22:09:31.105] [R19-P05] Running compression...
[22:09:34.052] [R19-P06] Running compression...
[22:09:35.521] [R19-P08] Running compression...
[22:09:36.666] [R19-P09] Running compression...
[22:09:36.936] [R19-P00] Running compression...
[22:09:37.575] [R19-P07] Running compression...
[22:09:57.274] [R19-P01] Done! (105.8s)
[22:09:58.871] [R19-P01] Instance terminated.
[22:10:01.889] [R19-P05] Done! (110.4s)
[22:10:03.146] [R19-P05] Instance terminated.
[22:10:03.788] [R19-P04] Done! (112.3s)
[22:10:05.121] [R19-P04] Instance terminated.
[22:10:05.566] [R19-P02] Done! (114.1s)
[22:10:06.629] [R19-P09] Done! (115.1s)
[22:10:06.721] [R19-P02] Instance terminated.
[22:10:07.929] [R19-P09] Instance terminated.
[22:10:08.755] [R19-P06] Done! (117.3s)
[22:10:08.915] [R19-P03] Done! (117.5s)
[22:10:10.452] [R19-P08] Done! (119.0s)
[22:10:10.700] [R19-P06] Instance terminated.
[22:10:10.794] [R19-P03] Instance terminated.
[22:10:11.716] [R19-P08] Instance terminated.
[22:10:14.423] [R19-P00] Done! (123.0s)
[22:10:14.482] [R19-P07] Done! (123.0s)
[22:10:15.573] [R19-P00] Instance terminated.
[22:10:15.652] [R19-P07] Instance terminated.
[22:10:15.654] [c7g.large-Horiz-libvpx-vp9-R19] ============================================================
[22:10:15.654] [c7g.large-Horiz-libvpx-vp9-R19] RESULTS — 10x c7g.large Horizontal libvpx-vp9
[22:10:15.654] [c7g.large-Horiz-libvpx-vp9-R19]   Total Time:    124.23s (2.07 min)
[22:10:15.654] [c7g.large-Horiz-libvpx-vp9-R19] ============================================================
