[22:05:20.088] [c7g.large-Horiz-libvpx-vp9-R12] === Horizontal c7g.large libvpx-vp9 Run 12 ===
[22:05:20.088] [c7g.large-Horiz-libvpx-vp9-R12] Parts dir: /home/breno/doutorado/ec2sweetspot_noms2/artifacts2/phase3_scaling/video_parts_c7g_large_libvpx-vp9
[22:05:22.744] [R12-P00] Instance i-020c86956881df999 launched, waiting...
[22:05:22.942] [R12-P06] Instance i-0601a2efe6b1f32be launched, waiting...
[22:05:22.946] [R12-P04] Instance i-02eec1121cbdf6722 launched, waiting...
[22:05:23.109] [R12-P09] Instance i-042e96b75ec313421 launched, waiting...
[22:05:23.140] [R12-P05] Instance i-0f523a511ea0ceaca launched, waiting...
[22:05:23.142] [R12-P03] Instance i-0135e2873e6c53695 launched, waiting...
[22:05:23.266] [R12-P08] Instance i-09c5b3d4244303158 launched, waiting...
[22:05:23.294] [R12-P01] Instance i-09d5bc2ca5d9a69c5 launched, waiting...
[22:05:23.296] [R12-P07] Instance i-0223fe7199c5d89aa launched, waiting...
[22:05:23.686] [R12-P02] Instance i-0c5a76b48108098a9 launched, waiting...
[22:05:39.320] [R12-P00] Instance ready. IP: 54.92.177.201
[22:05:39.473] [R12-P04] Instance ready. IP: 100.30.179.6
[22:05:39.532] [R12-P06] Instance ready. IP: 35.173.180.151
[22:05:39.586] [R12-P07] Instance ready. IP: 3.85.174.238
[22:05:39.589] [R12-P09] Instance ready. IP: 52.90.215.192
[22:05:39.590] [R12-P05] Instance ready. IP: 107.20.120.45
[22:05:39.724] [R12-P08] Instance ready. IP: 54.80.2.75
[22:05:39.727] [R12-P01] Instance ready. IP: 204.236.201.220
[22:05:39.734] [R12-P02] Instance ready. IP: 54.161.120.102
[22:05:43.427] [R12-P03] Instance ready. IP: 3.86.68.109
[22:06:06.099] [R12-P00] SSH connected.
[22:06:06.404] [R12-P04] SSH connected.
[22:06:06.448] [R12-P07] SSH connected.
[22:06:06.451] [R12-P09] SSH connected.
[22:06:06.494] [R12-P01] SSH connected.
[22:06:06.572] [R12-P08] SSH connected.
[22:06:06.575] [R12-P06] SSH connected.
[22:06:07.202] [R12-P02] SSH connected.
[22:06:07.248] [R12-P05] SSH connected.
[22:06:07.435] [R12-P00] Waiting for SFTP slot...
[22:06:07.612] [R12-P09] Waiting for SFTP slot...
[22:06:07.621] [R12-P07] Waiting for SFTP slot...
[22:06:07.716] [R12-P06] Waiting for SFTP slot...
[22:06:07.717] [R12-P04] Waiting for SFTP slot...
[22:06:07.717] [R12-P01] Waiting for SFTP slot...
[22:06:07.974] [R12-P08] Waiting for SFTP slot...
[22:06:08.532] [R12-P05] Waiting for SFTP slot...
[22:06:08.594] [R12-P02] Waiting for SFTP slot...
[22:06:09.897] [R12-P03] SSH connected.
[22:06:11.336] [R12-P03] Waiting for SFTP slot...
[22:06:30.423] [R12-P00] Uploading segment...
[22:06:31.666] [R12-P09] Uploading segment...
[22:06:31.955] [R12-P07] Uploading segment...
[22:06:33.233] [R12-P06] Uploading segment...
[22:06:33.279] [R12-P00] Running compression...
[22:06:33.279] [R12-P04] Uploading segment...
[22:06:33.367] [R12-P01] Uploading segment...
[22:06:33.741] [R12-P08] Uploading segment...
[22:06:34.382] [R12-P05] Uploading segment...
[22:06:36.740] [R12-P02] Uploading segment...
[22:06:36.802] [R12-P04] Running compression...
[22:06:36.802] [R12-P03] Uploading segment...
[22:06:36.841] [R12-P06] Running compression...
[22:06:37.845] [R12-P01] Running compression...
[22:06:39.438] [R12-P07] Running compression...
[22:06:40.293] [R12-P09] Running compression...
[22:06:41.323] [R12-P08] Running compression...
[22:06:41.931] [R12-P02] Running compression...
[22:06:42.974] [R12-P05] Running compression...
[22:06:44.885] [R12-P03] Running compression...
[22:07:06.712] [R12-P01] Done! (106.6s)
[22:07:07.972] [R12-P01] Instance terminated.
[22:07:09.515] [R12-P00] Done! (109.4s)
[22:07:11.397] [R12-P00] Instance terminated.
[22:07:12.214] [R12-P09] Done! (112.1s)
[22:07:12.479] [R12-P06] Done! (112.3s)
[22:07:13.301] [R12-P04] Done! (113.2s)
[22:07:13.490] [R12-P09] Instance terminated.
[22:07:13.845] [R12-P06] Instance terminated.
[22:07:14.105] [R12-P05] Done! (114.0s)
[22:07:14.554] [R12-P04] Instance terminated.
[22:07:15.396] [R12-P05] Instance terminated.
[22:07:15.807] [R12-P08] Done! (115.6s)
[22:07:17.389] [R12-P08] Instance terminated.
[22:07:18.076] [R12-P02] Done! (118.0s)
[22:07:18.313] [R12-P07] Done! (118.2s)
[22:07:19.591] [R12-P02] Instance terminated.
[22:07:19.827] [R12-P07] Instance terminated.
[22:07:22.055] [R12-P03] Done! (121.9s)
[22:07:23.189] [R12-P03] Instance terminated.
[22:07:23.192] [c7g.large-Horiz-libvpx-vp9-R12] ============================================================
[22:07:23.192] [c7g.large-Horiz-libvpx-vp9-R12] RESULTS — 10x c7g.large Horizontal libvpx-vp9
[22:07:23.192] [c7g.large-Horiz-libvpx-vp9-R12]   Total Time:    123.10s (2.05 min)
[22:07:23.192] [c7g.large-Horiz-libvpx-vp9-R12] ============================================================
