[22:00:43.870] [c7g.large-Horiz-libvpx-vp9-R05] === Horizontal c7g.large libvpx-vp9 Run 5 ===
[22:00:43.871] [c7g.large-Horiz-libvpx-vp9-R05] Parts dir: /home/breno/doutorado/ec2sweetspot_noms2/artifacts2/phase3_scaling/video_parts_c7g_large_libvpx-vp9
[22:00:58.902] [R05-P02] Instance i-04100713a21ab719a launched, waiting...
[22:01:04.453] [R05-P06] Instance i-039c6081bcd5c1289 launched, waiting...
[22:01:08.341] [R05-P05] ERROR: An error occurred (RequestLimitExceeded) when calling the RunInstances operation (reached max retries: 4): Request limit exceeded. Account 460964766037 has been throttled on ec2:RunInstances because it exceeded its request rate limit.
[22:01:08.686] [R05-P01] ERROR: An error occurred (RequestLimitExceeded) when calling the RunInstances operation (reached max retries: 4): Request limit exceeded. Account 460964766037 has been throttled on ec2:RunInstances because it exceeded its request rate limit.
[22:01:08.715] [R05-P08] ERROR: An error occurred (RequestLimitExceeded) when calling the RunInstances operation (reached max retries: 4): Request limit exceeded. Account 460964766037 has been throttled on ec2:RunInstances because it exceeded its request rate limit.
[22:01:10.129] [R05-P00] ERROR: An error occurred (RequestLimitExceeded) when calling the RunInstances operation (reached max retries: 4): Request limit exceeded. Account 460964766037 has been throttled on ec2:RunInstances because it exceeded its request rate limit.
[22:01:10.585] [R05-P09] ERROR: An error occurred (RequestLimitExceeded) when calling the RunInstances operation (reached max retries: 4): Request limit exceeded. Account 460964766037 has been throttled on ec2:RunInstances because it exceeded its request rate limit.
[22:01:11.597] [R05-P04] ERROR: An error occurred (RequestLimitExceeded) when calling the RunInstances operation (reached max retries: 4): Request limit exceeded. Account 460964766037 has been throttled on ec2:RunInstances because it exceeded its request rate limit.
[22:01:11.678] [R05-P03] ERROR: An error occurred (RequestLimitExceeded) when calling the RunInstances operation (reached max retries: 4): Request limit exceeded. Account 460964766037 has been throttled on ec2:RunInstances because it exceeded its request rate limit.
[22:01:14.793] [R05-P02] Instance ready. IP: 98.80.229.47
[22:01:16.449] [R05-P07] Instance i-0623e811ac733cc8c launched, waiting...
[22:01:20.658] [R05-P06] Instance ready. IP: 54.81.66.29
[22:01:32.663] [R05-P07] Instance ready. IP: 98.91.254.167
[22:01:41.215] [R05-P02] SSH connected.
[22:01:42.524] [R05-P02] Waiting for SFTP slot...
[22:01:42.629] [R05-P02] Uploading segment...
[22:01:46.973] [R05-P06] SSH connected.
[22:01:47.413] [R05-P02] Running compression...
[22:01:48.237] [R05-P06] Waiting for SFTP slot...
[22:01:48.238] [R05-P06] Uploading segment...
[22:01:56.004] [R05-P06] Running compression...
[22:02:00.051] [R05-P07] SSH connected.
[22:02:02.340] [R05-P07] Waiting for SFTP slot...
[22:02:22.636] [R05-P07] Uploading segment...
[22:02:23.638] [R05-P02] Done! (92.4s)
[22:02:25.157] [R05-P02] Instance terminated.
[22:02:32.017] [R05-P06] Done! (98.7s)
[22:02:33.862] [R05-P06] Instance terminated.
[22:02:35.217] [R05-P07] Running compression...
[22:03:13.624] [R05-P07] Done! (140.1s)
[22:03:15.336] [R05-P07] Instance terminated.
[22:20:38.197] [c7g.large-Horiz-libvpx-vp9-R05] === Horizontal c7g.large libvpx-vp9 Run 5 ===
[22:20:38.197] [c7g.large-Horiz-libvpx-vp9-R05] Parts dir: /home/breno/doutorado/ec2sweetspot_noms2/artifacts2/phase3_scaling/video_parts_c7g_large_libvpx-vp9
[22:20:42.709] [R05-P09] Instance i-0cd4c5792be961466 launched, waiting...
[22:20:43.099] [R05-P06] Instance i-0ede180dc3f2fbb60 launched, waiting...
[22:20:44.039] [R05-P02] Instance i-0e8c5b2cd7f07b0c8 launched, waiting...
[22:20:44.223] [R05-P04] Instance i-04a71f6a9b4cbab98 launched, waiting...
[22:20:44.405] [R05-P03] Instance i-043d2dd9dff6e3e42 launched, waiting...
[22:20:44.512] [R05-P05] Instance i-04a3d5f21dd97d60b launched, waiting...
[22:20:45.981] [R05-P08] Instance i-044d47a0123177616 launched, waiting...
[22:20:46.326] [R05-P01] Instance i-0a8fbeb4c95ef9ed8 launched, waiting...
[22:20:46.519] [R05-P07] Instance i-0be6282a33bf68384 launched, waiting...
[22:20:51.058] [R05-P00] ERROR: An error occurred (RequestLimitExceeded) when calling the RunInstances operation (reached max retries: 4): Request limit exceeded. Account 460964766037 has been throttled on ec2:RunInstances because it exceeded its request rate limit.
[22:20:58.507] [R05-P09] Instance ready. IP: 18.234.203.250
[22:20:58.865] [R05-P06] Instance ready. IP: 100.24.27.155
[22:20:59.757] [R05-P02] Instance ready. IP: 54.84.155.91
[22:20:59.990] [R05-P04] Instance ready. IP: 34.229.238.35
[22:21:00.130] [R05-P03] Instance ready. IP: 3.85.139.153
[22:21:00.296] [R05-P05] Instance ready. IP: 54.198.71.11
[22:21:01.710] [R05-P08] Instance ready. IP: 18.234.153.42
[22:21:02.101] [R05-P01] Instance ready. IP: 3.92.76.176
[22:21:02.276] [R05-P07] Instance ready. IP: 3.92.164.181
[22:21:24.949] [R05-P09] SSH connected.
[22:21:25.910] [R05-P06] SSH connected.
[22:21:26.202] [R05-P02] SSH connected.
[22:21:26.272] [R05-P09] Waiting for SFTP slot...
[22:21:26.346] [R05-P04] SSH connected.
[22:21:26.567] [R05-P03] SSH connected.
[22:21:26.750] [R05-P05] SSH connected.
[22:21:27.753] [R05-P02] Waiting for SFTP slot...
[22:21:27.811] [R05-P06] Waiting for SFTP slot...
[22:21:27.812] [R05-P04] Waiting for SFTP slot...
[22:21:27.981] [R05-P03] Waiting for SFTP slot...
[22:21:28.139] [R05-P05] Waiting for SFTP slot...
[22:21:28.539] [R05-P01] SSH connected.
[22:21:28.956] [R05-P08] SSH connected.
[22:21:29.475] [R05-P07] SSH connected.
[22:21:29.740] [R05-P09] Uploading segment...
[22:21:29.755] [R05-P01] Waiting for SFTP slot...
[22:21:29.909] [R05-P02] Uploading segment...
[22:21:30.136] [R05-P08] Waiting for SFTP slot...
[22:21:30.620] [R05-P06] Uploading segment...
[22:21:30.986] [R05-P07] Waiting for SFTP slot...
[22:21:31.266] [R05-P04] Uploading segment...
[22:21:31.886] [R05-P03] Uploading segment...
[22:21:32.421] [R05-P05] Uploading segment...
[22:21:32.885] [R05-P01] Uploading segment...
[22:21:34.485] [R05-P03] Running compression...
[22:21:34.485] [R05-P08] Uploading segment...
[22:21:34.700] [R05-P02] Running compression...
[22:21:34.975] [R05-P05] Running compression...
[22:21:34.975] [R05-P07] Uploading segment...
[22:21:36.002] [R05-P06] Running compression...
[22:21:36.216] [R05-P04] Running compression...
[22:21:37.547] [R05-P09] Running compression...
[22:21:37.913] [R05-P07] Running compression...
[22:21:38.679] [R05-P01] Running compression...
[22:21:39.441] [R05-P08] Running compression...
[22:22:04.964] [R05-P05] Done! (86.7s)
[22:22:05.536] [R05-P05] Instance terminated.
[22:22:06.519] [R05-P01] Done! (88.3s)
[22:22:07.091] [R05-P01] Instance terminated.
[22:22:08.524] [R05-P09] Done! (90.3s)
[22:22:09.638] [R05-P09] Instance terminated.
[22:22:10.993] [R05-P03] Done! (92.8s)
[22:22:11.315] [R05-P02] Done! (93.1s)
[22:22:12.053] [R05-P03] Instance terminated.
[22:22:12.191] [R05-P04] Done! (94.0s)
[22:22:12.326] [R05-P02] Instance terminated.
[22:22:13.227] [R05-P04] Instance terminated.
[22:22:13.254] [R05-P06] Done! (95.0s)
[22:22:13.676] [R05-P08] Done! (95.4s)
[22:22:14.333] [R05-P06] Instance terminated.
[22:22:14.743] [R05-P08] Instance terminated.
[22:22:16.298] [R05-P07] Done! (98.0s)
[22:22:17.394] [R05-P07] Instance terminated.
[22:33:21.487] [c7g.large-Horiz-libvpx-vp9-R05] === Horizontal c7g.large libvpx-vp9 Run 5 ===
[22:33:21.487] [c7g.large-Horiz-libvpx-vp9-R05] Parts dir: /home/breno/doutorado/ec2sweetspot_noms2/artifacts2/phase3_scaling/video_parts_c7g_large_libvpx-vp9
[22:33:23.528] [R05-P00] Instance i-0f72c7dfdd73c2069 launched, waiting...
[22:33:23.588] [R05-P02] Instance i-099a70626a76ae6f9 launched, waiting...
[22:33:23.764] [R05-P08] Instance i-0229a4b270d0b123d launched, waiting...
[22:33:23.786] [R05-P03] Instance i-046c0a7d3c80aa958 launched, waiting...
[22:33:23.820] [R05-P04] Instance i-00c91b180c291fd5e launched, waiting...
[22:33:23.849] [R05-P05] Instance i-0e2cef3c83a021418 launched, waiting...
[22:33:23.871] [R05-P01] Instance i-07194db9f473a0f64 launched, waiting...
[22:33:23.877] [R05-P06] Instance i-0680e4c5d4047ab46 launched, waiting...
[22:33:23.894] [R05-P09] Instance i-0a243a331d6550ff4 launched, waiting...
[22:33:24.010] [R05-P07] Instance i-0869c277eab2dd83b launched, waiting...
[22:33:39.307] [R05-P00] Instance ready. IP: 32.192.212.65
[22:33:39.352] [R05-P02] Instance ready. IP: 18.232.58.148
[22:33:39.525] [R05-P08] Instance ready. IP: 35.153.202.178
[22:33:39.608] [R05-P01] Instance ready. IP: 54.80.56.211
[22:33:39.625] [R05-P06] Instance ready. IP: 35.175.213.254
[22:33:39.632] [R05-P09] Instance ready. IP: 100.55.43.185
[22:33:39.665] [R05-P05] Instance ready. IP: 54.166.221.140
[22:33:39.744] [R05-P07] Instance ready. IP: 54.209.2.151
[22:33:39.949] [R05-P03] Instance ready. IP: 35.153.71.225
[22:33:39.960] [R05-P04] Instance ready. IP: 18.207.200.246
[22:34:05.466] [R05-P00] SSH connected.
[22:34:05.480] [R05-P02] SSH connected.
[22:34:05.662] [R05-P08] SSH connected.
[22:34:05.672] [R05-P01] SSH connected.
[22:34:05.709] [R05-P06] SSH connected.
[22:34:05.743] [R05-P09] SSH connected.
[22:34:05.818] [R05-P05] SSH connected.
[22:34:05.826] [R05-P07] SSH connected.
[22:34:06.113] [R05-P04] SSH connected.
[22:34:06.149] [R05-P03] SSH connected.
[22:34:06.798] [R05-P02] Waiting for SFTP slot...
[22:34:06.798] [R05-P02] Uploading segment...
[22:34:06.836] [R05-P01] Waiting for SFTP slot...
[22:34:06.836] [R05-P01] Uploading segment...
[22:34:06.881] [R05-P06] Waiting for SFTP slot...
[22:34:06.881] [R05-P06] Uploading segment...
[22:34:06.891] [R05-P08] Waiting for SFTP slot...
[22:34:06.892] [R05-P08] Uploading segment...
[22:34:06.895] [R05-P09] Waiting for SFTP slot...
[22:34:06.895] [R05-P09] Uploading segment...
[22:34:06.904] [R05-P00] Waiting for SFTP slot...
[22:34:06.904] [R05-P00] Uploading segment...
[22:34:06.998] [R05-P07] Waiting for SFTP slot...
[22:34:06.998] [R05-P07] Uploading segment...
[22:34:07.171] [R05-P05] Waiting for SFTP slot...
[22:34:07.171] [R05-P05] Uploading segment...
[22:34:07.408] [R05-P04] Waiting for SFTP slot...
[22:34:07.408] [R05-P04] Uploading segment...
[22:34:07.695] [R05-P03] Waiting for SFTP slot...
[22:34:07.695] [R05-P03] Uploading segment...
[22:34:10.166] [R05-P08] Running compression...
[22:34:10.202] [R05-P02] Running compression...
[22:34:10.993] [R05-P09] Running compression...
[22:34:11.062] [R05-P06] Running compression...
[22:34:11.188] [R05-P00] Running compression...
[22:34:11.445] [R05-P01] Running compression...
[22:34:11.592] [R05-P07] Running compression...
[22:34:13.571] [R05-P05] Running compression...
[22:34:13.670] [R05-P04] Running compression...
[22:34:14.968] [R05-P03] Running compression...
[22:34:39.009] [R05-P01] Done! (77.5s)
[22:34:39.539] [R05-P01] Instance terminated.
[22:34:42.908] [R05-P09] Done! (81.0s)
[22:34:43.582] [R05-P09] Instance terminated.
[22:34:45.491] [R05-P05] Done! (83.6s)
[22:34:46.250] [R05-P05] Instance terminated.
[22:34:46.497] [R05-P08] Done! (84.6s)
[22:34:46.833] [R05-P02] Done! (85.3s)
[22:34:47.598] [R05-P00] Done! (86.1s)
[22:34:47.757] [R05-P06] Done! (85.8s)
[22:34:48.734] [R05-P07] Done! (86.8s)
[22:34:49.090] [R05-P02] Instance terminated.
[22:34:49.162] [R05-P08] Instance terminated.
[22:34:49.163] [R05-P00] Instance terminated.
[22:34:49.164] [R05-P06] Instance terminated.
[22:34:50.453] [R05-P04] Done! (88.5s)
[22:34:51.034] [R05-P07] Instance terminated.
[22:34:51.760] [R05-P03] Done! (89.9s)
[22:34:52.324] [R05-P04] Instance terminated.
[22:34:55.422] [R05-P03] Instance terminated.
[22:34:55.426] [c7g.large-Horiz-libvpx-vp9-R05] ============================================================
[22:34:55.426] [c7g.large-Horiz-libvpx-vp9-R05] RESULTS — 10x c7g.large Horizontal libvpx-vp9
[22:34:55.426] [c7g.large-Horiz-libvpx-vp9-R05]   Total Time:    93.94s (1.57 min)
[22:34:55.426] [c7g.large-Horiz-libvpx-vp9-R05] ============================================================
