[22:13:41.264] [c7g.large-Horiz-libvpx-vp9-R30] === Horizontal c7g.large libvpx-vp9 Run 30 ===
[22:13:41.264] [c7g.large-Horiz-libvpx-vp9-R30] Parts dir: /home/breno/doutorado/ec2sweetspot_noms2/artifacts2/phase3_scaling/video_parts_c7g_large_libvpx-vp9
[22:13:47.201] [R30-P08] Instance i-074608371dc3df838 launched, waiting...
[22:13:47.843] [R30-P02] Instance i-0a03e3bafffa85910 launched, waiting...
[22:13:48.697] [R30-P04] Instance i-050a18219eed1fc80 launched, waiting...
[22:13:48.703] [R30-P07] Instance i-067cb86329da1075c launched, waiting...
[22:13:49.051] [R30-P03] Instance i-04d417a9d39556e19 launched, waiting...
[22:13:49.708] [R30-P01] Instance i-09c2927c89e2da8c9 launched, waiting...
[22:13:51.613] [R30-P00] Instance i-013b8c105c6bae140 launched, waiting...
[22:13:51.889] [R30-P05] Instance i-0068ccf23810a955f launched, waiting...
[22:13:52.560] [R30-P09] Instance i-0c6f42ba0fb32400c launched, waiting...
[22:13:55.390] [R30-P06] Instance i-0f0edcaf8ab89017f launched, waiting...
[22:14:03.330] [R30-P08] Instance ready. IP: 54.162.147.173
[22:14:04.853] [R30-P02] Instance ready. IP: 100.31.66.28
[22:14:05.265] [R30-P04] Instance ready. IP: 54.205.208.57
[22:14:06.221] [R30-P07] Instance ready. IP: 54.89.2.31
[22:14:06.376] [R30-P03] Instance ready. IP: 54.210.230.39
[22:14:06.398] [R30-P01] Instance ready. IP: 52.23.152.121
[22:14:08.424] [R30-P05] Instance ready. IP: 98.87.1.14
[22:14:08.598] [R30-P00] Instance ready. IP: 13.223.52.139
[22:14:09.204] [R30-P09] Instance ready. IP: 54.92.132.12
[22:14:11.274] [R30-P06] Instance ready. IP: 35.174.10.202
[22:14:29.181] [R30-P08] SSH connected.
[22:14:30.282] [R30-P08] Waiting for SFTP slot...
[22:14:30.282] [R30-P08] Uploading segment...
[22:14:30.970] [R30-P02] SSH connected.
[22:14:31.457] [R30-P04] SSH connected.
[22:14:31.742] [R30-P08] Running compression...
[22:14:32.314] [R30-P02] Waiting for SFTP slot...
[22:14:32.315] [R30-P02] Uploading segment...
[22:14:32.332] [R30-P07] SSH connected.
[22:14:32.481] [R30-P01] SSH connected.
[22:14:32.538] [R30-P03] SSH connected.
[22:14:32.798] [R30-P04] Waiting for SFTP slot...
[22:14:32.798] [R30-P04] Uploading segment...
[22:14:33.608] [R30-P07] Waiting for SFTP slot...
[22:14:33.609] [R30-P07] Uploading segment...
[22:14:33.705] [R30-P01] Waiting for SFTP slot...
[22:14:33.705] [R30-P01] Uploading segment...
[22:14:33.865] [R30-P03] Waiting for SFTP slot...
[22:14:33.865] [R30-P03] Uploading segment...
[22:14:34.288] [R30-P02] Running compression...
[22:14:34.776] [R30-P05] SSH connected.
[22:14:34.782] [R30-P00] SSH connected.
[22:14:35.530] [R30-P09] SSH connected.
[22:14:36.304] [R30-P00] Waiting for SFTP slot...
[22:14:36.812] [R30-P05] Waiting for SFTP slot...
[22:14:36.940] [R30-P01] Running compression...
[22:14:36.940] [R30-P00] Uploading segment...
[22:14:37.297] [R30-P09] Waiting for SFTP slot...
[22:14:37.833] [R30-P03] Running compression...
[22:14:38.166] [R30-P06] SSH connected.
[22:14:38.178] [R30-P07] Running compression...
[22:14:38.178] [R30-P05] Uploading segment...
[22:14:39.617] [R30-P06] Waiting for SFTP slot...
[22:14:40.023] [R30-P04] Running compression...
[22:14:43.490] [R30-P09] Uploading segment...
[22:14:43.545] [R30-P06] Uploading segment...
[22:14:45.996] [R30-P00] Running compression...
[22:14:46.151] [R30-P05] Running compression...
[22:14:48.331] [R30-P06] Running compression...
[22:14:50.078] [R30-P09] Running compression...
[22:15:04.973] [R30-P01] Done! (83.7s)
[22:15:05.598] [R30-P01] Instance terminated.
[22:15:07.027] [R30-P08] Done! (85.2s)
[22:15:07.594] [R30-P08] Instance terminated.
[22:15:11.526] [R30-P02] Done! (90.2s)
[22:15:12.120] [R30-P02] Instance terminated.
[22:15:14.414] [R30-P03] Done! (93.1s)
[22:15:15.248] [R30-P04] Done! (93.9s)
[22:15:15.434] [R30-P03] Instance terminated.
[22:15:15.537] [R30-P07] Done! (93.7s)
[22:15:16.360] [R30-P04] Instance terminated.
[22:15:16.523] [R30-P05] Done! (95.2s)
[22:15:16.622] [R30-P07] Instance terminated.
[22:15:17.589] [R30-P05] Instance terminated.
[22:15:19.993] [R30-P09] Done! (98.2s)
[22:15:21.002] [R30-P09] Instance terminated.
[22:15:22.212] [R30-P00] Done! (100.9s)
[22:15:23.282] [R30-P00] Instance terminated.
[22:15:23.913] [R30-P06] Done! (102.2s)
[22:15:24.956] [R30-P06] Instance terminated.
[22:15:24.959] [c7g.large-Horiz-libvpx-vp9-R30] ============================================================
[22:15:24.959] [c7g.large-Horiz-libvpx-vp9-R30] RESULTS — 10x c7g.large Horizontal libvpx-vp9
[22:15:24.959] [c7g.large-Horiz-libvpx-vp9-R30]   Total Time:    103.69s (1.73 min)
[22:15:24.959] [c7g.large-Horiz-libvpx-vp9-R30] ============================================================
