[22:00:50.129] [c7g.large-Serial-R20] === Serial c7g.large libx264 Run 20 ===
[22:01:06.078] [c7g.large-Serial-R20] ERROR: An error occurred (RequestLimitExceeded) when calling the RunInstances operation (reached max retries: 4): Request limit exceeded. Account 460964766037 has been throttled on ec2:RunInstances because it exceeded its request rate limit.
[22:16:16.378] [c7g.large-Serial-R20] === Serial c7g.large libx264 Run 20 ===
[22:16:35.700] [c7g.large-Serial-R20] Instance i-0402d861cc49a4162 launched, waiting...
[22:16:51.451] [c7g.large-Serial-R20] Instance ready. IP: 13.223.50.38
[22:17:18.415] [c7g.large-Serial-R20] SSH connected.
[22:17:19.716] [c7g.large-Serial-R20] Architecture: aarch64
[22:17:20.910] [c7g.large-Serial-R20] Waiting for SFTP slot...
[22:18:05.930] [c7g.large-Serial-R20] Uploading 10-min video...
[22:18:46.108] [c7g.large-Serial-R20] Upload complete.
[22:18:46.108] [c7g.large-Serial-R20] SETUP TIME: 149.72s
[22:18:46.109] [c7g.large-Serial-R20] Running: ffmpeg -i /home/ubuntu/input.mp4 -c:v libx264 -preset slow -b:v 2M -threads 5 -max_muxing_queue_size 1024 -y /home/ubuntu/output.mp4
[22:19:43.823] [c7g.large-Serial-R20] ENCODING TIME: 57.71s
[22:19:43.823] [c7g.large-Serial-R20] ============================================================
[22:19:43.827] [c7g.large-Serial-R20] RESULTS — c7g.large Serial libx264
[22:19:43.827] [c7g.large-Serial-R20]   Total Time:    207.44s (3.46 min)
[22:19:43.827] [c7g.large-Serial-R20]   Setup Time:    149.72s (2.50 min)
[22:19:43.827] [c7g.large-Serial-R20]   Encoding Time: 57.71s (0.96 min)
[22:19:43.827] [c7g.large-Serial-R20]   Setup %:       72.2%
[22:19:43.827] [c7g.large-Serial-R20] ============================================================
[22:19:44.876] [c7g.large-Serial-R20] Instance terminated.
