[22:00:43.756] [c7g.large-Horiz-libvpx-vp9-R01] === Horizontal c7g.large libvpx-vp9 Run 1 ===
[22:00:43.757] [c7g.large-Horiz-libvpx-vp9-R01] Parts dir: /home/breno/doutorado/ec2sweetspot_noms2/artifacts2/phase3_scaling/video_parts_c7g_large_libvpx-vp9
[22:01:06.774] [R01-P04] ERROR: An error occurred (RequestLimitExceeded) when calling the RunInstances operation (reached max retries: 4): Request limit exceeded. Account 460964766037 has been throttled on ec2:RunInstances because it exceeded its request rate limit.
[22:01:07.776] [R01-P01] ERROR: An error occurred (RequestLimitExceeded) when calling the RunInstances operation (reached max retries: 4): Request limit exceeded. Account 460964766037 has been throttled on ec2:RunInstances because it exceeded its request rate limit.
[22:01:08.814] [R01-P06] Instance i-05d0f027a3c5a12bf launched, waiting...
[22:01:10.352] [R01-P03] ERROR: An error occurred (RequestLimitExceeded) when calling the RunInstances operation (reached max retries: 4): Request limit exceeded. Account 460964766037 has been throttled on ec2:RunInstances because it exceeded its request rate limit.
[22:01:10.782] [R01-P07] ERROR: An error occurred (RequestLimitExceeded) when calling the RunInstances operation (reached max retries: 4): Request limit exceeded. Account 460964766037 has been throttled on ec2:RunInstances because it exceeded its request rate limit.
[22:01:11.069] [R01-P02] ERROR: An error occurred (RequestLimitExceeded) when calling the RunInstances operation (reached max retries: 4): Request limit exceeded. Account 460964766037 has been throttled on ec2:RunInstances because it exceeded its request rate limit.
[22:01:12.606] [R01-P00] ERROR: An error occurred (RequestLimitExceeded) when calling the RunInstances operation (reached max retries: 4): Request limit exceeded. Account 460964766037 has been throttled on ec2:RunInstances because it exceeded its request rate limit.
[22:01:12.763] [R01-P08] Instance i-007182d5af59593ef launched, waiting...
[22:01:13.036] [R01-P09] Instance i-039c3f24da5fff892 launched, waiting...
[22:01:13.241] [R01-P05] ERROR: An error occurred (RequestLimitExceeded) when calling the RunInstances operation (reached max retries: 4): Request limit exceeded. Account 460964766037 has been throttled on ec2:RunInstances because it exceeded its request rate limit.
[22:01:24.989] [R01-P06] Instance ready. IP: 35.153.204.154
[22:01:28.538] [R01-P08] Instance ready. IP: 100.30.175.133
[22:01:28.834] [R01-P09] Instance ready. IP: 54.196.194.58
[22:01:51.744] [R01-P06] SSH connected.
[22:01:53.578] [R01-P06] Waiting for SFTP slot...
[22:01:56.005] [R01-P09] SSH connected.
[22:01:56.593] [R01-P08] SSH connected.
[22:01:57.530] [R01-P09] Waiting for SFTP slot...
[22:01:58.665] [R01-P08] Waiting for SFTP slot...
[22:02:08.713] [R01-P06] Uploading segment...
[22:02:17.062] [R01-P09] Uploading segment...
[22:02:19.816] [R01-P08] Uploading segment...
[22:02:20.508] [R01-P06] Running compression...
[22:02:29.101] [R01-P09] Running compression...
[22:02:33.858] [R01-P08] Running compression...
[22:02:58.031] [R01-P06] Done! (128.3s)
[22:02:59.983] [R01-P09] Done! (127.9s)
[22:03:00.038] [R01-P06] Instance terminated.
[22:03:01.843] [R01-P09] Instance terminated.
[22:03:08.144] [R01-P08] Done! (133.5s)
[22:03:11.663] [R01-P08] Instance terminated.
[22:16:13.266] [c7g.large-Horiz-libvpx-vp9-R01] === Horizontal c7g.large libvpx-vp9 Run 1 ===
[22:16:13.266] [c7g.large-Horiz-libvpx-vp9-R01] Parts dir: /home/breno/doutorado/ec2sweetspot_noms2/artifacts2/phase3_scaling/video_parts_c7g_large_libvpx-vp9
[22:16:19.355] [R01-P05] Instance i-0fa5d888a72253f44 launched, waiting...
[22:16:19.579] [R01-P01] Instance i-094b91cea7a0bc70c launched, waiting...
[22:16:19.689] [R01-P06] Instance i-0e9c1492ec3b1ffb6 launched, waiting...
[22:16:19.707] [R01-P00] Instance i-0dc347644470f1b57 launched, waiting...
[22:16:30.005] [R01-P04] Instance i-0c7a4de255a1f29e2 launched, waiting...
[22:16:32.587] [R01-P03] ERROR: An error occurred (RequestLimitExceeded) when calling the RunInstances operation (reached max retries: 4): Request limit exceeded. Account 460964766037 has been throttled on ec2:RunInstances because it exceeded its request rate limit.
[22:16:34.165] [R01-P02] ERROR: An error occurred (RequestLimitExceeded) when calling the RunInstances operation (reached max retries: 4): Request limit exceeded. Account 460964766037 has been throttled on ec2:RunInstances because it exceeded its request rate limit.
[22:16:35.123] [R01-P05] Instance ready. IP: 107.20.93.59
[22:16:35.567] [R01-P00] Instance ready. IP: 98.82.186.110
[22:16:35.584] [R01-P06] Instance ready. IP: 98.93.105.79
[22:16:35.585] [R01-P01] Instance ready. IP: 13.217.23.104
[22:16:36.661] [R01-P08] ERROR: An error occurred (RequestLimitExceeded) when calling the RunInstances operation (reached max retries: 4): Request limit exceeded. Account 460964766037 has been throttled on ec2:RunInstances because it exceeded its request rate limit.
[22:16:40.260] [R01-P07] ERROR: An error occurred (RequestLimitExceeded) when calling the RunInstances operation (reached max retries: 4): Request limit exceeded. Account 460964766037 has been throttled on ec2:RunInstances because it exceeded its request rate limit.
[22:16:40.456] [R01-P09] Instance i-050772e8b29fe8e5e launched, waiting...
[22:16:45.738] [R01-P04] Instance ready. IP: 18.212.122.107
[22:16:56.182] [R01-P09] Instance ready. IP: 54.92.188.107
[22:17:01.257] [R01-P05] SSH connected.
[22:17:01.770] [R01-P06] SSH connected.
[22:17:01.772] [R01-P01] SSH connected.
[22:17:01.771] [R01-P00] SSH connected.
[22:17:02.472] [R01-P05] Waiting for SFTP slot...
[22:17:02.472] [R01-P05] Uploading segment...
[22:17:02.841] [R01-P01] Waiting for SFTP slot...
[22:17:02.841] [R01-P01] Uploading segment...
[22:17:02.953] [R01-P06] Waiting for SFTP slot...
[22:17:02.954] [R01-P06] Uploading segment...
[22:17:03.131] [R01-P00] Waiting for SFTP slot...
[22:17:06.273] [R01-P05] Running compression...
[22:17:06.273] [R01-P00] Uploading segment...
[22:17:09.762] [R01-P01] Running compression...
[22:17:11.679] [R01-P06] Running compression...
[22:17:12.346] [R01-P04] SSH connected.
[22:17:13.873] [R01-P04] Waiting for SFTP slot...
[22:17:15.491] [R01-P00] Running compression...
[22:17:23.065] [R01-P09] SSH connected.
[22:17:25.239] [R01-P09] Waiting for SFTP slot...
[22:17:38.336] [R01-P05] Done! (81.4s)
[22:17:38.336] [R01-P01] Done! (81.9s)
[22:17:38.971] [R01-P01] Instance terminated.
[22:17:38.972] [R01-P05] Instance terminated.
[22:17:40.878] [R01-P04] Uploading segment...
[22:17:49.421] [R01-P06] Done! (92.5s)
[22:17:53.938] [R01-P06] Instance terminated.
[22:17:56.634] [R01-P04] Running compression...
[22:17:59.429] [R01-P00] Done! (103.0s)
[22:18:03.210] [R01-P00] Instance terminated.
[22:18:14.157] [R01-P09] Uploading segment...
[22:18:29.772] [R01-P09] Running compression...
[22:18:33.435] [R01-P04] Done! (136.5s)
[22:18:35.811] [R01-P04] Instance terminated.
[22:19:00.379] [R01-P09] Done! (163.4s)
[22:19:01.385] [R01-P09] Instance terminated.
[22:29:27.454] [c7g.large-Horiz-libvpx-vp9-R01] === Horizontal c7g.large libvpx-vp9 Run 1 ===
[22:29:27.454] [c7g.large-Horiz-libvpx-vp9-R01] Parts dir: /home/breno/doutorado/ec2sweetspot_noms2/artifacts2/phase3_scaling/video_parts_c7g_large_libvpx-vp9
[22:29:31.472] [R01-P05] Instance i-00439bbd683f54abf launched, waiting...
[22:29:31.493] [R01-P02] Instance i-0e8ea05becab0b050 launched, waiting...
[22:29:31.568] [R01-P03] Instance i-06659d64fcbf02295 launched, waiting...
[22:29:31.587] [R01-P00] Instance i-0e6bc7f7123821e80 launched, waiting...
[22:29:31.595] [R01-P08] Instance i-0f2ef0c7c0dbf2abf launched, waiting...
[22:29:31.846] [R01-P01] Instance i-0dfe6a71cf23f4e26 launched, waiting...
[22:29:31.848] [R01-P04] Instance i-023ab43572f7bd049 launched, waiting...
[22:29:31.851] [R01-P07] Instance i-06c9ac3ef25ae0e15 launched, waiting...
[22:29:31.983] [R01-P06] Instance i-0fb048aeef45ad50a launched, waiting...
[22:29:32.059] [R01-P09] Instance i-0ec4dbc412c0227de launched, waiting...
[22:29:47.938] [R01-P05] Instance ready. IP: 3.82.54.252
[22:29:47.950] [R01-P02] Instance ready. IP: 54.92.165.204
[22:29:48.168] [R01-P03] Instance ready. IP: 54.152.127.113
[22:29:48.284] [R01-P00] Instance ready. IP: 54.91.76.108
[22:29:48.285] [R01-P08] Instance ready. IP: 184.72.182.245
[22:29:48.342] [R01-P07] Instance ready. IP: 34.228.216.207
[22:29:48.343] [R01-P01] Instance ready. IP: 54.198.24.182
[22:29:48.367] [R01-P04] Instance ready. IP: 54.167.20.1
[22:29:48.422] [R01-P06] Instance ready. IP: 54.204.83.154
[22:29:48.426] [R01-P09] Instance ready. IP: 34.238.165.222
[22:30:14.066] [R01-P02] SSH connected.
[22:30:14.271] [R01-P05] SSH connected.
[22:30:14.391] [R01-P03] SSH connected.
[22:30:14.472] [R01-P08] SSH connected.
[22:30:14.480] [R01-P01] SSH connected.
[22:30:14.566] [R01-P06] SSH connected.
[22:30:14.626] [R01-P04] SSH connected.
[22:30:14.638] [R01-P00] SSH connected.
[22:30:14.677] [R01-P09] SSH connected.
[22:30:14.682] [R01-P07] SSH connected.
[22:30:15.101] [R01-P02] Waiting for SFTP slot...
[22:30:15.102] [R01-P02] Uploading segment...
[22:30:15.273] [R01-P05] Waiting for SFTP slot...
[22:30:15.273] [R01-P05] Uploading segment...
[22:30:15.399] [R01-P03] Waiting for SFTP slot...
[22:30:15.399] [R01-P03] Uploading segment...
[22:30:15.634] [R01-P08] Waiting for SFTP slot...
[22:30:15.634] [R01-P08] Uploading segment...
[22:30:15.695] [R01-P01] Waiting for SFTP slot...
[22:30:15.787] [R01-P06] Waiting for SFTP slot...
[22:30:15.896] [R01-P00] Waiting for SFTP slot...
[22:30:15.954] [R01-P04] Waiting for SFTP slot...
[22:30:16.067] [R01-P07] Waiting for SFTP slot...
[22:30:16.667] [R01-P09] Waiting for SFTP slot...
[22:30:17.657] [R01-P02] Running compression...
[22:30:17.658] [R01-P01] Uploading segment...
[22:30:18.581] [R01-P05] Running compression...
[22:30:20.826] [R01-P01] Running compression...
[22:30:20.888] [R01-P03] Running compression...
[22:30:20.888] [R01-P06] Uploading segment...
[22:30:21.056] [R01-P00] Uploading segment...
[22:30:21.726] [R01-P08] Running compression...
[22:30:21.726] [R01-P04] Uploading segment...
[22:30:23.196] [R01-P07] Uploading segment...
[22:30:23.985] [R01-P06] Running compression...
[22:30:23.986] [R01-P09] Uploading segment...
[22:30:25.474] [R01-P00] Running compression...
[22:30:28.311] [R01-P07] Running compression...
[22:30:29.075] [R01-P04] Running compression...
[22:30:31.833] [R01-P09] Running compression...
[22:30:48.795] [R01-P05] Done! (79.5s)
[22:30:48.882] [R01-P01] Done! (79.1s)
[22:30:49.355] [R01-P05] Instance terminated.
[22:30:49.760] [R01-P01] Instance terminated.
[22:30:52.440] [R01-P02] Done! (83.1s)
[22:30:52.999] [R01-P02] Instance terminated.
[22:30:56.718] [R01-P03] Done! (87.4s)
[22:30:57.033] [R01-P08] Done! (87.8s)
[22:30:57.765] [R01-P03] Instance terminated.
[22:30:58.098] [R01-P08] Instance terminated.
[22:31:00.734] [R01-P06] Done! (90.8s)
[22:31:01.387] [R01-P00] Done! (92.0s)
[22:31:01.846] [R01-P06] Instance terminated.
[22:31:02.256] [R01-P09] Done! (92.4s)
[22:31:02.482] [R01-P00] Instance terminated.
[22:31:03.294] [R01-P09] Instance terminated.
[22:31:05.440] [R01-P04] Done! (95.6s)
[22:31:06.497] [R01-P04] Instance terminated.
[22:31:06.842] [R01-P07] Done! (97.0s)
[22:31:07.882] [R01-P07] Instance terminated.
[22:31:07.885] [c7g.large-Horiz-libvpx-vp9-R01] ============================================================
[22:31:07.885] [c7g.large-Horiz-libvpx-vp9-R01] RESULTS — 10x c7g.large Horizontal libvpx-vp9
[22:31:07.885] [c7g.large-Horiz-libvpx-vp9-R01]   Total Time:    100.43s (1.67 min)
[22:31:07.885] [c7g.large-Horiz-libvpx-vp9-R01] ============================================================
