[22:07:23.192] [c7g.large-Horiz-libvpx-vp9-R17] === Horizontal c7g.large libvpx-vp9 Run 17 ===
[22:07:23.192] [c7g.large-Horiz-libvpx-vp9-R17] Parts dir: /home/breno/doutorado/ec2sweetspot_noms2/artifacts2/phase3_scaling/video_parts_c7g_large_libvpx-vp9
[22:07:25.463] [R17-P04] Instance i-044076ac39e1700e1 launched, waiting...
[22:07:25.491] [R17-P08] Instance i-0528beb9b1a8e38a7 launched, waiting...
[22:07:25.648] [R17-P00] Instance i-062fd31a87b9d45ed launched, waiting...
[22:07:25.866] [R17-P03] Instance i-0ab2ce474a2c5a3ed launched, waiting...
[22:07:26.055] [R17-P01] Instance i-0a2f33d1a4be71016 launched, waiting...
[22:07:26.161] [R17-P07] Instance i-0fd43daea15b50e11 launched, waiting...
[22:07:26.228] [R17-P02] Instance i-0f1218205a98bc6ca launched, waiting...
[22:07:27.764] [R17-P06] Instance i-0015b064ce988bc49 launched, waiting...
[22:07:30.392] [R17-P09] Instance i-0e80eaadfe5313f7e launched, waiting...
[22:07:30.773] [R17-P05] Instance i-00c43fb17cbd7b2bf launched, waiting...
[22:07:41.284] [R17-P04] Instance ready. IP: 3.86.11.198
[22:07:41.473] [R17-P08] Instance ready. IP: 13.217.1.102
[22:07:41.508] [R17-P00] Instance ready. IP: 54.81.38.145
[22:07:41.689] [R17-P03] Instance ready. IP: 3.85.191.10
[22:07:42.529] [R17-P01] Instance ready. IP: 54.158.134.31
[22:07:42.589] [R17-P07] Instance ready. IP: 13.218.193.193
[22:07:42.644] [R17-P02] Instance ready. IP: 54.208.96.209
[22:07:43.524] [R17-P06] Instance ready. IP: 54.225.50.141
[22:07:46.662] [R17-P09] Instance ready. IP: 54.81.50.195
[22:08:01.962] [R17-P05] Instance ready. IP: 100.24.64.74
[22:08:07.399] [R17-P04] SSH connected.
[22:08:07.620] [R17-P08] SSH connected.
[22:08:07.623] [R17-P00] SSH connected.
[22:08:07.814] [R17-P03] SSH connected.
[22:08:08.617] [R17-P01] SSH connected.
[22:08:08.623] [R17-P04] Waiting for SFTP slot...
[22:08:08.623] [R17-P04] Uploading segment...
[22:08:08.717] [R17-P07] SSH connected.
[22:08:08.763] [R17-P02] SSH connected.
[22:08:08.921] [R17-P08] Waiting for SFTP slot...
[22:08:08.922] [R17-P08] Uploading segment...
[22:08:08.958] [R17-P00] Waiting for SFTP slot...
[22:08:09.007] [R17-P03] Waiting for SFTP slot...
[22:08:09.772] [R17-P06] SSH connected.
[22:08:10.180] [R17-P01] Waiting for SFTP slot...
[22:08:10.184] [R17-P02] Waiting for SFTP slot...
[22:08:10.357] [R17-P07] Waiting for SFTP slot...
[22:08:10.859] [R17-P06] Waiting for SFTP slot...
[22:08:11.069] [R17-P00] Uploading segment...
[22:08:12.109] [R17-P03] Uploading segment...
[22:08:12.451] [R17-P04] Running compression...
[22:08:12.821] [R17-P09] SSH connected.
[22:08:13.100] [R17-P01] Uploading segment...
[22:08:13.352] [R17-P02] Uploading segment...
[22:08:14.101] [R17-P09] Waiting for SFTP slot...
[22:08:14.441] [R17-P03] Running compression...
[22:08:14.441] [R17-P07] Uploading segment...
[22:08:15.731] [R17-P08] Running compression...
[22:08:16.650] [R17-P00] Running compression...
[22:08:16.822] [R17-P06] Uploading segment...
[22:08:18.356] [R17-P07] Running compression...
[22:08:20.066] [R17-P01] Running compression...
[22:08:21.271] [R17-P02] Running compression...
[22:08:22.739] [R17-P06] Running compression...
[22:08:23.269] [R17-P09] Uploading segment...
[22:08:25.833] [R17-P09] Running compression...
[22:08:28.183] [R17-P05] SSH connected.
[22:08:29.361] [R17-P05] Waiting for SFTP slot...
[22:08:33.007] [R17-P05] Uploading segment...
[22:08:35.813] [R17-P05] Running compression...
[22:08:47.407] [R17-P04] Done! (84.2s)
[22:08:47.965] [R17-P04] Instance terminated.
[22:08:48.499] [R17-P01] Done! (85.3s)
[22:08:49.063] [R17-P01] Instance terminated.
[22:08:51.055] [R17-P08] Done! (87.8s)
[22:08:51.812] [R17-P03] Done! (88.6s)
[22:08:52.987] [R17-P00] Done! (89.8s)
[22:08:55.303] [R17-P07] Done! (92.1s)
[22:08:55.507] [R17-P09] Done! (92.3s)
[22:08:55.820] [R17-P02] Done! (92.6s)
[22:08:56.234] [R17-P03] Instance terminated.
[22:08:56.289] [R17-P08] Instance terminated.
[22:08:56.354] [R17-P00] Instance terminated.
[22:08:56.492] [R17-P07] Instance terminated.
[22:08:56.765] [R17-P09] Instance terminated.
[22:08:57.018] [R17-P02] Instance terminated.
[22:08:57.607] [R17-P06] Done! (94.4s)
[22:08:58.823] [R17-P06] Instance terminated.
[22:09:05.543] [R17-P05] Done! (102.3s)
[22:09:06.146] [R17-P05] Instance terminated.
[22:09:06.149] [c7g.large-Horiz-libvpx-vp9-R17] ============================================================
[22:09:06.149] [c7g.large-Horiz-libvpx-vp9-R17] RESULTS — 10x c7g.large Horizontal libvpx-vp9
[22:09:06.149] [c7g.large-Horiz-libvpx-vp9-R17]   Total Time:    102.96s (1.72 min)
[22:09:06.149] [c7g.large-Horiz-libvpx-vp9-R17] ============================================================
