[22:09:06.149] [c7g.large-Horiz-libvpx-vp9-R21] === Horizontal c7g.large libvpx-vp9 Run 21 ===
[22:09:06.149] [c7g.large-Horiz-libvpx-vp9-R21] Parts dir: /home/breno/doutorado/ec2sweetspot_noms2/artifacts2/phase3_scaling/video_parts_c7g_large_libvpx-vp9
[22:09:08.468] [R21-P06] Instance i-0054c7ebff61e7a6f launched, waiting...
[22:09:08.471] [R21-P04] Instance i-0e572227816fd7cfe launched, waiting...
[22:09:08.474] [R21-P03] Instance i-0d4a13d6844251c42 launched, waiting...
[22:09:08.481] [R21-P01] Instance i-05c7d19235c0ef4da launched, waiting...
[22:09:08.489] [R21-P05] Instance i-035391d56c1b6a28b launched, waiting...
[22:09:08.491] [R21-P02] Instance i-03d95690db29e109e launched, waiting...
[22:09:08.492] [R21-P00] Instance i-0272778f859ff9304 launched, waiting...
[22:09:08.494] [R21-P07] Instance i-06c93f22034a93ac1 launched, waiting...
[22:09:11.142] [R21-P09] Instance i-053b28bfcaa308542 launched, waiting...
[22:09:15.256] [R21-P08] Instance i-0239332cbe0d8fc30 launched, waiting...
[22:09:24.403] [R21-P06] Instance ready. IP: 54.173.69.234
[22:09:24.506] [R21-P00] Instance ready. IP: 52.200.92.174
[22:09:24.511] [R21-P02] Instance ready. IP: 52.71.56.93
[22:09:24.509] [R21-P07] Instance ready. IP: 52.90.123.10
[22:09:24.528] [R21-P01] Instance ready. IP: 3.82.49.237
[22:09:24.529] [R21-P03] Instance ready. IP: 98.82.185.22
[22:09:24.531] [R21-P04] Instance ready. IP: 54.198.56.103
[22:09:24.561] [R21-P05] Instance ready. IP: 34.235.160.109
[22:09:27.061] [R21-P09] Instance ready. IP: 3.90.253.50
[22:09:31.146] [R21-P08] Instance ready. IP: 54.198.90.76
[22:09:50.500] [R21-P06] SSH connected.
[22:09:50.590] [R21-P02] SSH connected.
[22:09:50.608] [R21-P07] SSH connected.
[22:09:50.644] [R21-P03] SSH connected.
[22:09:50.662] [R21-P01] SSH connected.
[22:09:50.674] [R21-P05] SSH connected.
[22:09:50.710] [R21-P04] SSH connected.
[22:09:50.731] [R21-P00] SSH connected.
[22:09:51.630] [R21-P06] Waiting for SFTP slot...
[22:09:51.630] [R21-P06] Uploading segment...
[22:09:51.751] [R21-P07] Waiting for SFTP slot...
[22:09:51.751] [R21-P07] Uploading segment...
[22:09:51.828] [R21-P02] Waiting for SFTP slot...
[22:09:51.829] [R21-P02] Uploading segment...
[22:09:51.828] [R21-P03] Waiting for SFTP slot...
[22:09:51.829] [R21-P03] Uploading segment...
[22:09:51.868] [R21-P01] Waiting for SFTP slot...
[22:09:51.869] [R21-P01] Uploading segment...
[22:09:51.924] [R21-P05] Waiting for SFTP slot...
[22:09:51.924] [R21-P05] Uploading segment...
[22:09:52.018] [R21-P04] Waiting for SFTP slot...
[22:09:52.018] [R21-P04] Uploading segment...
[22:09:52.185] [R21-P00] Waiting for SFTP slot...
[22:09:52.185] [R21-P00] Uploading segment...
[22:09:53.451] [R21-P09] SSH connected.
[22:09:54.102] [R21-P07] Running compression...
[22:09:54.969] [R21-P09] Waiting for SFTP slot...
[22:09:55.937] [R21-P06] Running compression...
[22:09:55.999] [R21-P01] Running compression...
[22:09:55.999] [R21-P09] Uploading segment...
[22:09:56.689] [R21-P03] Running compression...
[22:09:57.005] [R21-P04] Running compression...
[22:09:57.075] [R21-P02] Running compression...
[22:09:57.387] [R21-P08] SSH connected.
[22:09:58.648] [R21-P05] Running compression...
[22:09:58.677] [R21-P08] Waiting for SFTP slot...
[22:09:58.846] [R21-P00] Running compression...
[22:09:59.052] [R21-P09] Running compression...
[22:10:03.008] [R21-P08] Uploading segment...
[22:10:07.121] [R21-P08] Running compression...
[22:10:25.421] [R21-P01] Done! (79.2s)
[22:10:26.140] [R21-P01] Instance terminated.
[22:10:29.892] [R21-P05] Done! (83.7s)
[22:10:30.506] [R21-P05] Instance terminated.
[22:10:30.743] [R21-P09] Done! (84.5s)
[22:10:31.414] [R21-P09] Instance terminated.
[22:10:31.572] [R21-P02] Done! (85.4s)
[22:10:32.082] [R21-P07] Done! (85.9s)
[22:10:32.119] [R21-P06] Done! (85.9s)
[22:10:33.244] [R21-P07] Instance terminated.
[22:10:33.276] [R21-P06] Instance terminated.
[22:10:33.366] [R21-P04] Done! (87.2s)
[22:10:33.528] [R21-P03] Done! (87.3s)
[22:10:33.577] [R21-P02] Instance terminated.
[22:10:34.494] [R21-P04] Instance terminated.
[22:10:34.827] [R21-P03] Instance terminated.
[22:10:37.098] [R21-P00] Done! (90.9s)
[22:10:38.244] [R21-P00] Instance terminated.
[22:10:42.248] [R21-P08] Done! (96.0s)
[22:10:43.442] [R21-P08] Instance terminated.
[22:10:43.444] [c7g.large-Horiz-libvpx-vp9-R21] ============================================================
[22:10:43.444] [c7g.large-Horiz-libvpx-vp9-R21] RESULTS — 10x c7g.large Horizontal libvpx-vp9
[22:10:43.444] [c7g.large-Horiz-libvpx-vp9-R21]   Total Time:    97.29s (1.62 min)
[22:10:43.444] [c7g.large-Horiz-libvpx-vp9-R21] ============================================================
