[22:07:43.803] [c7g.large-Horiz-libvpx-vp9-R18] === Horizontal c7g.large libvpx-vp9 Run 18 ===
[22:07:43.803] [c7g.large-Horiz-libvpx-vp9-R18] Parts dir: /home/breno/doutorado/ec2sweetspot_noms2/artifacts2/phase3_scaling/video_parts_c7g_large_libvpx-vp9
[22:07:45.633] [R18-P01] Instance i-0faa85030f5bca4c6 launched, waiting...
[22:07:45.702] [R18-P06] Instance i-02a76f2c60a788264 launched, waiting...
[22:07:45.746] [R18-P03] Instance i-00ffc36b462ad1973 launched, waiting...
[22:07:45.751] [R18-P02] Instance i-0b9105777a6aa8e6e launched, waiting...
[22:07:45.799] [R18-P05] Instance i-0e38c4f1f1836fc36 launched, waiting...
[22:07:45.808] [R18-P07] Instance i-0038732db1144983c launched, waiting...
[22:07:45.931] [R18-P08] Instance i-0af94c3098dd58fb6 launched, waiting...
[22:07:45.935] [R18-P00] Instance i-009610ccd8f89e3b5 launched, waiting...
[22:07:48.186] [R18-P09] Instance i-0e12302da1eb53fe9 launched, waiting...
[22:07:48.552] [R18-P04] Instance i-01f10212dfb1890a0 launched, waiting...
[22:08:01.579] [R18-P01] Instance ready. IP: 98.86.219.38
[22:08:01.633] [R18-P06] Instance ready. IP: 13.217.43.119
[22:08:01.687] [R18-P02] Instance ready. IP: 23.20.29.101
[22:08:01.722] [R18-P03] Instance ready. IP: 100.54.242.250
[22:08:01.727] [R18-P07] Instance ready. IP: 54.81.51.115
[22:08:01.729] [R18-P05] Instance ready. IP: 54.209.226.171
[22:08:01.849] [R18-P08] Instance ready. IP: 34.230.3.52
[22:08:01.850] [R18-P00] Instance ready. IP: 100.55.60.108
[22:08:04.051] [R18-P09] Instance ready. IP: 54.80.201.243
[22:08:04.430] [R18-P04] Instance ready. IP: 54.162.9.88
[22:08:27.775] [R18-P06] SSH connected.
[22:08:27.793] [R18-P01] SSH connected.
[22:08:27.876] [R18-P02] SSH connected.
[22:08:27.884] [R18-P03] SSH connected.
[22:08:27.973] [R18-P07] SSH connected.
[22:08:28.012] [R18-P08] SSH connected.
[22:08:28.064] [R18-P00] SSH connected.
[22:08:28.474] [R18-P05] SSH connected.
[22:08:28.906] [R18-P06] Waiting for SFTP slot...
[22:08:28.907] [R18-P06] Uploading segment...
[22:08:29.049] [R18-P01] Waiting for SFTP slot...
[22:08:29.049] [R18-P01] Uploading segment...
[22:08:29.205] [R18-P02] Waiting for SFTP slot...
[22:08:29.206] [R18-P02] Uploading segment...
[22:08:29.239] [R18-P03] Waiting for SFTP slot...
[22:08:29.239] [R18-P03] Uploading segment...
[22:08:29.259] [R18-P08] Waiting for SFTP slot...
[22:08:29.293] [R18-P07] Waiting for SFTP slot...
[22:08:29.367] [R18-P00] Waiting for SFTP slot...
[22:08:30.184] [R18-P09] SSH connected.
[22:08:30.286] [R18-P05] Waiting for SFTP slot...
[22:08:30.975] [R18-P04] SSH connected.
[22:08:31.031] [R18-P06] Running compression...
[22:08:31.031] [R18-P08] Uploading segment...
[22:08:31.553] [R18-P09] Waiting for SFTP slot...
[22:08:32.086] [R18-P04] Waiting for SFTP slot...
[22:08:32.807] [R18-P03] Running compression...
[22:08:32.807] [R18-P07] Uploading segment...
[22:08:33.007] [R18-P08] Running compression...
[22:08:33.542] [R18-P01] Running compression...
[22:08:33.542] [R18-P00] Uploading segment...
[22:08:34.557] [R18-P02] Running compression...
[22:08:35.211] [R18-P07] Running compression...
[22:08:35.211] [R18-P05] Uploading segment...
[22:08:40.071] [R18-P00] Running compression...
[22:08:40.296] [R18-P09] Uploading segment...
[22:08:42.262] [R18-P09] Running compression...
[22:08:42.262] [R18-P04] Uploading segment...
[22:08:43.778] [R18-P04] Running compression...
[22:08:58.600] [R18-P05] Running compression...
[22:09:01.274] [R18-P01] Done! (77.5s)
[22:09:01.919] [R18-P01] Instance terminated.
[22:09:05.689] [R18-P06] Done! (81.8s)
[22:09:06.351] [R18-P06] Instance terminated.
[22:09:08.178] [R18-P08] Done! (84.3s)
[22:09:09.585] [R18-P08] Instance terminated.
[22:09:10.023] [R18-P02] Done! (86.2s)
[22:09:11.024] [R18-P03] Done! (87.2s)
[22:09:11.153] [R18-P02] Instance terminated.
[22:09:12.286] [R18-P03] Instance terminated.
[22:09:13.761] [R18-P09] Done! (89.9s)
[22:09:14.573] [R18-P07] Done! (90.7s)
[22:09:15.235] [R18-P09] Instance terminated.
[22:09:15.900] [R18-P07] Instance terminated.
[22:09:17.355] [R18-P00] Done! (93.5s)
[22:09:18.422] [R18-P04] Done! (94.6s)
[22:09:18.613] [R18-P00] Instance terminated.
[22:09:19.618] [R18-P04] Instance terminated.
[22:09:30.795] [R18-P05] Done! (106.9s)
[22:09:31.940] [R18-P05] Instance terminated.
[22:09:31.943] [c7g.large-Horiz-libvpx-vp9-R18] ============================================================
[22:09:31.943] [c7g.large-Horiz-libvpx-vp9-R18] RESULTS — 10x c7g.large Horizontal libvpx-vp9
[22:09:31.943] [c7g.large-Horiz-libvpx-vp9-R18]   Total Time:    108.14s (1.80 min)
[22:09:31.943] [c7g.large-Horiz-libvpx-vp9-R18] ============================================================
