[22:02:55.862] [c7g.large-Horiz-libvpx-vp9-R06] === Horizontal c7g.large libvpx-vp9 Run 6 ===
[22:02:55.862] [c7g.large-Horiz-libvpx-vp9-R06] Parts dir: /home/breno/doutorado/ec2sweetspot_noms2/artifacts2/phase3_scaling/video_parts_c7g_large_libvpx-vp9
[22:02:58.218] [R06-P02] Instance i-0b3c414d54dc7073b launched, waiting...
[22:02:58.222] [R06-P09] Instance i-04bd282f08aa9b93f launched, waiting...
[22:02:58.235] [R06-P03] Instance i-030e59b300e7072e3 launched, waiting...
[22:02:58.266] [R06-P08] Instance i-03a82b4a5a664471a launched, waiting...
[22:02:58.273] [R06-P00] Instance i-0effab0d63f06f68a launched, waiting...
[22:02:58.275] [R06-P05] Instance i-09f33113313c511fe launched, waiting...
[22:02:58.268] [R06-P06] Instance i-03009381b1e629d4d launched, waiting...
[22:02:58.286] [R06-P04] Instance i-066147dc8f0a42564 launched, waiting...
[22:02:58.593] [R06-P01] Instance i-0040ac65f9d7d7999 launched, waiting...
[22:02:58.656] [R06-P07] Instance i-0b386c7a3596fed11 launched, waiting...
[22:03:14.504] [R06-P03] Instance ready. IP: 54.163.109.74
[22:03:14.507] [R06-P09] Instance ready. IP: 50.17.155.165
[22:03:14.597] [R06-P05] Instance ready. IP: 98.93.106.231
[22:03:14.665] [R06-P04] Instance ready. IP: 35.173.254.190
[22:03:14.666] [R06-P00] Instance ready. IP: 3.94.254.130
[22:03:14.669] [R06-P08] Instance ready. IP: 100.54.241.29
[22:03:14.690] [R06-P02] Instance ready. IP: 3.87.19.235
[22:03:14.936] [R06-P01] Instance ready. IP: 100.55.13.192
[22:03:14.945] [R06-P07] Instance ready. IP: 54.166.206.185
[22:03:15.416] [R06-P06] Instance ready. IP: 54.198.211.105
[22:03:40.697] [R06-P03] SSH connected.
[22:03:40.995] [R06-P09] SSH connected.
[22:03:41.173] [R06-P08] SSH connected.
[22:03:41.175] [R06-P04] SSH connected.
[22:03:41.209] [R06-P05] SSH connected.
[22:03:41.277] [R06-P02] SSH connected.
[22:03:41.578] [R06-P07] SSH connected.
[22:03:41.708] [R06-P00] SSH connected.
[22:03:42.077] [R06-P06] SSH connected.
[22:03:42.150] [R06-P03] Waiting for SFTP slot...
[22:03:42.390] [R06-P01] SSH connected.
[22:03:42.393] [R06-P09] Waiting for SFTP slot...
[22:03:42.564] [R06-P04] Waiting for SFTP slot...
[22:03:42.588] [R06-P08] Waiting for SFTP slot...
[22:03:42.589] [R06-P02] Waiting for SFTP slot...
[22:03:42.962] [R06-P07] Waiting for SFTP slot...
[22:03:43.188] [R06-P00] Waiting for SFTP slot...
[22:03:43.304] [R06-P05] Waiting for SFTP slot...
[22:03:43.647] [R06-P06] Waiting for SFTP slot...
[22:03:44.293] [R06-P01] Waiting for SFTP slot...
[22:04:06.927] [R06-P03] Uploading segment...
[22:04:10.161] [R06-P09] Uploading segment...
[22:04:10.223] [R06-P04] Uploading segment...
[22:04:10.274] [R06-P08] Uploading segment...
[22:04:10.465] [R06-P02] Uploading segment...
[22:04:10.842] [R06-P07] Uploading segment...
[22:04:11.277] [R06-P00] Uploading segment...
[22:04:11.456] [R06-P05] Uploading segment...
[22:04:13.638] [R06-P06] Uploading segment...
[22:04:17.773] [R06-P01] Uploading segment...
[22:04:17.773] [R06-P03] Running compression...
[22:04:19.631] [R06-P00] Running compression...
[22:04:20.357] [R06-P08] Running compression...
[22:04:20.912] [R06-P04] Running compression...
[22:04:21.254] [R06-P07] Running compression...
[22:04:21.316] [R06-P09] Running compression...
[22:04:21.531] [R06-P02] Running compression...
[22:04:21.870] [R06-P05] Running compression...
[22:04:24.127] [R06-P06] Running compression...
[22:04:28.577] [R06-P01] Running compression...
[22:04:51.249] [R06-P09] Done! (115.3s)
[22:04:53.482] [R06-P09] Instance terminated.
[22:04:53.964] [R06-P05] Done! (118.1s)
[22:04:55.128] [R06-P08] Done! (119.2s)
[22:04:55.468] [R06-P03] Done! (119.6s)
[22:04:55.989] [R06-P00] Done! (120.1s)
[22:04:57.548] [R06-P03] Instance terminated.
[22:04:57.582] [R06-P08] Instance terminated.
[22:04:57.657] [R06-P02] Done! (121.8s)
[22:04:57.661] [R06-P00] Instance terminated.
[22:04:57.682] [R06-P04] Done! (121.8s)
[22:04:57.802] [R06-P05] Instance terminated.
[22:04:59.671] [R06-P07] Done! (123.8s)
[22:05:00.107] [R06-P04] Instance terminated.
[22:05:00.150] [R06-P02] Instance terminated.
[22:05:00.590] [R06-P01] Done! (124.7s)
[22:05:00.649] [R06-P06] Done! (124.7s)
[22:05:02.347] [R06-P07] Instance terminated.
[22:05:04.117] [R06-P01] Instance terminated.
[22:05:04.183] [R06-P06] Instance terminated.
[22:05:04.184] [c7g.large-Horiz-libvpx-vp9-R06] ============================================================
[22:05:04.184] [c7g.large-Horiz-libvpx-vp9-R06] RESULTS — 10x c7g.large Horizontal libvpx-vp9
[22:05:04.184] [c7g.large-Horiz-libvpx-vp9-R06]   Total Time:    128.32s (2.14 min)
[22:05:04.184] [c7g.large-Horiz-libvpx-vp9-R06] ============================================================
