[22:00:43.735] [m7g.large-Horiz-libvpx-vp9-R04] === Horizontal m7g.large libvpx-vp9 Run 4 ===
[22:00:43.736] [m7g.large-Horiz-libvpx-vp9-R04] Parts dir: /home/breno/doutorado/ec2sweetspot_noms2/artifacts2/phase3_scaling/video_parts_m7g_large_libvpx-vp9
[22:00:52.463] [R04-P00] Instance i-04e3758e0b0fb0095 launched, waiting...
[22:00:58.990] [R04-P01] Instance i-0c962738839b83f33 launched, waiting...
[22:01:07.114] [R04-P03] ERROR: An error occurred (RequestLimitExceeded) when calling the RunInstances operation (reached max retries: 4): Request limit exceeded. Account 460964766037 has been throttled on ec2:RunInstances because it exceeded its request rate limit.
[22:01:07.364] [R04-P06] ERROR: An error occurred (RequestLimitExceeded) when calling the RunInstances operation (reached max retries: 4): Request limit exceeded. Account 460964766037 has been throttled on ec2:RunInstances because it exceeded its request rate limit.
[22:01:10.587] [R04-P05] ERROR: An error occurred (RequestLimitExceeded) when calling the RunInstances operation (reached max retries: 4): Request limit exceeded. Account 460964766037 has been throttled on ec2:RunInstances because it exceeded its request rate limit.
[22:01:10.851] [R04-P07] ERROR: An error occurred (RequestLimitExceeded) when calling the RunInstances operation (reached max retries: 4): Request limit exceeded. Account 460964766037 has been throttled on ec2:RunInstances because it exceeded its request rate limit.
[22:01:11.228] [R04-P02] ERROR: An error occurred (RequestLimitExceeded) when calling the RunInstances operation (reached max retries: 4): Request limit exceeded. Account 460964766037 has been throttled on ec2:RunInstances because it exceeded its request rate limit.
[22:01:11.859] [R04-P00] Instance ready. IP: 35.171.166.109
[22:01:12.305] [R04-P04] ERROR: An error occurred (RequestLimitExceeded) when calling the RunInstances operation (reached max retries: 4): Request limit exceeded. Account 460964766037 has been throttled on ec2:RunInstances because it exceeded its request rate limit.
[22:01:12.712] [R04-P08] ERROR: An error occurred (RequestLimitExceeded) when calling the RunInstances operation (reached max retries: 4): Request limit exceeded. Account 460964766037 has been throttled on ec2:RunInstances because it exceeded its request rate limit.
[22:01:14.623] [R04-P09] ERROR: An error occurred (RequestLimitExceeded) when calling the RunInstances operation (reached max retries: 4): Request limit exceeded. Account 460964766037 has been throttled on ec2:RunInstances because it exceeded its request rate limit.
[22:01:14.872] [R04-P01] Instance ready. IP: 54.166.140.99
[22:01:38.432] [R04-P00] SSH connected.
[22:01:39.695] [R04-P00] Waiting for SFTP slot...
[22:01:39.695] [R04-P00] Uploading segment...
[22:01:41.215] [R04-P01] SSH connected.
[22:01:42.438] [R04-P01] Waiting for SFTP slot...
[22:01:42.438] [R04-P01] Uploading segment...
[22:01:45.354] [R04-P00] Running compression...
[22:01:46.291] [R04-P01] Running compression...
[22:02:14.995] [R04-P01] Done! (83.2s)
[22:02:15.998] [R04-P01] Instance terminated.
[22:02:21.955] [R04-P00] Done! (92.6s)
[22:02:23.258] [R04-P00] Instance terminated.
[22:18:54.192] [m7g.large-Horiz-libvpx-vp9-R04] === Horizontal m7g.large libvpx-vp9 Run 4 ===
[22:18:54.192] [m7g.large-Horiz-libvpx-vp9-R04] Parts dir: /home/breno/doutorado/ec2sweetspot_noms2/artifacts2/phase3_scaling/video_parts_m7g_large_libvpx-vp9
[22:18:56.053] [R04-P04] Instance i-0daa6d7e455fac47f launched, waiting...
[22:18:56.076] [R04-P08] Instance i-0de9b834a5a10fc3c launched, waiting...
[22:18:56.109] [R04-P07] Instance i-0d930e1fe886e03c0 launched, waiting...
[22:18:56.118] [R04-P02] Instance i-0493f3697ce40fa3a launched, waiting...
[22:18:56.140] [R04-P05] Instance i-0208dc0b8b64a3533 launched, waiting...
[22:18:56.158] [R04-P06] Instance i-083a7ea2605253566 launched, waiting...
[22:18:56.171] [R04-P03] Instance i-03344c0a593475185 launched, waiting...
[22:18:56.184] [R04-P00] Instance i-0e0550f6b6db6183a launched, waiting...
[22:18:56.188] [R04-P09] Instance i-013980b5846bd70f3 launched, waiting...
[22:18:57.004] [R04-P01] Instance i-09abc6216c67643f6 launched, waiting...
[22:19:11.873] [R04-P04] Instance ready. IP: 35.153.53.181
[22:19:11.876] [R04-P08] Instance ready. IP: 34.239.182.128
[22:19:11.879] [R04-P07] Instance ready. IP: 54.198.130.252
[22:19:11.958] [R04-P06] Instance ready. IP: 34.203.237.137
[22:19:11.960] [R04-P09] Instance ready. IP: 13.223.183.109
[22:19:11.982] [R04-P00] Instance ready. IP: 34.238.131.213
[22:19:11.995] [R04-P02] Instance ready. IP: 13.217.206.15
[22:19:12.063] [R04-P05] Instance ready. IP: 54.204.172.132
[22:19:12.370] [R04-P03] Instance ready. IP: 54.159.87.206
[22:19:12.828] [R04-P01] Instance ready. IP: 50.16.34.228
[22:19:38.169] [R04-P04] SSH connected.
[22:19:38.230] [R04-P07] SSH connected.
[22:19:38.278] [R04-P09] SSH connected.
[22:19:38.279] [R04-P06] SSH connected.
[22:19:38.300] [R04-P00] SSH connected.
[22:19:38.332] [R04-P02] SSH connected.
[22:19:38.601] [R04-P03] SSH connected.
[22:19:38.741] [R04-P05] SSH connected.
[22:19:38.770] [R04-P08] SSH connected.
[22:19:39.123] [R04-P01] SSH connected.
[22:19:39.308] [R04-P04] Waiting for SFTP slot...
[22:19:39.308] [R04-P04] Uploading segment...
[22:19:39.426] [R04-P00] Waiting for SFTP slot...
[22:19:39.426] [R04-P00] Uploading segment...
[22:19:39.455] [R04-P02] Waiting for SFTP slot...
[22:19:39.455] [R04-P02] Uploading segment...
[22:19:39.546] [R04-P07] Waiting for SFTP slot...
[22:19:39.546] [R04-P07] Uploading segment...
[22:19:39.555] [R04-P06] Waiting for SFTP slot...
[22:19:39.555] [R04-P06] Uploading segment...
[22:19:39.892] [R04-P08] Waiting for SFTP slot...
[22:19:39.892] [R04-P08] Uploading segment...
[22:19:39.912] [R04-P09] Waiting for SFTP slot...
[22:19:39.912] [R04-P09] Uploading segment...
[22:19:39.991] [R04-P03] Waiting for SFTP slot...
[22:19:39.991] [R04-P03] Uploading segment...
[22:19:40.007] [R04-P05] Waiting for SFTP slot...
[22:19:40.007] [R04-P05] Uploading segment...
[22:19:40.597] [R04-P01] Waiting for SFTP slot...
[22:19:42.233] [R04-P04] Running compression...
[22:19:42.233] [R04-P01] Uploading segment...
[22:19:42.409] [R04-P00] Running compression...
[22:19:43.403] [R04-P07] Running compression...
[22:19:43.614] [R04-P02] Running compression...
[22:19:44.111] [R04-P06] Running compression...
[22:19:45.192] [R04-P05] Running compression...
[22:19:45.896] [R04-P08] Running compression...
[22:19:46.764] [R04-P09] Running compression...
[22:19:47.275] [R04-P03] Running compression...
[22:19:47.593] [R04-P01] Running compression...
[22:20:15.606] [R04-P01] Done! (81.4s)
[22:20:15.957] [R04-P05] Done! (81.7s)
[22:20:16.178] [R04-P01] Instance terminated.
[22:20:16.524] [R04-P05] Instance terminated.
[22:20:16.829] [R04-P09] Done! (82.6s)
[22:20:17.387] [R04-P09] Instance terminated.
[22:20:17.412] [R04-P04] Done! (83.2s)
[22:20:18.063] [R04-P04] Instance terminated.
[22:20:19.174] [R04-P00] Done! (85.0s)
[22:20:19.531] [R04-P02] Done! (85.3s)
[22:20:20.208] [R04-P06] Done! (86.0s)
[22:20:20.329] [R04-P07] Done! (86.1s)
[22:20:20.805] [R04-P02] Instance terminated.
[22:20:20.806] [R04-P00] Instance terminated.
[22:20:21.162] [R04-P08] Done! (86.9s)
[22:20:21.415] [R04-P06] Instance terminated.
[22:20:21.580] [R04-P07] Instance terminated.
[22:20:22.211] [R04-P08] Instance terminated.
[22:20:25.046] [R04-P03] Done! (90.8s)
[22:20:26.103] [R04-P03] Instance terminated.
[22:20:26.107] [m7g.large-Horiz-libvpx-vp9-R04] ============================================================
[22:20:26.107] [m7g.large-Horiz-libvpx-vp9-R04] RESULTS — 10x m7g.large Horizontal libvpx-vp9
[22:20:26.107] [m7g.large-Horiz-libvpx-vp9-R04]   Total Time:    91.91s (1.53 min)
[22:20:26.107] [m7g.large-Horiz-libvpx-vp9-R04] ============================================================
