[22:06:25.258] [m7g.large-Horiz-libx264-R19] === Horizontal m7g.large libx264 Run 19 ===
[22:06:25.258] [m7g.large-Horiz-libx264-R19] Parts dir: /home/breno/doutorado/ec2sweetspot_noms2/artifacts2/phase3_scaling/video_parts_m7g_large_libx264
[22:06:27.509] [R19-P08] Instance i-0a8d08b2cc90b5696 launched, waiting...
[22:06:27.561] [R19-P00] Instance i-037bafca436b647c9 launched, waiting...
[22:06:27.629] [R19-P04] Instance i-0548778c58188d7c4 launched, waiting...
[22:06:27.654] [R19-P03] Instance i-071bc063712aeafd9 launched, waiting...
[22:06:30.212] [R19-P07] Instance i-002b63385bc81ab49 launched, waiting...
[22:06:30.421] [R19-P05] Instance i-07d1096d819ba765b launched, waiting...
[22:06:37.097] [R19-P09] Instance i-010c46475717d4d78 launched, waiting...
[22:06:40.430] [R19-P06] ERROR: An error occurred (RequestLimitExceeded) when calling the RunInstances operation (reached max retries: 4): Request limit exceeded. Account 460964766037 has been throttled on ec2:RunInstances because it exceeded its request rate limit.
[22:06:44.230] [R19-P03] Instance ready. IP: 35.171.85.201
[22:06:44.309] [R19-P00] Instance ready. IP: 18.234.135.96
[22:06:44.311] [R19-P08] Instance ready. IP: 98.87.153.148
[22:06:44.338] [R19-P01] Instance i-0ee46b34c4d19a922 launched, waiting...
[22:06:45.278] [R19-P04] Instance ready. IP: 54.158.111.51
[22:06:46.445] [R19-P07] Instance ready. IP: 54.211.244.170
[22:06:47.094] [R19-P05] Instance ready. IP: 52.71.248.163
[22:06:48.755] [R19-P02] Instance i-06a9a99dab1ab1343 launched, waiting...
[22:06:53.575] [R19-P09] Instance ready. IP: 107.22.56.24
[22:07:01.394] [R19-P01] Instance ready. IP: 54.81.105.239
[22:07:05.916] [R19-P02] Instance ready. IP: 98.91.235.173
[22:07:10.751] [R19-P03] SSH connected.
[22:07:10.974] [R19-P08] SSH connected.
[22:07:11.140] [R19-P00] SSH connected.
[22:07:12.033] [R19-P04] SSH connected.
[22:07:12.432] [R19-P00] Waiting for SFTP slot...
[22:07:12.450] [R19-P08] Waiting for SFTP slot...
[22:07:12.757] [R19-P03] Waiting for SFTP slot...
[22:07:12.882] [R19-P07] SSH connected.
[22:07:13.414] [R19-P05] SSH connected.
[22:07:13.415] [R19-P04] Waiting for SFTP slot...
[22:07:14.285] [R19-P07] Waiting for SFTP slot...
[22:07:14.891] [R19-P05] Waiting for SFTP slot...
[22:07:20.052] [R19-P09] SSH connected.
[22:07:21.939] [R19-P09] Waiting for SFTP slot...
[22:07:24.584] [R19-P00] Uploading segment...
[22:07:25.880] [R19-P08] Uploading segment...
[22:07:26.052] [R19-P03] Uploading segment...
[22:07:26.699] [R19-P04] Uploading segment...
[22:07:27.689] [R19-P01] SSH connected.
[22:07:27.927] [R19-P00] Running compression...
[22:07:28.258] [R19-P08] Running compression...
[22:07:28.622] [R19-P07] Uploading segment...
[22:07:28.916] [R19-P01] Waiting for SFTP slot...
[22:07:29.560] [R19-P05] Uploading segment...
[22:07:30.835] [R19-P03] Running compression...
[22:07:32.001] [R19-P05] Running compression...
[22:07:32.331] [R19-P02] SSH connected.
[22:07:33.559] [R19-P02] Waiting for SFTP slot...
[22:07:33.565] [R19-P07] Running compression...
[22:07:33.907] [R19-P04] Running compression...
[22:07:33.907] [R19-P09] Uploading segment...
[22:07:35.954] [R19-P08] Done! (70.6s)
[22:07:36.147] [R19-P00] Done! (70.9s)
[22:07:36.605] [R19-P08] Instance terminated.
[22:07:36.757] [R19-P00] Instance terminated.
[22:07:37.742] [R19-P01] Uploading segment...
[22:07:38.195] [R19-P02] Uploading segment...
[22:07:38.812] [R19-P03] Done! (73.5s)
[22:07:39.406] [R19-P03] Instance terminated.
[22:07:40.019] [R19-P05] Done! (74.7s)
[22:07:40.451] [R19-P09] Running compression...
[22:07:40.567] [R19-P01] Running compression...
[22:07:40.599] [R19-P05] Instance terminated.
[22:07:40.917] [R19-P04] Done! (75.6s)
[22:07:41.507] [R19-P04] Instance terminated.
[22:07:41.859] [R19-P07] Done! (76.5s)
[22:07:42.475] [R19-P07] Instance terminated.
[22:07:44.177] [R19-P02] Running compression...
[22:07:46.696] [R19-P09] Done! (81.4s)
[22:07:47.247] [R19-P09] Instance terminated.
[22:07:47.308] [R19-P01] Done! (82.0s)
[22:07:47.878] [R19-P01] Instance terminated.
[22:07:51.119] [R19-P02] Done! (85.8s)
[22:07:51.717] [R19-P02] Instance terminated.
[22:21:41.614] [m7g.large-Horiz-libx264-R19] === Horizontal m7g.large libx264 Run 19 ===
[22:21:41.614] [m7g.large-Horiz-libx264-R19] Parts dir: /home/breno/doutorado/ec2sweetspot_noms2/artifacts2/phase3_scaling/video_parts_m7g_large_libx264
[22:21:46.247] [R19-P05] Instance i-0b2ef06a0ed209ad1 launched, waiting...
[22:21:46.342] [R19-P07] Instance i-0a8dffb6e191d60aa launched, waiting...
[22:21:46.518] [R19-P02] Instance i-03cc592d86bd7924b launched, waiting...
[22:21:48.611] [R19-P06] Instance i-071772e0354687c45 launched, waiting...
[22:21:48.946] [R19-P01] Instance i-0f2ebe62c729e00cf launched, waiting...
[22:21:49.094] [R19-P04] Instance i-0bef0b83ee73dd7e9 launched, waiting...
[22:21:49.337] [R19-P09] Instance i-0bf37ab6e3ddd639f launched, waiting...
[22:21:49.418] [R19-P03] Instance i-08493d5029417e0dd launched, waiting...
[22:21:50.953] [R19-P08] Instance i-04d3ac7dc200a05ca launched, waiting...
[22:21:51.549] [R19-P00] Instance i-0d43f96cb5faec97c launched, waiting...
[22:22:02.004] [R19-P05] Instance ready. IP: 13.221.219.7
[22:22:02.102] [R19-P07] Instance ready. IP: 54.237.213.143
[22:22:02.295] [R19-P02] Instance ready. IP: 54.80.229.202
[22:22:04.378] [R19-P06] Instance ready. IP: 3.81.92.18
[22:22:04.680] [R19-P01] Instance ready. IP: 100.30.173.208
[22:22:04.904] [R19-P04] Instance ready. IP: 54.166.202.13
[22:22:05.152] [R19-P09] Instance ready. IP: 54.92.153.233
[22:22:05.218] [R19-P03] Instance ready. IP: 13.217.10.249
[22:22:06.763] [R19-P08] Instance ready. IP: 52.90.17.227
[22:22:07.370] [R19-P00] Instance ready. IP: 52.23.254.160
[22:22:28.565] [R19-P07] SSH connected.
[22:22:28.565] [R19-P05] SSH connected.
[22:22:28.833] [R19-P02] SSH connected.
[22:22:29.827] [R19-P05] Waiting for SFTP slot...
[22:22:29.828] [R19-P05] Uploading segment...
[22:22:29.827] [R19-P07] Waiting for SFTP slot...
[22:22:29.965] [R19-P07] Uploading segment...
[22:22:30.268] [R19-P02] Waiting for SFTP slot...
[22:22:30.345] [R19-P02] Uploading segment...
[22:22:30.818] [R19-P06] SSH connected.
[22:22:31.088] [R19-P01] SSH connected.
[22:22:31.150] [R19-P04] SSH connected.
[22:22:31.377] [R19-P09] SSH connected.
[22:22:31.587] [R19-P03] SSH connected.
[22:22:32.043] [R19-P06] Waiting for SFTP slot...
[22:22:32.043] [R19-P06] Uploading segment...
[22:22:32.284] [R19-P04] Waiting for SFTP slot...
[22:22:32.284] [R19-P04] Uploading segment...
[22:22:32.479] [R19-P01] Waiting for SFTP slot...
[22:22:32.479] [R19-P01] Uploading segment...
[22:22:32.749] [R19-P09] Waiting for SFTP slot...
[22:22:32.749] [R19-P09] Uploading segment...
[22:22:32.847] [R19-P08] SSH connected.
[22:22:32.928] [R19-P03] Waiting for SFTP slot...
[22:22:32.928] [R19-P03] Uploading segment...
[22:22:33.606] [R19-P00] SSH connected.
[22:22:33.742] [R19-P02] Running compression...
[22:22:34.116] [R19-P08] Waiting for SFTP slot...
[22:22:34.116] [R19-P08] Uploading segment...
[22:22:34.463] [R19-P04] Running compression...
[22:22:34.958] [R19-P00] Waiting for SFTP slot...
[22:22:34.958] [R19-P00] Uploading segment...
[22:22:36.249] [R19-P06] Running compression...
[22:22:36.462] [R19-P01] Running compression...
[22:22:36.921] [R19-P08] Running compression...
[22:22:36.972] [R19-P05] Running compression...
[22:22:37.170] [R19-P07] Running compression...
[22:22:37.337] [R19-P09] Running compression...
[22:22:40.069] [R19-P03] Running compression...
[22:22:40.711] [R19-P02] Done! (59.1s)
[22:22:41.295] [R19-P02] Instance terminated.
[22:22:41.797] [R19-P04] Done! (60.2s)
[22:22:42.109] [R19-P00] Running compression...
[22:22:42.326] [R19-P04] Instance terminated.
[22:22:43.067] [R19-P05] Done! (61.4s)
[22:22:43.656] [R19-P05] Instance terminated.
[22:22:44.060] [R19-P07] Done! (62.4s)
[22:22:44.072] [R19-P01] Done! (62.4s)
[22:22:44.602] [R19-P06] Done! (62.9s)
[22:22:44.624] [R19-P01] Instance terminated.
[22:22:44.638] [R19-P07] Instance terminated.
[22:22:44.639] [R19-P08] Done! (63.0s)
[22:22:45.049] [R19-P09] Done! (63.4s)
[22:22:45.144] [R19-P06] Instance terminated.
[22:22:45.229] [R19-P08] Instance terminated.
[22:22:45.606] [R19-P09] Instance terminated.
[22:22:47.141] [R19-P03] Done! (65.5s)
[22:22:47.714] [R19-P03] Instance terminated.
[22:22:48.900] [R19-P00] Done! (67.3s)
[22:22:49.457] [R19-P00] Instance terminated.
[22:22:49.459] [m7g.large-Horiz-libx264-R19] ============================================================
[22:22:49.459] [m7g.large-Horiz-libx264-R19] RESULTS — 10x m7g.large Horizontal libx264
[22:22:49.460] [m7g.large-Horiz-libx264-R19]   Total Time:    67.84s (1.13 min)
[22:22:49.460] [m7g.large-Horiz-libx264-R19] ============================================================
