[22:08:32.478] [m7g.large-Horiz-libvpx-vp9-R21] === Horizontal m7g.large libvpx-vp9 Run 21 ===
[22:08:32.478] [m7g.large-Horiz-libvpx-vp9-R21] Parts dir: /home/breno/doutorado/ec2sweetspot_noms2/artifacts2/phase3_scaling/video_parts_m7g_large_libvpx-vp9
[22:08:34.345] [R21-P00] Instance i-08baa10bd3f15032a launched, waiting...
[22:08:34.397] [R21-P01] Instance i-08ad8e2480a3bb94a launched, waiting...
[22:08:34.453] [R21-P08] Instance i-06bba21f0a4f50529 launched, waiting...
[22:08:34.458] [R21-P04] Instance i-02f222dfa76b828bd launched, waiting...
[22:08:34.480] [R21-P02] Instance i-0b9437a06a0ef5b87 launched, waiting...
[22:08:34.499] [R21-P07] Instance i-058ce15c4ca495513 launched, waiting...
[22:08:34.541] [R21-P06] Instance i-07be8af0afa961c45 launched, waiting...
[22:08:34.596] [R21-P03] Instance i-040f24d19b6bef4aa launched, waiting...
[22:08:39.008] [R21-P05] Instance i-0216975191b8662f9 launched, waiting...
[22:08:43.922] [R21-P09] Instance i-0aa647f65b5fc3d72 launched, waiting...
[22:08:50.184] [R21-P00] Instance ready. IP: 98.82.36.95
[22:08:50.331] [R21-P04] Instance ready. IP: 98.82.33.143
[22:08:50.335] [R21-P07] Instance ready. IP: 54.165.76.8
[22:08:50.338] [R21-P01] Instance ready. IP: 3.90.246.183
[22:08:50.359] [R21-P03] Instance ready. IP: 54.145.72.163
[22:08:50.360] [R21-P06] Instance ready. IP: 52.55.59.201
[22:08:55.019] [R21-P05] Instance ready. IP: 54.204.138.209
[22:08:56.229] [R21-P02] Instance ready. IP: 3.91.89.139
[22:08:56.287] [R21-P08] Instance ready. IP: 98.86.240.111
[22:08:59.868] [R21-P09] Instance ready. IP: 50.17.18.6
[22:09:16.752] [R21-P00] SSH connected.
[22:09:16.797] [R21-P06] SSH connected.
[22:09:16.809] [R21-P07] SSH connected.
[22:09:16.821] [R21-P04] SSH connected.
[22:09:16.823] [R21-P03] SSH connected.
[22:09:16.853] [R21-P01] SSH connected.
[22:09:18.096] [R21-P04] Waiting for SFTP slot...
[22:09:18.098] [R21-P07] Waiting for SFTP slot...
[22:09:18.177] [R21-P06] Waiting for SFTP slot...
[22:09:18.179] [R21-P03] Waiting for SFTP slot...
[22:09:18.294] [R21-P00] Waiting for SFTP slot...
[22:09:18.420] [R21-P01] Waiting for SFTP slot...
[22:09:22.425] [R21-P05] SSH connected.
[22:09:22.761] [R21-P02] SSH connected.
[22:09:22.786] [R21-P08] SSH connected.
[22:09:24.250] [R21-P05] Waiting for SFTP slot...
[22:09:24.252] [R21-P02] Waiting for SFTP slot...
[22:09:24.405] [R21-P08] Waiting for SFTP slot...
[22:09:24.407] [R21-P08] Uploading segment...
[22:09:26.181] [R21-P09] SSH connected.
[22:09:27.670] [R21-P09] Waiting for SFTP slot...
[22:09:30.904] [R21-P08] Running compression...
[22:09:35.521] [R21-P04] Uploading segment...
[22:09:36.674] [R21-P07] Uploading segment...
[22:09:36.939] [R21-P06] Uploading segment...
[22:09:37.575] [R21-P03] Uploading segment...
[22:09:37.724] [R21-P00] Uploading segment...
[22:09:38.524] [R21-P01] Uploading segment...
[22:09:38.708] [R21-P04] Running compression...
[22:09:38.708] [R21-P05] Uploading segment...
[22:09:38.746] [R21-P02] Uploading segment...
[22:09:39.319] [R21-P09] Uploading segment...
[22:09:39.961] [R21-P07] Running compression...
[22:09:41.819] [R21-P02] Running compression...
[22:09:41.988] [R21-P05] Running compression...
[22:09:42.044] [R21-P01] Running compression...
[22:09:43.025] [R21-P06] Running compression...
[22:09:43.439] [R21-P00] Running compression...
[22:09:44.356] [R21-P03] Running compression...
[22:09:45.559] [R21-P09] Running compression...
[22:10:05.532] [R21-P08] Done! (93.0s)
[22:10:06.721] [R21-P08] Instance terminated.
[22:10:11.075] [R21-P01] Done! (98.6s)
[22:10:12.017] [R21-P05] Done! (99.5s)
[22:10:12.206] [R21-P01] Instance terminated.
[22:10:13.113] [R21-P05] Instance terminated.
[22:10:13.818] [R21-P04] Done! (101.3s)
[22:10:15.100] [R21-P04] Instance terminated.
[22:10:16.284] [R21-P07] Done! (103.8s)
[22:10:16.529] [R21-P02] Done! (104.0s)
[22:10:17.389] [R21-P07] Instance terminated.
[22:10:17.479] [R21-P09] Done! (104.9s)
[22:10:17.634] [R21-P02] Instance terminated.
[22:10:17.929] [R21-P06] Done! (105.4s)
[22:10:18.827] [R21-P09] Instance terminated.
[22:10:20.066] [R21-P06] Instance terminated.
[22:10:20.509] [R21-P03] Done! (108.0s)
[22:10:21.195] [R21-P00] Done! (108.7s)
[22:10:22.058] [R21-P03] Instance terminated.
[22:10:22.365] [R21-P00] Instance terminated.
[22:10:22.477] [m7g.large-Horiz-libvpx-vp9-R21] ============================================================
[22:10:22.477] [m7g.large-Horiz-libvpx-vp9-R21] RESULTS — 10x m7g.large Horizontal libvpx-vp9
[22:10:22.477] [m7g.large-Horiz-libvpx-vp9-R21]   Total Time:    110.00s (1.83 min)
[22:10:22.477] [m7g.large-Horiz-libvpx-vp9-R21] ============================================================
