[22:07:51.722] [m7g.large-Horiz-libx264-R24] === Horizontal m7g.large libx264 Run 24 ===
[22:07:51.724] [m7g.large-Horiz-libx264-R24] Parts dir: /home/breno/doutorado/ec2sweetspot_noms2/artifacts2/phase3_scaling/video_parts_m7g_large_libx264
[22:07:53.847] [R24-P07] Instance i-0c125e94d8d86a04e launched, waiting...
[22:07:53.876] [R24-P09] Instance i-093d930ae5cc13e98 launched, waiting...
[22:07:53.877] [R24-P05] Instance i-052c00b1c619d00fb launched, waiting...
[22:07:53.898] [R24-P08] Instance i-0faa87ee7126ab775 launched, waiting...
[22:07:53.903] [R24-P03] Instance i-00853e2f58c6bef53 launched, waiting...
[22:07:53.916] [R24-P00] Instance i-031d076923ea0dd14 launched, waiting...
[22:08:00.316] [R24-P02] Instance i-0a919f5977d114f58 launched, waiting...
[22:08:05.415] [R24-P01] Instance i-0b51056a393b2cc5a launched, waiting...
[22:08:06.351] [R24-P04] Instance i-030db8d6027779208 launched, waiting...
[22:08:06.769] [R24-P06] Instance i-0a7677e407777c151 launched, waiting...
[22:08:09.774] [R24-P09] Instance ready. IP: 54.91.166.136
[22:08:09.775] [R24-P07] Instance ready. IP: 3.81.38.98
[22:08:09.890] [R24-P05] Instance ready. IP: 54.162.204.15
[22:08:09.891] [R24-P00] Instance ready. IP: 52.71.249.136
[22:08:09.892] [R24-P08] Instance ready. IP: 54.204.162.165
[22:08:09.896] [R24-P03] Instance ready. IP: 54.87.177.253
[22:08:16.143] [R24-P02] Instance ready. IP: 52.90.197.253
[22:08:21.279] [R24-P01] Instance ready. IP: 34.207.233.9
[22:08:22.202] [R24-P04] Instance ready. IP: 3.93.72.19
[22:08:22.624] [R24-P06] Instance ready. IP: 3.91.75.76
[22:08:35.770] [R24-P05] SSH connected.
[22:08:35.927] [R24-P07] SSH connected.
[22:08:36.059] [R24-P00] SSH connected.
[22:08:36.059] [R24-P09] SSH connected.
[22:08:36.075] [R24-P03] SSH connected.
[22:08:36.106] [R24-P08] SSH connected.
[22:08:36.886] [R24-P05] Waiting for SFTP slot...
[22:08:37.225] [R24-P07] Waiting for SFTP slot...
[22:08:37.298] [R24-P09] Waiting for SFTP slot...
[22:08:37.301] [R24-P03] Waiting for SFTP slot...
[22:08:37.312] [R24-P00] Waiting for SFTP slot...
[22:08:37.772] [R24-P08] Waiting for SFTP slot...
[22:08:42.379] [R24-P02] SSH connected.
[22:08:43.961] [R24-P02] Waiting for SFTP slot...
[22:08:47.377] [R24-P01] SSH connected.
[22:08:48.295] [R24-P04] SSH connected.
[22:08:48.773] [R24-P01] Waiting for SFTP slot...
[22:08:48.822] [R24-P06] SSH connected.
[22:08:49.439] [R24-P04] Waiting for SFTP slot...
[22:08:50.163] [R24-P06] Waiting for SFTP slot...
[22:08:58.600] [R24-P05] Uploading segment...
[22:09:01.345] [R24-P07] Uploading segment...
[22:09:01.767] [R24-P09] Uploading segment...
[22:09:02.619] [R24-P03] Uploading segment...
[22:09:02.674] [R24-P00] Uploading segment...
[22:09:02.963] [R24-P05] Running compression...
[22:09:02.963] [R24-P08] Uploading segment...
[22:09:04.192] [R24-P09] Running compression...
[22:09:08.551] [R24-P03] Running compression...
[22:09:09.226] [R24-P05] Done! (77.5s)
[22:09:09.302] [R24-P00] Running compression...
[22:09:09.431] [R24-P07] Running compression...
[22:09:09.432] [R24-P02] Uploading segment...
[22:09:09.801] [R24-P05] Instance terminated.
[22:09:10.047] [R24-P08] Running compression...
[22:09:11.944] [R24-P09] Done! (80.2s)
[22:09:12.493] [R24-P02] Running compression...
[22:09:12.531] [R24-P09] Instance terminated.
[22:09:14.772] [R24-P01] Uploading segment...
[22:09:15.337] [R24-P03] Done! (83.6s)
[22:09:15.945] [R24-P03] Instance terminated.
[22:09:16.707] [R24-P08] Done! (84.9s)
[22:09:17.422] [R24-P04] Uploading segment...
[22:09:17.492] [R24-P00] Done! (85.8s)
[22:09:17.917] [R24-P07] Done! (86.1s)
[22:09:18.680] [R24-P08] Instance terminated.
[22:09:18.682] [R24-P06] Uploading segment...
[22:09:18.877] [R24-P00] Instance terminated.
[22:09:19.129] [R24-P07] Instance terminated.
[22:09:19.526] [R24-P02] Done! (87.8s)
[22:09:20.174] [R24-P02] Instance terminated.
[22:09:22.619] [R24-P01] Running compression...
[22:09:24.405] [R24-P04] Running compression...
[22:09:25.405] [R24-P06] Running compression...
[22:09:29.984] [R24-P01] Done! (98.2s)
[22:09:30.906] [R24-P04] Done! (99.1s)
[22:09:31.118] [R24-P01] Instance terminated.
[22:09:32.323] [R24-P04] Instance terminated.
[22:09:32.709] [R24-P06] Done! (100.9s)
[22:09:33.928] [R24-P06] Instance terminated.
[22:09:33.931] [m7g.large-Horiz-libx264-R24] ============================================================
[22:09:33.931] [m7g.large-Horiz-libx264-R24] RESULTS — 10x m7g.large Horizontal libx264
[22:09:33.931] [m7g.large-Horiz-libx264-R24]   Total Time:    102.21s (1.70 min)
[22:09:33.931] [m7g.large-Horiz-libx264-R24] ============================================================
