[22:11:33.436] [m7g.large-Horiz-libvpx-vp9-R27] === Horizontal m7g.large libvpx-vp9 Run 27 ===
[22:11:33.436] [m7g.large-Horiz-libvpx-vp9-R27] Parts dir: /home/breno/doutorado/ec2sweetspot_noms2/artifacts2/phase3_scaling/video_parts_m7g_large_libvpx-vp9
[22:11:40.233] [R27-P01] Instance i-09c3226c8b77f5c8c launched, waiting...
[22:11:40.330] [R27-P04] Instance i-01997d11ef68d523c launched, waiting...
[22:11:40.333] [R27-P06] Instance i-0646ea47041506d7d launched, waiting...
[22:11:40.340] [R27-P09] Instance i-043c704f206c1edcd launched, waiting...
[22:11:40.342] [R27-P07] Instance i-053bc96d9862f897a launched, waiting...
[22:11:44.777] [R27-P03] Instance i-0eddb6c1dfd3ba221 launched, waiting...
[22:11:55.410] [R27-P02] Instance i-06629eaa3640f8365 launched, waiting...
[22:11:57.676] [R27-P08] Instance i-0d0834602d6b12581 launched, waiting...
[22:11:57.903] [R27-P06] Instance ready. IP: 3.93.1.102
[22:11:57.967] [R27-P04] Instance ready. IP: 54.175.86.11
[22:11:58.302] [R27-P01] Instance ready. IP: 35.153.201.144
[22:11:58.306] [R27-P07] Instance ready. IP: 54.174.207.201
[22:11:58.307] [R27-P09] Instance ready. IP: 54.81.147.226
[22:12:02.554] [R27-P03] Instance ready. IP: 52.90.235.76
[22:12:09.415] [R27-P00] ERROR: An error occurred (RequestLimitExceeded) when calling the RunInstances operation (reached max retries: 4): Request limit exceeded. Account 460964766037 has been throttled on ec2:RunInstances because it exceeded its request rate limit.
[22:12:11.856] [R27-P05] Instance i-0c339bea1795e9653 launched, waiting...
[22:12:13.234] [R27-P02] Instance ready. IP: 98.82.191.193
[22:12:14.891] [R27-P08] Instance ready. IP: 3.81.18.87
[22:12:27.931] [R27-P06] SSH connected.
[22:12:28.180] [R27-P04] SSH connected.
[22:12:29.240] [R27-P09] SSH connected.
[22:12:29.240] [R27-P07] SSH connected.
[22:12:29.282] [R27-P01] SSH connected.
[22:12:29.666] [R27-P05] Instance ready. IP: 54.158.49.177
[22:12:33.289] [R27-P06] Waiting for SFTP slot...
[22:12:33.390] [R27-P04] Waiting for SFTP slot...
[22:12:35.015] [R27-P01] Waiting for SFTP slot...
[22:12:35.015] [R27-P09] Waiting for SFTP slot...
[22:12:35.015] [R27-P07] Waiting for SFTP slot...
[22:12:39.046] [R27-P03] SSH connected.
[22:12:49.158] [R27-P03] Waiting for SFTP slot...
[22:12:55.239] [R27-P02] SSH connected.
[22:12:56.921] [R27-P08] SSH connected.
[22:13:02.041] [R27-P02] Waiting for SFTP slot...
[22:13:03.364] [R27-P08] Waiting for SFTP slot...
[22:13:08.647] [R27-P05] SSH connected.
[22:13:17.127] [R27-P05] Waiting for SFTP slot...
[22:13:26.820] [R27-P06] Uploading segment...
[22:13:38.908] [R27-P04] Uploading segment...
[22:13:41.832] [R27-P01] Uploading segment...
[22:13:42.122] [R27-P09] Uploading segment...
[22:13:43.098] [R27-P07] Uploading segment...
[22:13:45.776] [R27-P06] Running compression...
[22:13:46.302] [R27-P03] Uploading segment...
[22:13:52.994] [R27-P07] Running compression...
[22:13:53.244] [R27-P04] Running compression...
[22:13:56.025] [R27-P01] Running compression...
[22:13:56.047] [R27-P09] Running compression...
[22:13:56.722] [R27-P02] Uploading segment...
[22:13:57.481] [R27-P03] Running compression...
[22:14:02.256] [R27-P08] Uploading segment...
[22:14:02.492] [R27-P02] Running compression...
[22:14:06.259] [R27-P05] Uploading segment...
[22:14:06.324] [R27-P08] Running compression...
[22:14:14.158] [R27-P05] Running compression...
[22:14:27.118] [R27-P01] Done! (173.7s)
[22:14:27.657] [R27-P04] Done! (174.2s)
[22:14:28.148] [R27-P01] Instance terminated.
[22:14:28.677] [R27-P04] Instance terminated.
[22:14:28.737] [R27-P06] Done! (175.3s)
[22:14:29.758] [R27-P06] Instance terminated.
[22:14:29.788] [R27-P07] Done! (176.3s)
[22:14:30.130] [R27-P09] Done! (176.6s)
[22:14:30.800] [R27-P07] Instance terminated.
[22:14:31.182] [R27-P09] Instance terminated.
[22:14:33.958] [R27-P03] Done! (180.5s)
[22:14:35.085] [R27-P03] Instance terminated.
[22:14:37.050] [R27-P02] Done! (183.6s)
[22:14:40.878] [R27-P08] Done! (187.4s)
[22:14:43.429] [R27-P02] Instance terminated.
[22:14:43.475] [R27-P08] Instance terminated.
[22:14:43.941] [R27-P05] Done! (190.5s)
[22:14:45.368] [R27-P05] Instance terminated.
[22:24:53.496] [m7g.large-Horiz-libvpx-vp9-R27] === Horizontal m7g.large libvpx-vp9 Run 27 ===
[22:24:53.496] [m7g.large-Horiz-libvpx-vp9-R27] Parts dir: /home/breno/doutorado/ec2sweetspot_noms2/artifacts2/phase3_scaling/video_parts_m7g_large_libvpx-vp9
[22:24:55.563] [R27-P00] Instance i-0fd68cd6e977ca15a launched, waiting...
[22:24:55.776] [R27-P01] Instance i-01c65c61b30628655 launched, waiting...
[22:24:55.797] [R27-P04] Instance i-015d85d029cdd1bae launched, waiting...
[22:24:55.830] [R27-P05] Instance i-012cf4b80bee0437e launched, waiting...
[22:24:55.836] [R27-P08] Instance i-0dacb01cd65326b6c launched, waiting...
[22:24:55.848] [R27-P06] Instance i-03e7134bf5147181d launched, waiting...
[22:24:55.858] [R27-P09] Instance i-0b49eeb4c340034f5 launched, waiting...
[22:24:55.887] [R27-P07] Instance i-0b7c934101d13709d launched, waiting...
[22:24:55.894] [R27-P03] Instance i-0fd2cfe502d7714f5 launched, waiting...
[22:24:55.919] [R27-P02] Instance i-0baf00be280432caf launched, waiting...
[22:25:11.327] [R27-P00] Instance ready. IP: 18.208.212.26
[22:25:11.514] [R27-P01] Instance ready. IP: 54.162.210.133
[22:25:11.553] [R27-P04] Instance ready. IP: 3.80.86.208
[22:25:11.580] [R27-P05] Instance ready. IP: 98.83.113.143
[22:25:11.581] [R27-P06] Instance ready. IP: 100.24.13.234
[22:25:11.585] [R27-P08] Instance ready. IP: 54.226.219.143
[22:25:11.629] [R27-P09] Instance ready. IP: 35.173.182.6
[22:25:11.649] [R27-P03] Instance ready. IP: 52.55.84.130
[22:25:11.718] [R27-P07] Instance ready. IP: 13.217.50.200
[22:25:11.729] [R27-P02] Instance ready. IP: 3.93.163.24
[22:25:37.428] [R27-P01] SSH connected.
[22:25:37.465] [R27-P00] SSH connected.
[22:25:37.637] [R27-P04] SSH connected.
[22:25:37.680] [R27-P08] SSH connected.
[22:25:37.730] [R27-P03] SSH connected.
[22:25:37.741] [R27-P05] SSH connected.
[22:25:37.752] [R27-P06] SSH connected.
[22:25:37.767] [R27-P09] SSH connected.
[22:25:37.851] [R27-P07] SSH connected.
[22:25:37.866] [R27-P02] SSH connected.
[22:25:38.626] [R27-P00] Waiting for SFTP slot...
[22:25:38.626] [R27-P00] Uploading segment...
[22:25:38.680] [R27-P01] Waiting for SFTP slot...
[22:25:38.681] [R27-P01] Uploading segment...
[22:25:38.850] [R27-P03] Waiting for SFTP slot...
[22:25:38.850] [R27-P03] Uploading segment...
[22:25:38.913] [R27-P08] Waiting for SFTP slot...
[22:25:38.913] [R27-P08] Uploading segment...
[22:25:38.934] [R27-P04] Waiting for SFTP slot...
[22:25:38.935] [R27-P04] Uploading segment...
[22:25:38.988] [R27-P07] Waiting for SFTP slot...
[22:25:38.988] [R27-P07] Uploading segment...
[22:25:39.025] [R27-P05] Waiting for SFTP slot...
[22:25:39.025] [R27-P05] Uploading segment...
[22:25:39.123] [R27-P06] Waiting for SFTP slot...
[22:25:39.123] [R27-P06] Uploading segment...
[22:25:39.125] [R27-P09] Waiting for SFTP slot...
[22:25:39.125] [R27-P09] Uploading segment...
[22:25:39.181] [R27-P02] Waiting for SFTP slot...
[22:25:39.181] [R27-P02] Uploading segment...
[22:25:40.413] [R27-P01] Running compression...
[22:25:41.309] [R27-P00] Running compression...
[22:25:42.332] [R27-P04] Running compression...
[22:25:42.581] [R27-P08] Running compression...
[22:25:43.202] [R27-P03] Running compression...
[22:25:44.570] [R27-P05] Running compression...
[22:25:44.582] [R27-P07] Running compression...
[22:25:45.530] [R27-P09] Running compression...
[22:25:45.771] [R27-P06] Running compression...
[22:25:46.107] [R27-P02] Running compression...
[22:26:09.689] [R27-P01] Done! (75.7s)
[22:26:10.322] [R27-P01] Instance terminated.
[22:26:15.881] [R27-P05] Done! (81.9s)
[22:26:15.908] [R27-P09] Done! (81.9s)
[22:26:16.455] [R27-P05] Instance terminated.
[22:26:16.476] [R27-P09] Instance terminated.
[22:26:17.248] [R27-P04] Done! (83.3s)
[22:26:17.603] [R27-P00] Done! (84.1s)
[22:26:17.848] [R27-P04] Instance terminated.
[22:26:17.944] [R27-P08] Done! (84.0s)
[22:26:18.127] [R27-P00] Instance terminated.
[22:26:18.492] [R27-P08] Instance terminated.
[22:26:19.308] [R27-P03] Done! (85.4s)
[22:26:20.409] [R27-P03] Instance terminated.
[22:26:20.780] [R27-P02] Done! (86.8s)
[22:26:21.046] [R27-P07] Done! (87.1s)
[22:26:21.857] [R27-P02] Instance terminated.
[22:26:21.894] [R27-P06] Done! (87.9s)
[22:26:22.071] [R27-P07] Instance terminated.
[22:26:22.904] [R27-P06] Instance terminated.
[22:26:22.906] [m7g.large-Horiz-libvpx-vp9-R27] ============================================================
[22:26:22.908] [m7g.large-Horiz-libvpx-vp9-R27] RESULTS — 10x m7g.large Horizontal libvpx-vp9
[22:26:22.908] [m7g.large-Horiz-libvpx-vp9-R27]   Total Time:    89.41s (1.49 min)
[22:26:22.908] [m7g.large-Horiz-libvpx-vp9-R27] ============================================================
