[22:00:43.818] [m7g.large-Horiz-libx264-R02] === Horizontal m7g.large libx264 Run 2 ===
[22:00:43.818] [m7g.large-Horiz-libx264-R02] Parts dir: /home/breno/doutorado/ec2sweetspot_noms2/artifacts2/phase3_scaling/video_parts_m7g_large_libx264
[22:00:52.300] [R02-P03] Instance i-0c1b85bc70d5c9639 launched, waiting...
[22:00:56.600] [R02-P03] Instance ready. IP: 98.83.109.53
[22:01:07.946] [R02-P07] ERROR: An error occurred (RequestLimitExceeded) when calling the RunInstances operation (reached max retries: 4): Request limit exceeded. Account 460964766037 has been throttled on ec2:RunInstances because it exceeded its request rate limit.
[22:01:09.378] [R02-P02] ERROR: An error occurred (RequestLimitExceeded) when calling the RunInstances operation (reached max retries: 4): Request limit exceeded. Account 460964766037 has been throttled on ec2:RunInstances because it exceeded its request rate limit.
[22:01:11.869] [R02-P00] ERROR: An error occurred (RequestLimitExceeded) when calling the RunInstances operation (reached max retries: 4): Request limit exceeded. Account 460964766037 has been throttled on ec2:RunInstances because it exceeded its request rate limit.
[22:01:12.404] [R02-P05] ERROR: An error occurred (RequestLimitExceeded) when calling the RunInstances operation (reached max retries: 4): Request limit exceeded. Account 460964766037 has been throttled on ec2:RunInstances because it exceeded its request rate limit.
[22:01:13.856] [R02-P06] ERROR: An error occurred (RequestLimitExceeded) when calling the RunInstances operation (reached max retries: 4): Request limit exceeded. Account 460964766037 has been throttled on ec2:RunInstances because it exceeded its request rate limit.
[22:01:14.185] [R02-P01] ERROR: An error occurred (RequestLimitExceeded) when calling the RunInstances operation (reached max retries: 4): Request limit exceeded. Account 460964766037 has been throttled on ec2:RunInstances because it exceeded its request rate limit.
[22:01:14.925] [R02-P04] ERROR: An error occurred (RequestLimitExceeded) when calling the RunInstances operation (reached max retries: 4): Request limit exceeded. Account 460964766037 has been throttled on ec2:RunInstances because it exceeded its request rate limit.
[22:01:15.757] [R02-P09] ERROR: An error occurred (RequestLimitExceeded) when calling the RunInstances operation (reached max retries: 4): Request limit exceeded. Account 460964766037 has been throttled on ec2:RunInstances because it exceeded its request rate limit.
[22:01:18.124] [R02-P08] Instance i-00f6bc6f8f2258a8d launched, waiting...
[22:01:22.734] [R02-P03] SSH connected.
[22:01:24.178] [R02-P03] Waiting for SFTP slot...
[22:01:24.178] [R02-P03] Uploading segment...
[22:01:29.585] [R02-P03] Running compression...
[22:01:33.963] [R02-P08] Instance ready. IP: 54.210.248.194
[22:01:38.155] [R02-P03] Done! (48.8s)
[22:01:38.913] [R02-P03] Instance terminated.
[22:02:01.132] [R02-P08] SSH connected.
[22:02:04.007] [R02-P08] Waiting for SFTP slot...
[22:02:29.101] [R02-P08] Uploading segment...
[22:02:37.761] [R02-P08] Running compression...
[22:02:44.265] [R02-P08] Done! (108.9s)
[22:02:45.497] [R02-P08] Instance terminated.
[22:16:13.264] [m7g.large-Horiz-libx264-R02] === Horizontal m7g.large libx264 Run 2 ===
[22:16:13.265] [m7g.large-Horiz-libx264-R02] Parts dir: /home/breno/doutorado/ec2sweetspot_noms2/artifacts2/phase3_scaling/video_parts_m7g_large_libx264
[22:16:19.471] [R02-P00] Instance i-05cd385d29f2a2877 launched, waiting...
[22:16:19.724] [R02-P01] Instance i-0021ea84e33a80ac8 launched, waiting...
[22:16:29.957] [R02-P06] Instance i-0802bfa00df508be6 launched, waiting...
[22:16:33.098] [R02-P04] Instance i-0c786ec3404efac99 launched, waiting...
[22:16:34.171] [R02-P05] ERROR: An error occurred (RequestLimitExceeded) when calling the RunInstances operation (reached max retries: 4): Request limit exceeded. Account 460964766037 has been throttled on ec2:RunInstances because it exceeded its request rate limit.
[22:16:34.213] [R02-P07] ERROR: An error occurred (RequestLimitExceeded) when calling the RunInstances operation (reached max retries: 4): Request limit exceeded. Account 460964766037 has been throttled on ec2:RunInstances because it exceeded its request rate limit.
[22:16:34.893] [R02-P02] ERROR: An error occurred (RequestLimitExceeded) when calling the RunInstances operation (reached max retries: 4): Request limit exceeded. Account 460964766037 has been throttled on ec2:RunInstances because it exceeded its request rate limit.
[22:16:35.257] [R02-P00] Instance ready. IP: 34.235.169.86
[22:16:35.274] [R02-P08] ERROR: An error occurred (RequestLimitExceeded) when calling the RunInstances operation (reached max retries: 4): Request limit exceeded. Account 460964766037 has been throttled on ec2:RunInstances because it exceeded its request rate limit.
[22:16:35.582] [R02-P01] Instance ready. IP: 54.159.93.154
[22:16:36.525] [R02-P09] ERROR: An error occurred (RequestLimitExceeded) when calling the RunInstances operation (reached max retries: 4): Request limit exceeded. Account 460964766037 has been throttled on ec2:RunInstances because it exceeded its request rate limit.
[22:16:38.694] [R02-P03] Instance i-061776b6c7ac99dd3 launched, waiting...
[22:16:45.675] [R02-P06] Instance ready. IP: 3.81.73.206
[22:16:48.942] [R02-P04] Instance ready. IP: 54.158.10.126
[22:16:54.426] [R02-P03] Instance ready. IP: 52.202.141.214
[22:17:01.479] [R02-P00] SSH connected.
[22:17:01.771] [R02-P01] SSH connected.
[22:17:02.741] [R02-P00] Waiting for SFTP slot...
[22:17:02.741] [R02-P00] Uploading segment...
[22:17:02.908] [R02-P01] Waiting for SFTP slot...
[22:17:02.908] [R02-P01] Uploading segment...
[22:17:09.231] [R02-P00] Running compression...
[22:17:11.562] [R02-P01] Running compression...
[22:17:12.283] [R02-P06] SSH connected.
[22:17:13.734] [R02-P06] Waiting for SFTP slot...
[22:17:15.801] [R02-P04] SSH connected.
[22:17:16.247] [R02-P00] Done! (59.7s)
[22:17:17.016] [R02-P00] Instance terminated.
[22:17:17.389] [R02-P04] Waiting for SFTP slot...
[22:17:19.014] [R02-P01] Done! (62.9s)
[22:17:19.624] [R02-P01] Instance terminated.
[22:17:21.325] [R02-P03] SSH connected.
[22:17:22.974] [R02-P03] Waiting for SFTP slot...
[22:17:34.514] [R02-P06] Uploading segment...
[22:17:50.166] [R02-P06] Running compression...
[22:17:56.634] [R02-P04] Uploading segment...
[22:17:58.105] [R02-P06] Done! (101.7s)
[22:18:02.494] [R02-P06] Instance terminated.
[22:18:08.639] [R02-P04] Running compression...
[22:18:08.952] [R02-P03] Uploading segment...
[22:18:15.326] [R02-P04] Done! (118.5s)
[22:18:17.153] [R02-P04] Instance terminated.
[22:18:18.755] [R02-P03] Running compression...
[22:18:26.410] [R02-P03] Done! (130.0s)
[22:18:29.201] [R02-P03] Instance terminated.
[22:30:49.429] [m7g.large-Horiz-libx264-R02] === Horizontal m7g.large libx264 Run 2 ===
[22:30:49.429] [m7g.large-Horiz-libx264-R02] Parts dir: /home/breno/doutorado/ec2sweetspot_noms2/artifacts2/phase3_scaling/video_parts_m7g_large_libx264
[22:30:51.476] [R02-P01] Instance i-002e378fb354a145d launched, waiting...
[22:30:51.541] [R02-P03] Instance i-02b402c0cdccb4d60 launched, waiting...
[22:30:51.552] [R02-P02] Instance i-0f4c028b870041686 launched, waiting...
[22:30:51.646] [R02-P07] Instance i-0828c9350907eda8f launched, waiting...
[22:30:51.665] [R02-P05] Instance i-05a1c3bd489eb548d launched, waiting...
[22:30:51.669] [R02-P00] Instance i-0fc3c11adee0b064d launched, waiting...
[22:30:51.672] [R02-P08] Instance i-0add6baf3fcd4e338 launched, waiting...
[22:30:51.675] [R02-P06] Instance i-05dc49211b361d84f launched, waiting...
[22:30:51.707] [R02-P09] Instance i-02fa0fad8cca5dbf4 launched, waiting...
[22:30:51.742] [R02-P04] Instance i-096102ce5d4b0d7af launched, waiting...
[22:31:07.401] [R02-P02] Instance ready. IP: 34.235.165.109
[22:31:07.456] [R02-P06] Instance ready. IP: 3.89.245.35
[22:31:07.458] [R02-P01] Instance ready. IP: 52.23.230.41
[22:31:07.462] [R02-P07] Instance ready. IP: 3.80.42.194
[22:31:07.477] [R02-P03] Instance ready. IP: 54.242.35.106
[22:31:07.490] [R02-P00] Instance ready. IP: 174.129.103.196
[22:31:07.494] [R02-P08] Instance ready. IP: 98.94.65.231
[22:31:07.522] [R02-P09] Instance ready. IP: 3.81.228.112
[22:31:07.550] [R02-P04] Instance ready. IP: 54.90.192.240
[22:31:08.168] [R02-P05] Instance ready. IP: 3.94.115.134
[22:31:33.515] [R02-P02] SSH connected.
[22:31:33.562] [R02-P00] SSH connected.
[22:31:33.562] [R02-P03] SSH connected.
[22:31:33.565] [R02-P01] SSH connected.
[22:31:33.579] [R02-P06] SSH connected.
[22:31:33.601] [R02-P07] SSH connected.
[22:31:33.670] [R02-P09] SSH connected.
[22:31:33.688] [R02-P08] SSH connected.
[22:31:33.703] [R02-P04] SSH connected.
[22:31:34.326] [R02-P05] SSH connected.
[22:31:34.661] [R02-P03] Waiting for SFTP slot...
[22:31:34.661] [R02-P03] Uploading segment...
[22:31:34.753] [R02-P01] Waiting for SFTP slot...
[22:31:34.753] [R02-P01] Uploading segment...
[22:31:34.819] [R02-P02] Waiting for SFTP slot...
[22:31:34.819] [R02-P02] Uploading segment...
[22:31:34.859] [R02-P00] Waiting for SFTP slot...
[22:31:34.859] [R02-P00] Uploading segment...
[22:31:34.886] [R02-P04] Waiting for SFTP slot...
[22:31:34.886] [R02-P04] Uploading segment...
[22:31:34.886] [R02-P06] Waiting for SFTP slot...
[22:31:34.887] [R02-P06] Uploading segment...
[22:31:34.894] [R02-P09] Waiting for SFTP slot...
[22:31:34.894] [R02-P09] Uploading segment...
[22:31:34.904] [R02-P07] Waiting for SFTP slot...
[22:31:34.904] [R02-P07] Uploading segment...
[22:31:34.913] [R02-P08] Waiting for SFTP slot...
[22:31:34.913] [R02-P08] Uploading segment...
[22:31:35.539] [R02-P05] Waiting for SFTP slot...
[22:31:35.539] [R02-P05] Uploading segment...
[22:31:38.065] [R02-P03] Running compression...
[22:31:38.373] [R02-P01] Running compression...
[22:31:38.378] [R02-P00] Running compression...
[22:31:38.443] [R02-P02] Running compression...
[22:31:39.491] [R02-P04] Running compression...
[22:31:39.741] [R02-P06] Running compression...
[22:31:40.228] [R02-P09] Running compression...
[22:31:40.291] [R02-P08] Running compression...
[22:31:40.344] [R02-P07] Running compression...
[22:31:42.753] [R02-P05] Running compression...
[22:31:44.563] [R02-P01] Done! (55.1s)
[22:31:45.112] [R02-P01] Instance terminated.
[22:31:45.533] [R02-P02] Done! (56.1s)
[22:31:45.987] [R02-P03] Done! (56.5s)
[22:31:46.063] [R02-P02] Instance terminated.
[22:31:46.181] [R02-P00] Done! (56.7s)
[22:31:46.419] [R02-P09] Done! (56.6s)
[22:31:46.541] [R02-P03] Instance terminated.
[22:31:46.708] [R02-P00] Instance terminated.
[22:31:47.005] [R02-P09] Instance terminated.
[22:31:47.210] [R02-P04] Done! (57.7s)
[22:31:47.704] [R02-P08] Done! (57.9s)
[22:31:47.780] [R02-P04] Instance terminated.
[22:31:48.264] [R02-P08] Instance terminated.
[22:31:48.355] [R02-P06] Done! (58.9s)
[22:31:48.764] [R02-P07] Done! (59.0s)
[22:31:48.877] [R02-P06] Instance terminated.
[22:31:49.338] [R02-P07] Instance terminated.
[22:31:49.670] [R02-P05] Done! (60.2s)
[22:31:50.240] [R02-P05] Instance terminated.
[22:31:50.244] [m7g.large-Horiz-libx264-R02] ============================================================
[22:31:50.244] [m7g.large-Horiz-libx264-R02] RESULTS — 10x m7g.large Horizontal libx264
[22:31:50.244] [m7g.large-Horiz-libx264-R02]   Total Time:    60.81s (1.01 min)
[22:31:50.244] [m7g.large-Horiz-libx264-R02] ============================================================
