[22:00:43.822] [m7g.large-Horiz-libx264-R03] === Horizontal m7g.large libx264 Run 3 ===
[22:00:43.822] [m7g.large-Horiz-libx264-R03] Parts dir: /home/breno/doutorado/ec2sweetspot_noms2/artifacts2/phase3_scaling/video_parts_m7g_large_libx264
[22:00:52.184] [R03-P02] Instance i-06c6a4eda02ee4dac launched, waiting...
[22:00:56.682] [R03-P02] Instance ready. IP: 34.230.16.236
[22:00:58.971] [R03-P03] Instance i-03b4fb1780957b679 launched, waiting...
[22:01:02.877] [R03-P07] Instance i-0a4b98585796cce7b launched, waiting...
[22:01:05.263] [R03-P01] ERROR: An error occurred (RequestLimitExceeded) when calling the RunInstances operation (reached max retries: 4): Request limit exceeded. Account 460964766037 has been throttled on ec2:RunInstances because it exceeded its request rate limit.
[22:01:06.839] [R03-P00] Instance i-0c06b03f334b025dd launched, waiting...
[22:01:06.986] [R03-P06] Instance i-01996575cbed8cad0 launched, waiting...
[22:01:07.011] [R03-P05] ERROR: An error occurred (RequestLimitExceeded) when calling the RunInstances operation (reached max retries: 4): Request limit exceeded. Account 460964766037 has been throttled on ec2:RunInstances because it exceeded its request rate limit.
[22:01:11.597] [R03-P08] ERROR: An error occurred (RequestLimitExceeded) when calling the RunInstances operation (reached max retries: 4): Request limit exceeded. Account 460964766037 has been throttled on ec2:RunInstances because it exceeded its request rate limit.
[22:01:13.253] [R03-P04] ERROR: An error occurred (RequestLimitExceeded) when calling the RunInstances operation (reached max retries: 4): Request limit exceeded. Account 460964766037 has been throttled on ec2:RunInstances because it exceeded its request rate limit.
[22:01:14.051] [R03-P09] ERROR: An error occurred (RequestLimitExceeded) when calling the RunInstances operation (reached max retries: 4): Request limit exceeded. Account 460964766037 has been throttled on ec2:RunInstances because it exceeded its request rate limit.
[22:01:14.904] [R03-P03] Instance ready. IP: 98.83.138.156
[22:01:18.688] [R03-P07] Instance ready. IP: 100.24.14.165
[22:01:22.748] [R03-P00] Instance ready. IP: 3.85.106.61
[22:01:22.869] [R03-P06] Instance ready. IP: 54.205.166.71
[22:01:22.876] [R03-P02] SSH connected.
[22:01:24.081] [R03-P02] Waiting for SFTP slot...
[22:01:24.081] [R03-P02] Uploading segment...
[22:01:28.745] [R03-P02] Running compression...
[22:01:36.755] [R03-P02] Done! (47.3s)
[22:01:37.406] [R03-P02] Instance terminated.
[22:01:41.187] [R03-P03] SSH connected.
[22:01:42.374] [R03-P03] Waiting for SFTP slot...
[22:01:42.375] [R03-P03] Uploading segment...
[22:01:44.977] [R03-P07] SSH connected.
[22:01:46.093] [R03-P03] Running compression...
[22:01:46.219] [R03-P07] Waiting for SFTP slot...
[22:01:46.291] [R03-P07] Uploading segment...
[22:01:48.486] [R03-P07] Running compression...
[22:01:49.017] [R03-P00] SSH connected.
[22:01:49.230] [R03-P06] SSH connected.
[22:01:50.608] [R03-P00] Waiting for SFTP slot...
[22:01:50.609] [R03-P00] Uploading segment...
[22:01:50.839] [R03-P06] Waiting for SFTP slot...
[22:01:53.583] [R03-P06] Uploading segment...
[22:01:54.823] [R03-P03] Done! (64.0s)
[22:01:55.610] [R03-P03] Instance terminated.
[22:01:55.986] [R03-P07] Done! (62.4s)
[22:01:56.691] [R03-P07] Instance terminated.
[22:02:02.457] [R03-P00] Running compression...
[22:02:06.412] [R03-P06] Running compression...
[22:02:11.883] [R03-P00] Done! (82.7s)
[22:02:12.566] [R03-P00] Instance terminated.
[22:02:15.809] [R03-P06] Done! (83.9s)
[22:02:16.651] [R03-P06] Instance terminated.
[22:18:19.264] [m7g.large-Horiz-libx264-R03] === Horizontal m7g.large libx264 Run 3 ===
[22:18:19.264] [m7g.large-Horiz-libx264-R03] Parts dir: /home/breno/doutorado/ec2sweetspot_noms2/artifacts2/phase3_scaling/video_parts_m7g_large_libx264
[22:18:23.566] [R03-P07] Instance i-02671ac6c9eb0e446 launched, waiting...
[22:18:23.633] [R03-P06] Instance i-0eaf02bc3ba3ec304 launched, waiting...
[22:18:23.638] [R03-P04] Instance i-0366378d08139c8ae launched, waiting...
[22:18:23.640] [R03-P03] Instance i-093ce4aaf3580c458 launched, waiting...
[22:18:24.000] [R03-P08] Instance i-04b623c2c8c2c6931 launched, waiting...
[22:18:24.316] [R03-P00] Instance i-09632644368964698 launched, waiting...
[22:18:24.372] [R03-P05] Instance i-033e2b905417eda15 launched, waiting...
[22:18:24.374] [R03-P09] Instance i-0a0496d38f1131ecd launched, waiting...
[22:18:24.419] [R03-P02] Instance i-07a0989106c6a2765 launched, waiting...
[22:18:24.590] [R03-P01] Instance i-0fe89556e407c67e8 launched, waiting...
[22:18:40.239] [R03-P07] Instance ready. IP: 23.20.144.193
[22:18:40.245] [R03-P06] Instance ready. IP: 50.17.168.18
[22:18:40.246] [R03-P04] Instance ready. IP: 52.91.139.173
[22:18:41.535] [R03-P08] Instance ready. IP: 18.234.75.230
[22:18:41.935] [R03-P00] Instance ready. IP: 98.93.139.8
[22:18:41.936] [R03-P05] Instance ready. IP: 98.92.13.200
[22:18:41.937] [R03-P09] Instance ready. IP: 100.31.60.186
[22:18:41.940] [R03-P01] Instance ready. IP: 34.239.181.177
[22:18:41.941] [R03-P02] Instance ready. IP: 54.173.203.175
[22:18:42.105] [R03-P03] Instance ready. IP: 54.198.211.2
[22:19:06.474] [R03-P04] SSH connected.
[22:19:06.481] [R03-P07] SSH connected.
[22:19:06.491] [R03-P06] SSH connected.
[22:19:07.597] [R03-P07] Waiting for SFTP slot...
[22:19:07.636] [R03-P07] Uploading segment...
[22:19:07.669] [R03-P08] SSH connected.
[22:19:07.804] [R03-P04] Waiting for SFTP slot...
[22:19:07.804] [R03-P04] Uploading segment...
[22:19:07.804] [R03-P06] Waiting for SFTP slot...
[22:19:07.805] [R03-P06] Uploading segment...
[22:19:08.002] [R03-P02] SSH connected.
[22:19:08.062] [R03-P09] SSH connected.
[22:19:08.086] [R03-P00] SSH connected.
[22:19:08.093] [R03-P05] SSH connected.
[22:19:08.122] [R03-P01] SSH connected.
[22:19:08.222] [R03-P03] SSH connected.
[22:19:09.119] [R03-P08] Waiting for SFTP slot...
[22:19:09.120] [R03-P08] Uploading segment...
[22:19:09.364] [R03-P02] Waiting for SFTP slot...
[22:19:09.365] [R03-P02] Uploading segment...
[22:19:09.485] [R03-P01] Waiting for SFTP slot...
[22:19:09.486] [R03-P01] Uploading segment...
[22:19:09.681] [R03-P09] Waiting for SFTP slot...
[22:19:09.682] [R03-P09] Uploading segment...
[22:19:09.687] [R03-P05] Waiting for SFTP slot...
[22:19:09.688] [R03-P05] Uploading segment...
[22:19:09.688] [R03-P00] Waiting for SFTP slot...
[22:19:09.688] [R03-P00] Uploading segment...
[22:19:10.028] [R03-P03] Waiting for SFTP slot...
[22:19:10.028] [R03-P03] Uploading segment...
[22:19:10.111] [R03-P06] Running compression...
[22:19:10.508] [R03-P04] Running compression...
[22:19:11.357] [R03-P07] Running compression...
[22:19:11.451] [R03-P08] Running compression...
[22:19:14.018] [R03-P01] Running compression...
[22:19:14.497] [R03-P02] Running compression...
[22:19:15.094] [R03-P00] Running compression...
[22:19:15.362] [R03-P05] Running compression...
[22:19:15.404] [R03-P09] Running compression...
[22:19:16.543] [R03-P03] Running compression...
[22:19:17.869] [R03-P08] Done! (58.5s)
[22:19:18.109] [R03-P07] Done! (58.8s)
[22:19:18.525] [R03-P06] Done! (59.2s)
[22:19:18.581] [R03-P08] Instance terminated.
[22:19:18.736] [R03-P04] Done! (59.4s)
[22:19:18.794] [R03-P07] Instance terminated.
[22:19:19.157] [R03-P06] Instance terminated.
[22:19:19.428] [R03-P04] Instance terminated.
[22:19:19.935] [R03-P01] Done! (60.7s)
[22:19:20.543] [R03-P01] Instance terminated.
[22:19:21.592] [R03-P09] Done! (62.3s)
[22:19:22.172] [R03-P09] Instance terminated.
[22:19:22.646] [R03-P02] Done! (63.4s)
[22:19:23.187] [R03-P02] Instance terminated.
[22:19:23.270] [R03-P05] Done! (64.0s)
[22:19:23.364] [R03-P00] Done! (64.1s)
[22:19:23.826] [R03-P05] Instance terminated.
[22:19:23.947] [R03-P00] Instance terminated.
[22:19:24.771] [R03-P03] Done! (65.5s)
[22:19:25.327] [R03-P03] Instance terminated.
[22:19:25.330] [m7g.large-Horiz-libx264-R03] ============================================================
[22:19:25.330] [m7g.large-Horiz-libx264-R03] RESULTS — 10x m7g.large Horizontal libx264
[22:19:25.330] [m7g.large-Horiz-libx264-R03]   Total Time:    66.07s (1.10 min)
[22:19:25.330] [m7g.large-Horiz-libx264-R03] ============================================================
