[22:09:07.587] [m7g.large-Horiz-libx264-R26] === Horizontal m7g.large libx264 Run 26 ===
[22:09:07.587] [m7g.large-Horiz-libx264-R26] Parts dir: /home/breno/doutorado/ec2sweetspot_noms2/artifacts2/phase3_scaling/video_parts_m7g_large_libx264
[22:09:10.318] [R26-P02] Instance i-001fdf124d5f5000b launched, waiting...
[22:09:10.334] [R26-P05] Instance i-06c750e2a0c93606f launched, waiting...
[22:09:10.392] [R26-P04] Instance i-0fb3b6df081e82524 launched, waiting...
[22:09:10.481] [R26-P09] Instance i-001d8fc0d533f8529 launched, waiting...
[22:09:10.973] [R26-P03] Instance i-0a8bfa159804597d0 launched, waiting...
[22:09:13.182] [R26-P07] Instance i-0b48ebb2fe74fb72f launched, waiting...
[22:09:13.710] [R26-P08] Instance i-0ed13e56097a6df58 launched, waiting...
[22:09:16.281] [R26-P06] Instance i-00f48033fb86523ab launched, waiting...
[22:09:22.210] [R26-P00] Instance i-00565d408f24df794 launched, waiting...
[22:09:26.184] [R26-P05] Instance ready. IP: 35.153.184.215
[22:09:26.252] [R26-P02] Instance ready. IP: 107.22.55.147
[22:09:26.379] [R26-P04] Instance ready. IP: 54.160.151.248
[22:09:26.380] [R26-P09] Instance ready. IP: 34.239.48.205
[22:09:27.037] [R26-P03] Instance ready. IP: 3.90.39.33
[22:09:27.325] [R26-P01] Instance i-0c352174ba9420f2e launched, waiting...
[22:09:29.205] [R26-P07] Instance ready. IP: 18.234.124.29
[22:09:29.717] [R26-P08] Instance ready. IP: 18.206.95.99
[22:09:32.136] [R26-P06] Instance ready. IP: 54.82.224.46
[22:09:38.217] [R26-P00] Instance ready. IP: 34.201.168.229
[22:09:43.193] [R26-P01] Instance ready. IP: 52.205.143.192
[22:09:52.248] [R26-P04] SSH connected.
[22:09:52.313] [R26-P05] SSH connected.
[22:09:52.362] [R26-P02] SSH connected.
[22:09:52.498] [R26-P09] SSH connected.
[22:09:53.318] [R26-P03] SSH connected.
[22:09:53.594] [R26-P04] Waiting for SFTP slot...
[22:09:53.596] [R26-P04] Uploading segment...
[22:09:54.089] [R26-P05] Waiting for SFTP slot...
[22:09:54.092] [R26-P05] Uploading segment...
[22:09:54.091] [R26-P02] Waiting for SFTP slot...
[22:09:54.102] [R26-P02] Uploading segment...
[22:09:54.235] [R26-P09] Waiting for SFTP slot...
[22:09:54.969] [R26-P03] Waiting for SFTP slot...
[22:09:55.644] [R26-P07] SSH connected.
[22:09:55.938] [R26-P09] Uploading segment...
[22:09:56.689] [R26-P03] Uploading segment...
[22:09:57.073] [R26-P04] Running compression...
[22:09:57.105] [R26-P08] SSH connected.
[22:09:57.124] [R26-P07] Waiting for SFTP slot...
[22:09:58.597] [R26-P06] SSH connected.
[22:09:58.676] [R26-P08] Waiting for SFTP slot...
[22:09:58.846] [R26-P07] Uploading segment...
[22:09:59.893] [R26-P06] Waiting for SFTP slot...
[22:10:02.212] [R26-P05] Running compression...
[22:10:02.466] [R26-P02] Running compression...
[22:10:02.466] [R26-P08] Uploading segment...
[22:10:03.438] [R26-P07] Running compression...
[22:10:03.665] [R26-P04] Done! (55.5s)
[22:10:03.710] [R26-P03] Running compression...
[22:10:04.287] [R26-P09] Running compression...
[22:10:04.287] [R26-P06] Uploading segment...
[22:10:04.403] [R26-P04] Instance terminated.
[22:10:04.523] [R26-P00] SSH connected.
[22:10:05.487] [R26-P08] Running compression...
[22:10:05.931] [R26-P00] Waiting for SFTP slot...
[22:10:07.680] [R26-P06] Running compression...
[22:10:09.988] [R26-P02] Done! (61.8s)
[22:10:10.011] [R26-P00] Uploading segment...
[22:10:10.149] [R26-P05] Done! (62.0s)
[22:10:10.577] [R26-P02] Instance terminated.
[22:10:10.751] [R26-P05] Instance terminated.
[22:10:10.832] [R26-P01] SSH connected.
[22:10:10.878] [R26-P07] Done! (62.5s)
[22:10:11.337] [R26-P09] Done! (62.9s)
[22:10:11.465] [R26-P07] Instance terminated.
[22:10:11.771] [R26-P03] Done! (63.6s)
[22:10:11.941] [R26-P09] Instance terminated.
[22:10:12.286] [R26-P08] Done! (63.9s)
[22:10:12.305] [R26-P01] Waiting for SFTP slot...
[22:10:12.306] [R26-P01] Uploading segment...
[22:10:12.388] [R26-P03] Instance terminated.
[22:10:12.886] [R26-P08] Instance terminated.
[22:10:14.878] [R26-P01] Running compression...
[22:10:15.844] [R26-P00] Running compression...
[22:10:16.254] [R26-P06] Done! (67.9s)
[22:10:16.871] [R26-P06] Instance terminated.
[22:10:21.024] [R26-P01] Done! (72.7s)
[22:10:21.636] [R26-P01] Instance terminated.
[22:10:24.305] [R26-P00] Done! (76.2s)
[22:10:24.879] [R26-P00] Instance terminated.
[22:10:24.882] [m7g.large-Horiz-libx264-R26] ============================================================
[22:10:24.882] [m7g.large-Horiz-libx264-R26] RESULTS — 10x m7g.large Horizontal libx264
[22:10:24.882] [m7g.large-Horiz-libx264-R26]   Total Time:    77.29s (1.29 min)
[22:10:24.882] [m7g.large-Horiz-libx264-R26] ============================================================
