[22:09:10.241] [m7g.large-Horiz-libx264-R27] === Horizontal m7g.large libx264 Run 27 ===
[22:09:10.241] [m7g.large-Horiz-libx264-R27] Parts dir: /home/breno/doutorado/ec2sweetspot_noms2/artifacts2/phase3_scaling/video_parts_m7g_large_libx264
[22:09:12.320] [R27-P06] Instance i-05c813a79741990d5 launched, waiting...
[22:09:12.330] [R27-P09] Instance i-058ad4fcce5bd0bb4 launched, waiting...
[22:09:12.377] [R27-P07] Instance i-02c8a089f394c1304 launched, waiting...
[22:09:12.378] [R27-P04] Instance i-06c0857583d3d2c9b launched, waiting...
[22:09:12.521] [R27-P00] Instance i-0b41537df3b7c3a0d launched, waiting...
[22:09:15.885] [R27-P03] Instance i-0da910cb2e1080642 launched, waiting...
[22:09:19.602] [R27-P05] Instance i-063fbb1ee0f18ab17 launched, waiting...
[22:09:20.509] [R27-P08] Instance i-000842caa4c3f8b54 launched, waiting...
[22:09:20.946] [R27-P01] Instance i-07b7d0f8cde127d1f launched, waiting...
[22:09:28.236] [R27-P09] Instance ready. IP: 54.80.78.240
[22:09:28.239] [R27-P06] Instance ready. IP: 13.221.119.157
[22:09:28.249] [R27-P04] Instance ready. IP: 54.90.139.171
[22:09:28.454] [R27-P00] Instance ready. IP: 3.89.2.113
[22:09:28.669] [R27-P02] Instance i-0e8c80ac2c73668c6 launched, waiting...
[22:09:29.531] [R27-P07] Instance ready. IP: 34.226.199.27
[22:09:31.784] [R27-P03] Instance ready. IP: 3.93.25.143
[22:09:35.688] [R27-P05] Instance ready. IP: 54.224.163.253
[22:09:36.563] [R27-P08] Instance ready. IP: 54.198.187.189
[22:09:36.934] [R27-P01] Instance ready. IP: 54.173.182.150
[22:09:44.505] [R27-P02] Instance ready. IP: 18.232.154.169
[22:09:54.494] [R27-P06] SSH connected.
[22:09:54.640] [R27-P04] SSH connected.
[22:09:54.642] [R27-P09] SSH connected.
[22:09:54.749] [R27-P00] SSH connected.
[22:09:55.985] [R27-P06] Waiting for SFTP slot...
[22:09:56.010] [R27-P09] Waiting for SFTP slot...
[22:09:56.080] [R27-P00] Waiting for SFTP slot...
[22:09:56.081] [R27-P04] Waiting for SFTP slot...
[22:09:56.597] [R27-P07] SSH connected.
[22:09:57.006] [R27-P06] Uploading segment...
[22:09:57.073] [R27-P09] Uploading segment...
[22:09:57.075] [R27-P00] Uploading segment...
[22:09:57.833] [R27-P07] Waiting for SFTP slot...
[22:09:58.377] [R27-P03] SSH connected.
[22:09:58.649] [R27-P04] Uploading segment...
[22:09:59.052] [R27-P07] Uploading segment...
[22:10:00.020] [R27-P03] Waiting for SFTP slot...
[22:10:01.704] [R27-P04] Running compression...
[22:10:02.220] [R27-P05] SSH connected.
[22:10:03.007] [R27-P09] Running compression...
[22:10:03.054] [R27-P08] SSH connected.
[22:10:03.353] [R27-P01] SSH connected.
[22:10:03.570] [R27-P07] Running compression...
[22:10:03.708] [R27-P05] Waiting for SFTP slot...
[22:10:04.390] [R27-P08] Waiting for SFTP slot...
[22:10:04.798] [R27-P01] Waiting for SFTP slot...
[22:10:05.474] [R27-P00] Running compression...
[22:10:05.474] [R27-P03] Uploading segment...
[22:10:05.547] [R27-P06] Running compression...
[22:10:07.121] [R27-P05] Uploading segment...
[22:10:07.680] [R27-P08] Uploading segment...
[22:10:08.711] [R27-P04] Done! (58.4s)
[22:10:09.648] [R27-P04] Instance terminated.
[22:10:09.740] [R27-P01] Uploading segment...
[22:10:10.752] [R27-P09] Done! (60.4s)
[22:10:10.998] [R27-P02] SSH connected.
[22:10:11.178] [R27-P05] Running compression...
[22:10:11.323] [R27-P09] Instance terminated.
[22:10:11.817] [R27-P07] Done! (61.5s)
[22:10:12.092] [R27-P00] Done! (61.8s)
[22:10:12.300] [R27-P02] Waiting for SFTP slot...
[22:10:12.300] [R27-P02] Uploading segment...
[22:10:12.409] [R27-P07] Instance terminated.
[22:10:12.686] [R27-P00] Instance terminated.
[22:10:13.007] [R27-P03] Running compression...
[22:10:14.066] [R27-P06] Done! (63.8s)
[22:10:14.486] [R27-P08] Running compression...
[22:10:14.628] [R27-P06] Instance terminated.
[22:10:14.877] [R27-P02] Running compression...
[22:10:16.173] [R27-P01] Running compression...
[22:10:17.858] [R27-P05] Done! (67.6s)
[22:10:19.119] [R27-P05] Instance terminated.
[22:10:22.162] [R27-P03] Done! (71.9s)
[22:10:22.163] [R27-P01] Done! (71.9s)
[22:10:22.475] [R27-P08] Done! (72.2s)
[22:10:22.781] [R27-P01] Instance terminated.
[22:10:22.788] [R27-P03] Instance terminated.
[22:10:23.143] [R27-P08] Instance terminated.
[22:10:23.258] [R27-P02] Done! (73.0s)
[22:10:23.874] [R27-P02] Instance terminated.
[22:10:23.878] [m7g.large-Horiz-libx264-R27] ============================================================
[22:10:23.879] [m7g.large-Horiz-libx264-R27] RESULTS — 10x m7g.large Horizontal libx264
[22:10:23.879] [m7g.large-Horiz-libx264-R27]   Total Time:    73.64s (1.23 min)
[22:10:23.879] [m7g.large-Horiz-libx264-R27] ============================================================
