[22:10:22.477] [m7g.large-Horiz-libvpx-vp9-R26] === Horizontal m7g.large libvpx-vp9 Run 26 ===
[22:10:22.477] [m7g.large-Horiz-libvpx-vp9-R26] Parts dir: /home/breno/doutorado/ec2sweetspot_noms2/artifacts2/phase3_scaling/video_parts_m7g_large_libvpx-vp9
[22:10:24.614] [R26-P02] Instance i-0064c88f9613a4569 launched, waiting...
[22:10:27.726] [R26-P04] Instance i-0735597d7341f855b launched, waiting...
[22:10:32.526] [R26-P09] Instance i-0d84ac14aa5912563 launched, waiting...
[22:10:32.564] [R26-P01] Instance i-086e4bf0f41da4ec4 launched, waiting...
[22:10:32.659] [R26-P08] Instance i-04c09b25294507cfc launched, waiting...
[22:10:34.309] [R26-P00] Instance i-0d851377bc101be53 launched, waiting...
[22:10:37.392] [R26-P06] Instance i-00cf21e25c4d17a99 launched, waiting...
[22:10:40.584] [R26-P02] Instance ready. IP: 18.232.164.225
[22:10:43.365] [R26-P05] ERROR: An error occurred (RequestLimitExceeded) when calling the RunInstances operation (reached max retries: 4): Request limit exceeded. Account 460964766037 has been throttled on ec2:RunInstances because it exceeded its request rate limit.
[22:10:43.716] [R26-P04] Instance ready. IP: 54.161.9.252
[22:10:44.620] [R26-P07] Instance i-0736b55beb93df009 launched, waiting...
[22:10:48.353] [R26-P09] Instance ready. IP: 35.171.87.90
[22:10:48.358] [R26-P01] Instance ready. IP: 54.198.224.69
[22:10:48.491] [R26-P08] Instance ready. IP: 54.227.1.120
[22:10:50.194] [R26-P00] Instance ready. IP: 54.208.157.200
[22:10:51.048] [R26-P03] Instance i-051cebcb682466a28 launched, waiting...
[22:10:53.230] [R26-P06] Instance ready. IP: 34.204.74.39
[22:11:00.995] [R26-P07] Instance ready. IP: 3.81.81.197
[22:11:07.210] [R26-P03] Instance ready. IP: 98.81.207.199
[22:11:08.195] [R26-P02] SSH connected.
[22:11:11.473] [R26-P02] Waiting for SFTP slot...
[22:11:15.347] [R26-P04] SSH connected.
[22:11:22.810] [R26-P04] Waiting for SFTP slot...
[22:11:25.850] [R26-P01] SSH connected.
[22:11:25.850] [R26-P09] SSH connected.
[22:11:27.929] [R26-P00] SSH connected.
[22:11:29.257] [R26-P08] SSH connected.
[22:11:30.937] [R26-P06] SSH connected.
[22:11:31.526] [R26-P01] Waiting for SFTP slot...
[22:11:31.526] [R26-P09] Waiting for SFTP slot...
[22:11:31.883] [R26-P00] Waiting for SFTP slot...
[22:11:32.148] [R26-P08] Waiting for SFTP slot...
[22:11:32.320] [R26-P06] Waiting for SFTP slot...
[22:11:32.397] [R26-P07] SSH connected.
[22:11:39.022] [R26-P03] SSH connected.
[22:11:39.029] [R26-P07] Waiting for SFTP slot...
[22:11:42.060] [R26-P03] Waiting for SFTP slot...
[22:11:57.555] [R26-P02] Uploading segment...
[22:11:58.281] [R26-P04] Uploading segment...
[22:12:03.523] [R26-P01] Uploading segment...
[22:12:19.264] [R26-P02] Running compression...
[22:12:19.264] [R26-P09] Uploading segment...
[22:12:20.793] [R26-P00] Uploading segment...
[22:12:21.688] [R26-P04] Running compression...
[22:12:23.051] [R26-P08] Uploading segment...
[22:12:23.401] [R26-P01] Running compression...
[22:12:23.401] [R26-P06] Uploading segment...
[22:12:41.506] [R26-P09] Running compression...
[22:12:44.341] [R26-P00] Running compression...
[22:12:50.098] [R26-P08] Running compression...
[22:12:53.492] [R26-P07] Uploading segment...
[22:12:53.507] [R26-P06] Running compression...
[22:12:57.497] [R26-P02] Done! (155.0s)
[22:12:57.560] [R26-P01] Done! (155.1s)
[22:12:59.020] [R26-P04] Done! (156.5s)
[22:13:11.034] [R26-P01] Instance terminated.
[22:13:14.688] [R26-P02] Instance terminated.
[22:13:15.180] [R26-P04] Instance terminated.
[22:13:15.302] [R26-P09] Done! (172.8s)
[22:13:18.942] [R26-P03] Uploading segment...
[22:13:23.426] [R26-P07] Running compression...
[22:13:26.657] [R26-P09] Instance terminated.
[22:13:28.112] [R26-P08] Done! (185.6s)
[22:13:28.280] [R26-P00] Done! (185.8s)
[22:13:37.348] [R26-P00] Instance terminated.
[22:13:37.499] [R26-P08] Instance terminated.
[22:13:38.131] [R26-P06] Done! (195.6s)
[22:13:42.122] [R26-P03] Running compression...
[22:13:46.617] [R26-P06] Instance terminated.
[22:14:02.068] [R26-P07] Done! (219.5s)
[22:14:03.238] [R26-P07] Instance terminated.
[22:14:20.471] [R26-P03] Done! (238.0s)
[22:14:21.561] [R26-P03] Instance terminated.
[22:23:40.161] [m7g.large-Horiz-libvpx-vp9-R26] === Horizontal m7g.large libvpx-vp9 Run 26 ===
[22:23:40.161] [m7g.large-Horiz-libvpx-vp9-R26] Parts dir: /home/breno/doutorado/ec2sweetspot_noms2/artifacts2/phase3_scaling/video_parts_m7g_large_libvpx-vp9
[22:23:42.128] [R26-P00] Instance i-0fad63245c377a676 launched, waiting...
[22:23:42.134] [R26-P05] Instance i-08f0114a38a417a4d launched, waiting...
[22:23:42.138] [R26-P04] Instance i-08908b67bd117c84f launched, waiting...
[22:23:42.254] [R26-P02] Instance i-076d3c5bbdfbabc59 launched, waiting...
[22:23:42.275] [R26-P09] Instance i-0f09c9731622db6f1 launched, waiting...
[22:23:42.279] [R26-P01] Instance i-0c4998123c25e6699 launched, waiting...
[22:23:42.296] [R26-P03] Instance i-071a129f821c4965f launched, waiting...
[22:23:42.299] [R26-P07] Instance i-0ba2cde377628cce8 launched, waiting...
[22:23:42.304] [R26-P06] Instance i-0b1f790ac9b770099 launched, waiting...
[22:23:42.325] [R26-P08] Instance i-0dc52f2b44af53b2e launched, waiting...
[22:23:57.899] [R26-P00] Instance ready. IP: 174.129.98.77
[22:23:57.937] [R26-P04] Instance ready. IP: 54.88.167.205
[22:23:57.965] [R26-P05] Instance ready. IP: 52.91.177.112
[22:23:57.997] [R26-P01] Instance ready. IP: 54.209.93.152
[22:23:58.033] [R26-P03] Instance ready. IP: 54.89.85.144
[22:23:58.036] [R26-P09] Instance ready. IP: 3.85.117.147
[22:23:58.047] [R26-P08] Instance ready. IP: 54.166.138.252
[22:23:58.061] [R26-P07] Instance ready. IP: 3.88.5.71
[22:23:58.096] [R26-P06] Instance ready. IP: 54.173.71.175
[22:23:58.211] [R26-P02] Instance ready. IP: 98.81.199.233
[22:24:24.021] [R26-P00] SSH connected.
[22:24:24.041] [R26-P04] SSH connected.
[22:24:24.076] [R26-P05] SSH connected.
[22:24:24.116] [R26-P09] SSH connected.
[22:24:24.139] [R26-P01] SSH connected.
[22:24:24.148] [R26-P03] SSH connected.
[22:24:24.192] [R26-P08] SSH connected.
[22:24:24.195] [R26-P06] SSH connected.
[22:24:24.270] [R26-P07] SSH connected.
[22:24:24.293] [R26-P02] SSH connected.
[22:24:25.219] [R26-P04] Waiting for SFTP slot...
[22:24:25.219] [R26-P04] Uploading segment...
[22:24:25.255] [R26-P09] Waiting for SFTP slot...
[22:24:25.255] [R26-P09] Uploading segment...
[22:24:25.260] [R26-P00] Waiting for SFTP slot...
[22:24:25.260] [R26-P00] Uploading segment...
[22:24:25.322] [R26-P03] Waiting for SFTP slot...
[22:24:25.322] [R26-P03] Uploading segment...
[22:24:25.363] [R26-P05] Waiting for SFTP slot...
[22:24:25.364] [R26-P05] Uploading segment...
[22:24:25.373] [R26-P08] Waiting for SFTP slot...
[22:24:25.373] [R26-P08] Uploading segment...
[22:24:25.442] [R26-P02] Waiting for SFTP slot...
[22:24:25.442] [R26-P02] Uploading segment...
[22:24:25.544] [R26-P01] Waiting for SFTP slot...
[22:24:25.544] [R26-P01] Uploading segment...
[22:24:25.611] [R26-P06] Waiting for SFTP slot...
[22:24:25.611] [R26-P06] Uploading segment...
[22:24:25.637] [R26-P07] Waiting for SFTP slot...
[22:24:25.638] [R26-P07] Uploading segment...
[22:24:28.955] [R26-P00] Running compression...
[22:24:29.031] [R26-P09] Running compression...
[22:24:29.106] [R26-P05] Running compression...
[22:24:29.245] [R26-P04] Running compression...
[22:24:30.098] [R26-P08] Running compression...
[22:24:30.146] [R26-P03] Running compression...
[22:24:30.472] [R26-P02] Running compression...
[22:24:31.794] [R26-P06] Running compression...
[22:24:32.119] [R26-P01] Running compression...
[22:24:32.393] [R26-P07] Running compression...
[22:24:58.721] [R26-P09] Done! (78.5s)
[22:24:59.274] [R26-P09] Instance terminated.
[22:25:00.258] [R26-P01] Done! (80.1s)
[22:25:00.482] [R26-P05] Done! (80.3s)
[22:25:00.802] [R26-P01] Instance terminated.
[22:25:01.000] [R26-P05] Instance terminated.
[22:25:04.137] [R26-P08] Done! (83.9s)
[22:25:04.573] [R26-P04] Done! (84.4s)
[22:25:04.706] [R26-P08] Instance terminated.
[22:25:05.158] [R26-P04] Instance terminated.
[22:25:06.286] [R26-P00] Done! (86.1s)
[22:25:06.308] [R26-P03] Done! (86.1s)
[22:25:06.592] [R26-P02] Done! (86.4s)
[22:25:07.333] [R26-P03] Instance terminated.
[22:25:07.364] [R26-P00] Instance terminated.
[22:25:07.653] [R26-P02] Instance terminated.
[22:25:08.674] [R26-P06] Done! (88.5s)
[22:25:09.642] [R26-P06] Instance terminated.
[22:25:10.386] [R26-P07] Done! (90.2s)
[22:25:11.499] [R26-P07] Instance terminated.
[22:25:11.502] [m7g.large-Horiz-libvpx-vp9-R26] ============================================================
[22:25:11.502] [m7g.large-Horiz-libvpx-vp9-R26] RESULTS — 10x m7g.large Horizontal libvpx-vp9
[22:25:11.502] [m7g.large-Horiz-libvpx-vp9-R26]   Total Time:    91.34s (1.52 min)
[22:25:11.502] [m7g.large-Horiz-libvpx-vp9-R26] ============================================================
