[22:02:45.498] [m7g.large-Horiz-libx264-R10] === Horizontal m7g.large libx264 Run 10 ===
[22:02:45.499] [m7g.large-Horiz-libx264-R10] Parts dir: /home/breno/doutorado/ec2sweetspot_noms2/artifacts2/phase3_scaling/video_parts_m7g_large_libx264
[22:02:47.560] [R10-P09] Instance i-093b80957807580d1 launched, waiting...
[22:02:47.570] [R10-P01] Instance i-08c0ee66e7108b63d launched, waiting...
[22:02:47.577] [R10-P03] Instance i-00aa83eff5b61a9ca launched, waiting...
[22:02:47.581] [R10-P07] Instance i-042d7f07d1b6dbeae launched, waiting...
[22:02:47.590] [R10-P00] Instance i-0027e012b9fe3bf75 launched, waiting...
[22:02:47.758] [R10-P05] Instance i-03a7289a10ea4c6f8 launched, waiting...
[22:02:47.763] [R10-P08] Instance i-0d305f8ac688337a2 launched, waiting...
[22:02:47.764] [R10-P06] Instance i-0ab92f99669e05f05 launched, waiting...
[22:02:47.830] [R10-P02] Instance i-0167f203e9ecd23d4 launched, waiting...
[22:02:47.837] [R10-P04] Instance i-0e41a488ccaa2c002 launched, waiting...
[22:03:04.791] [R10-P06] Instance ready. IP: 35.175.214.76
[22:03:04.801] [R10-P05] Instance ready. IP: 54.81.209.111
[22:03:04.896] [R10-P04] Instance ready. IP: 54.237.205.84
[22:03:05.359] [R10-P00] Instance ready. IP: 54.198.34.50
[22:03:06.971] [R10-P09] Instance ready. IP: 13.223.72.17
[22:03:06.983] [R10-P08] Instance ready. IP: 54.80.230.126
[22:03:06.984] [R10-P02] Instance ready. IP: 52.91.57.72
[22:03:06.984] [R10-P07] Instance ready. IP: 54.92.183.13
[22:03:06.986] [R10-P03] Instance ready. IP: 54.80.113.153
[22:03:06.987] [R10-P01] Instance ready. IP: 54.210.30.161
[22:03:31.900] [R10-P06] SSH connected.
[22:03:31.900] [R10-P05] SSH connected.
[22:03:31.903] [R10-P04] SSH connected.
[22:03:33.537] [R10-P00] SSH connected.
[22:03:33.818] [R10-P06] Waiting for SFTP slot...
[22:03:33.912] [R10-P05] Waiting for SFTP slot...
[22:03:34.310] [R10-P04] Waiting for SFTP slot...
[22:03:34.453] [R10-P03] SSH connected.
[22:03:34.453] [R10-P02] SSH connected.
[22:03:34.792] [R10-P01] SSH connected.
[22:03:34.793] [R10-P08] SSH connected.
[22:03:35.998] [R10-P09] SSH connected.
[22:03:36.109] [R10-P00] Waiting for SFTP slot...
[22:03:37.387] [R10-P02] Waiting for SFTP slot...
[22:03:37.439] [R10-P08] Waiting for SFTP slot...
[22:03:37.439] [R10-P07] SSH connected.
[22:03:37.439] [R10-P03] Waiting for SFTP slot...
[22:03:37.449] [R10-P01] Waiting for SFTP slot...
[22:03:38.050] [R10-P09] Waiting for SFTP slot...
[22:03:38.324] [R10-P07] Waiting for SFTP slot...
[22:03:52.244] [R10-P06] Uploading segment...
[22:03:55.566] [R10-P05] Uploading segment...
[22:03:57.793] [R10-P04] Uploading segment...
[22:03:59.024] [R10-P00] Uploading segment...
[22:04:00.420] [R10-P02] Uploading segment...
[22:04:01.239] [R10-P08] Uploading segment...
[22:04:01.586] [R10-P03] Uploading segment...
[22:04:02.476] [R10-P01] Uploading segment...
[22:04:03.122] [R10-P06] Running compression...
[22:04:03.122] [R10-P09] Uploading segment...
[22:04:06.572] [R10-P05] Running compression...
[22:04:06.572] [R10-P07] Uploading segment...
[22:04:06.926] [R10-P00] Running compression...
[22:04:10.161] [R10-P01] Running compression...
[22:04:10.274] [R10-P04] Running compression...
[22:04:10.275] [R10-P06] Done! (84.7s)
[22:04:10.465] [R10-P03] Running compression...
[22:04:11.063] [R10-P06] Instance terminated.
[22:04:11.277] [R10-P08] Running compression...
[22:04:11.456] [R10-P02] Running compression...
[22:04:13.235] [R10-P05] Done! (87.7s)
[22:04:13.638] [R10-P09] Running compression...
[22:04:13.851] [R10-P00] Done! (88.3s)
[22:04:14.810] [R10-P05] Instance terminated.
[22:04:15.359] [R10-P00] Instance terminated.
[22:04:16.488] [R10-P01] Done! (91.0s)
[22:04:17.347] [R10-P03] Done! (91.8s)
[22:04:17.773] [R10-P07] Running compression...
[22:04:18.138] [R10-P08] Done! (92.6s)
[22:04:18.458] [R10-P04] Done! (92.9s)
[22:04:18.512] [R10-P01] Instance terminated.
[22:04:18.748] [R10-P02] Done! (93.2s)
[22:04:19.499] [R10-P03] Instance terminated.
[22:04:20.305] [R10-P08] Instance terminated.
[22:04:20.762] [R10-P04] Instance terminated.
[22:04:21.112] [R10-P02] Instance terminated.
[22:04:21.581] [R10-P09] Done! (96.0s)
[22:04:23.739] [R10-P09] Instance terminated.
[22:04:25.101] [R10-P07] Done! (99.6s)
[22:04:26.464] [R10-P07] Instance terminated.
[22:04:26.466] [m7g.large-Horiz-libx264-R10] ============================================================
[22:04:26.466] [m7g.large-Horiz-libx264-R10] RESULTS — 10x m7g.large Horizontal libx264
[22:04:26.466] [m7g.large-Horiz-libx264-R10]   Total Time:    100.97s (1.68 min)
[22:04:26.466] [m7g.large-Horiz-libx264-R10] ============================================================
