[22:08:06.173] [m7g.large-Horiz-libvpx-vp9-R20] === Horizontal m7g.large libvpx-vp9 Run 20 ===
[22:08:06.173] [m7g.large-Horiz-libvpx-vp9-R20] Parts dir: /home/breno/doutorado/ec2sweetspot_noms2/artifacts2/phase3_scaling/video_parts_m7g_large_libvpx-vp9
[22:08:08.185] [R20-P05] Instance i-0f8f7f0051a77ccb7 launched, waiting...
[22:08:08.226] [R20-P07] Instance i-0a0ad16cc6754c4fd launched, waiting...
[22:08:08.228] [R20-P03] Instance i-05cab62dc3e0eb0aa launched, waiting...
[22:08:08.229] [R20-P04] Instance i-0b5149aac7f9cd96a launched, waiting...
[22:08:08.233] [R20-P09] Instance i-01af38c8f6f409f8c launched, waiting...
[22:08:09.755] [R20-P01] Instance i-06ed9eea370889aa4 launched, waiting...
[22:08:09.759] [R20-P08] Instance i-097af7bfcdd2ebd0b launched, waiting...
[22:08:10.775] [R20-P06] Instance i-04bda549cdc853fd2 launched, waiting...
[22:08:10.780] [R20-P00] Instance i-08b924d9d0df91b59 launched, waiting...
[22:08:12.364] [R20-P02] Instance i-089a39b9aea388ad7 launched, waiting...
[22:08:24.055] [R20-P09] Instance ready. IP: 13.217.103.75
[22:08:24.122] [R20-P04] Instance ready. IP: 34.235.131.190
[22:08:24.123] [R20-P03] Instance ready. IP: 54.146.24.169
[22:08:24.130] [R20-P05] Instance ready. IP: 3.85.31.250
[22:08:24.784] [R20-P07] Instance ready. IP: 35.173.253.129
[22:08:25.606] [R20-P01] Instance ready. IP: 3.81.172.243
[22:08:25.738] [R20-P08] Instance ready. IP: 54.173.198.123
[22:08:26.560] [R20-P06] Instance ready. IP: 107.22.48.14
[22:08:26.607] [R20-P00] Instance ready. IP: 52.55.243.26
[22:08:28.170] [R20-P02] Instance ready. IP: 18.232.129.27
[22:08:50.184] [R20-P09] SSH connected.
[22:08:50.336] [R20-P03] SSH connected.
[22:08:50.337] [R20-P04] SSH connected.
[22:08:50.337] [R20-P05] SSH connected.
[22:08:50.968] [R20-P07] SSH connected.
[22:08:51.325] [R20-P09] Waiting for SFTP slot...
[22:08:51.419] [R20-P03] Waiting for SFTP slot...
[22:08:51.434] [R20-P04] Waiting for SFTP slot...
[22:08:51.576] [R20-P05] Waiting for SFTP slot...
[22:08:51.747] [R20-P01] SSH connected.
[22:08:51.889] [R20-P08] SSH connected.
[22:08:52.210] [R20-P07] Waiting for SFTP slot...
[22:08:52.807] [R20-P06] SSH connected.
[22:08:52.813] [R20-P00] SSH connected.
[22:08:53.020] [R20-P01] Waiting for SFTP slot...
[22:08:53.030] [R20-P08] Waiting for SFTP slot...
[22:08:54.267] [R20-P00] Waiting for SFTP slot...
[22:08:54.461] [R20-P06] Waiting for SFTP slot...
[22:08:54.643] [R20-P02] SSH connected.
[22:08:55.862] [R20-P02] Waiting for SFTP slot...
[22:09:18.699] [R20-P09] Uploading segment...
[22:09:18.751] [R20-P03] Uploading segment...
[22:09:19.829] [R20-P04] Uploading segment...
[22:09:20.840] [R20-P05] Uploading segment...
[22:09:20.903] [R20-P07] Uploading segment...
[22:09:22.212] [R20-P04] Running compression...
[22:09:22.212] [R20-P08] Uploading segment...
[22:09:22.212] [R20-P01] Uploading segment...
[22:09:22.619] [R20-P00] Uploading segment...
[22:09:22.764] [R20-P06] Uploading segment...
[22:09:24.799] [R20-P01] Running compression...
[22:09:25.332] [R20-P09] Running compression...
[22:09:25.405] [R20-P03] Running compression...
[22:09:25.868] [R20-P08] Running compression...
[22:09:27.150] [R20-P00] Running compression...
[22:09:28.002] [R20-P07] Running compression...
[22:09:28.428] [R20-P06] Running compression...
[22:09:29.124] [R20-P05] Running compression...
[22:09:38.863] [R20-P02] Uploading segment...
[22:09:42.915] [R20-P02] Running compression...
[22:09:53.598] [R20-P01] Done! (107.4s)
[22:09:54.835] [R20-P01] Instance terminated.
[22:09:55.051] [R20-P09] Done! (108.8s)
[22:09:56.311] [R20-P09] Instance terminated.
[22:09:58.145] [R20-P04] Done! (111.9s)
[22:09:58.722] [R20-P05] Done! (112.5s)
[22:09:59.339] [R20-P04] Instance terminated.
[22:09:59.568] [R20-P08] Done! (113.3s)
[22:09:59.820] [R20-P05] Instance terminated.
[22:10:00.834] [R20-P08] Instance terminated.
[22:10:02.654] [R20-P00] Done! (116.5s)
[22:10:02.847] [R20-P03] Done! (116.6s)
[22:10:03.354] [R20-P06] Done! (117.1s)
[22:10:03.956] [R20-P00] Instance terminated.
[22:10:04.075] [R20-P03] Instance terminated.
[22:10:04.504] [R20-P06] Instance terminated.
[22:10:05.377] [R20-P07] Done! (119.1s)
[22:10:06.628] [R20-P07] Instance terminated.
[22:10:17.375] [R20-P02] Done! (131.2s)
[22:10:19.156] [R20-P02] Instance terminated.
[22:10:19.307] [m7g.large-Horiz-libvpx-vp9-R20] ============================================================
[22:10:19.308] [m7g.large-Horiz-libvpx-vp9-R20] RESULTS — 10x m7g.large Horizontal libvpx-vp9
[22:10:19.309] [m7g.large-Horiz-libvpx-vp9-R20]   Total Time:    133.13s (2.22 min)
[22:10:19.309] [m7g.large-Horiz-libvpx-vp9-R20] ============================================================
