[22:07:51.917] [m7g.large-Horiz-libx264-R25] === Horizontal m7g.large libx264 Run 25 ===
[22:07:51.917] [m7g.large-Horiz-libx264-R25] Parts dir: /home/breno/doutorado/ec2sweetspot_noms2/artifacts2/phase3_scaling/video_parts_m7g_large_libx264
[22:07:54.210] [R25-P09] Instance i-06ece2ca66d83595c launched, waiting...
[22:07:54.235] [R25-P00] Instance i-02b69ff7e05f841a8 launched, waiting...
[22:07:54.259] [R25-P07] Instance i-0c01641e6a46c50b4 launched, waiting...
[22:07:54.411] [R25-P04] Instance i-062bff448fe406026 launched, waiting...
[22:07:55.415] [R25-P05] Instance i-0a724e8cf74dfb74d launched, waiting...
[22:07:56.566] [R25-P01] Instance i-0c9a602058a5d1671 launched, waiting...
[22:07:58.739] [R25-P06] Instance i-01681e2980c91cda9 launched, waiting...
[22:07:59.016] [R25-P02] Instance i-0b6e0d6bc5d820803 launched, waiting...
[22:08:05.423] [R25-P03] Instance i-00995d51cd459e48b launched, waiting...
[22:08:05.727] [R25-P08] Instance i-007a81698ca44944b launched, waiting...
[22:08:10.186] [R25-P07] Instance ready. IP: 3.208.26.173
[22:08:10.187] [R25-P09] Instance ready. IP: 54.237.228.87
[22:08:10.236] [R25-P00] Instance ready. IP: 98.81.177.159
[22:08:10.361] [R25-P04] Instance ready. IP: 52.201.83.92
[22:08:11.277] [R25-P05] Instance ready. IP: 34.229.110.134
[22:08:12.431] [R25-P01] Instance ready. IP: 54.198.106.28
[22:08:14.614] [R25-P06] Instance ready. IP: 32.192.91.236
[22:08:14.797] [R25-P02] Instance ready. IP: 3.93.7.233
[22:08:21.426] [R25-P03] Instance ready. IP: 54.88.40.31
[22:08:21.517] [R25-P08] Instance ready. IP: 34.207.98.56
[22:08:36.355] [R25-P09] SSH connected.
[22:08:36.402] [R25-P00] SSH connected.
[22:08:36.655] [R25-P04] SSH connected.
[22:08:37.226] [R25-P07] SSH connected.
[22:08:37.547] [R25-P05] SSH connected.
[22:08:37.556] [R25-P09] Waiting for SFTP slot...
[22:08:37.687] [R25-P00] Waiting for SFTP slot...
[22:08:37.840] [R25-P04] Waiting for SFTP slot...
[22:08:38.536] [R25-P01] SSH connected.
[22:08:38.819] [R25-P05] Waiting for SFTP slot...
[22:08:39.452] [R25-P07] Waiting for SFTP slot...
[22:08:39.763] [R25-P01] Waiting for SFTP slot...
[22:08:40.732] [R25-P06] SSH connected.
[22:08:40.900] [R25-P02] SSH connected.
[22:08:42.120] [R25-P06] Waiting for SFTP slot...
[22:08:42.210] [R25-P02] Waiting for SFTP slot...
[22:08:47.510] [R25-P03] SSH connected.
[22:08:47.609] [R25-P08] SSH connected.
[22:08:48.844] [R25-P08] Waiting for SFTP slot...
[22:08:48.941] [R25-P03] Waiting for SFTP slot...
[22:09:02.705] [R25-P09] Uploading segment...
[22:09:02.962] [R25-P00] Uploading segment...
[22:09:04.193] [R25-P04] Uploading segment...
[22:09:04.676] [R25-P05] Uploading segment...
[22:09:04.769] [R25-P07] Uploading segment...
[22:09:04.801] [R25-P01] Uploading segment...
[22:09:08.551] [R25-P06] Uploading segment...
[22:09:09.302] [R25-P02] Uploading segment...
[22:09:09.921] [R25-P04] Running compression...
[22:09:09.986] [R25-P00] Running compression...
[22:09:10.944] [R25-P09] Running compression...
[22:09:11.891] [R25-P05] Running compression...
[22:09:12.160] [R25-P01] Running compression...
[22:09:12.365] [R25-P02] Running compression...
[22:09:15.621] [R25-P06] Running compression...
[22:09:15.621] [R25-P08] Uploading segment...
[22:09:15.899] [R25-P07] Running compression...
[22:09:15.899] [R25-P03] Uploading segment...
[22:09:16.175] [R25-P04] Done! (84.2s)
[22:09:16.707] [R25-P00] Done! (84.8s)
[22:09:17.340] [R25-P00] Instance terminated.
[22:09:17.502] [R25-P04] Instance terminated.
[22:09:17.905] [R25-P01] Done! (86.0s)
[22:09:18.248] [R25-P05] Done! (86.3s)
[22:09:18.294] [R25-P09] Done! (86.3s)
[22:09:18.523] [R25-P01] Instance terminated.
[22:09:19.440] [R25-P09] Instance terminated.
[22:09:19.939] [R25-P05] Instance terminated.
[22:09:20.224] [R25-P02] Done! (88.3s)
[22:09:20.840] [R25-P03] Running compression...
[22:09:20.855] [R25-P02] Instance terminated.
[22:09:22.505] [R25-P06] Done! (90.5s)
[22:09:22.763] [R25-P08] Running compression...
[22:09:23.246] [R25-P07] Done! (91.3s)
[22:09:23.544] [R25-P06] Instance terminated.
[22:09:25.637] [R25-P07] Instance terminated.
[22:09:27.729] [R25-P03] Done! (95.8s)
[22:09:28.428] [R25-P03] Instance terminated.
[22:09:29.068] [R25-P08] Done! (97.1s)
[22:09:30.199] [R25-P08] Instance terminated.
[22:09:30.201] [m7g.large-Horiz-libx264-R25] ============================================================
[22:09:30.201] [m7g.large-Horiz-libx264-R25] RESULTS — 10x m7g.large Horizontal libx264
[22:09:30.201] [m7g.large-Horiz-libx264-R25]   Total Time:    98.28s (1.64 min)
[22:09:30.201] [m7g.large-Horiz-libx264-R25] ============================================================
