[22:00:43.735] [m7g.large-Horiz-libvpx-vp9-R02] === Horizontal m7g.large libvpx-vp9 Run 2 ===
[22:00:43.735] [m7g.large-Horiz-libvpx-vp9-R02] Parts dir: /home/breno/doutorado/ec2sweetspot_noms2/artifacts2/phase3_scaling/video_parts_m7g_large_libvpx-vp9
[22:00:51.945] [R02-P09] Instance i-029ccf8eebab26e6e launched, waiting...
[22:00:52.172] [R02-P03] Instance i-0745c574a86d49ee7 launched, waiting...
[22:00:52.327] [R02-P00] Instance i-0fa21ee574ac57822 launched, waiting...
[22:00:52.389] [R02-P04] Instance i-04665fd5cf6c8e031 launched, waiting...
[22:00:56.611] [R02-P00] Instance ready. IP: 98.81.0.183
[22:00:56.638] [R02-P04] Instance ready. IP: 34.239.136.69
[22:00:59.173] [R02-P07] Instance i-005493737d31620b4 launched, waiting...
[22:01:08.911] [R02-P01] ERROR: An error occurred (RequestLimitExceeded) when calling the RunInstances operation (reached max retries: 4): Request limit exceeded. Account 460964766037 has been throttled on ec2:RunInstances because it exceeded its request rate limit.
[22:01:11.856] [R02-P03] Instance ready. IP: 54.158.222.166
[22:01:11.868] [R02-P09] Instance ready. IP: 174.129.169.243
[22:01:12.093] [R02-P06] ERROR: An error occurred (RequestLimitExceeded) when calling the RunInstances operation (reached max retries: 4): Request limit exceeded. Account 460964766037 has been throttled on ec2:RunInstances because it exceeded its request rate limit.
[22:01:12.131] [R02-P05] ERROR: An error occurred (RequestLimitExceeded) when calling the RunInstances operation (reached max retries: 4): Request limit exceeded. Account 460964766037 has been throttled on ec2:RunInstances because it exceeded its request rate limit.
[22:01:13.014] [R02-P02] ERROR: An error occurred (RequestLimitExceeded) when calling the RunInstances operation (reached max retries: 4): Request limit exceeded. Account 460964766037 has been throttled on ec2:RunInstances because it exceeded its request rate limit.
[22:01:13.745] [R02-P08] ERROR: An error occurred (RequestLimitExceeded) when calling the RunInstances operation (reached max retries: 4): Request limit exceeded. Account 460964766037 has been throttled on ec2:RunInstances because it exceeded its request rate limit.
[22:01:14.974] [R02-P07] Instance ready. IP: 54.80.32.238
[22:01:22.740] [R02-P00] SSH connected.
[22:01:22.757] [R02-P04] SSH connected.
[22:01:23.973] [R02-P00] Waiting for SFTP slot...
[22:01:23.973] [R02-P00] Uploading segment...
[22:01:24.155] [R02-P04] Waiting for SFTP slot...
[22:01:24.156] [R02-P04] Uploading segment...
[22:01:28.292] [R02-P00] Running compression...
[22:01:28.363] [R02-P04] Running compression...
[22:01:38.432] [R02-P03] SSH connected.
[22:01:38.434] [R02-P09] SSH connected.
[22:01:39.917] [R02-P03] Waiting for SFTP slot...
[22:01:39.918] [R02-P03] Uploading segment...
[22:01:39.917] [R02-P09] Waiting for SFTP slot...
[22:01:39.918] [R02-P09] Uploading segment...
[22:01:41.421] [R02-P07] SSH connected.
[22:01:42.637] [R02-P07] Waiting for SFTP slot...
[22:01:43.724] [R02-P07] Uploading segment...
[22:01:47.116] [R02-P09] Running compression...
[22:01:47.242] [R02-P07] Running compression...
[22:01:47.378] [R02-P03] Running compression...
[22:02:04.906] [R02-P04] Done! (75.8s)
[22:02:05.784] [R02-P00] Done! (76.6s)
[22:02:07.439] [R02-P04] Instance terminated.
[22:02:08.918] [R02-P00] Instance terminated.
[22:02:19.396] [R02-P09] Done! (90.0s)
[22:02:21.857] [R02-P09] Instance terminated.
[22:02:25.393] [R02-P03] Done! (96.0s)
[22:02:25.943] [R02-P07] Done! (96.6s)
[22:02:27.706] [R02-P07] Instance terminated.
[22:02:29.541] [R02-P03] Instance terminated.
[22:16:13.263] [m7g.large-Horiz-libvpx-vp9-R02] === Horizontal m7g.large libvpx-vp9 Run 2 ===
[22:16:13.263] [m7g.large-Horiz-libvpx-vp9-R02] Parts dir: /home/breno/doutorado/ec2sweetspot_noms2/artifacts2/phase3_scaling/video_parts_m7g_large_libvpx-vp9
[22:16:19.492] [R02-P03] Instance i-0847987b7a085d41a launched, waiting...
[22:16:33.825] [R02-P07] ERROR: An error occurred (RequestLimitExceeded) when calling the RunInstances operation (reached max retries: 4): Request limit exceeded. Account 460964766037 has been throttled on ec2:RunInstances because it exceeded its request rate limit.
[22:16:34.493] [R02-P01] ERROR: An error occurred (RequestLimitExceeded) when calling the RunInstances operation (reached max retries: 4): Request limit exceeded. Account 460964766037 has been throttled on ec2:RunInstances because it exceeded its request rate limit.
[22:16:34.604] [R02-P05] ERROR: An error occurred (RequestLimitExceeded) when calling the RunInstances operation (reached max retries: 4): Request limit exceeded. Account 460964766037 has been throttled on ec2:RunInstances because it exceeded its request rate limit.
[22:16:35.071] [R02-P08] ERROR: An error occurred (RequestLimitExceeded) when calling the RunInstances operation (reached max retries: 4): Request limit exceeded. Account 460964766037 has been throttled on ec2:RunInstances because it exceeded its request rate limit.
[22:16:35.293] [R02-P03] Instance ready. IP: 35.173.180.175
[22:16:35.421] [R02-P04] ERROR: An error occurred (RequestLimitExceeded) when calling the RunInstances operation (reached max retries: 4): Request limit exceeded. Account 460964766037 has been throttled on ec2:RunInstances because it exceeded its request rate limit.
[22:16:35.479] [R02-P02] ERROR: An error occurred (RequestLimitExceeded) when calling the RunInstances operation (reached max retries: 4): Request limit exceeded. Account 460964766037 has been throttled on ec2:RunInstances because it exceeded its request rate limit.
[22:16:35.605] [R02-P06] Instance i-0a1ce035d5f7b7078 launched, waiting...
[22:16:36.683] [R02-P00] ERROR: An error occurred (RequestLimitExceeded) when calling the RunInstances operation (reached max retries: 4): Request limit exceeded. Account 460964766037 has been throttled on ec2:RunInstances because it exceeded its request rate limit.
[22:16:37.280] [R02-P09] Instance i-040b95c785781f57b launched, waiting...
[22:16:51.790] [R02-P06] Instance ready. IP: 54.86.49.196
[22:16:53.035] [R02-P09] Instance ready. IP: 18.209.94.83
[22:17:01.480] [R02-P03] SSH connected.
[22:17:02.523] [R02-P03] Waiting for SFTP slot...
[22:17:02.524] [R02-P03] Uploading segment...
[22:17:07.730] [R02-P03] Running compression...
[22:17:18.594] [R02-P06] SSH connected.
[22:17:19.943] [R02-P09] SSH connected.
[22:17:20.055] [R02-P06] Waiting for SFTP slot...
[22:17:21.412] [R02-P09] Waiting for SFTP slot...
[22:17:44.054] [R02-P03] Done! (87.9s)
[22:17:46.296] [R02-P03] Instance terminated.
[22:18:05.178] [R02-P06] Uploading segment...
[22:18:06.198] [R02-P09] Uploading segment...
[22:18:12.420] [R02-P09] Running compression...
[22:18:12.843] [R02-P06] Running compression...
[22:18:43.060] [R02-P09] Done! (146.1s)
[22:18:45.471] [R02-P09] Instance terminated.
[22:18:47.592] [R02-P06] Done! (151.1s)
[22:18:48.697] [R02-P06] Instance terminated.
[22:31:16.196] [m7g.large-Horiz-libvpx-vp9-R02] === Horizontal m7g.large libvpx-vp9 Run 2 ===
[22:31:16.196] [m7g.large-Horiz-libvpx-vp9-R02] Parts dir: /home/breno/doutorado/ec2sweetspot_noms2/artifacts2/phase3_scaling/video_parts_m7g_large_libvpx-vp9
[22:31:18.088] [R02-P07] Instance i-075c13548c78e967e launched, waiting...
[22:31:18.120] [R02-P04] Instance i-08a22cf830cc2efd1 launched, waiting...
[22:31:18.147] [R02-P03] Instance i-0693a55cec07bbe3a launched, waiting...
[22:31:18.158] [R02-P06] Instance i-09ac8b626261014d9 launched, waiting...
[22:31:18.162] [R02-P01] Instance i-0b36e744f99398edc launched, waiting...
[22:31:18.175] [R02-P08] Instance i-0de5b93af3f922e4a launched, waiting...
[22:31:18.181] [R02-P05] Instance i-0efc3824b1c9267a8 launched, waiting...
[22:31:18.199] [R02-P02] Instance i-0e70ae33a1fb99285 launched, waiting...
[22:31:18.218] [R02-P00] Instance i-0c7b2cec5f0f2bb74 launched, waiting...
[22:31:18.229] [R02-P09] Instance i-0ad8bb9d4aef74f5a launched, waiting...
[22:31:33.861] [R02-P07] Instance ready. IP: 3.84.114.22
[22:31:33.862] [R02-P04] Instance ready. IP: 3.80.119.20
[22:31:33.922] [R02-P01] Instance ready. IP: 52.54.124.12
[22:31:33.925] [R02-P06] Instance ready. IP: 54.162.200.35
[22:31:33.938] [R02-P05] Instance ready. IP: 54.227.184.199
[22:31:33.947] [R02-P02] Instance ready. IP: 52.207.66.25
[22:31:33.948] [R02-P08] Instance ready. IP: 3.85.51.24
[22:31:33.973] [R02-P00] Instance ready. IP: 54.205.73.51
[22:31:33.997] [R02-P09] Instance ready. IP: 3.88.41.234
[22:31:34.121] [R02-P03] Instance ready. IP: 18.234.66.227
[22:31:59.814] [R02-P06] SSH connected.
[22:32:00.021] [R02-P07] SSH connected.
[22:32:00.064] [R02-P04] SSH connected.
[22:32:00.066] [R02-P08] SSH connected.
[22:32:00.071] [R02-P02] SSH connected.
[22:32:00.150] [R02-P00] SSH connected.
[22:32:00.183] [R02-P09] SSH connected.
[22:32:00.289] [R02-P03] SSH connected.
[22:32:00.466] [R02-P05] SSH connected.
[22:32:00.477] [R02-P01] SSH connected.
[22:32:00.929] [R02-P06] Waiting for SFTP slot...
[22:32:00.929] [R02-P06] Uploading segment...
[22:32:01.289] [R02-P07] Waiting for SFTP slot...
[22:32:01.289] [R02-P07] Uploading segment...
[22:32:01.460] [R02-P00] Waiting for SFTP slot...
[22:32:01.461] [R02-P00] Uploading segment...
[22:32:01.463] [R02-P02] Waiting for SFTP slot...
[22:32:01.463] [R02-P02] Uploading segment...
[22:32:01.627] [R02-P04] Waiting for SFTP slot...
[22:32:01.627] [R02-P04] Uploading segment...
[22:32:01.672] [R02-P03] Waiting for SFTP slot...
[22:32:01.672] [R02-P03] Uploading segment...
[22:32:01.729] [R02-P09] Waiting for SFTP slot...
[22:32:01.729] [R02-P09] Uploading segment...
[22:32:02.064] [R02-P05] Waiting for SFTP slot...
[22:32:02.064] [R02-P05] Uploading segment...
[22:32:02.424] [R02-P06] Running compression...
[22:32:02.431] [R02-P01] Waiting for SFTP slot...
[22:32:02.431] [R02-P01] Uploading segment...
[22:32:02.591] [R02-P08] Waiting for SFTP slot...
[22:32:02.591] [R02-P08] Uploading segment...
[22:32:03.943] [R02-P04] Running compression...
[22:32:04.333] [R02-P09] Running compression...
[22:32:06.836] [R02-P07] Running compression...
[22:32:06.898] [R02-P00] Running compression...
[22:32:07.067] [R02-P02] Running compression...
[22:32:08.607] [R02-P08] Running compression...
[22:32:34.623] [R02-P09] Done! (78.4s)
[22:32:35.229] [R02-P09] Instance terminated.
[22:32:37.605] [R02-P06] Done! (81.4s)
[22:32:38.144] [R02-P06] Instance terminated.
[22:32:39.034] [R02-P04] Done! (82.8s)
[22:32:39.581] [R02-P04] Instance terminated.
[22:32:41.886] [R02-P03] Running compression...
[22:32:41.930] [R02-P02] Done! (85.7s)
[22:32:43.046] [R02-P02] Instance terminated.
[22:32:43.485] [R02-P05] Running compression...
[22:32:43.998] [R02-P01] Running compression...
[22:32:44.282] [R02-P00] Done! (88.1s)
[22:32:44.821] [R02-P08] Done! (88.6s)
[22:32:44.833] [R02-P07] Done! (88.6s)
[22:32:45.291] [R02-P00] Instance terminated.
[22:32:45.988] [R02-P08] Instance terminated.
[22:32:46.036] [R02-P07] Instance terminated.
[22:33:12.412] [R02-P01] Done! (116.2s)
[22:33:13.027] [R02-P05] Done! (116.8s)
[22:33:13.418] [R02-P01] Instance terminated.
[22:33:14.195] [R02-P05] Instance terminated.
[22:33:18.291] [R02-P03] Done! (122.1s)
[22:33:19.337] [R02-P03] Instance terminated.
[22:33:19.341] [m7g.large-Horiz-libvpx-vp9-R02] ============================================================
[22:33:19.341] [m7g.large-Horiz-libvpx-vp9-R02] RESULTS — 10x m7g.large Horizontal libvpx-vp9
[22:33:19.341] [m7g.large-Horiz-libvpx-vp9-R02]   Total Time:    123.14s (2.05 min)
[22:33:19.341] [m7g.large-Horiz-libvpx-vp9-R02] ============================================================
