[22:00:43.735] [m7g.large-Horiz-libvpx-vp9-R03] === Horizontal m7g.large libvpx-vp9 Run 3 ===
[22:00:43.735] [m7g.large-Horiz-libvpx-vp9-R03] Parts dir: /home/breno/doutorado/ec2sweetspot_noms2/artifacts2/phase3_scaling/video_parts_m7g_large_libvpx-vp9
[22:00:52.214] [R03-P00] Instance i-0c6bac1650cb81a10 launched, waiting...
[22:00:52.279] [R03-P04] Instance i-088fe65fa5fbca9c1 launched, waiting...
[22:00:56.679] [R03-P04] Instance ready. IP: 34.207.103.94
[22:00:56.691] [R03-P00] Instance ready. IP: 54.166.130.76
[22:01:03.947] [R03-P01] ERROR: An error occurred (RequestLimitExceeded) when calling the RunInstances operation (reached max retries: 4): Request limit exceeded. Account 460964766037 has been throttled on ec2:RunInstances because it exceeded its request rate limit.
[22:01:10.213] [R03-P03] ERROR: An error occurred (RequestLimitExceeded) when calling the RunInstances operation (reached max retries: 4): Request limit exceeded. Account 460964766037 has been throttled on ec2:RunInstances because it exceeded its request rate limit.
[22:01:10.524] [R03-P08] ERROR: An error occurred (RequestLimitExceeded) when calling the RunInstances operation (reached max retries: 4): Request limit exceeded. Account 460964766037 has been throttled on ec2:RunInstances because it exceeded its request rate limit.
[22:01:10.919] [R03-P07] Instance i-07d01db7ff2474456 launched, waiting...
[22:01:11.195] [R03-P02] ERROR: An error occurred (RequestLimitExceeded) when calling the RunInstances operation (reached max retries: 4): Request limit exceeded. Account 460964766037 has been throttled on ec2:RunInstances because it exceeded its request rate limit.
[22:01:11.249] [R03-P06] ERROR: An error occurred (RequestLimitExceeded) when calling the RunInstances operation (reached max retries: 4): Request limit exceeded. Account 460964766037 has been throttled on ec2:RunInstances because it exceeded its request rate limit.
[22:01:11.260] [R03-P09] ERROR: An error occurred (RequestLimitExceeded) when calling the RunInstances operation (reached max retries: 4): Request limit exceeded. Account 460964766037 has been throttled on ec2:RunInstances because it exceeded its request rate limit.
[22:01:13.864] [R03-P05] ERROR: An error occurred (RequestLimitExceeded) when calling the RunInstances operation (reached max retries: 4): Request limit exceeded. Account 460964766037 has been throttled on ec2:RunInstances because it exceeded its request rate limit.
[22:01:22.847] [R03-P00] SSH connected.
[22:01:22.937] [R03-P04] SSH connected.
[22:01:23.947] [R03-P00] Waiting for SFTP slot...
[22:01:23.947] [R03-P00] Uploading segment...
[22:01:24.202] [R03-P04] Waiting for SFTP slot...
[22:01:24.202] [R03-P04] Uploading segment...
[22:01:26.971] [R03-P07] Instance ready. IP: 18.206.99.60
[22:01:28.133] [R03-P00] Running compression...
[22:01:28.630] [R03-P04] Running compression...
[22:01:54.107] [R03-P07] SSH connected.
[22:01:55.914] [R03-P07] Waiting for SFTP slot...
[22:02:04.890] [R03-P00] Done! (75.8s)
[22:02:05.084] [R03-P04] Done! (76.0s)
[22:02:07.436] [R03-P04] Instance terminated.
[22:02:07.992] [R03-P00] Instance terminated.
[22:02:08.725] [R03-P07] Uploading segment...
[22:02:22.636] [R03-P07] Running compression...
[22:02:59.121] [R03-P07] Done! (127.1s)
[22:03:01.233] [R03-P07] Instance terminated.
[22:18:48.699] [m7g.large-Horiz-libvpx-vp9-R03] === Horizontal m7g.large libvpx-vp9 Run 3 ===
[22:18:48.699] [m7g.large-Horiz-libvpx-vp9-R03] Parts dir: /home/breno/doutorado/ec2sweetspot_noms2/artifacts2/phase3_scaling/video_parts_m7g_large_libvpx-vp9
[22:18:50.856] [R03-P02] Instance i-00e4d118c6315282d launched, waiting...
[22:18:50.917] [R03-P00] Instance i-04cc2ff4d05efee4f launched, waiting...
[22:18:50.965] [R03-P03] Instance i-0f5047ebe1af3a113 launched, waiting...
[22:18:50.972] [R03-P01] Instance i-0dbbf174c843b5471 launched, waiting...
[22:18:51.053] [R03-P07] Instance i-0fae70e464b037b2c launched, waiting...
[22:18:51.057] [R03-P08] Instance i-01442423b8d2f0d6c launched, waiting...
[22:18:51.058] [R03-P06] Instance i-0eb909353d8024f01 launched, waiting...
[22:18:51.073] [R03-P09] Instance i-0cafd2ff7ef5e0049 launched, waiting...
[22:18:51.080] [R03-P05] Instance i-099f1aff7a21850ea launched, waiting...
[22:18:51.088] [R03-P04] Instance i-01fce5907b9ee77af launched, waiting...
[22:19:06.656] [R03-P02] Instance ready. IP: 100.55.35.181
[22:19:06.692] [R03-P00] Instance ready. IP: 3.88.17.211
[22:19:06.768] [R03-P01] Instance ready. IP: 34.229.105.52
[22:19:06.812] [R03-P07] Instance ready. IP: 34.235.123.222
[22:19:06.843] [R03-P06] Instance ready. IP: 54.224.121.22
[22:19:06.849] [R03-P08] Instance ready. IP: 23.20.162.39
[22:19:06.862] [R03-P04] Instance ready. IP: 13.216.244.88
[22:19:06.864] [R03-P05] Instance ready. IP: 18.209.28.162
[22:19:06.898] [R03-P09] Instance ready. IP: 3.89.152.201
[22:19:06.927] [R03-P03] Instance ready. IP: 13.220.234.157
[22:19:32.789] [R03-P02] SSH connected.
[22:19:32.830] [R03-P00] SSH connected.
[22:19:32.882] [R03-P01] SSH connected.
[22:19:32.907] [R03-P07] SSH connected.
[22:19:32.932] [R03-P06] SSH connected.
[22:19:32.986] [R03-P04] SSH connected.
[22:19:32.990] [R03-P08] SSH connected.
[22:19:33.050] [R03-P09] SSH connected.
[22:19:33.063] [R03-P05] SSH connected.
[22:19:33.130] [R03-P03] SSH connected.
[22:19:34.026] [R03-P02] Waiting for SFTP slot...
[22:19:34.026] [R03-P02] Uploading segment...
[22:19:34.136] [R03-P06] Waiting for SFTP slot...
[22:19:34.136] [R03-P06] Uploading segment...
[22:19:34.152] [R03-P07] Waiting for SFTP slot...
[22:19:34.152] [R03-P07] Uploading segment...
[22:19:34.153] [R03-P00] Waiting for SFTP slot...
[22:19:34.153] [R03-P00] Uploading segment...
[22:19:34.329] [R03-P01] Waiting for SFTP slot...
[22:19:34.329] [R03-P01] Uploading segment...
[22:19:34.366] [R03-P09] Waiting for SFTP slot...
[22:19:34.367] [R03-P09] Uploading segment...
[22:19:34.381] [R03-P08] Waiting for SFTP slot...
[22:19:34.382] [R03-P08] Uploading segment...
[22:19:34.399] [R03-P04] Waiting for SFTP slot...
[22:19:34.400] [R03-P04] Uploading segment...
[22:19:34.473] [R03-P05] Waiting for SFTP slot...
[22:19:34.473] [R03-P05] Uploading segment...
[22:19:34.581] [R03-P03] Waiting for SFTP slot...
[22:19:34.581] [R03-P03] Uploading segment...
[22:19:36.806] [R03-P02] Running compression...
[22:19:37.630] [R03-P07] Running compression...
[22:19:38.098] [R03-P00] Running compression...
[22:19:38.300] [R03-P06] Running compression...
[22:19:39.209] [R03-P09] Running compression...
[22:19:39.421] [R03-P08] Running compression...
[22:19:39.506] [R03-P04] Running compression...
[22:19:39.541] [R03-P01] Running compression...
[22:19:39.775] [R03-P05] Running compression...
[22:19:42.833] [R03-P03] Running compression...
[22:20:08.673] [R03-P01] Done! (79.9s)
[22:20:09.255] [R03-P01] Instance terminated.
[22:20:09.792] [R03-P05] Done! (80.7s)
[22:20:10.225] [R03-P09] Done! (81.0s)
[22:20:10.345] [R03-P05] Instance terminated.
[22:20:10.797] [R03-P09] Instance terminated.
[22:20:11.684] [R03-P02] Done! (83.0s)
[22:20:12.362] [R03-P02] Instance terminated.
[22:20:13.737] [R03-P06] Done! (84.6s)
[22:20:14.575] [R03-P04] Done! (85.4s)
[22:20:14.889] [R03-P00] Done! (86.2s)
[22:20:14.987] [R03-P08] Done! (85.8s)
[22:20:15.505] [R03-P06] Instance terminated.
[22:20:15.672] [R03-P07] Done! (86.5s)
[22:20:15.774] [R03-P04] Instance terminated.
[22:20:16.199] [R03-P00] Instance terminated.
[22:20:16.598] [R03-P08] Instance terminated.
[22:20:16.771] [R03-P07] Instance terminated.
[22:20:21.211] [R03-P03] Done! (92.5s)
[22:20:22.266] [R03-P03] Instance terminated.
[22:20:22.268] [m7g.large-Horiz-libvpx-vp9-R03] ============================================================
[22:20:22.268] [m7g.large-Horiz-libvpx-vp9-R03] RESULTS — 10x m7g.large Horizontal libvpx-vp9
[22:20:22.268] [m7g.large-Horiz-libvpx-vp9-R03]   Total Time:    93.57s (1.56 min)
[22:20:22.268] [m7g.large-Horiz-libvpx-vp9-R03] ============================================================
