[22:07:59.291] [m7g.large-Horiz-libvpx-vp9-R19] === Horizontal m7g.large libvpx-vp9 Run 19 ===
[22:07:59.292] [m7g.large-Horiz-libvpx-vp9-R19] Parts dir: /home/breno/doutorado/ec2sweetspot_noms2/artifacts2/phase3_scaling/video_parts_m7g_large_libvpx-vp9
[22:08:02.012] [R19-P05] Instance i-080328dcae19ac25d launched, waiting...
[22:08:02.013] [R19-P02] Instance i-00acb46a683724262 launched, waiting...
[22:08:02.022] [R19-P04] Instance i-02538c8e4074805a6 launched, waiting...
[22:08:02.033] [R19-P03] Instance i-0fb2395d2d4a0989d launched, waiting...
[22:08:02.046] [R19-P07] Instance i-0eff7a7c7df464687 launched, waiting...
[22:08:02.054] [R19-P09] Instance i-04754bfd3f817c1bd launched, waiting...
[22:08:02.057] [R19-P06] Instance i-02f907e0b07b1a612 launched, waiting...
[22:08:04.129] [R19-P01] Instance i-0093b5987ec995503 launched, waiting...
[22:08:04.307] [R19-P08] Instance i-003a1c826634e5696 launched, waiting...
[22:08:13.890] [R19-P00] Instance i-05df7fa767c7a305a launched, waiting...
[22:08:17.848] [R19-P05] Instance ready. IP: 54.242.200.116
[22:08:17.870] [R19-P04] Instance ready. IP: 54.91.157.241
[22:08:17.874] [R19-P07] Instance ready. IP: 98.82.33.192
[22:08:17.877] [R19-P02] Instance ready. IP: 54.162.239.255
[22:08:17.952] [R19-P06] Instance ready. IP: 34.238.137.198
[22:08:17.953] [R19-P03] Instance ready. IP: 3.89.45.89
[22:08:17.970] [R19-P09] Instance ready. IP: 35.153.181.235
[22:08:20.037] [R19-P01] Instance ready. IP: 174.129.179.97
[22:08:20.094] [R19-P08] Instance ready. IP: 54.173.223.79
[22:08:29.819] [R19-P00] Instance ready. IP: 3.81.150.184
[22:08:43.959] [R19-P02] SSH connected.
[22:08:44.185] [R19-P09] SSH connected.
[22:08:44.185] [R19-P07] SSH connected.
[22:08:44.186] [R19-P05] SSH connected.
[22:08:44.186] [R19-P06] SSH connected.
[22:08:44.186] [R19-P04] SSH connected.
[22:08:44.228] [R19-P03] SSH connected.
[22:08:45.202] [R19-P02] Waiting for SFTP slot...
[22:08:45.483] [R19-P09] Waiting for SFTP slot...
[22:08:45.483] [R19-P05] Waiting for SFTP slot...
[22:08:45.490] [R19-P07] Waiting for SFTP slot...
[22:08:45.534] [R19-P04] Waiting for SFTP slot...
[22:08:45.551] [R19-P06] Waiting for SFTP slot...
[22:08:45.637] [R19-P03] Waiting for SFTP slot...
[22:08:46.136] [R19-P01] SSH connected.
[22:08:46.197] [R19-P08] SSH connected.
[22:08:47.332] [R19-P01] Waiting for SFTP slot...
[22:08:47.639] [R19-P08] Waiting for SFTP slot...
[22:08:56.233] [R19-P00] SSH connected.
[22:08:57.791] [R19-P00] Waiting for SFTP slot...
[22:09:09.921] [R19-P02] Uploading segment...
[22:09:09.986] [R19-P09] Uploading segment...
[22:09:10.047] [R19-P05] Uploading segment...
[22:09:10.944] [R19-P07] Uploading segment...
[22:09:11.891] [R19-P04] Uploading segment...
[22:09:12.160] [R19-P06] Uploading segment...
[22:09:12.366] [R19-P03] Uploading segment...
[22:09:12.493] [R19-P01] Uploading segment...
[22:09:14.548] [R19-P02] Running compression...
[22:09:14.548] [R19-P08] Uploading segment...
[22:09:14.772] [R19-P04] Running compression...
[22:09:17.421] [R19-P05] Running compression...
[22:09:18.681] [R19-P03] Running compression...
[22:09:18.699] [R19-P09] Running compression...
[22:09:18.751] [R19-P07] Running compression...
[22:09:19.829] [R19-P01] Running compression...
[22:09:20.903] [R19-P06] Running compression...
[22:09:22.211] [R19-P08] Running compression...
[22:09:27.090] [R19-P00] Uploading segment...
[22:09:30.325] [R19-P00] Running compression...
[22:09:47.207] [R19-P01] Done! (107.3s)
[22:09:48.190] [R19-P01] Instance terminated.
[22:09:48.671] [R19-P09] Done! (108.6s)
[22:09:48.902] [R19-P05] Done! (108.9s)
[22:09:49.530] [R19-P02] Done! (109.5s)
[22:09:49.672] [R19-P04] Done! (109.6s)
[22:09:49.872] [R19-P09] Instance terminated.
[22:09:49.927] [R19-P05] Instance terminated.
[22:09:50.590] [R19-P02] Instance terminated.
[22:09:50.733] [R19-P04] Instance terminated.
[22:09:55.178] [R19-P03] Done! (115.2s)
[22:09:56.148] [R19-P07] Done! (116.1s)
[22:09:56.506] [R19-P03] Instance terminated.
[22:09:57.388] [R19-P07] Instance terminated.
[22:09:57.504] [R19-P06] Done! (117.5s)
[22:09:58.272] [R19-P08] Done! (118.2s)
[22:09:59.385] [R19-P08] Instance terminated.
[22:09:59.720] [R19-P06] Instance terminated.
[22:10:06.592] [R19-P00] Done! (126.8s)
[22:10:07.974] [R19-P00] Instance terminated.
[22:10:07.977] [m7g.large-Horiz-libvpx-vp9-R19] ============================================================
[22:10:07.977] [m7g.large-Horiz-libvpx-vp9-R19] RESULTS — 10x m7g.large Horizontal libvpx-vp9
[22:10:07.977] [m7g.large-Horiz-libvpx-vp9-R19]   Total Time:    128.69s (2.14 min)
[22:10:07.977] [m7g.large-Horiz-libvpx-vp9-R19] ============================================================
