[22:07:24.912] [m7g.large-Horiz-libvpx-vp9-R18] === Horizontal m7g.large libvpx-vp9 Run 18 ===
[22:07:24.912] [m7g.large-Horiz-libvpx-vp9-R18] Parts dir: /home/breno/doutorado/ec2sweetspot_noms2/artifacts2/phase3_scaling/video_parts_m7g_large_libvpx-vp9
[22:07:27.509] [R18-P00] Instance i-0cbefecf7f10e8671 launched, waiting...
[22:07:27.516] [R18-P02] Instance i-0df03ac65f71265bc launched, waiting...
[22:07:27.618] [R18-P03] Instance i-019cdb73700a615fd launched, waiting...
[22:07:27.748] [R18-P06] Instance i-0d10f88b75bf31689 launched, waiting...
[22:07:27.768] [R18-P05] Instance i-0494d2c1fc6e493c7 launched, waiting...
[22:07:27.871] [R18-P04] Instance i-0b61e721c0cac501b launched, waiting...
[22:07:27.874] [R18-P07] Instance i-07839c643d34718a7 launched, waiting...
[22:07:33.162] [R18-P08] Instance i-0d307d814b0e1d7f5 launched, waiting...
[22:07:34.143] [R18-P01] Instance i-014d4625280903c52 launched, waiting...
[22:07:38.273] [R18-P09] Instance i-01a319a4bef3f81ce launched, waiting...
[22:07:43.469] [R18-P02] Instance ready. IP: 54.87.13.113
[22:07:43.470] [R18-P00] Instance ready. IP: 98.93.103.250
[22:07:43.472] [R18-P03] Instance ready. IP: 184.73.142.113
[22:07:43.508] [R18-P06] Instance ready. IP: 52.90.15.177
[22:07:43.542] [R18-P05] Instance ready. IP: 98.81.126.165
[22:07:43.678] [R18-P07] Instance ready. IP: 54.235.35.183
[22:07:43.848] [R18-P04] Instance ready. IP: 100.54.214.63
[22:07:48.966] [R18-P08] Instance ready. IP: 54.80.33.92
[22:07:50.027] [R18-P01] Instance ready. IP: 98.86.240.134
[22:07:54.116] [R18-P09] Instance ready. IP: 54.90.241.37
[22:08:09.627] [R18-P03] SSH connected.
[22:08:09.628] [R18-P02] SSH connected.
[22:08:09.776] [R18-P00] SSH connected.
[22:08:09.776] [R18-P06] SSH connected.
[22:08:09.894] [R18-P05] SSH connected.
[22:08:10.237] [R18-P04] SSH connected.
[22:08:10.756] [R18-P03] Waiting for SFTP slot...
[22:08:11.002] [R18-P02] Waiting for SFTP slot...
[22:08:11.027] [R18-P07] SSH connected.
[22:08:11.072] [R18-P00] Waiting for SFTP slot...
[22:08:11.076] [R18-P06] Waiting for SFTP slot...
[22:08:11.150] [R18-P05] Waiting for SFTP slot...
[22:08:11.512] [R18-P04] Waiting for SFTP slot...
[22:08:12.301] [R18-P07] Waiting for SFTP slot...
[22:08:15.214] [R18-P08] SSH connected.
[22:08:16.634] [R18-P01] SSH connected.
[22:08:16.650] [R18-P03] Uploading segment...
[22:08:16.688] [R18-P08] Waiting for SFTP slot...
[22:08:18.016] [R18-P02] Uploading segment...
[22:08:18.065] [R18-P01] Waiting for SFTP slot...
[22:08:18.356] [R18-P00] Uploading segment...
[22:08:20.004] [R18-P02] Running compression...
[22:08:20.004] [R18-P06] Uploading segment...
[22:08:20.066] [R18-P05] Uploading segment...
[22:08:21.007] [R18-P09] SSH connected.
[22:08:21.272] [R18-P04] Uploading segment...
[22:08:22.288] [R18-P09] Waiting for SFTP slot...
[22:08:22.332] [R18-P00] Running compression...
[22:08:22.332] [R18-P07] Uploading segment...
[22:08:23.269] [R18-P03] Running compression...
[22:08:23.304] [R18-P04] Running compression...
[22:08:23.304] [R18-P08] Uploading segment...
[22:08:25.415] [R18-P08] Running compression...
[22:08:25.416] [R18-P01] Uploading segment...
[22:08:25.833] [R18-P09] Uploading segment...
[22:08:26.904] [R18-P05] Running compression...
[22:08:27.538] [R18-P01] Running compression...
[22:08:27.711] [R18-P06] Running compression...
[22:08:28.948] [R18-P09] Running compression...
[22:08:55.385] [R18-P01] Done! (89.7s)
[22:08:55.998] [R18-P01] Instance terminated.
[22:08:56.442] [R18-P02] Done! (91.0s)
[22:08:57.722] [R18-P02] Instance terminated.
[22:08:57.918] [R18-P05] Done! (92.2s)
[22:08:58.364] [R18-P07] Running compression...
[22:08:58.900] [R18-P00] Done! (93.4s)
[22:08:58.939] [R18-P05] Instance terminated.
[22:08:58.977] [R18-P03] Done! (93.5s)
[22:08:59.353] [R18-P04] Done! (93.7s)
[22:08:59.997] [R18-P08] Done! (94.3s)
[22:09:00.205] [R18-P03] Instance terminated.
[22:09:00.221] [R18-P00] Instance terminated.
[22:09:00.451] [R18-P09] Done! (94.7s)
[22:09:00.614] [R18-P04] Instance terminated.
[22:09:01.112] [R18-P09] Instance terminated.
[22:09:01.397] [R18-P08] Instance terminated.
[22:09:02.586] [R18-P06] Done! (96.9s)
[22:09:03.771] [R18-P06] Instance terminated.
[22:09:37.033] [R18-P07] Done! (131.3s)
[22:09:38.309] [R18-P07] Instance terminated.
[22:09:38.314] [m7g.large-Horiz-libvpx-vp9-R18] ============================================================
[22:09:38.314] [m7g.large-Horiz-libvpx-vp9-R18] RESULTS — 10x m7g.large Horizontal libvpx-vp9
[22:09:38.314] [m7g.large-Horiz-libvpx-vp9-R18]   Total Time:    133.40s (2.22 min)
[22:09:38.314] [m7g.large-Horiz-libvpx-vp9-R18] ============================================================
