[22:06:14.993] [m7g.large-Horiz-libx264-R17] === Horizontal m7g.large libx264 Run 17 ===
[22:06:14.993] [m7g.large-Horiz-libx264-R17] Parts dir: /home/breno/doutorado/ec2sweetspot_noms2/artifacts2/phase3_scaling/video_parts_m7g_large_libx264
[22:06:17.260] [R17-P07] Instance i-0c3c52c0fd6647dc8 launched, waiting...
[22:06:17.310] [R17-P04] Instance i-0c8e2b9d424c5421a launched, waiting...
[22:06:18.765] [R17-P06] Instance i-08548be748cc7f833 launched, waiting...
[22:06:24.076] [R17-P05] Instance i-07a496c54447ead99 launched, waiting...
[22:06:29.408] [R17-P09] Instance i-0433796ac46d1baed launched, waiting...
[22:06:31.986] [R17-P00] ERROR: An error occurred (RequestLimitExceeded) when calling the RunInstances operation (reached max retries: 4): Request limit exceeded. Account 460964766037 has been throttled on ec2:RunInstances because it exceeded its request rate limit.
[22:06:33.129] [R17-P01] ERROR: An error occurred (RequestLimitExceeded) when calling the RunInstances operation (reached max retries: 4): Request limit exceeded. Account 460964766037 has been throttled on ec2:RunInstances because it exceeded its request rate limit.
[22:06:33.216] [R17-P03] Instance i-0e6bbab89ca509fee launched, waiting...
[22:06:33.665] [R17-P07] Instance ready. IP: 54.81.45.10
[22:06:33.755] [R17-P04] Instance ready. IP: 98.93.162.236
[22:06:34.708] [R17-P06] Instance ready. IP: 18.215.229.93
[22:06:35.437] [R17-P02] ERROR: An error occurred (RequestLimitExceeded) when calling the RunInstances operation (reached max retries: 4): Request limit exceeded. Account 460964766037 has been throttled on ec2:RunInstances because it exceeded its request rate limit.
[22:06:35.596] [R17-P08] ERROR: An error occurred (RequestLimitExceeded) when calling the RunInstances operation (reached max retries: 4): Request limit exceeded. Account 460964766037 has been throttled on ec2:RunInstances because it exceeded its request rate limit.
[22:06:40.655] [R17-P05] Instance ready. IP: 3.80.250.123
[22:06:45.789] [R17-P09] Instance ready. IP: 18.212.134.112
[22:06:49.413] [R17-P03] Instance ready. IP: 54.144.9.64
[22:07:00.601] [R17-P07] SSH connected.
[22:07:00.705] [R17-P04] SSH connected.
[22:07:01.146] [R17-P06] SSH connected.
[22:07:01.935] [R17-P04] Waiting for SFTP slot...
[22:07:02.029] [R17-P07] Waiting for SFTP slot...
[22:07:02.487] [R17-P06] Waiting for SFTP slot...
[22:07:07.194] [R17-P04] Uploading segment...
[22:07:07.214] [R17-P05] SSH connected.
[22:07:08.061] [R17-P07] Uploading segment...
[22:07:08.399] [R17-P05] Waiting for SFTP slot...
[22:07:08.991] [R17-P06] Uploading segment...
[22:07:11.297] [R17-P07] Running compression...
[22:07:12.451] [R17-P09] SSH connected.
[22:07:13.678] [R17-P09] Waiting for SFTP slot...
[22:07:15.815] [R17-P03] SSH connected.
[22:07:16.924] [R17-P04] Running compression...
[22:07:17.241] [R17-P03] Waiting for SFTP slot...
[22:07:18.034] [R17-P06] Running compression...
[22:07:19.839] [R17-P07] Done! (64.8s)
[22:07:20.491] [R17-P07] Instance terminated.
[22:07:22.057] [R17-P05] Uploading segment...
[22:07:24.274] [R17-P04] Done! (69.2s)
[22:07:24.584] [R17-P05] Running compression...
[22:07:24.859] [R17-P04] Instance terminated.
[22:07:25.674] [R17-P06] Done! (70.6s)
[22:07:26.296] [R17-P06] Instance terminated.
[22:07:27.930] [R17-P09] Uploading segment...
[22:07:30.374] [R17-P09] Running compression...
[22:07:30.668] [R17-P05] Done! (75.6s)
[22:07:31.249] [R17-P05] Instance terminated.
[22:07:32.001] [R17-P03] Uploading segment...
[22:07:37.401] [R17-P09] Done! (82.3s)
[22:07:37.904] [R17-P03] Running compression...
[22:07:37.955] [R17-P09] Instance terminated.
[22:07:44.594] [R17-P03] Done! (89.6s)
[22:07:45.168] [R17-P03] Instance terminated.
[22:20:35.200] [m7g.large-Horiz-libx264-R17] === Horizontal m7g.large libx264 Run 17 ===
[22:20:35.200] [m7g.large-Horiz-libx264-R17] Parts dir: /home/breno/doutorado/ec2sweetspot_noms2/artifacts2/phase3_scaling/video_parts_m7g_large_libx264
[22:20:37.311] [R17-P00] Instance i-0f21215187b62072d launched, waiting...
[22:20:37.494] [R17-P08] Instance i-0c2214302807a4cdf launched, waiting...
[22:20:37.507] [R17-P07] Instance i-00a8d1181726bc0a3 launched, waiting...
[22:20:37.536] [R17-P05] Instance i-0539fb17e258a0b1c launched, waiting...
[22:20:37.539] [R17-P02] Instance i-0820abfe991032eeb launched, waiting...
[22:20:37.553] [R17-P04] Instance i-0f8425ae93e3cd09c launched, waiting...
[22:20:37.556] [R17-P09] Instance i-001fd53810c0e94f1 launched, waiting...
[22:20:37.567] [R17-P06] Instance i-0eee8e2e1027c5c29 launched, waiting...
[22:20:37.593] [R17-P03] Instance i-0821d023ad72cf8b2 launched, waiting...
[22:20:37.595] [R17-P01] Instance i-0590f90e8789485a4 launched, waiting...
[22:20:53.101] [R17-P00] Instance ready. IP: 98.91.224.12
[22:20:53.359] [R17-P04] Instance ready. IP: 18.232.108.141
[22:20:53.361] [R17-P05] Instance ready. IP: 3.85.11.236
[22:20:53.364] [R17-P06] Instance ready. IP: 13.220.227.235
[22:20:53.366] [R17-P09] Instance ready. IP: 98.86.119.142
[22:20:53.367] [R17-P07] Instance ready. IP: 98.92.3.184
[22:20:53.370] [R17-P08] Instance ready. IP: 3.92.3.67
[22:20:53.371] [R17-P02] Instance ready. IP: 98.83.115.170
[22:20:53.373] [R17-P03] Instance ready. IP: 54.86.132.146
[22:20:53.850] [R17-P01] Instance ready. IP: 18.212.114.135
[22:21:19.631] [R17-P00] SSH connected.
[22:21:19.776] [R17-P04] SSH connected.
[22:21:19.781] [R17-P05] SSH connected.
[22:21:19.800] [R17-P09] SSH connected.
[22:21:19.800] [R17-P08] SSH connected.
[22:21:19.833] [R17-P02] SSH connected.
[22:21:19.933] [R17-P07] SSH connected.
[22:21:19.934] [R17-P03] SSH connected.
[22:21:19.994] [R17-P06] SSH connected.
[22:21:20.301] [R17-P01] SSH connected.
[22:21:21.213] [R17-P00] Waiting for SFTP slot...
[22:21:21.214] [R17-P00] Uploading segment...
[22:21:21.459] [R17-P08] Waiting for SFTP slot...
[22:21:21.570] [R17-P02] Waiting for SFTP slot...
[22:21:21.672] [R17-P05] Waiting for SFTP slot...
[22:21:21.672] [R17-P09] Waiting for SFTP slot...
[22:21:21.672] [R17-P04] Waiting for SFTP slot...
[22:21:21.766] [R17-P07] Waiting for SFTP slot...
[22:21:21.771] [R17-P08] Uploading segment...
[22:21:21.914] [R17-P06] Waiting for SFTP slot...
[22:21:22.158] [R17-P01] Waiting for SFTP slot...
[22:21:22.159] [R17-P03] Waiting for SFTP slot...
[22:21:22.311] [R17-P02] Uploading segment...
[22:21:23.589] [R17-P05] Uploading segment...
[22:21:23.767] [R17-P09] Uploading segment...
[22:21:24.359] [R17-P04] Uploading segment...
[22:21:24.781] [R17-P07] Uploading segment...
[22:21:25.763] [R17-P06] Uploading segment...
[22:21:28.293] [R17-P07] Running compression...
[22:21:28.293] [R17-P01] Uploading segment...
[22:21:29.032] [R17-P08] Running compression...
[22:21:29.032] [R17-P03] Uploading segment...
[22:21:29.739] [R17-P00] Running compression...
[22:21:29.908] [R17-P02] Running compression...
[22:21:30.619] [R17-P05] Running compression...
[22:21:31.266] [R17-P09] Running compression...
[22:21:31.886] [R17-P01] Running compression...
[22:21:32.607] [R17-P06] Running compression...
[22:21:32.608] [R17-P04] Running compression...
[22:21:32.885] [R17-P03] Running compression...
[22:21:35.384] [R17-P08] Done! (59.7s)
[22:21:35.498] [R17-P07] Done! (59.8s)
[22:21:36.108] [R17-P07] Instance terminated.
[22:21:36.397] [R17-P08] Instance terminated.
[22:21:37.459] [R17-P02] Done! (61.8s)
[22:21:37.887] [R17-P09] Done! (62.2s)
[22:21:38.003] [R17-P00] Done! (62.8s)
[22:21:38.079] [R17-P02] Instance terminated.
[22:21:38.283] [R17-P05] Done! (62.6s)
[22:21:38.435] [R17-P09] Instance terminated.
[22:21:38.441] [R17-P01] Done! (62.9s)
[22:21:38.590] [R17-P00] Instance terminated.
[22:21:38.914] [R17-P05] Instance terminated.
[22:21:39.000] [R17-P01] Instance terminated.
[22:21:39.431] [R17-P04] Done! (63.8s)
[22:21:39.883] [R17-P06] Done! (64.2s)
[22:21:39.966] [R17-P04] Instance terminated.
[22:21:40.518] [R17-P06] Instance terminated.
[22:21:41.007] [R17-P03] Done! (65.5s)
[22:21:41.612] [R17-P03] Instance terminated.
[22:21:41.614] [m7g.large-Horiz-libx264-R17] ============================================================
[22:21:41.614] [m7g.large-Horiz-libx264-R17] RESULTS — 10x m7g.large Horizontal libx264
[22:21:41.614] [m7g.large-Horiz-libx264-R17]   Total Time:    66.41s (1.11 min)
[22:21:41.614] [m7g.large-Horiz-libx264-R17] ============================================================
