[22:09:38.315] [m7g.large-Horiz-libvpx-vp9-R23] === Horizontal m7g.large libvpx-vp9 Run 23 ===
[22:09:38.315] [m7g.large-Horiz-libvpx-vp9-R23] Parts dir: /home/breno/doutorado/ec2sweetspot_noms2/artifacts2/phase3_scaling/video_parts_m7g_large_libvpx-vp9
[22:09:40.384] [R23-P01] Instance i-045132b9d4aed29b0 launched, waiting...
[22:09:40.485] [R23-P02] Instance i-0aa404d9334ea843d launched, waiting...
[22:09:40.569] [R23-P05] Instance i-01fabf4bc02682b13 launched, waiting...
[22:09:40.618] [R23-P08] Instance i-05bf5349f0ed5ebad launched, waiting...
[22:09:43.087] [R23-P09] Instance i-004bc3e6bc4ba8556 launched, waiting...
[22:09:43.876] [R23-P07] Instance i-0e099050f135fb5f0 launched, waiting...
[22:09:45.444] [R23-P04] Instance i-0d7e52f212e800122 launched, waiting...
[22:09:45.856] [R23-P00] Instance i-020e9fcb83de0b764 launched, waiting...
[22:09:56.403] [R23-P01] Instance ready. IP: 35.153.159.82
[22:09:56.503] [R23-P02] Instance ready. IP: 13.221.205.159
[22:09:56.535] [R23-P05] Instance ready. IP: 13.223.49.76
[22:09:56.623] [R23-P08] Instance ready. IP: 3.84.202.102
[22:09:57.782] [R23-P03] ERROR: An error occurred (RequestLimitExceeded) when calling the RunInstances operation (reached max retries: 4): Request limit exceeded. Account 460964766037 has been throttled on ec2:RunInstances because it exceeded its request rate limit.
[22:09:59.051] [R23-P09] Instance ready. IP: 54.161.27.20
[22:09:59.689] [R23-P07] Instance ready. IP: 35.153.140.52
[22:10:00.503] [R23-P06] Instance i-0cb3a31916ecccb2a launched, waiting...
[22:10:01.395] [R23-P04] Instance ready. IP: 3.84.122.125
[22:10:01.707] [R23-P00] Instance ready. IP: 54.82.194.122
[22:10:16.565] [R23-P06] Instance ready. IP: 54.88.125.147
[22:10:22.775] [R23-P01] SSH connected.
[22:10:22.916] [R23-P02] SSH connected.
[22:10:23.069] [R23-P05] SSH connected.
[22:10:23.111] [R23-P08] SSH connected.
[22:10:23.921] [R23-P01] Waiting for SFTP slot...
[22:10:24.265] [R23-P05] Waiting for SFTP slot...
[22:10:24.305] [R23-P02] Waiting for SFTP slot...
[22:10:24.453] [R23-P08] Waiting for SFTP slot...
[22:10:25.406] [R23-P09] SSH connected.
[22:10:26.266] [R23-P07] SSH connected.
[22:10:26.393] [R23-P09] Waiting for SFTP slot...
[22:10:27.726] [R23-P07] Waiting for SFTP slot...
[22:10:27.727] [R23-P04] SSH connected.
[22:10:27.996] [R23-P00] SSH connected.
[22:10:28.924] [R23-P04] Waiting for SFTP slot...
[22:10:29.215] [R23-P00] Waiting for SFTP slot...
[22:10:30.962] [R23-P01] Uploading segment...
[22:10:34.445] [R23-P05] Uploading segment...
[22:10:35.113] [R23-P02] Uploading segment...
[22:10:36.332] [R23-P08] Uploading segment...
[22:10:37.174] [R23-P09] Uploading segment...
[22:10:37.834] [R23-P05] Running compression...
[22:10:38.856] [R23-P01] Running compression...
[22:10:39.720] [R23-P07] Uploading segment...
[22:10:42.061] [R23-P08] Running compression...
[22:10:42.061] [R23-P04] Uploading segment...
[22:10:42.245] [R23-P02] Running compression...
[22:10:42.245] [R23-P00] Uploading segment...
[22:10:42.929] [R23-P06] SSH connected.
[22:10:44.295] [R23-P06] Waiting for SFTP slot...
[22:10:47.431] [R23-P07] Running compression...
[22:10:48.302] [R23-P04] Running compression...
[22:10:48.596] [R23-P06] Uploading segment...
[22:10:49.280] [R23-P00] Running compression...
[22:10:49.752] [R23-P09] Running compression...
[22:10:56.502] [R23-P06] Running compression...
[22:11:07.600] [R23-P01] Done! (89.3s)
[22:11:07.771] [R23-P05] Done! (89.4s)
[22:11:17.678] [R23-P08] Done! (99.3s)
[22:11:17.899] [R23-P02] Done! (99.6s)
[22:11:20.411] [R23-P09] Done! (102.0s)
[22:11:23.362] [R23-P01] Instance terminated.
[22:11:25.738] [R23-P05] Instance terminated.
[22:11:25.851] [R23-P04] Done! (107.5s)
[22:11:25.860] [R23-P07] Done! (107.5s)
[22:11:27.930] [R23-P00] Done! (109.6s)
[22:11:28.698] [R23-P08] Instance terminated.
[22:11:31.080] [R23-P02] Instance terminated.
[22:11:31.858] [R23-P09] Instance terminated.
[22:11:31.859] [R23-P06] Done! (113.5s)
[22:11:32.753] [R23-P07] Instance terminated.
[22:11:32.780] [R23-P04] Instance terminated.
[22:11:33.424] [R23-P00] Instance terminated.
[22:11:34.473] [R23-P06] Instance terminated.
[22:22:08.993] [m7g.large-Horiz-libvpx-vp9-R23] === Horizontal m7g.large libvpx-vp9 Run 23 ===
[22:22:08.993] [m7g.large-Horiz-libvpx-vp9-R23] Parts dir: /home/breno/doutorado/ec2sweetspot_noms2/artifacts2/phase3_scaling/video_parts_m7g_large_libvpx-vp9
[22:22:10.959] [R23-P05] Instance i-0063d3c1dd430bb3c launched, waiting...
[22:22:10.969] [R23-P02] Instance i-0b65a94c04b9dd507 launched, waiting...
[22:22:10.990] [R23-P01] Instance i-042059545d3871dcb launched, waiting...
[22:22:11.010] [R23-P06] Instance i-039e2d294ffde35d9 launched, waiting...
[22:22:11.047] [R23-P04] Instance i-0a2b5fd3a984b81f4 launched, waiting...
[22:22:11.069] [R23-P08] Instance i-036b1ccf042b2c63b launched, waiting...
[22:22:11.117] [R23-P00] Instance i-08dc2aecebc798f97 launched, waiting...
[22:22:11.245] [R23-P07] Instance i-030ddc21d8a092ace launched, waiting...
[22:22:11.251] [R23-P09] Instance i-0d5b9625a01bba99f launched, waiting...
[22:22:11.311] [R23-P03] Instance i-0dc85a6d7f3708fbe launched, waiting...
[22:22:26.702] [R23-P05] Instance ready. IP: 98.82.186.93
[22:22:26.786] [R23-P02] Instance ready. IP: 54.81.188.44
[22:22:26.796] [R23-P01] Instance ready. IP: 23.20.204.12
[22:22:26.846] [R23-P08] Instance ready. IP: 54.92.135.14
[22:22:26.860] [R23-P04] Instance ready. IP: 35.173.195.68
[22:22:26.925] [R23-P00] Instance ready. IP: 34.230.7.229
[22:22:26.943] [R23-P06] Instance ready. IP: 3.90.40.30
[22:22:27.049] [R23-P09] Instance ready. IP: 54.162.174.52
[22:22:27.192] [R23-P03] Instance ready. IP: 54.159.140.154
[22:22:27.259] [R23-P07] Instance ready. IP: 54.166.165.251
[22:22:52.811] [R23-P05] SSH connected.
[22:22:52.883] [R23-P02] SSH connected.
[22:22:52.888] [R23-P09] SSH connected.
[22:22:52.917] [R23-P01] SSH connected.
[22:22:52.986] [R23-P08] SSH connected.
[22:22:53.025] [R23-P04] SSH connected.
[22:22:53.052] [R23-P06] SSH connected.
[22:22:53.091] [R23-P00] SSH connected.
[22:22:53.335] [R23-P03] SSH connected.
[22:22:53.338] [R23-P07] SSH connected.
[22:22:53.909] [R23-P09] Waiting for SFTP slot...
[22:22:53.909] [R23-P09] Uploading segment...
[22:22:54.078] [R23-P05] Waiting for SFTP slot...
[22:22:54.078] [R23-P05] Uploading segment...
[22:22:54.144] [R23-P06] Waiting for SFTP slot...
[22:22:54.144] [R23-P06] Uploading segment...
[22:22:54.168] [R23-P02] Waiting for SFTP slot...
[22:22:54.168] [R23-P02] Uploading segment...
[22:22:54.280] [R23-P04] Waiting for SFTP slot...
[22:22:54.280] [R23-P04] Uploading segment...
[22:22:54.304] [R23-P01] Waiting for SFTP slot...
[22:22:54.304] [R23-P01] Uploading segment...
[22:22:54.458] [R23-P00] Waiting for SFTP slot...
[22:22:54.458] [R23-P00] Uploading segment...
[22:22:54.557] [R23-P08] Waiting for SFTP slot...
[22:22:54.557] [R23-P08] Uploading segment...
[22:22:54.595] [R23-P07] Waiting for SFTP slot...
[22:22:54.595] [R23-P07] Uploading segment...
[22:22:54.696] [R23-P03] Waiting for SFTP slot...
[22:22:54.697] [R23-P03] Uploading segment...
[22:22:55.419] [R23-P09] Running compression...
[22:22:56.969] [R23-P08] Running compression...
[22:22:57.831] [R23-P03] Running compression...
[22:22:58.677] [R23-P05] Running compression...
[22:22:59.041] [R23-P02] Running compression...
[22:22:59.156] [R23-P06] Running compression...
[22:22:59.893] [R23-P01] Running compression...
[22:23:00.000] [R23-P04] Running compression...
[22:23:00.088] [R23-P00] Running compression...
[22:23:01.148] [R23-P07] Running compression...
[22:23:25.014] [R23-P09] Done! (75.9s)
[22:23:25.557] [R23-P09] Instance terminated.
[22:23:27.660] [R23-P01] Done! (78.6s)
[22:23:28.263] [R23-P01] Instance terminated.
[22:23:30.000] [R23-P05] Done! (81.0s)
[22:23:30.653] [R23-P05] Instance terminated.
[22:23:33.353] [R23-P08] Done! (84.3s)
[22:23:33.942] [R23-P08] Instance terminated.
[22:23:34.182] [R23-P03] Done! (85.2s)
[22:23:35.163] [R23-P02] Done! (86.1s)
[22:23:35.249] [R23-P03] Instance terminated.
[22:23:35.442] [R23-P06] Done! (86.4s)
[22:23:36.159] [R23-P00] Done! (87.1s)
[22:23:36.229] [R23-P02] Instance terminated.
[22:23:36.664] [R23-P06] Instance terminated.
[22:23:36.977] [R23-P04] Done! (87.9s)
[22:23:37.571] [R23-P00] Instance terminated.
[22:23:38.440] [R23-P04] Instance terminated.
[22:23:39.090] [R23-P07] Done! (90.0s)
[22:23:40.158] [R23-P07] Instance terminated.
[22:23:40.161] [m7g.large-Horiz-libvpx-vp9-R23] ============================================================
[22:23:40.161] [m7g.large-Horiz-libvpx-vp9-R23] RESULTS — 10x m7g.large Horizontal libvpx-vp9
[22:23:40.161] [m7g.large-Horiz-libvpx-vp9-R23]   Total Time:    91.17s (1.52 min)
[22:23:40.161] [m7g.large-Horiz-libvpx-vp9-R23] ============================================================
