[22:02:16.653] [m7g.large-Horiz-libx264-R06] === Horizontal m7g.large libx264 Run 6 ===
[22:02:16.653] [m7g.large-Horiz-libx264-R06] Parts dir: /home/breno/doutorado/ec2sweetspot_noms2/artifacts2/phase3_scaling/video_parts_m7g_large_libx264
[22:02:20.253] [R06-P00] Instance i-008d8651d63374a17 launched, waiting...
[22:02:20.363] [R06-P01] Instance i-03ffe9f916b8078e5 launched, waiting...
[22:02:20.475] [R06-P08] Instance i-0ac78949bc754ac28 launched, waiting...
[22:02:20.479] [R06-P05] Instance i-01734fb4dfa1fdef8 launched, waiting...
[22:02:20.537] [R06-P07] Instance i-099841a1cbb8eef22 launched, waiting...
[22:02:20.638] [R06-P09] Instance i-0def603272a439626 launched, waiting...
[22:02:20.672] [R06-P04] Instance i-0a96de0ab1697a99e launched, waiting...
[22:02:20.676] [R06-P06] Instance i-03fbf360d3741755f launched, waiting...
[22:02:21.029] [R06-P02] Instance i-00a7c1b93535f2fae launched, waiting...
[22:02:23.633] [R06-P03] Instance i-0001b24c505271792 launched, waiting...
[22:02:36.621] [R06-P01] Instance ready. IP: 54.81.10.73
[22:02:36.664] [R06-P07] Instance ready. IP: 100.31.247.98
[22:02:36.666] [R06-P05] Instance ready. IP: 3.81.189.137
[22:02:36.754] [R06-P08] Instance ready. IP: 54.86.65.192
[22:02:36.846] [R06-P09] Instance ready. IP: 3.90.32.10
[22:02:37.121] [R06-P06] Instance ready. IP: 3.84.215.36
[22:02:37.400] [R06-P04] Instance ready. IP: 54.224.224.72
[22:02:37.787] [R06-P02] Instance ready. IP: 54.83.159.221
[22:02:37.794] [R06-P00] Instance ready. IP: 54.234.22.180
[22:02:39.713] [R06-P03] Instance ready. IP: 107.22.22.62
[22:03:05.480] [R06-P08] SSH connected.
[22:03:05.481] [R06-P01] SSH connected.
[22:03:05.549] [R06-P07] SSH connected.
[22:03:05.597] [R06-P09] SSH connected.
[22:03:05.597] [R06-P05] SSH connected.
[22:03:06.018] [R06-P06] SSH connected.
[22:03:06.560] [R06-P04] SSH connected.
[22:03:06.920] [R06-P00] SSH connected.
[22:03:06.920] [R06-P02] SSH connected.
[22:03:07.712] [R06-P01] Waiting for SFTP slot...
[22:03:07.712] [R06-P01] Uploading segment...
[22:03:07.841] [R06-P07] Waiting for SFTP slot...
[22:03:07.842] [R06-P07] Uploading segment...
[22:03:07.867] [R06-P08] Waiting for SFTP slot...
[22:03:07.867] [R06-P08] Uploading segment...
[22:03:08.019] [R06-P09] Waiting for SFTP slot...
[22:03:08.019] [R06-P09] Uploading segment...
[22:03:08.189] [R06-P05] Waiting for SFTP slot...
[22:03:08.189] [R06-P05] Uploading segment...
[22:03:08.232] [R06-P06] Waiting for SFTP slot...
[22:03:08.232] [R06-P06] Uploading segment...
[22:03:08.284] [R06-P03] SSH connected.
[22:03:08.513] [R06-P04] Waiting for SFTP slot...
[22:03:08.513] [R06-P04] Uploading segment...
[22:03:08.708] [R06-P00] Waiting for SFTP slot...
[22:03:08.708] [R06-P00] Uploading segment...
[22:03:08.708] [R06-P02] Waiting for SFTP slot...
[22:03:08.708] [R06-P02] Uploading segment...
[22:03:10.871] [R06-P03] Waiting for SFTP slot...
[22:03:17.947] [R06-P01] Running compression...
[22:03:18.055] [R06-P08] Running compression...
[22:03:19.170] [R06-P07] Running compression...
[22:03:19.170] [R06-P03] Uploading segment...
[22:03:19.312] [R06-P09] Running compression...
[22:03:19.390] [R06-P06] Running compression...
[22:03:19.564] [R06-P04] Running compression...
[22:03:19.566] [R06-P05] Running compression...
[22:03:19.784] [R06-P00] Running compression...
[22:03:20.033] [R06-P02] Running compression...
[22:03:25.229] [R06-P08] Done! (68.1s)
[22:03:25.581] [R06-P09] Done! (68.5s)
[22:03:25.930] [R06-P05] Done! (68.9s)
[22:03:25.948] [R06-P08] Instance terminated.
[22:03:26.162] [R06-P09] Instance terminated.
[22:03:26.245] [R06-P04] Done! (69.2s)
[22:03:26.319] [R06-P01] Done! (69.3s)
[22:03:26.524] [R06-P05] Instance terminated.
[22:03:26.560] [R06-P03] Running compression...
[22:03:26.716] [R06-P07] Done! (69.6s)
[22:03:26.868] [R06-P04] Instance terminated.
[22:03:26.970] [R06-P00] Done! (70.3s)
[22:03:26.970] [R06-P01] Instance terminated.
[22:03:27.474] [R06-P07] Instance terminated.
[22:03:27.806] [R06-P00] Instance terminated.
[22:03:28.059] [R06-P06] Done! (71.0s)
[22:03:28.814] [R06-P06] Instance terminated.
[22:03:29.436] [R06-P02] Done! (72.4s)
[22:03:30.035] [R06-P02] Instance terminated.
[22:03:35.755] [R06-P03] Done! (78.7s)
[22:03:36.792] [R06-P03] Instance terminated.
[22:03:36.794] [m7g.large-Horiz-libx264-R06] ============================================================
[22:03:36.794] [m7g.large-Horiz-libx264-R06] RESULTS — 10x m7g.large Horizontal libx264
[22:03:36.794] [m7g.large-Horiz-libx264-R06]   Total Time:    80.14s (1.34 min)
[22:03:36.794] [m7g.large-Horiz-libx264-R06] ============================================================
