[22:04:26.467] [m7g.large-Horiz-libx264-R15] === Horizontal m7g.large libx264 Run 15 ===
[22:04:26.467] [m7g.large-Horiz-libx264-R15] Parts dir: /home/breno/doutorado/ec2sweetspot_noms2/artifacts2/phase3_scaling/video_parts_m7g_large_libx264
[22:04:29.459] [R15-P02] Instance i-02d63abdfa248475c launched, waiting...
[22:04:29.462] [R15-P01] Instance i-04a8a598c9d632571 launched, waiting...
[22:04:29.475] [R15-P07] Instance i-08e138fb5935df062 launched, waiting...
[22:04:29.478] [R15-P04] Instance i-08adc03e1a3c1c004 launched, waiting...
[22:04:29.480] [R15-P09] Instance i-0173e25975e7bac50 launched, waiting...
[22:04:29.574] [R15-P03] Instance i-03be9c72247c9ce5d launched, waiting...
[22:04:29.580] [R15-P05] Instance i-0f46cf50c6dcf69a4 launched, waiting...
[22:04:29.614] [R15-P06] Instance i-01125d66cc85fafdd launched, waiting...
[22:04:29.684] [R15-P00] Instance i-0a5f8f9e035d84da7 launched, waiting...
[22:04:32.682] [R15-P08] Instance i-0967ad60e44254801 launched, waiting...
[22:04:45.838] [R15-P01] Instance ready. IP: 34.207.172.151
[22:04:45.901] [R15-P07] Instance ready. IP: 3.81.185.56
[22:04:45.905] [R15-P09] Instance ready. IP: 35.153.211.145
[22:04:45.921] [R15-P03] Instance ready. IP: 18.234.153.193
[22:04:45.921] [R15-P05] Instance ready. IP: 3.84.88.33
[22:04:45.923] [R15-P06] Instance ready. IP: 54.145.232.51
[22:04:45.924] [R15-P00] Instance ready. IP: 54.198.60.121
[22:04:46.038] [R15-P02] Instance ready. IP: 13.217.16.168
[22:04:46.110] [R15-P04] Instance ready. IP: 3.92.82.145
[22:04:49.061] [R15-P08] Instance ready. IP: 54.172.92.235
[22:05:13.394] [R15-P00] SSH connected.
[22:05:13.394] [R15-P03] SSH connected.
[22:05:13.431] [R15-P06] SSH connected.
[22:05:13.477] [R15-P05] SSH connected.
[22:05:13.479] [R15-P02] SSH connected.
[22:05:13.503] [R15-P04] SSH connected.
[22:05:14.337] [R15-P07] SSH connected.
[22:05:14.350] [R15-P09] SSH connected.
[22:05:14.350] [R15-P01] SSH connected.
[22:05:14.884] [R15-P06] Waiting for SFTP slot...
[22:05:15.021] [R15-P00] Waiting for SFTP slot...
[22:05:15.194] [R15-P04] Waiting for SFTP slot...
[22:05:15.251] [R15-P02] Waiting for SFTP slot...
[22:05:15.388] [R15-P05] Waiting for SFTP slot...
[22:05:15.823] [R15-P07] Waiting for SFTP slot...
[22:05:15.922] [R15-P01] Waiting for SFTP slot...
[22:05:16.016] [R15-P08] SSH connected.
[22:05:16.058] [R15-P03] Waiting for SFTP slot...
[22:05:16.182] [R15-P09] Waiting for SFTP slot...
[22:05:17.575] [R15-P08] Waiting for SFTP slot...
[22:06:06.757] [R15-P06] Uploading segment...
[22:06:07.107] [R15-P00] Uploading segment...
[22:06:07.557] [R15-P04] Uploading segment...
[22:06:07.693] [R15-P02] Uploading segment...
[22:06:07.916] [R15-P05] Uploading segment...
[22:06:08.200] [R15-P07] Uploading segment...
[22:06:09.103] [R15-P01] Uploading segment...
[22:06:09.189] [R15-P00] Running compression...
[22:06:09.190] [R15-P03] Uploading segment...
[22:06:10.649] [R15-P04] Running compression...
[22:06:10.654] [R15-P09] Uploading segment...
[22:06:10.902] [R15-P08] Uploading segment...
[22:06:12.401] [R15-P07] Running compression...
[22:06:13.549] [R15-P01] Running compression...
[22:06:14.305] [R15-P09] Running compression...
[22:06:15.221] [R15-P05] Running compression...
[22:06:15.811] [R15-P08] Running compression...
[22:06:16.800] [R15-P06] Running compression...
[22:06:16.800] [R15-P00] Done! (110.3s)
[22:06:16.842] [R15-P02] Running compression...
[22:06:17.169] [R15-P04] Done! (110.7s)
[22:06:18.160] [R15-P00] Instance terminated.
[22:06:18.168] [R15-P03] Running compression...
[22:06:18.426] [R15-P04] Instance terminated.
[22:06:20.533] [R15-P09] Done! (114.0s)
[22:06:21.908] [R15-P09] Instance terminated.
[22:06:23.665] [R15-P01] Done! (117.2s)
[22:06:24.549] [R15-P07] Done! (118.0s)
[22:06:24.997] [R15-P01] Instance terminated.
[22:06:24.998] [R15-P03] Done! (118.5s)
[22:06:25.838] [R15-P07] Instance terminated.
[22:06:26.236] [R15-P05] Done! (119.7s)
[22:06:26.365] [R15-P03] Instance terminated.
[22:06:26.394] [R15-P08] Done! (119.9s)
[22:06:27.406] [R15-P05] Instance terminated.
[22:06:27.545] [R15-P08] Instance terminated.
[22:06:29.062] [R15-P02] Done! (122.6s)
[22:06:29.257] [R15-P06] Done! (122.7s)
[22:06:30.388] [R15-P02] Instance terminated.
[22:06:30.513] [R15-P06] Instance terminated.
[22:06:30.515] [m7g.large-Horiz-libx264-R15] ============================================================
[22:06:30.515] [m7g.large-Horiz-libx264-R15] RESULTS — 10x m7g.large Horizontal libx264
[22:06:30.515] [m7g.large-Horiz-libx264-R15]   Total Time:    124.05s (2.07 min)
[22:06:30.515] [m7g.large-Horiz-libx264-R15] ============================================================
