[22:03:36.794] [m7g.large-Horiz-libx264-R11] === Horizontal m7g.large libx264 Run 11 ===
[22:03:36.794] [m7g.large-Horiz-libx264-R11] Parts dir: /home/breno/doutorado/ec2sweetspot_noms2/artifacts2/phase3_scaling/video_parts_m7g_large_libx264
[22:03:39.790] [R11-P00] Instance i-0aacbd51dbc4b2906 launched, waiting...
[22:03:40.032] [R11-P03] Instance i-0a4de937782a5a157 launched, waiting...
[22:03:40.033] [R11-P04] Instance i-000644c25da0b5209 launched, waiting...
[22:03:40.045] [R11-P01] Instance i-01d0ea1323868d8f0 launched, waiting...
[22:03:40.083] [R11-P02] Instance i-0e994d652ad5b63dc launched, waiting...
[22:03:40.087] [R11-P07] Instance i-0189518891de42e53 launched, waiting...
[22:03:40.091] [R11-P08] Instance i-00b135a6ead6a6ed5 launched, waiting...
[22:03:40.170] [R11-P06] Instance i-02f39065f97745ba1 launched, waiting...
[22:03:40.470] [R11-P09] Instance i-0c1ea53cd63e2e744 launched, waiting...
[22:03:40.475] [R11-P05] Instance i-0ccdbc5de1bb28d9f launched, waiting...
[22:03:55.774] [R11-P00] Instance ready. IP: 100.29.39.115
[22:03:56.189] [R11-P01] Instance ready. IP: 54.147.251.161
[22:03:56.224] [R11-P02] Instance ready. IP: 18.232.64.102
[22:03:56.238] [R11-P07] Instance ready. IP: 34.228.220.62
[22:03:56.252] [R11-P08] Instance ready. IP: 98.86.225.189
[22:03:56.675] [R11-P06] Instance ready. IP: 107.22.49.105
[22:03:56.711] [R11-P09] Instance ready. IP: 98.81.188.107
[22:03:56.822] [R11-P05] Instance ready. IP: 13.217.11.254
[22:03:57.763] [R11-P03] Instance ready. IP: 100.30.202.199
[22:03:57.874] [R11-P04] Instance ready. IP: 107.22.52.195
[22:04:22.996] [R11-P00] SSH connected.
[22:04:23.161] [R11-P02] SSH connected.
[22:04:23.326] [R11-P01] SSH connected.
[22:04:23.342] [R11-P08] SSH connected.
[22:04:23.741] [R11-P06] SSH connected.
[22:04:23.867] [R11-P05] SSH connected.
[22:04:24.011] [R11-P09] SSH connected.
[22:04:24.100] [R11-P07] SSH connected.
[22:04:24.915] [R11-P02] Waiting for SFTP slot...
[22:04:25.005] [R11-P04] SSH connected.
[22:04:25.005] [R11-P01] Waiting for SFTP slot...
[22:04:25.012] [R11-P08] Waiting for SFTP slot...
[22:04:25.122] [R11-P07] Waiting for SFTP slot...
[22:04:25.313] [R11-P05] Waiting for SFTP slot...
[22:04:25.314] [R11-P09] Waiting for SFTP slot...
[22:04:25.505] [R11-P03] SSH connected.
[22:04:25.597] [R11-P00] Waiting for SFTP slot...
[22:04:26.053] [R11-P06] Waiting for SFTP slot...
[22:04:26.678] [R11-P04] Waiting for SFTP slot...
[22:04:28.167] [R11-P03] Waiting for SFTP slot...
[22:05:31.027] [R11-P02] Uploading segment...
[22:05:32.133] [R11-P01] Uploading segment...
[22:05:32.233] [R11-P08] Uploading segment...
[22:05:32.925] [R11-P07] Uploading segment...
[22:05:32.926] [R11-P05] Uploading segment...
[22:05:33.092] [R11-P09] Uploading segment...
[22:05:33.708] [R11-P00] Uploading segment...
[22:05:33.810] [R11-P06] Uploading segment...
[22:05:34.029] [R11-P04] Uploading segment...
[22:05:35.475] [R11-P08] Running compression...
[22:05:35.475] [R11-P03] Uploading segment...
[22:05:36.562] [R11-P01] Running compression...
[22:05:38.195] [R11-P00] Running compression...
[22:05:39.832] [R11-P06] Running compression...
[22:05:40.269] [R11-P04] Running compression...
[22:05:40.815] [R11-P02] Running compression...
[22:05:42.327] [R11-P08] Done! (124.9s)
[22:05:43.014] [R11-P05] Running compression...
[22:05:43.323] [R11-P01] Done! (126.5s)
[22:05:43.394] [R11-P07] Running compression...
[22:05:43.800] [R11-P09] Running compression...
[22:05:44.343] [R11-P08] Instance terminated.
[22:05:44.710] [R11-P01] Instance terminated.
[22:05:45.842] [R11-P00] Done! (129.0s)
[22:05:46.146] [R11-P03] Running compression...
[22:05:46.890] [R11-P06] Done! (129.4s)
[22:05:47.291] [R11-P00] Instance terminated.
[22:05:48.149] [R11-P04] Done! (131.3s)
[22:05:49.828] [R11-P04] Instance terminated.
[22:05:49.894] [R11-P06] Instance terminated.
[22:05:50.598] [R11-P02] Done! (133.8s)
[22:05:52.328] [R11-P02] Instance terminated.
[22:05:53.567] [R11-P03] Done! (136.7s)
[22:05:53.832] [R11-P05] Done! (136.4s)
[22:05:54.436] [R11-P09] Done! (137.0s)
[22:05:55.419] [R11-P07] Done! (138.0s)
[22:05:56.380] [R11-P03] Instance terminated.
[22:05:57.488] [R11-P09] Instance terminated.
[22:05:58.835] [R11-P05] Instance terminated.
[22:06:02.459] [R11-P07] Instance terminated.
[22:06:02.462] [m7g.large-Horiz-libx264-R11] ============================================================
[22:06:02.462] [m7g.large-Horiz-libx264-R11] RESULTS — 10x m7g.large Horizontal libx264
[22:06:02.462] [m7g.large-Horiz-libx264-R11]   Total Time:    145.67s (2.43 min)
[22:06:02.462] [m7g.large-Horiz-libx264-R11] ============================================================
