[22:00:43.864] [m7g.large-Horiz-libx264-R05] === Horizontal m7g.large libx264 Run 5 ===
[22:00:43.867] [m7g.large-Horiz-libx264-R05] Parts dir: /home/breno/doutorado/ec2sweetspot_noms2/artifacts2/phase3_scaling/video_parts_m7g_large_libx264
[22:01:08.158] [R05-P02] ERROR: An error occurred (RequestLimitExceeded) when calling the RunInstances operation (reached max retries: 4): Request limit exceeded. Account 460964766037 has been throttled on ec2:RunInstances because it exceeded its request rate limit.
[22:01:08.400] [R05-P03] Instance i-086d79508c08c1efb launched, waiting...
[22:01:09.355] [R05-P08] ERROR: An error occurred (RequestLimitExceeded) when calling the RunInstances operation (reached max retries: 4): Request limit exceeded. Account 460964766037 has been throttled on ec2:RunInstances because it exceeded its request rate limit.
[22:01:10.023] [R05-P07] ERROR: An error occurred (RequestLimitExceeded) when calling the RunInstances operation (reached max retries: 4): Request limit exceeded. Account 460964766037 has been throttled on ec2:RunInstances because it exceeded its request rate limit.
[22:01:10.496] [R05-P01] ERROR: An error occurred (RequestLimitExceeded) when calling the RunInstances operation (reached max retries: 4): Request limit exceeded. Account 460964766037 has been throttled on ec2:RunInstances because it exceeded its request rate limit.
[22:01:11.061] [R05-P09] ERROR: An error occurred (RequestLimitExceeded) when calling the RunInstances operation (reached max retries: 4): Request limit exceeded. Account 460964766037 has been throttled on ec2:RunInstances because it exceeded its request rate limit.
[22:01:11.514] [R05-P04] ERROR: An error occurred (RequestLimitExceeded) when calling the RunInstances operation (reached max retries: 4): Request limit exceeded. Account 460964766037 has been throttled on ec2:RunInstances because it exceeded its request rate limit.
[22:01:11.692] [R05-P06] ERROR: An error occurred (RequestLimitExceeded) when calling the RunInstances operation (reached max retries: 4): Request limit exceeded. Account 460964766037 has been throttled on ec2:RunInstances because it exceeded its request rate limit.
[22:01:14.996] [R05-P05] ERROR: An error occurred (RequestLimitExceeded) when calling the RunInstances operation (reached max retries: 4): Request limit exceeded. Account 460964766037 has been throttled on ec2:RunInstances because it exceeded its request rate limit.
[22:01:15.511] [R05-P00] ERROR: An error occurred (RequestLimitExceeded) when calling the RunInstances operation (reached max retries: 4): Request limit exceeded. Account 460964766037 has been throttled on ec2:RunInstances because it exceeded its request rate limit.
[22:01:24.250] [R05-P03] Instance ready. IP: 32.192.91.245
[22:01:50.700] [R05-P03] SSH connected.
[22:01:52.867] [R05-P03] Waiting for SFTP slot...
[22:01:55.646] [R05-P03] Uploading segment...
[22:02:08.713] [R05-P03] Running compression...
[22:02:16.421] [R05-P03] Done! (85.3s)
[22:02:17.578] [R05-P03] Instance terminated.
[22:19:25.331] [m7g.large-Horiz-libx264-R05] === Horizontal m7g.large libx264 Run 5 ===
[22:19:25.331] [m7g.large-Horiz-libx264-R05] Parts dir: /home/breno/doutorado/ec2sweetspot_noms2/artifacts2/phase3_scaling/video_parts_m7g_large_libx264
[22:19:27.221] [R05-P01] Instance i-02c8ae381522b79a7 launched, waiting...
[22:19:27.262] [R05-P07] Instance i-0ebb8318a116ba7c5 launched, waiting...
[22:19:27.266] [R05-P00] Instance i-01e019b3e6c6f7de1 launched, waiting...
[22:19:27.269] [R05-P04] Instance i-0fd5b7dbe2cb612ba launched, waiting...
[22:19:27.287] [R05-P06] Instance i-021c0692a0972ae26 launched, waiting...
[22:19:27.289] [R05-P05] Instance i-0bce6df664bae7dd4 launched, waiting...
[22:19:27.295] [R05-P03] Instance i-0e16209ae5fdd90d0 launched, waiting...
[22:19:27.299] [R05-P08] Instance i-02921f580612b5c50 launched, waiting...
[22:19:27.323] [R05-P09] Instance i-0871922888a22643c launched, waiting...
[22:19:27.447] [R05-P02] Instance i-0585bf77c8a9278e9 launched, waiting...
[22:19:43.044] [R05-P07] Instance ready. IP: 3.81.206.126
[22:19:43.045] [R05-P01] Instance ready. IP: 52.55.193.210
[22:19:43.090] [R05-P04] Instance ready. IP: 54.198.49.28
[22:19:43.091] [R05-P00] Instance ready. IP: 34.229.102.196
[22:19:43.141] [R05-P06] Instance ready. IP: 35.173.196.158
[22:19:43.144] [R05-P09] Instance ready. IP: 107.20.129.198
[22:19:43.142] [R05-P08] Instance ready. IP: 3.91.221.255
[22:19:43.153] [R05-P03] Instance ready. IP: 98.91.238.119
[22:19:43.196] [R05-P05] Instance ready. IP: 100.30.224.214
[22:19:43.276] [R05-P02] Instance ready. IP: 54.211.225.152
[22:20:09.160] [R05-P01] SSH connected.
[22:20:09.179] [R05-P04] SSH connected.
[22:20:09.196] [R05-P07] SSH connected.
[22:20:09.252] [R05-P00] SSH connected.
[22:20:09.276] [R05-P03] SSH connected.
[22:20:09.289] [R05-P09] SSH connected.
[22:20:09.320] [R05-P08] SSH connected.
[22:20:09.341] [R05-P06] SSH connected.
[22:20:09.387] [R05-P05] SSH connected.
[22:20:09.448] [R05-P02] SSH connected.
[22:20:10.288] [R05-P04] Waiting for SFTP slot...
[22:20:10.288] [R05-P04] Uploading segment...
[22:20:10.378] [R05-P01] Waiting for SFTP slot...
[22:20:10.378] [R05-P01] Uploading segment...
[22:20:10.378] [R05-P08] Waiting for SFTP slot...
[22:20:10.378] [R05-P08] Uploading segment...
[22:20:10.485] [R05-P07] Waiting for SFTP slot...
[22:20:10.485] [R05-P07] Uploading segment...
[22:20:10.516] [R05-P03] Waiting for SFTP slot...
[22:20:10.516] [R05-P03] Uploading segment...
[22:20:10.535] [R05-P09] Waiting for SFTP slot...
[22:20:10.535] [R05-P09] Uploading segment...
[22:20:10.622] [R05-P00] Waiting for SFTP slot...
[22:20:10.622] [R05-P00] Uploading segment...
[22:20:10.622] [R05-P06] Waiting for SFTP slot...
[22:20:10.623] [R05-P06] Uploading segment...
[22:20:10.808] [R05-P02] Waiting for SFTP slot...
[22:20:10.808] [R05-P02] Uploading segment...
[22:20:10.901] [R05-P05] Waiting for SFTP slot...
[22:20:10.901] [R05-P05] Uploading segment...
[22:20:14.475] [R05-P01] Running compression...
[22:20:15.084] [R05-P04] Running compression...
[22:20:15.862] [R05-P08] Running compression...
[22:20:15.942] [R05-P03] Running compression...
[22:20:15.942] [R05-P00] Running compression...
[22:20:15.942] [R05-P07] Running compression...
[22:20:16.814] [R05-P09] Running compression...
[22:20:17.025] [R05-P05] Running compression...
[22:20:19.249] [R05-P06] Running compression...
[22:20:19.688] [R05-P02] Running compression...
[22:20:21.710] [R05-P01] Done! (56.4s)
[22:20:22.200] [R05-P08] Done! (56.8s)
[22:20:22.232] [R05-P04] Done! (56.9s)
[22:20:22.238] [R05-P01] Instance terminated.
[22:20:22.756] [R05-P08] Instance terminated.
[22:20:22.759] [R05-P04] Instance terminated.
[22:20:22.991] [R05-P07] Done! (57.6s)
[22:20:23.073] [R05-P09] Done! (57.7s)
[22:20:23.550] [R05-P07] Instance terminated.
[22:20:24.010] [R05-P00] Done! (58.6s)
[22:20:24.377] [R05-P03] Done! (59.0s)
[22:20:24.443] [R05-P09] Instance terminated.
[22:20:24.551] [R05-P00] Instance terminated.
[22:20:24.921] [R05-P03] Instance terminated.
[22:20:25.289] [R05-P05] Done! (59.9s)
[22:20:25.845] [R05-P05] Instance terminated.
[22:20:27.067] [R05-P02] Done! (61.7s)
[22:20:27.633] [R05-P06] Done! (62.2s)
[22:20:27.647] [R05-P02] Instance terminated.
[22:20:28.218] [R05-P06] Instance terminated.
[22:20:28.220] [m7g.large-Horiz-libx264-R05] ============================================================
[22:20:28.220] [m7g.large-Horiz-libx264-R05] RESULTS — 10x m7g.large Horizontal libx264
[22:20:28.221] [m7g.large-Horiz-libx264-R05]   Total Time:    62.89s (1.05 min)
[22:20:28.221] [m7g.large-Horiz-libx264-R05] ============================================================
