[22:03:09.510] [m7g.large-Horiz-libvpx-vp9-R09] === Horizontal m7g.large libvpx-vp9 Run 9 ===
[22:03:09.510] [m7g.large-Horiz-libvpx-vp9-R09] Parts dir: /home/breno/doutorado/ec2sweetspot_noms2/artifacts2/phase3_scaling/video_parts_m7g_large_libvpx-vp9
[22:03:14.080] [R09-P02] Instance i-0136491b3849ffcea launched, waiting...
[22:03:14.149] [R09-P00] Instance i-0263bc201f8e5cb56 launched, waiting...
[22:03:14.156] [R09-P06] Instance i-06ea0e06c8802c983 launched, waiting...
[22:03:14.801] [R09-P09] Instance i-0404494af95efc587 launched, waiting...
[22:03:15.074] [R09-P07] Instance i-0dc09ba3c19c51673 launched, waiting...
[22:03:15.103] [R09-P05] Instance i-004aaa3b9477063a2 launched, waiting...
[22:03:15.199] [R09-P03] Instance i-0b593f73c5f2a1e12 launched, waiting...
[22:03:18.958] [R09-P08] Instance i-05af0326f187863a7 launched, waiting...
[22:03:30.199] [R09-P00] Instance ready. IP: 34.207.250.181
[22:03:30.256] [R09-P06] Instance ready. IP: 54.81.81.58
[22:03:30.640] [R09-P02] Instance ready. IP: 3.92.145.214
[22:03:31.577] [R09-P03] Instance ready. IP: 35.153.54.90
[22:03:31.626] [R09-P01] Instance i-082e177a6660cfc9a launched, waiting...
[22:03:31.649] [R09-P04] Instance i-0ddfc9e342a9e4864 launched, waiting...
[22:03:31.718] [R09-P05] Instance ready. IP: 18.232.75.133
[22:03:31.721] [R09-P07] Instance ready. IP: 107.20.70.254
[22:03:31.735] [R09-P09] Instance ready. IP: 3.82.13.21
[22:03:35.701] [R09-P08] Instance ready. IP: 3.89.148.230
[22:03:47.912] [R09-P04] Instance ready. IP: 54.145.100.56
[22:03:48.196] [R09-P01] Instance ready. IP: 3.81.70.131
[22:03:57.276] [R09-P00] SSH connected.
[22:03:57.387] [R09-P06] SSH connected.
[22:03:57.899] [R09-P02] SSH connected.
[22:03:59.919] [R09-P00] Waiting for SFTP slot...
[22:03:59.968] [R09-P05] SSH connected.
[22:03:59.977] [R09-P07] SSH connected.
[22:04:00.141] [R09-P06] Waiting for SFTP slot...
[22:04:00.385] [R09-P02] Waiting for SFTP slot...
[22:04:00.415] [R09-P03] SSH connected.
[22:04:01.235] [R09-P05] Waiting for SFTP slot...
[22:04:01.415] [R09-P07] Waiting for SFTP slot...
[22:04:01.416] [R09-P09] SSH connected.
[22:04:01.618] [R09-P03] Waiting for SFTP slot...
[22:04:02.432] [R09-P08] SSH connected.
[22:04:03.026] [R09-P09] Waiting for SFTP slot...
[22:04:03.796] [R09-P08] Waiting for SFTP slot...
[22:04:14.779] [R09-P04] SSH connected.
[22:04:15.092] [R09-P01] SSH connected.
[22:04:16.790] [R09-P04] Waiting for SFTP slot...
[22:04:16.792] [R09-P01] Waiting for SFTP slot...
[22:04:41.052] [R09-P00] Uploading segment...
[22:04:42.303] [R09-P06] Uploading segment...
[22:04:45.728] [R09-P02] Uploading segment...
[22:04:49.865] [R09-P05] Uploading segment...
[22:04:50.525] [R09-P00] Running compression...
[22:04:53.435] [R09-P06] Running compression...
[22:04:53.435] [R09-P07] Uploading segment...
[22:04:56.403] [R09-P02] Running compression...
[22:04:59.532] [R09-P03] Uploading segment...
[22:05:00.702] [R09-P05] Running compression...
[22:05:00.703] [R09-P09] Uploading segment...
[22:05:02.600] [R09-P08] Uploading segment...
[22:05:05.153] [R09-P07] Running compression...
[22:05:11.324] [R09-P03] Running compression...
[22:05:13.603] [R09-P09] Running compression...
[22:05:14.737] [R09-P08] Running compression...
[22:05:17.679] [R09-P04] Uploading segment...
[22:05:20.565] [R09-P01] Uploading segment...
[22:05:27.056] [R09-P00] Done! (137.5s)
[22:05:29.605] [R09-P00] Instance terminated.
[22:05:31.023] [R09-P02] Done! (141.5s)
[22:05:32.132] [R09-P01] Running compression...
[22:05:32.198] [R09-P04] Running compression...
[22:05:34.172] [R09-P06] Done! (144.6s)
[22:05:34.297] [R09-P02] Instance terminated.
[22:05:35.538] [R09-P06] Instance terminated.
[22:05:41.584] [R09-P05] Done! (152.0s)
[22:05:43.600] [R09-P05] Instance terminated.
[22:05:43.985] [R09-P09] Done! (154.4s)
[22:05:46.508] [R09-P09] Instance terminated.
[22:05:47.803] [R09-P07] Done! (158.2s)
[22:05:48.621] [R09-P08] Done! (159.1s)
[22:05:48.705] [R09-P03] Done! (159.2s)
[22:05:49.398] [R09-P07] Instance terminated.
[22:05:50.213] [R09-P08] Instance terminated.
[22:05:50.213] [R09-P03] Instance terminated.
[22:06:00.105] [R09-P01] Done! (170.6s)
[22:06:02.554] [R09-P01] Instance terminated.
[22:06:08.540] [R09-P04] Done! (179.0s)
[22:06:09.868] [R09-P04] Instance terminated.
[22:06:09.870] [m7g.large-Horiz-libvpx-vp9-R09] ============================================================
[22:06:09.870] [m7g.large-Horiz-libvpx-vp9-R09] RESULTS — 10x m7g.large Horizontal libvpx-vp9
[22:06:09.870] [m7g.large-Horiz-libvpx-vp9-R09]   Total Time:    180.36s (3.01 min)
[22:06:09.870] [m7g.large-Horiz-libvpx-vp9-R09] ============================================================
