[22:06:17.729] [m7g.large-Horiz-libx264-R18] === Horizontal m7g.large libx264 Run 18 ===
[22:06:17.729] [m7g.large-Horiz-libx264-R18] Parts dir: /home/breno/doutorado/ec2sweetspot_noms2/artifacts2/phase3_scaling/video_parts_m7g_large_libx264
[22:06:19.916] [R18-P09] Instance i-09e168d9488365096 launched, waiting...
[22:06:23.199] [R18-P01] Instance i-01c66113f32412fb9 launched, waiting...
[22:06:23.285] [R18-P05] Instance i-0f0528e2744d322de launched, waiting...
[22:06:25.581] [R18-P08] Instance i-0decb1813b2c10b4d launched, waiting...
[22:06:32.587] [R18-P02] Instance i-03bf3ad17715aa4bb launched, waiting...
[22:06:34.624] [R18-P03] ERROR: An error occurred (RequestLimitExceeded) when calling the RunInstances operation (reached max retries: 4): Request limit exceeded. Account 460964766037 has been throttled on ec2:RunInstances because it exceeded its request rate limit.
[22:06:34.953] [R18-P00] Instance i-0e209b90ed464dd0e launched, waiting...
[22:06:36.795] [R18-P09] Instance ready. IP: 52.90.152.222
[22:06:36.800] [R18-P07] Instance i-02ab0bb4a34572abb launched, waiting...
[22:06:37.697] [R18-P04] ERROR: An error occurred (RequestLimitExceeded) when calling the RunInstances operation (reached max retries: 4): Request limit exceeded. Account 460964766037 has been throttled on ec2:RunInstances because it exceeded its request rate limit.
[22:06:39.863] [R18-P01] Instance ready. IP: 34.204.94.126
[22:06:39.865] [R18-P05] Instance ready. IP: 13.221.167.214
[22:06:40.598] [R18-P06] Instance i-08d92636ccde45720 launched, waiting...
[22:06:41.932] [R18-P08] Instance ready. IP: 3.85.49.158
[22:06:48.892] [R18-P02] Instance ready. IP: 54.227.97.62
[22:06:51.662] [R18-P00] Instance ready. IP: 18.212.130.18
[22:06:53.577] [R18-P07] Instance ready. IP: 13.222.198.239
[22:06:56.909] [R18-P06] Instance ready. IP: 44.220.166.195
[22:07:03.086] [R18-P09] SSH connected.
[22:07:04.692] [R18-P09] Waiting for SFTP slot...
[22:07:06.467] [R18-P05] SSH connected.
[22:07:06.947] [R18-P01] SSH connected.
[22:07:07.873] [R18-P05] Waiting for SFTP slot...
[22:07:08.291] [R18-P01] Waiting for SFTP slot...
[22:07:08.450] [R18-P08] SSH connected.
[22:07:10.151] [R18-P08] Waiting for SFTP slot...
[22:07:14.444] [R18-P09] Uploading segment...
[22:07:15.263] [R18-P02] SSH connected.
[22:07:16.750] [R18-P02] Waiting for SFTP slot...
[22:07:18.034] [R18-P05] Uploading segment...
[22:07:18.145] [R18-P00] SSH connected.
[22:07:19.569] [R18-P00] Waiting for SFTP slot...
[22:07:19.714] [R18-P09] Running compression...
[22:07:19.894] [R18-P01] Uploading segment...
[22:07:20.052] [R18-P07] SSH connected.
[22:07:21.850] [R18-P07] Waiting for SFTP slot...
[22:07:23.101] [R18-P06] SSH connected.
[22:07:23.499] [R18-P08] Uploading segment...
[22:07:25.502] [R18-P06] Waiting for SFTP slot...
[22:07:26.052] [R18-P05] Running compression...
[22:07:27.278] [R18-P09] Done! (69.5s)
[22:07:27.867] [R18-P01] Running compression...
[22:07:27.984] [R18-P09] Instance terminated.
[22:07:30.375] [R18-P02] Uploading segment...
[22:07:32.758] [R18-P08] Running compression...
[22:07:33.549] [R18-P05] Done! (75.8s)
[22:07:33.566] [R18-P00] Uploading segment...
[22:07:33.579] [R18-P07] Uploading segment...
[22:07:33.908] [R18-P01] Done! (76.2s)
[22:07:34.141] [R18-P05] Instance terminated.
[22:07:34.565] [R18-P01] Instance terminated.
[22:07:34.994] [R18-P06] Uploading segment...
[22:07:36.499] [R18-P02] Running compression...
[22:07:37.508] [R18-P00] Running compression...
[22:07:37.998] [R18-P07] Running compression...
[22:07:40.939] [R18-P06] Running compression...
[22:07:41.099] [R18-P08] Done! (83.3s)
[22:07:41.690] [R18-P08] Instance terminated.
[22:07:43.372] [R18-P02] Done! (85.6s)
[22:07:43.930] [R18-P02] Instance terminated.
[22:07:44.028] [R18-P00] Done! (86.3s)
[22:07:44.592] [R18-P00] Instance terminated.
[22:07:45.200] [R18-P07] Done! (87.4s)
[22:07:45.752] [R18-P07] Instance terminated.
[22:07:49.783] [R18-P06] Done! (92.0s)
[22:07:50.337] [R18-P06] Instance terminated.
[22:21:41.010] [m7g.large-Horiz-libx264-R18] === Horizontal m7g.large libx264 Run 18 ===
[22:21:41.010] [m7g.large-Horiz-libx264-R18] Parts dir: /home/breno/doutorado/ec2sweetspot_noms2/artifacts2/phase3_scaling/video_parts_m7g_large_libx264
[22:21:42.970] [R18-P02] Instance i-076ea7bca588cf6a2 launched, waiting...
[22:21:43.023] [R18-P08] Instance i-0350ee08b4f07ff08 launched, waiting...
[22:21:43.031] [R18-P05] Instance i-0b31295a33d6e31c6 launched, waiting...
[22:21:43.033] [R18-P04] Instance i-0be51a7a63e5d6390 launched, waiting...
[22:21:43.037] [R18-P09] Instance i-0ef6fd78898fdec1c launched, waiting...
[22:21:43.041] [R18-P06] Instance i-023e3320648bba934 launched, waiting...
[22:21:43.051] [R18-P00] Instance i-0a9d5d19d48e6d20f launched, waiting...
[22:21:43.069] [R18-P07] Instance i-0c96a6c9c81918a86 launched, waiting...
[22:21:43.087] [R18-P03] Instance i-07cc6133c44c3dcf3 launched, waiting...
[22:21:43.112] [R18-P01] Instance i-0eb911e61968645af launched, waiting...
[22:21:58.775] [R18-P04] Instance ready. IP: 54.159.122.133
[22:21:58.790] [R18-P05] Instance ready. IP: 54.197.220.208
[22:21:58.792] [R18-P06] Instance ready. IP: 98.91.236.38
[22:21:58.796] [R18-P08] Instance ready. IP: 54.172.227.174
[22:21:58.803] [R18-P09] Instance ready. IP: 52.55.15.185
[22:21:58.811] [R18-P07] Instance ready. IP: 52.6.199.232
[22:21:58.830] [R18-P00] Instance ready. IP: 3.85.82.226
[22:21:58.845] [R18-P01] Instance ready. IP: 100.48.18.56
[22:21:59.186] [R18-P02] Instance ready. IP: 50.16.61.56
[22:21:59.336] [R18-P03] Instance ready. IP: 3.93.16.126
[22:22:25.016] [R18-P07] SSH connected.
[22:22:25.018] [R18-P05] SSH connected.
[22:22:25.044] [R18-P08] SSH connected.
[22:22:25.049] [R18-P06] SSH connected.
[22:22:25.068] [R18-P04] SSH connected.
[22:22:25.114] [R18-P09] SSH connected.
[22:22:25.181] [R18-P00] SSH connected.
[22:22:25.223] [R18-P01] SSH connected.
[22:22:25.308] [R18-P02] SSH connected.
[22:22:25.482] [R18-P03] SSH connected.
[22:22:26.157] [R18-P05] Waiting for SFTP slot...
[22:22:26.157] [R18-P05] Uploading segment...
[22:22:26.235] [R18-P08] Waiting for SFTP slot...
[22:22:26.235] [R18-P08] Uploading segment...
[22:22:26.262] [R18-P04] Waiting for SFTP slot...
[22:22:26.262] [R18-P04] Uploading segment...
[22:22:26.288] [R18-P06] Waiting for SFTP slot...
[22:22:26.289] [R18-P06] Uploading segment...
[22:22:26.356] [R18-P00] Waiting for SFTP slot...
[22:22:26.356] [R18-P00] Uploading segment...
[22:22:26.394] [R18-P09] Waiting for SFTP slot...
[22:22:26.394] [R18-P09] Uploading segment...
[22:22:26.396] [R18-P07] Waiting for SFTP slot...
[22:22:26.397] [R18-P07] Uploading segment...
[22:22:26.431] [R18-P01] Waiting for SFTP slot...
[22:22:26.431] [R18-P01] Uploading segment...
[22:22:26.623] [R18-P02] Waiting for SFTP slot...
[22:22:26.623] [R18-P02] Uploading segment...
[22:22:26.700] [R18-P03] Waiting for SFTP slot...
[22:22:26.702] [R18-P03] Uploading segment...
[22:22:29.355] [R18-P05] Running compression...
[22:22:29.965] [R18-P07] Running compression...
[22:22:30.344] [R18-P08] Running compression...
[22:22:30.818] [R18-P04] Running compression...
[22:22:31.056] [R18-P09] Running compression...
[22:22:31.097] [R18-P06] Running compression...
[22:22:31.197] [R18-P00] Running compression...
[22:22:31.965] [R18-P01] Running compression...
[22:22:33.258] [R18-P02] Running compression...
[22:22:34.675] [R18-P03] Running compression...
[22:22:35.773] [R18-P05] Done! (54.7s)
[22:22:36.402] [R18-P05] Instance terminated.
[22:22:37.172] [R18-P09] Done! (56.1s)
[22:22:37.402] [R18-P04] Done! (56.3s)
[22:22:37.751] [R18-P09] Instance terminated.
[22:22:38.038] [R18-P04] Instance terminated.
[22:22:38.191] [R18-P01] Done! (57.2s)
[22:22:38.231] [R18-P08] Done! (57.2s)
[22:22:38.550] [R18-P00] Done! (57.5s)
[22:22:38.810] [R18-P07] Done! (57.7s)
[22:22:38.885] [R18-P01] Instance terminated.
[22:22:38.969] [R18-P08] Instance terminated.
[22:22:39.301] [R18-P00] Instance terminated.
[22:22:39.430] [R18-P07] Instance terminated.
[22:22:39.731] [R18-P06] Done! (58.7s)
[22:22:40.297] [R18-P06] Instance terminated.
[22:22:41.713] [R18-P02] Done! (60.7s)
[22:22:41.797] [R18-P03] Done! (60.8s)
[22:22:42.308] [R18-P02] Instance terminated.
[22:22:42.400] [R18-P03] Instance terminated.
[22:22:42.402] [m7g.large-Horiz-libx264-R18] ============================================================
[22:22:42.402] [m7g.large-Horiz-libx264-R18] RESULTS — 10x m7g.large Horizontal libx264
[22:22:42.402] [m7g.large-Horiz-libx264-R18]   Total Time:    61.39s (1.02 min)
[22:22:42.402] [m7g.large-Horiz-libx264-R18] ============================================================
