[22:05:29.125] [m7g.large-Horiz-libvpx-vp9-R13] === Horizontal m7g.large libvpx-vp9 Run 13 ===
[22:05:29.125] [m7g.large-Horiz-libvpx-vp9-R13] Parts dir: /home/breno/doutorado/ec2sweetspot_noms2/artifacts2/phase3_scaling/video_parts_m7g_large_libvpx-vp9
[22:05:32.198] [R13-P01] Instance i-039757dd4c679f104 launched, waiting...
[22:05:32.254] [R13-P08] Instance i-060415b18c81f4624 launched, waiting...
[22:05:32.259] [R13-P09] Instance i-073029f5f6407f5bd launched, waiting...
[22:05:32.291] [R13-P04] Instance i-0152833c6061adeaf launched, waiting...
[22:05:32.295] [R13-P05] Instance i-05c1efb43dde49356 launched, waiting...
[22:05:32.297] [R13-P02] Instance i-0f130e5240770a185 launched, waiting...
[22:05:32.298] [R13-P06] Instance i-02ef9add3a8fb9d8e launched, waiting...
[22:05:32.367] [R13-P07] Instance i-06b6169b2f0b86e5d launched, waiting...
[22:05:32.369] [R13-P03] Instance i-0bd878059cf96f163 launched, waiting...
[22:05:35.897] [R13-P00] Instance i-0e33d727db9eefe3f launched, waiting...
[22:05:48.317] [R13-P01] Instance ready. IP: 3.87.253.155
[22:05:48.388] [R13-P02] Instance ready. IP: 35.153.170.207
[22:05:48.391] [R13-P09] Instance ready. IP: 34.238.171.88
[22:05:48.392] [R13-P08] Instance ready. IP: 98.83.142.116
[22:05:48.406] [R13-P04] Instance ready. IP: 54.167.228.246
[22:05:48.482] [R13-P05] Instance ready. IP: 204.236.246.129
[22:05:48.483] [R13-P07] Instance ready. IP: 54.173.94.33
[22:05:49.508] [R13-P03] Instance ready. IP: 54.198.88.108
[22:05:49.581] [R13-P06] Instance ready. IP: 98.81.136.161
[22:05:52.329] [R13-P00] Instance ready. IP: 54.210.61.47
[22:06:14.968] [R13-P09] SSH connected.
[22:06:15.121] [R13-P04] SSH connected.
[22:06:15.121] [R13-P05] SSH connected.
[22:06:15.122] [R13-P08] SSH connected.
[22:06:15.123] [R13-P07] SSH connected.
[22:06:15.485] [R13-P02] SSH connected.
[22:06:15.502] [R13-P01] SSH connected.
[22:06:16.111] [R13-P03] SSH connected.
[22:06:16.187] [R13-P08] Waiting for SFTP slot...
[22:06:16.228] [R13-P07] Waiting for SFTP slot...
[22:06:16.322] [R13-P06] SSH connected.
[22:06:16.322] [R13-P09] Waiting for SFTP slot...
[22:06:16.324] [R13-P04] Waiting for SFTP slot...
[22:06:16.402] [R13-P02] Waiting for SFTP slot...
[22:06:16.404] [R13-P01] Waiting for SFTP slot...
[22:06:16.476] [R13-P05] Waiting for SFTP slot...
[22:06:17.276] [R13-P03] Waiting for SFTP slot...
[22:06:17.758] [R13-P06] Waiting for SFTP slot...
[22:06:18.614] [R13-P00] SSH connected.
[22:06:19.970] [R13-P00] Waiting for SFTP slot...
[22:06:36.841] [R13-P08] Uploading segment...
[22:06:37.086] [R13-P07] Uploading segment...
[22:06:37.845] [R13-P09] Uploading segment...
[22:06:38.160] [R13-P04] Uploading segment...
[22:06:39.438] [R13-P02] Uploading segment...
[22:06:39.864] [R13-P07] Running compression...
[22:06:39.865] [R13-P01] Uploading segment...
[22:06:40.294] [R13-P05] Uploading segment...
[22:06:41.305] [R13-P04] Running compression...
[22:06:41.305] [R13-P03] Uploading segment...
[22:06:41.323] [R13-P06] Uploading segment...
[22:06:41.932] [R13-P00] Uploading segment...
[22:06:44.506] [R13-P08] Running compression...
[22:06:44.740] [R13-P01] Running compression...
[22:06:45.198] [R13-P06] Running compression...
[22:06:45.753] [R13-P03] Running compression...
[22:06:45.995] [R13-P09] Running compression...
[22:06:46.789] [R13-P05] Running compression...
[22:06:47.027] [R13-P02] Running compression...
[22:06:47.974] [R13-P00] Running compression...
[22:07:12.452] [R13-P01] Done! (103.3s)
[22:07:13.747] [R13-P01] Instance terminated.
[22:07:15.820] [R13-P09] Done! (106.6s)
[22:07:16.244] [R13-P07] Done! (107.1s)
[22:07:17.412] [R13-P09] Instance terminated.
[22:07:17.539] [R13-P04] Done! (108.4s)
[22:07:17.852] [R13-P07] Instance terminated.
[22:07:18.212] [R13-P05] Done! (109.0s)
[22:07:18.930] [R13-P04] Instance terminated.
[22:07:19.593] [R13-P05] Instance terminated.
[22:07:19.655] [R13-P08] Done! (110.5s)
[22:07:21.009] [R13-P08] Instance terminated.
[22:07:21.561] [R13-P03] Done! (112.4s)
[22:07:21.651] [R13-P06] Done! (112.5s)
[22:07:21.728] [R13-P02] Done! (112.6s)
[22:07:22.786] [R13-P03] Instance terminated.
[22:07:22.912] [R13-P02] Instance terminated.
[22:07:22.931] [R13-P06] Instance terminated.
[22:07:23.715] [R13-P00] Done! (114.6s)
[22:07:24.903] [R13-P00] Instance terminated.
[22:07:24.911] [m7g.large-Horiz-libvpx-vp9-R13] ============================================================
[22:07:24.912] [m7g.large-Horiz-libvpx-vp9-R13] RESULTS — 10x m7g.large Horizontal libvpx-vp9
[22:07:24.912] [m7g.large-Horiz-libvpx-vp9-R13]   Total Time:    115.79s (1.93 min)
[22:07:24.912] [m7g.large-Horiz-libvpx-vp9-R13] ============================================================
