[22:07:02.210] [m7g.large-Horiz-libvpx-vp9-R16] === Horizontal m7g.large libvpx-vp9 Run 16 ===
[22:07:02.210] [m7g.large-Horiz-libvpx-vp9-R16] Parts dir: /home/breno/doutorado/ec2sweetspot_noms2/artifacts2/phase3_scaling/video_parts_m7g_large_libvpx-vp9
[22:07:04.583] [R16-P01] Instance i-0873f75388ce3dc90 launched, waiting...
[22:07:04.586] [R16-P09] Instance i-0c58227bd8a7a34ef launched, waiting...
[22:07:04.590] [R16-P07] Instance i-0fd843b18d575533b launched, waiting...
[22:07:04.592] [R16-P05] Instance i-0993ea1bc374b6594 launched, waiting...
[22:07:04.596] [R16-P08] Instance i-008e08f9712a6ab6a launched, waiting...
[22:07:04.598] [R16-P04] Instance i-05bd596754af4946d launched, waiting...
[22:07:04.649] [R16-P06] Instance i-02cd0b08f751c9b1b launched, waiting...
[22:07:04.650] [R16-P00] Instance i-06212197756b32553 launched, waiting...
[22:07:04.671] [R16-P03] Instance i-0d1089ed4992c7afd launched, waiting...
[22:07:04.676] [R16-P02] Instance i-0ca26ecd316f0c82a launched, waiting...
[22:07:20.618] [R16-P09] Instance ready. IP: 35.173.181.212
[22:07:20.651] [R16-P04] Instance ready. IP: 13.221.123.212
[22:07:20.659] [R16-P05] Instance ready. IP: 54.210.154.206
[22:07:20.885] [R16-P06] Instance ready. IP: 54.92.177.105
[22:07:20.901] [R16-P02] Instance ready. IP: 100.30.218.123
[22:07:20.906] [R16-P03] Instance ready. IP: 54.161.40.207
[22:07:20.965] [R16-P08] Instance ready. IP: 34.229.50.57
[22:07:20.975] [R16-P01] Instance ready. IP: 34.201.169.62
[22:07:20.977] [R16-P07] Instance ready. IP: 13.217.50.216
[22:07:20.995] [R16-P00] Instance ready. IP: 98.83.133.74
[22:07:46.776] [R16-P05] SSH connected.
[22:07:46.777] [R16-P09] SSH connected.
[22:07:46.778] [R16-P04] SSH connected.
[22:07:46.791] [R16-P03] SSH connected.
[22:07:47.025] [R16-P06] SSH connected.
[22:07:47.046] [R16-P02] SSH connected.
[22:07:47.083] [R16-P07] SSH connected.
[22:07:47.089] [R16-P01] SSH connected.
[22:07:47.145] [R16-P08] SSH connected.
[22:07:47.189] [R16-P00] SSH connected.
[22:07:48.024] [R16-P03] Waiting for SFTP slot...
[22:07:48.024] [R16-P03] Uploading segment...
[22:07:48.066] [R16-P04] Waiting for SFTP slot...
[22:07:48.066] [R16-P04] Uploading segment...
[22:07:48.069] [R16-P05] Waiting for SFTP slot...
[22:07:48.069] [R16-P05] Uploading segment...
[22:07:48.103] [R16-P09] Waiting for SFTP slot...
[22:07:48.103] [R16-P09] Uploading segment...
[22:07:48.190] [R16-P07] Waiting for SFTP slot...
[22:07:48.190] [R16-P07] Uploading segment...
[22:07:48.255] [R16-P06] Waiting for SFTP slot...
[22:07:48.255] [R16-P06] Uploading segment...
[22:07:48.311] [R16-P02] Waiting for SFTP slot...
[22:07:48.312] [R16-P02] Uploading segment...
[22:07:48.342] [R16-P00] Waiting for SFTP slot...
[22:07:48.342] [R16-P00] Uploading segment...
[22:07:48.377] [R16-P08] Waiting for SFTP slot...
[22:07:48.377] [R16-P08] Uploading segment...
[22:07:48.427] [R16-P01] Waiting for SFTP slot...
[22:07:48.427] [R16-P01] Uploading segment...
[22:07:49.909] [R16-P03] Running compression...
[22:07:52.684] [R16-P05] Running compression...
[22:07:53.594] [R16-P04] Running compression...
[22:07:53.843] [R16-P09] Running compression...
[22:07:53.848] [R16-P07] Running compression...
[22:07:53.986] [R16-P06] Running compression...
[22:07:54.823] [R16-P08] Running compression...
[22:07:54.832] [R16-P00] Running compression...
[22:07:55.042] [R16-P01] Running compression...
[22:07:55.072] [R16-P02] Running compression...
[22:08:23.008] [R16-P01] Done! (80.8s)
[22:08:23.624] [R16-P01] Instance terminated.
[22:08:24.093] [R16-P05] Done! (81.8s)
[22:08:24.722] [R16-P05] Instance terminated.
[22:08:25.025] [R16-P09] Done! (82.7s)
[22:08:25.606] [R16-P09] Instance terminated.
[22:08:27.537] [R16-P03] Done! (85.3s)
[22:08:28.166] [R16-P03] Instance terminated.
[22:08:29.708] [R16-P08] Done! (87.4s)
[22:08:29.793] [R16-P04] Done! (87.5s)
[22:08:29.819] [R16-P02] Done! (87.6s)
[22:08:30.128] [R16-P06] Done! (87.9s)
[22:08:30.785] [R16-P08] Instance terminated.
[22:08:30.921] [R16-P02] Instance terminated.
[22:08:30.933] [R16-P04] Instance terminated.
[22:08:31.162] [R16-P07] Done! (88.9s)
[22:08:31.282] [R16-P00] Done! (89.1s)
[22:08:31.483] [R16-P06] Instance terminated.
[22:08:32.286] [R16-P07] Instance terminated.
[22:08:32.475] [R16-P00] Instance terminated.
[22:08:32.477] [m7g.large-Horiz-libvpx-vp9-R16] ============================================================
[22:08:32.477] [m7g.large-Horiz-libvpx-vp9-R16] RESULTS — 10x m7g.large Horizontal libvpx-vp9
[22:08:32.477] [m7g.large-Horiz-libvpx-vp9-R16]   Total Time:    90.27s (1.50 min)
[22:08:32.478] [m7g.large-Horiz-libvpx-vp9-R16] ============================================================
