[22:00:43.736] [m7g.large-Horiz-libvpx-vp9-R05] === Horizontal m7g.large libvpx-vp9 Run 5 ===
[22:00:43.741] [m7g.large-Horiz-libvpx-vp9-R05] Parts dir: /home/breno/doutorado/ec2sweetspot_noms2/artifacts2/phase3_scaling/video_parts_m7g_large_libvpx-vp9
[22:00:52.258] [R05-P01] Instance i-034e958d4edc90bdd launched, waiting...
[22:00:52.276] [R05-P06] Instance i-0ea5fa9cf2aeaa122 launched, waiting...
[22:00:52.309] [R05-P07] Instance i-00a142d7a1cfd63bb launched, waiting...
[22:01:06.800] [R05-P00] ERROR: An error occurred (RequestLimitExceeded) when calling the RunInstances operation (reached max retries: 4): Request limit exceeded. Account 460964766037 has been throttled on ec2:RunInstances because it exceeded its request rate limit.
[22:01:08.356] [R05-P03] ERROR: An error occurred (RequestLimitExceeded) when calling the RunInstances operation (reached max retries: 4): Request limit exceeded. Account 460964766037 has been throttled on ec2:RunInstances because it exceeded its request rate limit.
[22:01:11.756] [R05-P05] ERROR: An error occurred (RequestLimitExceeded) when calling the RunInstances operation (reached max retries: 4): Request limit exceeded. Account 460964766037 has been throttled on ec2:RunInstances because it exceeded its request rate limit.
[22:01:11.898] [R05-P07] Instance ready. IP: 52.90.121.214
[22:01:11.928] [R05-P06] Instance ready. IP: 98.83.213.71
[22:01:11.952] [R05-P01] Instance ready. IP: 54.145.93.192
[22:01:12.708] [R05-P09] ERROR: An error occurred (RequestLimitExceeded) when calling the RunInstances operation (reached max retries: 4): Request limit exceeded. Account 460964766037 has been throttled on ec2:RunInstances because it exceeded its request rate limit.
[22:01:12.978] [R05-P04] Instance i-013df1fb836c6e37f launched, waiting...
[22:01:13.937] [R05-P02] ERROR: An error occurred (RequestLimitExceeded) when calling the RunInstances operation (reached max retries: 4): Request limit exceeded. Account 460964766037 has been throttled on ec2:RunInstances because it exceeded its request rate limit.
[22:01:14.017] [R05-P08] ERROR: An error occurred (RequestLimitExceeded) when calling the RunInstances operation (reached max retries: 4): Request limit exceeded. Account 460964766037 has been throttled on ec2:RunInstances because it exceeded its request rate limit.
[22:01:28.773] [R05-P04] Instance ready. IP: 54.172.122.85
[22:01:38.432] [R05-P07] SSH connected.
[22:01:38.432] [R05-P01] SSH connected.
[22:01:38.466] [R05-P06] SSH connected.
[22:01:39.694] [R05-P01] Waiting for SFTP slot...
[22:01:39.695] [R05-P01] Uploading segment...
[22:01:39.917] [R05-P07] Waiting for SFTP slot...
[22:01:39.918] [R05-P07] Uploading segment...
[22:01:39.949] [R05-P06] Waiting for SFTP slot...
[22:01:39.950] [R05-P06] Uploading segment...
[22:01:42.629] [R05-P07] Running compression...
[22:01:43.724] [R05-P06] Running compression...
[22:01:45.353] [R05-P01] Running compression...
[22:01:56.881] [R05-P04] SSH connected.
[22:01:59.594] [R05-P04] Waiting for SFTP slot...
[22:02:13.429] [R05-P01] Done! (84.0s)
[22:02:14.484] [R05-P01] Instance terminated.
[22:02:19.823] [R05-P06] Done! (90.8s)
[22:02:20.509] [R05-P04] Uploading segment...
[22:02:20.787] [R05-P07] Done! (91.5s)
[22:02:21.865] [R05-P06] Instance terminated.
[22:02:22.166] [R05-P07] Instance terminated.
[22:02:32.000] [R05-P04] Running compression...
[22:03:07.537] [R05-P04] Done! (136.2s)
[22:03:09.751] [R05-P04] Instance terminated.
[22:20:22.268] [m7g.large-Horiz-libvpx-vp9-R05] === Horizontal m7g.large libvpx-vp9 Run 5 ===
[22:20:22.268] [m7g.large-Horiz-libvpx-vp9-R05] Parts dir: /home/breno/doutorado/ec2sweetspot_noms2/artifacts2/phase3_scaling/video_parts_m7g_large_libvpx-vp9
[22:20:24.561] [R05-P02] Instance i-0481d67b0cf705281 launched, waiting...
[22:20:24.593] [R05-P07] Instance i-0b898871a1a6b09d0 launched, waiting...
[22:20:24.600] [R05-P04] Instance i-0babb070b505344f0 launched, waiting...
[22:20:24.602] [R05-P03] Instance i-09db27d2040659bdc launched, waiting...
[22:20:24.604] [R05-P01] Instance i-03957128cda55bb3b launched, waiting...
[22:20:24.623] [R05-P08] Instance i-073806e2e7e0b7dbf launched, waiting...
[22:20:24.647] [R05-P05] Instance i-0755423121f87ed5a launched, waiting...
[22:20:24.654] [R05-P09] Instance i-0c2a95f70ecdd4210 launched, waiting...
[22:20:24.676] [R05-P06] Instance i-048acb6c7f92d2e1d launched, waiting...
[22:20:24.833] [R05-P00] Instance i-014bae33474556c3f launched, waiting...
[22:20:40.372] [R05-P02] Instance ready. IP: 3.90.10.119
[22:20:40.389] [R05-P01] Instance ready. IP: 3.89.3.186
[22:20:40.408] [R05-P07] Instance ready. IP: 3.86.48.90
[22:20:40.413] [R05-P04] Instance ready. IP: 34.229.160.229
[22:20:40.430] [R05-P08] Instance ready. IP: 52.71.254.237
[22:20:40.454] [R05-P03] Instance ready. IP: 50.16.178.205
[22:20:40.481] [R05-P05] Instance ready. IP: 54.175.104.91
[22:20:40.542] [R05-P06] Instance ready. IP: 18.232.64.87
[22:20:40.543] [R05-P09] Instance ready. IP: 3.94.118.212
[22:20:40.608] [R05-P00] Instance ready. IP: 54.162.44.154
[22:21:06.517] [R05-P00] SSH connected.
[22:21:06.696] [R05-P08] SSH connected.
[22:21:06.704] [R05-P07] SSH connected.
[22:21:06.706] [R05-P02] SSH connected.
[22:21:06.706] [R05-P04] SSH connected.
[22:21:06.707] [R05-P01] SSH connected.
[22:21:06.825] [R05-P05] SSH connected.
[22:21:06.825] [R05-P06] SSH connected.
[22:21:06.835] [R05-P03] SSH connected.
[22:21:06.890] [R05-P09] SSH connected.
[22:21:07.671] [R05-P00] Waiting for SFTP slot...
[22:21:07.671] [R05-P00] Uploading segment...
[22:21:07.971] [R05-P07] Waiting for SFTP slot...
[22:21:07.972] [R05-P07] Uploading segment...
[22:21:07.996] [R05-P03] Waiting for SFTP slot...
[22:21:07.996] [R05-P03] Uploading segment...
[22:21:08.016] [R05-P02] Waiting for SFTP slot...
[22:21:08.016] [R05-P02] Uploading segment...
[22:21:08.034] [R05-P01] Waiting for SFTP slot...
[22:21:08.034] [R05-P01] Uploading segment...
[22:21:08.057] [R05-P08] Waiting for SFTP slot...
[22:21:08.057] [R05-P08] Uploading segment...
[22:21:08.081] [R05-P06] Waiting for SFTP slot...
[22:21:08.081] [R05-P06] Uploading segment...
[22:21:08.176] [R05-P04] Waiting for SFTP slot...
[22:21:08.176] [R05-P04] Uploading segment...
[22:21:08.189] [R05-P09] Waiting for SFTP slot...
[22:21:08.189] [R05-P09] Uploading segment...
[22:21:08.363] [R05-P05] Waiting for SFTP slot...
[22:21:08.363] [R05-P05] Uploading segment...
[22:21:09.353] [R05-P00] Running compression...
[22:21:11.979] [R05-P03] Running compression...
[22:21:12.255] [R05-P09] Running compression...
[22:21:12.676] [R05-P08] Running compression...
[22:21:12.808] [R05-P07] Running compression...
[22:21:13.380] [R05-P05] Running compression...
[22:21:13.475] [R05-P04] Running compression...
[22:21:13.805] [R05-P06] Running compression...
[22:21:14.210] [R05-P02] Running compression...
[22:21:14.210] [R05-P01] Running compression...
[22:21:43.397] [R05-P01] Done! (80.9s)
[22:21:43.532] [R05-P05] Done! (80.8s)
[22:21:43.690] [R05-P09] Done! (81.0s)
[22:21:43.958] [R05-P01] Instance terminated.
[22:21:44.061] [R05-P05] Instance terminated.
[22:21:44.297] [R05-P09] Instance terminated.
[22:21:45.806] [R05-P00] Done! (83.1s)
[22:21:46.358] [R05-P00] Instance terminated.
[22:21:48.424] [R05-P04] Done! (85.7s)
[22:21:48.517] [R05-P08] Done! (85.8s)
[22:21:49.030] [R05-P02] Done! (86.5s)
[22:21:49.397] [R05-P07] Done! (86.7s)
[22:21:49.462] [R05-P04] Instance terminated.
[22:21:49.580] [R05-P08] Instance terminated.
[22:21:49.738] [R05-P03] Done! (87.0s)
[22:21:50.058] [R05-P06] Done! (87.3s)
[22:21:50.081] [R05-P02] Instance terminated.
[22:21:50.446] [R05-P07] Instance terminated.
[22:21:50.752] [R05-P03] Instance terminated.
[22:21:51.173] [R05-P06] Instance terminated.
[22:21:51.175] [m7g.large-Horiz-libvpx-vp9-R05] ============================================================
[22:21:51.176] [m7g.large-Horiz-libvpx-vp9-R05] RESULTS — 10x m7g.large Horizontal libvpx-vp9
[22:21:51.176] [m7g.large-Horiz-libvpx-vp9-R05]   Total Time:    88.91s (1.48 min)
[22:21:51.176] [m7g.large-Horiz-libvpx-vp9-R05] ============================================================
