[22:03:59.027] [m7g.large-Horiz-libx264-R12] === Horizontal m7g.large libx264 Run 12 ===
[22:03:59.027] [m7g.large-Horiz-libx264-R12] Parts dir: /home/breno/doutorado/ec2sweetspot_noms2/artifacts2/phase3_scaling/video_parts_m7g_large_libx264
[22:04:02.452] [R12-P06] Instance i-08b06f571f03893e2 launched, waiting...
[22:04:02.456] [R12-P03] Instance i-044cf48c1bdcfd245 launched, waiting...
[22:04:02.462] [R12-P07] Instance i-03a1bfbcc045c2ef6 launched, waiting...
[22:04:02.465] [R12-P04] Instance i-0894b1b1c58db6dea launched, waiting...
[22:04:02.499] [R12-P08] Instance i-06b13af4a2c369b9f launched, waiting...
[22:04:02.503] [R12-P00] Instance i-00cf7ba4960a52e79 launched, waiting...
[22:04:02.533] [R12-P05] Instance i-0dd5ea6772de85048 launched, waiting...
[22:04:02.537] [R12-P02] Instance i-0d68b45d5c6f1351c launched, waiting...
[22:04:02.753] [R12-P09] Instance i-01b377e19407b8032 launched, waiting...
[22:04:05.208] [R12-P01] Instance i-07de48cc6de290aec launched, waiting...
[22:04:18.606] [R12-P07] Instance ready. IP: 54.162.58.176
[22:04:18.608] [R12-P03] Instance ready. IP: 98.91.233.75
[22:04:18.659] [R12-P08] Instance ready. IP: 34.227.81.92
[22:04:18.722] [R12-P02] Instance ready. IP: 3.81.95.132
[22:04:18.743] [R12-P00] Instance ready. IP: 13.222.196.232
[22:04:18.763] [R12-P09] Instance ready. IP: 18.212.151.116
[22:04:18.835] [R12-P06] Instance ready. IP: 32.194.86.25
[22:04:18.836] [R12-P04] Instance ready. IP: 13.216.242.58
[22:04:18.964] [R12-P05] Instance ready. IP: 34.207.75.71
[22:04:21.869] [R12-P01] Instance ready. IP: 54.196.12.188
[22:04:46.426] [R12-P07] SSH connected.
[22:04:46.431] [R12-P09] SSH connected.
[22:04:46.528] [R12-P03] SSH connected.
[22:04:46.529] [R12-P02] SSH connected.
[22:04:46.566] [R12-P08] SSH connected.
[22:04:46.620] [R12-P00] SSH connected.
[22:04:46.772] [R12-P06] SSH connected.
[22:04:47.028] [R12-P05] SSH connected.
[22:04:47.032] [R12-P04] SSH connected.
[22:04:48.109] [R12-P07] Waiting for SFTP slot...
[22:04:48.297] [R12-P06] Waiting for SFTP slot...
[22:04:48.367] [R12-P09] Waiting for SFTP slot...
[22:04:48.367] [R12-P03] Waiting for SFTP slot...
[22:04:48.367] [R12-P00] Waiting for SFTP slot...
[22:04:48.468] [R12-P02] Waiting for SFTP slot...
[22:04:48.476] [R12-P08] Waiting for SFTP slot...
[22:04:48.673] [R12-P05] Waiting for SFTP slot...
[22:04:48.755] [R12-P04] Waiting for SFTP slot...
[22:04:49.036] [R12-P01] SSH connected.
[22:04:50.666] [R12-P01] Waiting for SFTP slot...
[22:05:36.562] [R12-P07] Uploading segment...
[22:05:38.195] [R12-P06] Uploading segment...
[22:05:39.472] [R12-P09] Uploading segment...
[22:05:39.833] [R12-P03] Uploading segment...
[22:05:40.269] [R12-P00] Uploading segment...
[22:05:40.815] [R12-P02] Uploading segment...
[22:05:43.014] [R12-P08] Uploading segment...
[22:05:43.394] [R12-P05] Uploading segment...
[22:05:43.800] [R12-P04] Uploading segment...
[22:05:43.989] [R12-P09] Running compression...
[22:05:43.989] [R12-P01] Uploading segment...
[22:05:46.224] [R12-P07] Running compression...
[22:05:46.322] [R12-P03] Running compression...
[22:05:48.570] [R12-P06] Running compression...
[22:05:49.152] [R12-P08] Running compression...
[22:05:50.149] [R12-P00] Running compression...
[22:05:50.895] [R12-P09] Done! (111.8s)
[22:05:50.926] [R12-P01] Running compression...
[22:05:51.627] [R12-P05] Running compression...
[22:05:52.681] [R12-P04] Running compression...
[22:05:52.922] [R12-P09] Instance terminated.
[22:05:53.366] [R12-P02] Running compression...
[22:05:53.832] [R12-P07] Done! (114.7s)
[22:05:56.357] [R12-P07] Instance terminated.
[22:05:56.486] [R12-P08] Done! (117.4s)
[22:05:57.413] [R12-P03] Done! (118.4s)
[22:05:57.415] [R12-P01] Done! (118.4s)
[22:05:59.966] [R12-P04] Done! (120.9s)
[22:06:00.390] [R12-P06] Done! (121.3s)
[22:06:02.411] [R12-P02] Done! (123.4s)
[22:06:02.581] [R12-P01] Instance terminated.
[22:06:02.605] [R12-P04] Instance terminated.
[22:06:02.608] [R12-P08] Instance terminated.
[22:06:02.617] [R12-P03] Instance terminated.
[22:06:02.687] [R12-P06] Instance terminated.
[22:06:02.811] [R12-P05] Done! (123.7s)
[22:06:04.144] [R12-P02] Instance terminated.
[22:06:04.301] [R12-P05] Instance terminated.
[22:06:13.539] [R12-P00] Done! (134.5s)
[22:06:14.990] [R12-P00] Instance terminated.
[22:06:14.993] [m7g.large-Horiz-libx264-R12] ============================================================
[22:06:14.993] [m7g.large-Horiz-libx264-R12] RESULTS — 10x m7g.large Horizontal libx264
[22:06:14.993] [m7g.large-Horiz-libx264-R12]   Total Time:    135.97s (2.27 min)
[22:06:14.993] [m7g.large-Horiz-libx264-R12] ============================================================
