[22:06:09.870] [m7g.large-Horiz-libvpx-vp9-R15] === Horizontal m7g.large libvpx-vp9 Run 15 ===
[22:06:09.870] [m7g.large-Horiz-libvpx-vp9-R15] Parts dir: /home/breno/doutorado/ec2sweetspot_noms2/artifacts2/phase3_scaling/video_parts_m7g_large_libvpx-vp9
[22:06:12.559] [R15-P01] Instance i-0684e50e647f83a3a launched, waiting...
[22:06:12.697] [R15-P08] Instance i-0be08b141f36f17d1 launched, waiting...
[22:06:16.053] [R15-P05] Instance i-0ba438fe9ac00b8be launched, waiting...
[22:06:16.190] [R15-P09] Instance i-0e5c1d361a94917d7 launched, waiting...
[22:06:16.372] [R15-P06] Instance i-05bde809ecdd03130 launched, waiting...
[22:06:16.771] [R15-P04] Instance i-03e6f5a05d87458d7 launched, waiting...
[22:06:17.930] [R15-P00] Instance i-014aacbebd210bd2a launched, waiting...
[22:06:19.002] [R15-P03] Instance i-0f926e16b99854def launched, waiting...
[22:06:28.822] [R15-P08] Instance ready. IP: 18.207.194.176
[22:06:29.573] [R15-P01] Instance ready. IP: 54.175.79.126
[22:06:31.712] [R15-P02] ERROR: An error occurred (RequestLimitExceeded) when calling the RunInstances operation (reached max retries: 4): Request limit exceeded. Account 460964766037 has been throttled on ec2:RunInstances because it exceeded its request rate limit.
[22:06:32.543] [R15-P09] Instance ready. IP: 34.204.87.242
[22:06:32.851] [R15-P04] Instance ready. IP: 13.223.78.198
[22:06:32.863] [R15-P06] Instance ready. IP: 54.209.40.225
[22:06:33.156] [R15-P05] Instance ready. IP: 100.54.226.151
[22:06:34.242] [R15-P00] Instance ready. IP: 3.90.21.176
[22:06:35.621] [R15-P03] Instance ready. IP: 100.30.225.243
[22:06:36.408] [R15-P07] ERROR: An error occurred (RequestLimitExceeded) when calling the RunInstances operation (reached max retries: 4): Request limit exceeded. Account 460964766037 has been throttled on ec2:RunInstances because it exceeded its request rate limit.
[22:06:55.364] [R15-P08] SSH connected.
[22:06:56.169] [R15-P01] SSH connected.
[22:06:56.458] [R15-P08] Waiting for SFTP slot...
[22:06:57.758] [R15-P01] Waiting for SFTP slot...
[22:06:59.075] [R15-P09] SSH connected.
[22:06:59.671] [R15-P04] SSH connected.
[22:06:59.672] [R15-P06] SSH connected.
[22:06:59.995] [R15-P05] SSH connected.
[22:07:00.644] [R15-P09] Waiting for SFTP slot...
[22:07:00.862] [R15-P08] Uploading segment...
[22:07:01.005] [R15-P04] Waiting for SFTP slot...
[22:07:01.014] [R15-P00] SSH connected.
[22:07:01.064] [R15-P06] Waiting for SFTP slot...
[22:07:01.214] [R15-P05] Waiting for SFTP slot...
[22:07:01.897] [R15-P01] Uploading segment...
[22:07:02.028] [R15-P03] SSH connected.
[22:07:02.485] [R15-P00] Waiting for SFTP slot...
[22:07:03.259] [R15-P09] Uploading segment...
[22:07:03.323] [R15-P03] Waiting for SFTP slot...
[22:07:03.372] [R15-P04] Uploading segment...
[22:07:04.852] [R15-P06] Uploading segment...
[22:07:06.367] [R15-P05] Uploading segment...
[22:07:07.194] [R15-P01] Running compression...
[22:07:08.061] [R15-P08] Running compression...
[22:07:08.633] [R15-P00] Uploading segment...
[22:07:09.577] [R15-P09] Running compression...
[22:07:12.884] [R15-P04] Running compression...
[22:07:14.382] [R15-P06] Running compression...
[22:07:14.388] [R15-P03] Uploading segment...
[22:07:14.444] [R15-P05] Running compression...
[22:07:17.657] [R15-P00] Running compression...
[22:07:22.056] [R15-P03] Running compression...
[22:07:35.443] [R15-P01] Done! (85.6s)
[22:07:36.031] [R15-P01] Instance terminated.
[22:07:39.439] [R15-P09] Done! (88.7s)
[22:07:41.163] [R15-P09] Instance terminated.
[22:07:42.742] [R15-P08] Done! (92.0s)
[22:07:43.863] [R15-P08] Instance terminated.
[22:07:44.369] [R15-P05] Done! (93.7s)
[22:07:45.357] [R15-P05] Instance terminated.
[22:07:49.275] [R15-P06] Done! (98.6s)
[22:07:49.531] [R15-P04] Done! (98.8s)
[22:07:50.591] [R15-P06] Instance terminated.
[22:07:50.753] [R15-P04] Instance terminated.
[22:07:55.192] [R15-P00] Done! (105.3s)
[22:07:56.421] [R15-P00] Instance terminated.
[22:07:58.102] [R15-P03] Done! (108.2s)
[22:07:59.290] [R15-P03] Instance terminated.
[22:21:51.176] [m7g.large-Horiz-libvpx-vp9-R15] === Horizontal m7g.large libvpx-vp9 Run 15 ===
[22:21:51.176] [m7g.large-Horiz-libvpx-vp9-R15] Parts dir: /home/breno/doutorado/ec2sweetspot_noms2/artifacts2/phase3_scaling/video_parts_m7g_large_libvpx-vp9
[22:21:53.137] [R15-P02] Instance i-0ca61003d4e3aa576 launched, waiting...
[22:21:53.197] [R15-P03] Instance i-01331690e9c303cab launched, waiting...
[22:21:53.208] [R15-P04] Instance i-01b5a330ba970749e launched, waiting...
[22:21:53.241] [R15-P01] Instance i-094454e7abc4c6ae4 launched, waiting...
[22:21:53.259] [R15-P06] Instance i-05654d6a24ade64ed launched, waiting...
[22:21:53.267] [R15-P00] Instance i-043aa7ae8edebee12 launched, waiting...
[22:21:53.365] [R15-P07] Instance i-0bc0c036f6df9a5e3 launched, waiting...
[22:21:53.383] [R15-P08] Instance i-0ed015ab89e293d8f launched, waiting...
[22:21:53.394] [R15-P09] Instance i-065b68877e100a91e launched, waiting...
[22:21:53.529] [R15-P05] Instance i-0a0b43d3af85ce463 launched, waiting...
[22:22:08.867] [R15-P02] Instance ready. IP: 3.81.77.175
[22:22:08.953] [R15-P03] Instance ready. IP: 100.54.206.215
[22:22:08.963] [R15-P04] Instance ready. IP: 54.92.251.149
[22:22:09.024] [R15-P01] Instance ready. IP: 18.232.101.101
[22:22:09.028] [R15-P06] Instance ready. IP: 54.173.3.160
[22:22:09.099] [R15-P00] Instance ready. IP: 54.174.39.56
[22:22:09.116] [R15-P07] Instance ready. IP: 52.90.147.6
[22:22:09.127] [R15-P08] Instance ready. IP: 3.87.126.129
[22:22:09.178] [R15-P09] Instance ready. IP: 98.91.217.203
[22:22:09.294] [R15-P05] Instance ready. IP: 34.227.83.106
[22:22:35.054] [R15-P02] SSH connected.
[22:22:35.202] [R15-P01] SSH connected.
[22:22:35.243] [R15-P04] SSH connected.
[22:22:35.245] [R15-P03] SSH connected.
[22:22:35.246] [R15-P06] SSH connected.
[22:22:35.320] [R15-P08] SSH connected.
[22:22:35.377] [R15-P00] SSH connected.
[22:22:35.382] [R15-P07] SSH connected.
[22:22:35.507] [R15-P09] SSH connected.
[22:22:35.620] [R15-P05] SSH connected.
[22:22:36.401] [R15-P01] Waiting for SFTP slot...
[22:22:36.403] [R15-P01] Uploading segment...
[22:22:36.526] [R15-P06] Waiting for SFTP slot...
[22:22:36.527] [R15-P02] Waiting for SFTP slot...
[22:22:36.529] [R15-P02] Uploading segment...
[22:22:36.528] [R15-P06] Uploading segment...
[22:22:36.668] [R15-P07] Waiting for SFTP slot...
[22:22:36.669] [R15-P07] Uploading segment...
[22:22:36.672] [R15-P04] Waiting for SFTP slot...
[22:22:36.693] [R15-P03] Waiting for SFTP slot...
[22:22:36.792] [R15-P09] Waiting for SFTP slot...
[22:22:36.844] [R15-P00] Waiting for SFTP slot...
[22:22:36.921] [R15-P04] Uploading segment...
[22:22:36.972] [R15-P03] Uploading segment...
[22:22:36.973] [R15-P08] Waiting for SFTP slot...
[22:22:37.017] [R15-P05] Waiting for SFTP slot...
[22:22:37.170] [R15-P09] Uploading segment...
[22:22:37.337] [R15-P00] Uploading segment...
[22:22:40.070] [R15-P08] Uploading segment...
[22:22:40.169] [R15-P01] Running compression...
[22:22:40.169] [R15-P05] Uploading segment...
[22:22:40.441] [R15-P06] Running compression...
[22:22:41.479] [R15-P07] Running compression...
[22:22:41.925] [R15-P02] Running compression...
[22:22:42.265] [R15-P03] Running compression...
[22:22:43.638] [R15-P04] Running compression...
[22:22:44.453] [R15-P08] Running compression...
[22:22:44.839] [R15-P00] Running compression...
[22:22:45.666] [R15-P05] Running compression...
[22:22:45.993] [R15-P09] Running compression...
[22:23:08.966] [R15-P01] Done! (77.8s)
[22:23:09.502] [R15-P01] Instance terminated.
[22:23:15.560] [R15-P05] Done! (84.3s)
[22:23:16.122] [R15-P05] Instance terminated.
[22:23:16.231] [R15-P06] Done! (85.0s)
[22:23:16.964] [R15-P09] Done! (85.4s)
[22:23:17.268] [R15-P06] Instance terminated.
[22:23:17.979] [R15-P07] Done! (86.5s)
[22:23:17.984] [R15-P09] Instance terminated.
[22:23:18.191] [R15-P02] Done! (87.0s)
[22:23:18.849] [R15-P03] Done! (87.6s)
[22:23:19.022] [R15-P07] Instance terminated.
[22:23:19.198] [R15-P02] Instance terminated.
[22:23:19.824] [R15-P08] Done! (88.3s)
[22:23:19.834] [R15-P04] Done! (88.6s)
[22:23:19.871] [R15-P03] Instance terminated.
[22:23:20.854] [R15-P04] Instance terminated.
[22:23:20.867] [R15-P08] Instance terminated.
[22:23:22.128] [R15-P00] Done! (90.9s)
[22:23:23.145] [R15-P00] Instance terminated.
[22:23:23.148] [m7g.large-Horiz-libvpx-vp9-R15] ============================================================
[22:23:23.148] [m7g.large-Horiz-libvpx-vp9-R15] RESULTS — 10x m7g.large Horizontal libvpx-vp9
[22:23:23.148] [m7g.large-Horiz-libvpx-vp9-R15]   Total Time:    91.97s (1.53 min)
[22:23:23.148] [m7g.large-Horiz-libvpx-vp9-R15] ============================================================
