[22:02:29.543] [m7g.large-Horiz-libvpx-vp9-R07] === Horizontal m7g.large libvpx-vp9 Run 7 ===
[22:02:29.544] [m7g.large-Horiz-libvpx-vp9-R07] Parts dir: /home/breno/doutorado/ec2sweetspot_noms2/artifacts2/phase3_scaling/video_parts_m7g_large_libvpx-vp9
[22:02:36.603] [R07-P07] Instance i-04692182b37824b37 launched, waiting...
[22:02:37.127] [R07-P08] Instance i-051b6ae4ebf906e74 launched, waiting...
[22:02:37.129] [R07-P02] Instance i-05d77bc1c6b9c3b9b launched, waiting...
[22:02:39.108] [R07-P01] Instance i-0e0122a5876b9722e launched, waiting...
[22:02:39.224] [R07-P06] Instance i-0a4091302b9791c1e launched, waiting...
[22:02:39.335] [R07-P03] Instance i-01b577f8bd8ea93de launched, waiting...
[22:02:39.417] [R07-P04] Instance i-0d1e13c8bd2fe7dba launched, waiting...
[22:02:39.499] [R07-P00] Instance i-0c461027fa3e7969b launched, waiting...
[22:02:42.166] [R07-P09] Instance i-00505b186df79b540 launched, waiting...
[22:02:43.406] [R07-P05] Instance i-02d96dc954ee98767 launched, waiting...
[22:02:52.744] [R07-P07] Instance ready. IP: 54.166.152.112
[22:02:53.192] [R07-P02] Instance ready. IP: 107.22.27.62
[22:02:53.465] [R07-P08] Instance ready. IP: 54.91.211.51
[22:02:55.137] [R07-P01] Instance ready. IP: 107.23.211.36
[22:02:55.279] [R07-P06] Instance ready. IP: 100.24.70.76
[22:02:55.346] [R07-P03] Instance ready. IP: 98.85.223.135
[22:02:55.347] [R07-P04] Instance ready. IP: 35.171.85.52
[22:02:55.403] [R07-P00] Instance ready. IP: 54.163.116.91
[22:02:58.243] [R07-P09] Instance ready. IP: 54.80.223.7
[22:02:59.676] [R07-P05] Instance ready. IP: 98.86.227.12
[22:03:19.659] [R07-P07] SSH connected.
[22:03:19.870] [R07-P02] SSH connected.
[22:03:20.012] [R07-P08] SSH connected.
[22:03:21.627] [R07-P02] Waiting for SFTP slot...
[22:03:21.844] [R07-P08] Waiting for SFTP slot...
[22:03:22.104] [R07-P01] SSH connected.
[22:03:22.238] [R07-P00] SSH connected.
[22:03:22.323] [R07-P07] Waiting for SFTP slot...
[22:03:22.323] [R07-P06] SSH connected.
[22:03:22.631] [R07-P03] SSH connected.
[22:03:22.632] [R07-P04] SSH connected.
[22:03:23.684] [R07-P01] Waiting for SFTP slot...
[22:03:24.017] [R07-P06] Waiting for SFTP slot...
[22:03:24.058] [R07-P00] Waiting for SFTP slot...
[22:03:24.339] [R07-P04] Waiting for SFTP slot...
[22:03:24.715] [R07-P03] Waiting for SFTP slot...
[22:03:25.624] [R07-P09] SSH connected.
[22:03:26.439] [R07-P05] SSH connected.
[22:03:26.749] [R07-P09] Waiting for SFTP slot...
[22:03:28.459] [R07-P05] Waiting for SFTP slot...
[22:03:38.857] [R07-P02] Uploading segment...
[22:03:39.622] [R07-P08] Uploading segment...
[22:03:39.653] [R07-P07] Uploading segment...
[22:03:39.744] [R07-P01] Uploading segment...
[22:03:40.794] [R07-P06] Uploading segment...
[22:03:41.963] [R07-P02] Running compression...
[22:03:41.964] [R07-P00] Uploading segment...
[22:03:42.177] [R07-P04] Uploading segment...
[22:03:45.459] [R07-P03] Uploading segment...
[22:03:48.197] [R07-P08] Running compression...
[22:03:48.370] [R07-P09] Uploading segment...
[22:03:48.439] [R07-P06] Running compression...
[22:03:48.502] [R07-P07] Running compression...
[22:03:48.502] [R07-P05] Uploading segment...
[22:03:48.677] [R07-P01] Running compression...
[22:03:49.824] [R07-P00] Running compression...
[22:03:52.244] [R07-P04] Running compression...
[22:03:55.566] [R07-P03] Running compression...
[22:03:59.621] [R07-P05] Running compression...
[22:04:00.420] [R07-P09] Running compression...
[22:04:16.296] [R07-P01] Done! (106.7s)
[22:04:16.981] [R07-P02] Done! (107.4s)
[22:04:19.035] [R07-P01] Instance terminated.
[22:04:19.474] [R07-P02] Instance terminated.
[22:04:22.580] [R07-P08] Done! (113.0s)
[22:04:23.975] [R07-P06] Done! (114.4s)
[22:04:24.244] [R07-P08] Instance terminated.
[22:04:24.815] [R07-P07] Done! (115.2s)
[22:04:25.657] [R07-P06] Instance terminated.
[22:04:26.347] [R07-P07] Instance terminated.
[22:04:27.125] [R07-P04] Done! (117.6s)
[22:04:27.472] [R07-P00] Done! (117.9s)
[22:04:29.263] [R07-P04] Instance terminated.
[22:04:29.355] [R07-P05] Done! (119.8s)
[22:04:30.380] [R07-P09] Done! (120.8s)
[22:04:30.475] [R07-P00] Instance terminated.
[22:04:30.820] [R07-P05] Instance terminated.
[22:04:31.624] [R07-P09] Instance terminated.
[22:04:33.860] [R07-P03] Done! (124.3s)
[22:04:35.617] [R07-P03] Instance terminated.
[22:04:35.619] [m7g.large-Horiz-libvpx-vp9-R07] ============================================================
[22:04:35.619] [m7g.large-Horiz-libvpx-vp9-R07] RESULTS — 10x m7g.large Horizontal libvpx-vp9
[22:04:35.619] [m7g.large-Horiz-libvpx-vp9-R07]   Total Time:    126.08s (2.10 min)
[22:04:35.620] [m7g.large-Horiz-libvpx-vp9-R07] ============================================================
