[22:13:47.846] [m7g.large-Horiz-libvpx-vp9-R30] === Horizontal m7g.large libvpx-vp9 Run 30 ===
[22:13:47.846] [m7g.large-Horiz-libvpx-vp9-R30] Parts dir: /home/breno/doutorado/ec2sweetspot_noms2/artifacts2/phase3_scaling/video_parts_m7g_large_libvpx-vp9
[22:13:51.260] [R30-P00] Instance i-0f03a4765e9ebb7cc launched, waiting...
[22:13:51.414] [R30-P04] Instance i-01f2a253cffc7780e launched, waiting...
[22:13:51.417] [R30-P08] Instance i-08e0ca99412dcad6f launched, waiting...
[22:13:51.418] [R30-P03] Instance i-07e98391dc28dc0e4 launched, waiting...
[22:13:52.119] [R30-P05] Instance i-0d8cf24c3bf5ec67d launched, waiting...
[22:13:52.295] [R30-P02] Instance i-014edae681948613c launched, waiting...
[22:13:52.297] [R30-P06] Instance i-0a992dc9cbd79308d launched, waiting...
[22:13:52.510] [R30-P09] Instance i-0c560daab9ba6de5f launched, waiting...
[22:13:55.064] [R30-P01] Instance i-062ae375620525396 launched, waiting...
[22:13:58.995] [R30-P07] Instance i-0c6d1774926dae693 launched, waiting...
[22:14:07.343] [R30-P00] Instance ready. IP: 100.31.254.123
[22:14:07.781] [R30-P08] Instance ready. IP: 52.204.81.73
[22:14:07.795] [R30-P04] Instance ready. IP: 34.230.48.124
[22:14:07.991] [R30-P03] Instance ready. IP: 100.30.211.74
[22:14:08.390] [R30-P06] Instance ready. IP: 52.90.198.43
[22:14:08.423] [R30-P02] Instance ready. IP: 54.164.165.138
[22:14:08.536] [R30-P05] Instance ready. IP: 34.204.84.170
[22:14:08.963] [R30-P09] Instance ready. IP: 3.81.114.213
[22:14:11.129] [R30-P01] Instance ready. IP: 54.166.237.123
[22:14:14.938] [R30-P07] Instance ready. IP: 3.85.24.105
[22:14:33.558] [R30-P00] SSH connected.
[22:14:33.959] [R30-P04] SSH connected.
[22:14:33.967] [R30-P08] SSH connected.
[22:14:34.287] [R30-P03] SSH connected.
[22:14:34.704] [R30-P02] SSH connected.
[22:14:34.704] [R30-P06] SSH connected.
[22:14:34.801] [R30-P05] SSH connected.
[22:14:35.131] [R30-P00] Waiting for SFTP slot...
[22:14:35.131] [R30-P00] Uploading segment...
[22:14:35.242] [R30-P09] SSH connected.
[22:14:35.268] [R30-P04] Waiting for SFTP slot...
[22:14:35.268] [R30-P04] Uploading segment...
[22:14:35.325] [R30-P08] Waiting for SFTP slot...
[22:14:35.326] [R30-P08] Uploading segment...
[22:14:35.531] [R30-P03] Waiting for SFTP slot...
[22:14:35.532] [R30-P03] Uploading segment...
[22:14:36.145] [R30-P06] Waiting for SFTP slot...
[22:14:36.146] [R30-P06] Uploading segment...
[22:14:36.178] [R30-P02] Waiting for SFTP slot...
[22:14:36.179] [R30-P02] Uploading segment...
[22:14:36.766] [R30-P05] Waiting for SFTP slot...
[22:14:36.938] [R30-P09] Waiting for SFTP slot...
[22:14:37.833] [R30-P05] Uploading segment...
[22:14:37.967] [R30-P01] SSH connected.
[22:14:40.023] [R30-P09] Uploading segment...
[22:14:40.148] [R30-P01] Waiting for SFTP slot...
[22:14:41.396] [R30-P07] SSH connected.
[22:14:43.227] [R30-P07] Waiting for SFTP slot...
[22:14:43.490] [R30-P00] Running compression...
[22:14:43.545] [R30-P08] Running compression...
[22:14:44.522] [R30-P02] Running compression...
[22:14:44.523] [R30-P01] Uploading segment...
[22:14:45.273] [R30-P03] Running compression...
[22:14:45.274] [R30-P07] Uploading segment...
[22:14:45.404] [R30-P04] Running compression...
[22:14:45.596] [R30-P06] Running compression...
[22:14:46.712] [R30-P05] Running compression...
[22:14:47.129] [R30-P09] Running compression...
[22:14:50.843] [R30-P01] Running compression...
[22:14:51.370] [R30-P07] Running compression...
[22:15:16.835] [R30-P05] Done! (88.9s)
[22:15:17.860] [R30-P05] Instance terminated.
[22:15:18.370] [R30-P01] Done! (90.5s)
[22:15:18.485] [R30-P08] Done! (90.6s)
[22:15:18.581] [R30-P09] Done! (90.7s)
[22:15:19.414] [R30-P01] Instance terminated.
[22:15:19.504] [R30-P08] Instance terminated.
[22:15:19.607] [R30-P09] Instance terminated.
[22:15:20.120] [R30-P02] Done! (92.3s)
[22:15:20.362] [R30-P06] Done! (92.5s)
[22:15:20.802] [R30-P00] Done! (92.9s)
[22:15:21.173] [R30-P03] Done! (93.3s)
[22:15:21.206] [R30-P02] Instance terminated.
[22:15:21.245] [R30-P04] Done! (93.4s)
[22:15:21.376] [R30-P06] Instance terminated.
[22:15:21.860] [R30-P00] Instance terminated.
[22:15:22.259] [R30-P04] Instance terminated.
[22:15:22.273] [R30-P03] Instance terminated.
[22:15:29.535] [R30-P07] Done! (101.6s)
[22:15:30.569] [R30-P07] Instance terminated.
[22:15:30.572] [m7g.large-Horiz-libvpx-vp9-R30] ============================================================
[22:15:30.572] [m7g.large-Horiz-libvpx-vp9-R30] RESULTS — 10x m7g.large Horizontal libvpx-vp9
[22:15:30.572] [m7g.large-Horiz-libvpx-vp9-R30]   Total Time:    102.73s (1.71 min)
[22:15:30.572] [m7g.large-Horiz-libvpx-vp9-R30] ============================================================
