[22:02:23.261] [m7g.large-Horiz-libvpx-vp9-R06] === Horizontal m7g.large libvpx-vp9 Run 6 ===
[22:02:23.261] [m7g.large-Horiz-libvpx-vp9-R06] Parts dir: /home/breno/doutorado/ec2sweetspot_noms2/artifacts2/phase3_scaling/video_parts_m7g_large_libvpx-vp9
[22:02:25.820] [R06-P01] Instance i-0a52df5074790b81d launched, waiting...
[22:02:25.856] [R06-P06] Instance i-06e136bc06072bc63 launched, waiting...
[22:02:28.222] [R06-P07] Instance i-07fa6440fd2dbf7b1 launched, waiting...
[22:02:30.364] [R06-P05] Instance i-0bb14df6216aef83b launched, waiting...
[22:02:30.367] [R06-P04] Instance i-0b2ca90625a0d0f91 launched, waiting...
[22:02:30.536] [R06-P03] Instance i-0743662ab0ffeb8fe launched, waiting...
[22:02:30.577] [R06-P00] Instance i-0d048ea9a1486a9d6 launched, waiting...
[22:02:39.480] [R06-P02] Instance i-02facc77f8dc8009c launched, waiting...
[22:02:41.800] [R06-P06] Instance ready. IP: 52.90.227.5
[22:02:41.866] [R06-P08] Instance i-0561938003cb66e84 launched, waiting...
[22:02:41.931] [R06-P01] Instance ready. IP: 50.19.44.202
[22:02:44.558] [R06-P07] Instance ready. IP: 54.174.115.240
[22:02:46.503] [R06-P03] Instance ready. IP: 18.234.72.205
[22:02:46.508] [R06-P04] Instance ready. IP: 54.173.133.255
[22:02:46.677] [R06-P05] Instance ready. IP: 3.81.116.20
[22:02:47.252] [R06-P09] Instance i-0ba0d9169696b12a9 launched, waiting...
[22:02:47.897] [R06-P00] Instance ready. IP: 54.88.164.32
[22:02:55.360] [R06-P02] Instance ready. IP: 54.81.38.216
[22:02:57.859] [R06-P08] Instance ready. IP: 3.85.75.214
[22:03:06.535] [R06-P09] Instance ready. IP: 3.82.27.61
[22:03:09.458] [R06-P06] SSH connected.
[22:03:09.572] [R06-P01] SSH connected.
[22:03:11.757] [R06-P06] Waiting for SFTP slot...
[22:03:11.965] [R06-P01] Waiting for SFTP slot...
[22:03:13.687] [R06-P07] SSH connected.
[22:03:14.596] [R06-P03] SSH connected.
[22:03:14.620] [R06-P04] SSH connected.
[22:03:14.713] [R06-P05] SSH connected.
[22:03:15.264] [R06-P00] SSH connected.
[22:03:15.394] [R06-P07] Waiting for SFTP slot...
[22:03:16.188] [R06-P03] Waiting for SFTP slot...
[22:03:16.351] [R06-P04] Waiting for SFTP slot...
[22:03:16.449] [R06-P05] Waiting for SFTP slot...
[22:03:17.406] [R06-P00] Waiting for SFTP slot...
[22:03:19.390] [R06-P06] Uploading segment...
[22:03:19.565] [R06-P01] Uploading segment...
[22:03:20.033] [R06-P07] Uploading segment...
[22:03:22.632] [R06-P02] SSH connected.
[22:03:24.414] [R06-P02] Waiting for SFTP slot...
[22:03:25.180] [R06-P08] SSH connected.
[22:03:25.577] [R06-P06] Running compression...
[22:03:26.234] [R06-P01] Running compression...
[22:03:26.235] [R06-P03] Uploading segment...
[22:03:26.560] [R06-P04] Uploading segment...
[22:03:26.711] [R06-P08] Waiting for SFTP slot...
[22:03:29.448] [R06-P05] Uploading segment...
[22:03:30.633] [R06-P07] Running compression...
[22:03:33.675] [R06-P09] SSH connected.
[22:03:34.447] [R06-P00] Uploading segment...
[22:03:36.589] [R06-P09] Waiting for SFTP slot...
[22:03:37.815] [R06-P03] Running compression...
[22:03:38.857] [R06-P04] Running compression...
[22:03:39.622] [R06-P05] Running compression...
[22:03:43.593] [R06-P02] Uploading segment...
[22:03:45.459] [R06-P00] Running compression...
[22:03:48.198] [R06-P08] Uploading segment...
[22:03:51.341] [R06-P02] Running compression...
[22:03:53.936] [R06-P01] Done! (90.7s)
[22:03:56.227] [R06-P01] Instance terminated.
[22:03:57.793] [R06-P08] Running compression...
[22:03:59.621] [R06-P09] Uploading segment...
[22:04:00.423] [R06-P06] Done! (97.1s)
[22:04:02.298] [R06-P06] Instance terminated.
[22:04:08.187] [R06-P07] Done! (104.9s)
[22:04:10.223] [R06-P09] Running compression...
[22:04:10.668] [R06-P07] Instance terminated.
[22:04:11.046] [R06-P05] Done! (107.7s)
[22:04:13.165] [R06-P05] Instance terminated.
[22:04:14.298] [R06-P03] Done! (111.0s)
[22:04:14.780] [R06-P04] Done! (111.5s)
[22:04:16.293] [R06-P03] Instance terminated.
[22:04:17.125] [R06-P04] Instance terminated.
[22:04:21.532] [R06-P00] Done! (118.3s)
[22:04:24.399] [R06-P00] Instance terminated.
[22:04:28.071] [R06-P02] Done! (124.8s)
[22:04:29.714] [R06-P02] Instance terminated.
[22:04:33.082] [R06-P08] Done! (129.8s)
[22:04:34.385] [R06-P08] Instance terminated.
[22:04:41.878] [R06-P09] Done! (138.6s)
[22:04:43.769] [R06-P09] Instance terminated.
[22:04:43.772] [m7g.large-Horiz-libvpx-vp9-R06] ============================================================
[22:04:43.772] [m7g.large-Horiz-libvpx-vp9-R06] RESULTS — 10x m7g.large Horizontal libvpx-vp9
[22:04:43.772] [m7g.large-Horiz-libvpx-vp9-R06]   Total Time:    140.51s (2.34 min)
[22:04:43.772] [m7g.large-Horiz-libvpx-vp9-R06] ============================================================
