[22:06:30.515] [m7g.large-Horiz-libx264-R20] === Horizontal m7g.large libx264 Run 20 ===
[22:06:30.515] [m7g.large-Horiz-libx264-R20] Parts dir: /home/breno/doutorado/ec2sweetspot_noms2/artifacts2/phase3_scaling/video_parts_m7g_large_libx264
[22:06:33.039] [R20-P01] Instance i-0a4a40d834fb0f123 launched, waiting...
[22:06:33.083] [R20-P00] Instance i-05f30bc442ad38ef6 launched, waiting...
[22:06:33.116] [R20-P08] Instance i-0fed52c094a0de0e7 launched, waiting...
[22:06:38.589] [R20-P06] Instance i-03df167268f77ee3d launched, waiting...
[22:06:41.479] [R20-P03] Instance i-0f08d72a1b7adce88 launched, waiting...
[22:06:41.545] [R20-P05] Instance i-001d51bbd567b909d launched, waiting...
[22:06:42.812] [R20-P09] Instance i-0ba2aa85b05a8a2ba launched, waiting...
[22:06:44.887] [R20-P02] Instance i-0f7b5572e6bd92fa1 launched, waiting...
[22:06:46.722] [R20-P07] Instance i-004ec2f6189ff125f launched, waiting...
[22:06:49.197] [R20-P01] Instance ready. IP: 98.82.165.42
[22:06:49.294] [R20-P00] Instance ready. IP: 54.221.133.201
[22:06:49.377] [R20-P08] Instance ready. IP: 54.242.255.26
[22:06:49.995] [R20-P04] Instance i-0d007b8d905cedd81 launched, waiting...
[22:06:55.332] [R20-P06] Instance ready. IP: 34.201.221.203
[22:06:57.934] [R20-P03] Instance ready. IP: 174.129.83.92
[22:06:59.751] [R20-P09] Instance ready. IP: 35.153.53.144
[22:07:01.471] [R20-P02] Instance ready. IP: 100.55.76.229
[22:07:03.153] [R20-P07] Instance ready. IP: 52.201.249.99
[22:07:06.898] [R20-P04] Instance ready. IP: 54.175.190.210
[22:07:13.230] [R20-P05] Instance ready. IP: 54.91.28.127
[22:07:15.547] [R20-P01] SSH connected.
[22:07:15.601] [R20-P00] SSH connected.
[22:07:15.846] [R20-P08] SSH connected.
[22:07:17.156] [R20-P01] Waiting for SFTP slot...
[22:07:17.241] [R20-P00] Waiting for SFTP slot...
[22:07:17.435] [R20-P08] Waiting for SFTP slot...
[22:07:22.182] [R20-P06] SSH connected.
[22:07:23.561] [R20-P06] Waiting for SFTP slot...
[22:07:24.367] [R20-P03] SSH connected.
[22:07:25.801] [R20-P03] Waiting for SFTP slot...
[22:07:26.405] [R20-P09] SSH connected.
[22:07:27.865] [R20-P02] SSH connected.
[22:07:27.869] [R20-P09] Waiting for SFTP slot...
[22:07:29.065] [R20-P02] Waiting for SFTP slot...
[22:07:29.406] [R20-P07] SSH connected.
[22:07:30.809] [R20-P07] Waiting for SFTP slot...
[22:07:30.835] [R20-P01] Uploading segment...
[22:07:32.759] [R20-P00] Uploading segment...
[22:07:33.224] [R20-P04] SSH connected.
[22:07:33.321] [R20-P08] Uploading segment...
[22:07:34.408] [R20-P06] Uploading segment...
[22:07:34.750] [R20-P04] Waiting for SFTP slot...
[22:07:34.994] [R20-P00] Running compression...
[22:07:36.499] [R20-P03] Uploading segment...
[22:07:37.508] [R20-P09] Uploading segment...
[22:07:37.742] [R20-P06] Running compression...
[22:07:37.904] [R20-P02] Uploading segment...
[22:07:37.999] [R20-P07] Uploading segment...
[22:07:38.195] [R20-P01] Running compression...
[22:07:39.463] [R20-P05] SSH connected.
[22:07:39.919] [R20-P08] Running compression...
[22:07:39.920] [R20-P04] Uploading segment...
[22:07:40.666] [R20-P05] Waiting for SFTP slot...
[22:07:40.666] [R20-P05] Uploading segment...
[22:07:41.277] [R20-P03] Running compression...
[22:07:41.899] [R20-P00] Done! (71.4s)
[22:07:42.477] [R20-P00] Instance terminated.
[22:07:42.792] [R20-P04] Running compression...
[22:07:42.974] [R20-P02] Running compression...
[22:07:43.153] [R20-P07] Running compression...
[22:07:43.308] [R20-P09] Running compression...
[22:07:44.270] [R20-P05] Running compression...
[22:07:44.394] [R20-P01] Done! (73.9s)
[22:07:44.982] [R20-P01] Instance terminated.
[22:07:45.086] [R20-P06] Done! (73.9s)
[22:07:45.604] [R20-P06] Instance terminated.
[22:07:46.561] [R20-P08] Done! (75.4s)
[22:07:47.077] [R20-P08] Instance terminated.
[22:07:48.970] [R20-P03] Done! (77.8s)
[22:07:50.003] [R20-P03] Instance terminated.
[22:07:50.081] [R20-P07] Done! (78.9s)
[22:07:50.443] [R20-P05] Done! (79.3s)
[22:07:50.677] [R20-P07] Instance terminated.
[22:07:50.715] [R20-P09] Done! (79.5s)
[22:07:50.882] [R20-P04] Done! (79.7s)
[22:07:51.066] [R20-P05] Instance terminated.
[22:07:51.327] [R20-P09] Instance terminated.
[22:07:51.330] [R20-P02] Done! (80.3s)
[22:07:51.475] [R20-P04] Instance terminated.
[22:07:51.915] [R20-P02] Instance terminated.
[22:07:51.917] [m7g.large-Horiz-libx264-R20] ============================================================
[22:07:51.917] [m7g.large-Horiz-libx264-R20] RESULTS — 10x m7g.large Horizontal libx264
[22:07:51.917] [m7g.large-Horiz-libx264-R20]   Total Time:    81.40s (1.36 min)
[22:07:51.917] [m7g.large-Horiz-libx264-R20] ============================================================
