[22:04:35.620] [m7g.large-Horiz-libvpx-vp9-R11] === Horizontal m7g.large libvpx-vp9 Run 11 ===
[22:04:35.620] [m7g.large-Horiz-libvpx-vp9-R11] Parts dir: /home/breno/doutorado/ec2sweetspot_noms2/artifacts2/phase3_scaling/video_parts_m7g_large_libvpx-vp9
[22:04:38.619] [R11-P09] Instance i-0e5faf435cf2e6511 launched, waiting...
[22:04:38.625] [R11-P08] Instance i-07174ad4d7935f897 launched, waiting...
[22:04:38.630] [R11-P05] Instance i-02b942c91a61a1471 launched, waiting...
[22:04:38.627] [R11-P06] Instance i-048ae5efa1a8daba1 launched, waiting...
[22:04:38.674] [R11-P02] Instance i-0ecd2ab020bd599a1 launched, waiting...
[22:04:38.682] [R11-P04] Instance i-067bef9ffc5a3674b launched, waiting...
[22:04:38.698] [R11-P03] Instance i-012036faf3accfdaa launched, waiting...
[22:04:38.699] [R11-P00] Instance i-0aed25833d18ab3c0 launched, waiting...
[22:04:38.793] [R11-P01] Instance i-068e92ac8baa1ff61 launched, waiting...
[22:04:39.187] [R11-P07] Instance i-0454ccd38c4608946 launched, waiting...
[22:04:55.139] [R11-P09] Instance ready. IP: 52.23.245.252
[22:04:55.144] [R11-P05] Instance ready. IP: 13.221.43.58
[22:04:55.220] [R11-P08] Instance ready. IP: 54.224.11.7
[22:04:55.258] [R11-P04] Instance ready. IP: 18.234.197.46
[22:04:55.261] [R11-P02] Instance ready. IP: 13.216.217.96
[22:04:55.324] [R11-P00] Instance ready. IP: 52.205.7.76
[22:04:55.375] [R11-P03] Instance ready. IP: 35.175.207.253
[22:04:55.468] [R11-P01] Instance ready. IP: 54.81.128.172
[22:04:56.140] [R11-P07] Instance ready. IP: 100.54.198.162
[22:04:56.562] [R11-P06] Instance ready. IP: 52.6.11.99
[22:05:21.939] [R11-P09] SSH connected.
[22:05:21.986] [R11-P08] SSH connected.
[22:05:21.986] [R11-P05] SSH connected.
[22:05:22.050] [R11-P04] SSH connected.
[22:05:22.110] [R11-P02] SSH connected.
[22:05:22.145] [R11-P01] SSH connected.
[22:05:22.822] [R11-P00] SSH connected.
[22:05:22.949] [R11-P03] SSH connected.
[22:05:23.551] [R11-P06] SSH connected.
[22:05:23.726] [R11-P09] Waiting for SFTP slot...
[22:05:23.956] [R11-P05] Waiting for SFTP slot...
[22:05:24.004] [R11-P02] Waiting for SFTP slot...
[22:05:24.017] [R11-P07] SSH connected.
[22:05:24.059] [R11-P01] Waiting for SFTP slot...
[22:05:24.169] [R11-P08] Waiting for SFTP slot...
[22:05:24.169] [R11-P04] Waiting for SFTP slot...
[22:05:24.459] [R11-P00] Waiting for SFTP slot...
[22:05:24.784] [R11-P03] Waiting for SFTP slot...
[22:05:25.512] [R11-P06] Waiting for SFTP slot...
[22:05:27.185] [R11-P07] Waiting for SFTP slot...
[22:06:12.402] [R11-P09] Uploading segment...
[22:06:13.550] [R11-P05] Uploading segment...
[22:06:13.738] [R11-P02] Uploading segment...
[22:06:14.305] [R11-P01] Uploading segment...
[22:06:14.411] [R11-P08] Uploading segment...
[22:06:15.221] [R11-P04] Uploading segment...
[22:06:15.811] [R11-P00] Uploading segment...
[22:06:16.801] [R11-P03] Uploading segment...
[22:06:16.842] [R11-P06] Uploading segment...
[22:06:18.170] [R11-P07] Uploading segment...
[22:06:18.528] [R11-P05] Running compression...
[22:06:18.611] [R11-P09] Running compression...
[22:06:19.540] [R11-P04] Running compression...
[22:06:19.611] [R11-P02] Running compression...
[22:06:19.624] [R11-P00] Running compression...
[22:06:22.068] [R11-P08] Running compression...
[22:06:22.166] [R11-P01] Running compression...
[22:06:23.668] [R11-P03] Running compression...
[22:06:24.222] [R11-P06] Running compression...
[22:06:24.266] [R11-P07] Running compression...
[22:06:47.974] [R11-P05] Done! (132.3s)
[22:06:47.981] [R11-P09] Done! (132.3s)
[22:06:49.041] [R11-P09] Instance terminated.
[22:06:49.051] [R11-P05] Instance terminated.
[22:06:49.478] [R11-P01] Done! (133.8s)
[22:06:50.473] [R11-P01] Instance terminated.
[22:06:55.033] [R11-P02] Done! (139.4s)
[22:06:55.929] [R11-P08] Done! (140.2s)
[22:06:56.399] [R11-P02] Instance terminated.
[22:06:57.108] [R11-P08] Instance terminated.
[22:06:59.754] [R11-P04] Done! (144.1s)
[22:07:00.342] [R11-P03] Done! (144.7s)
[22:07:00.410] [R11-P06] Done! (144.7s)
[22:07:00.451] [R11-P07] Done! (144.8s)
[22:07:00.978] [R11-P00] Done! (145.4s)
[22:07:01.292] [R11-P04] Instance terminated.
[22:07:01.685] [R11-P03] Instance terminated.
[22:07:01.687] [R11-P07] Instance terminated.
[22:07:01.739] [R11-P06] Instance terminated.
[22:07:02.206] [R11-P00] Instance terminated.
[22:07:02.210] [m7g.large-Horiz-libvpx-vp9-R11] ============================================================
[22:07:02.210] [m7g.large-Horiz-libvpx-vp9-R11] RESULTS — 10x m7g.large Horizontal libvpx-vp9
[22:07:02.210] [m7g.large-Horiz-libvpx-vp9-R11]   Total Time:    146.59s (2.44 min)
[22:07:02.210] [m7g.large-Horiz-libvpx-vp9-R11] ============================================================
