[22:06:02.462] [m7g.large-Horiz-libx264-R16] === Horizontal m7g.large libx264 Run 16 ===
[22:06:02.462] [m7g.large-Horiz-libx264-R16] Parts dir: /home/breno/doutorado/ec2sweetspot_noms2/artifacts2/phase3_scaling/video_parts_m7g_large_libx264
[22:06:05.013] [R16-P07] Instance i-0fa4428f6e4d4b95b launched, waiting...
[22:06:05.018] [R16-P04] Instance i-0547b65e4c698aa4a launched, waiting...
[22:06:05.029] [R16-P08] Instance i-04c42c1224d5e78a2 launched, waiting...
[22:06:05.031] [R16-P02] Instance i-0f8235ef5b3f859ee launched, waiting...
[22:06:05.064] [R16-P03] Instance i-06415096dc269d4b3 launched, waiting...
[22:06:05.070] [R16-P09] Instance i-00aef3620ff12973a launched, waiting...
[22:06:06.295] [R16-P05] Instance i-0cacc74c437020634 launched, waiting...
[22:06:07.914] [R16-P01] Instance i-0baca379e0a2da5cc launched, waiting...
[22:06:08.868] [R16-P00] Instance i-091da374de3f3dd44 launched, waiting...
[22:06:16.605] [R16-P06] Instance i-0b824f0c6d3f5883d launched, waiting...
[22:06:21.743] [R16-P04] Instance ready. IP: 54.92.167.221
[22:06:21.744] [R16-P07] Instance ready. IP: 3.87.118.185
[22:06:21.745] [R16-P09] Instance ready. IP: 98.83.233.9
[22:06:21.798] [R16-P03] Instance ready. IP: 54.234.89.86
[22:06:22.298] [R16-P05] Instance ready. IP: 100.30.178.89
[22:06:22.710] [R16-P08] Instance ready. IP: 52.91.236.9
[22:06:22.712] [R16-P02] Instance ready. IP: 54.172.39.180
[22:06:24.634] [R16-P01] Instance ready. IP: 54.196.172.212
[22:06:25.417] [R16-P00] Instance ready. IP: 54.89.173.119
[22:06:33.140] [R16-P06] Instance ready. IP: 13.217.4.19
[22:06:47.844] [R16-P09] SSH connected.
[22:06:47.880] [R16-P07] SSH connected.
[22:06:47.916] [R16-P03] SSH connected.
[22:06:47.920] [R16-P04] SSH connected.
[22:06:48.423] [R16-P05] SSH connected.
[22:06:48.779] [R16-P08] SSH connected.
[22:06:48.818] [R16-P02] SSH connected.
[22:06:49.097] [R16-P03] Waiting for SFTP slot...
[22:06:49.097] [R16-P03] Uploading segment...
[22:06:49.125] [R16-P09] Waiting for SFTP slot...
[22:06:49.125] [R16-P09] Uploading segment...
[22:06:49.174] [R16-P07] Waiting for SFTP slot...
[22:06:49.174] [R16-P07] Uploading segment...
[22:06:49.233] [R16-P04] Waiting for SFTP slot...
[22:06:49.233] [R16-P04] Uploading segment...
[22:06:49.593] [R16-P05] Waiting for SFTP slot...
[22:06:49.594] [R16-P05] Uploading segment...
[22:06:49.887] [R16-P02] Waiting for SFTP slot...
[22:06:49.887] [R16-P02] Uploading segment...
[22:06:49.996] [R16-P08] Waiting for SFTP slot...
[22:06:49.997] [R16-P08] Uploading segment...
[22:06:51.361] [R16-P01] SSH connected.
[22:06:51.533] [R16-P07] Running compression...
[22:06:52.234] [R16-P01] Waiting for SFTP slot...
[22:06:52.234] [R16-P01] Uploading segment...
[22:06:52.499] [R16-P00] SSH connected.
[22:06:52.843] [R16-P03] Running compression...
[22:06:52.908] [R16-P04] Running compression...
[22:06:52.909] [R16-P09] Running compression...
[22:06:53.857] [R16-P00] Waiting for SFTP slot...
[22:06:56.039] [R16-P01] Running compression...
[22:06:56.096] [R16-P08] Running compression...
[22:06:56.097] [R16-P00] Uploading segment...
[22:06:56.847] [R16-P05] Running compression...
[22:06:57.140] [R16-P02] Running compression...
[22:06:59.122] [R16-P07] Done! (56.6s)
[22:06:59.752] [R16-P03] Done! (57.3s)
[22:06:59.833] [R16-P07] Instance terminated.
[22:06:59.834] [R16-P09] Done! (57.3s)
[22:07:00.452] [R16-P03] Instance terminated.
[22:07:00.604] [R16-P09] Instance terminated.
[22:07:00.701] [R16-P06] SSH connected.
[22:07:00.932] [R16-P04] Done! (58.4s)
[22:07:01.538] [R16-P04] Instance terminated.
[22:07:02.203] [R16-P06] Waiting for SFTP slot...
[22:07:02.954] [R16-P05] Done! (60.4s)
[22:07:03.178] [R16-P01] Done! (60.7s)
[22:07:03.237] [R16-P08] Done! (60.7s)
[22:07:03.372] [R16-P00] Running compression...
[22:07:03.686] [R16-P05] Instance terminated.
[22:07:03.853] [R16-P01] Instance terminated.
[22:07:03.855] [R16-P08] Instance terminated.
[22:07:05.427] [R16-P02] Done! (62.9s)
[22:07:06.128] [R16-P02] Instance terminated.
[22:07:08.137] [R16-P06] Uploading segment...
[22:07:10.482] [R16-P00] Done! (68.0s)
[22:07:11.141] [R16-P00] Instance terminated.
[22:07:14.098] [R16-P06] Running compression...
[22:07:22.184] [R16-P06] Done! (79.7s)
[22:07:22.762] [R16-P06] Instance terminated.
[22:07:22.764] [m7g.large-Horiz-libx264-R16] ============================================================
[22:07:22.764] [m7g.large-Horiz-libx264-R16] RESULTS — 10x m7g.large Horizontal libx264
[22:07:22.764] [m7g.large-Horiz-libx264-R16]   Total Time:    80.30s (1.34 min)
[22:07:22.765] [m7g.large-Horiz-libx264-R16] ============================================================
