[22:00:43.827] [m7g.large-Horiz-libx264-R04] === Horizontal m7g.large libx264 Run 4 ===
[22:00:43.828] [m7g.large-Horiz-libx264-R04] Parts dir: /home/breno/doutorado/ec2sweetspot_noms2/artifacts2/phase3_scaling/video_parts_m7g_large_libx264
[22:01:06.005] [R04-P02] ERROR: An error occurred (RequestLimitExceeded) when calling the RunInstances operation (reached max retries: 4): Request limit exceeded. Account 460964766037 has been throttled on ec2:RunInstances because it exceeded its request rate limit.
[22:01:06.274] [R04-P05] ERROR: An error occurred (RequestLimitExceeded) when calling the RunInstances operation (reached max retries: 4): Request limit exceeded. Account 460964766037 has been throttled on ec2:RunInstances because it exceeded its request rate limit.
[22:01:06.421] [R04-P04] ERROR: An error occurred (RequestLimitExceeded) when calling the RunInstances operation (reached max retries: 4): Request limit exceeded. Account 460964766037 has been throttled on ec2:RunInstances because it exceeded its request rate limit.
[22:01:08.403] [R04-P06] ERROR: An error occurred (RequestLimitExceeded) when calling the RunInstances operation (reached max retries: 4): Request limit exceeded. Account 460964766037 has been throttled on ec2:RunInstances because it exceeded its request rate limit.
[22:01:08.699] [R04-P03] ERROR: An error occurred (RequestLimitExceeded) when calling the RunInstances operation (reached max retries: 4): Request limit exceeded. Account 460964766037 has been throttled on ec2:RunInstances because it exceeded its request rate limit.
[22:01:09.190] [R04-P09] Instance i-0c814cbc9b2be051f launched, waiting...
[22:01:10.104] [R04-P08] ERROR: An error occurred (RequestLimitExceeded) when calling the RunInstances operation (reached max retries: 4): Request limit exceeded. Account 460964766037 has been throttled on ec2:RunInstances because it exceeded its request rate limit.
[22:01:10.535] [R04-P01] ERROR: An error occurred (RequestLimitExceeded) when calling the RunInstances operation (reached max retries: 4): Request limit exceeded. Account 460964766037 has been throttled on ec2:RunInstances because it exceeded its request rate limit.
[22:01:11.050] [R04-P07] ERROR: An error occurred (RequestLimitExceeded) when calling the RunInstances operation (reached max retries: 4): Request limit exceeded. Account 460964766037 has been throttled on ec2:RunInstances because it exceeded its request rate limit.
[22:01:11.857] [R04-P00] ERROR: An error occurred (RequestLimitExceeded) when calling the RunInstances operation (reached max retries: 4): Request limit exceeded. Account 460964766037 has been throttled on ec2:RunInstances because it exceeded its request rate limit.
[22:01:25.188] [R04-P09] Instance ready. IP: 52.91.236.155
[22:01:51.754] [R04-P09] SSH connected.
[22:01:53.275] [R04-P09] Waiting for SFTP slot...
[22:01:56.005] [R04-P09] Uploading segment...
[22:02:09.021] [R04-P09] Running compression...
[22:02:17.439] [R04-P09] Done! (85.0s)
[22:02:18.051] [R04-P09] Instance terminated.
[22:18:29.203] [m7g.large-Horiz-libx264-R04] === Horizontal m7g.large libx264 Run 4 ===
[22:18:29.203] [m7g.large-Horiz-libx264-R04] Parts dir: /home/breno/doutorado/ec2sweetspot_noms2/artifacts2/phase3_scaling/video_parts_m7g_large_libx264
[22:18:32.895] [R04-P03] Instance i-0840f4f8f468c2339 launched, waiting...
[22:18:32.897] [R04-P00] Instance i-0d27bfd79d75b6504 launched, waiting...
[22:18:32.927] [R04-P01] Instance i-0feb1fffe0cc154af launched, waiting...
[22:18:33.008] [R04-P05] Instance i-0b124cf20adcbe27d launched, waiting...
[22:18:33.010] [R04-P04] Instance i-00107b948a0b33780 launched, waiting...
[22:18:33.013] [R04-P09] Instance i-08504a12da783f394 launched, waiting...
[22:18:33.016] [R04-P06] Instance i-08d6799feba45ab28 launched, waiting...
[22:18:33.062] [R04-P02] Instance i-09716ec753eb3569d launched, waiting...
[22:18:33.067] [R04-P07] Instance i-043f51b491dada962 launched, waiting...
[22:18:33.085] [R04-P08] Instance i-0e1d57457769209e6 launched, waiting...
[22:18:49.158] [R04-P01] Instance ready. IP: 54.85.68.247
[22:18:49.351] [R04-P05] Instance ready. IP: 3.81.236.3
[22:18:49.365] [R04-P09] Instance ready. IP: 3.85.113.93
[22:18:49.366] [R04-P03] Instance ready. IP: 13.221.7.142
[22:18:49.369] [R04-P08] Instance ready. IP: 3.93.44.84
[22:18:49.381] [R04-P07] Instance ready. IP: 3.80.199.136
[22:18:49.386] [R04-P04] Instance ready. IP: 34.203.195.100
[22:18:49.388] [R04-P02] Instance ready. IP: 3.81.89.125
[22:18:49.390] [R04-P06] Instance ready. IP: 98.82.167.85
[22:18:49.410] [R04-P00] Instance ready. IP: 54.173.46.67
[22:19:15.352] [R04-P01] SSH connected.
[22:19:15.466] [R04-P05] SSH connected.
[22:19:15.494] [R04-P06] SSH connected.
[22:19:15.497] [R04-P08] SSH connected.
[22:19:15.504] [R04-P07] SSH connected.
[22:19:15.530] [R04-P02] SSH connected.
[22:19:15.533] [R04-P09] SSH connected.
[22:19:15.573] [R04-P03] SSH connected.
[22:19:15.588] [R04-P04] SSH connected.
[22:19:15.662] [R04-P00] SSH connected.
[22:19:16.639] [R04-P01] Waiting for SFTP slot...
[22:19:16.639] [R04-P01] Uploading segment...
[22:19:16.640] [R04-P02] Waiting for SFTP slot...
[22:19:16.640] [R04-P02] Uploading segment...
[22:19:16.674] [R04-P08] Waiting for SFTP slot...
[22:19:16.674] [R04-P08] Uploading segment...
[22:19:16.759] [R04-P06] Waiting for SFTP slot...
[22:19:16.759] [R04-P06] Uploading segment...
[22:19:16.816] [R04-P05] Waiting for SFTP slot...
[22:19:16.816] [R04-P05] Uploading segment...
[22:19:16.886] [R04-P04] Waiting for SFTP slot...
[22:19:16.886] [R04-P04] Uploading segment...
[22:19:16.887] [R04-P07] Waiting for SFTP slot...
[22:19:16.887] [R04-P07] Uploading segment...
[22:19:16.924] [R04-P09] Waiting for SFTP slot...
[22:19:16.924] [R04-P09] Uploading segment...
[22:19:16.928] [R04-P00] Waiting for SFTP slot...
[22:19:16.928] [R04-P00] Uploading segment...
[22:19:17.003] [R04-P03] Waiting for SFTP slot...
[22:19:17.003] [R04-P03] Uploading segment...
[22:19:20.453] [R04-P02] Running compression...
[22:19:21.021] [R04-P06] Running compression...
[22:19:21.237] [R04-P01] Running compression...
[22:19:21.372] [R04-P07] Running compression...
[22:19:21.388] [R04-P08] Running compression...
[22:19:21.584] [R04-P09] Running compression...
[22:19:21.607] [R04-P04] Running compression...
[22:19:21.655] [R04-P00] Running compression...
[22:19:22.205] [R04-P05] Running compression...
[22:19:22.409] [R04-P03] Running compression...
[22:19:27.723] [R04-P08] Done! (58.4s)
[22:19:28.277] [R04-P08] Instance terminated.
[22:19:28.642] [R04-P02] Done! (59.4s)
[22:19:28.712] [R04-P01] Done! (59.5s)
[22:19:29.185] [R04-P02] Instance terminated.
[22:19:29.236] [R04-P09] Done! (60.0s)
[22:19:29.277] [R04-P01] Instance terminated.
[22:19:29.284] [R04-P06] Done! (60.0s)
[22:19:29.620] [R04-P00] Done! (60.4s)
[22:19:29.737] [R04-P04] Done! (60.5s)
[22:19:29.850] [R04-P09] Instance terminated.
[22:19:29.870] [R04-P06] Instance terminated.
[22:19:29.995] [R04-P05] Done! (60.8s)
[22:19:30.210] [R04-P00] Instance terminated.
[22:19:30.282] [R04-P04] Instance terminated.
[22:19:30.335] [R04-P07] Done! (61.1s)
[22:19:30.567] [R04-P05] Instance terminated.
[22:19:30.894] [R04-P07] Instance terminated.
[22:19:31.034] [R04-P03] Done! (61.8s)
[22:19:31.573] [R04-P03] Instance terminated.
[22:19:31.575] [m7g.large-Horiz-libx264-R04] ============================================================
[22:19:31.575] [m7g.large-Horiz-libx264-R04] RESULTS — 10x m7g.large Horizontal libx264
[22:19:31.575] [m7g.large-Horiz-libx264-R04]   Total Time:    62.37s (1.04 min)
[22:19:31.575] [m7g.large-Horiz-libx264-R04] ============================================================
