[22:09:12.755] [m7g.large-Horiz-libx264-R28] === Horizontal m7g.large libx264 Run 28 ===
[22:09:12.755] [m7g.large-Horiz-libx264-R28] Parts dir: /home/breno/doutorado/ec2sweetspot_noms2/artifacts2/phase3_scaling/video_parts_m7g_large_libx264
[22:09:14.849] [R28-P01] Instance i-0e523f9753a904558 launched, waiting...
[22:09:15.058] [R28-P09] Instance i-0849ba19b24fa9822 launched, waiting...
[22:09:15.247] [R28-P08] Instance i-0da73d7ac901457fc launched, waiting...
[22:09:15.341] [R28-P02] Instance i-0c8bdad4b59f67f64 launched, waiting...
[22:09:15.889] [R28-P06] Instance i-013a00ec9060f678e launched, waiting...
[22:09:17.582] [R28-P04] Instance i-03c51b5a8852b25a9 launched, waiting...
[22:09:18.247] [R28-P03] Instance i-0099690be88723815 launched, waiting...
[22:09:24.391] [R28-P05] Instance i-0a1ee58e1de5a0da9 launched, waiting...
[22:09:24.863] [R28-P07] Instance i-0ff8f6f26c667d259 launched, waiting...
[22:09:30.868] [R28-P01] Instance ready. IP: 100.55.77.15
[22:09:30.973] [R28-P09] Instance ready. IP: 18.234.119.20
[22:09:31.106] [R28-P08] Instance ready. IP: 54.196.0.169
[22:09:31.196] [R28-P02] Instance ready. IP: 54.226.126.189
[22:09:31.410] [R28-P00] Instance i-06c1714bb23eeae6e launched, waiting...
[22:09:31.772] [R28-P06] Instance ready. IP: 18.234.116.134
[22:09:34.238] [R28-P03] Instance ready. IP: 18.234.197.19
[22:09:34.355] [R28-P04] Instance ready. IP: 52.71.46.148
[22:09:40.338] [R28-P05] Instance ready. IP: 100.24.71.151
[22:09:40.765] [R28-P07] Instance ready. IP: 54.175.152.103
[22:09:47.223] [R28-P00] Instance ready. IP: 52.204.254.95
[22:09:57.295] [R28-P01] SSH connected.
[22:09:57.309] [R28-P09] SSH connected.
[22:09:57.370] [R28-P08] SSH connected.
[22:09:57.571] [R28-P02] SSH connected.
[22:09:58.458] [R28-P06] SSH connected.
[22:09:58.650] [R28-P09] Waiting for SFTP slot...
[22:09:58.676] [R28-P08] Waiting for SFTP slot...
[22:09:58.798] [R28-P01] Waiting for SFTP slot...
[22:09:58.870] [R28-P02] Waiting for SFTP slot...
[22:09:59.620] [R28-P06] Waiting for SFTP slot...
[22:10:00.504] [R28-P03] SSH connected.
[22:10:00.717] [R28-P04] SSH connected.
[22:10:01.705] [R28-P09] Uploading segment...
[22:10:01.824] [R28-P03] Waiting for SFTP slot...
[22:10:02.212] [R28-P08] Uploading segment...
[22:10:02.219] [R28-P04] Waiting for SFTP slot...
[22:10:03.438] [R28-P01] Uploading segment...
[22:10:03.570] [R28-P02] Uploading segment...
[22:10:03.710] [R28-P06] Uploading segment...
[22:10:05.487] [R28-P03] Uploading segment...
[22:10:05.547] [R28-P04] Uploading segment...
[22:10:06.627] [R28-P05] SSH connected.
[22:10:07.199] [R28-P07] SSH connected.
[22:10:07.974] [R28-P05] Waiting for SFTP slot...
[22:10:08.635] [R28-P07] Waiting for SFTP slot...
[22:10:09.740] [R28-P09] Running compression...
[22:10:10.010] [R28-P01] Running compression...
[22:10:10.490] [R28-P03] Running compression...
[22:10:10.490] [R28-P05] Uploading segment...
[22:10:10.919] [R28-P08] Running compression...
[22:10:10.919] [R28-P07] Uploading segment...
[22:10:11.375] [R28-P04] Running compression...
[22:10:11.657] [R28-P02] Running compression...
[22:10:12.018] [R28-P06] Running compression...
[22:10:13.351] [R28-P05] Running compression...
[22:10:13.680] [R28-P00] SSH connected.
[22:10:15.435] [R28-P00] Waiting for SFTP slot...
[22:10:15.436] [R28-P00] Uploading segment...
[22:10:15.734] [R28-P07] Running compression...
[22:10:16.100] [R28-P01] Done! (63.3s)
[22:10:16.674] [R28-P01] Instance terminated.
[22:10:17.139] [R28-P09] Done! (64.3s)
[22:10:17.439] [R28-P08] Done! (64.6s)
[22:10:17.787] [R28-P09] Instance terminated.
[22:10:17.807] [R28-P00] Running compression...
[22:10:18.012] [R28-P08] Instance terminated.
[22:10:19.221] [R28-P04] Done! (66.4s)
[22:10:19.232] [R28-P02] Done! (66.5s)
[22:10:19.305] [R28-P03] Done! (66.5s)
[22:10:19.756] [R28-P05] Done! (67.0s)
[22:10:19.902] [R28-P03] Instance terminated.
[22:10:20.063] [R28-P02] Instance terminated.
[22:10:20.066] [R28-P04] Instance terminated.
[22:10:20.391] [R28-P05] Instance terminated.
[22:10:20.435] [R28-P06] Done! (67.6s)
[22:10:21.025] [R28-P06] Instance terminated.
[22:10:24.045] [R28-P07] Done! (71.2s)
[22:10:24.660] [R28-P07] Instance terminated.
[22:10:25.085] [R28-P00] Done! (72.3s)
[22:10:25.770] [R28-P00] Instance terminated.
[22:10:25.774] [m7g.large-Horiz-libx264-R28] ============================================================
[22:10:25.774] [m7g.large-Horiz-libx264-R28] RESULTS — 10x m7g.large Horizontal libx264
[22:10:25.774] [m7g.large-Horiz-libx264-R28]   Total Time:    73.02s (1.22 min)
[22:10:25.774] [m7g.large-Horiz-libx264-R28] ============================================================
