[22:04:20.012] [m7g.large-Horiz-libx264-R14] === Horizontal m7g.large libx264 Run 14 ===
[22:04:20.012] [m7g.large-Horiz-libx264-R14] Parts dir: /home/breno/doutorado/ec2sweetspot_noms2/artifacts2/phase3_scaling/video_parts_m7g_large_libx264
[22:04:22.756] [R14-P09] Instance i-0907b02cee18226e0 launched, waiting...
[22:04:22.827] [R14-P08] Instance i-01dc3b32e0b1d69bc launched, waiting...
[22:04:22.874] [R14-P07] Instance i-069a4f1dc7cf42ef9 launched, waiting...
[22:04:22.919] [R14-P02] Instance i-0421874dc6939a70f launched, waiting...
[22:04:22.924] [R14-P06] Instance i-0f30cc850ffadd39f launched, waiting...
[22:04:22.994] [R14-P00] Instance i-0dfe29cde0f44cdcb launched, waiting...
[22:04:22.996] [R14-P01] Instance i-06a2db67335bb2884 launched, waiting...
[22:04:22.999] [R14-P04] Instance i-010332bce2c0ca81e launched, waiting...
[22:04:23.013] [R14-P05] Instance i-05cf96ae6a75d918a launched, waiting...
[22:04:23.241] [R14-P03] Instance i-0283bf273361b8302 launched, waiting...
[22:04:38.990] [R14-P09] Instance ready. IP: 54.224.145.70
[22:04:39.029] [R14-P08] Instance ready. IP: 34.229.182.221
[22:04:39.060] [R14-P07] Instance ready. IP: 18.212.139.45
[22:04:39.132] [R14-P02] Instance ready. IP: 18.234.152.163
[22:04:39.179] [R14-P00] Instance ready. IP: 13.217.101.78
[22:04:39.181] [R14-P04] Instance ready. IP: 100.30.190.33
[22:04:39.190] [R14-P06] Instance ready. IP: 98.93.119.56
[22:04:39.269] [R14-P01] Instance ready. IP: 18.215.244.3
[22:04:39.271] [R14-P05] Instance ready. IP: 54.173.227.101
[22:04:39.545] [R14-P03] Instance ready. IP: 32.192.92.134
[22:05:06.176] [R14-P09] SSH connected.
[22:05:06.265] [R14-P07] SSH connected.
[22:05:06.268] [R14-P02] SSH connected.
[22:05:06.395] [R14-P06] SSH connected.
[22:05:06.405] [R14-P00] SSH connected.
[22:05:06.439] [R14-P04] SSH connected.
[22:05:06.574] [R14-P05] SSH connected.
[22:05:06.576] [R14-P01] SSH connected.
[22:05:07.503] [R14-P03] SSH connected.
[22:05:07.517] [R14-P08] SSH connected.
[22:05:08.413] [R14-P02] Waiting for SFTP slot...
[22:05:08.422] [R14-P05] Waiting for SFTP slot...
[22:05:08.422] [R14-P06] Waiting for SFTP slot...
[22:05:08.424] [R14-P09] Waiting for SFTP slot...
[22:05:08.466] [R14-P04] Waiting for SFTP slot...
[22:05:08.601] [R14-P01] Waiting for SFTP slot...
[22:05:08.648] [R14-P00] Waiting for SFTP slot...
[22:05:09.285] [R14-P07] Waiting for SFTP slot...
[22:05:10.224] [R14-P03] Waiting for SFTP slot...
[22:05:10.537] [R14-P08] Waiting for SFTP slot...
[22:05:57.109] [R14-P02] Uploading segment...
[22:05:57.217] [R14-P05] Uploading segment...
[22:05:57.708] [R14-P06] Uploading segment...
[22:05:58.329] [R14-P09] Uploading segment...
[22:05:58.380] [R14-P04] Uploading segment...
[22:06:00.728] [R14-P01] Uploading segment...
[22:06:02.138] [R14-P00] Uploading segment...
[22:06:03.810] [R14-P07] Uploading segment...
[22:06:04.146] [R14-P03] Uploading segment...
[22:06:05.026] [R14-P08] Uploading segment...
[22:06:06.757] [R14-P02] Running compression...
[22:06:07.106] [R14-P05] Running compression...
[22:06:07.557] [R14-P00] Running compression...
[22:06:07.693] [R14-P06] Running compression...
[22:06:07.914] [R14-P09] Running compression...
[22:06:08.199] [R14-P04] Running compression...
[22:06:09.102] [R14-P01] Running compression...
[22:06:10.900] [R14-P07] Running compression...
[22:06:13.738] [R14-P03] Running compression...
[22:06:14.179] [R14-P09] Done! (114.1s)
[22:06:14.411] [R14-P08] Running compression...
[22:06:14.554] [R14-P06] Done! (114.5s)
[22:06:14.753] [R14-P04] Done! (114.7s)
[22:06:15.127] [R14-P00] Done! (115.1s)
[22:06:15.603] [R14-P09] Instance terminated.
[22:06:15.986] [R14-P06] Instance terminated.
[22:06:16.114] [R14-P04] Instance terminated.
[22:06:16.553] [R14-P00] Instance terminated.
[22:06:17.331] [R14-P05] Done! (117.3s)
[22:06:18.032] [R14-P07] Done! (118.0s)
[22:06:18.472] [R14-P05] Instance terminated.
[22:06:19.149] [R14-P07] Instance terminated.
[22:06:19.257] [R14-P02] Done! (119.2s)
[22:06:19.257] [R14-P01] Done! (119.2s)
[22:06:20.528] [R14-P01] Instance terminated.
[22:06:20.708] [R14-P02] Instance terminated.
[22:06:21.191] [R14-P08] Done! (121.1s)
[22:06:22.492] [R14-P08] Instance terminated.
[22:06:23.867] [R14-P03] Done! (123.8s)
[22:06:25.253] [R14-P03] Instance terminated.
[22:06:25.258] [m7g.large-Horiz-libx264-R14] ============================================================
[22:06:25.258] [m7g.large-Horiz-libx264-R14] RESULTS — 10x m7g.large Horizontal libx264
[22:06:25.258] [m7g.large-Horiz-libx264-R14]   Total Time:    125.25s (2.09 min)
[22:06:25.258] [m7g.large-Horiz-libx264-R14] ============================================================
