[22:09:30.201] [m7g.large-Horiz-libx264-R29] === Horizontal m7g.large libx264 Run 29 ===
[22:09:30.201] [m7g.large-Horiz-libx264-R29] Parts dir: /home/breno/doutorado/ec2sweetspot_noms2/artifacts2/phase3_scaling/video_parts_m7g_large_libx264
[22:09:32.106] [R29-P02] Instance i-08ac7717cfafab72f launched, waiting...
[22:09:32.135] [R29-P00] Instance i-03c6a286dac5a824a launched, waiting...
[22:09:32.628] [R29-P06] Instance i-0c8be64e8fb1c37db launched, waiting...
[22:09:32.633] [R29-P07] Instance i-039c1c4cb4154561f launched, waiting...
[22:09:32.694] [R29-P05] Instance i-03a546c67549e2395 launched, waiting...
[22:09:32.703] [R29-P09] Instance i-00d8bffed0ab2cb17 launched, waiting...
[22:09:32.705] [R29-P01] Instance i-08a099092144a8c18 launched, waiting...
[22:09:35.097] [R29-P03] Instance i-02f57fcb182089bb1 launched, waiting...
[22:09:35.107] [R29-P04] Instance i-08b80651bcbae8837 launched, waiting...
[22:09:47.958] [R29-P02] Instance ready. IP: 100.30.237.196
[22:09:48.084] [R29-P00] Instance ready. IP: 13.217.47.157
[22:09:48.637] [R29-P07] Instance ready. IP: 54.225.9.22
[22:09:48.683] [R29-P06] Instance ready. IP: 18.215.232.126
[22:09:48.803] [R29-P01] Instance ready. IP: 3.80.233.158
[22:09:48.805] [R29-P09] Instance ready. IP: 3.81.203.56
[22:09:48.922] [R29-P05] Instance ready. IP: 34.239.141.8
[22:09:50.584] [R29-P08] ERROR: An error occurred (RequestLimitExceeded) when calling the RunInstances operation (reached max retries: 4): Request limit exceeded. Account 460964766037 has been throttled on ec2:RunInstances because it exceeded its request rate limit.
[22:09:50.972] [R29-P03] Instance ready. IP: 50.17.59.153
[22:09:50.980] [R29-P04] Instance ready. IP: 18.208.228.120
[22:10:14.816] [R29-P00] SSH connected.
[22:10:14.996] [R29-P06] SSH connected.
[22:10:15.174] [R29-P09] SSH connected.
[22:10:15.207] [R29-P01] SSH connected.
[22:10:15.307] [R29-P02] SSH connected.
[22:10:15.529] [R29-P07] SSH connected.
[22:10:15.983] [R29-P00] Waiting for SFTP slot...
[22:10:15.983] [R29-P00] Uploading segment...
[22:10:16.038] [R29-P05] SSH connected.
[22:10:16.124] [R29-P06] Waiting for SFTP slot...
[22:10:16.125] [R29-P06] Uploading segment...
[22:10:16.418] [R29-P09] Waiting for SFTP slot...
[22:10:16.419] [R29-P09] Uploading segment...
[22:10:16.492] [R29-P01] Waiting for SFTP slot...
[22:10:16.493] [R29-P01] Uploading segment...
[22:10:16.498] [R29-P02] Waiting for SFTP slot...
[22:10:16.498] [R29-P02] Uploading segment...
[22:10:17.021] [R29-P07] Waiting for SFTP slot...
[22:10:17.022] [R29-P07] Uploading segment...
[22:10:17.119] [R29-P03] SSH connected.
[22:10:17.282] [R29-P04] SSH connected.
[22:10:17.283] [R29-P05] Waiting for SFTP slot...
[22:10:17.284] [R29-P05] Uploading segment...
[22:10:19.503] [R29-P03] Waiting for SFTP slot...
[22:10:19.591] [R29-P04] Waiting for SFTP slot...
[22:10:20.714] [R29-P07] Running compression...
[22:10:21.531] [R29-P00] Running compression...
[22:10:21.692] [R29-P05] Running compression...
[22:10:22.933] [R29-P09] Running compression...
[22:10:22.933] [R29-P03] Uploading segment...
[22:10:22.934] [R29-P06] Running compression...
[22:10:24.728] [R29-P01] Running compression...
[22:10:24.729] [R29-P04] Uploading segment...
[22:10:27.492] [R29-P02] Running compression...
[22:10:27.534] [R29-P03] Running compression...
[22:10:28.198] [R29-P00] Done! (58.0s)
[22:10:28.658] [R29-P05] Done! (58.4s)
[22:10:28.813] [R29-P00] Instance terminated.
[22:10:29.256] [R29-P05] Instance terminated.
[22:10:29.323] [R29-P09] Done! (59.1s)
[22:10:29.563] [R29-P07] Done! (59.3s)
[22:10:29.944] [R29-P09] Instance terminated.
[22:10:29.949] [R29-P06] Done! (59.7s)
[22:10:30.140] [R29-P07] Instance terminated.
[22:10:30.626] [R29-P06] Instance terminated.
[22:10:32.199] [R29-P01] Done! (62.0s)
[22:10:32.770] [R29-P01] Instance terminated.
[22:10:32.912] [R29-P04] Running compression...
[22:10:35.519] [R29-P03] Done! (65.3s)
[22:10:35.816] [R29-P02] Done! (65.6s)
[22:10:36.132] [R29-P03] Instance terminated.
[22:10:37.100] [R29-P02] Instance terminated.
[22:10:40.683] [R29-P04] Done! (70.4s)
[22:10:41.213] [R29-P04] Instance terminated.
[22:22:42.402] [m7g.large-Horiz-libx264-R29] === Horizontal m7g.large libx264 Run 29 ===
[22:22:42.403] [m7g.large-Horiz-libx264-R29] Parts dir: /home/breno/doutorado/ec2sweetspot_noms2/artifacts2/phase3_scaling/video_parts_m7g_large_libx264
[22:22:44.319] [R29-P02] Instance i-0a2357aeb3da6745f launched, waiting...
[22:22:44.351] [R29-P03] Instance i-0d85165491ea373e6 launched, waiting...
[22:22:44.383] [R29-P04] Instance i-095559628c17c5011 launched, waiting...
[22:22:44.390] [R29-P08] Instance i-0474061618b38e7a3 launched, waiting...
[22:22:44.398] [R29-P07] Instance i-06bae8ce206b8e81c launched, waiting...
[22:22:44.440] [R29-P06] Instance i-081088c3efb757094 launched, waiting...
[22:22:44.444] [R29-P01] Instance i-0ba06bc1554bf99a2 launched, waiting...
[22:22:44.459] [R29-P00] Instance i-03788ad0eb68820da launched, waiting...
[22:22:44.474] [R29-P09] Instance i-0385d5f842467c7ad launched, waiting...
[22:22:44.558] [R29-P05] Instance i-0ff313929ec771913 launched, waiting...
[22:23:00.082] [R29-P03] Instance ready. IP: 35.173.201.196
[22:23:00.115] [R29-P04] Instance ready. IP: 54.156.66.63
[22:23:00.142] [R29-P02] Instance ready. IP: 32.192.212.8
[22:23:00.150] [R29-P08] Instance ready. IP: 52.203.202.116
[22:23:00.167] [R29-P01] Instance ready. IP: 54.86.66.153
[22:23:00.200] [R29-P07] Instance ready. IP: 23.20.36.48
[22:23:00.202] [R29-P06] Instance ready. IP: 18.234.243.158
[22:23:00.206] [R29-P00] Instance ready. IP: 54.152.61.199
[22:23:00.209] [R29-P09] Instance ready. IP: 98.93.112.223
[22:23:00.287] [R29-P05] Instance ready. IP: 18.232.116.194
[22:23:26.242] [R29-P03] SSH connected.
[22:23:26.243] [R29-P08] SSH connected.
[22:23:26.269] [R29-P02] SSH connected.
[22:23:26.310] [R29-P04] SSH connected.
[22:23:26.340] [R29-P01] SSH connected.
[22:23:26.342] [R29-P00] SSH connected.
[22:23:26.343] [R29-P09] SSH connected.
[22:23:26.359] [R29-P07] SSH connected.
[22:23:26.370] [R29-P06] SSH connected.
[22:23:26.482] [R29-P05] SSH connected.
[22:23:27.461] [R29-P08] Waiting for SFTP slot...
[22:23:27.461] [R29-P08] Uploading segment...
[22:23:27.477] [R29-P01] Waiting for SFTP slot...
[22:23:27.477] [R29-P01] Uploading segment...
[22:23:27.493] [R29-P00] Waiting for SFTP slot...
[22:23:27.493] [R29-P00] Uploading segment...
[22:23:27.495] [R29-P09] Waiting for SFTP slot...
[22:23:27.495] [R29-P09] Uploading segment...
[22:23:27.543] [R29-P07] Waiting for SFTP slot...
[22:23:27.543] [R29-P07] Uploading segment...
[22:23:27.585] [R29-P02] Waiting for SFTP slot...
[22:23:27.585] [R29-P02] Uploading segment...
[22:23:27.605] [R29-P04] Waiting for SFTP slot...
[22:23:27.606] [R29-P04] Uploading segment...
[22:23:27.650] [R29-P03] Waiting for SFTP slot...
[22:23:27.651] [R29-P03] Uploading segment...
[22:23:27.730] [R29-P06] Waiting for SFTP slot...
[22:23:27.730] [R29-P06] Uploading segment...
[22:23:27.855] [R29-P05] Waiting for SFTP slot...
[22:23:27.855] [R29-P05] Uploading segment...
[22:23:30.894] [R29-P01] Running compression...
[22:23:31.378] [R29-P08] Running compression...
[22:23:32.013] [R29-P09] Running compression...
[22:23:32.600] [R29-P02] Running compression...
[22:23:32.643] [R29-P07] Running compression...
[22:23:32.745] [R29-P00] Running compression...
[22:23:33.075] [R29-P04] Running compression...
[22:23:33.421] [R29-P06] Running compression...
[22:23:33.912] [R29-P03] Running compression...
[22:23:34.442] [R29-P05] Running compression...
[22:23:37.641] [R29-P01] Done! (55.2s)
[22:23:38.316] [R29-P01] Instance terminated.
[22:23:39.255] [R29-P08] Done! (56.8s)
[22:23:39.333] [R29-P09] Done! (56.9s)
[22:23:39.484] [R29-P00] Done! (57.1s)
[22:23:39.797] [R29-P08] Instance terminated.
[22:23:39.900] [R29-P07] Done! (57.4s)
[22:23:39.918] [R29-P09] Instance terminated.
[22:23:40.016] [R29-P00] Instance terminated.
[22:23:40.461] [R29-P07] Instance terminated.
[22:23:40.763] [R29-P02] Done! (58.3s)
[22:23:40.839] [R29-P04] Done! (58.4s)
[22:23:40.938] [R29-P05] Done! (58.5s)
[22:23:41.291] [R29-P02] Instance terminated.
[22:23:41.424] [R29-P04] Instance terminated.
[22:23:41.499] [R29-P05] Instance terminated.
[22:23:42.098] [R29-P06] Done! (59.6s)
[22:23:42.417] [R29-P03] Done! (60.0s)
[22:23:42.666] [R29-P06] Instance terminated.
[22:23:42.997] [R29-P03] Instance terminated.
[22:23:42.999] [m7g.large-Horiz-libx264-R29] ============================================================
[22:23:42.999] [m7g.large-Horiz-libx264-R29] RESULTS — 10x m7g.large Horizontal libx264
[22:23:42.999] [m7g.large-Horiz-libx264-R29]   Total Time:    60.60s (1.01 min)
[22:23:42.999] [m7g.large-Horiz-libx264-R29] ============================================================
