[22:00:43.742] [m7g.large-Horiz-libx264-R01] === Horizontal m7g.large libx264 Run 1 ===
[22:00:43.754] [m7g.large-Horiz-libx264-R01] Parts dir: /home/breno/doutorado/ec2sweetspot_noms2/artifacts2/phase3_scaling/video_parts_m7g_large_libx264
[22:00:52.176] [R01-P02] Instance i-0ff6692bb54c7539e launched, waiting...
[22:00:52.231] [R01-P06] Instance i-0845fc67123741d0c launched, waiting...
[22:00:56.630] [R01-P02] Instance ready. IP: 18.232.118.139
[22:01:06.773] [R01-P09] Instance i-0dd3602ff529fff15 launched, waiting...
[22:01:07.031] [R01-P03] ERROR: An error occurred (RequestLimitExceeded) when calling the RunInstances operation (reached max retries: 4): Request limit exceeded. Account 460964766037 has been throttled on ec2:RunInstances because it exceeded its request rate limit.
[22:01:08.812] [R01-P05] Instance i-0bf16aa06e8e7f219 launched, waiting...
[22:01:11.846] [R01-P06] Instance ready. IP: 98.83.159.5
[22:01:12.381] [R01-P01] ERROR: An error occurred (RequestLimitExceeded) when calling the RunInstances operation (reached max retries: 4): Request limit exceeded. Account 460964766037 has been throttled on ec2:RunInstances because it exceeded its request rate limit.
[22:01:14.284] [R01-P08] ERROR: An error occurred (RequestLimitExceeded) when calling the RunInstances operation (reached max retries: 4): Request limit exceeded. Account 460964766037 has been throttled on ec2:RunInstances because it exceeded its request rate limit.
[22:01:15.003] [R01-P00] ERROR: An error occurred (RequestLimitExceeded) when calling the RunInstances operation (reached max retries: 4): Request limit exceeded. Account 460964766037 has been throttled on ec2:RunInstances because it exceeded its request rate limit.
[22:01:15.208] [R01-P07] ERROR: An error occurred (RequestLimitExceeded) when calling the RunInstances operation (reached max retries: 4): Request limit exceeded. Account 460964766037 has been throttled on ec2:RunInstances because it exceeded its request rate limit.
[22:01:15.869] [R01-P04] ERROR: An error occurred (RequestLimitExceeded) when calling the RunInstances operation (reached max retries: 4): Request limit exceeded. Account 460964766037 has been throttled on ec2:RunInstances because it exceeded its request rate limit.
[22:01:22.734] [R01-P02] SSH connected.
[22:01:23.083] [R01-P09] Instance ready. IP: 98.86.111.11
[22:01:24.025] [R01-P02] Waiting for SFTP slot...
[22:01:24.025] [R01-P02] Uploading segment...
[22:01:25.026] [R01-P05] Instance ready. IP: 13.221.49.5
[22:01:27.345] [R01-P02] Running compression...
[22:01:36.148] [R01-P02] Done! (46.8s)
[22:01:37.079] [R01-P02] Instance terminated.
[22:01:38.433] [R01-P06] SSH connected.
[22:01:39.950] [R01-P06] Waiting for SFTP slot...
[22:01:39.950] [R01-P06] Uploading segment...
[22:01:44.048] [R01-P06] Running compression...
[22:01:49.330] [R01-P09] SSH connected.
[22:01:51.045] [R01-P09] Waiting for SFTP slot...
[22:01:51.744] [R01-P05] SSH connected.
[22:01:53.509] [R01-P05] Waiting for SFTP slot...
[22:01:53.546] [R01-P06] Done! (64.5s)
[22:01:54.215] [R01-P06] Instance terminated.
[22:01:55.245] [R01-P09] Uploading segment...
[22:02:06.412] [R01-P05] Uploading segment...
[22:02:08.725] [R01-P09] Running compression...
[22:02:17.440] [R01-P09] Done! (83.7s)
[22:02:18.178] [R01-P09] Instance terminated.
[22:02:20.251] [R01-P05] Running compression...
[22:02:26.551] [R01-P05] Done! (96.0s)
[22:02:27.236] [R01-P05] Instance terminated.
[22:16:13.263] [m7g.large-Horiz-libx264-R01] === Horizontal m7g.large libx264 Run 1 ===
[22:16:13.263] [m7g.large-Horiz-libx264-R01] Parts dir: /home/breno/doutorado/ec2sweetspot_noms2/artifacts2/phase3_scaling/video_parts_m7g_large_libx264
[22:16:19.524] [R01-P08] Instance i-02ea83f3ec39b092f launched, waiting...
[22:16:19.745] [R01-P00] Instance i-04be7746ffadde19e launched, waiting...
[22:16:20.039] [R01-P04] Instance i-09726210646b56d0d launched, waiting...
[22:16:33.066] [R01-P03] Instance i-0890349d184c2675b launched, waiting...
[22:16:35.426] [R01-P06] ERROR: An error occurred (RequestLimitExceeded) when calling the RunInstances operation (reached max retries: 4): Request limit exceeded. Account 460964766037 has been throttled on ec2:RunInstances because it exceeded its request rate limit.
[22:16:35.546] [R01-P00] Instance ready. IP: 54.174.47.181
[22:16:35.626] [R01-P05] Instance i-01e6298572b7930ad launched, waiting...
[22:16:35.643] [R01-P08] Instance ready. IP: 54.164.202.110
[22:16:35.876] [R01-P04] Instance ready. IP: 35.153.210.22
[22:16:36.469] [R01-P02] ERROR: An error occurred (RequestLimitExceeded) when calling the RunInstances operation (reached max retries: 4): Request limit exceeded. Account 460964766037 has been throttled on ec2:RunInstances because it exceeded its request rate limit.
[22:16:37.289] [R01-P09] ERROR: An error occurred (RequestLimitExceeded) when calling the RunInstances operation (reached max retries: 4): Request limit exceeded. Account 460964766037 has been throttled on ec2:RunInstances because it exceeded its request rate limit.
[22:16:39.145] [R01-P07] ERROR: An error occurred (RequestLimitExceeded) when calling the RunInstances operation (reached max retries: 4): Request limit exceeded. Account 460964766037 has been throttled on ec2:RunInstances because it exceeded its request rate limit.
[22:16:40.667] [R01-P01] ERROR: An error occurred (RequestLimitExceeded) when calling the RunInstances operation (reached max retries: 4): Request limit exceeded. Account 460964766037 has been throttled on ec2:RunInstances because it exceeded its request rate limit.
[22:16:48.803] [R01-P03] Instance ready. IP: 54.196.119.178
[22:16:51.377] [R01-P05] Instance ready. IP: 54.80.35.229
[22:17:02.080] [R01-P08] SSH connected.
[22:17:02.081] [R01-P04] SSH connected.
[22:17:02.915] [R01-P00] SSH connected.
[22:17:03.407] [R01-P08] Waiting for SFTP slot...
[22:17:03.705] [R01-P04] Waiting for SFTP slot...
[22:17:04.646] [R01-P00] Waiting for SFTP slot...
[22:17:11.679] [R01-P08] Uploading segment...
[22:17:12.673] [R01-P04] Uploading segment...
[22:17:15.488] [R01-P03] SSH connected.
[22:17:17.013] [R01-P03] Waiting for SFTP slot...
[22:17:18.410] [R01-P05] SSH connected.
[22:17:19.998] [R01-P05] Waiting for SFTP slot...
[22:17:21.218] [R01-P08] Running compression...
[22:17:21.218] [R01-P00] Uploading segment...
[22:17:21.544] [R01-P04] Running compression...
[22:17:29.305] [R01-P08] Done! (72.4s)
[22:17:30.159] [R01-P04] Done! (74.0s)
[22:17:30.213] [R01-P08] Instance terminated.
[22:17:30.968] [R01-P04] Instance terminated.
[22:17:50.473] [R01-P03] Uploading segment...
[22:18:04.482] [R01-P05] Uploading segment...
[22:18:05.178] [R01-P00] Running compression...
[22:18:05.930] [R01-P03] Running compression...
[22:18:09.332] [R01-P05] Running compression...
[22:18:12.044] [R01-P00] Done! (115.6s)
[22:18:12.846] [R01-P03] Done! (116.4s)
[22:18:13.525] [R01-P00] Instance terminated.
[22:18:14.324] [R01-P03] Instance terminated.
[22:18:16.613] [R01-P05] Done! (120.1s)
[22:18:19.262] [R01-P05] Instance terminated.
[22:29:27.422] [m7g.large-Horiz-libx264-R01] === Horizontal m7g.large libx264 Run 1 ===
[22:29:27.444] [m7g.large-Horiz-libx264-R01] Parts dir: /home/breno/doutorado/ec2sweetspot_noms2/artifacts2/phase3_scaling/video_parts_m7g_large_libx264
[22:29:31.474] [R01-P04] Instance i-0ebf23d8b97a671c8 launched, waiting...
[22:29:31.521] [R01-P08] Instance i-08bc5a4b715392ff2 launched, waiting...
[22:29:31.569] [R01-P00] Instance i-0f864a3fdfb0de293 launched, waiting...
[22:29:31.585] [R01-P09] Instance i-03d263d592e169fc3 launched, waiting...
[22:29:31.588] [R01-P02] Instance i-0d33d2ecb2a15b419 launched, waiting...
[22:29:31.605] [R01-P01] Instance i-0e19cce2fea654ee9 launched, waiting...
[22:29:31.637] [R01-P05] Instance i-06e10455870d7c175 launched, waiting...
[22:29:32.068] [R01-P03] Instance i-0d1e76a17b9989209 launched, waiting...
[22:29:34.713] [R01-P07] Instance i-053adcb519677bb57 launched, waiting...
[22:29:35.836] [R01-P06] Instance i-0a0555e683b267539 launched, waiting...
[22:29:47.932] [R01-P08] Instance ready. IP: 18.205.236.243
[22:29:47.935] [R01-P04] Instance ready. IP: 54.234.43.59
[22:29:48.166] [R01-P09] Instance ready. IP: 18.208.193.230
[22:29:48.185] [R01-P01] Instance ready. IP: 34.207.114.88
[22:29:48.262] [R01-P05] Instance ready. IP: 3.90.113.92
[22:29:48.284] [R01-P02] Instance ready. IP: 54.159.27.48
[22:29:48.368] [R01-P00] Instance ready. IP: 18.212.244.102
[22:29:51.073] [R01-P07] Instance ready. IP: 98.93.244.218
[22:29:53.287] [R01-P06] Instance ready. IP: 54.147.17.213
[22:29:56.018] [R01-P03] Instance ready. IP: 54.163.11.240
[22:30:14.001] [R01-P04] SSH connected.
[22:30:14.167] [R01-P08] SSH connected.
[22:30:14.389] [R01-P09] SSH connected.
[22:30:14.497] [R01-P02] SSH connected.
[22:30:14.506] [R01-P05] SSH connected.
[22:30:14.513] [R01-P01] SSH connected.
[22:30:14.562] [R01-P00] SSH connected.
[22:30:15.310] [R01-P04] Waiting for SFTP slot...
[22:30:15.310] [R01-P04] Uploading segment...
[22:30:15.355] [R01-P08] Waiting for SFTP slot...
[22:30:15.355] [R01-P08] Uploading segment...
[22:30:15.650] [R01-P09] Waiting for SFTP slot...
[22:30:15.650] [R01-P09] Uploading segment...
[22:30:15.710] [R01-P05] Waiting for SFTP slot...
[22:30:15.732] [R01-P02] Waiting for SFTP slot...
[22:30:15.775] [R01-P00] Waiting for SFTP slot...
[22:30:15.900] [R01-P01] Waiting for SFTP slot...
[22:30:17.508] [R01-P07] SSH connected.
[22:30:18.395] [R01-P04] Running compression...
[22:30:18.396] [R01-P05] Uploading segment...
[22:30:18.582] [R01-P02] Uploading segment...
[22:30:18.913] [R01-P07] Waiting for SFTP slot...
[22:30:19.748] [R01-P06] SSH connected.
[22:30:19.944] [R01-P08] Running compression...
[22:30:20.826] [R01-P00] Uploading segment...
[22:30:21.038] [R01-P06] Waiting for SFTP slot...
[22:30:21.219] [R01-P09] Running compression...
[22:30:21.219] [R01-P01] Uploading segment...
[22:30:21.969] [R01-P03] SSH connected.
[22:30:23.196] [R01-P00] Running compression...
[22:30:23.288] [R01-P03] Waiting for SFTP slot...
[22:30:25.480] [R01-P04] Done! (56.1s)
[22:30:25.671] [R01-P02] Running compression...
[22:30:26.018] [R01-P04] Instance terminated.
[22:30:26.297] [R01-P08] Done! (57.0s)
[22:30:26.424] [R01-P05] Running compression...
[22:30:26.424] [R01-P07] Uploading segment...
[22:30:26.537] [R01-P01] Running compression...
[22:30:26.888] [R01-P08] Instance terminated.
[22:30:28.999] [R01-P09] Done! (59.6s)
[22:30:29.075] [R01-P06] Uploading segment...
[22:30:29.583] [R01-P09] Instance terminated.
[22:30:29.984] [R01-P00] Done! (60.7s)
[22:30:30.656] [R01-P00] Instance terminated.
[22:30:30.764] [R01-P03] Uploading segment...
[22:30:32.798] [R01-P01] Done! (63.2s)
[22:30:33.499] [R01-P01] Instance terminated.
[22:30:33.641] [R01-P05] Done! (64.4s)
[22:30:33.726] [R01-P02] Done! (64.5s)
[22:30:33.898] [R01-P07] Running compression...
[22:30:34.286] [R01-P05] Instance terminated.
[22:30:34.376] [R01-P02] Instance terminated.
[22:30:38.598] [R01-P06] Running compression...
[22:30:40.830] [R01-P03] Running compression...
[22:30:41.443] [R01-P07] Done! (71.6s)
[22:30:42.074] [R01-P07] Instance terminated.
[22:30:47.274] [R01-P06] Done! (77.4s)
[22:30:47.920] [R01-P06] Instance terminated.
[22:30:48.856] [R01-P03] Done! (78.9s)
[22:30:49.426] [R01-P03] Instance terminated.
[22:30:49.428] [m7g.large-Horiz-libx264-R01] ============================================================
[22:30:49.428] [m7g.large-Horiz-libx264-R01] RESULTS — 10x m7g.large Horizontal libx264
[22:30:49.428] [m7g.large-Horiz-libx264-R01]   Total Time:    81.97s (1.37 min)
[22:30:49.429] [m7g.large-Horiz-libx264-R01] ============================================================
