[22:09:36.177] [m7g.large-Horiz-libvpx-vp9-R22] === Horizontal m7g.large libvpx-vp9 Run 22 ===
[22:09:36.177] [m7g.large-Horiz-libvpx-vp9-R22] Parts dir: /home/breno/doutorado/ec2sweetspot_noms2/artifacts2/phase3_scaling/video_parts_m7g_large_libvpx-vp9
[22:09:38.449] [R22-P05] Instance i-0167b8092df0ee449 launched, waiting...
[22:09:40.616] [R22-P06] Instance i-0c71c69460edabab8 launched, waiting...
[22:09:43.988] [R22-P03] Instance i-033dccb2bdf3266a9 launched, waiting...
[22:09:44.330] [R22-P09] Instance i-08a3ca380b1a5576b launched, waiting...
[22:09:45.426] [R22-P01] Instance i-0a662808f688e6a00 launched, waiting...
[22:09:45.538] [R22-P00] Instance i-05811ee69a7df0768 launched, waiting...
[22:09:47.284] [R22-P07] Instance i-0294267338e1d70a5 launched, waiting...
[22:09:47.554] [R22-P04] Instance i-0a72b9adf6516ea80 launched, waiting...
[22:09:49.527] [R22-P02] Instance i-09530c6a8d4db3aac launched, waiting...
[22:09:54.325] [R22-P05] Instance ready. IP: 3.85.28.230
[22:09:56.625] [R22-P06] Instance ready. IP: 107.22.102.8
[22:09:57.017] [R22-P08] Instance i-0c066e9ce0e66f0e1 launched, waiting...
[22:09:59.817] [R22-P03] Instance ready. IP: 54.174.28.124
[22:10:00.211] [R22-P09] Instance ready. IP: 3.90.231.93
[22:10:01.382] [R22-P01] Instance ready. IP: 54.81.178.241
[22:10:01.458] [R22-P00] Instance ready. IP: 18.234.57.203
[22:10:03.104] [R22-P07] Instance ready. IP: 13.216.240.156
[22:10:03.455] [R22-P04] Instance ready. IP: 98.93.139.223
[22:10:05.515] [R22-P02] Instance ready. IP: 35.168.21.133
[22:10:13.106] [R22-P08] Instance ready. IP: 54.237.45.20
[22:10:20.644] [R22-P05] SSH connected.
[22:10:21.859] [R22-P05] Waiting for SFTP slot...
[22:10:23.110] [R22-P06] SSH connected.
[22:10:24.345] [R22-P06] Waiting for SFTP slot...
[22:10:26.654] [R22-P09] SSH connected.
[22:10:26.863] [R22-P03] SSH connected.
[22:10:27.728] [R22-P00] SSH connected.
[22:10:27.780] [R22-P01] SSH connected.
[22:10:27.962] [R22-P09] Waiting for SFTP slot...
[22:10:28.552] [R22-P05] Uploading segment...
[22:10:28.638] [R22-P03] Waiting for SFTP slot...
[22:10:29.253] [R22-P00] Waiting for SFTP slot...
[22:10:29.255] [R22-P01] Waiting for SFTP slot...
[22:10:29.487] [R22-P07] SSH connected.
[22:10:29.789] [R22-P04] SSH connected.
[22:10:31.046] [R22-P07] Waiting for SFTP slot...
[22:10:31.360] [R22-P04] Waiting for SFTP slot...
[22:10:32.243] [R22-P02] SSH connected.
[22:10:33.508] [R22-P02] Waiting for SFTP slot...
[22:10:35.496] [R22-P06] Uploading segment...
[22:10:37.174] [R22-P05] Running compression...
[22:10:39.641] [R22-P08] SSH connected.
[22:10:40.733] [R22-P09] Uploading segment...
[22:10:41.416] [R22-P08] Waiting for SFTP slot...
[22:10:41.469] [R22-P03] Uploading segment...
[22:10:43.062] [R22-P00] Uploading segment...
[22:10:43.104] [R22-P09] Running compression...
[22:10:43.104] [R22-P01] Uploading segment...
[22:10:43.672] [R22-P06] Running compression...
[22:10:45.603] [R22-P00] Running compression...
[22:10:45.603] [R22-P07] Uploading segment...
[22:10:46.298] [R22-P01] Running compression...
[22:10:46.298] [R22-P04] Uploading segment...
[22:10:47.316] [R22-P02] Uploading segment...
[22:10:47.664] [R22-P03] Running compression...
[22:10:48.302] [R22-P08] Uploading segment...
[22:10:49.632] [R22-P07] Running compression...
[22:10:49.896] [R22-P02] Running compression...
[22:10:50.885] [R22-P04] Running compression...
[22:10:51.923] [R22-P08] Running compression...
[22:11:06.844] [R22-P05] Done! (90.6s)
[22:11:14.659] [R22-P09] Done! (98.4s)
[22:11:15.638] [R22-P05] Instance terminated.
[22:11:17.492] [R22-P01] Done! (101.3s)
[22:11:20.227] [R22-P06] Done! (104.0s)
[22:11:23.124] [R22-P00] Done! (106.9s)
[22:11:25.855] [R22-P02] Done! (109.7s)
[22:11:25.864] [R22-P03] Done! (109.7s)
[22:11:27.559] [R22-P04] Done! (111.3s)
[22:11:27.958] [R22-P07] Done! (111.7s)
[22:11:28.337] [R22-P09] Instance terminated.
[22:11:28.601] [R22-P01] Instance terminated.
[22:11:29.065] [R22-P08] Done! (112.8s)
[22:11:31.858] [R22-P06] Instance terminated.
[22:11:31.867] [R22-P00] Instance terminated.
[22:11:32.776] [R22-P02] Instance terminated.
[22:11:32.778] [R22-P03] Instance terminated.
[22:11:33.096] [R22-P04] Instance terminated.
[22:11:33.098] [R22-P07] Instance terminated.
[22:11:33.429] [R22-P08] Instance terminated.
[22:11:33.435] [m7g.large-Horiz-libvpx-vp9-R22] ============================================================
[22:11:33.436] [m7g.large-Horiz-libvpx-vp9-R22] RESULTS — 10x m7g.large Horizontal libvpx-vp9
[22:11:33.436] [m7g.large-Horiz-libvpx-vp9-R22]   Total Time:    117.26s (1.95 min)
[22:11:33.436] [m7g.large-Horiz-libvpx-vp9-R22] ============================================================
