[22:09:33.931] [m7g.large-Horiz-libx264-R30] === Horizontal m7g.large libx264 Run 30 ===
[22:09:33.931] [m7g.large-Horiz-libx264-R30] Parts dir: /home/breno/doutorado/ec2sweetspot_noms2/artifacts2/phase3_scaling/video_parts_m7g_large_libx264
[22:09:36.519] [R30-P05] Instance i-0ae9863f2415f1970 launched, waiting...
[22:09:36.663] [R30-P06] Instance i-02a64256a4a018e4a launched, waiting...
[22:09:36.671] [R30-P04] Instance i-0a49de74f9ebb7658 launched, waiting...
[22:09:36.673] [R30-P08] Instance i-02287936ada42a6e5 launched, waiting...
[22:09:36.728] [R30-P01] Instance i-08e325b522dce0ca3 launched, waiting...
[22:09:36.775] [R30-P03] Instance i-02c490b87e436923b launched, waiting...
[22:09:39.169] [R30-P09] Instance i-07202bb562eab66e2 launched, waiting...
[22:09:39.929] [R30-P00] Instance i-0e128df749ea9369d launched, waiting...
[22:09:52.377] [R30-P05] Instance ready. IP: 54.224.104.186
[22:09:52.549] [R30-P04] Instance ready. IP: 107.23.213.99
[22:09:52.551] [R30-P06] Instance ready. IP: 54.204.135.225
[22:09:52.555] [R30-P08] Instance ready. IP: 34.201.169.186
[22:09:52.642] [R30-P01] Instance ready. IP: 54.81.216.126
[22:09:52.811] [R30-P03] Instance ready. IP: 3.81.185.53
[22:09:53.592] [R30-P07] Instance i-07cde8522febd8c4b launched, waiting...
[22:09:55.052] [R30-P09] Instance ready. IP: 3.89.68.17
[22:09:55.253] [R30-P02] ERROR: An error occurred (RequestLimitExceeded) when calling the RunInstances operation (reached max retries: 4): Request limit exceeded. Account 460964766037 has been throttled on ec2:RunInstances because it exceeded its request rate limit.
[22:09:56.930] [R30-P00] Instance ready. IP: 35.153.204.26
[22:10:10.008] [R30-P07] Instance ready. IP: 54.164.205.198
[22:10:19.609] [R30-P08] SSH connected.
[22:10:19.630] [R30-P05] SSH connected.
[22:10:19.755] [R30-P04] SSH connected.
[22:10:19.807] [R30-P06] SSH connected.
[22:10:19.823] [R30-P01] SSH connected.
[22:10:20.068] [R30-P03] SSH connected.
[22:10:20.827] [R30-P08] Waiting for SFTP slot...
[22:10:21.024] [R30-P06] Waiting for SFTP slot...
[22:10:21.321] [R30-P05] Waiting for SFTP slot...
[22:10:21.381] [R30-P04] Waiting for SFTP slot...
[22:10:21.382] [R30-P01] Waiting for SFTP slot...
[22:10:21.448] [R30-P03] Waiting for SFTP slot...
[22:10:21.497] [R30-P09] SSH connected.
[22:10:22.908] [R30-P09] Waiting for SFTP slot...
[22:10:23.443] [R30-P00] SSH connected.
[22:10:25.048] [R30-P00] Waiting for SFTP slot...
[22:10:25.561] [R30-P08] Uploading segment...
[22:10:26.070] [R30-P06] Uploading segment...
[22:10:26.655] [R30-P05] Uploading segment...
[22:10:27.492] [R30-P04] Uploading segment...
[22:10:27.534] [R30-P01] Uploading segment...
[22:10:28.097] [R30-P03] Uploading segment...
[22:10:29.721] [R30-P09] Uploading segment...
[22:10:30.962] [R30-P08] Running compression...
[22:10:32.792] [R30-P03] Running compression...
[22:10:33.328] [R30-P06] Running compression...
[22:10:34.052] [R30-P04] Running compression...
[22:10:34.445] [R30-P01] Running compression...
[22:10:35.113] [R30-P05] Running compression...
[22:10:37.097] [R30-P09] Running compression...
[22:10:37.097] [R30-P00] Uploading segment...
[22:10:37.315] [R30-P08] Done! (63.3s)
[22:10:37.352] [R30-P07] SSH connected.
[22:10:37.922] [R30-P08] Instance terminated.
[22:10:38.856] [R30-P07] Waiting for SFTP slot...
[22:10:39.719] [R30-P00] Running compression...
[22:10:39.974] [R30-P06] Done! (66.0s)
[22:10:40.586] [R30-P06] Instance terminated.
[22:10:41.267] [R30-P03] Done! (67.3s)
[22:10:41.327] [R30-P05] Done! (67.4s)
[22:10:41.830] [R30-P03] Instance terminated.
[22:10:41.881] [R30-P04] Done! (67.9s)
[22:10:41.914] [R30-P05] Instance terminated.
[22:10:42.035] [R30-P01] Done! (68.1s)
[22:10:42.477] [R30-P04] Instance terminated.
[22:10:42.604] [R30-P01] Instance terminated.
[22:10:44.077] [R30-P09] Done! (70.1s)
[22:10:44.722] [R30-P09] Instance terminated.
[22:10:47.431] [R30-P07] Uploading segment...
[22:10:48.169] [R30-P00] Done! (74.2s)
[22:10:49.084] [R30-P00] Instance terminated.
[22:10:54.269] [R30-P07] Running compression...
[22:11:01.286] [R30-P07] Done! (87.3s)
[22:11:01.980] [R30-P07] Instance terminated.
[22:22:49.460] [m7g.large-Horiz-libx264-R30] === Horizontal m7g.large libx264 Run 30 ===
[22:22:49.460] [m7g.large-Horiz-libx264-R30] Parts dir: /home/breno/doutorado/ec2sweetspot_noms2/artifacts2/phase3_scaling/video_parts_m7g_large_libx264
[22:22:51.492] [R30-P09] Instance i-0965575949c1c1873 launched, waiting...
[22:22:51.496] [R30-P04] Instance i-0b73d7563aa62e20c launched, waiting...
[22:22:51.498] [R30-P03] Instance i-0468cd42ddfd77066 launched, waiting...
[22:22:51.504] [R30-P02] Instance i-0a9af82893b89c369 launched, waiting...
[22:22:51.511] [R30-P08] Instance i-0cff713e40c285648 launched, waiting...
[22:22:51.543] [R30-P00] Instance i-07334a98ab8321a11 launched, waiting...
[22:22:51.546] [R30-P01] Instance i-0872820518a91c159 launched, waiting...
[22:22:51.592] [R30-P06] Instance i-0702d66420344f7f9 launched, waiting...
[22:22:51.636] [R30-P07] Instance i-0dcc1826ec07391a6 launched, waiting...
[22:22:52.965] [R30-P05] Instance i-0e2e838108bf4cff1 launched, waiting...
[22:23:07.267] [R30-P02] Instance ready. IP: 3.87.46.182
[22:23:07.270] [R30-P09] Instance ready. IP: 100.55.13.99
[22:23:07.275] [R30-P03] Instance ready. IP: 107.23.44.156
[22:23:07.326] [R30-P04] Instance ready. IP: 100.31.60.143
[22:23:07.347] [R30-P01] Instance ready. IP: 35.175.241.11
[22:23:07.370] [R30-P08] Instance ready. IP: 100.30.216.164
[22:23:07.383] [R30-P00] Instance ready. IP: 98.93.101.66
[22:23:07.428] [R30-P07] Instance ready. IP: 54.145.31.31
[22:23:07.462] [R30-P06] Instance ready. IP: 54.172.104.152
[22:23:09.104] [R30-P05] Instance ready. IP: 98.93.129.90
[22:23:33.446] [R30-P03] SSH connected.
[22:23:33.469] [R30-P02] SSH connected.
[22:23:33.516] [R30-P09] SSH connected.
[22:23:33.546] [R30-P04] SSH connected.
[22:23:33.587] [R30-P08] SSH connected.
[22:23:33.606] [R30-P00] SSH connected.
[22:23:33.616] [R30-P01] SSH connected.
[22:23:33.621] [R30-P07] SSH connected.
[22:23:33.741] [R30-P06] SSH connected.
[22:23:34.786] [R30-P03] Waiting for SFTP slot...
[22:23:34.786] [R30-P03] Uploading segment...
[22:23:34.790] [R30-P09] Waiting for SFTP slot...
[22:23:34.790] [R30-P09] Uploading segment...
[22:23:34.827] [R30-P01] Waiting for SFTP slot...
[22:23:34.827] [R30-P01] Uploading segment...
[22:23:34.836] [R30-P02] Waiting for SFTP slot...
[22:23:34.836] [R30-P02] Uploading segment...
[22:23:34.846] [R30-P04] Waiting for SFTP slot...
[22:23:34.846] [R30-P04] Uploading segment...
[22:23:34.894] [R30-P08] Waiting for SFTP slot...
[22:23:34.894] [R30-P08] Uploading segment...
[22:23:34.931] [R30-P00] Waiting for SFTP slot...
[22:23:34.931] [R30-P00] Uploading segment...
[22:23:34.942] [R30-P07] Waiting for SFTP slot...
[22:23:34.943] [R30-P07] Uploading segment...
[22:23:35.198] [R30-P06] Waiting for SFTP slot...
[22:23:35.198] [R30-P06] Uploading segment...
[22:23:35.233] [R30-P05] SSH connected.
[22:23:36.729] [R30-P05] Waiting for SFTP slot...
[22:23:36.731] [R30-P05] Uploading segment...
[22:23:38.152] [R30-P03] Running compression...
[22:23:38.368] [R30-P09] Running compression...
[22:23:39.360] [R30-P04] Running compression...
[22:23:39.373] [R30-P01] Running compression...
[22:23:39.611] [R30-P07] Running compression...
[22:23:39.747] [R30-P02] Running compression...
[22:23:39.751] [R30-P08] Running compression...
[22:23:40.403] [R30-P00] Running compression...
[22:23:40.774] [R30-P06] Running compression...
[22:23:43.519] [R30-P05] Running compression...
[22:23:44.759] [R30-P09] Done! (55.2s)
[22:23:45.292] [R30-P03] Done! (55.8s)
[22:23:45.301] [R30-P09] Instance terminated.
[22:23:45.823] [R30-P03] Instance terminated.
[22:23:45.985] [R30-P08] Done! (56.5s)
[22:23:46.228] [R30-P01] Done! (56.7s)
[22:23:46.499] [R30-P08] Instance terminated.
[22:23:46.720] [R30-P07] Done! (57.2s)
[22:23:46.747] [R30-P01] Instance terminated.
[22:23:47.216] [R30-P04] Done! (57.7s)
[22:23:47.288] [R30-P07] Instance terminated.
[22:23:47.834] [R30-P04] Instance terminated.
[22:23:48.441] [R30-P00] Done! (59.0s)
[22:23:48.760] [R30-P02] Done! (59.3s)
[22:23:48.997] [R30-P00] Instance terminated.
[22:23:49.385] [R30-P02] Instance terminated.
[22:23:50.511] [R30-P05] Done! (61.0s)
[22:23:51.064] [R30-P05] Instance terminated.
[22:23:54.378] [R30-P06] Done! (64.9s)
[22:23:54.909] [R30-P06] Instance terminated.
[22:23:54.912] [m7g.large-Horiz-libx264-R30] ============================================================
[22:23:54.912] [m7g.large-Horiz-libx264-R30] RESULTS — 10x m7g.large Horizontal libx264
[22:23:54.912] [m7g.large-Horiz-libx264-R30]   Total Time:    65.45s (1.09 min)
[22:23:54.912] [m7g.large-Horiz-libx264-R30] ============================================================
