[22:02:27.238] [m7g.large-Horiz-libx264-R09] === Horizontal m7g.large libx264 Run 9 ===
[22:02:27.238] [m7g.large-Horiz-libx264-R09] Parts dir: /home/breno/doutorado/ec2sweetspot_noms2/artifacts2/phase3_scaling/video_parts_m7g_large_libx264
[22:02:30.361] [R09-P00] Instance i-04db0c434bd11713b launched, waiting...
[22:02:30.439] [R09-P06] Instance i-0719e13551aa4f4f5 launched, waiting...
[22:02:30.442] [R09-P03] Instance i-05fd4f16eda1e4a4e launched, waiting...
[22:02:30.446] [R09-P02] Instance i-0b28659a63fb6f742 launched, waiting...
[22:02:30.448] [R09-P05] Instance i-0d492e241d56d50af launched, waiting...
[22:02:42.667] [R09-P08] Instance i-0f19ca001d6489b68 launched, waiting...
[22:02:44.178] [R09-P04] Instance i-01ec3652694580e37 launched, waiting...
[22:02:45.385] [R09-P09] Instance i-09aacc4da4218936d launched, waiting...
[22:02:46.243] [R09-P01] Instance i-0709740937c687b98 launched, waiting...
[22:02:46.442] [R09-P07] Instance i-067969e91bbebda77 launched, waiting...
[22:02:46.491] [R09-P03] Instance ready. IP: 54.81.52.178
[22:02:46.493] [R09-P06] Instance ready. IP: 3.80.187.63
[22:02:46.505] [R09-P05] Instance ready. IP: 52.207.207.85
[22:02:46.686] [R09-P02] Instance ready. IP: 35.175.229.230
[22:02:46.753] [R09-P00] Instance ready. IP: 100.54.233.7
[22:02:58.777] [R09-P08] Instance ready. IP: 184.73.39.77
[22:03:00.317] [R09-P04] Instance ready. IP: 54.175.99.244
[22:03:02.177] [R09-P09] Instance ready. IP: 3.82.55.13
[22:03:02.667] [R09-P01] Instance ready. IP: 13.221.138.36
[22:03:02.758] [R09-P07] Instance ready. IP: 54.243.5.181
[22:03:14.576] [R09-P03] SSH connected.
[22:03:14.596] [R09-P05] SSH connected.
[22:03:14.626] [R09-P06] SSH connected.
[22:03:14.731] [R09-P02] SSH connected.
[22:03:14.903] [R09-P00] SSH connected.
[22:03:16.147] [R09-P05] Waiting for SFTP slot...
[22:03:16.181] [R09-P03] Waiting for SFTP slot...
[22:03:16.367] [R09-P06] Waiting for SFTP slot...
[22:03:16.647] [R09-P02] Waiting for SFTP slot...
[22:03:16.647] [R09-P00] Waiting for SFTP slot...
[22:03:25.794] [R09-P05] Uploading segment...
[22:03:25.992] [R09-P08] SSH connected.
[22:03:25.992] [R09-P03] Uploading segment...
[22:03:26.752] [R09-P04] SSH connected.
[22:03:28.164] [R09-P08] Waiting for SFTP slot...
[22:03:28.464] [R09-P06] Uploading segment...
[22:03:28.781] [R09-P04] Waiting for SFTP slot...
[22:03:29.446] [R09-P09] SSH connected.
[22:03:30.033] [R09-P01] SSH connected.
[22:03:30.078] [R09-P07] SSH connected.
[22:03:31.820] [R09-P09] Waiting for SFTP slot...
[22:03:32.104] [R09-P07] Waiting for SFTP slot...
[22:03:32.105] [R09-P01] Waiting for SFTP slot...
[22:03:32.690] [R09-P02] Uploading segment...
[22:03:33.553] [R09-P05] Running compression...
[22:03:33.553] [R09-P00] Uploading segment...
[22:03:34.447] [R09-P03] Running compression...
[22:03:39.653] [R09-P06] Running compression...
[22:03:39.963] [R09-P05] Done! (72.7s)
[22:03:40.617] [R09-P05] Instance terminated.
[22:03:43.090] [R09-P03] Done! (75.8s)
[22:03:43.593] [R09-P00] Running compression...
[22:03:43.593] [R09-P02] Running compression...
[22:03:43.746] [R09-P03] Instance terminated.
[22:03:48.068] [R09-P06] Done! (80.8s)
[22:03:48.439] [R09-P08] Uploading segment...
[22:03:48.677] [R09-P04] Uploading segment...
[22:03:48.733] [R09-P06] Instance terminated.
[22:03:49.824] [R09-P09] Uploading segment...
[22:03:50.487] [R09-P00] Done! (83.2s)
[22:03:51.113] [R09-P00] Instance terminated.
[22:03:51.342] [R09-P07] Uploading segment...
[22:03:51.385] [R09-P01] Uploading segment...
[22:03:52.158] [R09-P02] Done! (84.9s)
[22:03:52.962] [R09-P02] Instance terminated.
[22:03:59.024] [R09-P04] Running compression...
[22:03:59.919] [R09-P08] Running compression...
[22:04:01.239] [R09-P07] Running compression...
[22:04:01.586] [R09-P09] Running compression...
[22:04:02.476] [R09-P01] Running compression...
[22:04:06.271] [R09-P04] Done! (99.0s)
[22:04:07.061] [R09-P04] Instance terminated.
[22:04:07.416] [R09-P08] Done! (100.1s)
[22:04:08.783] [R09-P07] Done! (101.5s)
[22:04:09.315] [R09-P09] Done! (102.0s)
[22:04:09.653] [R09-P07] Instance terminated.
[22:04:09.660] [R09-P01] Done! (102.4s)
[22:04:09.935] [R09-P08] Instance terminated.
[22:04:11.685] [R09-P09] Instance terminated.
[22:04:11.997] [R09-P01] Instance terminated.
[22:04:11.999] [m7g.large-Horiz-libx264-R09] ============================================================
[22:04:11.999] [m7g.large-Horiz-libx264-R09] RESULTS — 10x m7g.large Horizontal libx264
[22:04:11.999] [m7g.large-Horiz-libx264-R09]   Total Time:    104.76s (1.75 min)
[22:04:11.999] [m7g.large-Horiz-libx264-R09] ============================================================
