[22:04:11.999] [m7g.large-Horiz-libx264-R13] === Horizontal m7g.large libx264 Run 13 ===
[22:04:11.999] [m7g.large-Horiz-libx264-R13] Parts dir: /home/breno/doutorado/ec2sweetspot_noms2/artifacts2/phase3_scaling/video_parts_m7g_large_libx264
[22:04:14.718] [R13-P08] Instance i-056d5d8c2577920c5 launched, waiting...
[22:04:14.724] [R13-P09] Instance i-0b8fd57a70c1b2b81 launched, waiting...
[22:04:14.726] [R13-P04] Instance i-010b97ddfa847df0f launched, waiting...
[22:04:14.731] [R13-P05] Instance i-04adafeefc77a9ce8 launched, waiting...
[22:04:14.765] [R13-P01] Instance i-0c0b3d664e93e88fb launched, waiting...
[22:04:14.768] [R13-P07] Instance i-03b6438cff466899e launched, waiting...
[22:04:14.830] [R13-P03] Instance i-0ad75f79557396290 launched, waiting...
[22:04:14.881] [R13-P02] Instance i-041c17f2118814f7d launched, waiting...
[22:04:14.909] [R13-P00] Instance i-02a280269663bbc62 launched, waiting...
[22:04:15.063] [R13-P06] Instance i-0fd28ba1357954a5c launched, waiting...
[22:04:30.915] [R13-P09] Instance ready. IP: 98.83.207.134
[22:04:30.921] [R13-P00] Instance ready. IP: 18.232.101.57
[22:04:30.925] [R13-P08] Instance ready. IP: 3.81.106.108
[22:04:30.926] [R13-P07] Instance ready. IP: 54.224.7.44
[22:04:30.944] [R13-P04] Instance ready. IP: 107.23.242.185
[22:04:31.048] [R13-P01] Instance ready. IP: 18.212.152.197
[22:04:31.062] [R13-P05] Instance ready. IP: 54.198.12.245
[22:04:31.089] [R13-P03] Instance ready. IP: 18.215.230.229
[22:04:31.116] [R13-P02] Instance ready. IP: 34.230.22.235
[22:04:31.168] [R13-P06] Instance ready. IP: 54.88.23.96
[22:04:58.283] [R13-P00] SSH connected.
[22:04:58.291] [R13-P09] SSH connected.
[22:04:58.399] [R13-P08] SSH connected.
[22:04:58.400] [R13-P05] SSH connected.
[22:04:58.411] [R13-P04] SSH connected.
[22:04:58.624] [R13-P06] SSH connected.
[22:04:59.237] [R13-P02] SSH connected.
[22:04:59.636] [R13-P03] SSH connected.
[22:04:59.674] [R13-P07] SSH connected.
[22:05:00.101] [R13-P01] SSH connected.
[22:05:00.145] [R13-P08] Waiting for SFTP slot...
[22:05:00.272] [R13-P04] Waiting for SFTP slot...
[22:05:00.389] [R13-P09] Waiting for SFTP slot...
[22:05:00.423] [R13-P00] Waiting for SFTP slot...
[22:05:00.442] [R13-P06] Waiting for SFTP slot...
[22:05:00.471] [R13-P05] Waiting for SFTP slot...
[22:05:00.655] [R13-P03] Waiting for SFTP slot...
[22:05:00.699] [R13-P02] Waiting for SFTP slot...
[22:05:01.769] [R13-P07] Waiting for SFTP slot...
[22:05:02.357] [R13-P01] Waiting for SFTP slot...
[22:05:46.147] [R13-P08] Uploading segment...
[22:05:46.224] [R13-P04] Uploading segment...
[22:05:46.322] [R13-P09] Uploading segment...
[22:05:48.570] [R13-P00] Uploading segment...
[22:05:49.152] [R13-P06] Uploading segment...
[22:05:50.150] [R13-P05] Uploading segment...
[22:05:50.927] [R13-P03] Uploading segment...
[22:05:51.627] [R13-P02] Uploading segment...
[22:05:52.681] [R13-P07] Uploading segment...
[22:05:53.366] [R13-P01] Uploading segment...
[22:05:57.108] [R13-P04] Running compression...
[22:05:57.217] [R13-P08] Running compression...
[22:05:57.707] [R13-P09] Running compression...
[22:05:58.329] [R13-P00] Running compression...
[22:05:58.380] [R13-P06] Running compression...
[22:06:00.728] [R13-P05] Running compression...
[22:06:02.137] [R13-P03] Running compression...
[22:06:03.528] [R13-P04] Done! (111.5s)
[22:06:03.810] [R13-P07] Running compression...
[22:06:04.146] [R13-P02] Running compression...
[22:06:04.253] [R13-P09] Done! (112.2s)
[22:06:05.026] [R13-P01] Running compression...
[22:06:05.212] [R13-P04] Instance terminated.
[22:06:05.277] [R13-P06] Done! (113.2s)
[22:06:05.872] [R13-P09] Instance terminated.
[22:06:06.852] [R13-P06] Instance terminated.
[22:06:07.109] [R13-P05] Done! (115.1s)
[22:06:08.329] [R13-P05] Instance terminated.
[22:06:08.921] [R13-P08] Done! (116.9s)
[22:06:09.111] [R13-P03] Done! (117.1s)
[22:06:10.443] [R13-P08] Instance terminated.
[22:06:10.633] [R13-P03] Instance terminated.
[22:06:10.887] [R13-P07] Done! (118.8s)
[22:06:11.137] [R13-P00] Done! (119.1s)
[22:06:11.426] [R13-P01] Done! (119.4s)
[22:06:12.077] [R13-P07] Instance terminated.
[22:06:12.286] [R13-P00] Instance terminated.
[22:06:12.645] [R13-P01] Instance terminated.
[22:06:16.406] [R13-P02] Done! (124.4s)
[22:06:17.726] [R13-P02] Instance terminated.
[22:06:17.729] [m7g.large-Horiz-libx264-R13] ============================================================
[22:06:17.729] [m7g.large-Horiz-libx264-R13] RESULTS — 10x m7g.large Horizontal libx264
[22:06:17.729] [m7g.large-Horiz-libx264-R13]   Total Time:    125.73s (2.10 min)
[22:06:17.729] [m7g.large-Horiz-libx264-R13] ============================================================
