[22:02:18.053] [m7g.large-Horiz-libx264-R08] === Horizontal m7g.large libx264 Run 8 ===
[22:02:18.054] [m7g.large-Horiz-libx264-R08] Parts dir: /home/breno/doutorado/ec2sweetspot_noms2/artifacts2/phase3_scaling/video_parts_m7g_large_libx264
[22:02:23.672] [R08-P07] Instance i-0345fa439f2edfee3 launched, waiting...
[22:02:25.938] [R08-P02] Instance i-0d4c00f5be0b02717 launched, waiting...
[22:02:28.206] [R08-P01] Instance i-0900db4315b1470e8 launched, waiting...
[22:02:28.893] [R08-P03] Instance i-0c4b68751961dd510 launched, waiting...
[22:02:28.895] [R08-P08] Instance i-030d6fba363b21bce launched, waiting...
[22:02:30.444] [R08-P09] Instance i-08f820db797979977 launched, waiting...
[22:02:30.557] [R08-P04] Instance i-04c2aee5aa9d079ce launched, waiting...
[22:02:39.708] [R08-P05] Instance i-0e9222474672c396b launched, waiting...
[22:02:40.428] [R08-P00] ERROR: An error occurred (RequestLimitExceeded) when calling the RunInstances operation (reached max retries: 4): Request limit exceeded. Account 460964766037 has been throttled on ec2:RunInstances because it exceeded its request rate limit.
[22:02:40.676] [R08-P07] Instance ready. IP: 174.129.176.226
[22:02:40.691] [R08-P06] ERROR: An error occurred (RequestLimitExceeded) when calling the RunInstances operation (reached max retries: 4): Request limit exceeded. Account 460964766037 has been throttled on ec2:RunInstances because it exceeded its request rate limit.
[22:02:41.936] [R08-P02] Instance ready. IP: 34.207.218.148
[22:02:44.806] [R08-P01] Instance ready. IP: 23.21.10.143
[22:02:45.075] [R08-P08] Instance ready. IP: 13.217.109.127
[22:02:45.397] [R08-P03] Instance ready. IP: 54.86.129.62
[22:02:46.693] [R08-P09] Instance ready. IP: 54.224.125.171
[22:02:46.695] [R08-P04] Instance ready. IP: 54.196.58.219
[22:02:55.597] [R08-P05] Instance ready. IP: 13.221.119.99
[22:03:08.642] [R08-P07] SSH connected.
[22:03:09.811] [R08-P02] SSH connected.
[22:03:11.407] [R08-P07] Waiting for SFTP slot...
[22:03:12.152] [R08-P02] Waiting for SFTP slot...
[22:03:13.872] [R08-P08] SSH connected.
[22:03:14.072] [R08-P01] SSH connected.
[22:03:14.074] [R08-P03] SSH connected.
[22:03:14.718] [R08-P04] SSH connected.
[22:03:14.729] [R08-P09] SSH connected.
[22:03:15.469] [R08-P08] Waiting for SFTP slot...
[22:03:15.520] [R08-P03] Waiting for SFTP slot...
[22:03:15.811] [R08-P01] Waiting for SFTP slot...
[22:03:16.451] [R08-P09] Waiting for SFTP slot...
[22:03:16.500] [R08-P04] Waiting for SFTP slot...
[22:03:19.312] [R08-P07] Uploading segment...
[22:03:19.566] [R08-P02] Uploading segment...
[22:03:22.937] [R08-P05] SSH connected.
[22:03:24.715] [R08-P05] Waiting for SFTP slot...
[22:03:25.543] [R08-P07] Running compression...
[22:03:25.544] [R08-P08] Uploading segment...
[22:03:25.577] [R08-P03] Uploading segment...
[22:03:25.794] [R08-P01] Uploading segment...
[22:03:25.992] [R08-P02] Running compression...
[22:03:30.633] [R08-P09] Uploading segment...
[22:03:31.866] [R08-P08] Running compression...
[22:03:31.933] [R08-P03] Running compression...
[22:03:31.933] [R08-P04] Uploading segment...
[22:03:32.690] [R08-P01] Running compression...
[22:03:32.812] [R08-P07] Done! (74.6s)
[22:03:33.716] [R08-P07] Instance terminated.
[22:03:33.819] [R08-P02] Done! (75.7s)
[22:03:34.918] [R08-P02] Instance terminated.
[22:03:38.644] [R08-P08] Done! (80.4s)
[22:03:39.268] [R08-P08] Instance terminated.
[22:03:39.489] [R08-P03] Done! (81.3s)
[22:03:39.744] [R08-P09] Running compression...
[22:03:40.081] [R08-P03] Instance terminated.
[22:03:40.623] [R08-P01] Done! (82.5s)
[22:03:41.381] [R08-P01] Instance terminated.
[22:03:42.177] [R08-P04] Running compression...
[22:03:43.593] [R08-P05] Uploading segment...
[22:03:45.928] [R08-P09] Done! (87.7s)
[22:03:47.791] [R08-P09] Instance terminated.
[22:03:48.683] [R08-P04] Done! (90.5s)
[22:03:49.368] [R08-P04] Instance terminated.
[22:03:51.385] [R08-P05] Running compression...
[22:03:57.892] [R08-P05] Done! (99.7s)
[22:03:59.025] [R08-P05] Instance terminated.
[22:20:28.221] [m7g.large-Horiz-libx264-R08] === Horizontal m7g.large libx264 Run 8 ===
[22:20:28.221] [m7g.large-Horiz-libx264-R08] Parts dir: /home/breno/doutorado/ec2sweetspot_noms2/artifacts2/phase3_scaling/video_parts_m7g_large_libx264
[22:20:32.215] [R08-P05] Instance i-04635ea397dc765c2 launched, waiting...
[22:20:32.365] [R08-P04] Instance i-0282c30f4271629a5 launched, waiting...
[22:20:32.451] [R08-P01] Instance i-03ceaf01e2ff92a61 launched, waiting...
[22:20:33.828] [R08-P08] Instance i-0466821cb2ea27b68 launched, waiting...
[22:20:34.692] [R08-P02] Instance i-0cbb7d94d8915bf17 launched, waiting...
[22:20:34.881] [R08-P00] Instance i-06f35f520f991d8a5 launched, waiting...
[22:20:34.924] [R08-P09] Instance i-083a750ddfe16285d launched, waiting...
[22:20:35.043] [R08-P06] Instance i-06b2639ea809d49a8 launched, waiting...
[22:20:35.137] [R08-P07] Instance i-008d05d919f6f60d5 launched, waiting...
[22:20:42.372] [R08-P03] Instance i-0d54b6ec0e827599f launched, waiting...
[22:20:48.174] [R08-P04] Instance ready. IP: 100.30.203.102
[22:20:48.240] [R08-P01] Instance ready. IP: 3.90.141.58
[22:20:48.446] [R08-P05] Instance ready. IP: 54.197.54.239
[22:20:49.675] [R08-P08] Instance ready. IP: 54.237.249.237
[22:20:50.509] [R08-P02] Instance ready. IP: 54.80.97.46
[22:20:50.685] [R08-P00] Instance ready. IP: 52.207.222.116
[22:20:50.686] [R08-P09] Instance ready. IP: 98.82.182.113
[22:20:51.023] [R08-P06] Instance ready. IP: 184.73.82.122
[22:20:51.154] [R08-P07] Instance ready. IP: 98.93.110.236
[22:20:58.120] [R08-P03] Instance ready. IP: 100.30.205.119
[22:21:14.490] [R08-P04] SSH connected.
[22:21:14.491] [R08-P01] SSH connected.
[22:21:14.665] [R08-P05] SSH connected.
[22:21:15.731] [R08-P01] Waiting for SFTP slot...
[22:21:15.731] [R08-P01] Uploading segment...
[22:21:15.922] [R08-P04] Waiting for SFTP slot...
[22:21:15.922] [R08-P04] Uploading segment...
[22:21:16.014] [R08-P08] SSH connected.
[22:21:16.088] [R08-P05] Waiting for SFTP slot...
[22:21:16.089] [R08-P05] Uploading segment...
[22:21:16.780] [R08-P02] SSH connected.
[22:21:16.936] [R08-P09] SSH connected.
[22:21:16.959] [R08-P00] SSH connected.
[22:21:17.276] [R08-P06] SSH connected.
[22:21:17.441] [R08-P08] Waiting for SFTP slot...
[22:21:17.443] [R08-P08] Uploading segment...
[22:21:17.443] [R08-P07] SSH connected.
[22:21:18.300] [R08-P02] Waiting for SFTP slot...
[22:21:18.300] [R08-P02] Uploading segment...
[22:21:18.418] [R08-P09] Waiting for SFTP slot...
[22:21:18.420] [R08-P09] Uploading segment...
[22:21:18.419] [R08-P00] Waiting for SFTP slot...
[22:21:18.505] [R08-P00] Uploading segment...
[22:21:18.720] [R08-P06] Waiting for SFTP slot...
[22:21:18.721] [R08-P06] Uploading segment...
[22:21:18.917] [R08-P07] Waiting for SFTP slot...
[22:21:19.195] [R08-P05] Running compression...
[22:21:19.196] [R08-P07] Uploading segment...
[22:21:19.326] [R08-P04] Running compression...
[22:21:22.310] [R08-P02] Running compression...
[22:21:23.766] [R08-P09] Running compression...
[22:21:24.359] [R08-P08] Running compression...
[22:21:24.591] [R08-P03] SSH connected.
[22:21:24.781] [R08-P00] Running compression...
[22:21:25.763] [R08-P01] Running compression...
[22:21:25.838] [R08-P05] Done! (57.6s)
[22:21:25.957] [R08-P03] Waiting for SFTP slot...
[22:21:26.095] [R08-P06] Running compression...
[22:21:26.420] [R08-P05] Instance terminated.
[22:21:27.660] [R08-P04] Done! (59.4s)
[22:21:28.283] [R08-P04] Instance terminated.
[22:21:29.248] [R08-P07] Running compression...
[22:21:29.249] [R08-P03] Uploading segment...
[22:21:29.615] [R08-P02] Done! (61.4s)
[22:21:30.178] [R08-P02] Instance terminated.
[22:21:31.493] [R08-P09] Done! (63.2s)
[22:21:31.718] [R08-P01] Done! (63.5s)
[22:21:32.190] [R08-P09] Instance terminated.
[22:21:32.391] [R08-P01] Instance terminated.
[22:21:32.471] [R08-P08] Done! (64.2s)
[22:21:32.699] [R08-P00] Done! (64.5s)
[22:21:32.987] [R08-P03] Running compression...
[22:21:33.168] [R08-P08] Instance terminated.
[22:21:33.293] [R08-P00] Instance terminated.
[22:21:33.297] [R08-P06] Done! (65.0s)
[22:21:34.054] [R08-P06] Instance terminated.
[22:21:37.052] [R08-P07] Done! (68.8s)
[22:21:37.671] [R08-P07] Instance terminated.
[22:21:40.364] [R08-P03] Done! (72.1s)
[22:21:41.006] [R08-P03] Instance terminated.
[22:21:41.010] [m7g.large-Horiz-libx264-R08] ============================================================
[22:21:41.010] [m7g.large-Horiz-libx264-R08] RESULTS — 10x m7g.large Horizontal libx264
[22:21:41.010] [m7g.large-Horiz-libx264-R08]   Total Time:    72.79s (1.21 min)
[22:21:41.010] [m7g.large-Horiz-libx264-R08] ============================================================
