[22:03:09.753] [m7g.large-Horiz-libvpx-vp9-R10] === Horizontal m7g.large libvpx-vp9 Run 10 ===
[22:03:09.753] [m7g.large-Horiz-libvpx-vp9-R10] Parts dir: /home/breno/doutorado/ec2sweetspot_noms2/artifacts2/phase3_scaling/video_parts_m7g_large_libvpx-vp9
[22:03:14.126] [R10-P04] Instance i-005e7003161f333e0 launched, waiting...
[22:03:14.139] [R10-P08] Instance i-029dd9c0827411cf0 launched, waiting...
[22:03:14.190] [R10-P00] Instance i-0d876066a06ebb057 launched, waiting...
[22:03:14.731] [R10-P05] Instance i-07c2d7d342f31ca5c launched, waiting...
[22:03:14.826] [R10-P06] Instance i-01cf8d8349e09af05 launched, waiting...
[22:03:14.872] [R10-P09] Instance i-0bfd9ebe517513ec5 launched, waiting...
[22:03:14.944] [R10-P07] Instance i-057ab1e91462b8ac3 launched, waiting...
[22:03:15.197] [R10-P01] Instance i-0f23336e325073d76 launched, waiting...
[22:03:15.202] [R10-P03] Instance i-0c5f6bffa846d868d launched, waiting...
[22:03:30.246] [R10-P00] Instance ready. IP: 54.227.123.36
[22:03:30.247] [R10-P08] Instance ready. IP: 54.89.81.131
[22:03:30.631] [R10-P04] Instance ready. IP: 54.92.154.190
[22:03:31.445] [R10-P07] Instance ready. IP: 107.22.126.225
[22:03:31.629] [R10-P02] Instance i-007ba2aef2752bd28 launched, waiting...
[22:03:31.720] [R10-P05] Instance ready. IP: 100.30.191.56
[22:03:31.813] [R10-P06] Instance ready. IP: 54.160.204.138
[22:03:31.817] [R10-P01] Instance ready. IP: 54.197.220.225
[22:03:31.874] [R10-P03] Instance ready. IP: 34.207.233.83
[22:03:31.975] [R10-P09] Instance ready. IP: 3.80.187.133
[22:03:48.219] [R10-P02] Instance ready. IP: 52.23.247.123
[22:03:57.374] [R10-P08] SSH connected.
[22:03:57.404] [R10-P00] SSH connected.
[22:03:57.957] [R10-P04] SSH connected.
[22:03:59.622] [R10-P07] SSH connected.
[22:03:59.877] [R10-P06] SSH connected.
[22:03:59.941] [R10-P08] Waiting for SFTP slot...
[22:03:59.970] [R10-P05] SSH connected.
[22:04:00.138] [R10-P03] SSH connected.
[22:04:00.143] [R10-P00] Waiting for SFTP slot...
[22:04:00.383] [R10-P09] SSH connected.
[22:04:00.383] [R10-P04] Waiting for SFTP slot...
[22:04:01.171] [R10-P07] Waiting for SFTP slot...
[22:04:01.244] [R10-P06] Waiting for SFTP slot...
[22:04:01.358] [R10-P05] Waiting for SFTP slot...
[22:04:01.560] [R10-P03] Waiting for SFTP slot...
[22:04:01.617] [R10-P09] Waiting for SFTP slot...
[22:04:01.822] [R10-P01] SSH connected.
[22:04:03.117] [R10-P01] Waiting for SFTP slot...
[22:04:15.231] [R10-P02] SSH connected.
[22:04:16.976] [R10-P02] Waiting for SFTP slot...
[22:04:41.600] [R10-P08] Uploading segment...
[22:04:42.346] [R10-P00] Uploading segment...
[22:04:48.674] [R10-P04] Uploading segment...
[22:04:49.721] [R10-P07] Uploading segment...
[22:04:50.525] [R10-P06] Uploading segment...
[22:04:50.599] [R10-P08] Running compression...
[22:04:50.599] [R10-P05] Uploading segment...
[22:04:53.435] [R10-P00] Running compression...
[22:04:56.403] [R10-P03] Uploading segment...
[22:04:56.779] [R10-P07] Running compression...
[22:04:56.779] [R10-P09] Uploading segment...
[22:04:59.532] [R10-P04] Running compression...
[22:05:02.055] [R10-P05] Running compression...
[22:05:02.056] [R10-P01] Uploading segment...
[22:05:02.600] [R10-P06] Running compression...
[22:05:09.661] [R10-P03] Running compression...
[22:05:10.007] [R10-P09] Running compression...
[22:05:13.962] [R10-P01] Running compression...
[22:05:21.128] [R10-P02] Uploading segment...
[22:05:29.253] [R10-P08] Done! (139.4s)
[22:05:31.027] [R10-P02] Running compression...
[22:05:31.575] [R10-P08] Instance terminated.
[22:05:32.968] [R10-P05] Done! (143.2s)
[22:05:34.288] [R10-P05] Instance terminated.
[22:05:34.422] [R10-P04] Done! (144.6s)
[22:05:35.964] [R10-P04] Instance terminated.
[22:05:36.508] [R10-P00] Done! (146.7s)
[22:05:38.252] [R10-P00] Instance terminated.
[22:05:40.151] [R10-P09] Done! (150.3s)
[22:05:41.458] [R10-P09] Instance terminated.
[22:05:41.485] [R10-P01] Done! (151.7s)
[22:05:43.524] [R10-P01] Instance terminated.
[22:05:43.644] [R10-P06] Done! (153.8s)
[22:05:44.893] [R10-P06] Instance terminated.
[22:05:45.968] [R10-P03] Done! (156.2s)
[22:05:46.409] [R10-P07] Done! (156.6s)
[22:05:47.364] [R10-P03] Instance terminated.
[22:05:48.039] [R10-P07] Instance terminated.
[22:06:06.410] [R10-P02] Done! (176.6s)
[22:06:07.716] [R10-P02] Instance terminated.
[22:06:07.719] [m7g.large-Horiz-libvpx-vp9-R10] ============================================================
[22:06:07.719] [m7g.large-Horiz-libvpx-vp9-R10] RESULTS — 10x m7g.large Horizontal libvpx-vp9
[22:06:07.719] [m7g.large-Horiz-libvpx-vp9-R10]   Total Time:    177.97s (2.97 min)
[22:06:07.719] [m7g.large-Horiz-libvpx-vp9-R10] ============================================================
