[22:06:07.719] [m7g.large-Horiz-libvpx-vp9-R14] === Horizontal m7g.large libvpx-vp9 Run 14 ===
[22:06:07.719] [m7g.large-Horiz-libvpx-vp9-R14] Parts dir: /home/breno/doutorado/ec2sweetspot_noms2/artifacts2/phase3_scaling/video_parts_m7g_large_libvpx-vp9
[22:06:09.763] [R14-P02] Instance i-0f44d930a8a16dafd launched, waiting...
[22:06:09.899] [R14-P06] Instance i-03cd3dc2ed05d5037 launched, waiting...
[22:06:10.453] [R14-P05] Instance i-0fa30914056d51bd6 launched, waiting...
[22:06:10.635] [R14-P04] Instance i-0d3d2c152e3d938a0 launched, waiting...
[22:06:10.698] [R14-P08] Instance i-05f1d09c6d84ea045 launched, waiting...
[22:06:12.955] [R14-P09] Instance i-08502c1fca7e05987 launched, waiting...
[22:06:16.110] [R14-P07] Instance i-03bfc19b4a4fb4e51 launched, waiting...
[22:06:17.678] [R14-P00] Instance i-0102244320ade77d0 launched, waiting...
[22:06:23.525] [R14-P03] Instance i-0b6e57778f01d4a41 launched, waiting...
[22:06:27.068] [R14-P02] Instance ready. IP: 34.207.136.182
[22:06:27.251] [R14-P06] Instance ready. IP: 3.93.22.148
[22:06:27.350] [R14-P04] Instance ready. IP: 54.162.153.28
[22:06:27.351] [R14-P05] Instance ready. IP: 54.160.152.140
[22:06:27.405] [R14-P08] Instance ready. IP: 34.238.163.29
[22:06:28.445] [R14-P01] ERROR: An error occurred (RequestLimitExceeded) when calling the RunInstances operation (reached max retries: 4): Request limit exceeded. Account 460964766037 has been throttled on ec2:RunInstances because it exceeded its request rate limit.
[22:06:28.991] [R14-P09] Instance ready. IP: 34.235.146.114
[22:06:32.540] [R14-P07] Instance ready. IP: 3.92.43.1
[22:06:34.022] [R14-P00] Instance ready. IP: 35.173.253.68
[22:06:40.010] [R14-P03] Instance ready. IP: 54.175.162.255
[22:06:53.429] [R14-P02] SSH connected.
[22:06:53.496] [R14-P04] SSH connected.
[22:06:53.576] [R14-P06] SSH connected.
[22:06:53.578] [R14-P05] SSH connected.
[22:06:54.694] [R14-P04] Waiting for SFTP slot...
[22:06:54.836] [R14-P05] Waiting for SFTP slot...
[22:06:55.033] [R14-P02] Waiting for SFTP slot...
[22:06:55.043] [R14-P08] SSH connected.
[22:06:55.160] [R14-P06] Waiting for SFTP slot...
[22:06:55.596] [R14-P09] SSH connected.
[22:06:56.252] [R14-P08] Waiting for SFTP slot...
[22:06:56.847] [R14-P04] Uploading segment...
[22:06:56.973] [R14-P09] Waiting for SFTP slot...
[22:06:57.141] [R14-P05] Uploading segment...
[22:06:59.033] [R14-P02] Uploading segment...
[22:06:59.076] [R14-P07] SSH connected.
[22:06:59.962] [R14-P06] Uploading segment...
[22:07:00.642] [R14-P07] Waiting for SFTP slot...
[22:07:00.801] [R14-P08] Uploading segment...
[22:07:00.941] [R14-P00] SSH connected.
[22:07:00.942] [R14-P09] Uploading segment...
[22:07:01.897] [R14-P04] Running compression...
[22:07:02.576] [R14-P00] Waiting for SFTP slot...
[22:07:02.647] [R14-P06] Running compression...
[22:07:04.852] [R14-P05] Running compression...
[22:07:06.739] [R14-P03] SSH connected.
[22:07:08.101] [R14-P03] Waiting for SFTP slot...
[22:07:08.137] [R14-P08] Running compression...
[22:07:08.285] [R14-P02] Running compression...
[22:07:08.633] [R14-P09] Running compression...
[22:07:11.298] [R14-P00] Uploading segment...
[22:07:12.884] [R14-P07] Uploading segment...
[22:07:19.714] [R14-P03] Uploading segment...
[22:07:19.776] [R14-P00] Running compression...
[22:07:19.893] [R14-P07] Running compression...
[22:07:28.635] [R14-P03] Running compression...
[22:07:34.458] [R14-P05] Done! (86.7s)
[22:07:35.693] [R14-P05] Instance terminated.
[22:07:36.551] [R14-P04] Done! (88.8s)
[22:07:37.795] [R14-P04] Instance terminated.
[22:07:37.871] [R14-P06] Done! (90.1s)
[22:07:38.996] [R14-P06] Instance terminated.
[22:07:39.865] [R14-P09] Done! (92.1s)
[22:07:41.009] [R14-P09] Instance terminated.
[22:07:43.064] [R14-P02] Done! (95.3s)
[22:07:43.494] [R14-P08] Done! (95.7s)
[22:07:44.080] [R14-P02] Instance terminated.
[22:07:44.494] [R14-P08] Instance terminated.
[22:07:56.970] [R14-P00] Done! (109.2s)
[22:07:58.133] [R14-P00] Instance terminated.
[22:07:58.308] [R14-P07] Done! (110.5s)
[22:08:00.008] [R14-P07] Instance terminated.
[22:08:05.076] [R14-P03] Done! (117.3s)
[22:08:06.172] [R14-P03] Instance terminated.
[22:20:26.107] [m7g.large-Horiz-libvpx-vp9-R14] === Horizontal m7g.large libvpx-vp9 Run 14 ===
[22:20:26.107] [m7g.large-Horiz-libvpx-vp9-R14] Parts dir: /home/breno/doutorado/ec2sweetspot_noms2/artifacts2/phase3_scaling/video_parts_m7g_large_libvpx-vp9
[22:20:27.971] [R14-P02] Instance i-0ccc0a9ef81d43ba2 launched, waiting...
[22:20:27.987] [R14-P04] Instance i-0450985db51198a60 launched, waiting...
[22:20:28.037] [R14-P01] Instance i-0c04d7dcac1979c9a launched, waiting...
[22:20:28.046] [R14-P07] Instance i-00d977c21417bc4be launched, waiting...
[22:20:28.062] [R14-P06] Instance i-0dedbd81ea60856f5 launched, waiting...
[22:20:28.068] [R14-P03] Instance i-0d3178f22ed6a11b4 launched, waiting...
[22:20:28.064] [R14-P00] Instance i-0512a2072f9ee46f8 launched, waiting...
[22:20:28.072] [R14-P05] Instance i-0b6cdc68677e8d017 launched, waiting...
[22:20:28.075] [R14-P09] Instance i-095517f7610bad8ac launched, waiting...
[22:20:37.335] [R14-P08] Instance i-0a79846500348a9d8 launched, waiting...
[22:20:43.796] [R14-P02] Instance ready. IP: 75.101.171.206
[22:20:43.799] [R14-P04] Instance ready. IP: 3.90.174.217
[22:20:43.850] [R14-P05] Instance ready. IP: 54.90.162.235
[22:20:43.856] [R14-P01] Instance ready. IP: 3.94.253.167
[22:20:43.859] [R14-P06] Instance ready. IP: 50.16.26.188
[22:20:43.876] [R14-P00] Instance ready. IP: 3.81.94.5
[22:20:44.262] [R14-P07] Instance ready. IP: 34.226.216.214
[22:20:44.340] [R14-P09] Instance ready. IP: 34.228.222.29
[22:20:44.601] [R14-P03] Instance ready. IP: 54.224.69.15
[22:20:53.140] [R14-P08] Instance ready. IP: 100.24.51.222
[22:21:10.021] [R14-P02] SSH connected.
[22:21:10.022] [R14-P04] SSH connected.
[22:21:10.120] [R14-P01] SSH connected.
[22:21:10.122] [R14-P05] SSH connected.
[22:21:10.134] [R14-P06] SSH connected.
[22:21:10.135] [R14-P00] SSH connected.
[22:21:10.547] [R14-P07] SSH connected.
[22:21:10.643] [R14-P09] SSH connected.
[22:21:11.091] [R14-P03] SSH connected.
[22:21:11.343] [R14-P04] Waiting for SFTP slot...
[22:21:11.343] [R14-P02] Waiting for SFTP slot...
[22:21:11.343] [R14-P01] Waiting for SFTP slot...
[22:21:11.344] [R14-P04] Uploading segment...
[22:21:11.536] [R14-P00] Waiting for SFTP slot...
[22:21:11.536] [R14-P06] Waiting for SFTP slot...
[22:21:11.701] [R14-P05] Waiting for SFTP slot...
[22:21:11.980] [R14-P02] Uploading segment...
[22:21:12.085] [R14-P07] Waiting for SFTP slot...
[22:21:12.204] [R14-P09] Waiting for SFTP slot...
[22:21:12.256] [R14-P01] Uploading segment...
[22:21:12.360] [R14-P03] Waiting for SFTP slot...
[22:21:12.677] [R14-P00] Uploading segment...
[22:21:12.809] [R14-P06] Uploading segment...
[22:21:13.381] [R14-P05] Uploading segment...
[22:21:13.475] [R14-P07] Uploading segment...
[22:21:13.805] [R14-P09] Uploading segment...
[22:21:14.210] [R14-P03] Uploading segment...
[22:21:15.078] [R14-P02] Running compression...
[22:21:15.872] [R14-P06] Running compression...
[22:21:16.489] [R14-P01] Running compression...
[22:21:17.174] [R14-P04] Running compression...
[22:21:17.273] [R14-P05] Running compression...
[22:21:18.505] [R14-P07] Running compression...
[22:21:18.523] [R14-P03] Running compression...
[22:21:19.638] [R14-P08] SSH connected.
[22:21:21.770] [R14-P00] Running compression...
[22:21:21.914] [R14-P08] Waiting for SFTP slot...
[22:21:23.589] [R14-P09] Running compression...
[22:21:26.095] [R14-P08] Uploading segment...
[22:21:32.420] [R14-P08] Running compression...
[22:21:45.165] [R14-P01] Done! (79.0s)
[22:21:45.695] [R14-P01] Instance terminated.
[22:21:47.217] [R14-P05] Done! (81.1s)
[22:21:47.766] [R14-P05] Instance terminated.
[22:21:51.108] [R14-P02] Done! (85.0s)
[22:21:51.954] [R14-P06] Done! (85.8s)
[22:21:52.447] [R14-P02] Instance terminated.
[22:21:52.919] [R14-P04] Done! (86.8s)
[22:21:52.980] [R14-P06] Instance terminated.
[22:21:53.536] [R14-P09] Done! (87.4s)
[22:21:53.959] [R14-P04] Instance terminated.
[22:21:54.567] [R14-P09] Instance terminated.
[22:21:55.880] [R14-P03] Done! (89.7s)
[22:21:56.482] [R14-P07] Done! (90.3s)
[22:21:56.898] [R14-P03] Instance terminated.
[22:21:57.514] [R14-P07] Instance terminated.
[22:21:58.454] [R14-P00] Done! (92.3s)
[22:21:59.476] [R14-P00] Instance terminated.
[22:22:07.909] [R14-P08] Done! (101.7s)
[22:22:08.990] [R14-P08] Instance terminated.
[22:22:08.992] [m7g.large-Horiz-libvpx-vp9-R14] ============================================================
[22:22:08.992] [m7g.large-Horiz-libvpx-vp9-R14] RESULTS — 10x m7g.large Horizontal libvpx-vp9
[22:22:08.992] [m7g.large-Horiz-libvpx-vp9-R14]   Total Time:    102.88s (1.71 min)
[22:22:08.992] [m7g.large-Horiz-libvpx-vp9-R14] ============================================================
