[22:07:50.339] [m7g.large-Horiz-libx264-R23] === Horizontal m7g.large libx264 Run 23 ===
[22:07:50.339] [m7g.large-Horiz-libx264-R23] Parts dir: /home/breno/doutorado/ec2sweetspot_noms2/artifacts2/phase3_scaling/video_parts_m7g_large_libx264
[22:07:52.440] [R23-P01] Instance i-0e3bfbc7170837864 launched, waiting...
[22:07:52.470] [R23-P02] Instance i-001cb2e89589f01b3 launched, waiting...
[22:07:52.472] [R23-P03] Instance i-0e839fc1fcf0f6718 launched, waiting...
[22:07:52.477] [R23-P05] Instance i-0228b8b6481c30fee launched, waiting...
[22:07:52.479] [R23-P06] Instance i-05c3745aa977a1ae4 launched, waiting...
[22:07:52.535] [R23-P00] Instance i-06f6dc58cb2178f26 launched, waiting...
[22:07:52.537] [R23-P04] Instance i-0ffd3b66a892eb3f5 launched, waiting...
[22:07:52.612] [R23-P08] Instance i-0f7011c3a29cc0b83 launched, waiting...
[22:07:52.618] [R23-P07] Instance i-05fe92ab60b189ccf launched, waiting...
[22:07:52.623] [R23-P09] Instance i-0c46fefce494becf9 launched, waiting...
[22:08:08.348] [R23-P01] Instance ready. IP: 184.72.197.14
[22:08:08.349] [R23-P05] Instance ready. IP: 52.201.250.11
[22:08:08.359] [R23-P00] Instance ready. IP: 54.86.180.181
[22:08:08.361] [R23-P02] Instance ready. IP: 3.81.40.73
[22:08:08.380] [R23-P04] Instance ready. IP: 34.239.183.218
[22:08:08.402] [R23-P03] Instance ready. IP: 18.207.201.254
[22:08:08.437] [R23-P07] Instance ready. IP: 100.30.235.162
[22:08:08.440] [R23-P06] Instance ready. IP: 3.89.202.143
[22:08:08.488] [R23-P09] Instance ready. IP: 54.91.68.193
[22:08:08.519] [R23-P08] Instance ready. IP: 98.81.209.224
[22:08:34.506] [R23-P00] SSH connected.
[22:08:34.523] [R23-P02] SSH connected.
[22:08:34.547] [R23-P05] SSH connected.
[22:08:34.548] [R23-P01] SSH connected.
[22:08:34.570] [R23-P03] SSH connected.
[22:08:34.686] [R23-P07] SSH connected.
[22:08:34.729] [R23-P09] SSH connected.
[22:08:34.808] [R23-P08] SSH connected.
[22:08:34.811] [R23-P04] SSH connected.
[22:08:34.811] [R23-P06] SSH connected.
[22:08:35.729] [R23-P03] Waiting for SFTP slot...
[22:08:35.758] [R23-P00] Waiting for SFTP slot...
[22:08:35.806] [R23-P02] Waiting for SFTP slot...
[22:08:35.902] [R23-P07] Waiting for SFTP slot...
[22:08:35.902] [R23-P09] Waiting for SFTP slot...
[22:08:35.902] [R23-P08] Waiting for SFTP slot...
[22:08:36.027] [R23-P01] Waiting for SFTP slot...
[22:08:36.027] [R23-P05] Waiting for SFTP slot...
[22:08:36.150] [R23-P04] Waiting for SFTP slot...
[22:08:36.222] [R23-P06] Waiting for SFTP slot...
[22:08:50.650] [R23-P03] Uploading segment...
[22:08:52.675] [R23-P03] Running compression...
[22:08:52.675] [R23-P00] Uploading segment...
[22:08:55.342] [R23-P00] Running compression...
[22:08:55.342] [R23-P02] Uploading segment...
[22:08:56.579] [R23-P07] Uploading segment...
[22:08:56.782] [R23-P09] Uploading segment...
[22:08:57.102] [R23-P08] Uploading segment...
[22:08:58.096] [R23-P01] Uploading segment...
[22:08:58.171] [R23-P05] Uploading segment...
[22:08:58.244] [R23-P04] Uploading segment...
[22:08:58.271] [R23-P06] Uploading segment...
[22:08:59.579] [R23-P03] Done! (69.2s)
[22:09:00.239] [R23-P03] Instance terminated.
[22:09:01.344] [R23-P01] Running compression...
[22:09:01.767] [R23-P05] Running compression...
[22:09:01.921] [R23-P00] Done! (71.6s)
[22:09:02.509] [R23-P00] Instance terminated.
[22:09:02.619] [R23-P06] Running compression...
[22:09:02.705] [R23-P02] Running compression...
[22:09:02.962] [R23-P04] Running compression...
[22:09:04.676] [R23-P09] Running compression...
[22:09:04.769] [R23-P07] Running compression...
[22:09:04.801] [R23-P08] Running compression...
[22:09:08.933] [R23-P01] Done! (78.6s)
[22:09:09.586] [R23-P01] Instance terminated.
[22:09:09.649] [R23-P04] Done! (79.3s)
[22:09:09.753] [R23-P05] Done! (79.4s)
[22:09:09.756] [R23-P02] Done! (79.4s)
[22:09:10.313] [R23-P04] Instance terminated.
[22:09:10.321] [R23-P02] Instance terminated.
[22:09:10.367] [R23-P05] Instance terminated.
[22:09:10.849] [R23-P06] Done! (80.5s)
[22:09:11.413] [R23-P08] Done! (81.0s)
[22:09:11.464] [R23-P06] Instance terminated.
[22:09:11.747] [R23-P07] Done! (81.4s)
[22:09:12.109] [R23-P08] Instance terminated.
[22:09:12.159] [R23-P09] Done! (81.8s)
[22:09:12.635] [R23-P07] Instance terminated.
[22:09:12.751] [R23-P09] Instance terminated.
[22:09:12.755] [m7g.large-Horiz-libx264-R23] ============================================================
[22:09:12.755] [m7g.large-Horiz-libx264-R23] RESULTS — 10x m7g.large Horizontal libx264
[22:09:12.755] [m7g.large-Horiz-libx264-R23]   Total Time:    82.42s (1.37 min)
[22:09:12.755] [m7g.large-Horiz-libx264-R23] ============================================================
