[22:03:01.235] [m7g.large-Horiz-libvpx-vp9-R08] === Horizontal m7g.large libvpx-vp9 Run 8 ===
[22:03:01.235] [m7g.large-Horiz-libvpx-vp9-R08] Parts dir: /home/breno/doutorado/ec2sweetspot_noms2/artifacts2/phase3_scaling/video_parts_m7g_large_libvpx-vp9
[22:03:06.014] [R08-P09] Instance i-0c60d2022e8a7c60d launched, waiting...
[22:03:06.066] [R08-P08] Instance i-076bdac72a8e21872 launched, waiting...
[22:03:06.078] [R08-P06] Instance i-07db9d5de2178d7d2 launched, waiting...
[22:03:06.583] [R08-P05] Instance i-038aeec5664076490 launched, waiting...
[22:03:06.585] [R08-P01] Instance i-095ce6847907f95ce launched, waiting...
[22:03:06.856] [R08-P02] Instance i-031bbd54e5c6cea44 launched, waiting...
[22:03:06.953] [R08-P04] Instance i-0e5d4cef96561eca9 launched, waiting...
[22:03:06.963] [R08-P03] Instance i-06024724165de2f9b launched, waiting...
[22:03:07.120] [R08-P07] Instance i-04f2a2a7831589fb3 launched, waiting...
[22:03:07.841] [R08-P00] Instance i-03caa5ad4607d7506 launched, waiting...
[22:03:22.936] [R08-P09] Instance ready. IP: 3.88.136.134
[22:03:22.941] [R08-P08] Instance ready. IP: 34.230.34.65
[22:03:23.057] [R08-P06] Instance ready. IP: 98.87.163.6
[22:03:23.089] [R08-P05] Instance ready. IP: 54.89.92.105
[22:03:23.381] [R08-P02] Instance ready. IP: 3.81.168.117
[22:03:23.474] [R08-P04] Instance ready. IP: 98.81.135.186
[22:03:23.510] [R08-P01] Instance ready. IP: 54.91.32.239
[22:03:23.617] [R08-P07] Instance ready. IP: 3.86.11.78
[22:03:24.414] [R08-P03] Instance ready. IP: 3.85.4.54
[22:03:25.228] [R08-P00] Instance ready. IP: 54.162.163.135
[22:03:49.717] [R08-P08] SSH connected.
[22:03:49.721] [R08-P05] SSH connected.
[22:03:49.759] [R08-P09] SSH connected.
[22:03:49.895] [R08-P06] SSH connected.
[22:03:50.045] [R08-P04] SSH connected.
[22:03:50.094] [R08-P01] SSH connected.
[22:03:50.620] [R08-P02] SSH connected.
[22:03:50.966] [R08-P07] SSH connected.
[22:03:51.322] [R08-P03] SSH connected.
[22:03:51.386] [R08-P08] Waiting for SFTP slot...
[22:03:51.434] [R08-P09] Waiting for SFTP slot...
[22:03:51.564] [R08-P05] Waiting for SFTP slot...
[22:03:51.619] [R08-P04] Waiting for SFTP slot...
[22:03:51.755] [R08-P01] Waiting for SFTP slot...
[22:03:51.968] [R08-P00] SSH connected.
[22:03:51.976] [R08-P06] Waiting for SFTP slot...
[22:03:52.123] [R08-P02] Waiting for SFTP slot...
[22:03:52.507] [R08-P07] Waiting for SFTP slot...
[22:03:53.259] [R08-P03] Waiting for SFTP slot...
[22:03:53.843] [R08-P00] Waiting for SFTP slot...
[22:04:28.947] [R08-P08] Uploading segment...
[22:04:30.280] [R08-P09] Uploading segment...
[22:04:30.689] [R08-P05] Uploading segment...
[22:04:30.707] [R08-P04] Uploading segment...
[22:04:30.881] [R08-P01] Uploading segment...
[22:04:30.978] [R08-P06] Uploading segment...
[22:04:31.382] [R08-P02] Uploading segment...
[22:04:31.383] [R08-P07] Uploading segment...
[22:04:32.744] [R08-P03] Uploading segment...
[22:04:33.233] [R08-P09] Running compression...
[22:04:33.233] [R08-P00] Uploading segment...
[22:04:37.894] [R08-P05] Running compression...
[22:04:37.963] [R08-P04] Running compression...
[22:04:38.892] [R08-P08] Running compression...
[22:04:39.062] [R08-P03] Running compression...
[22:04:40.114] [R08-P01] Running compression...
[22:04:41.052] [R08-P06] Running compression...
[22:04:41.600] [R08-P07] Running compression...
[22:04:42.303] [R08-P00] Running compression...
[22:04:42.345] [R08-P02] Running compression...
[22:05:02.894] [R08-P09] Done! (121.1s)
[22:05:05.822] [R08-P09] Instance terminated.
[22:05:08.650] [R08-P01] Done! (127.4s)
[22:05:11.194] [R08-P01] Instance terminated.
[22:05:12.438] [R08-P04] Done! (131.2s)
[22:05:13.395] [R08-P08] Done! (131.6s)
[22:05:13.537] [R08-P05] Done! (132.3s)
[22:05:14.581] [R08-P04] Instance terminated.
[22:05:15.468] [R08-P08] Instance terminated.
[22:05:15.469] [R08-P05] Instance terminated.
[22:05:16.152] [R08-P06] Done! (134.4s)
[22:05:17.427] [R08-P02] Done! (136.2s)
[22:05:17.598] [R08-P00] Done! (136.4s)
[22:05:18.834] [R08-P02] Instance terminated.
[22:05:18.937] [R08-P07] Done! (137.2s)
[22:05:19.094] [R08-P06] Instance terminated.
[22:05:19.512] [R08-P00] Instance terminated.
[22:05:20.376] [R08-P07] Instance terminated.
[22:05:20.464] [R08-P03] Done! (139.2s)
[22:05:29.123] [R08-P03] Instance terminated.
[22:05:29.124] [m7g.large-Horiz-libvpx-vp9-R08] ============================================================
[22:05:29.125] [m7g.large-Horiz-libvpx-vp9-R08] RESULTS — 10x m7g.large Horizontal libvpx-vp9
[22:05:29.125] [m7g.large-Horiz-libvpx-vp9-R08]   Total Time:    147.89s (2.46 min)
[22:05:29.125] [m7g.large-Horiz-libvpx-vp9-R08] ============================================================
