[22:04:43.772] [m7g.large-Horiz-libvpx-vp9-R12] === Horizontal m7g.large libvpx-vp9 Run 12 ===
[22:04:43.773] [m7g.large-Horiz-libvpx-vp9-R12] Parts dir: /home/breno/doutorado/ec2sweetspot_noms2/artifacts2/phase3_scaling/video_parts_m7g_large_libvpx-vp9
[22:04:47.482] [R12-P00] Instance i-0763e32a94b2d1e28 launched, waiting...
[22:04:47.508] [R12-P01] Instance i-0b68aa8ddd7770134 launched, waiting...
[22:04:47.535] [R12-P07] Instance i-0b059f586db7db563 launched, waiting...
[22:04:47.588] [R12-P05] Instance i-0d86e17ac5a01f3e8 launched, waiting...
[22:04:47.613] [R12-P03] Instance i-0fdc3cab9cb3f3f33 launched, waiting...
[22:04:47.638] [R12-P02] Instance i-0b324082a95581cbd launched, waiting...
[22:04:47.646] [R12-P06] Instance i-03d2441ae5b1c5668 launched, waiting...
[22:04:47.648] [R12-P04] Instance i-038163e20acfcad9e launched, waiting...
[22:04:47.672] [R12-P08] Instance i-00eecdcb50e067782 launched, waiting...
[22:04:47.839] [R12-P09] Instance i-0971458bec24bd6f6 launched, waiting...
[22:05:04.221] [R12-P00] Instance ready. IP: 52.23.155.175
[22:05:04.280] [R12-P07] Instance ready. IP: 54.158.147.143
[22:05:04.347] [R12-P06] Instance ready. IP: 54.198.16.168
[22:05:04.348] [R12-P08] Instance ready. IP: 3.84.215.184
[22:05:04.669] [R12-P01] Instance ready. IP: 100.54.233.97
[22:05:04.713] [R12-P03] Instance ready. IP: 100.24.41.33
[22:05:04.847] [R12-P04] Instance ready. IP: 54.89.87.239
[22:05:04.977] [R12-P09] Instance ready. IP: 98.91.252.214
[22:05:05.724] [R12-P02] Instance ready. IP: 54.167.250.41
[22:05:05.726] [R12-P05] Instance ready. IP: 100.30.227.172
[22:05:31.796] [R12-P00] SSH connected.
[22:05:32.008] [R12-P08] SSH connected.
[22:05:32.010] [R12-P06] SSH connected.
[22:05:32.122] [R12-P01] SSH connected.
[22:05:32.128] [R12-P07] SSH connected.
[22:05:32.660] [R12-P09] SSH connected.
[22:05:32.710] [R12-P05] SSH connected.
[22:05:32.762] [R12-P02] SSH connected.
[22:05:32.770] [R12-P03] SSH connected.
[22:05:32.870] [R12-P00] Waiting for SFTP slot...
[22:05:33.215] [R12-P01] Waiting for SFTP slot...
[22:05:33.233] [R12-P08] Waiting for SFTP slot...
[22:05:33.464] [R12-P06] Waiting for SFTP slot...
[22:05:33.785] [R12-P04] SSH connected.
[22:05:34.019] [R12-P05] Waiting for SFTP slot...
[22:05:34.020] [R12-P09] Waiting for SFTP slot...
[22:05:34.020] [R12-P03] Waiting for SFTP slot...
[22:05:34.164] [R12-P02] Waiting for SFTP slot...
[22:05:34.253] [R12-P07] Waiting for SFTP slot...
[22:05:35.166] [R12-P04] Waiting for SFTP slot...
[22:06:18.528] [R12-P00] Uploading segment...
[22:06:18.612] [R12-P01] Uploading segment...
[22:06:19.540] [R12-P08] Uploading segment...
[22:06:19.611] [R12-P06] Uploading segment...
[22:06:19.625] [R12-P05] Uploading segment...
[22:06:21.021] [R12-P00] Running compression...
[22:06:21.022] [R12-P09] Uploading segment...
[22:06:22.068] [R12-P03] Uploading segment...
[22:06:22.166] [R12-P02] Uploading segment...
[22:06:23.260] [R12-P01] Running compression...
[22:06:23.260] [R12-P07] Uploading segment...
[22:06:23.668] [R12-P04] Uploading segment...
[22:06:24.356] [R12-P08] Running compression...
[22:06:24.647] [R12-P09] Running compression...
[22:06:26.451] [R12-P06] Running compression...
[22:06:26.608] [R12-P07] Running compression...
[22:06:27.631] [R12-P05] Running compression...
[22:06:27.696] [R12-P04] Running compression...
[22:06:30.423] [R12-P03] Running compression...
[22:06:31.666] [R12-P02] Running compression...
[22:06:50.709] [R12-P01] Done! (126.9s)
[22:06:52.163] [R12-P01] Instance terminated.
[22:06:55.491] [R12-P09] Done! (130.9s)
[22:06:56.677] [R12-P09] Instance terminated.
[22:06:56.781] [R12-P00] Done! (133.0s)
[22:06:57.264] [R12-P05] Done! (133.4s)
[22:06:57.973] [R12-P00] Instance terminated.
[22:06:58.369] [R12-P08] Done! (134.5s)
[22:06:58.485] [R12-P05] Instance terminated.
[22:07:00.047] [R12-P08] Instance terminated.
[22:07:02.122] [R12-P04] Done! (138.3s)
[22:07:02.812] [R12-P07] Done! (139.0s)
[22:07:03.373] [R12-P04] Instance terminated.
[22:07:03.849] [R12-P06] Done! (140.0s)
[22:07:04.588] [R12-P07] Instance terminated.
[22:07:06.186] [R12-P06] Instance terminated.
[22:07:06.600] [R12-P02] Done! (142.8s)
[22:07:07.246] [R12-P03] Done! (143.4s)
[22:07:07.910] [R12-P02] Instance terminated.
[22:07:08.684] [R12-P03] Instance terminated.
[22:07:08.686] [m7g.large-Horiz-libvpx-vp9-R12] ============================================================
[22:07:08.686] [m7g.large-Horiz-libvpx-vp9-R12] RESULTS — 10x m7g.large Horizontal libvpx-vp9
[22:07:08.686] [m7g.large-Horiz-libvpx-vp9-R12]   Total Time:    144.91s (2.42 min)
[22:07:08.686] [m7g.large-Horiz-libvpx-vp9-R12] ============================================================
