[04:10:52.158] === Phase 3.2 Serial Baseline: 1x c5.large ===
[04:10:52.158] Codec: libx264, Threads: 5, Preset: slow
[04:10:52.158] [c5.large-Serial] Launching EC2 instance...
[04:10:53.993] [c5.large-Serial] Instance i-0791322c39907108a launched. Waiting...
[04:11:09.710] [c5.large-Serial] Instance ready. IP: 44.203.152.53
[04:11:40.591] [c5.large-Serial] SSH connected.
[04:11:40.592] [c5.large-Serial] Installing ffmpeg...
[04:12:14.218] [c5.large-Serial] ffmpeg installed.
[04:12:14.607] [c5.large-Serial] CPU: Intel(R) Xeon(R) Platinum 8275CL CPU @ 3.00GHz
[04:12:14.608] [c5.large-Serial] Uploading 10-minute video...
[04:12:21.280] [c5.large-Serial] Upload complete.
[04:12:21.280] [c5.large-Serial] SETUP TIME: 89.12s (1.49 min)
[04:12:21.280] [c5.large-Serial] Running: ffmpeg -i /home/ubuntu/input.mp4 -c:v libx264 -preset slow -b:v 2M -threads 5 -max_muxing_queue_size 1024 -y /home/ubuntu/output.mp4
[04:14:02.459] [c5.large-Serial] ENCODING TIME: 101.18s (1.69 min)
[04:14:03.381] [c5.large-Serial] Instance terminated.
[04:14:03.381] [c5.large-Serial] ============================================================
[04:14:03.381] [c5.large-Serial] RESULTS — c5.large Serial
[04:14:03.382] [c5.large-Serial]   Total Time:    190.30s (3.17 min)
[04:14:03.382] [c5.large-Serial]   Setup Time:    89.12s (1.49 min)
[04:14:03.382] [c5.large-Serial]   Encoding Time: 101.18s (1.69 min)
[04:14:03.382] [c5.large-Serial]   Setup %:       46.8%
[04:14:03.382] [c5.large-Serial] ============================================================
