[04:12:33.070] === Phase 3.2 Horizontal Scaling: 10x c5.large ===
[04:12:33.070] Codec: libx264, Threads: 5, Max workers: 5
[04:12:33.070] [Setup] Starting video split...
[04:12:33.121] [Setup] Video: 600.0s → 10 parts of 60.0s
[04:12:34.791] [Setup] Video split complete.
[04:12:34.791] [Summary] SPLIT TIME: 1.72s
[04:12:35.375] [Part 02] Launching c5.large...
[04:12:35.384] [Part 03] Launching c5.large...
[04:12:35.398] [Part 04] Launching c5.large...
[04:12:35.407] [Part 00] Launching c5.large...
[04:12:35.414] [Part 01] Launching c5.large...
[04:12:52.828] [Part 00] Instance ready. IP: 54.161.71.135
[04:12:52.876] [Part 02] Instance ready. IP: 52.91.227.197
[04:12:52.896] [Part 04] Instance ready. IP: 3.82.192.84
[04:12:53.167] [Part 03] Instance ready. IP: 52.55.12.107
[04:12:53.281] [Part 01] Instance ready. IP: 44.211.123.137
[04:13:23.644] [Part 00] Installing ffmpeg...
[04:13:23.773] [Part 02] Installing ffmpeg...
[04:13:23.799] [Part 04] Installing ffmpeg...
[04:13:24.056] [Part 03] Installing ffmpeg...
[04:13:24.262] [Part 01] Installing ffmpeg...
[04:13:57.298] [Part 00] ffmpeg installed.
[04:13:57.662] [Part 00] CPU: Intel(R) Xeon(R) Platinum 8275CL CPU @ 3.00GHz
[04:13:58.105] [Part 00] Uploading segment...
[04:13:59.319] [Part 04] ffmpeg installed.
[04:13:59.465] [Part 00] Running compression...
[04:13:59.517] [Part 02] ffmpeg installed.
[04:13:59.705] [Part 04] CPU: Intel(R) Xeon(R) Platinum 8275CL CPU @ 3.00GHz
[04:13:59.910] [Part 02] CPU: Intel(R) Xeon(R) Platinum 8275CL CPU @ 3.00GHz
[04:14:00.183] [Part 04] Uploading segment...
[04:14:00.272] [Part 03] ffmpeg installed.
[04:14:00.397] [Part 02] Uploading segment...
[04:14:00.656] [Part 03] CPU: Intel(R) Xeon(R) Platinum 8275CL CPU @ 3.00GHz
[04:14:01.091] [Part 01] ffmpeg installed.
[04:14:01.120] [Part 03] Uploading segment...
[04:14:01.500] [Part 01] CPU: Intel(R) Xeon(R) Platinum 8124M CPU @ 3.00GHz
[04:14:01.500] [Part 01] WARNING: CPU mismatch! Expected Intel(R) Xeon(R) Platinum 8275CL CPU @ 3.00GHz, got Intel(R) Xeon(R) Platinum 8124M CPU @ 3.00GHz
[04:14:01.605] [Part 04] Running compression...
[04:14:01.996] [Part 01] Uploading segment...
[04:14:02.002] [Part 02] Running compression...
[04:14:02.517] [Part 03] Running compression...
[04:14:03.535] [Part 01] Running compression...
[04:14:12.122] [Part 00] Done!
[04:14:13.021] [Part 00] Instance terminated.
[04:14:13.035] [Part 05] Launching c5.large...
[04:14:14.862] [Part 04] Done!
[04:14:15.586] [Part 02] Done!
[04:14:15.592] [Part 03] Done!
[04:14:15.848] [Part 04] Instance terminated.
[04:14:15.875] [Part 06] Launching c5.large...
[04:14:16.035] [Part 01] Done!
[04:14:16.504] [Part 02] Instance terminated.
[04:14:16.535] [Part 07] Launching c5.large...
[04:14:16.539] [Part 03] Instance terminated.
[04:14:16.549] [Part 08] Launching c5.large...
[04:14:16.919] [Part 01] Instance terminated.
[04:14:16.943] [Part 09] Launching c5.large...
[04:14:30.603] [Part 05] Instance ready. IP: 3.83.174.133
[04:14:33.535] [Part 06] Instance ready. IP: 3.93.23.130
[04:14:34.048] [Part 08] Instance ready. IP: 54.172.158.205
[04:14:34.093] [Part 07] Instance ready. IP: 44.212.2.113
[04:14:34.540] [Part 09] Instance ready. IP: 100.27.23.154
[04:15:01.486] [Part 05] Installing ffmpeg...
[04:15:04.414] [Part 06] Installing ffmpeg...
[04:15:04.924] [Part 08] Installing ffmpeg...
[04:15:04.967] [Part 07] Installing ffmpeg...
[04:15:05.445] [Part 09] Installing ffmpeg...
[04:15:36.616] [Part 05] ffmpeg installed.
[04:15:37.002] [Part 05] CPU: Intel(R) Xeon(R) Platinum 8275CL CPU @ 3.00GHz
[04:15:37.479] [Part 05] Uploading segment...
[04:15:38.916] [Part 05] Running compression...
[04:15:39.221] [Part 07] ffmpeg installed.
[04:15:39.614] [Part 07] CPU: Intel(R) Xeon(R) Platinum 8275CL CPU @ 3.00GHz
[04:15:39.849] [Part 09] ffmpeg installed.
[04:15:40.026] [Part 06] ffmpeg installed.
[04:15:40.092] [Part 07] Uploading segment...
[04:15:40.229] [Part 09] CPU: Intel(R) Xeon(R) Platinum 8275CL CPU @ 3.00GHz
[04:15:40.412] [Part 06] CPU: Intel(R) Xeon(R) Platinum 8275CL CPU @ 3.00GHz
[04:15:40.695] [Part 09] Uploading segment...
[04:15:40.891] [Part 06] Uploading segment...
[04:15:41.556] [Part 08] ffmpeg installed.
[04:15:41.660] [Part 07] Running compression...
[04:15:41.946] [Part 08] CPU: Intel(R) Xeon(R) Platinum 8275CL CPU @ 3.00GHz
[04:15:42.192] [Part 09] Running compression...
[04:15:42.345] [Part 06] Running compression...
[04:15:42.413] [Part 08] Uploading segment...
[04:15:43.807] [Part 08] Running compression...
[04:15:51.310] [Part 05] Done!
[04:15:52.229] [Part 05] Instance terminated.
[04:15:54.491] [Part 09] Done!
[04:15:55.428] [Part 09] Instance terminated.
[04:15:55.638] [Part 07] Done!
[04:15:55.762] [Part 06] Done!
[04:15:56.183] [Part 08] Done!
[04:15:56.531] [Part 07] Instance terminated.
[04:15:56.661] [Part 06] Instance terminated.
[04:15:57.070] [Part 08] Instance terminated.
[04:15:57.077] ============================================================
[04:15:57.077] RESULTS — 10x c5.large Horizontal
[04:15:57.078]   Total Time:    204.01s (3.40 min)
[04:15:57.078]   Split Time:    1.72s
[04:15:57.078]   Parallel Time: 202.29s (3.37 min)
[04:15:57.078] ============================================================
