[07:28:24.802] === Chunk Sensitivity: 20x t3.micro (30s/chunk) ===
[07:28:24.802] AMI: ami-0a19e2d694753754b | Codec: libx264 | Threads: 5
[07:28:24.802] [Setup] Starting video split...
[07:28:24.904] [Setup] Video: 600.0s → 20 parts of 30.0s each
[07:28:28.036] [Setup] Video split complete.
[07:28:28.036] [Summary] SPLIT TIME: 3.23s
[07:28:29.499] [Part 19] Launching t3.micro...
[07:28:29.539] [Part 08] Launching t3.micro...[07:28:29.540] [Part 10] Launching t3.micro...

[07:28:29.551] [Part 01] Launching t3.micro...
[07:28:29.579] [Part 17] Launching t3.micro...
[07:28:29.600] [Part 00] Launching t3.micro...
[07:28:29.635] [Part 11] Launching t3.micro...
[07:28:29.648] [Part 04] Launching t3.micro...
[07:28:29.672] [Part 18] Launching t3.micro...
[07:28:29.693] [Part 16] Launching t3.micro...
[07:28:29.697] [Part 15] Launching t3.micro...
[07:28:29.727] [Part 09] Launching t3.micro...
[07:28:29.740] [Part 13] Launching t3.micro...
[07:28:29.751] [Part 12] Launching t3.micro...
[07:28:29.816] [Part 07] Launching t3.micro...[07:28:30.040] [Part 06] Launching t3.micro...
[07:28:30.066] [Part 14] Launching t3.micro...

[07:28:30.084] [Part 05] Launching t3.micro...
[07:28:30.093] [Part 02] Launching t3.micro...
[07:28:30.132] [Part 03] Launching t3.micro...
[07:28:47.340] [Part 17] Instance up in 17.8s. IP: 3.91.191.198
[07:28:47.414] [Part 10] Instance up in 17.9s. IP: 3.90.44.26
[07:28:47.415] [Part 00] Instance up in 17.8s. IP: 54.175.119.44
[07:28:47.456] [Part 19] Instance up in 18.0s. IP: 3.80.31.108
[07:28:47.552] [Part 15] Instance up in 17.9s. IP: 174.129.50.189
[07:28:47.661] [Part 16] Instance up in 18.0s. IP: 98.89.43.39
[07:28:47.667] [Part 12] Instance up in 17.9s. IP: 34.201.148.36
[07:28:47.895] [Part 11] Instance up in 18.3s. IP: 34.229.222.229
[07:28:47.994] [Part 18] Instance up in 18.3s. IP: 100.27.199.49
[07:28:48.002] [Part 04] Instance up in 18.4s. IP: 3.93.174.84
[07:28:48.012] [Part 01] Instance up in 18.5s. IP: 98.93.66.46
[07:28:48.091] [Part 09] Instance up in 18.4s. IP: 54.157.249.145
[07:28:48.131] [Part 13] Instance up in 18.4s. IP: 54.92.215.52
[07:28:48.375] [Part 08] Instance up in 18.8s. IP: 100.26.23.134
[07:28:52.791] [Part 02] Instance up in 22.7s. IP: 54.82.125.31
[07:28:53.407] [Part 07] Instance up in 23.6s. IP: 44.223.18.86
[07:28:53.671] [Part 14] Instance up in 23.6s. IP: 100.53.10.235
[07:28:54.058] [Part 05] Instance up in 24.0s. IP: 3.80.119.128
[07:28:55.222] [Part 06] Instance up in 25.2s. IP: 54.91.187.182
[07:29:00.087] [Part 03] Instance up in 30.0s. IP: 75.101.217.183
[07:29:20.392] [Part 17] Uploading segment...
[07:29:20.509] [Part 10] Uploading segment...
[07:29:20.527] [Part 19] Uploading segment...
[07:29:20.711] [Part 00] Uploading segment...
[07:29:20.715] [Part 12] Uploading segment...
[07:29:20.723] [Part 15] Uploading segment...
[07:29:20.902] [Part 04] Uploading segment...
[07:29:20.925] [Part 11] Uploading segment...
[07:29:21.052] [Part 01] Uploading segment...
[07:29:21.093] [Part 16] Uploading segment...
[07:29:21.105] [Part 18] Uploading segment...
[07:29:21.151] [Part 09] Uploading segment...
[07:29:21.356] [Part 13] Uploading segment...
[07:29:21.868] [Part 17] Running compression...
[07:29:21.896] [Part 08] Uploading segment...
[07:29:22.170] [Part 19] Running compression...
[07:29:22.457] [Part 10] Running compression...
[07:29:22.987] [Part 00] Running compression...
[07:29:23.109] [Part 15] Running compression...
[07:29:23.152] [Part 08] Running compression...
[07:29:23.216] [Part 12] Running compression...
[07:29:23.606] [Part 11] Running compression...
[07:29:24.520] [Part 16] Running compression...
[07:29:25.067] [Part 04] Running compression...
[07:29:25.100] [Part 18] Running compression...
[07:29:25.218] [Part 13] Running compression...
[07:29:25.870] [Part 02] Uploading segment...
[07:29:26.682] [Part 14] Uploading segment...
[07:29:27.034] [Part 02] Running compression...
[07:29:27.086] [Part 07] Uploading segment...
[07:29:27.894] [Part 14] Running compression...
[07:29:28.018] [Part 01] Running compression...
[07:29:28.026] [Part 05] Uploading segment...
[07:29:28.234] [Part 06] Uploading segment...
[07:29:28.335] [Part 07] Running compression...
[07:29:29.246] [Part 09] Running compression...
[07:29:29.257] [Part 05] Running compression...
[07:29:29.593] [Part 06] Running compression...
[07:29:29.974] [Part 19] Encoding done in 7.8s. Downloading...
[07:29:31.045] [Part 11] Encoding done in 7.4s. Downloading...
[07:29:32.275] [Part 17] Encoding done in 10.4s. Downloading...
[07:29:32.801] [Part 11] Part complete!
[07:29:33.155] [Part 03] Uploading segment...
[07:29:33.339] [Part 11] Instance terminated.
[07:29:33.861] [Part 12] Encoding done in 10.6s. Downloading...
[07:29:33.888] [Part 16] Encoding done in 9.4s. Downloading...
[07:29:34.358] [Part 08] Encoding done in 11.2s. Downloading...
[07:29:34.359] [Part 03] Running compression...
[07:29:35.377] [Part 10] Encoding done in 12.9s. Downloading...
[07:29:35.417] [Part 15] Encoding done in 12.3s. Downloading...
[07:29:36.151] [Part 16] Part complete!
[07:29:36.331] [Part 12] Part complete!
[07:29:36.652] [Part 00] Encoding done in 13.7s. Downloading...
[07:29:36.708] [Part 16] Instance terminated.
[07:29:36.835] [Part 12] Instance terminated.
[07:29:36.884] [Part 04] Encoding done in 11.8s. Downloading...
[07:29:37.051] [Part 13] Encoding done in 11.8s. Downloading...
[07:29:37.376] [Part 18] Encoding done in 12.3s. Downloading...
[07:29:37.490] [Part 01] Encoding done in 9.5s. Downloading...
[07:29:38.556] [Part 02] Encoding done in 11.5s. Downloading...
[07:29:38.791] [Part 17] Part complete!
[07:29:39.473] [Part 19] Part complete!
[07:29:39.776] [Part 17] Instance terminated.
[07:29:39.922] [Part 18] Part complete!
[07:29:39.995] [Part 19] Instance terminated.
[07:29:40.061] [Part 00] Part complete!
[07:29:40.092] [Part 14] Encoding done in 12.2s. Downloading...
[07:29:40.174] [Part 09] Encoding done in 10.9s. Downloading...
[07:29:40.415] [Part 07] Encoding done in 12.1s. Downloading...
[07:29:40.477] [Part 18] Instance terminated.
[07:29:40.523] [Part 01] Part complete!
[07:29:40.706] [Part 05] Encoding done in 11.4s. Downloading...
[07:29:40.945] [Part 04] Part complete!
[07:29:41.037] [Part 00] Instance terminated.
[07:29:41.136] [Part 01] Instance terminated.
[07:29:41.694] [Part 15] Part complete!
[07:29:41.802] [Part 06] Encoding done in 12.2s. Downloading...
[07:29:42.124] [Part 04] Instance terminated.
[07:29:42.245] [Part 15] Instance terminated.
[07:29:42.292] [Part 09] Part complete!
[07:29:42.401] [Part 13] Part complete!
[07:29:42.920] [Part 09] Instance terminated.
[07:29:42.975] [Part 13] Instance terminated.
[07:29:43.207] [Part 02] Part complete!
[07:29:43.707] [Part 03] Encoding done in 9.3s. Downloading...
[07:29:43.735] [Part 02] Instance terminated.
[07:29:43.867] [Part 06] Part complete!
[07:29:44.398] [Part 06] Instance terminated.
[07:29:44.850] [Part 14] Part complete!
[07:29:45.447] [Part 14] Instance terminated.
[07:29:45.728] [Part 07] Part complete!
[07:29:46.167] [Part 05] Part complete!
[07:29:46.278] [Part 07] Instance terminated.
[07:29:46.733] [Part 05] Instance terminated.
[07:29:47.361] [Part 08] Part complete!
[07:29:47.499] [Part 03] Part complete!
[07:29:47.549] [Part 10] Part complete!
[07:29:47.881] [Part 08] Instance terminated.
[07:29:47.998] [Part 03] Instance terminated.
[07:29:48.093] [Part 10] Instance terminated.
[07:29:48.099] ============================================================
[07:29:48.099] RESULTS — 20x t3.micro | 30s/chunk
[07:29:48.099]   Total Time:    83.30s  (1.388 min)
[07:29:48.099]   Split Time:    3.23s
[07:29:48.099]   Parallel Time: 80.06s  (1.334 min)
[07:29:48.099]   Setup Overhead: ~3.23s + 30s SSH wait per instance
[07:29:48.099] ============================================================
