[04:14:07.171] === Phase 3.2 Vertical Scaling: 1x m5.4xlarge ===
[04:14:07.171] Codec: libx264, Threads: 10, Preset: slow
[04:14:07.171] Video: /home/breno/doutorado/ec2sweetspot_noms/ec2sweetspot_noms/artifacts/test_videos/video_repetido_10min.mp4
[04:14:07.171] [m5.4xlarge-Vertical] Launching EC2 instance...
[04:14:08.963] [m5.4xlarge-Vertical] Instance i-0c840c5713cd83330 launched. Waiting...
[04:14:24.686] [m5.4xlarge-Vertical] Instance ready. IP: 3.94.145.152
[04:14:55.598] [m5.4xlarge-Vertical] SSH connected.
[04:14:55.598] [m5.4xlarge-Vertical] Installing ffmpeg...
[04:15:32.313] [m5.4xlarge-Vertical] ffmpeg installed.
[04:15:32.717] [m5.4xlarge-Vertical] CPU: Intel(R) Xeon(R) Platinum 8175M CPU @ 2.50GHz
[04:15:32.717] [m5.4xlarge-Vertical] WARNING: CPU mismatch! Expected Intel(R) Xeon(R) Platinum 8259CL CPU @ 2.50GHz, got Intel(R) Xeon(R) Platinum 8175M CPU @ 2.50GHz
[04:15:32.717] [m5.4xlarge-Vertical] Uploading 10-minute video...
[04:15:39.747] [m5.4xlarge-Vertical] Upload complete.
[04:15:39.747] [m5.4xlarge-Vertical] SETUP TIME: 92.58s (1.54 min)
[04:15:39.747] [m5.4xlarge-Vertical] Running: ffmpeg -i /home/ubuntu/input.mp4 -c:v libx264 -preset slow -b:v 2M -threads 10 -y /home/ubuntu/output.mp4
[04:16:21.359] [m5.4xlarge-Vertical] ENCODING TIME: 41.61s (0.69 min)
[04:16:22.326] [m5.4xlarge-Vertical] Instance terminated.
[04:16:22.327] [m5.4xlarge-Vertical] ============================================================
[04:16:22.327] [m5.4xlarge-Vertical] RESULTS — m5.4xlarge Vertical
[04:16:22.327] [m5.4xlarge-Vertical]   Total Time:    134.19s (2.24 min)
[04:16:22.327] [m5.4xlarge-Vertical]   Setup Time:    92.58s (1.54 min)
[04:16:22.327] [m5.4xlarge-Vertical]   Encoding Time: 41.61s (0.69 min)
[04:16:22.327] [m5.4xlarge-Vertical]   Setup %:       69.0%
[04:16:22.327] [m5.4xlarge-Vertical] ============================================================
