[04:17:40.544] === Phase 3.2 Horizontal Scaling: 10x m5.large ===
[04:17:40.544] Codec: libx264, Threads: 5, Preset: slow
[04:17:40.544] Max concurrent workers: 5
[04:17:40.544] [Setup] Starting video split...
[04:17:40.596] [Setup] Video duration: 600.0s, splitting into 10 parts of 60.0s each
[04:17:40.669] [Setup]   Part 00 created
[04:17:40.757] [Setup]   Part 01 created
[04:17:40.862] [Setup]   Part 02 created
[04:17:40.990] [Setup]   Part 03 created
[04:17:41.137] [Setup]   Part 04 created
[04:17:41.296] [Setup]   Part 05 created
[04:17:41.472] [Setup]   Part 06 created
[04:17:41.669] [Setup]   Part 07 created
[04:17:41.898] [Setup]   Part 08 created
[04:17:42.132] [Setup]   Part 09 created
[04:17:42.132] [Setup] Video split complete.
[04:17:42.132] [Summary] SPLIT TIME: 1.59s
[04:17:42.668] [Part 04] Launching m5.large...
[04:17:42.676] [Part 02] Launching m5.large...
[04:17:42.689] [Part 01] Launching m5.large...
[04:17:42.699] [Part 03] Launching m5.large...
[04:17:42.707] [Part 00] Launching m5.large...
[04:18:00.137] [Part 04] Instance ready. IP: 13.222.200.95
[04:18:00.245] [Part 03] Instance ready. IP: 54.81.178.188
[04:18:00.484] [Part 00] Instance ready. IP: 13.217.43.88
[04:18:00.497] [Part 01] Instance ready. IP: 107.23.210.233
[04:18:00.582] [Part 02] Instance ready. IP: 52.55.22.236
[04:18:31.060] [Part 04] Installing ffmpeg...
[04:18:31.124] [Part 03] Installing ffmpeg...
[04:18:31.348] [Part 00] Installing ffmpeg...
[04:18:31.380] [Part 01] Installing ffmpeg...
[04:18:31.422] [Part 02] Installing ffmpeg...
[04:19:08.174] [Part 00] ffmpeg installed.
[04:19:08.556] [Part 00] CPU: Intel(R) Xeon(R) Platinum 8175M CPU @ 2.50GHz
[04:19:08.556] [Part 00] WARNING: CPU mismatch! Expected Intel(R) Xeon(R) Platinum 8259CL CPU @ 2.50GHz, got Intel(R) Xeon(R) Platinum 8175M CPU @ 2.50GHz
[04:19:08.628] [Part 01] ffmpeg installed.
[04:19:09.009] [Part 01] CPU: Intel(R) Xeon(R) Platinum 8175M CPU @ 2.50GHz
[04:19:09.010] [Part 01] WARNING: CPU mismatch! Expected Intel(R) Xeon(R) Platinum 8259CL CPU @ 2.50GHz, got Intel(R) Xeon(R) Platinum 8175M CPU @ 2.50GHz
[04:19:09.022] [Part 00] Uploading segment...
[04:19:09.285] [Part 03] ffmpeg installed.
[04:19:09.475] [Part 01] Uploading segment...
[04:19:09.669] [Part 03] CPU: Intel(R) Xeon(R) Platinum 8175M CPU @ 2.50GHz
[04:19:09.671] [Part 03] WARNING: CPU mismatch! Expected Intel(R) Xeon(R) Platinum 8259CL CPU @ 2.50GHz, got Intel(R) Xeon(R) Platinum 8175M CPU @ 2.50GHz
[04:19:10.077] [Part 02] ffmpeg installed.
[04:19:10.132] [Part 04] ffmpeg installed.
[04:19:10.140] [Part 03] Uploading segment...
[04:19:10.408] [Part 00] Running compression...
[04:19:10.461] [Part 02] CPU: Intel(R) Xeon(R) Platinum 8175M CPU @ 2.50GHz
[04:19:10.464] [Part 02] WARNING: CPU mismatch! Expected Intel(R) Xeon(R) Platinum 8259CL CPU @ 2.50GHz, got Intel(R) Xeon(R) Platinum 8175M CPU @ 2.50GHz
[04:19:10.531] [Part 04] CPU: Intel(R) Xeon(R) Platinum 8175M CPU @ 2.50GHz
[04:19:10.531] [Part 04] WARNING: CPU mismatch! Expected Intel(R) Xeon(R) Platinum 8259CL CPU @ 2.50GHz, got Intel(R) Xeon(R) Platinum 8175M CPU @ 2.50GHz
[04:19:10.873] [Part 01] Running compression...
[04:19:10.930] [Part 02] Uploading segment...
[04:19:11.013] [Part 04] Uploading segment...
[04:19:11.541] [Part 01] ERROR: FFmpeg failed: )
Press [q] to stop, [?] for help
Too many packets buffered for output stream 0:1.
[aac @ 0x55e1084cb820] Qavg: 205.539
[aac @ 0x55e1084cb820] 2 frames left in the queue on closing
Conversion failed!

[04:19:11.642] [Part 03] Running compression...
[04:19:12.466] [Part 02] Running compression...
[04:19:12.467] [Part 04] Running compression...
[04:19:12.483] [Part 01] Instance terminated.
[04:19:12.493] [Part 05] Launching m5.large...
[04:19:13.146] [Part 04] ERROR: FFmpeg failed: )
Press [q] to stop, [?] for help
Too many packets buffered for output stream 0:1.
[aac @ 0x55aa22cc3280] Qavg: 218.592
[aac @ 0x55aa22cc3280] 2 frames left in the queue on closing
Conversion failed!

[04:19:14.108] [Part 04] Instance terminated.
[04:19:14.135] [Part 06] Launching m5.large...
[04:19:24.743] [Part 00] Done!
[04:19:25.599] [Part 00] Instance terminated.
[04:19:25.630] [Part 07] Launching m5.large...
[04:19:26.394] [Part 03] Done!
[04:19:27.311] [Part 03] Instance terminated.
[04:19:27.320] [Part 08] Launching m5.large...
[04:19:27.336] [Part 02] Done!
[04:19:28.240] [Part 02] Instance terminated.
[04:19:28.245] [Part 09] Launching m5.large...
[04:19:29.988] [Part 05] Instance ready. IP: 54.173.253.179
[04:19:32.115] [Part 06] Instance ready. IP: 50.19.13.97
[04:19:43.254] [Part 07] Instance ready. IP: 34.235.121.189
[04:19:45.025] [Part 08] Instance ready. IP: 54.198.223.139
[04:19:45.905] [Part 09] Instance ready. IP: 54.89.153.138
[04:20:00.855] [Part 05] Installing ffmpeg...
[04:20:02.982] [Part 06] Installing ffmpeg...
[04:20:14.152] [Part 07] Installing ffmpeg...
[04:20:15.891] [Part 08] Installing ffmpeg...
[04:20:16.764] [Part 09] Installing ffmpeg...
[04:20:39.650] [Part 05] ffmpeg installed.
[04:20:40.030] [Part 05] CPU: Intel(R) Xeon(R) Platinum 8175M CPU @ 2.50GHz
[04:20:40.030] [Part 05] WARNING: CPU mismatch! Expected Intel(R) Xeon(R) Platinum 8259CL CPU @ 2.50GHz, got Intel(R) Xeon(R) Platinum 8175M CPU @ 2.50GHz
[04:20:40.243] [Part 06] ffmpeg installed.
[04:20:40.497] [Part 05] Uploading segment...
[04:20:40.622] [Part 06] CPU: Intel(R) Xeon(R) Platinum 8259CL CPU @ 2.50GHz
[04:20:41.088] [Part 06] Uploading segment...
[04:20:42.007] [Part 05] Running compression...
[04:20:42.583] [Part 06] Running compression...
[04:20:50.463] [Part 07] ffmpeg installed.
[04:20:50.860] [Part 07] CPU: Intel(R) Xeon(R) Platinum 8175M CPU @ 2.50GHz
[04:20:50.860] [Part 07] WARNING: CPU mismatch! Expected Intel(R) Xeon(R) Platinum 8259CL CPU @ 2.50GHz, got Intel(R) Xeon(R) Platinum 8175M CPU @ 2.50GHz
[04:20:51.345] [Part 07] Uploading segment...
[04:20:52.660] [Part 08] ffmpeg installed.
[04:20:53.025] [Part 07] Running compression...
[04:20:53.041] [Part 08] CPU: Intel(R) Xeon(R) Platinum 8175M CPU @ 2.50GHz
[04:20:53.041] [Part 08] WARNING: CPU mismatch! Expected Intel(R) Xeon(R) Platinum 8259CL CPU @ 2.50GHz, got Intel(R) Xeon(R) Platinum 8175M CPU @ 2.50GHz
[04:20:53.507] [Part 08] Uploading segment...
[04:20:54.239] [Part 09] ffmpeg installed.
[04:20:54.622] [Part 09] CPU: Intel(R) Xeon(R) Platinum 8175M CPU @ 2.50GHz
[04:20:54.622] [Part 09] WARNING: CPU mismatch! Expected Intel(R) Xeon(R) Platinum 8259CL CPU @ 2.50GHz, got Intel(R) Xeon(R) Platinum 8175M CPU @ 2.50GHz
[04:20:54.924] [Part 08] Running compression...
[04:20:55.094] [Part 09] Uploading segment...
[04:20:56.191] [Part 05] Done!
[04:20:56.606] [Part 09] Running compression...
[04:20:57.093] [Part 05] Instance terminated.
[04:20:57.234] [Part 06] Done!
[04:20:58.167] [Part 06] Instance terminated.
[04:21:08.563] [Part 08] Done!
[04:21:08.576] [Part 07] Done!
[04:21:09.492] [Part 08] Instance terminated.
[04:21:09.499] [Part 07] Instance terminated.
[04:21:10.640] [Part 09] Done!
[04:21:11.504] [Part 09] Instance terminated.
[04:21:11.509] ============================================================
[04:21:11.509] RESULTS — 10x m5.large Horizontal
[04:21:11.510]   Total Time:    210.96s (3.52 min)
[04:21:11.510]   Split Time:    1.59s
[04:21:11.510]   Parallel Time: 209.38s (3.49 min)
[04:21:11.510] ============================================================
