[13:36:52.319] === Phase 3.2 OPTIMIZED Serial: 1x m5.large ===
[13:36:52.320] AMI: ami-06c7c20c67513469a (ffmpeg pre-installed)
[13:36:52.320] Codec: libx264, Threads: 5, Preset: slow
[13:36:52.320] [m5.large-Serial-OPT] Launching EC2 instance...
[13:36:54.244] [m5.large-Serial-OPT] Instance i-0cccbe184b4a27307 launched. Waiting...
[13:37:10.477] [m5.large-Serial-OPT] Instance ready. IP: 52.206.173.197
[13:37:41.621] [m5.large-Serial-OPT] SSH connected.
[13:37:42.754] [m5.large-Serial-OPT] CPU: Intel(R) Xeon(R) Platinum 8175M CPU @ 2.50GHz
[13:37:42.754] [m5.large-Serial-OPT] WARNING: CPU mismatch! Expected Intel(R) Xeon(R) Platinum 8259CL CPU @ 2.50GHz, got Intel(R) Xeon(R) Platinum 8175M CPU @ 2.50GHz
[13:37:42.754] [m5.large-Serial-OPT] Uploading 10-minute video...
[13:37:51.564] [m5.large-Serial-OPT] Upload complete.
[13:37:51.564] [m5.large-Serial-OPT] SETUP TIME: 59.24s (0.99 min)
[13:37:51.564] [m5.large-Serial-OPT] Running: ffmpeg -i /home/ubuntu/input.mp4 -c:v libx264 -preset slow -b:v 2M -threads 5 -y /home/ubuntu/output.mp4
[13:39:38.356] [m5.large-Serial-OPT] ENCODING TIME: 106.79s (1.78 min)
[13:39:39.452] [m5.large-Serial-OPT] Instance terminated.
[13:39:39.453] [m5.large-Serial-OPT] ============================================================
[13:39:39.453] [m5.large-Serial-OPT] RESULTS — m5.large Serial OPTIMIZED
[13:39:39.453] [m5.large-Serial-OPT]   Total Time:    166.04s (2.77 min)
[13:39:39.453] [m5.large-Serial-OPT]   Setup Time:    59.24s (0.99 min)
[13:39:39.453] [m5.large-Serial-OPT]   Encoding Time: 106.79s (1.78 min)
[13:39:39.453] [m5.large-Serial-OPT]   Setup %:       35.7%
[13:39:39.453] [m5.large-Serial-OPT] ============================================================
