[08:07:08.029] === Phase 3.2 OPTIMIZED Serial: 1x m5.large ===
[08:07:08.029] AMI: ami-0a0e5d9c7acc336f1
[08:07:08.029] Codec: libx264, Threads: 5, Preset: slow
[08:07:08.029] [m5.large-Serial-OPT] Launching EC2 instance...
[08:07:10.037] [m5.large-Serial-OPT] Instance i-01bf1516bf92eed12 launched. Waiting...
[08:07:26.254] [m5.large-Serial-OPT] Instance ready. IP: 54.235.47.7
[08:07:57.330] [m5.large-Serial-OPT] SSH connected.
[08:07:57.330] [m5.large-Serial-OPT] Installing ffmpeg...
[08:08:47.115] [m5.large-Serial-OPT] ffmpeg installed.
[08:08:47.567] [m5.large-Serial-OPT] CPU: Intel(R) Xeon(R) Platinum 8175M CPU @ 2.50GHz
[08:08:47.568] [m5.large-Serial-OPT] WARNING: CPU mismatch! Expected Intel(R) Xeon(R) Platinum 8259CL CPU @ 2.50GHz, got Intel(R) Xeon(R) Platinum 8175M CPU @ 2.50GHz
[08:08:47.568] [m5.large-Serial-OPT] Uploading 10-minute video...
[08:08:55.793] [m5.large-Serial-OPT] Upload complete.
[08:08:55.793] [m5.large-Serial-OPT] SETUP TIME: 107.76s (1.80 min)
[08:08:55.793] [m5.large-Serial-OPT] Running: ffmpeg -i /home/ubuntu/input.mp4 -c:v libx264 -preset slow -b:v 2M -threads 5 -y /home/ubuntu/output.mp4
[08:10:40.535] [m5.large-Serial-OPT] ENCODING TIME: 104.74s (1.75 min)
[08:10:41.639] [m5.large-Serial-OPT] Instance terminated.
[08:10:41.639] [m5.large-Serial-OPT] ============================================================
[08:10:41.639] [m5.large-Serial-OPT] RESULTS — m5.large Serial OPTIMIZED
[08:10:41.639] [m5.large-Serial-OPT]   Total Time:    212.51s (3.54 min)
[08:10:41.639] [m5.large-Serial-OPT]   Setup Time:    107.76s (1.80 min)
[08:10:41.639] [m5.large-Serial-OPT]   Encoding Time: 104.74s (1.75 min)
[08:10:41.639] [m5.large-Serial-OPT]   Setup %:       50.7%
[08:10:41.640] [m5.large-Serial-OPT] ============================================================
