[14:13:50.111] === Phase 3.2 OPTIMIZED Horizontal: 10x m5.large ===
[14:13:50.111] AMI: ami-06c7c20c67513469a (ffmpeg pre-installed)
[14:13:50.111] Codec: libx264, Threads: 5, Max workers: 10
[14:13:50.111] [Setup] Starting video split...
[14:13:50.161] [Setup] Video: 600.0s → 10 parts of 60.0s
[14:13:51.677] [Setup] Video split complete.
[14:13:51.677] [Summary] SPLIT TIME: 1.57s
[14:13:52.722] [Part 00] Launching m5.large...
[14:13:52.802] [Part 03] Launching m5.large...
[14:13:52.807] [Part 09] Launching m5.large...
[14:13:52.810] [Part 06] Launching m5.large...
[14:13:52.816] [Part 07] Launching m5.large...
[14:13:52.824] [Part 08] Launching m5.large...
[14:13:52.836] [Part 05] Launching m5.large...
[14:13:52.845] [Part 04] Launching m5.large...
[14:13:52.853] [Part 01] Launching m5.large...
[14:13:52.864] [Part 02] Launching m5.large...
[14:14:10.400] [Part 07] Instance ready. IP: 34.207.248.59
[14:14:10.429] [Part 08] Instance ready. IP: 100.55.13.252
[14:14:10.431] [Part 03] Instance ready. IP: 3.91.90.193
[14:14:10.441] [Part 09] Instance ready. IP: 13.221.215.14
[14:14:10.459] [Part 05] Instance ready. IP: 35.175.253.26
[14:14:10.464] [Part 01] Instance ready. IP: 54.156.89.180
[14:14:10.551] [Part 02] Instance ready. IP: 54.81.238.209
[14:14:10.557] [Part 04] Instance ready. IP: 54.89.36.189
[14:14:10.595] [Part 06] Instance ready. IP: 13.217.147.54
[14:14:10.693] [Part 00] Instance ready. IP: 23.20.250.150
[14:14:42.608] [Part 03] CPU: Intel(R) Xeon(R) Platinum 8259CL CPU @ 2.50GHz
[14:14:42.641] [Part 08] CPU: Intel(R) Xeon(R) Platinum 8175M CPU @ 2.50GHz
[14:14:42.641] [Part 08] WARNING: CPU mismatch! Expected Intel(R) Xeon(R) Platinum 8259CL CPU @ 2.50GHz, got Intel(R) Xeon(R) Platinum 8175M CPU @ 2.50GHz
[14:14:42.686] [Part 09] CPU: Intel(R) Xeon(R) Platinum 8259CL CPU @ 2.50GHz
[14:14:42.708] [Part 01] CPU: Intel(R) Xeon(R) Platinum 8259CL CPU @ 2.50GHz
[14:14:42.727] [Part 05] CPU: Intel(R) Xeon(R) Platinum 8259CL CPU @ 2.50GHz
[14:14:42.750] [Part 07] CPU: Intel(R) Xeon(R) Platinum 8259CL CPU @ 2.50GHz
[14:14:42.758] [Part 04] CPU: Intel(R) Xeon(R) Platinum 8175M CPU @ 2.50GHz
[14:14:42.758] [Part 04] WARNING: CPU mismatch! Expected Intel(R) Xeon(R) Platinum 8259CL CPU @ 2.50GHz, got Intel(R) Xeon(R) Platinum 8175M CPU @ 2.50GHz
[14:14:42.810] [Part 06] CPU: Intel(R) Xeon(R) Platinum 8259CL CPU @ 2.50GHz
[14:14:42.870] [Part 00] CPU: Intel(R) Xeon(R) Platinum 8259CL CPU @ 2.50GHz
[14:14:42.884] [Part 02] CPU: Intel(R) Xeon(R) Platinum 8259CL CPU @ 2.50GHz
[14:14:43.194] [Part 03] Uploading segment...
[14:14:43.249] [Part 08] Uploading segment...
[14:14:43.289] [Part 09] Uploading segment...
[14:14:43.312] [Part 01] Uploading segment...
[14:14:43.336] [Part 07] Uploading segment...
[14:14:43.346] [Part 05] Uploading segment...
[14:14:43.370] [Part 04] Uploading segment...
[14:14:43.416] [Part 06] Uploading segment...
[14:14:43.454] [Part 00] Uploading segment...
[14:14:43.489] [Part 02] Uploading segment...
[14:14:44.981] [Part 03] Running compression...
[14:14:45.159] [Part 09] Running compression...
[14:14:45.257] [Part 08] Running compression...
[14:14:45.298] [Part 04] Running compression...
[14:14:45.330] [Part 01] Running compression...
[14:14:45.402] [Part 07] Running compression...
[14:14:45.413] [Part 02] Running compression...
[14:14:45.432] [Part 05] Running compression...
[14:14:45.432] [Part 00] Running compression...
[14:14:45.592] [Part 06] Running compression...
[14:14:57.944] [Part 00] Done!
[14:14:58.443] [Part 04] Done!
[14:14:58.628] [Part 00] Instance terminated.
[14:14:58.670] [Part 09] Done!
[14:14:59.056] [Part 04] Instance terminated.
[14:14:59.131] [Part 05] Done!
[14:14:59.272] [Part 09] Instance terminated.
[14:14:59.332] [Part 01] Done!
[14:14:59.624] [Part 06] Done!
[14:14:59.705] [Part 05] Instance terminated.
[14:14:59.808] [Part 08] Done!
[14:14:59.876] [Part 01] Instance terminated.
[14:15:00.215] [Part 06] Instance terminated.
[14:15:00.325] [Part 03] Done!
[14:15:00.406] [Part 08] Instance terminated.
[14:15:00.927] [Part 02] Done!
[14:15:00.954] [Part 03] Instance terminated.
[14:15:01.593] [Part 02] Instance terminated.
[14:15:01.787] [Part 07] Done!
[14:15:02.416] [Part 07] Instance terminated.
[14:15:02.418] ============================================================
[14:15:02.418] RESULTS — 10x m5.large Horizontal OPTIMIZED
[14:15:02.418]   Total Time:    72.31s (1.21 min)
[14:15:02.418]   Split Time:    1.57s
[14:15:02.418]   Parallel Time: 70.74s (1.18 min)
[14:15:02.418] ============================================================
