[21:41:21.146] ======================================================================
[21:41:21.146] CONFIGURATION
[21:41:21.146]   Instance type:  m5.large → effective: m5.large
[21:41:21.146]   Strategy:       horizontal
[21:41:21.146]   Codec:          libvpx-vp9
[21:41:21.146]   Threads:        5
[21:41:21.146]   Region:         us-east-1
[21:41:21.146]   AMI:            ami-06c7c20c67513469a
[21:41:21.146]   Architecture:   x86_64
[21:41:21.146]   Runs:           30
[21:41:21.146] ======================================================================
[21:41:21.146] === Phase 3.2 Horizontal: 10x m5.large ===
[21:41:21.146] AMI: ami-06c7c20c67513469a | Codec: libvpx-vp9 | Threads: 5 | Runs: 30
[21:41:21.146] --- Horizontal Run 1/30 ---
[21:41:21.146] [Setup] Splitting video...
[21:43:04.708] Horizontal Run 1 completed in 103.56s
[21:43:04.709] --- Horizontal Run 2/30 ---
[21:43:04.709] [Setup] Splitting video...
[21:44:02.698] Horizontal Run 2 completed in 57.99s
[21:44:02.698] --- Horizontal Run 3/30 ---
[21:44:02.699] [Setup] Splitting video...
[21:45:00.550] Horizontal Run 3 completed in 57.85s
[21:45:00.550] --- Horizontal Run 4/30 ---
[21:45:00.550] [Setup] Splitting video...
[21:45:59.809] Horizontal Run 4 completed in 59.26s
[21:45:59.810] --- Horizontal Run 5/30 ---
[21:45:59.810] [Setup] Splitting video...
[21:46:57.159] Horizontal Run 5 completed in 57.35s
[21:46:57.159] --- Horizontal Run 6/30 ---
[21:46:57.159] [Setup] Splitting video...
[21:47:56.343] Horizontal Run 6 completed in 59.18s
[21:47:56.344] --- Horizontal Run 7/30 ---
[21:47:56.344] [Setup] Splitting video...
[21:48:53.667] Horizontal Run 7 completed in 57.32s
[21:48:53.668] --- Horizontal Run 8/30 ---
[21:48:53.668] [Setup] Splitting video...
[21:49:51.532] Horizontal Run 8 completed in 57.86s
[21:49:51.532] --- Horizontal Run 9/30 ---
[21:49:51.532] [Setup] Splitting video...
[21:50:48.990] Horizontal Run 9 completed in 57.46s
[21:50:48.990] --- Horizontal Run 10/30 ---
[21:50:48.990] [Setup] Splitting video...
[21:51:46.992] Horizontal Run 10 completed in 58.00s
[21:51:46.992] --- Horizontal Run 11/30 ---
[21:51:46.992] [Setup] Splitting video...
[21:52:45.806] Horizontal Run 11 completed in 58.81s
[21:52:45.806] --- Horizontal Run 12/30 ---
[21:52:45.806] [Setup] Splitting video...
[21:53:43.100] Horizontal Run 12 completed in 57.29s
[21:53:43.101] --- Horizontal Run 13/30 ---
[21:53:43.101] [Setup] Splitting video...
[21:54:47.105] Horizontal Run 13 completed in 64.00s
[21:54:47.105] --- Horizontal Run 14/30 ---
[21:54:47.105] [Setup] Splitting video...
[21:55:44.741] Horizontal Run 14 completed in 57.64s
[21:55:44.741] --- Horizontal Run 15/30 ---
[21:55:44.741] [Setup] Splitting video...
[21:56:44.290] Horizontal Run 15 completed in 59.55s
[21:56:44.291] --- Horizontal Run 16/30 ---
[21:56:44.291] [Setup] Splitting video...
[21:57:41.744] Horizontal Run 16 completed in 57.45s
[21:57:41.744] --- Horizontal Run 17/30 ---
[21:57:41.744] [Setup] Splitting video...
[21:58:39.102] Horizontal Run 17 completed in 57.36s
[21:58:39.103] --- Horizontal Run 18/30 ---
[21:58:39.103] [Setup] Splitting video...
[21:59:38.273] Horizontal Run 18 completed in 59.17s
[21:59:38.273] --- Horizontal Run 19/30 ---
[21:59:38.273] [Setup] Splitting video...
[22:00:38.191] Horizontal Run 19 completed in 59.92s
[22:00:38.192] --- Horizontal Run 20/30 ---
[22:00:38.192] [Setup] Splitting video...
[22:01:38.322] Horizontal Run 20 completed in 60.13s
[22:01:38.322] --- Horizontal Run 21/30 ---
[22:01:38.322] [Setup] Splitting video...
[22:02:36.196] Horizontal Run 21 completed in 57.87s
[22:02:36.197] --- Horizontal Run 22/30 ---
[22:02:36.197] [Setup] Splitting video...
[22:03:34.382] Horizontal Run 22 completed in 58.19s
[22:03:34.382] --- Horizontal Run 23/30 ---
[22:03:34.382] [Setup] Splitting video...
[22:04:35.642] Horizontal Run 23 completed in 61.26s
[22:04:35.642] --- Horizontal Run 24/30 ---
[22:04:35.642] [Setup] Splitting video...
[22:05:34.623] Horizontal Run 24 completed in 58.98s
[22:05:34.624] --- Horizontal Run 25/30 ---
[22:05:34.624] [Setup] Splitting video...
[22:06:33.160] Horizontal Run 25 completed in 58.54s
[22:06:33.161] --- Horizontal Run 26/30 ---
[22:06:33.161] [Setup] Splitting video...
[22:07:35.252] Horizontal Run 26 completed in 62.09s
[22:07:35.252] --- Horizontal Run 27/30 ---
[22:07:35.252] [Setup] Splitting video...
[22:08:33.042] Horizontal Run 27 completed in 57.79s
[22:08:33.042] --- Horizontal Run 28/30 ---
[22:08:33.042] [Setup] Splitting video...
[22:09:31.488] Horizontal Run 28 completed in 58.45s
[22:09:31.488] --- Horizontal Run 29/30 ---
[22:09:31.488] [Setup] Splitting video...
[22:10:29.838] Horizontal Run 29 completed in 58.35s
[22:10:29.838] --- Horizontal Run 30/30 ---
[22:10:29.838] [Setup] Splitting video...
[22:11:28.896] Horizontal Run 30 completed in 59.06s
[22:11:28.900] 
======================================================================
[22:11:28.900] AGGREGATE RESULTS — 30/30 successful runs
[22:11:28.900]   Instance:  m5.large | Strategy: horizontal
[22:11:28.900]   Codec:     libvpx-vp9
[22:11:28.901]   Mean:      60.26s
[22:11:28.901]   Median:    58.40s
[22:11:28.901]   Stdev:     8.32s
[22:11:28.901]   Min:       57.29s
[22:11:28.901]   Max:       103.56s
[22:11:28.901] ======================================================================
