[03:04:42.926] ======================================================================
[03:04:42.927] CONFIGURATION
[03:04:42.927]   Instance type:  m5.large → effective: m5.large
[03:04:42.927]   Strategy:       horizontal
[03:04:42.927]   Codec:          libvpx-vp9
[03:04:42.927]   Threads:        5
[03:04:42.927]   Region:         us-east-1
[03:04:42.927]   AMI:            ami-06c7c20c67513469a
[03:04:42.927]   Architecture:   x86_64
[03:04:42.927]   Runs:           30
[03:04:42.927] ======================================================================
[03:04:42.927] === Phase 3.2 Horizontal: 10x m5.large ===
[03:04:42.927] AMI: ami-06c7c20c67513469a | Codec: libvpx-vp9 | Threads: 5 | Runs: 30
[03:04:42.927] --- Horizontal Run 1/30 ---
[03:04:42.927] [Setup] Splitting video...
[03:05:41.480] Horizontal Run 1 completed in 58.55s
[03:05:41.481] --- Horizontal Run 2/30 ---
[03:05:41.481] [Setup] Splitting video...
[03:06:40.310] Horizontal Run 2 completed in 58.83s
[03:06:40.310] --- Horizontal Run 3/30 ---
[03:06:40.311] [Setup] Splitting video...
[03:07:55.566] Horizontal Run 3 completed in 75.26s
[03:07:55.566] --- Horizontal Run 4/30 ---
[03:07:55.566] [Setup] Splitting video...
[03:09:10.608] Horizontal Run 4 completed in 75.04s
[03:09:10.608] --- Horizontal Run 5/30 ---
[03:09:10.608] [Setup] Splitting video...
[03:10:07.606] Horizontal Run 5 completed in 57.00s
[03:10:07.606] --- Horizontal Run 6/30 ---
[03:10:07.606] [Setup] Splitting video...
[03:11:09.936] Horizontal Run 6 completed in 62.33s
[03:11:09.936] --- Horizontal Run 7/30 ---
[03:11:09.936] [Setup] Splitting video...
[03:12:15.498] Horizontal Run 7 completed in 65.56s
[03:12:15.498] --- Horizontal Run 8/30 ---
[03:12:15.498] [Setup] Splitting video...
[03:13:19.544] Horizontal Run 8 completed in 64.05s
[03:13:19.545] --- Horizontal Run 9/30 ---
[03:13:19.545] [Setup] Splitting video...
[03:14:21.680] Horizontal Run 9 completed in 62.14s
[03:14:21.680] --- Horizontal Run 10/30 ---
[03:14:21.680] [Setup] Splitting video...
[03:15:26.244] Horizontal Run 10 completed in 64.56s
[03:15:26.244] --- Horizontal Run 11/30 ---
[03:15:26.244] [Setup] Splitting video...
[03:16:31.461] Horizontal Run 11 completed in 65.22s
[03:16:31.462] --- Horizontal Run 12/30 ---
[03:16:31.462] [Setup] Splitting video...
[03:17:36.431] Horizontal Run 12 completed in 64.97s
[03:17:36.431] --- Horizontal Run 13/30 ---
[03:17:36.431] [Setup] Splitting video...
[03:18:40.727] Horizontal Run 13 completed in 64.30s
[03:18:40.728] --- Horizontal Run 14/30 ---
[03:18:40.728] [Setup] Splitting video...
[03:20:20.803] Horizontal Run 14 completed in 100.08s
[03:20:20.803] --- Horizontal Run 15/30 ---
[03:20:20.804] [Setup] Splitting video...
[03:21:18.207] Horizontal Run 15 completed in 57.40s
[03:21:18.207] --- Horizontal Run 16/30 ---
[03:21:18.208] [Setup] Splitting video...
[03:22:15.964] Horizontal Run 16 completed in 57.76s
[03:22:15.964] --- Horizontal Run 17/30 ---
[03:22:15.964] [Setup] Splitting video...
[03:23:12.594] Horizontal Run 17 completed in 56.63s
[03:23:12.595] --- Horizontal Run 18/30 ---
[03:23:12.595] [Setup] Splitting video...
[03:24:09.365] Horizontal Run 18 completed in 56.77s
[03:24:09.365] --- Horizontal Run 19/30 ---
[03:24:09.365] [Setup] Splitting video...
[03:25:06.233] Horizontal Run 19 completed in 56.87s
[03:25:06.234] --- Horizontal Run 20/30 ---
[03:25:06.234] [Setup] Splitting video...
[03:26:03.469] Horizontal Run 20 completed in 57.24s
[03:26:03.470] --- Horizontal Run 21/30 ---
[03:26:03.470] [Setup] Splitting video...
[03:27:00.808] Horizontal Run 21 completed in 57.34s
[03:27:00.808] --- Horizontal Run 22/30 ---
[03:27:00.808] [Setup] Splitting video...
[03:27:57.516] Horizontal Run 22 completed in 56.71s
[03:27:57.516] --- Horizontal Run 23/30 ---
[03:27:57.516] [Setup] Splitting video...
[03:28:54.174] Horizontal Run 23 completed in 56.66s
[03:28:54.174] --- Horizontal Run 24/30 ---
[03:28:54.174] [Setup] Splitting video...
[03:29:50.946] Horizontal Run 24 completed in 56.77s
[03:29:50.946] --- Horizontal Run 25/30 ---
[03:29:50.946] [Setup] Splitting video...
[03:30:47.705] Horizontal Run 25 completed in 56.76s
[03:30:47.706] --- Horizontal Run 26/30 ---
[03:30:47.706] [Setup] Splitting video...
[03:31:44.706] Horizontal Run 26 completed in 57.00s
[03:31:44.706] --- Horizontal Run 27/30 ---
[03:31:44.706] [Setup] Splitting video...
[03:32:41.226] Horizontal Run 27 completed in 56.52s
[03:32:41.226] --- Horizontal Run 28/30 ---
[03:32:41.226] [Setup] Splitting video...
[03:33:37.976] Horizontal Run 28 completed in 56.75s
[03:33:37.977] --- Horizontal Run 29/30 ---
[03:33:37.977] [Setup] Splitting video...
[03:34:34.817] Horizontal Run 29 completed in 56.84s
[03:34:34.817] --- Horizontal Run 30/30 ---
[03:34:34.817] [Setup] Splitting video...
[03:35:31.249] Horizontal Run 30 completed in 56.43s
[03:35:31.251] 
======================================================================
[03:35:31.251] AGGREGATE RESULTS — 30/30 successful runs
[03:35:31.251]   Instance:  m5.large | Strategy: horizontal
[03:35:31.251]   Codec:     libvpx-vp9
[03:35:31.252]   Mean:      61.61s
[03:35:31.252]   Median:    57.37s
[03:35:31.252]   Stdev:     8.91s
[03:35:31.252]   Min:       56.43s
[03:35:31.252]   Max:       100.08s
[03:35:31.252] ======================================================================
