[13:54:28.196] ======================================================================
[13:54:28.196] CONFIGURATION
[13:54:28.196]   Instance type:  c5.large → effective: c5.large
[13:54:28.196]   Strategy:       horizontal
[13:54:28.196]   Codec:          libx265
[13:54:28.196]   Threads:        5
[13:54:28.196]   Region:         us-east-1
[13:54:28.196]   AMI:            ami-06c7c20c67513469a
[13:54:28.196]   Architecture:   x86_64
[13:54:28.196]   Family:         C
[13:54:28.196]   Runs:           1
[13:54:28.196]   Chunks:         10
[13:54:28.196] ======================================================================
[13:54:28.196] 
######################################################################
[13:54:28.196] RUN 1/1
[13:54:28.196] ######################################################################

[13:54:28.196] === Phase 3.2 Horizontal: 10x c5.large ===
[13:54:28.196] AMI: ami-06c7c20c67513469a | Codec: libx265 | Threads: 5
[13:54:28.196] Region: us-east-1 | Max workers: 10
[13:54:28.196] [Setup] Starting video split...
[13:54:28.318] [Setup] Video: 600.0s → 10 parts of 60.0s each
[13:54:30.549] [Setup] Video split complete.
[13:54:30.550] [Summary] SPLIT TIME: 2.35s
[13:54:32.860] [Part 05] Launching c5.large...
[13:54:32.883] [Part 06] Launching c5.large...
[13:54:32.875] [Part 03] Launching c5.large...[13:54:32.921] [Part 00] Launching c5.large...
[13:54:32.952] [Part 04] Launching c5.large...

[13:54:32.965] [Part 02] Launching c5.large...
[13:54:33.006] [Part 01] Launching c5.large...
[13:54:33.018] [Part 07] Launching c5.large...
[13:54:33.036] [Part 08] Launching c5.large...
[13:54:33.072] [Part 09] Launching c5.large...
[13:54:52.231] [Part 05] Instance up in 21.7s. IP: 100.30.189.195
[13:54:52.247] [Part 01] Instance up in 21.7s. IP: 54.234.216.96
[13:54:52.253] [Part 06] Instance up in 21.7s. IP: 34.229.241.37
[13:54:52.324] [Part 04] Instance up in 21.8s. IP: 184.73.113.122
[13:54:52.328] [Part 00] Instance up in 21.8s. IP: 13.217.45.56
[13:54:52.338] [Part 03] Instance up in 21.8s. IP: 54.144.32.73
[13:54:52.354] [Part 09] Instance up in 21.8s. IP: 98.93.137.219
[13:54:52.378] [Part 02] Instance up in 21.8s. IP: 3.81.117.109
[13:54:52.388] [Part 08] Instance up in 21.8s. IP: 18.207.165.143
[13:54:52.397] [Part 07] Instance up in 21.8s. IP: 54.145.147.209
[13:55:24.498] [Part 06] WARNING: CPU mismatch! Got: Intel(R) Xeon(R) Platinum 8124M CPU @ 3.00GHz
[13:55:24.596] [Part 05] WARNING: CPU mismatch! Got: Intel(R) Xeon(R) Platinum 8124M CPU @ 3.00GHz
[13:55:24.977] [Part 03] WARNING: CPU mismatch! Got: Intel(R) Xeon(R) Platinum 8124M CPU @ 3.00GHz
[13:55:25.082] [Part 06] Uploading segment...
[13:55:25.086] [Part 00] WARNING: CPU mismatch! Got: Intel(R) Xeon(R) Platinum 8124M CPU @ 3.00GHz
[13:55:25.101] [Part 09] WARNING: CPU mismatch! Got: Intel(R) Xeon(R) Platinum 8124M CPU @ 3.00GHz
[13:55:25.111] [Part 08] WARNING: CPU mismatch! Got: Intel(R) Xeon(R) Platinum 8124M CPU @ 3.00GHz
[13:55:25.115] [Part 01] WARNING: CPU mismatch! Got: Intel(R) Xeon(R) Platinum 8124M CPU @ 3.00GHz
[13:55:25.127] [Part 02] WARNING: CPU mismatch! Got: Intel(R) Xeon(R) Platinum 8124M CPU @ 3.00GHz
[13:55:25.171] [Part 04] WARNING: CPU mismatch! Got: Intel(R) Xeon(R) Platinum 8124M CPU @ 3.00GHz
[13:55:25.185] [Part 07] WARNING: CPU mismatch! Got: Intel(R) Xeon(R) Platinum 8124M CPU @ 3.00GHz
[13:55:25.202] [Part 05] Uploading segment...
[13:55:25.469] [Part 03] Uploading segment...
[13:55:25.564] [Part 00] Uploading segment...
[13:55:25.594] [Part 09] Uploading segment...
[13:55:25.613] [Part 08] Uploading segment...
[13:55:25.620] [Part 01] Uploading segment...
[13:55:25.624] [Part 02] Uploading segment...
[13:55:25.658] [Part 04] Uploading segment...
[13:55:25.687] [Part 07] Uploading segment...
[13:55:27.771] [Part 06] Running compression...
[13:55:33.074] [Part 03] Running compression...
[13:55:33.127] [Part 08] Running compression...
[13:55:34.010] [Part 05] Running compression...
[13:55:34.738] [Part 09] Running compression...
[13:55:34.924] [Part 01] Running compression...
[13:55:35.591] [Part 07] Running compression...
[13:55:35.614] [Part 00] Running compression...
[13:55:35.817] [Part 02] Running compression...
[13:55:36.022] [Part 04] Running compression...
[13:56:02.070] [Part 06] Encoding done in 34.3s. Downloading...
[13:56:05.008] [Part 01] Encoding done in 30.1s. Downloading...
[13:56:07.386] [Part 09] Encoding done in 32.6s. Downloading...
[13:56:07.566] [Part 08] Encoding done in 34.4s. Downloading...
[13:56:08.323] [Part 05] Encoding done in 34.3s. Downloading...
[13:56:10.476] [Part 03] Encoding done in 37.4s. Downloading...
[13:56:10.589] [Part 06] Part complete!
[13:56:11.251] [Part 02] Encoding done in 35.4s. Downloading...
[13:56:11.680] [Part 00] Encoding done in 36.1s. Downloading...[13:56:11.681] [Part 06] Instance terminated.

[13:56:11.713] [Part 04] Encoding done in 35.7s. Downloading...
[13:56:12.237] [Part 07] Encoding done in 36.6s. Downloading...
[13:56:18.219] [Part 03] Part complete!
[13:56:19.454] [Part 03] Instance terminated.
[13:56:26.017] [Part 08] Part complete!
[13:56:27.285] [Part 08] Instance terminated.
[13:56:35.420] [Part 00] Part complete!
[13:56:36.004] [Part 04] Part complete!
[13:56:36.326] [Part 02] Part complete!
[13:56:36.466] [Part 00] Instance terminated.
[13:56:36.981] [Part 05] Part complete!
[13:56:36.997] [Part 01] Part complete!
[13:56:37.052] [Part 04] Instance terminated.
[13:56:37.633] [Part 02] Instance terminated.
[13:56:38.016] [Part 09] Part complete!
[13:56:38.461] [Part 01] Instance terminated.
[13:56:38.498] [Part 05] Instance terminated.
[13:56:39.282] [Part 09] Instance terminated.
[13:56:47.326] [Part 07] Part complete!
[13:56:48.352] [Part 07] Instance terminated.
[13:56:48.358] ============================================================
[13:56:48.358] RESULTS — 10x c5.large | libx265
[13:56:48.358]   Total Time:    140.16s  (2.336 min)
[13:56:48.358]   Split Time:    2.35s
[13:56:48.359]   Parallel Time: 137.81s  (2.297 min)
[13:56:48.359]   Setup Overhead: ~2.35s + 30s SSH wait per instance
[13:56:48.359] ============================================================
[13:56:48.378] 
======================================================================
[13:56:48.378] AGGREGATE RESULTS — 1 runs
[13:56:48.379]   Instance:  c5.large | Strategy: horizontal
[13:56:48.379]   Codec:     libx265 | Region: us-east-1
[13:56:48.380]   Mean:      140.16s (2.336 min)
[13:56:48.380]   Median:    140.16s (2.336 min)
[13:56:48.381]   Min:       140.16s
[13:56:48.381]   Max:       140.16s
[13:56:48.381]   Clean runs: 1/1
[13:56:48.381] ======================================================================
