[07:29:48.778] === Chunk Sensitivity: 5x t3.micro (120s/chunk) ===
[07:29:48.778] AMI: ami-0a19e2d694753754b | Codec: libx264 | Threads: 5
[07:29:48.778] [Setup] Starting video split...
[07:29:48.840] [Setup] Video: 600.0s → 5 parts of 120.0s each
[07:29:50.079] [Setup] Video split complete.
[07:29:50.079] [Summary] SPLIT TIME: 1.30s
[07:29:50.486] [Part 04] Launching t3.micro...
[07:29:50.561] [Part 01] Launching t3.micro...
[07:29:50.571] [Part 03] Launching t3.micro...
[07:29:50.588] [Part 00] Launching t3.micro...
[07:29:50.599] [Part 02] Launching t3.micro...
[07:30:08.207] [Part 01] Instance up in 17.6s. IP: 34.229.204.142
[07:30:08.227] [Part 03] Instance up in 17.7s. IP: 54.157.20.123
[07:30:08.273] [Part 00] Instance up in 17.7s. IP: 18.234.170.210
[07:30:08.594] [Part 04] Instance up in 18.1s. IP: 54.226.174.200
[07:30:08.684] [Part 02] Instance up in 18.1s. IP: 3.89.228.221
[07:30:41.199] [Part 01] Uploading segment...
[07:30:41.241] [Part 00] Uploading segment...
[07:30:41.289] [Part 03] Uploading segment...
[07:30:41.685] [Part 02] Uploading segment...
[07:30:41.737] [Part 04] Uploading segment...
[07:30:44.616] [Part 01] Running compression...
[07:30:44.775] [Part 00] Running compression...
[07:30:46.464] [Part 03] Running compression...
[07:30:48.823] [Part 02] Running compression...
[07:30:53.932] [Part 04] Running compression...
[07:31:25.136] [Part 00] Encoding done in 40.4s. Downloading...
[07:31:27.439] [Part 01] Encoding done in 42.8s. Downloading...
[07:31:29.436] [Part 03] Encoding done in 43.0s. Downloading...
[07:31:29.571] [Part 02] Encoding done in 40.7s. Downloading...
[07:31:33.353] [Part 02] Part complete!
[07:31:33.578] [Part 04] Encoding done in 39.6s. Downloading...
[07:31:34.368] [Part 02] Instance terminated.
[07:31:38.402] [Part 04] Part complete!
[07:31:38.719] [Part 03] Part complete!
[07:31:39.435] [Part 04] Instance terminated.
[07:31:40.244] [Part 03] Instance terminated.
[07:31:41.837] [Part 00] Part complete!
[07:31:42.874] [Part 00] Instance terminated.
[07:31:50.260] [Part 01] Part complete!
[07:31:51.245] [Part 01] Instance terminated.
[07:31:51.248] ============================================================
[07:31:51.248] RESULTS — 5x t3.micro | 120s/chunk
[07:31:51.248]   Total Time:    122.47s  (2.041 min)
[07:31:51.248]   Split Time:    1.30s
[07:31:51.249]   Parallel Time: 121.17s  (2.019 min)
[07:31:51.249]   Setup Overhead: ~1.30s + 30s SSH wait per instance
[07:31:51.249] ============================================================
